2025-04-29 11:14:43,021 [INFO] root - 程序启动，日志文件: C:\Users\mengy\Desktop\ZK_LogicBom_Builder\logs\log_20250429_111443.log
2025-04-29 11:14:43,262 [INFO] __main__ - 正在启动程序...
2025-04-29 11:14:43,262 [DEBUG] __main__ - Python版本: 3.13.2 (tags/v3.13.2:4f8bb39, Feb  4 2025, 15:23:48) [MSC v.1942 64 bit (AMD64)]
2025-04-29 11:14:43,262 [DEBUG] __main__ - 当前工作目录: C:\Users\mengy\Desktop\ZK_LogicBom_Builder
2025-04-29 11:14:43,262 [DEBUG] __main__ - src_dir路径: c:\Users\mengy\Desktop\ZK_LogicBom_Builder
2025-04-29 11:14:43,285 [INFO] __main__ - 正在创建语言选择对话框...
2025-04-29 11:14:44,834 [INFO] gui.language_dialog_tk - 已选择语言: zh
2025-04-29 11:14:44,860 [INFO] __main__ - 语言选择结果: zh
2025-04-29 11:14:44,860 [INFO] __main__ - 正在创建主题选择对话框...
2025-04-29 11:14:44,860 [DEBUG] gui.theme_dialog_tk - 创建主题选择对话框
2025-04-29 11:14:44,869 [DEBUG] gui.theme_dialog_tk - 主题选择对话框创建完成
2025-04-29 11:14:45,785 [DEBUG] gui.theme_dialog_tk - 用户选择了light主题
2025-04-29 11:14:45,804 [INFO] __main__ - 主题选择结果: light
2025-04-29 11:14:45,817 [INFO] __main__ - 正在配置主窗口...
2025-04-29 11:14:45,927 [INFO] __main__ - 开始创建MainWindow实例...
2025-04-29 11:14:45,928 [INFO] core.logic_builder - 已加载 2 条规则
2025-04-29 11:14:45,958 [INFO] gui.logic_panel - 规则未加载状态，等待用户确认后再加载规则
2025-04-29 11:14:45,964 [INFO] __main__ - MainWindow实例创建完成
2025-04-29 11:14:46,256 [INFO] __main__ - 开始mainloop()...
2025-04-29 11:14:47,868 [INFO] core.config_processor - 找到工作表: ['1.Kabine']
2025-04-29 11:14:47,868 [INFO] core.config_processor - 处理工作表: 1.Kabine -> 模块: 1.Kabine
2025-04-29 11:14:47,890 [INFO] gui.config_panel - 成功导入配置文件: C:/Users/mengy/Desktop/Kabinemekrmal(Test).xlsx
2025-04-29 11:14:47,892 [INFO] gui.main_window_tk - 成功保存配置文件路径到app_config.json: C:/Users/mengy/Desktop/Kabinemekrmal(Test).xlsx
2025-04-29 11:14:47,893 [INFO] gui.config_panel - 已保存配置文件路径到app_config.json: C:/Users/mengy/Desktop/Kabinemekrmal(Test).xlsx
2025-04-29 11:14:48,951 [INFO] core.bom_processor - 开始导入BOM文件: C:/Users/mengy/Desktop/Bom.xlsx
2025-04-29 11:14:48,952 [INFO] core.bom_processor - 已清空现有数据
2025-04-29 11:14:48,952 [INFO] core.bom_processor - 正在读取Excel文件...
2025-04-29 11:14:48,957 [INFO] core.bom_processor - 成功打开Excel文件，包含以下工作表: ['Max-Gruppe']
2025-04-29 11:14:48,958 [INFO] core.bom_processor - 正在读取 Max-Gruppe 工作表...
2025-04-29 11:14:48,972 [INFO] core.bom_processor - 成功读取工作表，共 154 行数据
2025-04-29 11:14:48,973 [INFO] core.bom_processor - 所有必需列均存在，开始处理数据...
2025-04-29 11:14:48,974 [INFO] core.bom_processor - 过滤空层级后剩余 153 行数据
2025-04-29 11:14:48,974 [INFO] core.bom_processor - 
开始处理数据...
2025-04-29 11:14:48,978 [INFO] core.bom_processor - 
数据处理完成，成功处理 {processed_count} 行数据
2025-04-29 11:14:48,978 [INFO] core.bom_processor - 第 1 级节点数量: 1
2025-04-29 11:14:48,978 [INFO] core.bom_processor - 第 2 级节点数量: 133
2025-04-29 11:14:48,978 [INFO] core.bom_processor - 第 3 级节点数量: 19
2025-04-29 11:14:48,979 [INFO] core.bom_processor - BOM文件导入成功，共处理 153 个项目
2025-04-29 11:14:48,979 [INFO] gui.bom_panel - 成功导入BOM文件: C:/Users/mengy/Desktop/Bom.xlsx
2025-04-29 11:14:48,979 [INFO] gui.bom_panel - 开始刷新树状图
2025-04-29 11:14:48,980 [INFO] gui.bom_panel - 树状图刷新完成
2025-04-29 11:14:48,982 [INFO] gui.main_window_tk - 成功保存BOM文件路径到app_config.json: C:/Users/mengy/Desktop/Bom.xlsx
2025-04-29 11:14:48,982 [INFO] gui.bom_panel - 已保存BOM文件路径到app_config.json: C:/Users/mengy/Desktop/Bom.xlsx
2025-04-29 11:14:50,182 [INFO] gui.main_window_tk - 用户确认加载规则，设置规则已加载标志为True
2025-04-29 11:14:50,183 [INFO] core.logic_builder - 准备从临时文件加载规则: C:\Users\mengy\Desktop\ZK_LogicBom_Builder\data\temp_rules_latest.json
2025-04-29 11:14:50,183 [INFO] gui.logic_panel - 收到规则变更事件: type=imported, rule_id=None
2025-04-29 11:14:50,184 [INFO] gui.logic_panel - 规则已加载状态，开始更新已保存规则框架
2025-04-29 11:14:50,184 [INFO] gui.logic_panel - 开始加载规则到已保存规则框架
2025-04-29 11:14:50,184 [DEBUG] gui.logic_panel - 从LogicBuilder获取到 2 条规则
2025-04-29 11:14:50,185 [DEBUG] gui.logic_panel - 添加规则ID: 1 到已使用集合
2025-04-29 11:14:50,185 [DEBUG] gui.logic_panel - 添加规则ID: 2 到已使用集合
2025-04-29 11:14:50,185 [INFO] gui.logic_panel - 成功加载 2 条规则到已保存规则框架
2025-04-29 11:14:50,186 [INFO] core.logic_builder - 从临时文件加载规则完成
2025-04-29 11:14:50,186 [INFO] gui.main_window_tk - 开始刷新逻辑面板显示
2025-04-29 11:14:50,186 [INFO] gui.logic_panel - 开始加载规则到已保存规则框架
2025-04-29 11:14:50,186 [DEBUG] gui.logic_panel - 从LogicBuilder获取到 2 条规则
2025-04-29 11:14:50,186 [DEBUG] gui.logic_panel - 添加规则ID: 1 到已使用集合
2025-04-29 11:14:50,187 [DEBUG] gui.logic_panel - 添加规则ID: 2 到已使用集合
2025-04-29 11:14:50,187 [INFO] gui.logic_panel - 成功加载 2 条规则到已保存规则框架
2025-04-29 11:14:50,187 [INFO] gui.main_window_tk - 逻辑面板显示刷新完成
2025-04-29 11:14:58,193 [DEBUG] gui.config_panel - ConfigPanel: 双击选中项 ID: I014
2025-04-29 11:14:58,193 [DEBUG] gui.config_panel - ConfigPanel: 选中项文本: K-200-000344 ohne Wertfach
2025-04-29 11:14:58,194 [DEBUG] gui.config_panel - ConfigPanel: 提取的代码: K-200-000344
2025-04-29 11:14:58,194 [INFO] gui.config_panel - ConfigPanel: 准备插入特征值: K-200-000344
2025-04-29 11:14:58,194 [DEBUG] gui.config_panel - ConfigPanel: 获取根窗口成功
2025-04-29 11:14:58,194 [DEBUG] gui.config_panel - ConfigPanel: 获取MainWindow实例成功
2025-04-29 11:14:58,194 [DEBUG] gui.config_panel - ConfigPanel: 找到逻辑面板
2025-04-29 11:14:58,194 [DEBUG] gui.logic_panel - LogicPanel: 开始插入代码: K-200-000344
2025-04-29 11:14:58,195 [INFO] gui.logic_panel - LogicPanel: 输入历史 - 类型: K_code, 内容: K-200-000344, 当前表达式: K-200-000344 
2025-04-29 11:14:58,195 [INFO] gui.config_panel - ConfigPanel: 成功发送代码到逻辑面板: K-200-000344
2025-04-29 11:14:59,137 [INFO] gui.logic_panel - LogicPanel: 输入历史 - 类型: operator, 内容: →, 当前表达式: K-200-000344  → 
2025-04-29 11:15:00,787 [DEBUG] gui.bom_panel - BomPanel: 双击选中项 ID: I08E
2025-04-29 11:15:00,787 [DEBUG] gui.bom_panel - BomPanel: 选中项文本: [2] PL-Beleuchtung
2025-04-29 11:15:03,212 [DEBUG] gui.bom_panel - BomPanel: 双击选中项 ID: I08F
2025-04-29 11:15:03,213 [DEBUG] gui.bom_panel - BomPanel: 选中项文本: 1003568 - 1234
5678灯具
2025-04-29 11:15:03,214 [DEBUG] gui.bom_panel - BomPanel: 提取到Baugruppe: 1003568
2025-04-29 11:15:03,215 [DEBUG] gui.bom_panel - BomPanel: 提取到占位符: PL-Beleuchtung
2025-04-29 11:15:03,215 [DEBUG] gui.bom_panel - BomPanel: 构建的BOM码: PL-Beleuchtung-1003568
2025-04-29 11:15:03,216 [DEBUG] gui.bom_panel - BomPanel: 获取根窗口成功
2025-04-29 11:15:03,217 [DEBUG] gui.bom_panel - BomPanel: 获取MainWindow实例成功
2025-04-29 11:15:03,217 [DEBUG] gui.bom_panel - BomPanel: 找到逻辑面板
2025-04-29 11:15:03,218 [DEBUG] gui.logic_panel - LogicPanel: 开始插入代码: PL-Beleuchtung-1003568
2025-04-29 11:15:03,219 [DEBUG] gui.logic_panel - 验证BOM码: PL-Beleuchtung-1003568
2025-04-29 11:15:03,219 [INFO] gui.logic_panel - LogicPanel: 输入历史 - 类型: BOM_code, 内容: PL-Beleuchtung-1003568, 当前表达式: K-200-000344  → PL-Beleuchtung-1003568 
2025-04-29 11:15:03,220 [INFO] gui.bom_panel - BomPanel: 成功发送代码到逻辑面板: PL-Beleuchtung-1003568
2025-04-29 11:15:03,221 [INFO] gui.bom_panel - BomPanel: 成功插入BOM码: PL-Beleuchtung-1003568
2025-04-29 11:15:04,234 [DEBUG] core.logic_builder - 规则数据已保存到临时文件
2025-04-29 11:15:04,235 [INFO] gui.logic_panel - 收到规则变更事件: type=added, rule_id=BL03
2025-04-29 11:15:04,236 [INFO] gui.logic_panel - 已添加新规则: BL03
2025-04-29 11:15:04,237 [ERROR] gui.logic_panel - 保存规则时出错: Item BL03 already exists
Traceback (most recent call last):
  File "c:\Users\mengy\Desktop\ZK_LogicBom_Builder\gui\logic_panel.py", line 715, in _save_rule
    self.tree.insert(
    ~~~~~~~~~~~~~~~~^
        "",
        ^^^
    ...<2 lines>...
        values=(rule_id, condition, f"→ {effect}", status_text)
        ^^^^^^^^^^^^^^^^^^^^^^^^^^^^^^^^^^^^^^^^^^^^^^^^^^^^^^^
    )
    ^
  File "D:\Python\Lib\tkinter\ttk.py", line 1346, in insert
    res = self.tk.call(self._w, "insert", parent, index,
        "-id", iid, *opts)
_tkinter.TclError: Item BL03 already exists
2025-04-29 11:25:58,234 [INFO] gui.logic_library_window - 已加载 3 条 BOM 逻辑关系规则
2025-04-29 11:26:05,684 [INFO] core.logic_builder - 开始导出规则数据
2025-04-29 11:26:05,685 [DEBUG] core.logic_builder - 已导出规则: ID=BL01
2025-04-29 11:26:05,686 [DEBUG] core.logic_builder - 已导出规则: ID=BL02
2025-04-29 11:26:05,686 [DEBUG] core.logic_builder - 已导出规则: ID=BL03
2025-04-29 11:26:05,688 [INFO] core.logic_builder - 规则数据已成功清空
2025-04-29 11:26:05,688 [INFO] gui.logic_panel - 收到规则变更事件: type=cleared, rule_id=None
2025-04-29 11:26:05,688 [INFO] gui.logic_panel - 已清空所有规则，重置规则已加载标志
2025-04-29 11:26:05,688 [INFO] core.logic_builder - 规则导出完成，共导出 3 条规则
