2025-04-23 09:42:04,165 [INFO] root - 程序启动，日志文件: C:\Users\mengy\Desktop\ZK_LogicBom_Builder\logs\log_20250423_094204.log
2025-04-23 09:42:04,401 [INFO] __main__ - 正在启动程序...
2025-04-23 09:42:04,401 [DEBUG] __main__ - Python版本: 3.13.2 (tags/v3.13.2:4f8bb39, Feb  4 2025, 15:23:48) [MSC v.1942 64 bit (AMD64)]
2025-04-23 09:42:04,401 [DEBUG] __main__ - 当前工作目录: C:\Users\mengy\Desktop\ZK_LogicBom_Builder
2025-04-23 09:42:04,401 [DEBUG] __main__ - src_dir路径: c:\Users\mengy\Desktop\ZK_LogicBom_Builder
2025-04-23 09:42:04,423 [INFO] __main__ - 正在创建语言选择对话框...
2025-04-23 09:42:06,595 [INFO] gui.language_dialog_tk - 已选择语言: zh
2025-04-23 09:42:06,631 [INFO] __main__ - 语言选择结果: zh
2025-04-23 09:42:06,631 [INFO] __main__ - 正在创建主题选择对话框...
2025-04-23 09:42:06,632 [DEBUG] gui.theme_dialog_tk - 创建主题选择对话框
2025-04-23 09:42:06,639 [DEBUG] gui.theme_dialog_tk - 主题选择对话框创建完成
2025-04-23 09:42:07,484 [DEBUG] gui.theme_dialog_tk - 用户选择了light主题
2025-04-23 09:42:07,498 [INFO] __main__ - 主题选择结果: light
2025-04-23 09:42:07,509 [INFO] __main__ - 正在配置主窗口...
2025-04-23 09:42:07,690 [INFO] __main__ - 开始创建MainWindow实例...
2025-04-23 09:42:07,692 [INFO] core.logic_builder - 已加载 6 条规则
2025-04-23 09:42:07,734 [INFO] __main__ - MainWindow实例创建完成
2025-04-23 09:42:08,018 [INFO] __main__ - 开始mainloop()...
2025-04-23 09:42:09,872 [INFO] core.config_processor - 找到工作表: ['TD', '0.模板&Vorlage', '1.Fahrgestell', '2.Fahrzeug allgemein', '3.Beschriftung&Kennzeichnung', '4. Anbauten&Fahrgestellarbeiten', '5. Fahrer_Mannschaftsraum', '6.Koffer', '7.Lichtmast', '8.Pumpenanlage', '9.Seilwinde&Generator', '10.Halterungen']
2025-04-23 09:42:09,873 [DEBUG] core.config_processor - 跳过工作表: TD
2025-04-23 09:42:09,873 [DEBUG] core.config_processor - 跳过工作表: 0.模板&Vorlage
2025-04-23 09:42:09,874 [INFO] core.config_processor - 处理工作表: 1.Fahrgestell -> 模块: 1.Fahrgestell
2025-04-23 09:42:09,892 [INFO] core.config_processor - 处理工作表: 2.Fahrzeug allgemein -> 模块: 2.Fahrzeug allgemein
2025-04-23 09:42:09,907 [INFO] core.config_processor - 处理工作表: 3.Beschriftung&Kennzeichnung -> 模块: 3.Beschriftung&Kennzeichnung
2025-04-23 09:42:09,923 [INFO] core.config_processor - 处理工作表: 4. Anbauten&Fahrgestellarbeiten -> 模块: 4.Anbauten&Fahrgestellarbeiten
2025-04-23 09:42:09,938 [INFO] core.config_processor - 处理工作表: 5. Fahrer_Mannschaftsraum -> 模块: 5.Fahrer_Mannschaftsraum
2025-04-23 09:42:09,958 [INFO] core.config_processor - 处理工作表: 6.Koffer -> 模块: 6.Koffer
2025-04-23 09:42:09,974 [INFO] core.config_processor - 处理工作表: 7.Lichtmast -> 模块: 7.Lichtmast
2025-04-23 09:42:09,988 [INFO] core.config_processor - 处理工作表: 8.Pumpenanlage -> 模块: 8.Pumpenanlage
2025-04-23 09:42:10,004 [INFO] core.config_processor - 处理工作表: 9.Seilwinde&Generator -> 模块: 9.Seilwinde&Generator
2025-04-23 09:42:10,019 [INFO] core.config_processor - 处理工作表: 10.Halterungen -> 模块: 10.Halterungen
2025-04-23 09:47:11,060 [INFO] gui.language_dialog_tk - 已选择语言: de
2025-04-23 09:47:19,375 [INFO] core.bom_processor - 开始导入BOM文件: C:/Users/mengy/Desktop/BOM映射表.xlsx
2025-04-23 09:47:19,381 [INFO] core.bom_processor - 找到工作表: ['MAX-gruppe', 'K码表', '配置', 'Sheet1']
2025-04-23 09:47:19,392 [INFO] core.bom_processor - BOM文件导入成功
2025-04-23 09:47:22,715 [DEBUG] gui.bom_panel - BomPanel: 双击选中项 ID: I009
2025-04-23 09:47:22,716 [DEBUG] gui.bom_panel - BomPanel: 选中项文本: [2] PL-GrundKabine 10019238 - Modulkabine Standard MAN Euro 6
Modul cabin standard MAN Euro 6
(Z-Cab NG Alpas 3 RAL XXXX
Z-Cab NG Alpas 3 RAL XXXX)
2025-04-23 09:47:22,717 [INFO] gui.bom_panel - BomPanel: 提取到占位符: PL-GrundKabine, Baugruppe码: 10019238
2025-04-23 09:47:22,717 [INFO] gui.bom_panel - BomPanel: 生成的代码: PL-GrundKabine-10019238
2025-04-23 09:47:22,718 [DEBUG] gui.bom_panel - BomPanel: 获取根窗口成功
2025-04-23 09:47:22,719 [DEBUG] gui.bom_panel - BomPanel: 获取MainWindow实例成功
2025-04-23 09:47:22,719 [DEBUG] gui.bom_panel - BomPanel: 找到逻辑面板
2025-04-23 09:47:22,720 [DEBUG] gui.logic_panel - LogicPanel: 开始插入代码: PL-GrundKabine-10019238
2025-04-23 09:47:24,592 [INFO] gui.bom_panel - BomPanel: 成功发送代码到逻辑面板: PL-GrundKabine-10019238
2025-04-23 09:47:26,125 [DEBUG] gui.config_panel - ConfigPanel: 双击选中项 ID: I03D
2025-04-23 09:47:26,126 [DEBUG] gui.config_panel - ConfigPanel: 选中项文本: K02_05_01 nein
2025-04-23 09:47:26,127 [DEBUG] gui.config_panel - ConfigPanel: 提取的代码: K02_05_01
2025-04-23 09:47:26,128 [INFO] gui.config_panel - ConfigPanel: 准备插入K码: K02_05_01
2025-04-23 09:47:26,128 [DEBUG] gui.config_panel - ConfigPanel: 获取根窗口成功
2025-04-23 09:47:26,129 [DEBUG] gui.config_panel - ConfigPanel: 获取MainWindow实例成功
2025-04-23 09:47:26,129 [DEBUG] gui.config_panel - ConfigPanel: 找到逻辑面板
2025-04-23 09:47:26,130 [DEBUG] gui.logic_panel - LogicPanel: 开始插入代码: K02_05_01
2025-04-23 09:47:26,130 [INFO] gui.config_panel - ConfigPanel: 成功发送代码到逻辑面板: K02_05_01
2025-04-23 09:47:26,433 [DEBUG] gui.config_panel - ConfigPanel: 双击选中项 ID: I03D
2025-04-23 09:47:26,434 [DEBUG] gui.config_panel - ConfigPanel: 选中项文本: K02_05_01 nein
2025-04-23 09:47:26,434 [DEBUG] gui.config_panel - ConfigPanel: 提取的代码: K02_05_01
2025-04-23 09:47:26,434 [INFO] gui.config_panel - ConfigPanel: 准备插入K码: K02_05_01
2025-04-23 09:47:26,435 [DEBUG] gui.config_panel - ConfigPanel: 获取根窗口成功
2025-04-23 09:47:26,435 [DEBUG] gui.config_panel - ConfigPanel: 获取MainWindow实例成功
2025-04-23 09:47:26,436 [DEBUG] gui.config_panel - ConfigPanel: 找到逻辑面板
2025-04-23 09:47:26,436 [DEBUG] gui.logic_panel - LogicPanel: 开始插入代码: K02_05_01
2025-04-23 09:47:26,437 [INFO] gui.config_panel - ConfigPanel: 成功发送代码到逻辑面板: K02_05_01
2025-04-23 09:47:26,637 [DEBUG] gui.config_panel - ConfigPanel: 双击选中项 ID: I03D
2025-04-23 09:47:26,638 [DEBUG] gui.config_panel - ConfigPanel: 选中项文本: K02_05_01 nein
2025-04-23 09:47:26,639 [DEBUG] gui.config_panel - ConfigPanel: 提取的代码: K02_05_01
2025-04-23 09:47:26,639 [INFO] gui.config_panel - ConfigPanel: 准备插入K码: K02_05_01
2025-04-23 09:47:26,640 [DEBUG] gui.config_panel - ConfigPanel: 获取根窗口成功
2025-04-23 09:47:26,641 [DEBUG] gui.config_panel - ConfigPanel: 获取MainWindow实例成功
2025-04-23 09:47:26,641 [DEBUG] gui.config_panel - ConfigPanel: 找到逻辑面板
2025-04-23 09:47:26,641 [DEBUG] gui.logic_panel - LogicPanel: 开始插入代码: K02_05_01
2025-04-23 09:47:26,642 [INFO] gui.config_panel - ConfigPanel: 成功发送代码到逻辑面板: K02_05_01
2025-04-23 09:47:26,813 [DEBUG] gui.config_panel - ConfigPanel: 双击选中项 ID: I03D
2025-04-23 09:47:26,814 [DEBUG] gui.config_panel - ConfigPanel: 选中项文本: K02_05_01 nein
2025-04-23 09:47:26,815 [DEBUG] gui.config_panel - ConfigPanel: 提取的代码: K02_05_01
2025-04-23 09:47:26,816 [INFO] gui.config_panel - ConfigPanel: 准备插入K码: K02_05_01
2025-04-23 09:47:26,816 [DEBUG] gui.config_panel - ConfigPanel: 获取根窗口成功
2025-04-23 09:47:26,817 [DEBUG] gui.config_panel - ConfigPanel: 获取MainWindow实例成功
2025-04-23 09:47:26,818 [DEBUG] gui.config_panel - ConfigPanel: 找到逻辑面板
2025-04-23 09:47:26,818 [DEBUG] gui.logic_panel - LogicPanel: 开始插入代码: K02_05_01
2025-04-23 09:47:26,819 [INFO] gui.config_panel - ConfigPanel: 成功发送代码到逻辑面板: K02_05_01
