2025-04-17 11:23:15,419 [INFO] root - 程序启动，日志文件: C:\Users\mengy\Desktop\ZK_LogicBom_Builder\logs\log_20250417_112315.log
2025-04-17 11:23:15,677 [INFO] __main__ - 正在启动程序...
2025-04-17 11:23:15,677 [DEBUG] __main__ - Python版本: 3.13.2 (tags/v3.13.2:4f8bb39, Feb  4 2025, 15:23:48) [MSC v.1942 64 bit (AMD64)]
2025-04-17 11:23:15,677 [DEBUG] __main__ - 当前工作目录: C:\Users\mengy\Desktop\ZK_LogicBom_Builder
2025-04-17 11:23:15,678 [DEBUG] __main__ - src_dir路径: c:\Users\mengy\Desktop\ZK_LogicBom_Builder
2025-04-17 11:23:15,699 [INFO] __main__ - 正在创建语言选择对话框...
2025-04-17 11:23:27,796 [INFO] gui.language_dialog_tk - 已选择语言: zh
2025-04-17 11:23:27,816 [INFO] __main__ - 语言选择结果: zh
2025-04-17 11:23:27,816 [INFO] __main__ - 正在创建主题选择对话框...
2025-04-17 11:23:27,816 [DEBUG] gui.theme_dialog_tk - 创建主题选择对话框
2025-04-17 11:23:27,828 [DEBUG] gui.theme_dialog_tk - 主题选择对话框创建完成
2025-04-17 11:23:28,793 [DEBUG] gui.theme_dialog_tk - 用户选择了light主题
2025-04-17 11:23:28,818 [INFO] __main__ - 主题选择结果: light
2025-04-17 11:23:28,838 [INFO] __main__ - 正在配置主窗口...
2025-04-17 11:23:28,956 [INFO] __main__ - 开始创建MainWindow实例...
2025-04-17 11:23:28,957 [INFO] core.logic_builder - 已加载 6 条规则
2025-04-17 11:23:29,015 [INFO] __main__ - MainWindow实例创建完成
2025-04-17 11:23:29,316 [INFO] __main__ - 开始mainloop()...
2025-04-17 11:23:32,378 [INFO] core.config_processor - 找到工作表: ['TD', '0.模板&Vorlage', '1.Fahrgestell', '2.Fahrzeug allgemein', '3.Beschriftung&Kennzeichnung', '4. Anbauten&Fahrgestellarbeiten', '5. Fahrer_Mannschaftsraum', '6.Koffer', '7.Lichtmast', '8.Pumpenanlage', '9.Seilwinde&Generator', '10.Halterungen']
2025-04-17 11:23:32,378 [DEBUG] core.config_processor - 跳过工作表: TD
2025-04-17 11:23:32,379 [DEBUG] core.config_processor - 跳过工作表: 0.模板&Vorlage
2025-04-17 11:23:32,379 [INFO] core.config_processor - 处理工作表: 1.Fahrgestell -> 模块: 1.Fahrgestell
2025-04-17 11:23:32,396 [INFO] core.config_processor - 处理工作表: 2.Fahrzeug allgemein -> 模块: 2.Fahrzeug allgemein
2025-04-17 11:23:32,413 [INFO] core.config_processor - 处理工作表: 3.Beschriftung&Kennzeichnung -> 模块: 3.Beschriftung&Kennzeichnung
2025-04-17 11:23:32,429 [INFO] core.config_processor - 处理工作表: 4. Anbauten&Fahrgestellarbeiten -> 模块: 4.Anbauten&Fahrgestellarbeiten
2025-04-17 11:23:32,444 [INFO] core.config_processor - 处理工作表: 5. Fahrer_Mannschaftsraum -> 模块: 5.Fahrer_Mannschaftsraum
2025-04-17 11:23:32,465 [INFO] core.config_processor - 处理工作表: 6.Koffer -> 模块: 6.Koffer
2025-04-17 11:23:32,481 [INFO] core.config_processor - 处理工作表: 7.Lichtmast -> 模块: 7.Lichtmast
2025-04-17 11:23:32,497 [INFO] core.config_processor - 处理工作表: 8.Pumpenanlage -> 模块: 8.Pumpenanlage
2025-04-17 11:23:32,512 [INFO] core.config_processor - 处理工作表: 9.Seilwinde&Generator -> 模块: 9.Seilwinde&Generator
2025-04-17 11:23:32,527 [INFO] core.config_processor - 处理工作表: 10.Halterungen -> 模块: 10.Halterungen
2025-04-17 11:23:57,851 [INFO] gui.language_dialog_tk - 已选择语言: de
2025-04-17 11:24:04,507 [INFO] gui.language_dialog_tk - 已选择语言: en
2025-04-17 11:24:08,768 [INFO] gui.language_dialog_tk - 已选择语言: zh
