2025-04-23 09:49:28,402 [INFO] root - 程序启动，日志文件: C:\Users\mengy\Desktop\ZK_LogicBom_Builder\logs\log_20250423_094928.log
2025-04-23 09:49:28,654 [INFO] __main__ - 正在启动程序...
2025-04-23 09:49:28,654 [DEBUG] __main__ - Python版本: 3.13.2 (tags/v3.13.2:4f8bb39, Feb  4 2025, 15:23:48) [MSC v.1942 64 bit (AMD64)]
2025-04-23 09:49:28,654 [DEBUG] __main__ - 当前工作目录: C:\Users\mengy\Desktop\ZK_LogicBom_Builder
2025-04-23 09:49:28,655 [DEBUG] __main__ - src_dir路径: c:\Users\mengy\Desktop\ZK_LogicBom_Builder
2025-04-23 09:49:28,675 [INFO] __main__ - 正在创建语言选择对话框...
2025-04-23 09:49:29,909 [INFO] gui.language_dialog_tk - 已选择语言: zh
2025-04-23 09:49:29,926 [INFO] __main__ - 语言选择结果: zh
2025-04-23 09:49:29,927 [INFO] __main__ - 正在创建主题选择对话框...
2025-04-23 09:49:29,927 [DEBUG] gui.theme_dialog_tk - 创建主题选择对话框
2025-04-23 09:49:29,933 [DEBUG] gui.theme_dialog_tk - 主题选择对话框创建完成
2025-04-23 09:49:30,849 [DEBUG] gui.theme_dialog_tk - 用户选择了light主题
2025-04-23 09:49:30,874 [INFO] __main__ - 主题选择结果: light
2025-04-23 09:49:30,890 [INFO] __main__ - 正在配置主窗口...
2025-04-23 09:49:31,003 [INFO] __main__ - 开始创建MainWindow实例...
2025-04-23 09:49:31,004 [INFO] core.logic_builder - 已加载 6 条规则
2025-04-23 09:49:31,040 [INFO] __main__ - MainWindow实例创建完成
2025-04-23 09:49:31,341 [INFO] __main__ - 开始mainloop()...
2025-04-23 09:49:33,862 [INFO] core.config_processor - 找到工作表: ['TD', '0.模板&Vorlage', '1.Fahrgestell', '2.Fahrzeug allgemein', '3.Beschriftung&Kennzeichnung', '4. Anbauten&Fahrgestellarbeiten', '5. Fahrer_Mannschaftsraum', '6.Koffer', '7.Lichtmast', '8.Pumpenanlage', '9.Seilwinde&Generator', '10.Halterungen']
2025-04-23 09:49:33,863 [DEBUG] core.config_processor - 跳过工作表: TD
2025-04-23 09:49:33,863 [DEBUG] core.config_processor - 跳过工作表: 0.模板&Vorlage
2025-04-23 09:49:33,863 [INFO] core.config_processor - 处理工作表: 1.Fahrgestell -> 模块: 1.Fahrgestell
2025-04-23 09:49:33,881 [INFO] core.config_processor - 处理工作表: 2.Fahrzeug allgemein -> 模块: 2.Fahrzeug allgemein
2025-04-23 09:49:33,898 [INFO] core.config_processor - 处理工作表: 3.Beschriftung&Kennzeichnung -> 模块: 3.Beschriftung&Kennzeichnung
2025-04-23 09:49:33,914 [INFO] core.config_processor - 处理工作表: 4. Anbauten&Fahrgestellarbeiten -> 模块: 4.Anbauten&Fahrgestellarbeiten
2025-04-23 09:49:33,929 [INFO] core.config_processor - 处理工作表: 5. Fahrer_Mannschaftsraum -> 模块: 5.Fahrer_Mannschaftsraum
2025-04-23 09:49:33,950 [INFO] core.config_processor - 处理工作表: 6.Koffer -> 模块: 6.Koffer
2025-04-23 09:49:33,965 [INFO] core.config_processor - 处理工作表: 7.Lichtmast -> 模块: 7.Lichtmast
2025-04-23 09:49:33,980 [INFO] core.config_processor - 处理工作表: 8.Pumpenanlage -> 模块: 8.Pumpenanlage
2025-04-23 09:49:33,996 [INFO] core.config_processor - 处理工作表: 9.Seilwinde&Generator -> 模块: 9.Seilwinde&Generator
2025-04-23 09:49:34,010 [INFO] core.config_processor - 处理工作表: 10.Halterungen -> 模块: 10.Halterungen
2025-04-23 09:49:34,026 [INFO] gui.config_panel - 成功导入配置文件: C:/Users/mengy/Desktop/配置选项_Konfigurationsoptions.xlsm
2025-04-23 09:49:40,946 [INFO] gui.bom_panel - 用户选择了新的BOM文件: C:/Users/mengy/Desktop/BOM映射表.xlsx
2025-04-23 09:49:40,947 [INFO] core.bom_processor - 开始导入BOM文件: C:/Users/mengy/Desktop/BOM映射表.xlsx
2025-04-23 09:49:40,951 [INFO] core.bom_processor - 找到工作表: ['MAX-gruppe', 'K码表', '配置', 'Sheet1']
2025-04-23 09:49:40,964 [INFO] core.bom_processor - BOM文件导入成功
2025-04-23 09:49:40,965 [INFO] gui.bom_panel - 成功导入BOM文件: C:/Users/mengy/Desktop/BOM映射表.xlsx
2025-04-23 09:50:14,031 [DEBUG] gui.bom_panel - BomPanel: 双击选中项 ID: I005
2025-04-23 09:50:14,033 [DEBUG] gui.bom_panel - BomPanel: 选中项文本: [2] PL-GrundKabine 10019234 - Modulkabine Standard MAN Euro 6 18T
Modul cabin standard MAN Euro 6 18T
(Z-Cab NG Alpas 3 RAL XXXX
Z-Cab NG Alpas 3 RAL XXXX)
2025-04-23 09:50:14,034 [INFO] gui.bom_panel - BomPanel: 提取到占位符: PL-GrundKabine, Baugruppe码: 10019234
2025-04-23 09:50:14,034 [INFO] gui.bom_panel - BomPanel: 生成的代码: PL-GrundKabine-10019234
2025-04-23 09:50:14,035 [DEBUG] gui.bom_panel - BomPanel: 获取根窗口成功
2025-04-23 09:50:14,035 [DEBUG] gui.bom_panel - BomPanel: 获取MainWindow实例成功
2025-04-23 09:50:14,036 [DEBUG] gui.bom_panel - BomPanel: 找到逻辑面板
2025-04-23 09:50:14,036 [DEBUG] gui.logic_panel - LogicPanel: 开始插入代码: PL-GrundKabine-10019234
2025-04-23 09:50:14,036 [INFO] gui.bom_panel - BomPanel: 成功发送代码到逻辑面板: PL-GrundKabine-10019234
2025-04-23 09:50:14,199 [DEBUG] gui.bom_panel - BomPanel: 双击选中项 ID: I005
2025-04-23 09:50:14,200 [DEBUG] gui.bom_panel - BomPanel: 选中项文本: [2] PL-GrundKabine 10019234 - Modulkabine Standard MAN Euro 6 18T
Modul cabin standard MAN Euro 6 18T
(Z-Cab NG Alpas 3 RAL XXXX
Z-Cab NG Alpas 3 RAL XXXX)
2025-04-23 09:50:14,201 [INFO] gui.bom_panel - BomPanel: 提取到占位符: PL-GrundKabine, Baugruppe码: 10019234
2025-04-23 09:50:14,202 [INFO] gui.bom_panel - BomPanel: 生成的代码: PL-GrundKabine-10019234
2025-04-23 09:50:14,203 [DEBUG] gui.bom_panel - BomPanel: 获取根窗口成功
2025-04-23 09:50:14,204 [DEBUG] gui.bom_panel - BomPanel: 获取MainWindow实例成功
2025-04-23 09:50:14,204 [DEBUG] gui.bom_panel - BomPanel: 找到逻辑面板
2025-04-23 09:50:14,205 [DEBUG] gui.logic_panel - LogicPanel: 开始插入代码: PL-GrundKabine-10019234
2025-04-23 09:50:14,206 [INFO] gui.bom_panel - BomPanel: 成功发送代码到逻辑面板: PL-GrundKabine-10019234
2025-04-23 09:50:14,373 [DEBUG] gui.bom_panel - BomPanel: 双击选中项 ID: I005
2025-04-23 09:50:14,374 [DEBUG] gui.bom_panel - BomPanel: 选中项文本: [2] PL-GrundKabine 10019234 - Modulkabine Standard MAN Euro 6 18T
Modul cabin standard MAN Euro 6 18T
(Z-Cab NG Alpas 3 RAL XXXX
Z-Cab NG Alpas 3 RAL XXXX)
2025-04-23 09:50:14,375 [INFO] gui.bom_panel - BomPanel: 提取到占位符: PL-GrundKabine, Baugruppe码: 10019234
2025-04-23 09:50:14,376 [INFO] gui.bom_panel - BomPanel: 生成的代码: PL-GrundKabine-10019234
2025-04-23 09:50:14,376 [DEBUG] gui.bom_panel - BomPanel: 获取根窗口成功
2025-04-23 09:50:14,377 [DEBUG] gui.bom_panel - BomPanel: 获取MainWindow实例成功
2025-04-23 09:50:14,377 [DEBUG] gui.bom_panel - BomPanel: 找到逻辑面板
2025-04-23 09:50:14,377 [DEBUG] gui.logic_panel - LogicPanel: 开始插入代码: PL-GrundKabine-10019234
2025-04-23 09:50:14,377 [INFO] gui.bom_panel - BomPanel: 成功发送代码到逻辑面板: PL-GrundKabine-10019234
2025-04-23 09:50:14,538 [DEBUG] gui.bom_panel - BomPanel: 双击选中项 ID: I005
2025-04-23 09:50:14,539 [DEBUG] gui.bom_panel - BomPanel: 选中项文本: [2] PL-GrundKabine 10019234 - Modulkabine Standard MAN Euro 6 18T
Modul cabin standard MAN Euro 6 18T
(Z-Cab NG Alpas 3 RAL XXXX
Z-Cab NG Alpas 3 RAL XXXX)
2025-04-23 09:50:14,540 [INFO] gui.bom_panel - BomPanel: 提取到占位符: PL-GrundKabine, Baugruppe码: 10019234
2025-04-23 09:50:14,541 [INFO] gui.bom_panel - BomPanel: 生成的代码: PL-GrundKabine-10019234
2025-04-23 09:50:14,542 [DEBUG] gui.bom_panel - BomPanel: 获取根窗口成功
2025-04-23 09:50:14,543 [DEBUG] gui.bom_panel - BomPanel: 获取MainWindow实例成功
2025-04-23 09:50:14,544 [DEBUG] gui.bom_panel - BomPanel: 找到逻辑面板
2025-04-23 09:50:14,545 [DEBUG] gui.logic_panel - LogicPanel: 开始插入代码: PL-GrundKabine-10019234
2025-04-23 09:50:14,546 [INFO] gui.bom_panel - BomPanel: 成功发送代码到逻辑面板: PL-GrundKabine-10019234
