2025-05-05 15:01:24,277 [INFO] root - 程序启动，日志文件: C:\Users\mengy\Desktop\ZK_LogicBom_Builder\logs\log_20250505_150124.log
2025-05-05 15:01:24,525 [INFO] __main__ - 正在启动程序...
2025-05-05 15:01:24,525 [DEBUG] __main__ - Python版本: 3.13.2 (tags/v3.13.2:4f8bb39, Feb  4 2025, 15:23:48) [MSC v.1942 64 bit (AMD64)]
2025-05-05 15:01:24,526 [DEBUG] __main__ - 当前工作目录: C:\Users\mengy\Desktop\ZK_LogicBom_Builder
2025-05-05 15:01:24,526 [DEBUG] __main__ - src_dir路径: c:\Users\mengy\Desktop\ZK_LogicBom_Builder
2025-05-05 15:01:24,549 [INFO] __main__ - 正在创建语言选择对话框...
2025-05-05 15:01:25,754 [INFO] gui.language_dialog_tk - 已选择语言: zh
2025-05-05 15:01:25,778 [INFO] __main__ - 语言选择结果: zh
2025-05-05 15:01:25,778 [INFO] __main__ - 正在创建主题选择对话框...
2025-05-05 15:01:25,778 [DEBUG] gui.theme_dialog_tk - 创建主题选择对话框
2025-05-05 15:01:25,785 [DEBUG] gui.theme_dialog_tk - 主题选择对话框创建完成
2025-05-05 15:01:26,319 [DEBUG] gui.theme_dialog_tk - 用户选择了light主题
2025-05-05 15:01:26,340 [INFO] __main__ - 主题选择结果: light
2025-05-05 15:01:26,343 [INFO] __main__ - 正在配置主窗口...
2025-05-05 15:01:26,427 [INFO] __main__ - 开始创建MainWindow实例...
2025-05-05 15:01:26,427 [INFO] core.logic_builder - 已加载 3 条规则
2025-05-05 15:01:26,463 [INFO] gui.logic_panel - 规则未加载状态，等待用户确认后再加载规则
2025-05-05 15:01:26,468 [INFO] __main__ - MainWindow实例创建完成
2025-05-05 15:01:26,622 [INFO] __main__ - 开始mainloop()...
2025-05-05 15:01:28,544 [INFO] core.config_processor - 找到工作表: ['1.Kabine']
2025-05-05 15:01:28,544 [INFO] core.config_processor - 处理工作表: 1.Kabine -> 模块: 1.Kabine
2025-05-05 15:01:28,566 [INFO] gui.config_panel - 成功导入配置文件: C:/Users/mengy/Desktop/Kabinemekrmal(Test).xlsx
2025-05-05 15:01:28,569 [INFO] gui.main_window_tk - 成功保存配置文件路径到app_config.json: C:/Users/mengy/Desktop/Kabinemekrmal(Test).xlsx
2025-05-05 15:01:28,569 [INFO] gui.config_panel - 已保存配置文件路径到app_config.json: C:/Users/mengy/Desktop/Kabinemekrmal(Test).xlsx
2025-05-05 15:01:29,653 [INFO] core.bom_processor - 开始导入BOM文件: C:/Users/mengy/Desktop/Bom.xlsx
2025-05-05 15:01:29,654 [INFO] core.bom_processor - 已清空现有数据
2025-05-05 15:01:29,654 [INFO] core.bom_processor - 正在读取Excel文件...
2025-05-05 15:01:29,657 [INFO] core.bom_processor - 成功打开Excel文件，包含以下工作表: ['Max-Gruppe']
2025-05-05 15:01:29,658 [INFO] core.bom_processor - 正在读取 Max-Gruppe 工作表...
2025-05-05 15:01:29,669 [INFO] core.bom_processor - 成功读取工作表，共 154 行数据
2025-05-05 15:01:29,669 [INFO] core.bom_processor - 所有必需列均存在，开始处理数据...
2025-05-05 15:01:29,670 [INFO] core.bom_processor - 过滤空层级后剩余 153 行数据
2025-05-05 15:01:29,671 [INFO] core.bom_processor - 
开始处理数据...
2025-05-05 15:01:29,675 [INFO] core.bom_processor - 
数据处理完成，成功处理 {processed_count} 行数据
2025-05-05 15:01:29,675 [INFO] core.bom_processor - 第 1 级节点数量: 1
2025-05-05 15:01:29,675 [INFO] core.bom_processor - 第 2 级节点数量: 133
2025-05-05 15:01:29,676 [INFO] core.bom_processor - 第 3 级节点数量: 19
2025-05-05 15:01:29,676 [INFO] core.bom_processor - BOM文件导入成功，共处理 153 个项目
2025-05-05 15:01:29,676 [INFO] gui.bom_panel - 成功导入BOM文件: C:/Users/mengy/Desktop/Bom.xlsx
2025-05-05 15:01:29,676 [INFO] gui.bom_panel - 开始刷新树状图
2025-05-05 15:01:29,677 [INFO] gui.bom_panel - 树状图刷新完成
2025-05-05 15:01:29,678 [INFO] gui.main_window_tk - 成功保存BOM文件路径到app_config.json: C:/Users/mengy/Desktop/Bom.xlsx
2025-05-05 15:01:29,678 [INFO] gui.bom_panel - 已保存BOM文件路径到app_config.json: C:/Users/mengy/Desktop/Bom.xlsx
2025-05-05 15:01:30,648 [INFO] gui.main_window_tk - 用户确认加载规则，设置规则已加载标志为True
2025-05-05 15:01:30,648 [INFO] core.logic_builder - 准备从临时文件加载规则: C:\Users\mengy\Desktop\ZK_LogicBom_Builder\data\temp_rules_latest.json
2025-05-05 15:01:30,648 [INFO] gui.logic_panel - 收到规则变更事件: type=imported, rule_id=None
2025-05-05 15:01:30,649 [INFO] gui.logic_panel - 规则已加载状态，开始更新已保存规则框架
2025-05-05 15:01:30,649 [INFO] gui.logic_panel - 开始加载规则到已保存规则框架
2025-05-05 15:01:30,649 [DEBUG] gui.logic_panel - 从LogicBuilder获取到 3 条规则
2025-05-05 15:01:30,649 [DEBUG] gui.logic_panel - 添加规则ID: 1 到已使用集合
2025-05-05 15:01:30,649 [DEBUG] gui.logic_panel - 添加规则ID: 1 到已使用集合
2025-05-05 15:01:30,649 [DEBUG] gui.logic_panel - 添加规则ID: 2 到已使用集合
2025-05-05 15:01:30,650 [INFO] gui.logic_panel - 成功加载 3 条规则到已保存规则框架
2025-05-05 15:01:30,650 [INFO] core.logic_builder - 从临时文件加载规则完成
2025-05-05 15:01:30,650 [INFO] gui.main_window_tk - 开始刷新逻辑面板显示
2025-05-05 15:01:30,650 [INFO] gui.logic_panel - 开始加载规则到已保存规则框架
2025-05-05 15:01:30,651 [DEBUG] gui.logic_panel - 从LogicBuilder获取到 3 条规则
2025-05-05 15:01:30,651 [DEBUG] gui.logic_panel - 添加规则ID: 1 到已使用集合
2025-05-05 15:01:30,651 [DEBUG] gui.logic_panel - 添加规则ID: 1 到已使用集合
2025-05-05 15:01:30,651 [DEBUG] gui.logic_panel - 添加规则ID: 2 到已使用集合
2025-05-05 15:01:30,651 [INFO] gui.logic_panel - 成功加载 3 条规则到已保存规则框架
2025-05-05 15:01:30,651 [INFO] gui.main_window_tk - 逻辑面板显示刷新完成
2025-05-05 15:01:36,426 [DEBUG] gui.config_panel - ConfigPanel: 双击选中项 ID: I011
2025-05-05 15:01:36,427 [DEBUG] gui.config_panel - ConfigPanel: 选中项文本: K-200-000300 Ziegler Standardsitze
2025-05-05 15:01:36,428 [DEBUG] gui.config_panel - ConfigPanel: 提取的代码: K-200-000300
2025-05-05 15:01:36,429 [INFO] gui.config_panel - ConfigPanel: 准备插入特征值: K-200-000300
2025-05-05 15:01:36,429 [DEBUG] gui.config_panel - ConfigPanel: 获取根窗口成功
2025-05-05 15:01:36,430 [DEBUG] gui.config_panel - ConfigPanel: 获取MainWindow实例成功
2025-05-05 15:01:36,431 [DEBUG] gui.config_panel - ConfigPanel: 找到逻辑面板
2025-05-05 15:01:36,431 [DEBUG] gui.logic_panel - LogicPanel: 开始插入代码: K-200-000300
2025-05-05 15:01:36,432 [INFO] gui.logic_panel - LogicPanel: 输入历史 - 类型: K_code, 内容: K-200-000300, 当前表达式: K-200-000300 
2025-05-05 15:01:36,432 [INFO] gui.config_panel - ConfigPanel: 成功发送代码到逻辑面板: K-200-000300
2025-05-05 15:01:37,513 [INFO] gui.logic_panel - LogicPanel: 输入历史 - 类型: operator, 内容: →, 当前表达式: K-200-000300  → 
2025-05-05 15:01:40,189 [INFO] gui.language_dialog_tk - 已选择语言: de
2025-05-05 15:01:40,216 [DEBUG] gui.config_panel - 父类刷新文本失败（可以忽略）: 'super' object has no attribute 'refresh_texts'
2025-05-05 15:01:40,235 [DEBUG] gui.config_panel - 父类刷新文本失败（可以忽略）: 'super' object has no attribute 'refresh_texts'
2025-05-05 15:01:41,739 [WARNING] gui.logic_panel - ON ADD值不完整
2025-05-05 15:01:44,761 [INFO] gui.logic_panel - 创建ON ADD微调逻辑: ON 2 ADD 2
2025-05-05 15:01:44,762 [INFO] gui.logic_panel - 成功插入微调逻辑到表达式: K-200-000300 →  ON 2 ADD 2
