2025-04-25 10:45:05,606 [INFO] root - 程序启动，日志文件: C:\Users\mengy\Desktop\ZK_LogicBom_Builder\logs\log_20250425_104505.log
2025-04-25 10:45:05,849 [INFO] __main__ - 正在启动程序...
2025-04-25 10:45:05,849 [DEBUG] __main__ - Python版本: 3.13.2 (tags/v3.13.2:4f8bb39, Feb  4 2025, 15:23:48) [MSC v.1942 64 bit (AMD64)]
2025-04-25 10:45:05,849 [DEBUG] __main__ - 当前工作目录: C:\Users\mengy\Desktop\ZK_LogicBom_Builder
2025-04-25 10:45:05,849 [DEBUG] __main__ - src_dir路径: c:\Users\mengy\Desktop\ZK_LogicBom_Builder
2025-04-25 10:45:05,877 [INFO] __main__ - 正在创建语言选择对话框...
2025-04-25 10:45:07,026 [INFO] gui.language_dialog_tk - 已选择语言: zh
2025-04-25 10:45:07,047 [INFO] __main__ - 语言选择结果: zh
2025-04-25 10:45:07,047 [INFO] __main__ - 正在创建主题选择对话框...
2025-04-25 10:45:07,047 [DEBUG] gui.theme_dialog_tk - 创建主题选择对话框
2025-04-25 10:45:07,054 [DEBUG] gui.theme_dialog_tk - 主题选择对话框创建完成
2025-04-25 10:45:07,845 [DEBUG] gui.theme_dialog_tk - 用户选择了light主题
2025-04-25 10:45:07,863 [INFO] __main__ - 主题选择结果: light
2025-04-25 10:45:07,866 [INFO] __main__ - 正在配置主窗口...
2025-04-25 10:45:07,951 [INFO] __main__ - 开始创建MainWindow实例...
2025-04-25 10:45:07,952 [INFO] core.logic_builder - 已加载 7 条规则
2025-04-25 10:45:07,990 [INFO] __main__ - MainWindow实例创建完成
2025-04-25 10:45:08,263 [INFO] __main__ - 开始mainloop()...
2025-04-25 10:45:10,372 [INFO] core.config_processor - 找到工作表: ['TD', '0.模板&Vorlage', '1.Fahrgestell', '2.Fahrzeug allgemein', '3.Beschriftung&Kennzeichnung', '4. Anbauten&Fahrgestellarbeiten', '5. Fahrer_Mannschaftsraum', '6.Koffer', '7.Lichtmast', '8.Pumpenanlage', '9.Seilwinde&Generator', '10.Halterungen']
2025-04-25 10:45:10,372 [DEBUG] core.config_processor - 跳过工作表: TD
2025-04-25 10:45:10,373 [DEBUG] core.config_processor - 跳过工作表: 0.模板&Vorlage
2025-04-25 10:45:10,373 [INFO] core.config_processor - 处理工作表: 1.Fahrgestell -> 模块: 1.Fahrgestell
2025-04-25 10:45:10,391 [INFO] core.config_processor - 处理工作表: 2.Fahrzeug allgemein -> 模块: 2.Fahrzeug allgemein
2025-04-25 10:45:10,406 [INFO] core.config_processor - 处理工作表: 3.Beschriftung&Kennzeichnung -> 模块: 3.Beschriftung&Kennzeichnung
2025-04-25 10:45:10,420 [INFO] core.config_processor - 处理工作表: 4. Anbauten&Fahrgestellarbeiten -> 模块: 4.Anbauten&Fahrgestellarbeiten
2025-04-25 10:45:10,436 [INFO] core.config_processor - 处理工作表: 5. Fahrer_Mannschaftsraum -> 模块: 5.Fahrer_Mannschaftsraum
2025-04-25 10:45:10,456 [INFO] core.config_processor - 处理工作表: 6.Koffer -> 模块: 6.Koffer
2025-04-25 10:45:10,472 [INFO] core.config_processor - 处理工作表: 7.Lichtmast -> 模块: 7.Lichtmast
2025-04-25 10:45:10,486 [INFO] core.config_processor - 处理工作表: 8.Pumpenanlage -> 模块: 8.Pumpenanlage
2025-04-25 10:45:10,501 [INFO] core.config_processor - 处理工作表: 9.Seilwinde&Generator -> 模块: 9.Seilwinde&Generator
2025-04-25 10:45:10,516 [INFO] core.config_processor - 处理工作表: 10.Halterungen -> 模块: 10.Halterungen
2025-04-25 10:45:10,531 [INFO] gui.config_panel - 成功导入配置文件: C:/Users/mengy/Desktop/配置选项_Konfigurationsoptions.xlsm
2025-04-25 10:45:10,533 [INFO] gui.main_window_tk - 成功保存配置文件路径到app_config.json: C:/Users/mengy/Desktop/配置选项_Konfigurationsoptions.xlsm
2025-04-25 10:45:10,534 [INFO] gui.config_panel - 已保存配置文件路径到app_config.json: C:/Users/mengy/Desktop/配置选项_Konfigurationsoptions.xlsm
2025-04-25 10:45:12,315 [INFO] core.bom_processor - 开始导入BOM文件: C:/Users/mengy/Desktop/BOM映射表.xlsx
2025-04-25 10:45:12,315 [INFO] core.bom_processor - 已清空现有数据
2025-04-25 10:45:12,316 [INFO] core.bom_processor - 正在读取Excel文件...
2025-04-25 10:45:12,320 [INFO] core.bom_processor - 成功打开Excel文件，包含以下工作表: ['MAX-gruppe', 'K码表', '配置', 'Sheet1']
2025-04-25 10:45:12,321 [INFO] core.bom_processor - 正在读取 MAX-gruppe 工作表...
2025-04-25 10:45:12,329 [INFO] core.bom_processor - 成功读取工作表，共 154 行数据
2025-04-25 10:45:12,329 [INFO] core.bom_processor - 所有必需列均存在，开始处理数据...
2025-04-25 10:45:12,330 [INFO] core.bom_processor - 过滤空层级后剩余 153 行数据
2025-04-25 10:45:12,331 [INFO] core.bom_processor - 
开始处理数据...
2025-04-25 10:45:12,334 [INFO] core.bom_processor - 
数据处理完成，成功处理 {processed_count} 行数据
2025-04-25 10:45:12,334 [INFO] core.bom_processor - 第 1 级节点数量: 1
2025-04-25 10:45:12,334 [INFO] core.bom_processor - 第 2 级节点数量: 133
2025-04-25 10:45:12,335 [INFO] core.bom_processor - 第 3 级节点数量: 19
2025-04-25 10:45:12,335 [INFO] core.bom_processor - BOM文件导入成功，共处理 153 个项目
2025-04-25 10:45:12,336 [INFO] gui.bom_panel - 成功导入BOM文件: C:/Users/mengy/Desktop/BOM映射表.xlsx
2025-04-25 10:45:12,336 [INFO] gui.bom_panel - 开始刷新树状图
2025-04-25 10:45:12,336 [INFO] gui.bom_panel - 第 1 级节点数量: 1
2025-04-25 10:45:12,336 [INFO] gui.bom_panel - 第 2 级节点数量: 133
2025-04-25 10:45:12,336 [INFO] gui.bom_panel - 第 3 级节点数量: 19
2025-04-25 10:45:12,339 [INFO] gui.bom_panel - 树状图刷新完成
2025-04-25 10:45:12,341 [INFO] gui.main_window_tk - 成功保存BOM文件路径到app_config.json: C:/Users/mengy/Desktop/BOM映射表.xlsx
2025-04-25 10:45:12,341 [INFO] gui.bom_panel - 已保存BOM文件路径到app_config.json: C:/Users/mengy/Desktop/BOM映射表.xlsx
2025-04-25 10:45:21,225 [DEBUG] gui.bom_panel - BomPanel: 双击选中项 ID: I093
2025-04-25 10:45:21,225 [DEBUG] gui.bom_panel - BomPanel: 选中项文本: [2] PL-Sitze07
2025-04-25 10:50:24,675 [DEBUG] gui.config_panel - ConfigPanel: 双击选中项 ID: I073
2025-04-25 10:50:24,675 [DEBUG] gui.config_panel - ConfigPanel: 选中项文本: K03_01_01 RAL 3000 feuerrot
2025-04-25 10:50:24,676 [DEBUG] gui.config_panel - ConfigPanel: 提取的代码: K03_01_01
2025-04-25 10:50:24,676 [INFO] gui.config_panel - ConfigPanel: 准备插入K码: K03_01_01
2025-04-25 10:50:24,677 [DEBUG] gui.config_panel - ConfigPanel: 获取根窗口成功
2025-04-25 10:50:24,677 [DEBUG] gui.config_panel - ConfigPanel: 获取MainWindow实例成功
2025-04-25 10:50:24,677 [DEBUG] gui.config_panel - ConfigPanel: 找到逻辑面板
2025-04-25 10:50:24,678 [DEBUG] gui.logic_panel - LogicPanel: 开始插入代码: K03_01_01
2025-04-25 10:50:24,678 [INFO] gui.logic_panel - LogicPanel: 输入历史 - 类型: K_code, 内容: K03_01_01, 当前表达式: K03_01_01 
2025-04-25 10:50:24,679 [INFO] gui.config_panel - ConfigPanel: 成功发送代码到逻辑面板: K03_01_01
2025-04-25 10:50:26,033 [ERROR] gui.logic_panel - 验证token序列时出错: 'list' object has no attribute 'values'
Traceback (most recent call last):
  File "c:\Users\mengy\Desktop\ZK_LogicBom_Builder\gui\logic_panel.py", line 763, in _validate_token_sequence
    if any(self.validator.is_bom_code(token) for token in current_tokens):
       ~~~^^^^^^^^^^^^^^^^^^^^^^^^^^^^^^^^^^^^^^^^^^^^^^^^^^^^^^^^^^^^^^^
  File "c:\Users\mengy\Desktop\ZK_LogicBom_Builder\gui\logic_panel.py", line 763, in <genexpr>
    if any(self.validator.is_bom_code(token) for token in current_tokens):
           ~~~~~~~~~~~~~~~~~~~~~~~~~~^^^^^^^
  File "c:\Users\mengy\Desktop\ZK_LogicBom_Builder\utils\validator.py", line 39, in is_bom_code
    return self.bom_processor.is_valid_bom_code(token)
           ~~~~~~~~~~~~~~~~~~~~~~~~~~~~~~~~~~~~^^^^^^^
  File "c:\Users\mengy\Desktop\ZK_LogicBom_Builder\core\bom_processor.py", line 368, in is_valid_bom_code
    return code in self.get_all_bom_codes()
                   ~~~~~~~~~~~~~~~~~~~~~~^^
  File "c:\Users\mengy\Desktop\ZK_LogicBom_Builder\core\bom_processor.py", line 356, in get_all_bom_codes
    collect_bom_codes(self.bom_data["hierarchy"])
    ~~~~~~~~~~~~~~~~~^^^^^^^^^^^^^^^^^^^^^^^^^^^^
  File "c:\Users\mengy\Desktop\ZK_LogicBom_Builder\core\bom_processor.py", line 353, in collect_bom_codes
    collect_bom_codes(item_data["children"])
    ~~~~~~~~~~~~~~~~~^^^^^^^^^^^^^^^^^^^^^^^
  File "c:\Users\mengy\Desktop\ZK_LogicBom_Builder\core\bom_processor.py", line 346, in collect_bom_codes
    for item_data in items.values():
                     ^^^^^^^^^^^^
AttributeError: 'list' object has no attribute 'values'
2025-04-25 10:51:42,783 [DEBUG] gui.bom_panel - BomPanel: 双击选中项 ID: I002
2025-04-25 10:51:42,783 [DEBUG] gui.bom_panel - BomPanel: 选中项文本: [2] PL-Beleuchtung
2025-04-25 10:51:46,591 [DEBUG] gui.bom_panel - BomPanel: 双击选中项 ID: I011
2025-04-25 10:51:46,592 [DEBUG] gui.bom_panel - BomPanel: 选中项文本: 1138961 - Bedienelement re. Weiß / control element ri. White
Z-Cab NG Low Budget Version / Z-Cab NG low budget version
2025-04-25 10:51:46,592 [DEBUG] gui.bom_panel - BomPanel: 提取到Baugruppe: 1138961
2025-04-25 10:51:46,593 [DEBUG] gui.bom_panel - BomPanel: 提取到占位符: PL-Bedienelemente
2025-04-25 10:51:46,594 [DEBUG] gui.bom_panel - BomPanel: 构建的BOM码: PL-Bedienelemente-1138961
2025-04-25 10:51:46,594 [DEBUG] gui.bom_panel - BomPanel: 获取根窗口成功
2025-04-25 10:51:46,594 [DEBUG] gui.bom_panel - BomPanel: 获取MainWindow实例成功
2025-04-25 10:51:46,595 [DEBUG] gui.bom_panel - BomPanel: 找到逻辑面板
2025-04-25 10:51:46,596 [DEBUG] gui.logic_panel - LogicPanel: 开始插入代码: PL-Bedienelemente-1138961
2025-04-25 10:51:48,025 [INFO] gui.bom_panel - BomPanel: 成功发送代码到逻辑面板: PL-Bedienelemente-1138961
2025-04-25 10:51:48,025 [INFO] gui.bom_panel - BomPanel: 成功插入BOM码: PL-Bedienelemente-1138961
2025-04-25 10:55:45,801 [DEBUG] gui.bom_panel - BomPanel: 双击选中项 ID: I02A
2025-04-25 10:55:45,803 [DEBUG] gui.bom_panel - BomPanel: 选中项文本: [2] PL-Sitze01
2025-04-25 10:57:25,535 [ERROR] gui.logic_panel - 验证token序列时出错: 'list' object has no attribute 'values'
Traceback (most recent call last):
  File "c:\Users\mengy\Desktop\ZK_LogicBom_Builder\gui\logic_panel.py", line 763, in _validate_token_sequence
    if any(self.validator.is_bom_code(token) for token in current_tokens):
       ~~~^^^^^^^^^^^^^^^^^^^^^^^^^^^^^^^^^^^^^^^^^^^^^^^^^^^^^^^^^^^^^^^
  File "c:\Users\mengy\Desktop\ZK_LogicBom_Builder\gui\logic_panel.py", line 763, in <genexpr>
    if any(self.validator.is_bom_code(token) for token in current_tokens):
           ~~~~~~~~~~~~~~~~~~~~~~~~~~^^^^^^^
  File "c:\Users\mengy\Desktop\ZK_LogicBom_Builder\utils\validator.py", line 39, in is_bom_code
    return self.bom_processor.is_valid_bom_code(token)
           ~~~~~~~~~~~~~~~~~~~~~~~~~~~~~~~~~~~~^^^^^^^
  File "c:\Users\mengy\Desktop\ZK_LogicBom_Builder\core\bom_processor.py", line 368, in is_valid_bom_code
    return code in self.get_all_bom_codes()
                   ~~~~~~~~~~~~~~~~~~~~~~^^
  File "c:\Users\mengy\Desktop\ZK_LogicBom_Builder\core\bom_processor.py", line 356, in get_all_bom_codes
    collect_bom_codes(self.bom_data["hierarchy"])
    ~~~~~~~~~~~~~~~~~^^^^^^^^^^^^^^^^^^^^^^^^^^^^
  File "c:\Users\mengy\Desktop\ZK_LogicBom_Builder\core\bom_processor.py", line 353, in collect_bom_codes
    collect_bom_codes(item_data["children"])
    ~~~~~~~~~~~~~~~~~^^^^^^^^^^^^^^^^^^^^^^^
  File "c:\Users\mengy\Desktop\ZK_LogicBom_Builder\core\bom_processor.py", line 346, in collect_bom_codes
    for item_data in items.values():
                     ^^^^^^^^^^^^
AttributeError: 'list' object has no attribute 'values'
2025-04-25 11:03:38,867 [ERROR] gui.logic_panel - 验证token序列时出错: 'list' object has no attribute 'values'
Traceback (most recent call last):
  File "c:\Users\mengy\Desktop\ZK_LogicBom_Builder\gui\logic_panel.py", line 763, in _validate_token_sequence
    if any(self.validator.is_bom_code(token) for token in current_tokens):
       ~~~^^^^^^^^^^^^^^^^^^^^^^^^^^^^^^^^^^^^^^^^^^^^^^^^^^^^^^^^^^^^^^^
  File "c:\Users\mengy\Desktop\ZK_LogicBom_Builder\gui\logic_panel.py", line 763, in <genexpr>
    if any(self.validator.is_bom_code(token) for token in current_tokens):
           ~~~~~~~~~~~~~~~~~~~~~~~~~~^^^^^^^
  File "c:\Users\mengy\Desktop\ZK_LogicBom_Builder\utils\validator.py", line 39, in is_bom_code
    return self.bom_processor.is_valid_bom_code(token)
           ~~~~~~~~~~~~~~~~~~~~~~~~~~~~~~~~~~~~^^^^^^^
  File "c:\Users\mengy\Desktop\ZK_LogicBom_Builder\core\bom_processor.py", line 368, in is_valid_bom_code
    return code in self.get_all_bom_codes()
                   ~~~~~~~~~~~~~~~~~~~~~~^^
  File "c:\Users\mengy\Desktop\ZK_LogicBom_Builder\core\bom_processor.py", line 356, in get_all_bom_codes
    collect_bom_codes(self.bom_data["hierarchy"])
    ~~~~~~~~~~~~~~~~~^^^^^^^^^^^^^^^^^^^^^^^^^^^^
  File "c:\Users\mengy\Desktop\ZK_LogicBom_Builder\core\bom_processor.py", line 353, in collect_bom_codes
    collect_bom_codes(item_data["children"])
    ~~~~~~~~~~~~~~~~~^^^^^^^^^^^^^^^^^^^^^^^
  File "c:\Users\mengy\Desktop\ZK_LogicBom_Builder\core\bom_processor.py", line 346, in collect_bom_codes
    for item_data in items.values():
                     ^^^^^^^^^^^^
AttributeError: 'list' object has no attribute 'values'
2025-04-25 11:21:31,516 [DEBUG] gui.bom_panel - BomPanel: 双击选中项 ID: I004
2025-04-25 11:21:31,519 [DEBUG] gui.bom_panel - BomPanel: 选中项文本: [3] PL-Bedienelemente
