2025-04-29 12:25:04,524 [INFO] root - 程序启动，日志文件: C:\Users\mengy\Desktop\ZK_LogicBom_Builder\logs\log_20250429_122504.log
2025-04-29 12:25:04,772 [INFO] __main__ - 正在启动程序...
2025-04-29 12:25:04,773 [DEBUG] __main__ - Python版本: 3.13.2 (tags/v3.13.2:4f8bb39, Feb  4 2025, 15:23:48) [MSC v.1942 64 bit (AMD64)]
2025-04-29 12:25:04,773 [DEBUG] __main__ - 当前工作目录: C:\Users\mengy\Desktop\ZK_LogicBom_Builder
2025-04-29 12:25:04,773 [DEBUG] __main__ - src_dir路径: c:\Users\mengy\Desktop\ZK_LogicBom_Builder
2025-04-29 12:25:04,801 [INFO] __main__ - 正在创建语言选择对话框...
2025-04-29 12:25:05,976 [INFO] gui.language_dialog_tk - 已选择语言: zh
2025-04-29 12:25:05,994 [INFO] __main__ - 语言选择结果: zh
2025-04-29 12:25:05,995 [INFO] __main__ - 正在创建主题选择对话框...
2025-04-29 12:25:05,995 [DEBUG] gui.theme_dialog_tk - 创建主题选择对话框
2025-04-29 12:25:06,001 [DEBUG] gui.theme_dialog_tk - 主题选择对话框创建完成
2025-04-29 12:25:06,676 [DEBUG] gui.theme_dialog_tk - 用户选择了light主题
2025-04-29 12:25:06,695 [INFO] __main__ - 主题选择结果: light
2025-04-29 12:25:06,698 [INFO] __main__ - 正在配置主窗口...
2025-04-29 12:25:06,844 [INFO] __main__ - 开始创建MainWindow实例...
2025-04-29 12:25:06,846 [INFO] core.logic_builder - 已加载 1 条规则
2025-04-29 12:25:06,906 [INFO] gui.logic_panel - 规则未加载状态，等待用户确认后再加载规则
2025-04-29 12:25:06,921 [INFO] __main__ - MainWindow实例创建完成
2025-04-29 12:25:07,235 [INFO] __main__ - 开始mainloop()...
2025-04-29 12:25:08,802 [INFO] core.config_processor - 找到工作表: ['1.Kabine']
2025-04-29 12:25:08,803 [INFO] core.config_processor - 处理工作表: 1.Kabine -> 模块: 1.Kabine
2025-04-29 12:25:08,824 [INFO] gui.config_panel - 成功导入配置文件: C:/Users/mengy/Desktop/Kabinemekrmal(Test).xlsx
2025-04-29 12:25:08,826 [INFO] gui.main_window_tk - 成功保存配置文件路径到app_config.json: C:/Users/mengy/Desktop/Kabinemekrmal(Test).xlsx
2025-04-29 12:25:08,827 [INFO] gui.config_panel - 已保存配置文件路径到app_config.json: C:/Users/mengy/Desktop/Kabinemekrmal(Test).xlsx
2025-04-29 12:25:09,717 [INFO] core.bom_processor - 开始导入BOM文件: C:/Users/mengy/Desktop/Bom.xlsx
2025-04-29 12:25:09,718 [INFO] core.bom_processor - 已清空现有数据
2025-04-29 12:25:09,718 [INFO] core.bom_processor - 正在读取Excel文件...
2025-04-29 12:25:09,723 [INFO] core.bom_processor - 成功打开Excel文件，包含以下工作表: ['Max-Gruppe']
2025-04-29 12:25:09,723 [INFO] core.bom_processor - 正在读取 Max-Gruppe 工作表...
2025-04-29 12:25:09,732 [INFO] core.bom_processor - 成功读取工作表，共 154 行数据
2025-04-29 12:25:09,732 [INFO] core.bom_processor - 所有必需列均存在，开始处理数据...
2025-04-29 12:25:09,733 [INFO] core.bom_processor - 过滤空层级后剩余 153 行数据
2025-04-29 12:25:09,734 [INFO] core.bom_processor - 
开始处理数据...
2025-04-29 12:25:09,737 [INFO] core.bom_processor - 
数据处理完成，成功处理 {processed_count} 行数据
2025-04-29 12:25:09,737 [INFO] core.bom_processor - 第 1 级节点数量: 1
2025-04-29 12:25:09,738 [INFO] core.bom_processor - 第 2 级节点数量: 133
2025-04-29 12:25:09,738 [INFO] core.bom_processor - 第 3 级节点数量: 19
2025-04-29 12:25:09,738 [INFO] core.bom_processor - BOM文件导入成功，共处理 153 个项目
2025-04-29 12:25:09,738 [INFO] gui.bom_panel - 成功导入BOM文件: C:/Users/mengy/Desktop/Bom.xlsx
2025-04-29 12:25:09,739 [INFO] gui.bom_panel - 开始刷新树状图
2025-04-29 12:25:09,739 [INFO] gui.bom_panel - 树状图刷新完成
2025-04-29 12:25:09,740 [INFO] gui.main_window_tk - 成功保存BOM文件路径到app_config.json: C:/Users/mengy/Desktop/Bom.xlsx
2025-04-29 12:25:09,741 [INFO] gui.bom_panel - 已保存BOM文件路径到app_config.json: C:/Users/mengy/Desktop/Bom.xlsx
2025-04-29 12:25:10,852 [INFO] gui.main_window_tk - 用户确认加载规则，设置规则已加载标志为True
2025-04-29 12:25:10,853 [INFO] core.logic_builder - 准备从临时文件加载规则: C:\Users\mengy\Desktop\ZK_LogicBom_Builder\data\temp_rules_latest.json
2025-04-29 12:25:10,854 [INFO] gui.logic_panel - 收到规则变更事件: type=imported, rule_id=None
2025-04-29 12:25:10,854 [INFO] gui.logic_panel - 规则已加载状态，开始更新已保存规则框架
2025-04-29 12:25:10,854 [INFO] gui.logic_panel - 开始加载规则到已保存规则框架
2025-04-29 12:25:10,854 [DEBUG] gui.logic_panel - 从LogicBuilder获取到 1 条规则
2025-04-29 12:25:10,855 [DEBUG] gui.logic_panel - 添加规则ID: 1 到已使用集合
2025-04-29 12:25:10,855 [INFO] gui.logic_panel - 成功加载 1 条规则到已保存规则框架
2025-04-29 12:25:10,855 [INFO] core.logic_builder - 从临时文件加载规则完成
2025-04-29 12:25:10,855 [INFO] gui.main_window_tk - 开始刷新逻辑面板显示
2025-04-29 12:25:10,855 [INFO] gui.logic_panel - 开始加载规则到已保存规则框架
2025-04-29 12:25:10,855 [DEBUG] gui.logic_panel - 从LogicBuilder获取到 1 条规则
2025-04-29 12:25:10,856 [DEBUG] gui.logic_panel - 添加规则ID: 1 到已使用集合
2025-04-29 12:25:10,856 [INFO] gui.logic_panel - 成功加载 1 条规则到已保存规则框架
2025-04-29 12:25:10,856 [INFO] gui.main_window_tk - 逻辑面板显示刷新完成
2025-04-29 12:25:13,137 [DEBUG] gui.config_panel - ConfigPanel: 双击选中项 ID: I014
2025-04-29 12:25:13,138 [DEBUG] gui.config_panel - ConfigPanel: 选中项文本: K-200-000344 ohne Wertfach
2025-04-29 12:25:13,138 [DEBUG] gui.config_panel - ConfigPanel: 提取的代码: K-200-000344
2025-04-29 12:25:13,138 [INFO] gui.config_panel - ConfigPanel: 准备插入特征值: K-200-000344
2025-04-29 12:25:13,138 [DEBUG] gui.config_panel - ConfigPanel: 获取根窗口成功
2025-04-29 12:25:13,139 [DEBUG] gui.config_panel - ConfigPanel: 获取MainWindow实例成功
2025-04-29 12:25:13,139 [DEBUG] gui.config_panel - ConfigPanel: 找到逻辑面板
2025-04-29 12:25:13,139 [DEBUG] gui.logic_panel - LogicPanel: 开始插入代码: K-200-000344
2025-04-29 12:25:13,139 [INFO] gui.logic_panel - LogicPanel: 输入历史 - 类型: K_code, 内容: K-200-000344, 当前表达式: K-200-000344 
2025-04-29 12:25:13,140 [INFO] gui.config_panel - ConfigPanel: 成功发送代码到逻辑面板: K-200-000344
2025-04-29 12:25:14,024 [INFO] gui.logic_panel - LogicPanel: 输入历史 - 类型: operator, 内容: →, 当前表达式: K-200-000344  → 
2025-04-29 12:25:14,846 [DEBUG] gui.bom_panel - BomPanel: 双击选中项 ID: I025
2025-04-29 12:25:14,847 [DEBUG] gui.bom_panel - BomPanel: 选中项文本: [2] PL-Sitze02
2025-04-29 12:25:15,810 [DEBUG] gui.bom_panel - BomPanel: 双击选中项 ID: I04B
2025-04-29 12:25:15,812 [DEBUG] gui.bom_panel - BomPanel: 选中项文本: 1161296 - PA-Sitz Std. mechanisch / BA-seat mechanically
Z-Cab NG Einflaschengerät / Z-Cab NG single-bottle device
2025-04-29 12:25:15,813 [DEBUG] gui.bom_panel - BomPanel: 提取到Baugruppe: 1161296
2025-04-29 12:25:15,814 [DEBUG] gui.bom_panel - BomPanel: 提取到占位符: PL-Sitze04
2025-04-29 12:25:15,815 [DEBUG] gui.bom_panel - BomPanel: 构建的BOM码: PL-Sitze04-1161296
2025-04-29 12:25:15,815 [DEBUG] gui.bom_panel - BomPanel: 获取根窗口成功
2025-04-29 12:25:15,816 [DEBUG] gui.bom_panel - BomPanel: 获取MainWindow实例成功
2025-04-29 12:25:15,817 [DEBUG] gui.bom_panel - BomPanel: 找到逻辑面板
2025-04-29 12:25:15,818 [DEBUG] gui.logic_panel - LogicPanel: 开始插入代码: PL-Sitze04-1161296
2025-04-29 12:25:15,819 [DEBUG] gui.logic_panel - 验证BOM码: PL-Sitze04-1161296
2025-04-29 12:25:15,820 [INFO] gui.logic_panel - LogicPanel: 输入历史 - 类型: BOM_code, 内容: PL-Sitze04-1161296, 当前表达式: K-200-000344  → PL-Sitze04-1161296 
2025-04-29 12:25:15,821 [INFO] gui.bom_panel - BomPanel: 成功发送代码到逻辑面板: PL-Sitze04-1161296
2025-04-29 12:25:15,821 [INFO] gui.bom_panel - BomPanel: 成功插入BOM码: PL-Sitze04-1161296
2025-04-29 12:25:16,888 [DEBUG] core.logic_builder - 规则数据已保存到临时文件
2025-04-29 12:25:16,888 [INFO] gui.logic_panel - 收到规则变更事件: type=added, rule_id=BL02
2025-04-29 12:25:16,889 [INFO] gui.logic_panel - 已添加新规则: BL02
2025-04-29 12:25:20,429 [CRITICAL] __main__ - 未捕获的异常: 'LogicRule' object has no attribute 'rule_type'
Traceback (most recent call last):
  File "D:\Python\Lib\tkinter\__init__.py", line 2068, in __call__
    return self.func(*args)
           ~~~~~~~~~^^^^^^^
  File "c:\Users\mengy\Desktop\ZK_LogicBom_Builder\gui\logic_panel.py", line 468, in _edit_rule
    dialog = LogicRuleEditor(self, rule, self.logic_builder)
  File "c:\Users\mengy\Desktop\ZK_LogicBom_Builder\gui\logic_rule_editor.py", line 52, in __init__
    self._create_widgets()
    ~~~~~~~~~~~~~~~~~~~~^^
  File "c:\Users\mengy\Desktop\ZK_LogicBom_Builder\gui\logic_rule_editor.py", line 140, in _create_widgets
    if self.rule.rule_type == RuleType.DYNAMIC:
       ^^^^^^^^^^^^^^^^^^^
AttributeError: 'LogicRule' object has no attribute 'rule_type'
2025-04-29 12:25:20,455 [CRITICAL] __main__ - 详细错误栈:
['Traceback (most recent call last):\n', '  File "D:\\Python\\Lib\\tkinter\\__init__.py", line 2068, in __call__\n    return self.func(*args)\n           ~~~~~~~~~^^^^^^^\n', '  File "c:\\Users\\mengy\\Desktop\\ZK_LogicBom_Builder\\gui\\logic_panel.py", line 468, in _edit_rule\n    dialog = LogicRuleEditor(self, rule, self.logic_builder)\n', '  File "c:\\Users\\mengy\\Desktop\\ZK_LogicBom_Builder\\gui\\logic_rule_editor.py", line 52, in __init__\n    self._create_widgets()\n    ~~~~~~~~~~~~~~~~~~~~^^\n', '  File "c:\\Users\\mengy\\Desktop\\ZK_LogicBom_Builder\\gui\\logic_rule_editor.py", line 140, in _create_widgets\n    if self.rule.rule_type == RuleType.DYNAMIC:\n       ^^^^^^^^^^^^^^^^^^^\n', "AttributeError: 'LogicRule' object has no attribute 'rule_type'\n"]
Traceback (most recent call last):
  File "D:\Python\Lib\tkinter\__init__.py", line 2068, in __call__
    return self.func(*args)
           ~~~~~~~~~^^^^^^^
  File "c:\Users\mengy\Desktop\ZK_LogicBom_Builder\gui\logic_panel.py", line 468, in _edit_rule
    dialog = LogicRuleEditor(self, rule, self.logic_builder)
  File "c:\Users\mengy\Desktop\ZK_LogicBom_Builder\gui\logic_rule_editor.py", line 52, in __init__
    self._create_widgets()
    ~~~~~~~~~~~~~~~~~~~~^^
  File "c:\Users\mengy\Desktop\ZK_LogicBom_Builder\gui\logic_rule_editor.py", line 140, in _create_widgets
    if self.rule.rule_type == RuleType.DYNAMIC:
       ^^^^^^^^^^^^^^^^^^^
AttributeError: 'LogicRule' object has no attribute 'rule_type'
2025-04-29 12:26:04,689 [INFO] gui.logic_library_window - 已加载 2 条 BOM 逻辑关系规则
2025-04-29 12:26:05,827 [ERROR] gui.logic_library_window - 编辑规则失败: 'LogicRule' object has no attribute 'rule_type'
Traceback (most recent call last):
  File "c:\Users\mengy\Desktop\ZK_LogicBom_Builder\gui\logic_library_window.py", line 249, in _edit_selected_rule
    dialog = LogicRuleEditor(self, rule, self.logic_builder)
  File "c:\Users\mengy\Desktop\ZK_LogicBom_Builder\gui\logic_rule_editor.py", line 52, in __init__
    self._create_widgets()
    ~~~~~~~~~~~~~~~~~~~~^^
  File "c:\Users\mengy\Desktop\ZK_LogicBom_Builder\gui\logic_rule_editor.py", line 140, in _create_widgets
    if self.rule.rule_type == RuleType.DYNAMIC:
       ^^^^^^^^^^^^^^^^^^^
AttributeError: 'LogicRule' object has no attribute 'rule_type'
2025-04-29 12:26:09,403 [INFO] gui.logic_library_window - 已加载 2 条 BOM 逻辑关系规则
