2025-05-09 10:40:12,223 [INFO] root - 程序启动，日志文件: C:\Users\mengy\Desktop\ZK_LogicBom_Builder\logs\log_20250509_104012.log
2025-05-09 10:40:12,470 [INFO] __main__ - 正在启动程序...
2025-05-09 10:40:12,470 [DEBUG] __main__ - Python版本: 3.13.2 (tags/v3.13.2:4f8bb39, Feb  4 2025, 15:23:48) [MSC v.1942 64 bit (AMD64)]
2025-05-09 10:40:12,471 [DEBUG] __main__ - 当前工作目录: C:\Users\mengy\Desktop\ZK_LogicBom_Builder
2025-05-09 10:40:12,471 [DEBUG] __main__ - src_dir路径: c:\Users\mengy\Desktop\ZK_LogicBom_Builder
2025-05-09 10:40:12,493 [INFO] __main__ - 正在创建语言选择对话框...
2025-05-09 10:40:13,830 [INFO] gui.language_dialog_tk - 已选择语言: zh
2025-05-09 10:40:13,860 [INFO] __main__ - 语言选择结果: zh
2025-05-09 10:40:13,860 [INFO] __main__ - 正在创建主题选择对话框...
2025-05-09 10:40:13,860 [DEBUG] gui.theme_dialog_tk - 创建主题选择对话框
2025-05-09 10:40:13,864 [DEBUG] gui.theme_dialog_tk - 主题选择对话框创建完成
2025-05-09 10:40:14,477 [DEBUG] gui.theme_dialog_tk - 用户选择了light主题
2025-05-09 10:40:14,508 [INFO] __main__ - 主题选择结果: light
2025-05-09 10:40:14,525 [INFO] __main__ - 正在配置主窗口...
2025-05-09 10:40:14,658 [INFO] __main__ - 开始创建MainWindow实例...
2025-05-09 10:40:14,658 [INFO] core.logic_builder - 从 C:\Users\mengy\Desktop\ZK_LogicBom_Builder\data\temp_rules_latest.json 加载时检测到小写键名的新版规则文件格式 (bl_rules/tl_rules)。
2025-05-09 10:40:14,659 [INFO] core.logic_builder - 已加载 1 条规则从 C:\Users\mengy\Desktop\ZK_LogicBom_Builder\data\temp_rules_latest.json
2025-05-09 10:40:14,750 [INFO] gui.logic_panel - 规则未加载状态，等待用户确认后再加载规则
2025-05-09 10:40:14,788 [INFO] __main__ - MainWindow实例创建完成
2025-05-09 10:40:15,006 [INFO] __main__ - 开始mainloop()...
2025-05-09 10:40:16,817 [INFO] core.config_processor - 找到工作表: ['1.Kabine']
2025-05-09 10:40:16,817 [INFO] core.config_processor - 处理工作表: 1.Kabine -> 模块: 1.Kabine
2025-05-09 10:40:16,840 [INFO] gui.config_panel - 成功导入配置文件: C:/Users/mengy/Desktop/Kabinemekrmal(Test).xlsx
2025-05-09 10:40:16,842 [INFO] gui.main_window_tk - 成功保存配置文件路径到app_config.json: C:/Users/mengy/Desktop/Kabinemekrmal(Test).xlsx
2025-05-09 10:40:16,843 [INFO] gui.config_panel - 已保存配置文件路径到app_config.json: C:/Users/mengy/Desktop/Kabinemekrmal(Test).xlsx
2025-05-09 10:40:18,473 [INFO] core.bom_processor - 开始导入BOM文件: C:/Users/mengy/Desktop/Bom.xlsx
2025-05-09 10:40:18,474 [INFO] core.bom_processor - 已清空现有数据
2025-05-09 10:40:18,474 [INFO] core.bom_processor - 正在读取Excel文件...
2025-05-09 10:40:18,478 [INFO] core.bom_processor - 成功打开Excel文件，包含以下工作表: ['Max-Gruppe']
2025-05-09 10:40:18,478 [INFO] core.bom_processor - 正在读取 Max-Gruppe 工作表...
2025-05-09 10:40:18,488 [INFO] core.bom_processor - 成功读取工作表，共 154 行数据
2025-05-09 10:40:18,488 [INFO] core.bom_processor - 所有必需列均存在，开始处理数据...
2025-05-09 10:40:18,490 [INFO] core.bom_processor - 过滤空层级后剩余 153 行数据
2025-05-09 10:40:18,490 [INFO] core.bom_processor - 
开始处理数据...
2025-05-09 10:40:18,493 [INFO] core.bom_processor - 
数据处理完成，成功处理 {processed_count} 行数据
2025-05-09 10:40:18,493 [INFO] core.bom_processor - 第 1 级节点数量: 1
2025-05-09 10:40:18,494 [INFO] core.bom_processor - 第 2 级节点数量: 133
2025-05-09 10:40:18,494 [INFO] core.bom_processor - 第 3 级节点数量: 19
2025-05-09 10:40:18,494 [INFO] core.bom_processor - BOM文件导入成功，共处理 153 个项目
2025-05-09 10:40:18,494 [INFO] gui.bom_panel - 成功导入BOM文件: C:/Users/mengy/Desktop/Bom.xlsx
2025-05-09 10:40:18,495 [INFO] gui.bom_panel - 开始刷新树状图
2025-05-09 10:40:18,495 [INFO] gui.bom_panel - 树状图刷新完成
2025-05-09 10:40:18,496 [INFO] gui.main_window_tk - 成功保存BOM文件路径到app_config.json: C:/Users/mengy/Desktop/Bom.xlsx
2025-05-09 10:40:18,496 [INFO] gui.bom_panel - 已保存BOM文件路径到app_config.json: C:/Users/mengy/Desktop/Bom.xlsx
2025-05-09 10:40:21,608 [DEBUG] gui.config_panel - ConfigPanel: 双击选中项 ID: I003
2025-05-09 10:40:21,608 [DEBUG] gui.config_panel - ConfigPanel: 选中项文本: K-200-000000 Fzg: 9 Plätze
2025-05-09 10:40:21,609 [DEBUG] gui.config_panel - ConfigPanel: 提取的代码: K-200-000000
2025-05-09 10:40:21,609 [INFO] gui.config_panel - ConfigPanel: 准备插入特征值: K-200-000000
2025-05-09 10:40:21,609 [DEBUG] gui.config_panel - ConfigPanel: 获取根窗口成功
2025-05-09 10:40:21,609 [DEBUG] gui.config_panel - ConfigPanel: 获取MainWindow实例成功
2025-05-09 10:40:21,610 [DEBUG] gui.config_panel - ConfigPanel: 找到逻辑面板
2025-05-09 10:40:21,610 [DEBUG] gui.logic_panel - LogicPanel: 开始插入代码: K-200-000000
2025-05-09 10:40:21,610 [INFO] gui.logic_panel - LogicPanel: 输入历史 - 类型: K_code, 内容: K-200-000000, 当前表达式: K-200-000000 
2025-05-09 10:40:21,610 [INFO] gui.config_panel - ConfigPanel: 成功发送代码到逻辑面板: K-200-000000
2025-05-09 10:40:23,056 [INFO] gui.logic_panel - LogicPanel: 输入历史 - 类型: operator, 内容: →, 当前表达式: K-200-000000  → 
2025-05-09 10:40:25,188 [DEBUG] gui.bom_panel - BomPanel: 选中项文本: 1161296
PA-Sitz Std. mechanisch / BA-seat mechanically
Z-Cab NG Einflaschengerät / Z-Cab NG single-bottle device
2025-05-09 10:40:25,188 [DEBUG] gui.bom_panel - BomPanel: 提取到Baugruppe: 1161296
2025-05-09 10:40:25,188 [DEBUG] gui.bom_panel - BomPanel: 提取到占位符: PL-Sitze01
2025-05-09 10:40:25,189 [DEBUG] gui.bom_panel - BomPanel: 构建的BOM码: PL-Sitze01-1161296
2025-05-09 10:40:25,189 [DEBUG] gui.bom_panel - BomPanel: 获取根窗口成功
2025-05-09 10:40:25,189 [DEBUG] gui.bom_panel - BomPanel: 获取MainWindow实例成功
2025-05-09 10:40:25,189 [DEBUG] gui.bom_panel - BomPanel: 找到逻辑面板
2025-05-09 10:40:25,189 [DEBUG] gui.logic_panel - LogicPanel: 开始插入代码: PL-Sitze01-1161296
2025-05-09 10:40:25,190 [DEBUG] gui.logic_panel - 验证BOM码: PL-Sitze01-1161296
2025-05-09 10:40:25,190 [INFO] gui.logic_panel - LogicPanel: 输入历史 - 类型: BOM_code, 内容: PL-Sitze01-1161296, 当前表达式: K-200-000000  → PL-Sitze01-1161296 
2025-05-09 10:40:25,190 [INFO] gui.bom_panel - BomPanel: 成功发送代码到逻辑面板: PL-Sitze01-1161296
2025-05-09 10:40:25,190 [INFO] gui.bom_panel - BomPanel: 成功插入BOM码: PL-Sitze01-1161296
2025-05-09 10:40:26,054 [INFO] gui.logic_panel - 创建新的BOM逻辑规则ID: BL01
2025-05-09 10:40:26,055 [INFO] core.logic_builder - 已保存 1 条规则到临时文件 (C:\Users\mengy\Desktop\ZK_LogicBom_Builder\data\temp_rules_latest.json)
2025-05-09 10:40:26,055 [INFO] gui.logic_panel - 收到规则变更事件: type=added, rule_id=BL01
2025-05-09 10:40:26,056 [INFO] gui.logic_panel - 已添加新规则: BL01
2025-05-09 10:40:26,056 [INFO] gui.logic_panel - 成功保存规则: BL01, 条件: K-200-000000, 影响: PL-Sitze01-1161296, 状态: RuleStatus.ENABLED
2025-05-09 10:40:41,610 [DEBUG] gui.config_panel - ConfigPanel: 双击选中项 ID: I005
2025-05-09 10:40:41,611 [DEBUG] gui.config_panel - ConfigPanel: 选中项文本: K-200-000329 Fzg: 8 Plätze / 1+3+4+5+6+7
2025-05-09 10:40:41,612 [DEBUG] gui.config_panel - ConfigPanel: 提取的代码: K-200-000329
2025-05-09 10:40:41,612 [INFO] gui.config_panel - ConfigPanel: 准备插入特征值: K-200-000329
2025-05-09 10:40:41,613 [DEBUG] gui.config_panel - ConfigPanel: 获取根窗口成功
2025-05-09 10:40:41,613 [DEBUG] gui.config_panel - ConfigPanel: 获取MainWindow实例成功
2025-05-09 10:40:41,614 [DEBUG] gui.config_panel - ConfigPanel: 找到逻辑面板
2025-05-09 10:40:41,614 [DEBUG] gui.logic_panel - LogicPanel: 开始插入代码: K-200-000329
2025-05-09 10:40:41,615 [INFO] gui.logic_panel - LogicPanel: 输入历史 - 类型: K_code, 内容: K-200-000329, 当前表达式: K-200-000329 
2025-05-09 10:40:41,615 [INFO] gui.config_panel - ConfigPanel: 成功发送代码到逻辑面板: K-200-000329
2025-05-09 10:40:44,229 [INFO] gui.logic_panel - LogicPanel: 输入历史 - 类型: operator, 内容: →, 当前表达式: K-200-000329  → 
2025-05-09 10:40:46,826 [INFO] gui.logic_panel - 创建ON ADD微调逻辑: ON 231 ADD 21312
2025-05-09 10:40:46,827 [INFO] gui.logic_panel - 成功插入微调逻辑到表达式: K-200-000329 →  ON 231 ADD 21312
2025-05-09 10:40:49,919 [INFO] gui.logic_panel - 创建新的微调逻辑规则ID: TL01
2025-05-09 10:40:49,920 [INFO] core.logic_builder - 已保存 2 条规则到临时文件 (C:\Users\mengy\Desktop\ZK_LogicBom_Builder\data\temp_rules_latest.json)
2025-05-09 10:40:49,920 [INFO] gui.logic_panel - 收到规则变更事件: type=added, rule_id=TL01
2025-05-09 10:40:49,921 [INFO] gui.logic_panel - 已添加新规则: TL01
2025-05-09 10:40:49,922 [INFO] gui.logic_panel - 成功保存规则: TL01, 条件: K-200-000329, 影响: ON 231 ADD 21312, 状态: RuleStatus.ENABLED
2025-05-09 10:41:00,370 [INFO] core.logic_builder - 准备从临时文件加载规则: C:\Users\mengy\Desktop\ZK_LogicBom_Builder\data\temp_rules_latest.json
2025-05-09 10:41:00,371 [INFO] core.logic_builder - 加载时检测到新版大写键名规则文件格式 (BL_rules/TL_rules) 从 C:\Users\mengy\Desktop\ZK_LogicBom_Builder\data\temp_rules_latest.json。
2025-05-09 10:41:00,372 [INFO] gui.logic_panel - 收到规则变更事件: type=imported, rule_id=None
2025-05-09 10:41:00,372 [INFO] gui.logic_panel - 规则未加载状态，等待用户确认
2025-05-09 10:41:00,372 [INFO] core.logic_builder - 从临时文件 (C:\Users\mengy\Desktop\ZK_LogicBom_Builder\data\temp_rules_latest.json) 加载 2 条规则完成。导出状态: False
2025-05-09 10:41:00,373 [INFO] gui.logic_library_window - 已加载 2 条规则
2025-05-09 10:41:03,678 [INFO] core.logic_builder - 已保存 2 条规则到临时文件 (C:\Users\mengy\Desktop\ZK_LogicBom_Builder\data\temp_rules_latest.json)
2025-05-09 10:41:03,679 [INFO] gui.logic_panel - 收到规则变更事件: type=modified, rule_id=TL01
2025-05-09 10:41:03,679 [INFO] gui.logic_panel - 已更新规则: TL01
2025-05-09 10:41:03,679 [INFO] gui.logic_library_window - 收到规则变更事件: type=modified, rule_id=TL01
2025-05-09 10:41:03,680 [INFO] gui.logic_library_window - 已更新规则: TL01
2025-05-09 10:41:03,680 [INFO] gui.logic_library_window - 已更改规则状态: TL01 -> testing
2025-05-09 10:41:07,371 [INFO] core.logic_builder - 已保存 2 条规则到临时文件 (C:\Users\mengy\Desktop\ZK_LogicBom_Builder\data\temp_rules_latest.json)
2025-05-09 10:41:07,372 [INFO] gui.logic_panel - 收到规则变更事件: type=modified, rule_id=TL01
2025-05-09 10:41:07,372 [INFO] gui.logic_panel - 已更新规则: TL01
2025-05-09 10:41:07,372 [INFO] gui.logic_library_window - 收到规则变更事件: type=modified, rule_id=TL01
2025-05-09 10:41:07,372 [INFO] gui.logic_library_window - 已更新规则: TL01
2025-05-09 10:41:07,372 [INFO] gui.logic_library_window - 已更改规则状态: TL01 -> disabled
2025-05-09 10:41:11,416 [INFO] core.logic_builder - 已保存 2 条规则到临时文件 (C:\Users\mengy\Desktop\ZK_LogicBom_Builder\data\temp_rules_latest.json)
2025-05-09 10:41:11,416 [INFO] gui.logic_library_window - 已保存技术文档到临时文件: TL01 -> C:/Users/mengy/Desktop/2.docx
2025-05-09 10:41:11,417 [INFO] gui.logic_panel - 收到规则变更事件: type=modified, rule_id=TL01
2025-05-09 10:41:11,417 [INFO] gui.logic_panel - 已更新规则: TL01
2025-05-09 10:41:11,417 [INFO] gui.logic_library_window - 收到规则变更事件: type=modified, rule_id=TL01
2025-05-09 10:41:11,417 [INFO] gui.logic_library_window - 已更新规则: TL01
2025-05-09 10:41:23,870 [INFO] core.logic_builder - 已保存 2 条规则到临时文件 (C:\Users\mengy\Desktop\ZK_LogicBom_Builder\data\temp_rules_latest.json)
2025-05-09 10:41:23,871 [INFO] gui.logic_library_window - 已保存标签到临时文件: TL01 -> 1,2,3,4
2025-05-09 10:41:23,872 [INFO] gui.logic_panel - 收到规则变更事件: type=modified, rule_id=TL01
2025-05-09 10:41:23,872 [INFO] gui.logic_panel - 已更新规则: TL01
2025-05-09 10:41:23,873 [INFO] gui.logic_library_window - 收到规则变更事件: type=modified, rule_id=TL01
2025-05-09 10:41:23,873 [INFO] gui.logic_library_window - 已更新规则: TL01
2025-05-09 10:41:25,376 [INFO] gui.logic_library_window - 搜索 '2' 完成：显示 1/2 条规则
2025-05-09 10:41:25,408 [INFO] gui.logic_library_window - 搜索 '21' 完成：显示 0/2 条规则
2025-05-09 10:41:26,047 [INFO] gui.logic_library_window - 搜索 '211' 完成：显示 0/2 条规则
2025-05-09 10:41:26,113 [INFO] gui.logic_library_window - 搜索 '2112' 完成：显示 0/2 条规则
2025-05-09 10:41:27,014 [INFO] gui.logic_library_window - 搜索 '211' 完成：显示 0/2 条规则
2025-05-09 10:41:27,192 [INFO] gui.logic_library_window - 搜索 '21' 完成：显示 0/2 条规则
2025-05-09 10:41:27,375 [INFO] gui.logic_library_window - 搜索 '2' 完成：显示 1/2 条规则
2025-05-09 10:41:27,543 [INFO] gui.logic_library_window - 已显示所有规则（共 2 条）
2025-05-09 10:41:27,706 [INFO] gui.logic_library_window - 搜索 '1' 完成：显示 2/2 条规则
2025-05-09 10:41:28,352 [INFO] gui.logic_library_window - 已显示所有规则（共 2 条）
2025-05-09 10:41:31,545 [INFO] gui.logic_library_window - 搜索 '1' 完成：显示 2/2 条规则
2025-05-09 10:42:48,666 [INFO] core.logic_builder - 准备从临时文件加载规则: C:\Users\mengy\Desktop\ZK_LogicBom_Builder\data\temp_rules_latest.json
2025-05-09 10:42:48,667 [INFO] core.logic_builder - 加载时检测到新版大写键名规则文件格式 (BL_rules/TL_rules) 从 C:\Users\mengy\Desktop\ZK_LogicBom_Builder\data\temp_rules_latest.json。
2025-05-09 10:42:48,667 [INFO] gui.logic_panel - 收到规则变更事件: type=imported, rule_id=None
2025-05-09 10:42:48,667 [INFO] gui.logic_panel - 规则未加载状态，等待用户确认
2025-05-09 10:42:48,668 [INFO] core.logic_builder - 从临时文件 (C:\Users\mengy\Desktop\ZK_LogicBom_Builder\data\temp_rules_latest.json) 加载 2 条规则完成。导出状态: False
2025-05-09 10:42:48,668 [INFO] gui.logic_library_window - 已加载 2 条规则
