2025-04-23 13:36:08,152 [INFO] root - 程序启动，日志文件: C:\Users\mengy\Desktop\ZK_LogicBom_Builder\logs\log_20250423_133608.log
2025-04-23 13:36:08,405 [INFO] __main__ - 正在启动程序...
2025-04-23 13:36:08,405 [DEBUG] __main__ - Python版本: 3.13.2 (tags/v3.13.2:4f8bb39, Feb  4 2025, 15:23:48) [MSC v.1942 64 bit (AMD64)]
2025-04-23 13:36:08,405 [DEBUG] __main__ - 当前工作目录: C:\Users\mengy\Desktop\ZK_LogicBom_Builder
2025-04-23 13:36:08,405 [DEBUG] __main__ - src_dir路径: c:\Users\mengy\Desktop\ZK_LogicBom_Builder
2025-04-23 13:36:08,425 [INFO] __main__ - 正在创建语言选择对话框...
2025-04-23 13:36:11,383 [INFO] gui.language_dialog_tk - 已选择语言: zh
2025-04-23 13:36:11,407 [INFO] __main__ - 语言选择结果: zh
2025-04-23 13:36:11,408 [INFO] __main__ - 正在创建主题选择对话框...
2025-04-23 13:36:11,408 [DEBUG] gui.theme_dialog_tk - 创建主题选择对话框
2025-04-23 13:36:11,413 [DEBUG] gui.theme_dialog_tk - 主题选择对话框创建完成
2025-04-23 13:36:12,381 [DEBUG] gui.theme_dialog_tk - 用户选择了light主题
2025-04-23 13:36:12,408 [INFO] __main__ - 主题选择结果: light
2025-04-23 13:36:12,412 [INFO] __main__ - 正在配置主窗口...
2025-04-23 13:36:12,549 [INFO] __main__ - 开始创建MainWindow实例...
2025-04-23 13:36:12,550 [INFO] core.logic_builder - 已加载 6 条规则
2025-04-23 13:36:12,625 [INFO] __main__ - MainWindow实例创建完成
2025-04-23 13:36:12,964 [INFO] __main__ - 开始mainloop()...
2025-04-23 13:36:27,273 [INFO] core.config_processor - 找到工作表: ['TD', '0.模板&Vorlage', '1.Fahrgestell', '2.Fahrzeug allgemein', '3.Beschriftung&Kennzeichnung', '4. Anbauten&Fahrgestellarbeiten', '5. Fahrer_Mannschaftsraum', '6.Koffer', '7.Lichtmast', '8.Pumpenanlage', '9.Seilwinde&Generator', '10.Halterungen']
2025-04-23 13:36:27,273 [DEBUG] core.config_processor - 跳过工作表: TD
2025-04-23 13:36:27,273 [DEBUG] core.config_processor - 跳过工作表: 0.模板&Vorlage
2025-04-23 13:36:27,273 [INFO] core.config_processor - 处理工作表: 1.Fahrgestell -> 模块: 1.Fahrgestell
2025-04-23 13:36:27,290 [INFO] core.config_processor - 处理工作表: 2.Fahrzeug allgemein -> 模块: 2.Fahrzeug allgemein
2025-04-23 13:36:27,306 [INFO] core.config_processor - 处理工作表: 3.Beschriftung&Kennzeichnung -> 模块: 3.Beschriftung&Kennzeichnung
2025-04-23 13:36:27,323 [INFO] core.config_processor - 处理工作表: 4. Anbauten&Fahrgestellarbeiten -> 模块: 4.Anbauten&Fahrgestellarbeiten
2025-04-23 13:36:27,338 [INFO] core.config_processor - 处理工作表: 5. Fahrer_Mannschaftsraum -> 模块: 5.Fahrer_Mannschaftsraum
2025-04-23 13:36:27,358 [INFO] core.config_processor - 处理工作表: 6.Koffer -> 模块: 6.Koffer
2025-04-23 13:36:27,374 [INFO] core.config_processor - 处理工作表: 7.Lichtmast -> 模块: 7.Lichtmast
2025-04-23 13:36:27,389 [INFO] core.config_processor - 处理工作表: 8.Pumpenanlage -> 模块: 8.Pumpenanlage
2025-04-23 13:36:27,406 [INFO] core.config_processor - 处理工作表: 9.Seilwinde&Generator -> 模块: 9.Seilwinde&Generator
2025-04-23 13:36:27,421 [INFO] core.config_processor - 处理工作表: 10.Halterungen -> 模块: 10.Halterungen
2025-04-23 13:36:27,437 [INFO] gui.config_panel - 成功导入配置文件: C:/Users/mengy/Desktop/配置选项_Konfigurationsoptions.xlsm
2025-04-23 13:36:27,440 [INFO] gui.main_window_tk - 成功保存配置文件路径到app_config.json: C:/Users/mengy/Desktop/配置选项_Konfigurationsoptions.xlsm
2025-04-23 13:36:27,440 [INFO] gui.config_panel - 已保存配置文件路径到app_config.json: C:/Users/mengy/Desktop/配置选项_Konfigurationsoptions.xlsm
2025-04-23 13:36:28,493 [INFO] core.bom_processor - 开始导入BOM文件: C:/Users/mengy/Desktop/BOM映射表.xlsx
2025-04-23 13:36:28,498 [INFO] core.bom_processor - 找到工作表: ['MAX-gruppe', 'K码表', '配置', 'Sheet1']
2025-04-23 13:36:28,509 [INFO] core.bom_processor - BOM文件导入成功
2025-04-23 13:36:28,509 [INFO] gui.bom_panel - 成功导入BOM文件: C:/Users/mengy/Desktop/BOM映射表.xlsx
2025-04-23 13:36:28,511 [INFO] gui.main_window_tk - 成功保存BOM文件路径到app_config.json: C:/Users/mengy/Desktop/BOM映射表.xlsx
2025-04-23 13:36:28,512 [INFO] gui.bom_panel - 已保存BOM文件路径到app_config.json: C:/Users/mengy/Desktop/BOM映射表.xlsx
2025-04-23 13:36:32,658 [DEBUG] gui.config_panel - ConfigPanel: 双击选中项 ID: I0BB
2025-04-23 13:36:32,659 [DEBUG] gui.config_panel - ConfigPanel: 选中项文本: K04_02_03 800 l
2025-04-23 13:36:32,660 [DEBUG] gui.config_panel - ConfigPanel: 提取的代码: K04_02_03
2025-04-23 13:36:32,661 [INFO] gui.config_panel - ConfigPanel: 准备插入K码: K04_02_03
2025-04-23 13:36:32,662 [DEBUG] gui.config_panel - ConfigPanel: 获取根窗口成功
2025-04-23 13:36:32,663 [DEBUG] gui.config_panel - ConfigPanel: 获取MainWindow实例成功
2025-04-23 13:36:32,663 [DEBUG] gui.config_panel - ConfigPanel: 找到逻辑面板
2025-04-23 13:36:32,664 [DEBUG] gui.logic_panel - LogicPanel: 开始插入代码: K04_02_03
2025-04-23 13:36:32,665 [INFO] gui.logic_panel - LogicPanel: 输入历史 - 类型: K_code, 内容: K04_02_03, 当前表达式: K04_02_03 
2025-04-23 13:36:32,666 [INFO] gui.config_panel - ConfigPanel: 成功发送代码到逻辑面板: K04_02_03
2025-04-23 13:36:34,065 [INFO] gui.logic_panel - LogicPanel: 输入历史 - 类型: operator, 内容: →, 当前表达式: K04_02_03  → 
2025-04-23 13:36:34,954 [DEBUG] gui.bom_panel - BomPanel: 双击选中项 ID: I005
2025-04-23 13:36:34,955 [DEBUG] gui.bom_panel - BomPanel: 选中项文本: [2] PL-GrundKabine 10019234 - Modulkabine Standard MAN Euro 6 18T
Modul cabin standard MAN Euro 6 18T
(Z-Cab NG Alpas 3 RAL XXXX
Z-Cab NG Alpas 3 RAL XXXX)
2025-04-23 13:36:34,956 [DEBUG] gui.bom_panel - BomPanel: 提取到占位符: PL-GrundKabine, Baugruppe: 10019234
2025-04-23 13:36:34,957 [INFO] gui.bom_panel - BomPanel: 准备插入BOM码: PL-GrundKabine-10019234
2025-04-23 13:36:34,958 [DEBUG] gui.bom_panel - BomPanel: 获取根窗口成功
2025-04-23 13:36:34,959 [DEBUG] gui.bom_panel - BomPanel: 获取MainWindow实例成功
2025-04-23 13:36:34,959 [DEBUG] gui.bom_panel - BomPanel: 找到逻辑面板
2025-04-23 13:36:34,960 [DEBUG] gui.logic_panel - LogicPanel: 开始插入代码: PL-GrundKabine-10019234
2025-04-23 13:36:34,961 [DEBUG] gui.logic_panel - 验证BOM码: PL-GrundKabine-10019234
2025-04-23 13:36:34,962 [INFO] gui.logic_panel - LogicPanel: 输入历史 - 类型: BOM_code, 内容: PL-GrundKabine-10019234, 当前表达式: K04_02_03  → PL-GrundKabine-10019234 
2025-04-23 13:36:34,963 [INFO] gui.bom_panel - BomPanel: 成功发送代码到逻辑面板: PL-GrundKabine-10019234
