2025-05-05 15:45:44,200 [INFO] root - 程序启动，日志文件: C:\Users\mengy\Desktop\ZK_LogicBom_Builder\logs\log_20250505_154544.log
2025-05-05 15:45:44,439 [INFO] __main__ - 正在启动程序...
2025-05-05 15:45:44,439 [DEBUG] __main__ - Python版本: 3.13.2 (tags/v3.13.2:4f8bb39, Feb  4 2025, 15:23:48) [MSC v.1942 64 bit (AMD64)]
2025-05-05 15:45:44,439 [DEBUG] __main__ - 当前工作目录: C:\Users\mengy\Desktop\ZK_LogicBom_Builder
2025-05-05 15:45:44,439 [DEBUG] __main__ - src_dir路径: c:\Users\mengy\Desktop\ZK_LogicBom_Builder
2025-05-05 15:45:44,459 [INFO] __main__ - 正在创建语言选择对话框...
2025-05-05 15:45:45,750 [INFO] gui.language_dialog_tk - 已选择语言: zh
2025-05-05 15:45:45,770 [INFO] __main__ - 语言选择结果: zh
2025-05-05 15:45:45,770 [INFO] __main__ - 正在创建主题选择对话框...
2025-05-05 15:45:45,770 [DEBUG] gui.theme_dialog_tk - 创建主题选择对话框
2025-05-05 15:45:45,776 [DEBUG] gui.theme_dialog_tk - 主题选择对话框创建完成
2025-05-05 15:45:46,454 [DEBUG] gui.theme_dialog_tk - 用户选择了light主题
2025-05-05 15:45:46,461 [INFO] __main__ - 主题选择结果: light
2025-05-05 15:45:46,470 [INFO] __main__ - 正在配置主窗口...
2025-05-05 15:45:46,566 [INFO] __main__ - 开始创建MainWindow实例...
2025-05-05 15:45:46,567 [INFO] core.logic_builder - 已加载 2 条规则
2025-05-05 15:45:46,612 [INFO] gui.logic_panel - 规则未加载状态，等待用户确认后再加载规则
2025-05-05 15:45:46,619 [INFO] __main__ - MainWindow实例创建完成
2025-05-05 15:45:46,769 [INFO] __main__ - 开始mainloop()...
2025-05-05 15:45:48,873 [INFO] core.config_processor - 找到工作表: ['1.Kabine']
2025-05-05 15:45:48,873 [INFO] core.config_processor - 处理工作表: 1.Kabine -> 模块: 1.Kabine
2025-05-05 15:45:48,895 [INFO] gui.config_panel - 成功导入配置文件: C:/Users/mengy/Desktop/Kabinemekrmal(Test).xlsx
2025-05-05 15:45:48,898 [INFO] gui.main_window_tk - 成功保存配置文件路径到app_config.json: C:/Users/mengy/Desktop/Kabinemekrmal(Test).xlsx
2025-05-05 15:45:48,898 [INFO] gui.config_panel - 已保存配置文件路径到app_config.json: C:/Users/mengy/Desktop/Kabinemekrmal(Test).xlsx
2025-05-05 15:45:49,965 [INFO] core.bom_processor - 开始导入BOM文件: C:/Users/mengy/Desktop/Bom.xlsx
2025-05-05 15:45:49,965 [INFO] core.bom_processor - 已清空现有数据
2025-05-05 15:45:49,966 [INFO] core.bom_processor - 正在读取Excel文件...
2025-05-05 15:45:49,971 [INFO] core.bom_processor - 成功打开Excel文件，包含以下工作表: ['Max-Gruppe']
2025-05-05 15:45:49,971 [INFO] core.bom_processor - 正在读取 Max-Gruppe 工作表...
2025-05-05 15:45:49,982 [INFO] core.bom_processor - 成功读取工作表，共 154 行数据
2025-05-05 15:45:49,982 [INFO] core.bom_processor - 所有必需列均存在，开始处理数据...
2025-05-05 15:45:49,983 [INFO] core.bom_processor - 过滤空层级后剩余 153 行数据
2025-05-05 15:45:49,984 [INFO] core.bom_processor - 
开始处理数据...
2025-05-05 15:45:49,987 [INFO] core.bom_processor - 
数据处理完成，成功处理 {processed_count} 行数据
2025-05-05 15:45:49,987 [INFO] core.bom_processor - 第 1 级节点数量: 1
2025-05-05 15:45:49,987 [INFO] core.bom_processor - 第 2 级节点数量: 133
2025-05-05 15:45:49,988 [INFO] core.bom_processor - 第 3 级节点数量: 19
2025-05-05 15:45:49,988 [INFO] core.bom_processor - BOM文件导入成功，共处理 153 个项目
2025-05-05 15:45:49,989 [INFO] gui.bom_panel - 成功导入BOM文件: C:/Users/mengy/Desktop/Bom.xlsx
2025-05-05 15:45:49,989 [INFO] gui.bom_panel - 开始刷新树状图
2025-05-05 15:45:49,989 [INFO] gui.bom_panel - 树状图刷新完成
2025-05-05 15:45:49,990 [INFO] gui.main_window_tk - 成功保存BOM文件路径到app_config.json: C:/Users/mengy/Desktop/Bom.xlsx
2025-05-05 15:45:49,991 [INFO] gui.bom_panel - 已保存BOM文件路径到app_config.json: C:/Users/mengy/Desktop/Bom.xlsx
2025-05-05 15:45:51,703 [INFO] core.logic_builder - 规则数据已成功清空
2025-05-05 15:45:51,703 [INFO] gui.logic_panel - 收到规则变更事件: type=cleared, rule_id=None
2025-05-05 15:45:51,704 [INFO] gui.logic_panel - 已清空所有规则，重置规则已加载标志
2025-05-05 15:45:51,704 [INFO] gui.main_window_tk - 用户取消加载规则，设置规则已加载标志为False
2025-05-05 15:45:53,717 [DEBUG] gui.config_panel - ConfigPanel: 双击选中项 ID: I003
2025-05-05 15:45:53,718 [DEBUG] gui.config_panel - ConfigPanel: 选中项文本: K-200-000000 Fzg: 9 Plätze
2025-05-05 15:45:53,718 [DEBUG] gui.config_panel - ConfigPanel: 提取的代码: K-200-000000
2025-05-05 15:45:53,719 [INFO] gui.config_panel - ConfigPanel: 准备插入特征值: K-200-000000
2025-05-05 15:45:53,720 [DEBUG] gui.config_panel - ConfigPanel: 获取根窗口成功
2025-05-05 15:45:53,721 [DEBUG] gui.config_panel - ConfigPanel: 获取MainWindow实例成功
2025-05-05 15:45:53,721 [DEBUG] gui.config_panel - ConfigPanel: 找到逻辑面板
2025-05-05 15:45:53,722 [DEBUG] gui.logic_panel - LogicPanel: 开始插入代码: K-200-000000
2025-05-05 15:45:53,723 [INFO] gui.logic_panel - LogicPanel: 输入历史 - 类型: K_code, 内容: K-200-000000, 当前表达式: K-200-000000 
2025-05-05 15:45:53,724 [INFO] gui.config_panel - ConfigPanel: 成功发送代码到逻辑面板: K-200-000000
2025-05-05 15:45:54,860 [INFO] gui.logic_panel - LogicPanel: 输入历史 - 类型: operator, 内容: →, 当前表达式: K-200-000000  → 
2025-05-05 15:45:56,863 [DEBUG] gui.bom_panel - BomPanel: 选中项文本: 10019232
Modulkabine Standard MAN Euro 6 18T
Modul cabin standard MAN Euro 6 18T
Z-Cab NG Alpas 3 RAL 3020
Z-Cab NG Alpas 3 RAL 3020
2025-05-05 15:45:56,865 [DEBUG] gui.bom_panel - BomPanel: 提取到Baugruppe: 10019232
2025-05-05 15:45:56,866 [DEBUG] gui.bom_panel - BomPanel: 提取到占位符: PL-GrundKabine
2025-05-05 15:45:56,867 [DEBUG] gui.bom_panel - BomPanel: 构建的BOM码: PL-GrundKabine-10019232
2025-05-05 15:45:56,868 [DEBUG] gui.bom_panel - BomPanel: 获取根窗口成功
2025-05-05 15:45:56,868 [DEBUG] gui.bom_panel - BomPanel: 获取MainWindow实例成功
2025-05-05 15:45:56,869 [DEBUG] gui.bom_panel - BomPanel: 找到逻辑面板
2025-05-05 15:45:56,870 [DEBUG] gui.logic_panel - LogicPanel: 开始插入代码: PL-GrundKabine-10019232
2025-05-05 15:45:56,871 [DEBUG] gui.logic_panel - 验证BOM码: PL-GrundKabine-10019232
2025-05-05 15:45:56,872 [INFO] gui.logic_panel - LogicPanel: 输入历史 - 类型: BOM_code, 内容: PL-GrundKabine-10019232, 当前表达式: K-200-000000  → PL-GrundKabine-10019232 
2025-05-05 15:45:56,873 [INFO] gui.bom_panel - BomPanel: 成功发送代码到逻辑面板: PL-GrundKabine-10019232
2025-05-05 15:45:56,873 [INFO] gui.bom_panel - BomPanel: 成功插入BOM码: PL-GrundKabine-10019232
2025-05-05 15:45:58,274 [INFO] gui.logic_panel - 创建新的BOM逻辑规则ID: BL01
2025-05-05 15:45:58,276 [INFO] core.logic_builder - 已保存 1 条规则到临时文件
2025-05-05 15:45:58,277 [INFO] gui.logic_panel - 收到规则变更事件: type=added, rule_id=BL01
2025-05-05 15:45:58,278 [INFO] gui.logic_panel - 已添加新规则: BL01
2025-05-05 15:45:58,278 [INFO] gui.logic_panel - 成功保存规则: BL01, 条件: K-200-000000, 影响: PL-GrundKabine-10019232, 状态: RuleStatus.ENABLED
2025-05-05 15:46:07,926 [DEBUG] gui.config_panel - ConfigPanel: 双击选中项 ID: I004
2025-05-05 15:46:07,927 [DEBUG] gui.config_panel - ConfigPanel: 选中项文本: K-200-000001 Fzg: 8 Plätze / Actiontower S2
2025-05-05 15:46:07,928 [DEBUG] gui.config_panel - ConfigPanel: 提取的代码: K-200-000001
2025-05-05 15:46:07,928 [INFO] gui.config_panel - ConfigPanel: 准备插入特征值: K-200-000001
2025-05-05 15:46:07,929 [DEBUG] gui.config_panel - ConfigPanel: 获取根窗口成功
2025-05-05 15:46:07,930 [DEBUG] gui.config_panel - ConfigPanel: 获取MainWindow实例成功
2025-05-05 15:46:07,930 [DEBUG] gui.config_panel - ConfigPanel: 找到逻辑面板
2025-05-05 15:46:07,931 [DEBUG] gui.logic_panel - LogicPanel: 开始插入代码: K-200-000001
2025-05-05 15:46:07,932 [INFO] gui.logic_panel - LogicPanel: 输入历史 - 类型: K_code, 内容: K-200-000001, 当前表达式: K-200-000001 
2025-05-05 15:46:07,932 [INFO] gui.config_panel - ConfigPanel: 成功发送代码到逻辑面板: K-200-000001
2025-05-05 15:46:08,789 [INFO] gui.logic_panel - LogicPanel: 输入历史 - 类型: operator, 内容: →, 当前表达式: K-200-000001  → 
2025-05-05 15:46:10,791 [INFO] gui.logic_panel - 创建ON ADD微调逻辑: ON 123 ADD 1231
2025-05-05 15:46:10,792 [INFO] gui.logic_panel - 成功插入微调逻辑到表达式: K-200-000001 →  ON 123 ADD 1231
2025-05-05 15:46:11,643 [INFO] gui.logic_panel - 创建新的微调逻辑规则ID: TL01
2025-05-05 15:46:11,644 [INFO] core.logic_builder - 已保存 2 条规则到临时文件
2025-05-05 15:46:11,645 [INFO] gui.logic_panel - 收到规则变更事件: type=added, rule_id=TL01
2025-05-05 15:46:11,645 [INFO] gui.logic_panel - 已添加新规则: TL01
2025-05-05 15:46:11,646 [INFO] gui.logic_panel - 成功保存规则: TL01, 条件: K-200-000001, 影响: ON 123 ADD 1231, 状态: RuleStatus.ENABLED
2025-05-05 15:46:21,204 [ERROR] gui.main_window_tk - 导出BOM逻辑关系失败: 'LogicRule' object has no attribute 'logic_id'
Traceback (most recent call last):
  File "c:\Users\mengy\Desktop\ZK_LogicBom_Builder\gui\main_window_tk.py", line 821, in _export_logic_rules
    "logic_id": rule.logic_id,
                ^^^^^^^^^^^^^
AttributeError: 'LogicRule' object has no attribute 'logic_id'
