2025-04-23 11:30:09,423 [INFO] root - 程序启动，日志文件: C:\Users\mengy\Desktop\ZK_LogicBom_Builder\logs\log_20250423_113009.log
2025-04-23 11:30:09,655 [INFO] __main__ - 正在启动程序...
2025-04-23 11:30:09,656 [DEBUG] __main__ - Python版本: 3.13.2 (tags/v3.13.2:4f8bb39, Feb  4 2025, 15:23:48) [MSC v.1942 64 bit (AMD64)]
2025-04-23 11:30:09,656 [DEBUG] __main__ - 当前工作目录: C:\Users\mengy\Desktop\ZK_LogicBom_Builder
2025-04-23 11:30:09,656 [DEBUG] __main__ - src_dir路径: c:\Users\mengy\Desktop\ZK_LogicBom_Builder
2025-04-23 11:30:09,677 [INFO] __main__ - 正在创建语言选择对话框...
2025-04-23 11:30:11,047 [INFO] gui.language_dialog_tk - 已选择语言: zh
2025-04-23 11:30:11,069 [INFO] __main__ - 语言选择结果: zh
2025-04-23 11:30:11,069 [INFO] __main__ - 正在创建主题选择对话框...
2025-04-23 11:30:11,069 [DEBUG] gui.theme_dialog_tk - 创建主题选择对话框
2025-04-23 11:30:11,075 [DEBUG] gui.theme_dialog_tk - 主题选择对话框创建完成
2025-04-23 11:30:12,005 [DEBUG] gui.theme_dialog_tk - 用户选择了light主题
2025-04-23 11:30:12,031 [INFO] __main__ - 主题选择结果: light
2025-04-23 11:30:12,034 [INFO] __main__ - 正在配置主窗口...
2025-04-23 11:30:12,108 [INFO] __main__ - 开始创建MainWindow实例...
2025-04-23 11:30:12,109 [INFO] core.logic_builder - 已加载 6 条规则
2025-04-23 11:30:12,143 [INFO] __main__ - MainWindow实例创建完成
2025-04-23 11:30:12,401 [INFO] __main__ - 开始mainloop()...
2025-04-23 11:30:14,063 [INFO] core.config_processor - 找到工作表: ['TD', '0.模板&Vorlage', '1.Fahrgestell', '2.Fahrzeug allgemein', '3.Beschriftung&Kennzeichnung', '4. Anbauten&Fahrgestellarbeiten', '5. Fahrer_Mannschaftsraum', '6.Koffer', '7.Lichtmast', '8.Pumpenanlage', '9.Seilwinde&Generator', '10.Halterungen']
2025-04-23 11:30:14,064 [DEBUG] core.config_processor - 跳过工作表: TD
2025-04-23 11:30:14,064 [DEBUG] core.config_processor - 跳过工作表: 0.模板&Vorlage
2025-04-23 11:30:14,064 [INFO] core.config_processor - 处理工作表: 1.Fahrgestell -> 模块: 1.Fahrgestell
2025-04-23 11:30:14,081 [INFO] core.config_processor - 处理工作表: 2.Fahrzeug allgemein -> 模块: 2.Fahrzeug allgemein
2025-04-23 11:30:14,098 [INFO] core.config_processor - 处理工作表: 3.Beschriftung&Kennzeichnung -> 模块: 3.Beschriftung&Kennzeichnung
2025-04-23 11:30:14,114 [INFO] core.config_processor - 处理工作表: 4. Anbauten&Fahrgestellarbeiten -> 模块: 4.Anbauten&Fahrgestellarbeiten
2025-04-23 11:30:14,129 [INFO] core.config_processor - 处理工作表: 5. Fahrer_Mannschaftsraum -> 模块: 5.Fahrer_Mannschaftsraum
2025-04-23 11:30:14,150 [INFO] core.config_processor - 处理工作表: 6.Koffer -> 模块: 6.Koffer
2025-04-23 11:30:14,165 [INFO] core.config_processor - 处理工作表: 7.Lichtmast -> 模块: 7.Lichtmast
2025-04-23 11:30:14,180 [INFO] core.config_processor - 处理工作表: 8.Pumpenanlage -> 模块: 8.Pumpenanlage
2025-04-23 11:30:14,196 [INFO] core.config_processor - 处理工作表: 9.Seilwinde&Generator -> 模块: 9.Seilwinde&Generator
2025-04-23 11:30:14,211 [INFO] core.config_processor - 处理工作表: 10.Halterungen -> 模块: 10.Halterungen
2025-04-23 11:30:14,226 [INFO] gui.config_panel - 成功导入配置文件: C:/Users/mengy/Desktop/配置选项_Konfigurationsoptions.xlsm
2025-04-23 11:30:14,229 [INFO] gui.main_window_tk - 成功保存配置文件路径到app_config.json: C:/Users/mengy/Desktop/配置选项_Konfigurationsoptions.xlsm
2025-04-23 11:30:14,229 [INFO] gui.config_panel - 已保存配置文件路径到app_config.json: C:/Users/mengy/Desktop/配置选项_Konfigurationsoptions.xlsm
2025-04-23 11:30:16,991 [INFO] core.bom_processor - 开始导入BOM文件: C:/Users/mengy/Desktop/BOM映射表.xlsx
2025-04-23 11:30:16,999 [INFO] core.bom_processor - 找到工作表: ['MAX-gruppe', 'K码表', '配置', 'Sheet1']
2025-04-23 11:30:17,012 [INFO] core.bom_processor - BOM文件导入成功
2025-04-23 11:30:17,013 [INFO] gui.bom_panel - 成功导入BOM文件: C:/Users/mengy/Desktop/BOM映射表.xlsx
2025-04-23 11:30:17,014 [INFO] gui.main_window_tk - 成功保存BOM文件路径到app_config.json: C:/Users/mengy/Desktop/BOM映射表.xlsx
2025-04-23 11:30:17,014 [INFO] gui.bom_panel - 已保存BOM文件路径到app_config.json: C:/Users/mengy/Desktop/BOM映射表.xlsx
2025-04-23 11:30:19,002 [DEBUG] gui.bom_panel - BomPanel: 双击选中项 ID: I004
2025-04-23 11:30:19,003 [DEBUG] gui.bom_panel - BomPanel: 选中项文本: [2] PL-GrundKabine 10019233 - Modulkabine Standard MAN Euro 6 18T
Modul cabin standard MAN Euro 6 18T
(Z-Cab NG Alpas 3 RAL 9010
Z-Cab NG Alpas 3 RAL 9010)
2025-04-23 11:30:19,003 [WARNING] gui.bom_panel - BomPanel: 未找到项目数据: [2] PL-GrundKabine 10019233 - Modulkabine Standard MAN Euro 6 18T
Modul cabin standard MAN Euro 6 18T
(Z-Cab NG Alpas 3 RAL 9010
Z-Cab NG Alpas 3 RAL 9010)
2025-04-23 11:30:21,375 [DEBUG] gui.bom_panel - BomPanel: 双击选中项 ID: I004
2025-04-23 11:30:21,376 [DEBUG] gui.bom_panel - BomPanel: 选中项文本: [2] PL-GrundKabine 10019233 - Modulkabine Standard MAN Euro 6 18T
Modul cabin standard MAN Euro 6 18T
(Z-Cab NG Alpas 3 RAL 9010
Z-Cab NG Alpas 3 RAL 9010)
2025-04-23 11:30:21,376 [WARNING] gui.bom_panel - BomPanel: 未找到项目数据: [2] PL-GrundKabine 10019233 - Modulkabine Standard MAN Euro 6 18T
Modul cabin standard MAN Euro 6 18T
(Z-Cab NG Alpas 3 RAL 9010
Z-Cab NG Alpas 3 RAL 9010)
2025-04-23 11:30:22,610 [DEBUG] gui.bom_panel - BomPanel: 双击选中项 ID: I005
2025-04-23 11:30:22,611 [DEBUG] gui.bom_panel - BomPanel: 选中项文本: [2] PL-GrundKabine 10019234 - Modulkabine Standard MAN Euro 6 18T
Modul cabin standard MAN Euro 6 18T
(Z-Cab NG Alpas 3 RAL XXXX
Z-Cab NG Alpas 3 RAL XXXX)
2025-04-23 11:30:22,611 [WARNING] gui.bom_panel - BomPanel: 未找到项目数据: [2] PL-GrundKabine 10019234 - Modulkabine Standard MAN Euro 6 18T
Modul cabin standard MAN Euro 6 18T
(Z-Cab NG Alpas 3 RAL XXXX
Z-Cab NG Alpas 3 RAL XXXX)
2025-04-23 11:30:25,108 [DEBUG] gui.config_panel - ConfigPanel: 双击选中项 ID: I07A
2025-04-23 11:30:25,109 [DEBUG] gui.config_panel - ConfigPanel: 选中项文本: K03_03_01 RAL 3000 feuerrot
2025-04-23 11:30:25,109 [DEBUG] gui.config_panel - ConfigPanel: 提取的代码: K03_03_01
2025-04-23 11:30:25,110 [INFO] gui.config_panel - ConfigPanel: 准备插入K码: K03_03_01
2025-04-23 11:30:25,111 [DEBUG] gui.config_panel - ConfigPanel: 获取根窗口成功
2025-04-23 11:30:25,112 [DEBUG] gui.config_panel - ConfigPanel: 获取MainWindow实例成功
2025-04-23 11:30:25,113 [DEBUG] gui.config_panel - ConfigPanel: 找到逻辑面板
2025-04-23 11:30:25,113 [DEBUG] gui.logic_panel - LogicPanel: 开始插入代码: K03_03_01
2025-04-23 11:30:25,114 [INFO] gui.logic_panel - LogicPanel: 输入历史 - 类型: K_code, 内容: K03_03_01, 当前表达式: K03_03_01 
2025-04-23 11:30:25,115 [INFO] gui.config_panel - ConfigPanel: 成功发送代码到逻辑面板: K03_03_01
2025-04-23 11:30:28,163 [INFO] gui.logic_panel - LogicPanel: 输入历史 - 类型: operator, 内容: AND, 当前表达式: K03_03_01  AND 
2025-04-23 11:30:29,998 [DEBUG] gui.config_panel - ConfigPanel: 双击选中项 ID: I07A
2025-04-23 11:30:29,999 [DEBUG] gui.config_panel - ConfigPanel: 选中项文本: K03_03_01 RAL 3000 feuerrot
2025-04-23 11:30:29,999 [DEBUG] gui.config_panel - ConfigPanel: 提取的代码: K03_03_01
2025-04-23 11:30:29,999 [INFO] gui.config_panel - ConfigPanel: 准备插入K码: K03_03_01
2025-04-23 11:30:30,000 [DEBUG] gui.config_panel - ConfigPanel: 获取根窗口成功
2025-04-23 11:30:30,000 [DEBUG] gui.config_panel - ConfigPanel: 获取MainWindow实例成功
2025-04-23 11:30:30,000 [DEBUG] gui.config_panel - ConfigPanel: 找到逻辑面板
2025-04-23 11:30:30,000 [DEBUG] gui.logic_panel - LogicPanel: 开始插入代码: K03_03_01
2025-04-23 11:30:30,001 [INFO] gui.logic_panel - LogicPanel: 输入历史 - 类型: K_code, 内容: K03_03_01, 当前表达式: K03_03_01  AND K03_03_01 
2025-04-23 11:30:30,001 [INFO] gui.config_panel - ConfigPanel: 成功发送代码到逻辑面板: K03_03_01
2025-04-23 11:30:31,186 [DEBUG] gui.bom_panel - BomPanel: 双击选中项 ID: I006
2025-04-23 11:30:31,187 [DEBUG] gui.bom_panel - BomPanel: 选中项文本: [2] PL-GrundKabine 10019235 - Modulkabine Standard MAN Euro 6
Modul cabin standard MAN Euro 6
(Z-Cab NG Alpas 3 RAL 3000
Z-Cab NG Alpas 3 RAL 3000)
2025-04-23 11:30:31,188 [WARNING] gui.bom_panel - BomPanel: 未找到项目数据: [2] PL-GrundKabine 10019235 - Modulkabine Standard MAN Euro 6
Modul cabin standard MAN Euro 6
(Z-Cab NG Alpas 3 RAL 3000
Z-Cab NG Alpas 3 RAL 3000)
2025-04-23 11:31:46,388 [DEBUG] gui.bom_panel - BomPanel: 双击选中项 ID: I00B
2025-04-23 11:31:46,389 [DEBUG] gui.bom_panel - BomPanel: 选中项文本: [2] PL-GrundKabine 10019240 - Modulkabine Standard MB
Modul cabin standard MB
(Z-Cab NG Alpas 3 RAL 3020
Z-Cab NG Alpas 3 RAL 3020)
2025-04-23 11:31:46,389 [WARNING] gui.bom_panel - BomPanel: 未找到项目数据: [2] PL-GrundKabine 10019240 - Modulkabine Standard MB
Modul cabin standard MB
(Z-Cab NG Alpas 3 RAL 3020
Z-Cab NG Alpas 3 RAL 3020)
2025-04-23 11:31:48,002 [DEBUG] gui.bom_panel - BomPanel: 双击选中项 ID: I00B
2025-04-23 11:31:48,003 [DEBUG] gui.bom_panel - BomPanel: 选中项文本: [2] PL-GrundKabine 10019240 - Modulkabine Standard MB
Modul cabin standard MB
(Z-Cab NG Alpas 3 RAL 3020
Z-Cab NG Alpas 3 RAL 3020)
2025-04-23 11:31:48,003 [WARNING] gui.bom_panel - BomPanel: 未找到项目数据: [2] PL-GrundKabine 10019240 - Modulkabine Standard MB
Modul cabin standard MB
(Z-Cab NG Alpas 3 RAL 3020
Z-Cab NG Alpas 3 RAL 3020)
