2025-04-23 12:27:51,996 [INFO] root - 程序启动，日志文件: C:\Users\mengy\Desktop\ZK_LogicBom_Builder\logs\log_20250423_122751.log
2025-04-23 12:27:52,252 [INFO] __main__ - 正在启动程序...
2025-04-23 12:27:52,252 [DEBUG] __main__ - Python版本: 3.13.2 (tags/v3.13.2:4f8bb39, Feb  4 2025, 15:23:48) [MSC v.1942 64 bit (AMD64)]
2025-04-23 12:27:52,252 [DEBUG] __main__ - 当前工作目录: C:\Users\mengy\Desktop\ZK_LogicBom_Builder
2025-04-23 12:27:52,252 [DEBUG] __main__ - src_dir路径: c:\Users\mengy\Desktop\ZK_LogicBom_Builder
2025-04-23 12:27:52,274 [INFO] __main__ - 正在创建语言选择对话框...
2025-04-23 12:27:53,932 [INFO] gui.language_dialog_tk - 已选择语言: zh
2025-04-23 12:27:53,955 [INFO] __main__ - 语言选择结果: zh
2025-04-23 12:27:53,955 [INFO] __main__ - 正在创建主题选择对话框...
2025-04-23 12:27:53,956 [DEBUG] gui.theme_dialog_tk - 创建主题选择对话框
2025-04-23 12:27:53,959 [DEBUG] gui.theme_dialog_tk - 主题选择对话框创建完成
2025-04-23 12:27:54,800 [DEBUG] gui.theme_dialog_tk - 用户选择了light主题
2025-04-23 12:27:54,813 [INFO] __main__ - 主题选择结果: light
2025-04-23 12:27:54,827 [INFO] __main__ - 正在配置主窗口...
2025-04-23 12:27:54,969 [INFO] __main__ - 开始创建MainWindow实例...
2025-04-23 12:27:54,971 [INFO] core.logic_builder - 已加载 6 条规则
2025-04-23 12:27:55,032 [INFO] __main__ - MainWindow实例创建完成
2025-04-23 12:27:55,292 [INFO] __main__ - 开始mainloop()...
2025-04-23 12:27:57,067 [INFO] core.config_processor - 找到工作表: ['TD', '0.模板&Vorlage', '1.Fahrgestell', '2.Fahrzeug allgemein', '3.Beschriftung&Kennzeichnung', '4. Anbauten&Fahrgestellarbeiten', '5. Fahrer_Mannschaftsraum', '6.Koffer', '7.Lichtmast', '8.Pumpenanlage', '9.Seilwinde&Generator', '10.Halterungen']
2025-04-23 12:27:57,068 [DEBUG] core.config_processor - 跳过工作表: TD
2025-04-23 12:27:57,068 [DEBUG] core.config_processor - 跳过工作表: 0.模板&Vorlage
2025-04-23 12:27:57,068 [INFO] core.config_processor - 处理工作表: 1.Fahrgestell -> 模块: 1.Fahrgestell
2025-04-23 12:27:57,085 [INFO] core.config_processor - 处理工作表: 2.Fahrzeug allgemein -> 模块: 2.Fahrzeug allgemein
2025-04-23 12:27:57,100 [INFO] core.config_processor - 处理工作表: 3.Beschriftung&Kennzeichnung -> 模块: 3.Beschriftung&Kennzeichnung
2025-04-23 12:27:57,117 [INFO] core.config_processor - 处理工作表: 4. Anbauten&Fahrgestellarbeiten -> 模块: 4.Anbauten&Fahrgestellarbeiten
2025-04-23 12:27:57,132 [INFO] core.config_processor - 处理工作表: 5. Fahrer_Mannschaftsraum -> 模块: 5.Fahrer_Mannschaftsraum
2025-04-23 12:27:57,153 [INFO] core.config_processor - 处理工作表: 6.Koffer -> 模块: 6.Koffer
2025-04-23 12:27:57,169 [INFO] core.config_processor - 处理工作表: 7.Lichtmast -> 模块: 7.Lichtmast
2025-04-23 12:27:57,183 [INFO] core.config_processor - 处理工作表: 8.Pumpenanlage -> 模块: 8.Pumpenanlage
2025-04-23 12:27:57,198 [INFO] core.config_processor - 处理工作表: 9.Seilwinde&Generator -> 模块: 9.Seilwinde&Generator
2025-04-23 12:27:57,212 [INFO] core.config_processor - 处理工作表: 10.Halterungen -> 模块: 10.Halterungen
2025-04-23 12:27:57,227 [INFO] gui.config_panel - 成功导入配置文件: C:/Users/mengy/Desktop/配置选项_Konfigurationsoptions.xlsm
2025-04-23 12:27:57,230 [INFO] gui.main_window_tk - 成功保存配置文件路径到app_config.json: C:/Users/mengy/Desktop/配置选项_Konfigurationsoptions.xlsm
2025-04-23 12:27:57,231 [INFO] gui.config_panel - 已保存配置文件路径到app_config.json: C:/Users/mengy/Desktop/配置选项_Konfigurationsoptions.xlsm
2025-04-23 12:27:58,491 [INFO] core.bom_processor - 开始导入BOM文件: C:/Users/mengy/Desktop/BOM映射表.xlsx
2025-04-23 12:27:58,498 [INFO] core.bom_processor - 找到工作表: ['MAX-gruppe', 'K码表', '配置', 'Sheet1']
2025-04-23 12:27:58,512 [INFO] core.bom_processor - BOM文件导入成功
2025-04-23 12:27:58,513 [INFO] gui.bom_panel - 成功导入BOM文件: C:/Users/mengy/Desktop/BOM映射表.xlsx
2025-04-23 12:27:58,515 [INFO] gui.main_window_tk - 成功保存BOM文件路径到app_config.json: C:/Users/mengy/Desktop/BOM映射表.xlsx
2025-04-23 12:27:58,515 [INFO] gui.bom_panel - 已保存BOM文件路径到app_config.json: C:/Users/mengy/Desktop/BOM映射表.xlsx
2025-04-23 12:28:01,979 [DEBUG] gui.config_panel - ConfigPanel: 双击选中项 ID: I031
2025-04-23 12:28:01,979 [DEBUG] gui.config_panel - ConfigPanel: 选中项文本: K02_03_01 ALPAS 3.2-tlg.
2025-04-23 12:28:01,980 [DEBUG] gui.config_panel - ConfigPanel: 提取的代码: K02_03_01
2025-04-23 12:28:01,980 [INFO] gui.config_panel - ConfigPanel: 准备插入K码: K02_03_01
2025-04-23 12:28:01,980 [DEBUG] gui.config_panel - ConfigPanel: 获取根窗口成功
2025-04-23 12:28:01,981 [DEBUG] gui.config_panel - ConfigPanel: 获取MainWindow实例成功
2025-04-23 12:28:01,981 [DEBUG] gui.config_panel - ConfigPanel: 找到逻辑面板
2025-04-23 12:28:01,982 [DEBUG] gui.logic_panel - LogicPanel: 开始插入代码: K02_03_01
2025-04-23 12:28:01,983 [INFO] gui.logic_panel - LogicPanel: 输入历史 - 类型: K_code, 内容: K02_03_01, 当前表达式: K02_03_01 
2025-04-23 12:28:01,984 [INFO] gui.config_panel - ConfigPanel: 成功发送代码到逻辑面板: K02_03_01
2025-04-23 12:28:02,873 [INFO] gui.logic_panel - LogicPanel: 输入历史 - 类型: operator, 内容: AND, 当前表达式: K02_03_01  AND 
2025-04-23 12:28:03,795 [DEBUG] gui.config_panel - ConfigPanel: 双击选中项 ID: I031
2025-04-23 12:28:03,795 [DEBUG] gui.config_panel - ConfigPanel: 选中项文本: K02_03_01 ALPAS 3.2-tlg.
2025-04-23 12:28:03,796 [DEBUG] gui.config_panel - ConfigPanel: 提取的代码: K02_03_01
2025-04-23 12:28:03,796 [INFO] gui.config_panel - ConfigPanel: 准备插入K码: K02_03_01
2025-04-23 12:28:03,796 [DEBUG] gui.config_panel - ConfigPanel: 获取根窗口成功
2025-04-23 12:28:03,796 [DEBUG] gui.config_panel - ConfigPanel: 获取MainWindow实例成功
2025-04-23 12:28:03,796 [DEBUG] gui.config_panel - ConfigPanel: 找到逻辑面板
2025-04-23 12:28:03,797 [DEBUG] gui.logic_panel - LogicPanel: 开始插入代码: K02_03_01
2025-04-23 12:28:03,797 [INFO] gui.logic_panel - LogicPanel: 输入历史 - 类型: K_code, 内容: K02_03_01, 当前表达式: K02_03_01  AND K02_03_01 
2025-04-23 12:28:03,798 [INFO] gui.config_panel - ConfigPanel: 成功发送代码到逻辑面板: K02_03_01
2025-04-23 12:28:04,804 [INFO] gui.logic_panel - LogicPanel: 输入历史 - 类型: operator, 内容: →, 当前表达式: K02_03_01  AND K02_03_01  → 
2025-04-23 12:28:05,884 [DEBUG] gui.bom_panel - BomPanel: 双击选中项 ID: I005
2025-04-23 12:28:05,885 [DEBUG] gui.bom_panel - BomPanel: 选中项文本: [2] PL-GrundKabine 10019234 - Modulkabine Standard MAN Euro 6 18T
Modul cabin standard MAN Euro 6 18T
(Z-Cab NG Alpas 3 RAL XXXX
Z-Cab NG Alpas 3 RAL XXXX)
2025-04-23 12:28:05,886 [DEBUG] gui.bom_panel - BomPanel: 提取到占位符: PL-GrundKabine, Baugruppe: 10019234
2025-04-23 12:28:05,886 [INFO] gui.bom_panel - BomPanel: 准备插入BOM码: PL-GrundKabine-10019234
2025-04-23 12:28:05,887 [DEBUG] gui.bom_panel - BomPanel: 获取根窗口成功
2025-04-23 12:28:05,887 [DEBUG] gui.bom_panel - BomPanel: 获取MainWindow实例成功
2025-04-23 12:28:05,887 [DEBUG] gui.bom_panel - BomPanel: 找到逻辑面板
2025-04-23 12:28:05,888 [DEBUG] gui.logic_panel - LogicPanel: 开始插入代码: PL-GrundKabine-10019234
2025-04-23 12:28:05,888 [DEBUG] gui.logic_panel - 验证BOM码: PL-GrundKabine-10019234
2025-04-23 12:28:05,889 [INFO] gui.logic_panel - LogicPanel: 输入历史 - 类型: BOM_code, 内容: PL-GrundKabine-10019234, 当前表达式: K02_03_01  AND K02_03_01  → PL-GrundKabine-10019234 
2025-04-23 12:28:05,889 [INFO] gui.bom_panel - BomPanel: 成功发送代码到逻辑面板: PL-GrundKabine-10019234
2025-04-23 12:28:07,136 [DEBUG] gui.bom_panel - BomPanel: 双击选中项 ID: I005
2025-04-23 12:28:07,137 [DEBUG] gui.bom_panel - BomPanel: 选中项文本: [2] PL-GrundKabine 10019234 - Modulkabine Standard MAN Euro 6 18T
Modul cabin standard MAN Euro 6 18T
(Z-Cab NG Alpas 3 RAL XXXX
Z-Cab NG Alpas 3 RAL XXXX)
2025-04-23 12:28:07,137 [DEBUG] gui.bom_panel - BomPanel: 提取到占位符: PL-GrundKabine, Baugruppe: 10019234
2025-04-23 12:28:07,137 [INFO] gui.bom_panel - BomPanel: 准备插入BOM码: PL-GrundKabine-10019234
2025-04-23 12:28:07,137 [DEBUG] gui.bom_panel - BomPanel: 获取根窗口成功
2025-04-23 12:28:07,137 [DEBUG] gui.bom_panel - BomPanel: 获取MainWindow实例成功
2025-04-23 12:28:07,138 [DEBUG] gui.bom_panel - BomPanel: 找到逻辑面板
2025-04-23 12:28:07,138 [DEBUG] gui.logic_panel - LogicPanel: 开始插入代码: PL-GrundKabine-10019234
2025-04-23 12:28:08,812 [INFO] gui.bom_panel - BomPanel: 成功发送代码到逻辑面板: PL-GrundKabine-10019234
2025-04-23 12:28:10,159 [INFO] gui.logic_panel - LogicPanel: 输入历史 - 类型: operator, 内容: →, 当前表达式: K02_03_01  AND K02_03_01  → PL-GrundKabine-10019234  → 
2025-04-23 12:28:11,372 [INFO] gui.logic_panel - LogicPanel: 输入历史 - 类型: delete, 内容: →, 当前表达式: K02_03_01 AND K02_03_01 → PL-GrundKabine-10019234  
2025-04-23 12:28:12,052 [DEBUG] gui.bom_panel - BomPanel: 双击选中项 ID: I007
2025-04-23 12:28:12,053 [DEBUG] gui.bom_panel - BomPanel: 选中项文本: [2] PL-GrundKabine 10019236 - Modulkabine Standard MAN Euro 6
Modul cabin standard MAN Euro 6
(Z-Cab NG Alpas 3 RAL 3020
Z-Cab NG Alpas 3 RAL 3020)
2025-04-23 12:28:12,053 [DEBUG] gui.bom_panel - BomPanel: 提取到占位符: PL-GrundKabine, Baugruppe: 10019236
2025-04-23 12:28:12,054 [INFO] gui.bom_panel - BomPanel: 准备插入BOM码: PL-GrundKabine-10019236
2025-04-23 12:28:12,054 [DEBUG] gui.bom_panel - BomPanel: 获取根窗口成功
2025-04-23 12:28:12,054 [DEBUG] gui.bom_panel - BomPanel: 获取MainWindow实例成功
2025-04-23 12:28:12,054 [DEBUG] gui.bom_panel - BomPanel: 找到逻辑面板
2025-04-23 12:28:12,054 [DEBUG] gui.logic_panel - LogicPanel: 开始插入代码: PL-GrundKabine-10019236
2025-04-23 12:28:13,092 [INFO] gui.bom_panel - BomPanel: 成功发送代码到逻辑面板: PL-GrundKabine-10019236
