2025-04-28 09:23:13,854 [INFO] root - 程序启动，日志文件: C:\Users\mengy\Desktop\ZK_LogicBom_Builder\logs\log_20250428_092313.log
2025-04-28 09:23:14,115 [INFO] __main__ - 正在启动程序...
2025-04-28 09:23:14,115 [DEBUG] __main__ - Python版本: 3.13.2 (tags/v3.13.2:4f8bb39, Feb  4 2025, 15:23:48) [MSC v.1942 64 bit (AMD64)]
2025-04-28 09:23:14,115 [DEBUG] __main__ - 当前工作目录: C:\Users\mengy\Desktop\ZK_LogicBom_Builder
2025-04-28 09:23:14,116 [DEBUG] __main__ - src_dir路径: c:\Users\mengy\Desktop\ZK_LogicBom_Builder
2025-04-28 09:23:14,156 [INFO] __main__ - 正在创建语言选择对话框...
2025-04-28 09:23:14,983 [INFO] gui.language_dialog_tk - 已选择语言: zh
2025-04-28 09:23:14,996 [INFO] __main__ - 语言选择结果: zh
2025-04-28 09:23:14,997 [INFO] __main__ - 正在创建主题选择对话框...
2025-04-28 09:23:14,997 [DEBUG] gui.theme_dialog_tk - 创建主题选择对话框
2025-04-28 09:23:15,015 [DEBUG] gui.theme_dialog_tk - 主题选择对话框创建完成
2025-04-28 09:23:15,976 [DEBUG] gui.theme_dialog_tk - 用户选择了light主题
2025-04-28 09:23:15,996 [INFO] __main__ - 主题选择结果: light
2025-04-28 09:23:16,003 [INFO] __main__ - 正在配置主窗口...
2025-04-28 09:23:16,105 [INFO] __main__ - 开始创建MainWindow实例...
2025-04-28 09:23:16,106 [INFO] core.logic_builder - 已加载 4 条规则
2025-04-28 09:23:16,268 [INFO] __main__ - MainWindow实例创建完成
2025-04-28 09:23:16,541 [INFO] __main__ - 开始mainloop()...
2025-04-28 09:23:18,212 [INFO] core.config_processor - 找到工作表: ['TD', '0.模板&Vorlage', '1.Fahrgestell', '2.Fahrzeug allgemein', '3.Beschriftung&Kennzeichnung', '4. Anbauten&Fahrgestellarbeiten', '5. Fahrer_Mannschaftsraum', '6.Koffer', '7.Lichtmast', '8.Pumpenanlage', '9.Seilwinde&Generator', '10.Halterungen']
2025-04-28 09:23:18,213 [DEBUG] core.config_processor - 跳过工作表: TD
2025-04-28 09:23:18,213 [DEBUG] core.config_processor - 跳过工作表: 0.模板&Vorlage
2025-04-28 09:23:18,213 [INFO] core.config_processor - 处理工作表: 1.Fahrgestell -> 模块: 1.Fahrgestell
2025-04-28 09:23:18,231 [INFO] core.config_processor - 处理工作表: 2.Fahrzeug allgemein -> 模块: 2.Fahrzeug allgemein
2025-04-28 09:23:18,247 [INFO] core.config_processor - 处理工作表: 3.Beschriftung&Kennzeichnung -> 模块: 3.Beschriftung&Kennzeichnung
2025-04-28 09:23:18,264 [INFO] core.config_processor - 处理工作表: 4. Anbauten&Fahrgestellarbeiten -> 模块: 4.Anbauten&Fahrgestellarbeiten
2025-04-28 09:23:18,280 [INFO] core.config_processor - 处理工作表: 5. Fahrer_Mannschaftsraum -> 模块: 5.Fahrer_Mannschaftsraum
2025-04-28 09:23:18,300 [INFO] core.config_processor - 处理工作表: 6.Koffer -> 模块: 6.Koffer
2025-04-28 09:23:18,316 [INFO] core.config_processor - 处理工作表: 7.Lichtmast -> 模块: 7.Lichtmast
2025-04-28 09:23:18,330 [INFO] core.config_processor - 处理工作表: 8.Pumpenanlage -> 模块: 8.Pumpenanlage
2025-04-28 09:23:18,346 [INFO] core.config_processor - 处理工作表: 9.Seilwinde&Generator -> 模块: 9.Seilwinde&Generator
2025-04-28 09:23:18,361 [INFO] core.config_processor - 处理工作表: 10.Halterungen -> 模块: 10.Halterungen
2025-04-28 09:23:18,375 [INFO] gui.config_panel - 成功导入配置文件: C:/Users/mengy/Desktop/配置选项_Konfigurationsoptions.xlsm
2025-04-28 09:23:18,381 [INFO] gui.main_window_tk - 成功保存配置文件路径到app_config.json: C:/Users/mengy/Desktop/配置选项_Konfigurationsoptions.xlsm
2025-04-28 09:23:18,381 [INFO] gui.config_panel - 已保存配置文件路径到app_config.json: C:/Users/mengy/Desktop/配置选项_Konfigurationsoptions.xlsm
2025-04-28 09:23:20,561 [INFO] gui.bom_panel - 发现上次的BOM文件路径: C:/Users/mengy/Desktop/BOM映射表.xlsx
2025-04-28 09:23:24,690 [INFO] gui.bom_panel - 用户选择了新的BOM文件: C:/Users/mengy/Desktop/BOM映射表(2).xlsx
2025-04-28 09:23:24,691 [INFO] core.bom_processor - 开始导入BOM文件: C:/Users/mengy/Desktop/BOM映射表(2).xlsx
2025-04-28 09:23:24,691 [INFO] core.bom_processor - 已清空现有数据
2025-04-28 09:23:24,691 [INFO] core.bom_processor - 正在读取Excel文件...
2025-04-28 09:23:24,695 [INFO] core.bom_processor - 成功打开Excel文件，包含以下工作表: ['Max-Gruppe']
2025-04-28 09:23:24,696 [ERROR] core.bom_processor - 错误：未找到 MAX-gruppe 工作表
2025-04-28 09:23:24,696 [ERROR] core.bom_processor - 导入BOM文件失败: 未找到 MAX-gruppe 工作表
Traceback (most recent call last):
  File "c:\Users\mengy\Desktop\ZK_LogicBom_Builder\core\bom_processor.py", line 47, in import_bom
    raise ValueError("未找到 MAX-gruppe 工作表")
ValueError: 未找到 MAX-gruppe 工作表
2025-04-28 09:23:24,697 [ERROR] gui.bom_panel - 导入BOM文件失败: 导入BOM文件失败: 未找到 MAX-gruppe 工作表
Traceback (most recent call last):
  File "c:\Users\mengy\Desktop\ZK_LogicBom_Builder\core\bom_processor.py", line 47, in import_bom
    raise ValueError("未找到 MAX-gruppe 工作表")
ValueError: 未找到 MAX-gruppe 工作表

During handling of the above exception, another exception occurred:

Traceback (most recent call last):
  File "c:\Users\mengy\Desktop\ZK_LogicBom_Builder\gui\bom_panel.py", line 349, in _import_bom
    self.bom_processor.import_bom(file_path)
    ~~~~~~~~~~~~~~~~~~~~~~~~~~~~~^^^^^^^^^^^
  File "c:\Users\mengy\Desktop\ZK_LogicBom_Builder\core\bom_processor.py", line 70, in import_bom
    raise ImportError(f"导入BOM文件失败: {str(e)}")
ImportError: 导入BOM文件失败: 未找到 MAX-gruppe 工作表
