2025-05-15 13:15:10,341 [INFO] root - 程序启动，日志文件: C:\Users\mengy\Desktop\ZK_LogicBom_Builder\logs\log_20250515_131510.log
2025-05-15 13:15:10,570 [INFO] __main__ - 正在启动程序...
2025-05-15 13:15:10,570 [DEBUG] __main__ - Python版本: 3.13.2 (tags/v3.13.2:4f8bb39, Feb  4 2025, 15:23:48) [MSC v.1942 64 bit (AMD64)]
2025-05-15 13:15:10,570 [DEBUG] __main__ - 当前工作目录: C:\Users\mengy\Desktop\ZK_LogicBom_Builder
2025-05-15 13:15:10,571 [DEBUG] __main__ - src_dir路径: c:\Users\mengy\Desktop\ZK_LogicBom_Builder
2025-05-15 13:15:10,592 [INFO] __main__ - 正在创建语言选择对话框...
2025-05-15 13:15:11,501 [INFO] gui.language_dialog_tk - 已选择语言: zh
2025-05-15 13:15:11,524 [INFO] __main__ - 语言选择结果: zh
2025-05-15 13:15:11,524 [INFO] __main__ - 正在创建主题选择对话框...
2025-05-15 13:15:11,524 [DEBUG] gui.theme_dialog_tk - 创建主题选择对话框
2025-05-15 13:15:11,535 [DEBUG] gui.theme_dialog_tk - 主题选择对话框创建完成
2025-05-15 13:15:12,007 [DEBUG] gui.theme_dialog_tk - 用户选择了light主题
2025-05-15 13:15:12,015 [INFO] __main__ - 主题选择结果: light
2025-05-15 13:15:12,026 [INFO] __main__ - 正在配置主窗口...
2025-05-15 13:15:12,141 [INFO] __main__ - 开始创建MainWindow实例...
2025-05-15 13:15:12,142 [INFO] core.logic_builder - 从 C:\Users\mengy\Desktop\ZK_LogicBom_Builder\data\temp_rules_latest.json 加载时检测到新版大写键名规则文件格式 (BL_rules/TL_rules)。
2025-05-15 13:15:12,142 [DEBUG] core.logic_builder - Rule BL02 loaded from file. Original file description: 'Wertfach unterm Sitzpolster → PL--Sitze01-PA-Sitz f.Straffer li.kpl.mech 1 FL-Sitzplatz 1'. Regenerating description.
2025-05-15 13:15:12,143 [DEBUG] core.logic_builder - Generated condition part for rule BL02: 'K-200-000007'
2025-05-15 13:15:12,143 [DEBUG] core.logic_builder - Generated action part for rule BL02: 'PL--Sitze01-10019324'
2025-05-15 13:15:12,143 [INFO] core.logic_builder - Newly generated description for BL02 (on _load_rules): 'K-200-000007 → PL--Sitze01-10019324'
2025-05-15 13:15:12,143 [INFO] core.logic_builder - 已加载 1 条规则从 C:\Users\mengy\Desktop\ZK_LogicBom_Builder\data\temp_rules_latest.json
2025-05-15 13:15:12,182 [INFO] gui.logic_panel - LogicPanel: 主窗口引用无效、rules_loaded属性不存在或规则未加载，跳过加载到树。
2025-05-15 13:15:12,189 [INFO] __main__ - MainWindow实例创建完成
2025-05-15 13:15:12,395 [INFO] __main__ - 开始mainloop()...
2025-05-15 13:15:13,840 [INFO] core.config_processor - 找到工作表: ['1.Kabine']
2025-05-15 13:15:13,841 [INFO] core.config_processor - 处理工作表: 1.Kabine -> 模块: 1.Kabine
2025-05-15 13:15:13,862 [INFO] gui.config_panel - 成功导入配置文件: C:/Users/mengy/OneDrive/Kabine_Test_Dokument/Kabine_Mekrmal(Test).xlsx
2025-05-15 13:15:13,865 [INFO] gui.main_window_tk - 成功保存配置文件路径到app_config.json: C:/Users/mengy/OneDrive/Kabine_Test_Dokument/Kabine_Mekrmal(Test).xlsx
2025-05-15 13:15:13,865 [INFO] gui.config_panel - 已保存配置文件路径到app_config.json: C:/Users/mengy/OneDrive/Kabine_Test_Dokument/Kabine_Mekrmal(Test).xlsx
2025-05-15 13:15:14,840 [INFO] core.bom_processor - 开始导入BOM文件: C:/Users/mengy/OneDrive/Kabine_Test_Dokument/Kabine_Bom-MaxGruppe.xlsx
2025-05-15 13:15:14,841 [INFO] core.bom_processor - 已清空现有数据
2025-05-15 13:15:14,841 [INFO] core.bom_processor - 正在读取Excel文件...
2025-05-15 13:15:14,848 [INFO] core.bom_processor - 成功打开Excel文件，包含以下工作表: ['Max-Gruppe']
2025-05-15 13:15:14,849 [INFO] core.bom_processor - 正在读取 Max-Gruppe 工作表...
2025-05-15 13:15:14,868 [INFO] core.bom_processor - 成功读取工作表，共 244 行数据
2025-05-15 13:15:14,868 [INFO] core.bom_processor - 所有必需列均存在，开始处理数据...
2025-05-15 13:15:14,869 [INFO] core.bom_processor - 过滤空层级后剩余 244 行数据
2025-05-15 13:15:14,869 [INFO] core.bom_processor - 
开始处理数据...
2025-05-15 13:15:14,875 [INFO] core.bom_processor - 
数据处理完成，成功处理 {processed_count} 行数据
2025-05-15 13:15:14,875 [INFO] core.bom_processor - 第 1 级节点数量: 244
2025-05-15 13:15:14,875 [INFO] core.bom_processor - BOM文件导入成功，共处理 244 个项目
2025-05-15 13:15:14,875 [INFO] gui.bom_panel - 成功导入BOM文件: C:/Users/mengy/OneDrive/Kabine_Test_Dokument/Kabine_Bom-MaxGruppe.xlsx
2025-05-15 13:15:14,875 [INFO] gui.bom_panel - 开始刷新树状图
2025-05-15 13:15:14,876 [INFO] gui.bom_panel - 树状图刷新完成
2025-05-15 13:15:14,877 [INFO] gui.main_window_tk - 成功保存BOM文件路径到app_config.json: C:/Users/mengy/OneDrive/Kabine_Test_Dokument/Kabine_Bom-MaxGruppe.xlsx
2025-05-15 13:15:14,877 [INFO] gui.bom_panel - 已保存BOM文件路径到app_config.json: C:/Users/mengy/OneDrive/Kabine_Test_Dokument/Kabine_Bom-MaxGruppe.xlsx
2025-05-15 13:15:15,569 [INFO] core.logic_builder - 准备从临时文件加载规则: C:\Users\mengy\Desktop\ZK_LogicBom_Builder\data\temp_rules_latest.json
2025-05-15 13:15:15,569 [DEBUG] core.logic_builder - Rule BL02 loaded from temp file. Original file description: 'Wertfach unterm Sitzpolster → PL--Sitze01-PA-Sitz f.Straffer li.kpl.mech 1 FL-Sitzplatz 1'. Regenerating description.
2025-05-15 13:15:15,569 [DEBUG] core.logic_builder - Generated condition part for rule BL02: 'Wertfach unterm Sitzpolster'
2025-05-15 13:15:15,569 [DEBUG] core.logic_builder - Generated action part for rule BL02: 'PL--Sitze01-PA-Sitz f.Straffer li.kpl.mech 1 FL-Sitzplatz 1'
2025-05-15 13:15:15,569 [INFO] core.logic_builder - Newly generated description for BL02 (from temp): 'Wertfach unterm Sitzpolster → PL--Sitze01-PA-Sitz f.Straffer li.kpl.mech 1 FL-Sitzplatz 1'
2025-05-15 13:15:15,569 [INFO] gui.logic_panel - LogicPanel _on_rule_change: 收到通知: 类型='imported', RuleID='None'
2025-05-15 13:15:15,570 [INFO] gui.logic_panel - LogicPanel _on_rule_change (imported): 收到 'imported' 通知，将重新加载所有规则到Treeview。
2025-05-15 13:15:15,570 [INFO] gui.logic_panel - LogicPanel: 主窗口引用无效、rules_loaded属性不存在或规则未加载，跳过加载到树。
2025-05-15 13:15:15,572 [DEBUG] gui.logic_panel - LogicPanel _on_rule_change: Treeview update_idletasks() 已调用，处理类型 'imported' 完成。
2025-05-15 13:15:15,573 [INFO] core.logic_builder - 从临时文件 (C:\Users\mengy\Desktop\ZK_LogicBom_Builder\data\temp_rules_latest.json) 加载 1 条规则完成。导出状态: False
2025-05-15 13:15:15,573 [INFO] gui.main_window_tk - 检测到LogicBuilder中存在未导出的规则。
2025-05-15 13:15:16,598 [INFO] gui.main_window_tk - 用户确认加载，将再次调用 load_from_temp_file 以使用最新的Config/BOM数据生成描述。
2025-05-15 13:15:16,598 [INFO] core.logic_builder - 准备从临时文件加载规则: C:\Users\mengy\Desktop\ZK_LogicBom_Builder\data\temp_rules_latest.json
2025-05-15 13:15:16,599 [DEBUG] core.logic_builder - Rule BL02 loaded from temp file. Original file description: 'Wertfach unterm Sitzpolster → PL--Sitze01-PA-Sitz f.Straffer li.kpl.mech 1 FL-Sitzplatz 1'. Regenerating description.
2025-05-15 13:15:16,599 [DEBUG] core.logic_builder - Generated condition part for rule BL02: 'Wertfach unterm Sitzpolster'
2025-05-15 13:15:16,599 [DEBUG] core.logic_builder - Generated action part for rule BL02: 'PL--Sitze01-PA-Sitz f.Straffer li.kpl.mech 1 FL-Sitzplatz 1'
2025-05-15 13:15:16,600 [INFO] core.logic_builder - Newly generated description for BL02 (from temp): 'Wertfach unterm Sitzpolster → PL--Sitze01-PA-Sitz f.Straffer li.kpl.mech 1 FL-Sitzplatz 1'
2025-05-15 13:15:16,600 [INFO] gui.logic_panel - LogicPanel _on_rule_change: 收到通知: 类型='imported', RuleID='None'
2025-05-15 13:15:16,600 [INFO] gui.logic_panel - LogicPanel _on_rule_change (imported): 收到 'imported' 通知，将重新加载所有规则到Treeview。
2025-05-15 13:15:16,600 [INFO] gui.logic_panel - LogicPanel: 主窗口引用无效、rules_loaded属性不存在或规则未加载，跳过加载到树。
2025-05-15 13:15:16,602 [DEBUG] gui.logic_panel - LogicPanel _on_rule_change: Treeview update_idletasks() 已调用，处理类型 'imported' 完成。
2025-05-15 13:15:16,602 [INFO] core.logic_builder - 从临时文件 (C:\Users\mengy\Desktop\ZK_LogicBom_Builder\data\temp_rules_latest.json) 加载 1 条规则完成。导出状态: False
2025-05-15 13:15:16,602 [INFO] gui.main_window_tk - 用户确认加载未导出的规则。MainWindow.rules_loaded 设置为 True。
2025-05-15 13:15:16,602 [INFO] gui.main_window_tk - 开始刷新逻辑面板显示已加载的临时规则
2025-05-15 13:15:16,602 [INFO] gui.logic_panel - LogicPanel: 开始加载规则到已保存规则框架 (非层级)
2025-05-15 13:15:16,603 [DEBUG] gui.logic_panel - LogicPanel: 从LogicBuilder获取到 1 条规则
2025-05-15 13:15:16,606 [INFO] gui.logic_panel - LogicPanel: 成功加载 1 条规则 (非层级) 到已保存规则框架
2025-05-15 13:15:16,607 [INFO] gui.main_window_tk - 逻辑面板显示刷新完成
2025-05-15 13:15:54,970 [INFO] gui.bom_panel - 开始刷新树状图
2025-05-15 13:15:54,971 [INFO] gui.bom_panel - 树状图刷新完成
2025-05-15 13:16:01,138 [INFO] gui.bom_panel - 开始刷新树状图
2025-05-15 13:16:01,141 [INFO] gui.bom_panel - 树状图刷新完成
2025-05-15 13:16:05,578 [INFO] gui.bom_panel - 开始刷新树状图
2025-05-15 13:16:05,580 [INFO] gui.bom_panel - 树状图刷新完成
2025-05-15 13:16:10,383 [DEBUG] gui.bom_panel - BomPanel: 选中项文本: 10019361
Einzelsitz Std Airbag Stra.re.
Sitzplatz 5
2025-05-15 13:16:10,384 [DEBUG] gui.bom_panel - BomPanel: 提取到Baugruppe: 10019361
2025-05-15 13:16:10,385 [DEBUG] gui.bom_panel - BomPanel: 提取到占位符: PL--Sitze05
2025-05-15 13:16:10,386 [DEBUG] gui.bom_panel - BomPanel: 构建的BOM码: PL--Sitze05-10019361
2025-05-15 13:16:10,387 [DEBUG] gui.bom_panel - BomPanel: 获取根窗口成功
2025-05-15 13:16:10,387 [DEBUG] gui.bom_panel - BomPanel: 获取MainWindow实例成功
2025-05-15 13:16:10,388 [DEBUG] gui.bom_panel - BomPanel: 找到逻辑面板
2025-05-15 13:16:10,389 [DEBUG] gui.logic_panel - LogicPanel: 开始插入代码: PL--Sitze05-10019361
2025-05-15 13:16:12,277 [INFO] gui.bom_panel - BomPanel: 成功发送代码到逻辑面板: PL--Sitze05-10019361
2025-05-15 13:16:12,277 [INFO] gui.bom_panel - BomPanel: 成功插入BOM码: PL--Sitze05-10019361
2025-05-15 13:16:18,678 [INFO] gui.bom_panel - 开始刷新树状图
2025-05-15 13:16:18,681 [INFO] gui.bom_panel - 树状图刷新完成
2025-05-15 13:16:22,318 [INFO] gui.bom_panel - 开始刷新树状图
2025-05-15 13:16:22,320 [INFO] gui.bom_panel - 树状图刷新完成
2025-05-15 13:16:27,580 [INFO] gui.bom_panel - 开始刷新树状图
2025-05-15 13:16:27,582 [INFO] gui.bom_panel - 树状图刷新完成
