2025-06-12 10:23:20,220 [INFO] root - 程序启动，日志文件: C:\Users\wsh12\OneDrive - Technische Hochschule Ulm\pytest\ZK_LogicBom_Builder\logs\log_20250612_102320.log
2025-06-12 10:23:20,717 [INFO] __main__ - 正在启动程序...
2025-06-12 10:23:20,718 [DEBUG] __main__ - Python版本: 3.12.10 (tags/v3.12.10:0cc8128, Apr  8 2025, 12:21:36) [MSC v.1943 64 bit (AMD64)]
2025-06-12 10:23:20,718 [DEBUG] __main__ - 当前工作目录: C:\Users\wsh12\OneDrive - Technische Hochschule Ulm\pytest\ZK_LogicBom_Builder
2025-06-12 10:23:20,719 [DEBUG] __main__ - src_dir路径: c:\Users\wsh12\OneDrive - Technische Hochschule Ulm\pytest\ZK_LogicBom_Builder
2025-06-12 10:23:20,790 [INFO] __main__ - 正在创建语言选择对话框...
2025-06-12 10:23:22,892 [INFO] gui.language_dialog_tk - 已选择语言: zh
2025-06-12 10:23:22,913 [INFO] __main__ - 语言选择结果: zh
2025-06-12 10:23:22,913 [INFO] __main__ - 正在创建主题选择对话框...
2025-06-12 10:23:22,913 [DEBUG] gui.theme_dialog_tk - 创建主题选择对话框
2025-06-12 10:23:22,926 [DEBUG] gui.theme_dialog_tk - 主题选择对话框创建完成
2025-06-12 10:23:23,491 [DEBUG] gui.theme_dialog_tk - 用户选择了light主题
2025-06-12 10:23:23,509 [INFO] __main__ - 主题选择结果: light
2025-06-12 10:23:23,511 [INFO] __main__ - 正在配置主窗口...
2025-06-12 10:23:23,635 [INFO] __main__ - 开始创建MainWindow实例...
2025-06-12 10:23:23,635 [INFO] core.logic_builder - 从 C:\Users\wsh12\OneDrive - Technische Hochschule Ulm\pytest\ZK_LogicBom_Builder\data\temp_rules_latest.json 加载时检测到新版大写键名规则文件格式 (BL_rules/TL_rules)。
2025-06-12 10:23:23,635 [INFO] core.logic_builder - 已加载 0 条规则从 C:\Users\wsh12\OneDrive - Technische Hochschule Ulm\pytest\ZK_LogicBom_Builder\data\temp_rules_latest.json
2025-06-12 10:23:23,704 [INFO] gui.logic_panel - LogicPanel: 主窗口引用无效、rules_loaded属性不存在或规则未加载，跳过加载到树。
2025-06-12 10:23:23,718 [INFO] __main__ - MainWindow实例创建完成
2025-06-12 10:23:23,947 [INFO] __main__ - 开始mainloop()...
2025-06-12 10:23:26,445 [INFO] core.config_processor - 找到工作表: ['1.Kabine']
2025-06-12 10:23:26,445 [INFO] core.config_processor - 处理工作表: 1.Kabine -> 模块: 1.Kabine
2025-06-12 10:23:26,498 [INFO] gui.config_panel - 成功导入配置文件: C:/Users/wsh12/OneDrive - Technische Hochschule Ulm/pytest/ZK_LogicBom_Builder/Kabinemekrmal(Test).xlsx
2025-06-12 10:23:26,502 [INFO] gui.main_window_tk - 成功保存配置文件路径到app_config.json: C:/Users/wsh12/OneDrive - Technische Hochschule Ulm/pytest/ZK_LogicBom_Builder/Kabinemekrmal(Test).xlsx
2025-06-12 10:23:26,503 [INFO] gui.config_panel - 已保存配置文件路径到app_config.json: C:/Users/wsh12/OneDrive - Technische Hochschule Ulm/pytest/ZK_LogicBom_Builder/Kabinemekrmal(Test).xlsx
2025-06-12 10:23:27,906 [INFO] core.bom_processor - 开始导入BOM文件: C:/Users/wsh12/OneDrive - Technische Hochschule Ulm/pytest/ZK_LogicBom_Builder/Bom.xlsx
2025-06-12 10:23:27,906 [INFO] core.bom_processor - 已清空现有数据
2025-06-12 10:23:27,906 [INFO] core.bom_processor - 正在读取Excel文件...
2025-06-12 10:23:27,919 [INFO] core.bom_processor - 成功打开Excel文件，包含以下工作表: ['Max-Gruppe']
2025-06-12 10:23:27,920 [INFO] core.bom_processor - 正在读取 Max-Gruppe 工作表...
2025-06-12 10:23:27,937 [INFO] core.bom_processor - 成功读取工作表，共 154 行数据
2025-06-12 10:23:27,937 [INFO] core.bom_processor - 所有必需列均存在，开始处理数据...
2025-06-12 10:23:27,942 [INFO] core.bom_processor - 过滤空层级后剩余 153 行数据
2025-06-12 10:23:27,944 [INFO] core.bom_processor - 
开始处理数据...
2025-06-12 10:23:27,952 [INFO] core.bom_processor - 
数据处理完成，成功处理 {processed_count} 行数据
2025-06-12 10:23:27,953 [INFO] core.bom_processor - 第 1 级节点数量: 1
2025-06-12 10:23:27,953 [INFO] core.bom_processor - 第 2 级节点数量: 133
2025-06-12 10:23:27,953 [INFO] core.bom_processor - 第 3 级节点数量: 19
2025-06-12 10:23:27,954 [INFO] core.bom_processor - BOM文件导入成功，共处理 153 个项目
2025-06-12 10:23:27,954 [INFO] gui.bom_panel - 成功导入BOM文件: C:/Users/wsh12/OneDrive - Technische Hochschule Ulm/pytest/ZK_LogicBom_Builder/Bom.xlsx
2025-06-12 10:23:27,954 [INFO] gui.bom_panel - 开始刷新树状图
2025-06-12 10:23:27,957 [INFO] gui.bom_panel - 树状图刷新完成
2025-06-12 10:23:27,962 [INFO] gui.main_window_tk - 成功保存BOM文件路径到app_config.json: C:/Users/wsh12/OneDrive - Technische Hochschule Ulm/pytest/ZK_LogicBom_Builder/Bom.xlsx
2025-06-12 10:23:27,962 [INFO] gui.bom_panel - 已保存BOM文件路径到app_config.json: C:/Users/wsh12/OneDrive - Technische Hochschule Ulm/pytest/ZK_LogicBom_Builder/Bom.xlsx
2025-06-12 10:23:28,783 [INFO] core.logic_builder - 准备从临时文件加载规则: C:\Users\wsh12\OneDrive - Technische Hochschule Ulm\pytest\ZK_LogicBom_Builder\data\temp_rules_latest.json
2025-06-12 10:23:28,783 [INFO] gui.logic_panel - LogicPanel _on_rule_change: 收到通知: 类型='imported', RuleID='None'
2025-06-12 10:23:28,783 [INFO] gui.logic_panel - LogicPanel _on_rule_change (imported): 收到 'imported' 通知，将重新加载所有规则到Treeview。
2025-06-12 10:23:28,783 [INFO] gui.logic_panel - LogicPanel: 主窗口引用无效、rules_loaded属性不存在或规则未加载，跳过加载到树。
2025-06-12 10:23:28,783 [DEBUG] gui.logic_panel - LogicPanel _on_rule_change: Treeview update_idletasks() 已调用，处理类型 'imported' 完成。
2025-06-12 10:23:28,790 [INFO] core.logic_builder - 从临时文件 (C:\Users\wsh12\OneDrive - Technische Hochschule Ulm\pytest\ZK_LogicBom_Builder\data\temp_rules_latest.json) 加载 0 条规则完成。导出状态: True
2025-06-12 10:23:28,790 [INFO] gui.main_window_tk - 未检测到需要提示加载的未导出规则。MainWindow.rules_loaded 设置为 False。
2025-06-12 10:23:28,790 [INFO] gui.logic_panel - LogicPanel: 主窗口引用无效、rules_loaded属性不存在或规则未加载，跳过加载到树。
2025-06-12 10:23:30,347 [DEBUG] gui.config_panel - ConfigPanel: 双击选中项 ID: I010
2025-06-12 10:23:30,347 [DEBUG] gui.config_panel - ConfigPanel: 选中项文本: HBG_200_01010 Sitzplatzvariante
2025-06-12 10:23:30,347 [DEBUG] gui.config_panel - ConfigPanel: 提取的代码: HBG_200_01010
2025-06-12 10:23:30,347 [DEBUG] gui.config_panel - ConfigPanel: 忽略非特征值: HBG_200_01010
2025-06-12 10:23:32,352 [DEBUG] gui.config_panel - ConfigPanel: 双击选中项 ID: I017
2025-06-12 10:23:32,352 [DEBUG] gui.config_panel - ConfigPanel: 选中项文本: K-200-000008 S. 1 ohne Ausstattung Stauraum
2025-06-12 10:23:32,352 [DEBUG] gui.config_panel - ConfigPanel: 提取的代码: K-200-000008
2025-06-12 10:23:32,352 [INFO] gui.config_panel - ConfigPanel: 准备插入特征值: K-200-000008
2025-06-12 10:23:32,352 [DEBUG] gui.config_panel - ConfigPanel: 获取根窗口成功
2025-06-12 10:23:32,352 [DEBUG] gui.config_panel - ConfigPanel: 获取MainWindow实例成功
2025-06-12 10:23:32,352 [DEBUG] gui.config_panel - ConfigPanel: 找到逻辑面板
2025-06-12 10:23:32,352 [DEBUG] gui.logic_panel - LogicPanel: 开始插入代码: K-200-000008
2025-06-12 10:23:32,352 [INFO] gui.logic_panel - LogicPanel: 输入历史 - 类型: K_code, 内容: K-200-000008, 当前表达式: K-200-000008 
2025-06-12 10:23:32,368 [INFO] gui.config_panel - ConfigPanel: 成功发送代码到逻辑面板: K-200-000008
2025-06-12 10:23:34,820 [DEBUG] gui.bom_panel - BomPanel: 选中项文本: [1] PL-Kabine
2025-06-12 10:23:36,093 [DEBUG] gui.bom_panel - BomPanel: 选中项文本: 0000000010017913NK
Modulkabine S301000 / S302000
Modulkabine S301000 / S302000
2025-06-12 10:23:36,093 [DEBUG] gui.bom_panel - BomPanel: 提取到Baugruppe: 0000000010017913NK
2025-06-12 10:23:36,093 [DEBUG] gui.bom_panel - BomPanel: 提取到占位符: PL-Kabine
2025-06-12 10:23:36,093 [DEBUG] gui.bom_panel - BomPanel: 构建的BOM码: PL-Kabine-0000000010017913NK
2025-06-12 10:23:36,093 [DEBUG] gui.bom_panel - BomPanel: 获取根窗口成功
2025-06-12 10:23:36,093 [DEBUG] gui.bom_panel - BomPanel: 获取MainWindow实例成功
2025-06-12 10:23:36,093 [DEBUG] gui.bom_panel - BomPanel: 找到逻辑面板
2025-06-12 10:23:36,093 [DEBUG] gui.logic_panel - LogicPanel: 开始插入代码: PL-Kabine-0000000010017913NK
2025-06-12 10:23:36,888 [INFO] gui.bom_panel - BomPanel: 成功发送代码到逻辑面板: PL-Kabine-0000000010017913NK
2025-06-12 10:23:36,888 [INFO] gui.bom_panel - BomPanel: 成功插入BOM码: PL-Kabine-0000000010017913NK
2025-06-12 10:23:37,947 [INFO] gui.logic_panel - LogicPanel: 输入历史 - 类型: operator, 内容: AND, 当前表达式: K-200-000008  AND 
2025-06-12 10:23:39,178 [DEBUG] gui.bom_panel - BomPanel: 选中项文本: 0000000010017913NK
Modulkabine S301000 / S302000
Modulkabine S301000 / S302000
2025-06-12 10:23:39,178 [DEBUG] gui.bom_panel - BomPanel: 提取到Baugruppe: 0000000010017913NK
2025-06-12 10:23:39,178 [DEBUG] gui.bom_panel - BomPanel: 提取到占位符: PL-Kabine
2025-06-12 10:23:39,178 [DEBUG] gui.bom_panel - BomPanel: 构建的BOM码: PL-Kabine-0000000010017913NK
2025-06-12 10:23:39,178 [DEBUG] gui.bom_panel - BomPanel: 获取根窗口成功
2025-06-12 10:23:39,178 [DEBUG] gui.bom_panel - BomPanel: 获取MainWindow实例成功
2025-06-12 10:23:39,178 [DEBUG] gui.bom_panel - BomPanel: 找到逻辑面板
2025-06-12 10:23:39,178 [DEBUG] gui.logic_panel - LogicPanel: 开始插入代码: PL-Kabine-0000000010017913NK
2025-06-12 10:23:39,178 [DEBUG] gui.logic_panel - 验证BOM码: PL-Kabine-0000000010017913NK
2025-06-12 10:23:39,178 [DEBUG] gui.logic_panel - 错误：在→之前插入BOM码
2025-06-12 10:23:40,338 [INFO] gui.bom_panel - BomPanel: 成功发送代码到逻辑面板: PL-Kabine-0000000010017913NK
2025-06-12 10:23:40,338 [INFO] gui.bom_panel - BomPanel: 成功插入BOM码: PL-Kabine-0000000010017913NK
2025-06-12 10:23:41,218 [DEBUG] gui.bom_panel - BomPanel: 选中项文本: 10019231
Modulkabine Standard MAN Euro 6 18T
Modul cabin standard MAN Euro 6 18T
Z-Cab NG Alpas 3 RAL 3000
Z-Cab NG Alpas 3 RAL 3000
2025-06-12 10:23:41,218 [DEBUG] gui.bom_panel - BomPanel: 提取到Baugruppe: 10019231
2025-06-12 10:23:41,218 [DEBUG] gui.bom_panel - BomPanel: 提取到占位符: PL-GrundKabine
2025-06-12 10:23:41,218 [DEBUG] gui.bom_panel - BomPanel: 构建的BOM码: PL-GrundKabine-10019231
2025-06-12 10:23:41,218 [DEBUG] gui.bom_panel - BomPanel: 获取根窗口成功
2025-06-12 10:23:41,218 [DEBUG] gui.bom_panel - BomPanel: 获取MainWindow实例成功
2025-06-12 10:23:41,226 [DEBUG] gui.bom_panel - BomPanel: 找到逻辑面板
2025-06-12 10:23:41,226 [DEBUG] gui.logic_panel - LogicPanel: 开始插入代码: PL-GrundKabine-10019231
2025-06-12 10:23:41,228 [DEBUG] gui.logic_panel - 验证BOM码: PL-GrundKabine-10019231
2025-06-12 10:23:41,228 [DEBUG] gui.logic_panel - 错误：在→之前插入BOM码
2025-06-12 10:23:42,531 [INFO] gui.bom_panel - BomPanel: 成功发送代码到逻辑面板: PL-GrundKabine-10019231
2025-06-12 10:23:42,532 [INFO] gui.bom_panel - BomPanel: 成功插入BOM码: PL-GrundKabine-10019231
2025-06-12 10:23:44,222 [DEBUG] gui.config_panel - ConfigPanel: 双击选中项 ID: I011
2025-06-12 10:23:44,222 [DEBUG] gui.config_panel - ConfigPanel: 选中项文本: K-200-000300 Ziegler Standardsitze
2025-06-12 10:23:44,222 [DEBUG] gui.config_panel - ConfigPanel: 提取的代码: K-200-000300
2025-06-12 10:23:44,224 [INFO] gui.config_panel - ConfigPanel: 准备插入特征值: K-200-000300
2025-06-12 10:23:44,224 [DEBUG] gui.config_panel - ConfigPanel: 获取根窗口成功
2025-06-12 10:23:44,224 [DEBUG] gui.config_panel - ConfigPanel: 获取MainWindow实例成功
2025-06-12 10:23:44,224 [DEBUG] gui.config_panel - ConfigPanel: 找到逻辑面板
2025-06-12 10:23:44,224 [DEBUG] gui.logic_panel - LogicPanel: 开始插入代码: K-200-000300
2025-06-12 10:23:44,224 [INFO] gui.logic_panel - LogicPanel: 输入历史 - 类型: K_code, 内容: K-200-000300, 当前表达式: K-200-000008  AND K-200-000300 
2025-06-12 10:23:44,224 [INFO] gui.config_panel - ConfigPanel: 成功发送代码到逻辑面板: K-200-000300
2025-06-12 10:23:45,619 [INFO] gui.logic_panel - LogicPanel: 输入历史 - 类型: operator, 内容: AND, 当前表达式: K-200-000008  AND K-200-000300  AND 
2025-06-12 10:23:46,488 [DEBUG] gui.config_panel - ConfigPanel: 双击选中项 ID: I012
2025-06-12 10:23:46,488 [DEBUG] gui.config_panel - ConfigPanel: 选中项文本: K-200-000301 Bostrom Integra Sitze
2025-06-12 10:23:46,488 [DEBUG] gui.config_panel - ConfigPanel: 提取的代码: K-200-000301
2025-06-12 10:23:46,488 [INFO] gui.config_panel - ConfigPanel: 准备插入特征值: K-200-000301
2025-06-12 10:23:46,488 [DEBUG] gui.config_panel - ConfigPanel: 获取根窗口成功
2025-06-12 10:23:46,488 [DEBUG] gui.config_panel - ConfigPanel: 获取MainWindow实例成功
2025-06-12 10:23:46,488 [DEBUG] gui.config_panel - ConfigPanel: 找到逻辑面板
2025-06-12 10:23:46,488 [DEBUG] gui.logic_panel - LogicPanel: 开始插入代码: K-200-000301
2025-06-12 10:23:46,488 [INFO] gui.logic_panel - LogicPanel: 输入历史 - 类型: K_code, 内容: K-200-000301, 当前表达式: K-200-000008  AND K-200-000300  AND K-200-000301 
2025-06-12 10:23:46,488 [INFO] gui.config_panel - ConfigPanel: 成功发送代码到逻辑面板: K-200-000301
2025-06-12 10:23:47,792 [INFO] gui.logic_panel - LogicPanel: 输入历史 - 类型: operator, 内容: →, 当前表达式: K-200-000008  AND K-200-000300  AND K-200-000301  → 
2025-06-12 10:23:48,891 [DEBUG] gui.bom_panel - BomPanel: 选中项文本: 10019233
Modulkabine Standard MAN Euro 6 18T
Modul cabin standard MAN Euro 6 18T
Z-Cab NG Alpas 3 RAL 9010
Z-Cab NG Alpas 3 RAL 9010
2025-06-12 10:23:48,891 [DEBUG] gui.bom_panel - BomPanel: 提取到Baugruppe: 10019233
2025-06-12 10:23:48,891 [DEBUG] gui.bom_panel - BomPanel: 提取到占位符: PL-GrundKabine
2025-06-12 10:23:48,891 [DEBUG] gui.bom_panel - BomPanel: 构建的BOM码: PL-GrundKabine-10019233
2025-06-12 10:23:48,891 [DEBUG] gui.bom_panel - BomPanel: 获取根窗口成功
2025-06-12 10:23:48,891 [DEBUG] gui.bom_panel - BomPanel: 获取MainWindow实例成功
2025-06-12 10:23:48,891 [DEBUG] gui.bom_panel - BomPanel: 找到逻辑面板
2025-06-12 10:23:48,891 [DEBUG] gui.logic_panel - LogicPanel: 开始插入代码: PL-GrundKabine-10019233
2025-06-12 10:23:48,891 [DEBUG] gui.logic_panel - 验证BOM码: PL-GrundKabine-10019233
2025-06-12 10:23:48,891 [INFO] gui.logic_panel - LogicPanel: 输入历史 - 类型: BOM_code, 内容: PL-GrundKabine-10019233, 当前表达式: K-200-000008  AND K-200-000300  AND K-200-000301  → PL-GrundKabine-10019233 
2025-06-12 10:23:48,891 [INFO] gui.bom_panel - BomPanel: 成功发送代码到逻辑面板: PL-GrundKabine-10019233
2025-06-12 10:23:48,891 [INFO] gui.bom_panel - BomPanel: 成功插入BOM码: PL-GrundKabine-10019233
2025-06-12 10:23:49,065 [DEBUG] gui.bom_panel - BomPanel: 选中项文本: 10019233
Modulkabine Standard MAN Euro 6 18T
Modul cabin standard MAN Euro 6 18T
Z-Cab NG Alpas 3 RAL 9010
Z-Cab NG Alpas 3 RAL 9010
2025-06-12 10:23:49,065 [DEBUG] gui.bom_panel - BomPanel: 提取到Baugruppe: 10019233
2025-06-12 10:23:49,065 [DEBUG] gui.bom_panel - BomPanel: 提取到占位符: PL-GrundKabine
2025-06-12 10:23:49,065 [DEBUG] gui.bom_panel - BomPanel: 构建的BOM码: PL-GrundKabine-10019233
2025-06-12 10:23:49,065 [DEBUG] gui.bom_panel - BomPanel: 获取根窗口成功
2025-06-12 10:23:49,065 [DEBUG] gui.bom_panel - BomPanel: 获取MainWindow实例成功
2025-06-12 10:23:49,065 [DEBUG] gui.bom_panel - BomPanel: 找到逻辑面板
2025-06-12 10:23:49,065 [DEBUG] gui.logic_panel - LogicPanel: 开始插入代码: PL-GrundKabine-10019233
2025-06-12 10:23:50,001 [INFO] gui.bom_panel - BomPanel: 成功发送代码到逻辑面板: PL-GrundKabine-10019233
2025-06-12 10:23:50,001 [INFO] gui.bom_panel - BomPanel: 成功插入BOM码: PL-GrundKabine-10019233
