2025-04-29 13:52:10,507 [INFO] root - 程序启动，日志文件: C:\Users\mengy\Desktop\ZK_LogicBom_Builder\logs\log_20250429_135210.log
2025-04-29 13:52:10,756 [INFO] __main__ - 正在启动程序...
2025-04-29 13:52:10,756 [DEBUG] __main__ - Python版本: 3.13.2 (tags/v3.13.2:4f8bb39, Feb  4 2025, 15:23:48) [MSC v.1942 64 bit (AMD64)]
2025-04-29 13:52:10,757 [DEBUG] __main__ - 当前工作目录: C:\Users\mengy\Desktop\ZK_LogicBom_Builder
2025-04-29 13:52:10,757 [DEBUG] __main__ - src_dir路径: c:\Users\mengy\Desktop\ZK_LogicBom_Builder
2025-04-29 13:52:10,782 [INFO] __main__ - 正在创建语言选择对话框...
2025-04-29 13:52:11,836 [INFO] gui.language_dialog_tk - 已选择语言: zh
2025-04-29 13:52:11,850 [INFO] __main__ - 语言选择结果: zh
2025-04-29 13:52:11,851 [INFO] __main__ - 正在创建主题选择对话框...
2025-04-29 13:52:11,851 [DEBUG] gui.theme_dialog_tk - 创建主题选择对话框
2025-04-29 13:52:11,856 [DEBUG] gui.theme_dialog_tk - 主题选择对话框创建完成
2025-04-29 13:52:12,501 [DEBUG] gui.theme_dialog_tk - 用户选择了light主题
2025-04-29 13:52:12,516 [INFO] __main__ - 主题选择结果: light
2025-04-29 13:52:12,527 [INFO] __main__ - 正在配置主窗口...
2025-04-29 13:52:12,630 [INFO] __main__ - 开始创建MainWindow实例...
2025-04-29 13:52:12,631 [INFO] core.logic_builder - 已加载 3 条规则
2025-04-29 13:52:12,660 [INFO] gui.logic_panel - 规则未加载状态，等待用户确认后再加载规则
2025-04-29 13:52:12,665 [INFO] __main__ - MainWindow实例创建完成
2025-04-29 13:52:12,928 [INFO] __main__ - 开始mainloop()...
2025-04-29 13:52:14,730 [INFO] core.config_processor - 找到工作表: ['1.Kabine']
2025-04-29 13:52:14,731 [INFO] core.config_processor - 处理工作表: 1.Kabine -> 模块: 1.Kabine
2025-04-29 13:52:14,753 [INFO] gui.config_panel - 成功导入配置文件: C:/Users/mengy/Desktop/Kabinemekrmal(Test).xlsx
2025-04-29 13:52:14,755 [INFO] gui.main_window_tk - 成功保存配置文件路径到app_config.json: C:/Users/mengy/Desktop/Kabinemekrmal(Test).xlsx
2025-04-29 13:52:14,756 [INFO] gui.config_panel - 已保存配置文件路径到app_config.json: C:/Users/mengy/Desktop/Kabinemekrmal(Test).xlsx
2025-04-29 13:52:16,187 [INFO] core.bom_processor - 开始导入BOM文件: C:/Users/mengy/Desktop/Bom.xlsx
2025-04-29 13:52:16,187 [INFO] core.bom_processor - 已清空现有数据
2025-04-29 13:52:16,188 [INFO] core.bom_processor - 正在读取Excel文件...
2025-04-29 13:52:16,192 [INFO] core.bom_processor - 成功打开Excel文件，包含以下工作表: ['Max-Gruppe']
2025-04-29 13:52:16,192 [INFO] core.bom_processor - 正在读取 Max-Gruppe 工作表...
2025-04-29 13:52:16,201 [INFO] core.bom_processor - 成功读取工作表，共 154 行数据
2025-04-29 13:52:16,201 [INFO] core.bom_processor - 所有必需列均存在，开始处理数据...
2025-04-29 13:52:16,202 [INFO] core.bom_processor - 过滤空层级后剩余 153 行数据
2025-04-29 13:52:16,203 [INFO] core.bom_processor - 
开始处理数据...
2025-04-29 13:52:16,206 [INFO] core.bom_processor - 
数据处理完成，成功处理 {processed_count} 行数据
2025-04-29 13:52:16,206 [INFO] core.bom_processor - 第 1 级节点数量: 1
2025-04-29 13:52:16,206 [INFO] core.bom_processor - 第 2 级节点数量: 133
2025-04-29 13:52:16,206 [INFO] core.bom_processor - 第 3 级节点数量: 19
2025-04-29 13:52:16,207 [INFO] core.bom_processor - BOM文件导入成功，共处理 153 个项目
2025-04-29 13:52:16,207 [INFO] gui.bom_panel - 成功导入BOM文件: C:/Users/mengy/Desktop/Bom.xlsx
2025-04-29 13:52:16,207 [INFO] gui.bom_panel - 开始刷新树状图
2025-04-29 13:52:16,208 [INFO] gui.bom_panel - 树状图刷新完成
2025-04-29 13:52:16,209 [INFO] gui.main_window_tk - 成功保存BOM文件路径到app_config.json: C:/Users/mengy/Desktop/Bom.xlsx
2025-04-29 13:52:16,209 [INFO] gui.bom_panel - 已保存BOM文件路径到app_config.json: C:/Users/mengy/Desktop/Bom.xlsx
2025-04-29 13:52:17,723 [INFO] gui.main_window_tk - 用户确认加载规则，设置规则已加载标志为True
2025-04-29 13:52:17,724 [INFO] core.logic_builder - 准备从临时文件加载规则: C:\Users\mengy\Desktop\ZK_LogicBom_Builder\data\temp_rules_latest.json
2025-04-29 13:52:17,724 [INFO] gui.logic_panel - 收到规则变更事件: type=imported, rule_id=None
2025-04-29 13:52:17,725 [INFO] gui.logic_panel - 规则已加载状态，开始更新已保存规则框架
2025-04-29 13:52:17,725 [INFO] gui.logic_panel - 开始加载规则到已保存规则框架
2025-04-29 13:52:17,725 [DEBUG] gui.logic_panel - 从LogicBuilder获取到 3 条规则
2025-04-29 13:52:17,726 [DEBUG] gui.logic_panel - 添加规则ID: 1 到已使用集合
2025-04-29 13:52:17,726 [DEBUG] gui.logic_panel - 添加规则ID: 2 到已使用集合
2025-04-29 13:52:17,727 [DEBUG] gui.logic_panel - 添加规则ID: 3 到已使用集合
2025-04-29 13:52:17,727 [INFO] gui.logic_panel - 成功加载 3 条规则到已保存规则框架
2025-04-29 13:52:17,727 [INFO] core.logic_builder - 从临时文件加载规则完成
2025-04-29 13:52:17,727 [INFO] gui.main_window_tk - 开始刷新逻辑面板显示
2025-04-29 13:52:17,727 [INFO] gui.logic_panel - 开始加载规则到已保存规则框架
2025-04-29 13:52:17,728 [DEBUG] gui.logic_panel - 从LogicBuilder获取到 3 条规则
2025-04-29 13:52:17,728 [DEBUG] gui.logic_panel - 添加规则ID: 1 到已使用集合
2025-04-29 13:52:17,728 [DEBUG] gui.logic_panel - 添加规则ID: 2 到已使用集合
2025-04-29 13:52:17,728 [DEBUG] gui.logic_panel - 添加规则ID: 3 到已使用集合
2025-04-29 13:52:17,728 [INFO] gui.logic_panel - 成功加载 3 条规则到已保存规则框架
2025-04-29 13:52:17,728 [INFO] gui.main_window_tk - 逻辑面板显示刷新完成
2025-04-29 13:52:20,106 [INFO] core.logic_builder - 准备从临时文件加载规则: C:\Users\mengy\Desktop\ZK_LogicBom_Builder\data\temp_rules_latest.json
2025-04-29 13:52:20,106 [INFO] gui.logic_panel - 收到规则变更事件: type=imported, rule_id=None
2025-04-29 13:52:20,106 [INFO] gui.logic_panel - 规则已加载状态，开始更新已保存规则框架
2025-04-29 13:52:20,107 [INFO] gui.logic_panel - 开始加载规则到已保存规则框架
2025-04-29 13:52:20,107 [DEBUG] gui.logic_panel - 从LogicBuilder获取到 3 条规则
2025-04-29 13:52:20,107 [DEBUG] gui.logic_panel - 添加规则ID: 1 到已使用集合
2025-04-29 13:52:20,107 [DEBUG] gui.logic_panel - 添加规则ID: 2 到已使用集合
2025-04-29 13:52:20,107 [DEBUG] gui.logic_panel - 添加规则ID: 3 到已使用集合
2025-04-29 13:52:20,107 [INFO] gui.logic_panel - 成功加载 3 条规则到已保存规则框架
2025-04-29 13:52:20,107 [INFO] core.logic_builder - 从临时文件加载规则完成
2025-04-29 13:52:20,107 [INFO] gui.logic_library_window - 已加载 3 条规则
2025-04-29 13:52:23,783 [INFO] gui.logic_library_window - 搜索 '底' 完成：显示 1/3 条规则
2025-04-29 13:52:23,785 [INFO] gui.logic_library_window - 搜索 '底盘' 完成：显示 1/3 条规则
2025-04-29 13:52:24,685 [INFO] gui.logic_library_window - 搜索 '底' 完成：显示 1/3 条规则
2025-04-29 13:52:24,866 [INFO] gui.logic_library_window - 已显示所有规则（共 3 条）
2025-04-29 13:52:25,665 [INFO] gui.logic_library_window - 搜索 '你' 完成：显示 1/3 条规则
2025-04-29 13:52:25,667 [INFO] gui.logic_library_window - 搜索 '你好' 完成：显示 1/3 条规则
2025-04-29 13:52:26,351 [INFO] gui.logic_library_window - 搜索 '你' 完成：显示 1/3 条规则
2025-04-29 13:52:26,537 [INFO] gui.logic_library_window - 已显示所有规则（共 3 条）
2025-04-29 13:52:27,866 [INFO] gui.logic_library_window - 搜索 '1' 完成：显示 3/3 条规则
2025-04-29 13:52:28,295 [INFO] gui.logic_library_window - 搜索 '12' 完成：显示 2/3 条规则
2025-04-29 13:53:09,624 [DEBUG] core.logic_builder - 规则数据已保存到临时文件
2025-04-29 13:53:09,625 [INFO] gui.logic_library_window - 已保存标签到临时文件: BL01 -> 13
2025-04-29 13:53:09,625 [INFO] gui.logic_panel - 收到规则变更事件: type=modified, rule_id=BL01
2025-04-29 13:53:09,626 [INFO] gui.logic_panel - 已更新规则: BL01
2025-04-29 13:53:09,626 [INFO] gui.logic_library_window - 收到规则变更事件: type=modified, rule_id=BL01
2025-04-29 13:53:09,626 [INFO] gui.logic_library_window - 已更新规则: BL01
2025-04-29 13:53:11,916 [INFO] gui.logic_library_window - 搜索 '1' 完成：显示 3/3 条规则
2025-04-29 13:53:12,458 [INFO] gui.logic_library_window - 搜索 '13' 完成：显示 1/3 条规则
2025-04-29 13:53:14,471 [INFO] gui.logic_library_window - 搜索 '1' 完成：显示 3/3 条规则
2025-04-29 13:53:14,882 [INFO] gui.logic_library_window - 搜索 '13' 完成：显示 1/3 条规则
2025-04-29 13:53:15,691 [INFO] gui.logic_library_window - 搜索 '1' 完成：显示 3/3 条规则
2025-04-29 13:53:16,662 [INFO] gui.logic_library_window - 搜索 '13' 完成：显示 1/3 条规则
2025-04-29 13:53:16,998 [INFO] gui.logic_library_window - 搜索 '1' 完成：显示 3/3 条规则
2025-04-29 13:53:19,731 [INFO] gui.logic_library_window - 搜索 '12' 完成：显示 2/3 条规则
2025-04-29 13:53:20,688 [INFO] gui.logic_library_window - 搜索 '1' 完成：显示 3/3 条规则
2025-04-29 13:53:20,967 [INFO] gui.logic_library_window - 搜索 '13' 完成：显示 1/3 条规则
2025-04-29 13:53:21,955 [INFO] gui.logic_library_window - 搜索 '1' 完成：显示 3/3 条规则
2025-04-29 13:53:22,545 [INFO] gui.logic_library_window - 已显示所有规则（共 3 条）
2025-04-29 13:53:23,546 [INFO] gui.logic_library_window - 搜索 '1' 完成：显示 3/3 条规则
2025-04-29 13:53:23,853 [INFO] gui.logic_library_window - 搜索 '14' 完成：显示 0/3 条规则
2025-04-29 13:53:24,544 [INFO] gui.logic_library_window - 搜索 '1' 完成：显示 3/3 条规则
2025-04-29 13:53:24,764 [INFO] gui.logic_library_window - 已显示所有规则（共 3 条）
2025-04-29 13:53:33,232 [DEBUG] core.logic_builder - 规则数据已保存到临时文件
2025-04-29 13:53:33,232 [INFO] gui.logic_library_window - 已保存标签到临时文件: BL01 -> 
2025-04-29 13:53:33,233 [INFO] gui.logic_panel - 收到规则变更事件: type=modified, rule_id=BL01
2025-04-29 13:53:33,233 [INFO] gui.logic_panel - 已更新规则: BL01
2025-04-29 13:53:33,233 [INFO] gui.logic_library_window - 收到规则变更事件: type=modified, rule_id=BL01
2025-04-29 13:53:33,234 [INFO] gui.logic_library_window - 已更新规则: BL01
2025-04-29 14:20:14,930 [INFO] core.logic_builder - 准备从临时文件加载规则: C:\Users\mengy\Desktop\ZK_LogicBom_Builder\data\temp_rules_latest.json
2025-04-29 14:20:14,931 [INFO] gui.logic_panel - 收到规则变更事件: type=imported, rule_id=None
2025-04-29 14:20:14,931 [INFO] gui.logic_panel - 规则已加载状态，开始更新已保存规则框架
2025-04-29 14:20:14,932 [INFO] gui.logic_panel - 开始加载规则到已保存规则框架
2025-04-29 14:20:14,932 [DEBUG] gui.logic_panel - 从LogicBuilder获取到 3 条规则
2025-04-29 14:20:14,932 [DEBUG] gui.logic_panel - 添加规则ID: 1 到已使用集合
2025-04-29 14:20:14,933 [DEBUG] gui.logic_panel - 添加规则ID: 2 到已使用集合
2025-04-29 14:20:14,933 [DEBUG] gui.logic_panel - 添加规则ID: 3 到已使用集合
2025-04-29 14:20:14,933 [INFO] gui.logic_panel - 成功加载 3 条规则到已保存规则框架
2025-04-29 14:20:14,933 [INFO] core.logic_builder - 从临时文件加载规则完成
2025-04-29 14:20:14,934 [INFO] gui.logic_library_window - 已加载 3 条规则
2025-04-29 14:20:16,248 [INFO] gui.logic_library_window - 搜索 '1' 完成：显示 3/3 条规则
2025-04-29 14:20:18,258 [INFO] gui.logic_library_window - 搜索 '12' 完成：显示 2/3 条规则
2025-04-29 14:20:20,168 [INFO] gui.logic_library_window - 搜索 '1' 完成：显示 3/3 条规则
2025-04-29 14:20:20,424 [INFO] gui.logic_library_window - 已显示所有规则（共 3 条）
