2025-04-23 14:01:55,057 [INFO] root - 程序启动，日志文件: C:\Users\mengy\Desktop\ZK_LogicBom_Builder\logs\log_20250423_140155.log
2025-04-23 14:01:55,313 [INFO] __main__ - 正在启动程序...
2025-04-23 14:01:55,313 [DEBUG] __main__ - Python版本: 3.13.2 (tags/v3.13.2:4f8bb39, Feb  4 2025, 15:23:48) [MSC v.1942 64 bit (AMD64)]
2025-04-23 14:01:55,313 [DEBUG] __main__ - 当前工作目录: C:\Users\mengy\Desktop\ZK_LogicBom_Builder
2025-04-23 14:01:55,313 [DEBUG] __main__ - src_dir路径: c:\Users\mengy\Desktop\ZK_LogicBom_Builder
2025-04-23 14:01:55,335 [INFO] __main__ - 正在创建语言选择对话框...
2025-04-23 14:01:56,202 [INFO] gui.language_dialog_tk - 已选择语言: zh
2025-04-23 14:01:56,216 [INFO] __main__ - 语言选择结果: zh
2025-04-23 14:01:56,217 [INFO] __main__ - 正在创建主题选择对话框...
2025-04-23 14:01:56,217 [DEBUG] gui.theme_dialog_tk - 创建主题选择对话框
2025-04-23 14:01:56,222 [DEBUG] gui.theme_dialog_tk - 主题选择对话框创建完成
2025-04-23 14:01:57,725 [DEBUG] gui.theme_dialog_tk - 用户选择了light主题
2025-04-23 14:01:57,754 [INFO] __main__ - 主题选择结果: light
2025-04-23 14:01:57,768 [INFO] __main__ - 正在配置主窗口...
2025-04-23 14:01:57,916 [INFO] __main__ - 开始创建MainWindow实例...
2025-04-23 14:01:57,917 [INFO] core.logic_builder - 已加载 6 条规则
2025-04-23 14:01:58,008 [INFO] __main__ - MainWindow实例创建完成
2025-04-23 14:01:58,311 [INFO] __main__ - 开始mainloop()...
2025-04-23 14:02:00,339 [INFO] core.config_processor - 找到工作表: ['TD', '0.模板&Vorlage', '1.Fahrgestell', '2.Fahrzeug allgemein', '3.Beschriftung&Kennzeichnung', '4. Anbauten&Fahrgestellarbeiten', '5. Fahrer_Mannschaftsraum', '6.Koffer', '7.Lichtmast', '8.Pumpenanlage', '9.Seilwinde&Generator', '10.Halterungen']
2025-04-23 14:02:00,339 [DEBUG] core.config_processor - 跳过工作表: TD
2025-04-23 14:02:00,340 [DEBUG] core.config_processor - 跳过工作表: 0.模板&Vorlage
2025-04-23 14:02:00,340 [INFO] core.config_processor - 处理工作表: 1.Fahrgestell -> 模块: 1.Fahrgestell
2025-04-23 14:02:00,357 [INFO] core.config_processor - 处理工作表: 2.Fahrzeug allgemein -> 模块: 2.Fahrzeug allgemein
2025-04-23 14:02:00,373 [INFO] core.config_processor - 处理工作表: 3.Beschriftung&Kennzeichnung -> 模块: 3.Beschriftung&Kennzeichnung
2025-04-23 14:02:00,389 [INFO] core.config_processor - 处理工作表: 4. Anbauten&Fahrgestellarbeiten -> 模块: 4.Anbauten&Fahrgestellarbeiten
2025-04-23 14:02:00,405 [INFO] core.config_processor - 处理工作表: 5. Fahrer_Mannschaftsraum -> 模块: 5.Fahrer_Mannschaftsraum
2025-04-23 14:02:00,425 [INFO] core.config_processor - 处理工作表: 6.Koffer -> 模块: 6.Koffer
2025-04-23 14:02:00,441 [INFO] core.config_processor - 处理工作表: 7.Lichtmast -> 模块: 7.Lichtmast
2025-04-23 14:02:00,455 [INFO] core.config_processor - 处理工作表: 8.Pumpenanlage -> 模块: 8.Pumpenanlage
2025-04-23 14:02:00,471 [INFO] core.config_processor - 处理工作表: 9.Seilwinde&Generator -> 模块: 9.Seilwinde&Generator
2025-04-23 14:02:00,486 [INFO] core.config_processor - 处理工作表: 10.Halterungen -> 模块: 10.Halterungen
2025-04-23 14:02:00,501 [INFO] gui.config_panel - 成功导入配置文件: C:/Users/mengy/Desktop/配置选项_Konfigurationsoptions.xlsm
2025-04-23 14:02:00,504 [INFO] gui.main_window_tk - 成功保存配置文件路径到app_config.json: C:/Users/mengy/Desktop/配置选项_Konfigurationsoptions.xlsm
2025-04-23 14:02:00,504 [INFO] gui.config_panel - 已保存配置文件路径到app_config.json: C:/Users/mengy/Desktop/配置选项_Konfigurationsoptions.xlsm
2025-04-23 14:02:01,631 [INFO] core.bom_processor - 开始导入BOM文件: C:/Users/mengy/Desktop/BOM映射表.xlsx
2025-04-23 14:02:01,640 [INFO] core.bom_processor - 找到工作表: ['MAX-gruppe', 'K码表', '配置', 'Sheet1']
2025-04-23 14:02:01,657 [INFO] core.bom_processor - BOM文件导入成功
2025-04-23 14:02:01,657 [INFO] gui.bom_panel - 成功导入BOM文件: C:/Users/mengy/Desktop/BOM映射表.xlsx
2025-04-23 14:02:01,658 [INFO] gui.main_window_tk - 成功保存BOM文件路径到app_config.json: C:/Users/mengy/Desktop/BOM映射表.xlsx
2025-04-23 14:02:01,659 [INFO] gui.bom_panel - 已保存BOM文件路径到app_config.json: C:/Users/mengy/Desktop/BOM映射表.xlsx
2025-04-23 14:02:04,969 [DEBUG] gui.config_panel - ConfigPanel: 双击选中项 ID: I077
2025-04-23 14:02:04,970 [DEBUG] gui.config_panel - ConfigPanel: 选中项文本: K03_02_01 Unterbodenschutz
2025-04-23 14:02:04,971 [DEBUG] gui.config_panel - ConfigPanel: 提取的代码: K03_02_01
2025-04-23 14:02:04,972 [INFO] gui.config_panel - ConfigPanel: 准备插入K码: K03_02_01
2025-04-23 14:02:04,973 [DEBUG] gui.config_panel - ConfigPanel: 获取根窗口成功
2025-04-23 14:02:04,973 [DEBUG] gui.config_panel - ConfigPanel: 获取MainWindow实例成功
2025-04-23 14:02:04,974 [DEBUG] gui.config_panel - ConfigPanel: 找到逻辑面板
2025-04-23 14:02:04,974 [DEBUG] gui.logic_panel - LogicPanel: 开始插入代码: K03_02_01
2025-04-23 14:02:04,975 [INFO] gui.logic_panel - LogicPanel: 输入历史 - 类型: K_code, 内容: K03_02_01, 当前表达式: K03_02_01 
2025-04-23 14:02:04,976 [INFO] gui.config_panel - ConfigPanel: 成功发送代码到逻辑面板: K03_02_01
2025-04-23 14:02:05,935 [INFO] gui.logic_panel - LogicPanel: 输入历史 - 类型: operator, 内容: →, 当前表达式: K03_02_01  → 
2025-04-23 14:02:06,792 [DEBUG] gui.bom_panel - BomPanel: 双击选中项 ID: I005
2025-04-23 14:02:06,793 [DEBUG] gui.bom_panel - BomPanel: 选中项文本: [2] PL-GrundKabine 10019234 - Modulkabine Standard MAN Euro 6 18T
Modul cabin standard MAN Euro 6 18T
(Z-Cab NG Alpas 3 RAL XXXX
Z-Cab NG Alpas 3 RAL XXXX)
2025-04-23 14:02:06,793 [DEBUG] gui.bom_panel - BomPanel: 提取到占位符: PL-GrundKabine, Baugruppe: 10019234
2025-04-23 14:02:06,794 [INFO] gui.bom_panel - BomPanel: 准备插入BOM码: PL-GrundKabine-10019234
2025-04-23 14:02:06,794 [DEBUG] gui.bom_panel - BomPanel: 获取根窗口成功
2025-04-23 14:02:06,794 [DEBUG] gui.bom_panel - BomPanel: 获取MainWindow实例成功
2025-04-23 14:02:06,795 [DEBUG] gui.bom_panel - BomPanel: 找到逻辑面板
2025-04-23 14:02:06,795 [DEBUG] gui.logic_panel - LogicPanel: 开始插入代码: PL-GrundKabine-10019234
2025-04-23 14:02:06,795 [DEBUG] gui.logic_panel - 验证BOM码: PL-GrundKabine-10019234
2025-04-23 14:02:06,796 [INFO] gui.logic_panel - LogicPanel: 输入历史 - 类型: BOM_code, 内容: PL-GrundKabine-10019234, 当前表达式: K03_02_01  → PL-GrundKabine-10019234 
2025-04-23 14:02:06,796 [INFO] gui.bom_panel - BomPanel: 成功发送代码到逻辑面板: PL-GrundKabine-10019234
2025-04-23 14:02:08,029 [INFO] core.logic_builder - 规则数据已保存到文件: C:\Users\mengy\Desktop\ZK_LogicBom_Builder\data\temp_rules_latest.json
2025-04-23 14:02:08,033 [INFO] core.logic_builder - 规则数据已保存到文件: C:\Users\mengy\Desktop\ZK_LogicBom_Builder\data\temp_rules_latest.json
2025-04-23 14:02:08,034 [INFO] core.logic_builder - 规则数据已保存到文件: C:\Users\mengy\Desktop\ZK_LogicBom_Builder\data\temp_rules_latest.json
2025-04-23 14:02:08,034 [INFO] gui.logic_panel - 已保存新的BOM逻辑关系规则: ID=BL01, 选择项=K03_02_01, 影响项=PL-GrundKabine-10019234, 状态=enabled
2025-04-23 14:02:10,947 [DEBUG] gui.config_panel - ConfigPanel: 双击选中项 ID: I07B
2025-04-23 14:02:10,948 [DEBUG] gui.config_panel - ConfigPanel: 选中项文本: K03_03_02 RAL 3020 verkehrsrot
2025-04-23 14:02:10,949 [DEBUG] gui.config_panel - ConfigPanel: 提取的代码: K03_03_02
2025-04-23 14:02:10,949 [INFO] gui.config_panel - ConfigPanel: 准备插入K码: K03_03_02
2025-04-23 14:02:10,950 [DEBUG] gui.config_panel - ConfigPanel: 获取根窗口成功
2025-04-23 14:02:10,950 [DEBUG] gui.config_panel - ConfigPanel: 获取MainWindow实例成功
2025-04-23 14:02:10,951 [DEBUG] gui.config_panel - ConfigPanel: 找到逻辑面板
2025-04-23 14:02:10,951 [DEBUG] gui.logic_panel - LogicPanel: 开始插入代码: K03_03_02
2025-04-23 14:02:10,952 [INFO] gui.logic_panel - LogicPanel: 输入历史 - 类型: K_code, 内容: K03_03_02, 当前表达式: K03_03_02 
2025-04-23 14:02:10,953 [INFO] gui.config_panel - ConfigPanel: 成功发送代码到逻辑面板: K03_03_02
2025-04-23 14:02:12,571 [DEBUG] gui.config_panel - ConfigPanel: 双击选中项 ID: I07C
2025-04-23 14:02:12,572 [DEBUG] gui.config_panel - ConfigPanel: 选中项文本: K03_03_03 RAL 9010 weiß
2025-04-23 14:02:12,572 [DEBUG] gui.config_panel - ConfigPanel: 提取的代码: K03_03_03
2025-04-23 14:02:12,572 [INFO] gui.config_panel - ConfigPanel: 准备插入K码: K03_03_03
2025-04-23 14:02:12,573 [DEBUG] gui.config_panel - ConfigPanel: 获取根窗口成功
2025-04-23 14:02:12,573 [DEBUG] gui.config_panel - ConfigPanel: 获取MainWindow实例成功
2025-04-23 14:02:12,574 [DEBUG] gui.config_panel - ConfigPanel: 找到逻辑面板
2025-04-23 14:02:12,574 [DEBUG] gui.logic_panel - LogicPanel: 开始插入代码: K03_03_03
2025-04-23 14:02:13,463 [INFO] gui.config_panel - ConfigPanel: 成功发送代码到逻辑面板: K03_03_03
2025-04-23 14:02:14,495 [INFO] gui.logic_panel - LogicPanel: 输入历史 - 类型: operator, 内容: AND, 当前表达式: K03_03_02  AND 
2025-04-23 14:02:15,805 [DEBUG] gui.config_panel - ConfigPanel: 双击选中项 ID: I07C
2025-04-23 14:02:15,806 [DEBUG] gui.config_panel - ConfigPanel: 选中项文本: K03_03_03 RAL 9010 weiß
2025-04-23 14:02:15,806 [DEBUG] gui.config_panel - ConfigPanel: 提取的代码: K03_03_03
2025-04-23 14:02:15,807 [INFO] gui.config_panel - ConfigPanel: 准备插入K码: K03_03_03
2025-04-23 14:02:15,807 [DEBUG] gui.config_panel - ConfigPanel: 获取根窗口成功
2025-04-23 14:02:15,808 [DEBUG] gui.config_panel - ConfigPanel: 获取MainWindow实例成功
2025-04-23 14:02:15,808 [DEBUG] gui.config_panel - ConfigPanel: 找到逻辑面板
2025-04-23 14:02:15,808 [DEBUG] gui.logic_panel - LogicPanel: 开始插入代码: K03_03_03
2025-04-23 14:02:15,809 [INFO] gui.logic_panel - LogicPanel: 输入历史 - 类型: K_code, 内容: K03_03_03, 当前表达式: K03_03_02  AND K03_03_03 
2025-04-23 14:02:15,810 [INFO] gui.config_panel - ConfigPanel: 成功发送代码到逻辑面板: K03_03_03
2025-04-23 14:02:17,389 [INFO] gui.logic_panel - LogicPanel: 输入历史 - 类型: operator, 内容: →, 当前表达式: K03_03_02  AND K03_03_03  → 
2025-04-23 14:02:18,105 [DEBUG] gui.bom_panel - BomPanel: 双击选中项 ID: I006
2025-04-23 14:02:18,106 [DEBUG] gui.bom_panel - BomPanel: 选中项文本: [2] PL-GrundKabine 10019235 - Modulkabine Standard MAN Euro 6
Modul cabin standard MAN Euro 6
(Z-Cab NG Alpas 3 RAL 3000
Z-Cab NG Alpas 3 RAL 3000)
2025-04-23 14:02:18,106 [DEBUG] gui.bom_panel - BomPanel: 提取到占位符: PL-GrundKabine, Baugruppe: 10019235
2025-04-23 14:02:18,107 [INFO] gui.bom_panel - BomPanel: 准备插入BOM码: PL-GrundKabine-10019235
2025-04-23 14:02:18,108 [DEBUG] gui.bom_panel - BomPanel: 获取根窗口成功
2025-04-23 14:02:18,108 [DEBUG] gui.bom_panel - BomPanel: 获取MainWindow实例成功
2025-04-23 14:02:18,109 [DEBUG] gui.bom_panel - BomPanel: 找到逻辑面板
2025-04-23 14:02:18,110 [DEBUG] gui.logic_panel - LogicPanel: 开始插入代码: PL-GrundKabine-10019235
2025-04-23 14:02:18,111 [DEBUG] gui.logic_panel - 验证BOM码: PL-GrundKabine-10019235
2025-04-23 14:02:18,111 [INFO] gui.logic_panel - LogicPanel: 输入历史 - 类型: BOM_code, 内容: PL-GrundKabine-10019235, 当前表达式: K03_03_02  AND K03_03_03  → PL-GrundKabine-10019235 
2025-04-23 14:02:18,112 [INFO] gui.bom_panel - BomPanel: 成功发送代码到逻辑面板: PL-GrundKabine-10019235
2025-04-23 14:02:18,612 [DEBUG] gui.bom_panel - BomPanel: 双击选中项 ID: I006
2025-04-23 14:02:18,612 [DEBUG] gui.bom_panel - BomPanel: 选中项文本: [2] PL-GrundKabine 10019235 - Modulkabine Standard MAN Euro 6
Modul cabin standard MAN Euro 6
(Z-Cab NG Alpas 3 RAL 3000
Z-Cab NG Alpas 3 RAL 3000)
2025-04-23 14:02:18,612 [DEBUG] gui.bom_panel - BomPanel: 提取到占位符: PL-GrundKabine, Baugruppe: 10019235
2025-04-23 14:02:18,613 [INFO] gui.bom_panel - BomPanel: 准备插入BOM码: PL-GrundKabine-10019235
2025-04-23 14:02:18,613 [DEBUG] gui.bom_panel - BomPanel: 获取根窗口成功
2025-04-23 14:02:18,613 [DEBUG] gui.bom_panel - BomPanel: 获取MainWindow实例成功
2025-04-23 14:02:18,613 [DEBUG] gui.bom_panel - BomPanel: 找到逻辑面板
2025-04-23 14:02:18,613 [DEBUG] gui.logic_panel - LogicPanel: 开始插入代码: PL-GrundKabine-10019235
2025-04-23 14:02:19,450 [INFO] gui.bom_panel - BomPanel: 成功发送代码到逻辑面板: PL-GrundKabine-10019235
2025-04-23 14:02:20,203 [INFO] gui.logic_panel - LogicPanel: 输入历史 - 类型: operator, 内容: AND, 当前表达式: K03_03_02  AND K03_03_03  → PL-GrundKabine-10019235  AND 
2025-04-23 14:02:20,929 [DEBUG] gui.bom_panel - BomPanel: 双击选中项 ID: I00A
2025-04-23 14:02:20,929 [DEBUG] gui.bom_panel - BomPanel: 选中项文本: [2] PL-GrundKabine 10019239 - Modulkabine Standard MB
Modul cabin standard MB
(Z-Cab NG Alpas 3 RAL 3000
Z-Cab NG Alpas 3 RAL 3000)
2025-04-23 14:02:20,930 [DEBUG] gui.bom_panel - BomPanel: 提取到占位符: PL-GrundKabine, Baugruppe: 10019239
2025-04-23 14:02:20,931 [INFO] gui.bom_panel - BomPanel: 准备插入BOM码: PL-GrundKabine-10019239
2025-04-23 14:02:20,931 [DEBUG] gui.bom_panel - BomPanel: 获取根窗口成功
2025-04-23 14:02:20,932 [DEBUG] gui.bom_panel - BomPanel: 获取MainWindow实例成功
2025-04-23 14:02:20,932 [DEBUG] gui.bom_panel - BomPanel: 找到逻辑面板
2025-04-23 14:02:20,933 [DEBUG] gui.logic_panel - LogicPanel: 开始插入代码: PL-GrundKabine-10019239
2025-04-23 14:02:20,934 [DEBUG] gui.logic_panel - 验证BOM码: PL-GrundKabine-10019239
2025-04-23 14:02:20,934 [INFO] gui.logic_panel - LogicPanel: 输入历史 - 类型: BOM_code, 内容: PL-GrundKabine-10019239, 当前表达式: K03_03_02  AND K03_03_03  → PL-GrundKabine-10019235  AND PL-GrundKabine-10019239 
2025-04-23 14:02:20,935 [INFO] gui.bom_panel - BomPanel: 成功发送代码到逻辑面板: PL-GrundKabine-10019239
2025-04-23 14:02:22,028 [INFO] core.logic_builder - 规则数据已保存到文件: C:\Users\mengy\Desktop\ZK_LogicBom_Builder\data\temp_rules_latest.json
2025-04-23 14:02:22,032 [INFO] core.logic_builder - 规则数据已保存到文件: C:\Users\mengy\Desktop\ZK_LogicBom_Builder\data\temp_rules_latest.json
2025-04-23 14:02:22,032 [INFO] core.logic_builder - 规则数据已保存到文件: C:\Users\mengy\Desktop\ZK_LogicBom_Builder\data\temp_rules_latest.json
2025-04-23 14:02:22,033 [INFO] gui.logic_panel - 已保存新的BOM逻辑关系规则: ID=BL02, 选择项=K03_03_02  AND K03_03_03, 影响项=PL-GrundKabine-10019235  AND PL-GrundKabine-10019239, 状态=enabled
2025-04-23 14:02:30,983 [INFO] gui.logic_library_window - 已加载 8 条 BOM 逻辑关系规则
2025-04-23 14:02:46,928 [INFO] core.logic_builder - 规则数据已保存到文件: C:\Users\mengy\Desktop\ZK_LogicBom_Builder\data\temp_rules_latest.json
2025-04-23 14:02:46,928 [INFO] gui.logic_library_window - 已删除规则: LD01
