2025-04-28 13:23:09,957 [INFO] root - 程序启动，日志文件: C:\Users\mengy\Desktop\ZK_LogicBom_Builder\logs\log_20250428_132309.log
2025-04-28 13:23:10,195 [INFO] __main__ - 正在启动程序...
2025-04-28 13:23:10,196 [DEBUG] __main__ - Python版本: 3.13.2 (tags/v3.13.2:4f8bb39, Feb  4 2025, 15:23:48) [MSC v.1942 64 bit (AMD64)]
2025-04-28 13:23:10,196 [DEBUG] __main__ - 当前工作目录: C:\Users\mengy\Desktop\ZK_LogicBom_Builder
2025-04-28 13:23:10,196 [DEBUG] __main__ - src_dir路径: c:\Users\mengy\Desktop\ZK_LogicBom_Builder
2025-04-28 13:23:10,218 [INFO] __main__ - 正在创建语言选择对话框...
2025-04-28 13:23:12,954 [INFO] gui.language_dialog_tk - 已选择语言: zh
2025-04-28 13:23:12,980 [INFO] __main__ - 语言选择结果: zh
2025-04-28 13:23:12,981 [INFO] __main__ - 正在创建主题选择对话框...
2025-04-28 13:23:12,981 [DEBUG] gui.theme_dialog_tk - 创建主题选择对话框
2025-04-28 13:23:12,988 [DEBUG] gui.theme_dialog_tk - 主题选择对话框创建完成
2025-04-28 13:23:14,242 [DEBUG] gui.theme_dialog_tk - 用户选择了light主题
2025-04-28 13:23:14,254 [INFO] __main__ - 主题选择结果: light
2025-04-28 13:23:14,262 [INFO] __main__ - 正在配置主窗口...
2025-04-28 13:23:14,440 [INFO] __main__ - 开始创建MainWindow实例...
2025-04-28 13:23:14,441 [INFO] core.logic_builder - 已加载 1 条规则
2025-04-28 13:23:14,515 [INFO] gui.logic_panel - 规则未加载状态，等待用户确认后再加载规则
2025-04-28 13:23:14,527 [INFO] __main__ - MainWindow实例创建完成
2025-04-28 13:23:14,836 [INFO] __main__ - 开始mainloop()...
2025-04-28 13:23:16,751 [INFO] core.config_processor - 找到工作表: ['TD', '0.模板&Vorlage', '1.Fahrgestell', '2.Fahrzeug allgemein', '3.Beschriftung&Kennzeichnung', '4. Anbauten&Fahrgestellarbeiten', '5. Fahrer_Mannschaftsraum', '6.Koffer', '7.Lichtmast', '8.Pumpenanlage', '9.Seilwinde&Generator', '10.Halterungen']
2025-04-28 13:23:16,751 [DEBUG] core.config_processor - 跳过工作表: TD
2025-04-28 13:23:16,752 [DEBUG] core.config_processor - 跳过工作表: 0.模板&Vorlage
2025-04-28 13:23:16,752 [INFO] core.config_processor - 处理工作表: 1.Fahrgestell -> 模块: 1.Fahrgestell
2025-04-28 13:23:16,769 [INFO] core.config_processor - 处理工作表: 2.Fahrzeug allgemein -> 模块: 2.Fahrzeug allgemein
2025-04-28 13:23:16,786 [INFO] core.config_processor - 处理工作表: 3.Beschriftung&Kennzeichnung -> 模块: 3.Beschriftung&Kennzeichnung
2025-04-28 13:23:16,802 [INFO] core.config_processor - 处理工作表: 4. Anbauten&Fahrgestellarbeiten -> 模块: 4.Anbauten&Fahrgestellarbeiten
2025-04-28 13:23:16,818 [INFO] core.config_processor - 处理工作表: 5. Fahrer_Mannschaftsraum -> 模块: 5.Fahrer_Mannschaftsraum
2025-04-28 13:23:16,838 [INFO] core.config_processor - 处理工作表: 6.Koffer -> 模块: 6.Koffer
2025-04-28 13:23:16,855 [INFO] core.config_processor - 处理工作表: 7.Lichtmast -> 模块: 7.Lichtmast
2025-04-28 13:23:16,869 [INFO] core.config_processor - 处理工作表: 8.Pumpenanlage -> 模块: 8.Pumpenanlage
2025-04-28 13:23:16,885 [INFO] core.config_processor - 处理工作表: 9.Seilwinde&Generator -> 模块: 9.Seilwinde&Generator
2025-04-28 13:23:16,900 [INFO] core.config_processor - 处理工作表: 10.Halterungen -> 模块: 10.Halterungen
2025-04-28 13:23:16,914 [INFO] gui.config_panel - 成功导入配置文件: C:/Users/mengy/Desktop/配置选项_Konfigurationsoptions.xlsm
2025-04-28 13:23:16,917 [INFO] gui.main_window_tk - 成功保存配置文件路径到app_config.json: C:/Users/mengy/Desktop/配置选项_Konfigurationsoptions.xlsm
2025-04-28 13:23:16,917 [INFO] gui.config_panel - 已保存配置文件路径到app_config.json: C:/Users/mengy/Desktop/配置选项_Konfigurationsoptions.xlsm
2025-04-28 13:23:18,252 [INFO] core.bom_processor - 开始导入BOM文件: C:/Users/mengy/Desktop/Bom.xlsx
2025-04-28 13:23:18,252 [INFO] core.bom_processor - 已清空现有数据
2025-04-28 13:23:18,252 [INFO] core.bom_processor - 正在读取Excel文件...
2025-04-28 13:23:18,258 [INFO] core.bom_processor - 成功打开Excel文件，包含以下工作表: ['Max-Gruppe']
2025-04-28 13:23:18,258 [INFO] core.bom_processor - 正在读取 Max-Gruppe 工作表...
2025-04-28 13:23:18,267 [INFO] core.bom_processor - 成功读取工作表，共 154 行数据
2025-04-28 13:23:18,267 [INFO] core.bom_processor - 所有必需列均存在，开始处理数据...
2025-04-28 13:23:18,269 [INFO] core.bom_processor - 过滤空层级后剩余 153 行数据
2025-04-28 13:23:18,269 [INFO] core.bom_processor - 
开始处理数据...
2025-04-28 13:23:18,272 [INFO] core.bom_processor - 
数据处理完成，成功处理 {processed_count} 行数据
2025-04-28 13:23:18,273 [INFO] core.bom_processor - 第 1 级节点数量: 1
2025-04-28 13:23:18,273 [INFO] core.bom_processor - 第 2 级节点数量: 133
2025-04-28 13:23:18,273 [INFO] core.bom_processor - 第 3 级节点数量: 19
2025-04-28 13:23:18,274 [INFO] core.bom_processor - BOM文件导入成功，共处理 153 个项目
2025-04-28 13:23:18,274 [INFO] gui.bom_panel - 成功导入BOM文件: C:/Users/mengy/Desktop/Bom.xlsx
2025-04-28 13:23:18,274 [INFO] gui.bom_panel - 开始刷新树状图
2025-04-28 13:23:18,275 [INFO] gui.bom_panel - 树状图刷新完成
2025-04-28 13:23:18,277 [INFO] gui.main_window_tk - 成功保存BOM文件路径到app_config.json: C:/Users/mengy/Desktop/Bom.xlsx
2025-04-28 13:23:18,277 [INFO] gui.bom_panel - 已保存BOM文件路径到app_config.json: C:/Users/mengy/Desktop/Bom.xlsx
2025-04-28 13:23:19,581 [INFO] gui.main_window_tk - 用户确认加载规则，设置规则已加载标志为True
2025-04-28 13:23:19,581 [INFO] core.logic_builder - 准备从临时文件加载规则: C:\Users\mengy\Desktop\ZK_LogicBom_Builder\data\temp_rules_latest.json
2025-04-28 13:23:19,582 [INFO] core.logic_builder - 开始导入规则文件: C:\Users\mengy\Desktop\ZK_LogicBom_Builder\data\temp_rules_latest.json
2025-04-28 13:23:19,582 [INFO] core.logic_builder - 已清空现有规则
2025-04-28 13:23:19,582 [DEBUG] core.logic_builder - 成功导入规则: ID=BL01
2025-04-28 13:23:19,593 [INFO] core.logic_builder - 规则数据已保存到临时文件，共 1 条规则
2025-04-28 13:23:19,594 [INFO] gui.logic_panel - 收到规则变更事件: type=imported, rule_id=None
2025-04-28 13:23:19,595 [INFO] gui.logic_panel - 规则已加载状态，开始更新已保存规则框架
2025-04-28 13:23:19,595 [INFO] gui.logic_panel - 开始加载规则到已保存规则框架
2025-04-28 13:23:19,596 [DEBUG] gui.logic_panel - 从LogicBuilder获取到 1 条规则
2025-04-28 13:23:19,596 [DEBUG] gui.logic_panel - 添加规则ID: 1 到已使用集合
2025-04-28 13:23:19,597 [INFO] gui.logic_panel - 成功加载 1 条规则到已保存规则框架
2025-04-28 13:23:19,598 [INFO] core.logic_builder - 规则导入完成，成功导入 1 条规则
2025-04-28 13:23:19,598 [INFO] core.logic_builder - 从临时文件加载规则完成
2025-04-28 13:23:19,598 [INFO] gui.main_window_tk - 开始刷新逻辑面板显示
2025-04-28 13:23:19,599 [INFO] gui.logic_panel - 开始加载规则到已保存规则框架
2025-04-28 13:23:19,599 [DEBUG] gui.logic_panel - 从LogicBuilder获取到 1 条规则
2025-04-28 13:23:19,599 [DEBUG] gui.logic_panel - 添加规则ID: 1 到已使用集合
2025-04-28 13:23:19,599 [INFO] gui.logic_panel - 成功加载 1 条规则到已保存规则框架
2025-04-28 13:23:19,599 [INFO] gui.main_window_tk - 逻辑面板显示刷新完成
2025-04-28 13:23:22,456 [DEBUG] gui.config_panel - ConfigPanel: 双击选中项 ID: I0BA
2025-04-28 13:23:22,457 [DEBUG] gui.config_panel - ConfigPanel: 选中项文本: K04_02_02 600 l
2025-04-28 13:23:22,458 [DEBUG] gui.config_panel - ConfigPanel: 提取的代码: K04_02_02
2025-04-28 13:23:22,459 [INFO] gui.config_panel - ConfigPanel: 准备插入K码: K04_02_02
2025-04-28 13:23:22,459 [DEBUG] gui.config_panel - ConfigPanel: 获取根窗口成功
2025-04-28 13:23:22,460 [DEBUG] gui.config_panel - ConfigPanel: 获取MainWindow实例成功
2025-04-28 13:23:22,460 [DEBUG] gui.config_panel - ConfigPanel: 找到逻辑面板
2025-04-28 13:23:22,460 [DEBUG] gui.logic_panel - LogicPanel: 开始插入代码: K04_02_02
2025-04-28 13:23:22,461 [INFO] gui.logic_panel - LogicPanel: 输入历史 - 类型: K_code, 内容: K04_02_02, 当前表达式: K04_02_02 
2025-04-28 13:23:22,462 [INFO] gui.config_panel - ConfigPanel: 成功发送代码到逻辑面板: K04_02_02
2025-04-28 13:23:23,274 [INFO] gui.logic_panel - LogicPanel: 输入历史 - 类型: operator, 内容: →, 当前表达式: K04_02_02  → 
2025-04-28 13:23:24,472 [DEBUG] gui.bom_panel - BomPanel: 双击选中项 ID: I05E
2025-04-28 13:23:24,473 [DEBUG] gui.bom_panel - BomPanel: 选中项文本: 1135804 - Teilesatz Gerätewand / parts set device wall
an Stelle Standardsitz Z-Cab NG / in place of standard seat Z-CAB NG
2025-04-28 13:23:24,474 [DEBUG] gui.bom_panel - BomPanel: 提取到Baugruppe: 1135804
2025-04-28 13:23:24,475 [DEBUG] gui.bom_panel - BomPanel: 提取到占位符: PL-Sitze05
2025-04-28 13:23:24,476 [DEBUG] gui.bom_panel - BomPanel: 构建的BOM码: PL-Sitze05-1135804
2025-04-28 13:23:24,476 [DEBUG] gui.bom_panel - BomPanel: 获取根窗口成功
2025-04-28 13:23:24,477 [DEBUG] gui.bom_panel - BomPanel: 获取MainWindow实例成功
2025-04-28 13:23:24,478 [DEBUG] gui.bom_panel - BomPanel: 找到逻辑面板
2025-04-28 13:23:24,478 [DEBUG] gui.logic_panel - LogicPanel: 开始插入代码: PL-Sitze05-1135804
2025-04-28 13:23:24,479 [DEBUG] gui.logic_panel - 验证BOM码: PL-Sitze05-1135804
2025-04-28 13:23:24,480 [INFO] gui.logic_panel - LogicPanel: 输入历史 - 类型: BOM_code, 内容: PL-Sitze05-1135804, 当前表达式: K04_02_02  → PL-Sitze05-1135804 
2025-04-28 13:23:24,480 [INFO] gui.bom_panel - BomPanel: 成功发送代码到逻辑面板: PL-Sitze05-1135804
2025-04-28 13:23:24,481 [INFO] gui.bom_panel - BomPanel: 成功插入BOM码: PL-Sitze05-1135804
2025-04-28 13:23:25,916 [INFO] core.logic_builder - 规则数据已保存到临时文件，共 2 条规则
2025-04-28 13:23:25,919 [INFO] core.logic_builder - 规则数据已保存到临时文件，共 2 条规则
2025-04-28 13:23:25,920 [INFO] core.logic_builder - 规则数据已保存到文件: C:\Users\mengy\Desktop\ZK_LogicBom_Builder\data\temp_rules_latest.json
2025-04-28 13:23:25,920 [INFO] gui.logic_panel - 已保存新的BOM逻辑关系规则: ID=BL02, 选择项=K04_02_02, 影响项=PL-Sitze05-1135804, 状态=enabled
2025-04-28 13:23:28,923 [INFO] gui.logic_library_window - 已加载 2 条 BOM 逻辑关系规则
2025-04-28 13:23:35,319 [DEBUG] gui.config_panel - ConfigPanel: 双击选中项 ID: I0BF
2025-04-28 13:23:35,320 [DEBUG] gui.config_panel - ConfigPanel: 选中项文本: K04_02_07 3000 l
2025-04-28 13:23:35,320 [DEBUG] gui.config_panel - ConfigPanel: 提取的代码: K04_02_07
2025-04-28 13:23:35,321 [INFO] gui.config_panel - ConfigPanel: 准备插入K码: K04_02_07
2025-04-28 13:23:35,321 [DEBUG] gui.config_panel - ConfigPanel: 获取根窗口成功
2025-04-28 13:23:35,321 [DEBUG] gui.config_panel - ConfigPanel: 获取MainWindow实例成功
2025-04-28 13:23:35,321 [DEBUG] gui.config_panel - ConfigPanel: 找到逻辑面板
2025-04-28 13:23:35,322 [DEBUG] gui.logic_panel - LogicPanel: 开始插入代码: K04_02_07
2025-04-28 13:23:35,322 [INFO] gui.logic_panel - LogicPanel: 输入历史 - 类型: K_code, 内容: K04_02_07, 当前表达式: K04_02_07 
2025-04-28 13:23:35,322 [INFO] gui.config_panel - ConfigPanel: 成功发送代码到逻辑面板: K04_02_07
2025-04-28 13:23:36,448 [INFO] gui.logic_panel - LogicPanel: 输入历史 - 类型: operator, 内容: →, 当前表达式: K04_02_07  → 
2025-04-28 13:23:37,415 [DEBUG] gui.bom_panel - BomPanel: 双击选中项 ID: I060
2025-04-28 13:23:37,415 [DEBUG] gui.bom_panel - BomPanel: 选中项文本: 1149353 - Schrank m.Rollo in MR kpl. / tower w. shutter in cabin cpl.
L= 540 B= 437 H=1450 Z-Cab NG Standard / l= 540 w= 437 h=1450 Z-Cab NG standard
2025-04-28 13:23:37,416 [DEBUG] gui.bom_panel - BomPanel: 提取到Baugruppe: 1149353
2025-04-28 13:23:37,416 [DEBUG] gui.bom_panel - BomPanel: 提取到占位符: PL-Sitze05
2025-04-28 13:23:37,416 [DEBUG] gui.bom_panel - BomPanel: 构建的BOM码: PL-Sitze05-1149353
2025-04-28 13:23:37,416 [DEBUG] gui.bom_panel - BomPanel: 获取根窗口成功
2025-04-28 13:23:37,416 [DEBUG] gui.bom_panel - BomPanel: 获取MainWindow实例成功
2025-04-28 13:23:37,417 [DEBUG] gui.bom_panel - BomPanel: 找到逻辑面板
2025-04-28 13:23:37,417 [DEBUG] gui.logic_panel - LogicPanel: 开始插入代码: PL-Sitze05-1149353
2025-04-28 13:23:37,417 [DEBUG] gui.logic_panel - 验证BOM码: PL-Sitze05-1149353
2025-04-28 13:23:37,418 [INFO] gui.logic_panel - LogicPanel: 输入历史 - 类型: BOM_code, 内容: PL-Sitze05-1149353, 当前表达式: K04_02_07  → PL-Sitze05-1149353 
2025-04-28 13:23:37,418 [INFO] gui.bom_panel - BomPanel: 成功发送代码到逻辑面板: PL-Sitze05-1149353
2025-04-28 13:23:37,418 [INFO] gui.bom_panel - BomPanel: 成功插入BOM码: PL-Sitze05-1149353
2025-04-28 13:23:38,263 [INFO] core.logic_builder - 规则数据已保存到临时文件，共 3 条规则
2025-04-28 13:23:38,268 [INFO] core.logic_builder - 规则数据已保存到临时文件，共 3 条规则
2025-04-28 13:23:38,269 [INFO] core.logic_builder - 规则数据已保存到文件: C:\Users\mengy\Desktop\ZK_LogicBom_Builder\data\temp_rules_latest.json
2025-04-28 13:23:38,270 [INFO] gui.logic_panel - 已保存新的BOM逻辑关系规则: ID=BL03, 选择项=K04_02_07, 影响项=PL-Sitze05-1149353, 状态=enabled
2025-04-28 13:23:42,391 [INFO] core.logic_builder - 规则数据已保存到临时文件，共 2 条规则
2025-04-28 13:23:42,395 [INFO] core.logic_builder - 规则数据已保存到临时文件，共 2 条规则
2025-04-28 13:23:42,396 [INFO] core.logic_builder - 规则数据已保存到文件: C:\Users\mengy\Desktop\ZK_LogicBom_Builder\data\temp_rules_latest.json
2025-04-28 13:23:42,396 [INFO] gui.logic_panel - 收到规则变更事件: type=deleted, rule_id=BL02
2025-04-28 13:23:42,397 [INFO] gui.logic_library_window - 收到规则变更事件: type=deleted, rule_id=BL02
2025-04-28 13:23:42,397 [INFO] gui.logic_library_window - 已删除规则: BL02
