2025-04-23 09:41:14,131 [INFO] root - 程序启动，日志文件: C:\Users\mengy\Desktop\ZK_LogicBom_Builder\logs\log_20250423_094114.log
2025-04-23 09:41:14,381 [INFO] __main__ - 正在启动程序...
2025-04-23 09:41:14,382 [DEBUG] __main__ - Python版本: 3.13.2 (tags/v3.13.2:4f8bb39, Feb  4 2025, 15:23:48) [MSC v.1942 64 bit (AMD64)]
2025-04-23 09:41:14,382 [DEBUG] __main__ - 当前工作目录: C:\Users\mengy\Desktop\ZK_LogicBom_Builder
2025-04-23 09:41:14,382 [DEBUG] __main__ - src_dir路径: c:\Users\mengy\Desktop\ZK_LogicBom_Builder
2025-04-23 09:41:14,403 [INFO] __main__ - 正在创建语言选择对话框...
2025-04-23 09:41:15,443 [INFO] gui.language_dialog_tk - 已选择语言: zh
2025-04-23 09:41:15,481 [INFO] __main__ - 语言选择结果: zh
2025-04-23 09:41:15,481 [INFO] __main__ - 正在创建主题选择对话框...
2025-04-23 09:41:15,481 [DEBUG] gui.theme_dialog_tk - 创建主题选择对话框
2025-04-23 09:41:15,488 [DEBUG] gui.theme_dialog_tk - 主题选择对话框创建完成
2025-04-23 09:41:16,176 [DEBUG] gui.theme_dialog_tk - 用户选择了light主题
2025-04-23 09:41:16,215 [INFO] __main__ - 主题选择结果: light
2025-04-23 09:41:16,216 [INFO] __main__ - 正在配置主窗口...
2025-04-23 09:41:16,364 [INFO] __main__ - 开始创建MainWindow实例...
2025-04-23 09:41:16,365 [INFO] core.logic_builder - 已加载 6 条规则
2025-04-23 09:41:16,440 [INFO] __main__ - MainWindow实例创建完成
2025-04-23 09:41:16,723 [INFO] __main__ - 开始mainloop()...
2025-04-23 09:41:18,866 [INFO] core.config_processor - 找到工作表: ['TD', '0.模板&Vorlage', '1.Fahrgestell', '2.Fahrzeug allgemein', '3.Beschriftung&Kennzeichnung', '4. Anbauten&Fahrgestellarbeiten', '5. Fahrer_Mannschaftsraum', '6.Koffer', '7.Lichtmast', '8.Pumpenanlage', '9.Seilwinde&Generator', '10.Halterungen']
2025-04-23 09:41:18,867 [DEBUG] core.config_processor - 跳过工作表: TD
2025-04-23 09:41:18,867 [DEBUG] core.config_processor - 跳过工作表: 0.模板&Vorlage
2025-04-23 09:41:18,867 [INFO] core.config_processor - 处理工作表: 1.Fahrgestell -> 模块: 1.Fahrgestell
2025-04-23 09:41:18,884 [INFO] core.config_processor - 处理工作表: 2.Fahrzeug allgemein -> 模块: 2.Fahrzeug allgemein
2025-04-23 09:41:18,900 [INFO] core.config_processor - 处理工作表: 3.Beschriftung&Kennzeichnung -> 模块: 3.Beschriftung&Kennzeichnung
2025-04-23 09:41:18,916 [INFO] core.config_processor - 处理工作表: 4. Anbauten&Fahrgestellarbeiten -> 模块: 4.Anbauten&Fahrgestellarbeiten
2025-04-23 09:41:18,931 [INFO] core.config_processor - 处理工作表: 5. Fahrer_Mannschaftsraum -> 模块: 5.Fahrer_Mannschaftsraum
2025-04-23 09:41:18,952 [INFO] core.config_processor - 处理工作表: 6.Koffer -> 模块: 6.Koffer
2025-04-23 09:41:18,968 [INFO] core.config_processor - 处理工作表: 7.Lichtmast -> 模块: 7.Lichtmast
2025-04-23 09:41:18,983 [INFO] core.config_processor - 处理工作表: 8.Pumpenanlage -> 模块: 8.Pumpenanlage
2025-04-23 09:41:18,998 [INFO] core.config_processor - 处理工作表: 9.Seilwinde&Generator -> 模块: 9.Seilwinde&Generator
2025-04-23 09:41:19,013 [INFO] core.config_processor - 处理工作表: 10.Halterungen -> 模块: 10.Halterungen
2025-04-23 09:41:24,835 [INFO] core.bom_processor - 开始导入BOM文件: C:/Users/mengy/Desktop/BOM映射表.xlsx
2025-04-23 09:41:24,839 [INFO] core.bom_processor - 找到工作表: ['MAX-gruppe', 'K码表', '配置', 'Sheet1']
2025-04-23 09:41:24,852 [INFO] core.bom_processor - BOM文件导入成功
2025-04-23 09:41:53,579 [DEBUG] gui.config_panel - ConfigPanel: 双击选中项 ID: I026
2025-04-23 09:41:53,580 [DEBUG] gui.config_panel - ConfigPanel: 选中项文本: K02_01_03 TSF-W
2025-04-23 09:41:53,581 [DEBUG] gui.config_panel - ConfigPanel: 提取的代码: K02_01_03
2025-04-23 09:41:53,582 [INFO] gui.config_panel - ConfigPanel: 准备插入K码: K02_01_03
2025-04-23 09:41:53,583 [DEBUG] gui.config_panel - ConfigPanel: 获取根窗口成功
2025-04-23 09:41:53,584 [DEBUG] gui.config_panel - ConfigPanel: 获取MainWindow实例成功
2025-04-23 09:41:53,585 [DEBUG] gui.config_panel - ConfigPanel: 找到逻辑面板
2025-04-23 09:41:53,585 [DEBUG] gui.logic_panel - LogicPanel: 开始插入代码: K02_01_03
2025-04-23 09:41:53,586 [INFO] gui.config_panel - ConfigPanel: 成功发送代码到逻辑面板: K02_01_03
2025-04-23 09:41:55,446 [DEBUG] gui.config_panel - ConfigPanel: 双击选中项 ID: I026
2025-04-23 09:41:55,447 [DEBUG] gui.config_panel - ConfigPanel: 选中项文本: K02_01_03 TSF-W
2025-04-23 09:41:55,448 [DEBUG] gui.config_panel - ConfigPanel: 提取的代码: K02_01_03
2025-04-23 09:41:55,448 [INFO] gui.config_panel - ConfigPanel: 准备插入K码: K02_01_03
2025-04-23 09:41:55,449 [DEBUG] gui.config_panel - ConfigPanel: 获取根窗口成功
2025-04-23 09:41:55,449 [DEBUG] gui.config_panel - ConfigPanel: 获取MainWindow实例成功
2025-04-23 09:41:55,449 [DEBUG] gui.config_panel - ConfigPanel: 找到逻辑面板
2025-04-23 09:41:55,449 [DEBUG] gui.logic_panel - LogicPanel: 开始插入代码: K02_01_03
2025-04-23 09:41:55,450 [INFO] gui.config_panel - ConfigPanel: 成功发送代码到逻辑面板: K02_01_03
2025-04-23 09:41:56,502 [DEBUG] gui.config_panel - ConfigPanel: 双击选中项 ID: I026
2025-04-23 09:41:56,502 [DEBUG] gui.config_panel - ConfigPanel: 选中项文本: K02_01_03 TSF-W
2025-04-23 09:41:56,503 [DEBUG] gui.config_panel - ConfigPanel: 提取的代码: K02_01_03
2025-04-23 09:41:56,503 [INFO] gui.config_panel - ConfigPanel: 准备插入K码: K02_01_03
2025-04-23 09:41:56,503 [DEBUG] gui.config_panel - ConfigPanel: 获取根窗口成功
2025-04-23 09:41:56,503 [DEBUG] gui.config_panel - ConfigPanel: 获取MainWindow实例成功
2025-04-23 09:41:56,504 [DEBUG] gui.config_panel - ConfigPanel: 找到逻辑面板
2025-04-23 09:41:56,504 [DEBUG] gui.logic_panel - LogicPanel: 开始插入代码: K02_01_03
2025-04-23 09:41:56,504 [INFO] gui.config_panel - ConfigPanel: 成功发送代码到逻辑面板: K02_01_03
2025-04-23 09:41:56,691 [DEBUG] gui.config_panel - ConfigPanel: 双击选中项 ID: I026
2025-04-23 09:41:56,692 [DEBUG] gui.config_panel - ConfigPanel: 选中项文本: K02_01_03 TSF-W
2025-04-23 09:41:56,693 [DEBUG] gui.config_panel - ConfigPanel: 提取的代码: K02_01_03
2025-04-23 09:41:56,693 [INFO] gui.config_panel - ConfigPanel: 准备插入K码: K02_01_03
2025-04-23 09:41:56,694 [DEBUG] gui.config_panel - ConfigPanel: 获取根窗口成功
2025-04-23 09:41:56,694 [DEBUG] gui.config_panel - ConfigPanel: 获取MainWindow实例成功
2025-04-23 09:41:56,695 [DEBUG] gui.config_panel - ConfigPanel: 找到逻辑面板
2025-04-23 09:41:56,695 [DEBUG] gui.logic_panel - LogicPanel: 开始插入代码: K02_01_03
2025-04-23 09:41:56,696 [INFO] gui.config_panel - ConfigPanel: 成功发送代码到逻辑面板: K02_01_03
2025-04-23 09:41:57,141 [DEBUG] gui.config_panel - ConfigPanel: 双击选中项 ID: I026
2025-04-23 09:41:57,143 [DEBUG] gui.config_panel - ConfigPanel: 选中项文本: K02_01_03 TSF-W
2025-04-23 09:41:57,143 [DEBUG] gui.config_panel - ConfigPanel: 提取的代码: K02_01_03
2025-04-23 09:41:57,144 [INFO] gui.config_panel - ConfigPanel: 准备插入K码: K02_01_03
2025-04-23 09:41:57,145 [DEBUG] gui.config_panel - ConfigPanel: 获取根窗口成功
2025-04-23 09:41:57,147 [DEBUG] gui.config_panel - ConfigPanel: 获取MainWindow实例成功
2025-04-23 09:41:57,147 [DEBUG] gui.config_panel - ConfigPanel: 找到逻辑面板
2025-04-23 09:41:57,147 [DEBUG] gui.logic_panel - LogicPanel: 开始插入代码: K02_01_03
2025-04-23 09:41:57,148 [INFO] gui.config_panel - ConfigPanel: 成功发送代码到逻辑面板: K02_01_03
2025-04-23 09:41:57,318 [DEBUG] gui.config_panel - ConfigPanel: 双击选中项 ID: I026
2025-04-23 09:41:57,319 [DEBUG] gui.config_panel - ConfigPanel: 选中项文本: K02_01_03 TSF-W
2025-04-23 09:41:57,320 [DEBUG] gui.config_panel - ConfigPanel: 提取的代码: K02_01_03
2025-04-23 09:41:57,321 [INFO] gui.config_panel - ConfigPanel: 准备插入K码: K02_01_03
2025-04-23 09:41:57,321 [DEBUG] gui.config_panel - ConfigPanel: 获取根窗口成功
2025-04-23 09:41:57,322 [DEBUG] gui.config_panel - ConfigPanel: 获取MainWindow实例成功
2025-04-23 09:41:57,323 [DEBUG] gui.config_panel - ConfigPanel: 找到逻辑面板
2025-04-23 09:41:57,324 [DEBUG] gui.logic_panel - LogicPanel: 开始插入代码: K02_01_03
2025-04-23 09:41:57,325 [INFO] gui.config_panel - ConfigPanel: 成功发送代码到逻辑面板: K02_01_03
2025-04-23 09:41:57,470 [DEBUG] gui.config_panel - ConfigPanel: 双击选中项 ID: I026
2025-04-23 09:41:57,471 [DEBUG] gui.config_panel - ConfigPanel: 选中项文本: K02_01_03 TSF-W
2025-04-23 09:41:57,471 [DEBUG] gui.config_panel - ConfigPanel: 提取的代码: K02_01_03
2025-04-23 09:41:57,471 [INFO] gui.config_panel - ConfigPanel: 准备插入K码: K02_01_03
2025-04-23 09:41:57,472 [DEBUG] gui.config_panel - ConfigPanel: 获取根窗口成功
2025-04-23 09:41:57,472 [DEBUG] gui.config_panel - ConfigPanel: 获取MainWindow实例成功
2025-04-23 09:41:57,472 [DEBUG] gui.config_panel - ConfigPanel: 找到逻辑面板
2025-04-23 09:41:57,472 [DEBUG] gui.logic_panel - LogicPanel: 开始插入代码: K02_01_03
2025-04-23 09:41:57,472 [INFO] gui.config_panel - ConfigPanel: 成功发送代码到逻辑面板: K02_01_03
2025-04-23 09:41:57,656 [DEBUG] gui.config_panel - ConfigPanel: 双击选中项 ID: I026
2025-04-23 09:41:57,657 [DEBUG] gui.config_panel - ConfigPanel: 选中项文本: K02_01_03 TSF-W
2025-04-23 09:41:57,658 [DEBUG] gui.config_panel - ConfigPanel: 提取的代码: K02_01_03
2025-04-23 09:41:57,659 [INFO] gui.config_panel - ConfigPanel: 准备插入K码: K02_01_03
2025-04-23 09:41:57,659 [DEBUG] gui.config_panel - ConfigPanel: 获取根窗口成功
2025-04-23 09:41:57,660 [DEBUG] gui.config_panel - ConfigPanel: 获取MainWindow实例成功
2025-04-23 09:41:57,661 [DEBUG] gui.config_panel - ConfigPanel: 找到逻辑面板
2025-04-23 09:41:57,661 [DEBUG] gui.logic_panel - LogicPanel: 开始插入代码: K02_01_03
2025-04-23 09:41:57,662 [INFO] gui.config_panel - ConfigPanel: 成功发送代码到逻辑面板: K02_01_03
2025-04-23 09:41:57,827 [DEBUG] gui.config_panel - ConfigPanel: 双击选中项 ID: I026
2025-04-23 09:41:57,828 [DEBUG] gui.config_panel - ConfigPanel: 选中项文本: K02_01_03 TSF-W
2025-04-23 09:41:57,829 [DEBUG] gui.config_panel - ConfigPanel: 提取的代码: K02_01_03
2025-04-23 09:41:57,830 [INFO] gui.config_panel - ConfigPanel: 准备插入K码: K02_01_03
2025-04-23 09:41:57,830 [DEBUG] gui.config_panel - ConfigPanel: 获取根窗口成功
2025-04-23 09:41:57,831 [DEBUG] gui.config_panel - ConfigPanel: 获取MainWindow实例成功
2025-04-23 09:41:57,832 [DEBUG] gui.config_panel - ConfigPanel: 找到逻辑面板
2025-04-23 09:41:57,832 [DEBUG] gui.logic_panel - LogicPanel: 开始插入代码: K02_01_03
2025-04-23 09:41:57,833 [INFO] gui.config_panel - ConfigPanel: 成功发送代码到逻辑面板: K02_01_03
2025-04-23 09:41:57,987 [DEBUG] gui.config_panel - ConfigPanel: 双击选中项 ID: I026
2025-04-23 09:41:57,988 [DEBUG] gui.config_panel - ConfigPanel: 选中项文本: K02_01_03 TSF-W
2025-04-23 09:41:57,988 [DEBUG] gui.config_panel - ConfigPanel: 提取的代码: K02_01_03
2025-04-23 09:41:57,989 [INFO] gui.config_panel - ConfigPanel: 准备插入K码: K02_01_03
2025-04-23 09:41:57,990 [DEBUG] gui.config_panel - ConfigPanel: 获取根窗口成功
2025-04-23 09:41:57,990 [DEBUG] gui.config_panel - ConfigPanel: 获取MainWindow实例成功
2025-04-23 09:41:57,991 [DEBUG] gui.config_panel - ConfigPanel: 找到逻辑面板
2025-04-23 09:41:57,991 [DEBUG] gui.logic_panel - LogicPanel: 开始插入代码: K02_01_03
2025-04-23 09:41:57,992 [INFO] gui.config_panel - ConfigPanel: 成功发送代码到逻辑面板: K02_01_03
