2025-04-28 13:27:33,216 [INFO] root - 程序启动，日志文件: C:\Users\mengy\Desktop\ZK_LogicBom_Builder\logs\log_20250428_132733.log
2025-04-28 13:27:33,468 [INFO] __main__ - 正在启动程序...
2025-04-28 13:27:33,468 [DEBUG] __main__ - Python版本: 3.13.2 (tags/v3.13.2:4f8bb39, Feb  4 2025, 15:23:48) [MSC v.1942 64 bit (AMD64)]
2025-04-28 13:27:33,468 [DEBUG] __main__ - 当前工作目录: C:\Users\mengy\Desktop\ZK_LogicBom_Builder
2025-04-28 13:27:33,469 [DEBUG] __main__ - src_dir路径: c:\Users\mengy\Desktop\ZK_LogicBom_Builder
2025-04-28 13:27:33,490 [INFO] __main__ - 正在创建语言选择对话框...
2025-04-28 13:27:34,877 [INFO] gui.language_dialog_tk - 已选择语言: zh
2025-04-28 13:27:34,907 [INFO] __main__ - 语言选择结果: zh
2025-04-28 13:27:34,907 [INFO] __main__ - 正在创建主题选择对话框...
2025-04-28 13:27:34,907 [DEBUG] gui.theme_dialog_tk - 创建主题选择对话框
2025-04-28 13:27:34,912 [DEBUG] gui.theme_dialog_tk - 主题选择对话框创建完成
2025-04-28 13:27:35,687 [DEBUG] gui.theme_dialog_tk - 用户选择了light主题
2025-04-28 13:27:35,711 [INFO] __main__ - 主题选择结果: light
2025-04-28 13:27:35,752 [INFO] __main__ - 正在配置主窗口...
2025-04-28 13:27:35,908 [INFO] __main__ - 开始创建MainWindow实例...
2025-04-28 13:27:35,909 [INFO] core.logic_builder - 已加载 3 条规则
2025-04-28 13:27:35,963 [INFO] gui.logic_panel - 规则未加载状态，等待用户确认后再加载规则
2025-04-28 13:27:35,974 [INFO] __main__ - MainWindow实例创建完成
2025-04-28 13:27:36,280 [INFO] __main__ - 开始mainloop()...
2025-04-28 13:27:37,744 [INFO] core.config_processor - 找到工作表: ['TD', '0.模板&Vorlage', '1.Fahrgestell', '2.Fahrzeug allgemein', '3.Beschriftung&Kennzeichnung', '4. Anbauten&Fahrgestellarbeiten', '5. Fahrer_Mannschaftsraum', '6.Koffer', '7.Lichtmast', '8.Pumpenanlage', '9.Seilwinde&Generator', '10.Halterungen']
2025-04-28 13:27:37,745 [DEBUG] core.config_processor - 跳过工作表: TD
2025-04-28 13:27:37,745 [DEBUG] core.config_processor - 跳过工作表: 0.模板&Vorlage
2025-04-28 13:27:37,745 [INFO] core.config_processor - 处理工作表: 1.Fahrgestell -> 模块: 1.Fahrgestell
2025-04-28 13:27:37,764 [INFO] core.config_processor - 处理工作表: 2.Fahrzeug allgemein -> 模块: 2.Fahrzeug allgemein
2025-04-28 13:27:37,780 [INFO] core.config_processor - 处理工作表: 3.Beschriftung&Kennzeichnung -> 模块: 3.Beschriftung&Kennzeichnung
2025-04-28 13:27:37,796 [INFO] core.config_processor - 处理工作表: 4. Anbauten&Fahrgestellarbeiten -> 模块: 4.Anbauten&Fahrgestellarbeiten
2025-04-28 13:27:37,811 [INFO] core.config_processor - 处理工作表: 5. Fahrer_Mannschaftsraum -> 模块: 5.Fahrer_Mannschaftsraum
2025-04-28 13:27:37,833 [INFO] core.config_processor - 处理工作表: 6.Koffer -> 模块: 6.Koffer
2025-04-28 13:27:37,849 [INFO] core.config_processor - 处理工作表: 7.Lichtmast -> 模块: 7.Lichtmast
2025-04-28 13:27:37,865 [INFO] core.config_processor - 处理工作表: 8.Pumpenanlage -> 模块: 8.Pumpenanlage
2025-04-28 13:27:37,882 [INFO] core.config_processor - 处理工作表: 9.Seilwinde&Generator -> 模块: 9.Seilwinde&Generator
2025-04-28 13:27:37,899 [INFO] core.config_processor - 处理工作表: 10.Halterungen -> 模块: 10.Halterungen
2025-04-28 13:27:37,912 [INFO] gui.config_panel - 成功导入配置文件: C:/Users/mengy/Desktop/配置选项_Konfigurationsoptions.xlsm
2025-04-28 13:27:37,916 [INFO] gui.main_window_tk - 成功保存配置文件路径到app_config.json: C:/Users/mengy/Desktop/配置选项_Konfigurationsoptions.xlsm
2025-04-28 13:27:37,917 [INFO] gui.config_panel - 已保存配置文件路径到app_config.json: C:/Users/mengy/Desktop/配置选项_Konfigurationsoptions.xlsm
2025-04-28 13:27:38,963 [INFO] core.bom_processor - 开始导入BOM文件: C:/Users/mengy/Desktop/Bom.xlsx
2025-04-28 13:27:38,963 [INFO] core.bom_processor - 已清空现有数据
2025-04-28 13:27:38,964 [INFO] core.bom_processor - 正在读取Excel文件...
2025-04-28 13:27:38,968 [INFO] core.bom_processor - 成功打开Excel文件，包含以下工作表: ['Max-Gruppe']
2025-04-28 13:27:38,969 [INFO] core.bom_processor - 正在读取 Max-Gruppe 工作表...
2025-04-28 13:27:38,978 [INFO] core.bom_processor - 成功读取工作表，共 154 行数据
2025-04-28 13:27:38,978 [INFO] core.bom_processor - 所有必需列均存在，开始处理数据...
2025-04-28 13:27:38,980 [INFO] core.bom_processor - 过滤空层级后剩余 153 行数据
2025-04-28 13:27:38,981 [INFO] core.bom_processor - 
开始处理数据...
2025-04-28 13:27:38,984 [INFO] core.bom_processor - 
数据处理完成，成功处理 {processed_count} 行数据
2025-04-28 13:27:38,985 [INFO] core.bom_processor - 第 1 级节点数量: 1
2025-04-28 13:27:38,986 [INFO] core.bom_processor - 第 2 级节点数量: 133
2025-04-28 13:27:38,986 [INFO] core.bom_processor - 第 3 级节点数量: 19
2025-04-28 13:27:38,986 [INFO] core.bom_processor - BOM文件导入成功，共处理 153 个项目
2025-04-28 13:27:38,987 [INFO] gui.bom_panel - 成功导入BOM文件: C:/Users/mengy/Desktop/Bom.xlsx
2025-04-28 13:27:38,987 [INFO] gui.bom_panel - 开始刷新树状图
2025-04-28 13:27:38,988 [INFO] gui.bom_panel - 树状图刷新完成
2025-04-28 13:27:38,990 [INFO] gui.main_window_tk - 成功保存BOM文件路径到app_config.json: C:/Users/mengy/Desktop/Bom.xlsx
2025-04-28 13:27:38,990 [INFO] gui.bom_panel - 已保存BOM文件路径到app_config.json: C:/Users/mengy/Desktop/Bom.xlsx
2025-04-28 13:27:40,116 [INFO] gui.main_window_tk - 用户确认加载规则，设置规则已加载标志为True
2025-04-28 13:27:40,117 [INFO] core.logic_builder - 准备从临时文件加载规则: C:\Users\mengy\Desktop\ZK_LogicBom_Builder\data\temp_rules_latest.json
2025-04-28 13:27:40,117 [INFO] core.logic_builder - 开始导入规则文件: C:\Users\mengy\Desktop\ZK_LogicBom_Builder\data\temp_rules_latest.json
2025-04-28 13:27:40,117 [INFO] core.logic_builder - 已清空现有规则
2025-04-28 13:27:40,118 [DEBUG] core.logic_builder - 成功导入规则: ID=BL02
2025-04-28 13:27:40,118 [DEBUG] core.logic_builder - 成功导入规则: ID=BL04
2025-04-28 13:27:40,118 [DEBUG] core.logic_builder - 成功导入规则: ID=BL05
2025-04-28 13:27:40,130 [INFO] core.logic_builder - 规则数据已保存到临时文件，共 3 条规则
2025-04-28 13:27:40,130 [INFO] gui.logic_panel - 收到规则变更事件: type=imported, rule_id=None
2025-04-28 13:27:40,130 [INFO] gui.logic_panel - 规则已加载状态，开始更新已保存规则框架
2025-04-28 13:27:40,131 [INFO] gui.logic_panel - 开始加载规则到已保存规则框架
2025-04-28 13:27:40,131 [DEBUG] gui.logic_panel - 从LogicBuilder获取到 3 条规则
2025-04-28 13:27:40,131 [DEBUG] gui.logic_panel - 添加规则ID: 2 到已使用集合
2025-04-28 13:27:40,132 [DEBUG] gui.logic_panel - 添加规则ID: 4 到已使用集合
2025-04-28 13:27:40,132 [DEBUG] gui.logic_panel - 添加规则ID: 5 到已使用集合
2025-04-28 13:27:40,132 [INFO] gui.logic_panel - 成功加载 3 条规则到已保存规则框架
2025-04-28 13:27:40,132 [INFO] core.logic_builder - 规则导入完成，成功导入 3 条规则
2025-04-28 13:27:40,132 [INFO] core.logic_builder - 从临时文件加载规则完成
2025-04-28 13:27:40,133 [INFO] gui.main_window_tk - 开始刷新逻辑面板显示
2025-04-28 13:27:40,133 [INFO] gui.logic_panel - 开始加载规则到已保存规则框架
2025-04-28 13:27:40,133 [DEBUG] gui.logic_panel - 从LogicBuilder获取到 3 条规则
2025-04-28 13:27:40,133 [DEBUG] gui.logic_panel - 添加规则ID: 2 到已使用集合
2025-04-28 13:27:40,133 [DEBUG] gui.logic_panel - 添加规则ID: 4 到已使用集合
2025-04-28 13:27:40,134 [DEBUG] gui.logic_panel - 添加规则ID: 5 到已使用集合
2025-04-28 13:27:40,134 [INFO] gui.logic_panel - 成功加载 3 条规则到已保存规则框架
2025-04-28 13:27:40,134 [INFO] gui.main_window_tk - 逻辑面板显示刷新完成
2025-04-28 13:27:42,783 [INFO] gui.logic_library_window - 已加载 3 条 BOM 逻辑关系规则
2025-04-28 13:27:47,755 [INFO] core.logic_builder - 规则数据已保存到临时文件，共 2 条规则
2025-04-28 13:27:47,758 [INFO] core.logic_builder - 规则数据已保存到临时文件，共 2 条规则
2025-04-28 13:27:47,759 [INFO] core.logic_builder - 规则数据已保存到文件: C:\Users\mengy\Desktop\ZK_LogicBom_Builder\data\temp_rules_latest.json
2025-04-28 13:27:47,759 [INFO] gui.logic_panel - 收到规则变更事件: type=deleted, rule_id=BL04
2025-04-28 13:27:47,759 [INFO] gui.logic_library_window - 收到规则变更事件: type=deleted, rule_id=BL04
2025-04-28 13:27:47,759 [INFO] gui.logic_library_window - 已删除规则: BL04
