2025-05-20 08:40:32,229 [INFO] root - 程序启动，日志文件: C:\Users\mengy\Desktop\ZK_LogicBom_Builder\logs\log_20250520_084032.log
2025-05-20 08:40:32,449 [INFO] __main__ - 正在启动程序...
2025-05-20 08:40:32,450 [DEBUG] __main__ - Python版本: 3.13.2 (tags/v3.13.2:4f8bb39, Feb  4 2025, 15:23:48) [MSC v.1942 64 bit (AMD64)]
2025-05-20 08:40:32,450 [DEBUG] __main__ - 当前工作目录: C:\Users\mengy\Desktop\ZK_LogicBom_Builder
2025-05-20 08:40:32,450 [DEBUG] __main__ - src_dir路径: c:\Users\mengy\Desktop\ZK_LogicBom_Builder
2025-05-20 08:40:32,471 [INFO] __main__ - 正在创建语言选择对话框...
2025-05-20 08:40:33,761 [INFO] gui.language_dialog_tk - 已选择语言: zh
2025-05-20 08:40:33,785 [INFO] __main__ - 语言选择结果: zh
2025-05-20 08:40:33,786 [INFO] __main__ - 正在创建主题选择对话框...
2025-05-20 08:40:33,787 [DEBUG] gui.theme_dialog_tk - 创建主题选择对话框
2025-05-20 08:40:33,794 [DEBUG] gui.theme_dialog_tk - 主题选择对话框创建完成
2025-05-20 08:40:34,634 [DEBUG] gui.theme_dialog_tk - 用户选择了dark主题
2025-05-20 08:40:34,654 [INFO] __main__ - 主题选择结果: dark
2025-05-20 08:40:34,667 [INFO] __main__ - 正在配置主窗口...
2025-05-20 08:40:34,799 [INFO] __main__ - 开始创建MainWindow实例...
2025-05-20 08:40:34,800 [INFO] core.logic_builder - 从 C:\Users\mengy\Desktop\ZK_LogicBom_Builder\data\temp_rules_latest.json 加载时检测到新版大写键名规则文件格式 (BL_rules/TL_rules)。
2025-05-20 08:40:34,801 [DEBUG] core.logic_builder - Rule BL02 loaded from file. Original file description: 'Fzg: 9 Plätze → PL--Sitze04-PA-Sitz Std. elektrisch 1 FL-Sitzplatz 4'. Regenerating description.
2025-05-20 08:40:34,801 [DEBUG] core.logic_builder - Generated condition part for rule BL02: 'K-200-000000'
2025-05-20 08:40:34,802 [DEBUG] core.logic_builder - Generated action part for rule BL02: 'PL--Sitze04-10019362'
2025-05-20 08:40:34,802 [INFO] core.logic_builder - Newly generated description for BL02 (on _load_rules): 'K-200-000000 → PL--Sitze04-10019362'
2025-05-20 08:40:34,802 [INFO] core.logic_builder - 已加载 1 条规则从 C:\Users\mengy\Desktop\ZK_LogicBom_Builder\data\temp_rules_latest.json
2025-05-20 08:40:34,852 [INFO] gui.logic_panel - LogicPanel: 主窗口引用无效、rules_loaded属性不存在或规则未加载，跳过加载到树。
2025-05-20 08:40:34,858 [INFO] __main__ - MainWindow实例创建完成
2025-05-20 08:40:35,063 [INFO] __main__ - 开始mainloop()...
2025-05-20 08:40:37,349 [INFO] core.config_processor - 找到工作表: ['1.Kabine']
2025-05-20 08:40:37,350 [INFO] core.config_processor - 处理工作表: 1.Kabine -> 模块: 1.Kabine
2025-05-20 08:40:37,374 [INFO] gui.config_panel - 成功导入配置文件: C:/Users/mengy/OneDrive/Kabine_Test_Dokument/Kabine_Mekrmal(Test).xlsx
2025-05-20 08:40:37,377 [INFO] gui.main_window_tk - 成功保存配置文件路径到app_config.json: C:/Users/mengy/OneDrive/Kabine_Test_Dokument/Kabine_Mekrmal(Test).xlsx
2025-05-20 08:40:37,378 [INFO] gui.config_panel - 已保存配置文件路径到app_config.json: C:/Users/mengy/OneDrive/Kabine_Test_Dokument/Kabine_Mekrmal(Test).xlsx
2025-05-20 08:40:38,563 [INFO] core.bom_processor - 开始导入BOM文件: C:/Users/mengy/OneDrive/Kabine_Test_Dokument/Kabine_Bom-MaxGruppe.xlsx
2025-05-20 08:40:38,564 [INFO] core.bom_processor - 已清空现有数据
2025-05-20 08:40:38,564 [INFO] core.bom_processor - 正在读取Excel文件...
2025-05-20 08:40:38,577 [INFO] core.bom_processor - 成功打开Excel文件，包含以下工作表: ['Max-Gruppe']
2025-05-20 08:40:38,577 [INFO] core.bom_processor - 正在读取 Max-Gruppe 工作表...
2025-05-20 08:40:38,605 [INFO] core.bom_processor - 成功读取工作表，共 244 行数据
2025-05-20 08:40:38,605 [INFO] core.bom_processor - 所有必需列均存在，开始处理数据...
2025-05-20 08:40:38,607 [INFO] core.bom_processor - 过滤空层级后剩余 244 行数据
2025-05-20 08:40:38,607 [INFO] core.bom_processor - 
开始处理数据...
2025-05-20 08:40:38,613 [INFO] core.bom_processor - 
数据处理完成，成功处理 {processed_count} 行数据
2025-05-20 08:40:38,613 [INFO] core.bom_processor - 第 1 级节点数量: 244
2025-05-20 08:40:38,613 [INFO] core.bom_processor - BOM文件导入成功，共处理 244 个项目
2025-05-20 08:40:38,614 [INFO] gui.bom_panel - 成功导入BOM文件: C:/Users/mengy/OneDrive/Kabine_Test_Dokument/Kabine_Bom-MaxGruppe.xlsx
2025-05-20 08:40:38,614 [INFO] gui.bom_panel - 开始刷新树状图
2025-05-20 08:40:38,615 [INFO] gui.bom_panel - 树状图刷新完成
2025-05-20 08:40:38,616 [INFO] gui.main_window_tk - 成功保存BOM文件路径到app_config.json: C:/Users/mengy/OneDrive/Kabine_Test_Dokument/Kabine_Bom-MaxGruppe.xlsx
2025-05-20 08:40:38,616 [INFO] gui.bom_panel - 已保存BOM文件路径到app_config.json: C:/Users/mengy/OneDrive/Kabine_Test_Dokument/Kabine_Bom-MaxGruppe.xlsx
2025-05-20 08:40:39,109 [INFO] core.logic_builder - 准备从临时文件加载规则: C:\Users\mengy\Desktop\ZK_LogicBom_Builder\data\temp_rules_latest.json
2025-05-20 08:40:39,110 [DEBUG] core.logic_builder - Rule BL02 loaded from temp file. Original file description: 'Fzg: 9 Plätze → PL--Sitze04-PA-Sitz Std. elektrisch 1 FL-Sitzplatz 4'. Regenerating description.
2025-05-20 08:40:39,110 [DEBUG] core.logic_builder - Generated condition part for rule BL02: 'Fzg: 9 Plätze'
2025-05-20 08:40:39,110 [DEBUG] core.logic_builder - Generated action part for rule BL02: 'PL--Sitze04-PA-Sitz Std. elektrisch 1 FL-Sitzplatz 4'
2025-05-20 08:40:39,110 [INFO] core.logic_builder - Newly generated description for BL02 (from temp): 'Fzg: 9 Plätze → PL--Sitze04-PA-Sitz Std. elektrisch 1 FL-Sitzplatz 4'
2025-05-20 08:40:39,111 [INFO] gui.logic_panel - LogicPanel _on_rule_change: 收到通知: 类型='imported', RuleID='None'
2025-05-20 08:40:39,111 [INFO] gui.logic_panel - LogicPanel _on_rule_change (imported): 收到 'imported' 通知，将重新加载所有规则到Treeview。
2025-05-20 08:40:39,111 [INFO] gui.logic_panel - LogicPanel: 主窗口引用无效、rules_loaded属性不存在或规则未加载，跳过加载到树。
2025-05-20 08:40:39,114 [DEBUG] gui.logic_panel - LogicPanel _on_rule_change: Treeview update_idletasks() 已调用，处理类型 'imported' 完成。
2025-05-20 08:40:39,115 [INFO] core.logic_builder - 从临时文件 (C:\Users\mengy\Desktop\ZK_LogicBom_Builder\data\temp_rules_latest.json) 加载 1 条规则完成。导出状态: False
2025-05-20 08:40:39,115 [INFO] gui.main_window_tk - 检测到LogicBuilder中存在未导出的规则。
2025-05-20 08:40:39,626 [INFO] gui.main_window_tk - 用户确认加载，将再次调用 load_from_temp_file 以使用最新的Config/BOM数据生成描述。
2025-05-20 08:40:39,627 [INFO] core.logic_builder - 准备从临时文件加载规则: C:\Users\mengy\Desktop\ZK_LogicBom_Builder\data\temp_rules_latest.json
2025-05-20 08:40:39,627 [DEBUG] core.logic_builder - Rule BL02 loaded from temp file. Original file description: 'Fzg: 9 Plätze → PL--Sitze04-PA-Sitz Std. elektrisch 1 FL-Sitzplatz 4'. Regenerating description.
2025-05-20 08:40:39,628 [DEBUG] core.logic_builder - Generated condition part for rule BL02: 'Fzg: 9 Plätze'
2025-05-20 08:40:39,629 [DEBUG] core.logic_builder - Generated action part for rule BL02: 'PL--Sitze04-PA-Sitz Std. elektrisch 1 FL-Sitzplatz 4'
2025-05-20 08:40:39,629 [INFO] core.logic_builder - Newly generated description for BL02 (from temp): 'Fzg: 9 Plätze → PL--Sitze04-PA-Sitz Std. elektrisch 1 FL-Sitzplatz 4'
2025-05-20 08:40:39,629 [INFO] gui.logic_panel - LogicPanel _on_rule_change: 收到通知: 类型='imported', RuleID='None'
2025-05-20 08:40:39,630 [INFO] gui.logic_panel - LogicPanel _on_rule_change (imported): 收到 'imported' 通知，将重新加载所有规则到Treeview。
2025-05-20 08:40:39,630 [INFO] gui.logic_panel - LogicPanel: 主窗口引用无效、rules_loaded属性不存在或规则未加载，跳过加载到树。
2025-05-20 08:40:39,633 [DEBUG] gui.logic_panel - LogicPanel _on_rule_change: Treeview update_idletasks() 已调用，处理类型 'imported' 完成。
2025-05-20 08:40:39,634 [INFO] core.logic_builder - 从临时文件 (C:\Users\mengy\Desktop\ZK_LogicBom_Builder\data\temp_rules_latest.json) 加载 1 条规则完成。导出状态: False
2025-05-20 08:40:39,634 [INFO] gui.main_window_tk - 用户确认加载未导出的规则。MainWindow.rules_loaded 设置为 True。
2025-05-20 08:40:39,635 [INFO] gui.main_window_tk - 开始刷新逻辑面板显示已加载的临时规则
2025-05-20 08:40:39,635 [INFO] gui.logic_panel - LogicPanel: 开始加载规则到已保存规则框架 (非层级)
2025-05-20 08:40:39,636 [DEBUG] gui.logic_panel - LogicPanel: 从LogicBuilder获取到 1 条规则
2025-05-20 08:40:39,642 [INFO] gui.logic_panel - LogicPanel: 成功加载 1 条规则 (非层级) 到已保存规则框架
2025-05-20 08:40:39,642 [INFO] gui.main_window_tk - 逻辑面板显示刷新完成
