2025-04-28 10:30:56,108 [INFO] root - 程序启动，日志文件: C:\Users\mengy\Desktop\ZK_LogicBom_Builder\logs\log_20250428_103056.log
2025-04-28 10:30:56,356 [INFO] __main__ - 正在启动程序...
2025-04-28 10:30:56,356 [DEBUG] __main__ - Python版本: 3.13.2 (tags/v3.13.2:4f8bb39, Feb  4 2025, 15:23:48) [MSC v.1942 64 bit (AMD64)]
2025-04-28 10:30:56,356 [DEBUG] __main__ - 当前工作目录: C:\Users\mengy\Desktop\ZK_LogicBom_Builder
2025-04-28 10:30:56,356 [DEBUG] __main__ - src_dir路径: c:\Users\mengy\Desktop\ZK_LogicBom_Builder
2025-04-28 10:30:56,378 [INFO] __main__ - 正在创建语言选择对话框...
2025-04-28 10:30:57,635 [INFO] gui.language_dialog_tk - 已选择语言: zh
2025-04-28 10:30:57,654 [INFO] __main__ - 语言选择结果: zh
2025-04-28 10:30:57,654 [INFO] __main__ - 正在创建主题选择对话框...
2025-04-28 10:30:57,654 [DEBUG] gui.theme_dialog_tk - 创建主题选择对话框
2025-04-28 10:30:57,661 [DEBUG] gui.theme_dialog_tk - 主题选择对话框创建完成
2025-04-28 10:30:58,382 [DEBUG] gui.theme_dialog_tk - 用户选择了light主题
2025-04-28 10:30:58,397 [INFO] __main__ - 主题选择结果: light
2025-04-28 10:30:58,411 [INFO] __main__ - 正在配置主窗口...
2025-04-28 10:30:58,575 [INFO] __main__ - 开始创建MainWindow实例...
2025-04-28 10:30:58,576 [INFO] core.logic_builder - 已加载 0 条规则
2025-04-28 10:30:58,623 [INFO] __main__ - MainWindow实例创建完成
2025-04-28 10:30:58,907 [INFO] __main__ - 开始mainloop()...
2025-04-28 10:31:00,390 [INFO] core.config_processor - 找到工作表: ['TD', '0.模板&Vorlage', '1.Fahrgestell', '2.Fahrzeug allgemein', '3.Beschriftung&Kennzeichnung', '4. Anbauten&Fahrgestellarbeiten', '5. Fahrer_Mannschaftsraum', '6.Koffer', '7.Lichtmast', '8.Pumpenanlage', '9.Seilwinde&Generator', '10.Halterungen']
2025-04-28 10:31:00,391 [DEBUG] core.config_processor - 跳过工作表: TD
2025-04-28 10:31:00,391 [DEBUG] core.config_processor - 跳过工作表: 0.模板&Vorlage
2025-04-28 10:31:00,391 [INFO] core.config_processor - 处理工作表: 1.Fahrgestell -> 模块: 1.Fahrgestell
2025-04-28 10:31:00,409 [INFO] core.config_processor - 处理工作表: 2.Fahrzeug allgemein -> 模块: 2.Fahrzeug allgemein
2025-04-28 10:31:00,425 [INFO] core.config_processor - 处理工作表: 3.Beschriftung&Kennzeichnung -> 模块: 3.Beschriftung&Kennzeichnung
2025-04-28 10:31:00,442 [INFO] core.config_processor - 处理工作表: 4. Anbauten&Fahrgestellarbeiten -> 模块: 4.Anbauten&Fahrgestellarbeiten
2025-04-28 10:31:00,457 [INFO] core.config_processor - 处理工作表: 5. Fahrer_Mannschaftsraum -> 模块: 5.Fahrer_Mannschaftsraum
2025-04-28 10:31:00,479 [INFO] core.config_processor - 处理工作表: 6.Koffer -> 模块: 6.Koffer
2025-04-28 10:31:00,497 [INFO] core.config_processor - 处理工作表: 7.Lichtmast -> 模块: 7.Lichtmast
2025-04-28 10:31:00,511 [INFO] core.config_processor - 处理工作表: 8.Pumpenanlage -> 模块: 8.Pumpenanlage
2025-04-28 10:31:00,527 [INFO] core.config_processor - 处理工作表: 9.Seilwinde&Generator -> 模块: 9.Seilwinde&Generator
2025-04-28 10:31:00,542 [INFO] core.config_processor - 处理工作表: 10.Halterungen -> 模块: 10.Halterungen
2025-04-28 10:31:00,556 [INFO] gui.config_panel - 成功导入配置文件: C:/Users/mengy/Desktop/配置选项_Konfigurationsoptions.xlsm
2025-04-28 10:31:00,560 [INFO] gui.main_window_tk - 成功保存配置文件路径到app_config.json: C:/Users/mengy/Desktop/配置选项_Konfigurationsoptions.xlsm
2025-04-28 10:31:00,561 [INFO] gui.config_panel - 已保存配置文件路径到app_config.json: C:/Users/mengy/Desktop/配置选项_Konfigurationsoptions.xlsm
2025-04-28 10:31:01,795 [INFO] core.bom_processor - 开始导入BOM文件: C:/Users/mengy/Desktop/Bom.xlsx
2025-04-28 10:31:01,795 [INFO] core.bom_processor - 已清空现有数据
2025-04-28 10:31:01,796 [INFO] core.bom_processor - 正在读取Excel文件...
2025-04-28 10:31:01,802 [INFO] core.bom_processor - 成功打开Excel文件，包含以下工作表: ['Max-Gruppe']
2025-04-28 10:31:01,802 [INFO] core.bom_processor - 正在读取 Max-Gruppe 工作表...
2025-04-28 10:31:01,812 [INFO] core.bom_processor - 成功读取工作表，共 154 行数据
2025-04-28 10:31:01,813 [INFO] core.bom_processor - 所有必需列均存在，开始处理数据...
2025-04-28 10:31:01,814 [INFO] core.bom_processor - 过滤空层级后剩余 153 行数据
2025-04-28 10:31:01,815 [INFO] core.bom_processor - 
开始处理数据...
2025-04-28 10:31:01,818 [INFO] core.bom_processor - 
数据处理完成，成功处理 {processed_count} 行数据
2025-04-28 10:31:01,818 [INFO] core.bom_processor - 第 1 级节点数量: 1
2025-04-28 10:31:01,818 [INFO] core.bom_processor - 第 2 级节点数量: 133
2025-04-28 10:31:01,819 [INFO] core.bom_processor - 第 3 级节点数量: 19
2025-04-28 10:31:01,819 [INFO] core.bom_processor - BOM文件导入成功，共处理 153 个项目
2025-04-28 10:31:01,819 [INFO] gui.bom_panel - 成功导入BOM文件: C:/Users/mengy/Desktop/Bom.xlsx
2025-04-28 10:31:01,819 [INFO] gui.bom_panel - 开始刷新树状图
2025-04-28 10:31:01,820 [INFO] gui.bom_panel - 树状图刷新完成
2025-04-28 10:31:01,821 [INFO] gui.main_window_tk - 成功保存BOM文件路径到app_config.json: C:/Users/mengy/Desktop/Bom.xlsx
2025-04-28 10:31:01,821 [INFO] gui.bom_panel - 已保存BOM文件路径到app_config.json: C:/Users/mengy/Desktop/Bom.xlsx
2025-04-28 10:31:04,086 [INFO] core.logic_builder - 规则数据已成功清空
2025-04-28 10:31:08,718 [INFO] gui.logic_library_window - 已加载 0 条 BOM 逻辑关系规则
2025-04-28 10:31:11,841 [DEBUG] gui.config_panel - ConfigPanel: 双击选中项 ID: I02D
2025-04-28 10:31:11,842 [DEBUG] gui.config_panel - ConfigPanel: 选中项文本: K02_02_02 C-Fahrerhaus(CC)
2025-04-28 10:31:11,842 [DEBUG] gui.config_panel - ConfigPanel: 提取的代码: K02_02_02
2025-04-28 10:31:11,842 [INFO] gui.config_panel - ConfigPanel: 准备插入K码: K02_02_02
2025-04-28 10:31:11,842 [DEBUG] gui.config_panel - ConfigPanel: 获取根窗口成功
2025-04-28 10:31:11,843 [DEBUG] gui.config_panel - ConfigPanel: 获取MainWindow实例成功
2025-04-28 10:31:11,843 [DEBUG] gui.config_panel - ConfigPanel: 找到逻辑面板
2025-04-28 10:31:11,843 [DEBUG] gui.logic_panel - LogicPanel: 开始插入代码: K02_02_02
2025-04-28 10:31:11,844 [INFO] gui.logic_panel - LogicPanel: 输入历史 - 类型: K_code, 内容: K02_02_02, 当前表达式: K02_02_02 
2025-04-28 10:31:11,845 [INFO] gui.config_panel - ConfigPanel: 成功发送代码到逻辑面板: K02_02_02
2025-04-28 10:31:13,063 [INFO] gui.logic_panel - LogicPanel: 输入历史 - 类型: operator, 内容: →, 当前表达式: K02_02_02  → 
2025-04-28 10:31:15,231 [DEBUG] gui.bom_panel - BomPanel: 双击选中项 ID: I026
2025-04-28 10:31:15,232 [DEBUG] gui.bom_panel - BomPanel: 选中项文本: 1123244 - Einzelsitz Std Airbag Stra.li. / single seat std. airbag tensioner le.
Z-Cab NG / Z-Cab NG
2025-04-28 10:31:15,233 [DEBUG] gui.bom_panel - BomPanel: 提取到Baugruppe: 1123244
2025-04-28 10:31:15,234 [DEBUG] gui.bom_panel - BomPanel: 提取到占位符: PL-Sitze02
2025-04-28 10:31:15,234 [DEBUG] gui.bom_panel - BomPanel: 构建的BOM码: PL-Sitze02-1123244
2025-04-28 10:31:15,235 [DEBUG] gui.bom_panel - BomPanel: 获取根窗口成功
2025-04-28 10:31:15,236 [DEBUG] gui.bom_panel - BomPanel: 获取MainWindow实例成功
2025-04-28 10:31:15,237 [DEBUG] gui.bom_panel - BomPanel: 找到逻辑面板
2025-04-28 10:31:15,237 [DEBUG] gui.logic_panel - LogicPanel: 开始插入代码: PL-Sitze02-1123244
2025-04-28 10:31:15,239 [DEBUG] gui.logic_panel - 验证BOM码: PL-Sitze02-1123244
2025-04-28 10:31:15,239 [INFO] gui.logic_panel - LogicPanel: 输入历史 - 类型: BOM_code, 内容: PL-Sitze02-1123244, 当前表达式: K02_02_02  → PL-Sitze02-1123244 
2025-04-28 10:31:15,240 [INFO] gui.bom_panel - BomPanel: 成功发送代码到逻辑面板: PL-Sitze02-1123244
2025-04-28 10:31:15,241 [INFO] gui.bom_panel - BomPanel: 成功插入BOM码: PL-Sitze02-1123244
2025-04-28 10:31:16,460 [INFO] core.logic_builder - 规则数据已保存到文件: C:\Users\mengy\Desktop\ZK_LogicBom_Builder\data\temp_rules_latest.json
2025-04-28 10:31:16,465 [INFO] core.logic_builder - 规则数据已保存到文件: C:\Users\mengy\Desktop\ZK_LogicBom_Builder\data\temp_rules_latest.json
2025-04-28 10:31:16,465 [INFO] core.logic_builder - 规则数据已保存到文件: C:\Users\mengy\Desktop\ZK_LogicBom_Builder\data\temp_rules_latest.json
2025-04-28 10:31:16,466 [INFO] gui.logic_panel - 已保存新的BOM逻辑关系规则: ID=BL01, 选择项=K02_02_02, 影响项=PL-Sitze02-1123244, 状态=enabled
