2025-04-16 14:45:01,694 [INFO] root - 程序启动，日志文件: C:\Users\mengy\Desktop\ZK_LogicBom_Builder\logs\log_20250416_144501.log
2025-04-16 14:45:01,930 [INFO] __main__ - 正在启动程序...
2025-04-16 14:45:01,931 [DEBUG] __main__ - Python版本: 3.13.2 (tags/v3.13.2:4f8bb39, Feb  4 2025, 15:23:48) [MSC v.1942 64 bit (AMD64)]
2025-04-16 14:45:01,931 [DEBUG] __main__ - 当前工作目录: C:\Users\mengy\Desktop\ZK_LogicBom_Builder
2025-04-16 14:45:01,931 [DEBUG] __main__ - src_dir路径: c:\Users\mengy\Desktop\ZK_LogicBom_Builder
2025-04-16 14:45:01,952 [INFO] __main__ - 正在创建语言选择对话框...
2025-04-16 14:45:03,294 [INFO] gui.language_dialog_tk - 已选择语言: de
2025-04-16 14:45:03,314 [INFO] __main__ - 语言选择结果: de
2025-04-16 14:45:03,314 [INFO] __main__ - 正在创建主题选择对话框...
2025-04-16 14:45:03,314 [DEBUG] gui.theme_dialog_tk - 创建主题选择对话框
2025-04-16 14:45:03,323 [DEBUG] gui.theme_dialog_tk - 主题选择对话框创建完成
2025-04-16 14:45:04,624 [DEBUG] gui.theme_dialog_tk - 用户选择了dark主题
2025-04-16 14:45:04,650 [INFO] __main__ - 主题选择结果: dark
2025-04-16 14:45:04,659 [INFO] __main__ - 正在配置主窗口...
2025-04-16 14:45:04,754 [INFO] __main__ - 开始创建MainWindow实例...
2025-04-16 14:45:04,755 [INFO] core.logic_builder - 已加载 6 条规则
2025-04-16 14:45:04,781 [INFO] __main__ - MainWindow实例创建完成
2025-04-16 14:45:05,034 [INFO] __main__ - 开始mainloop()...
2025-04-16 14:45:08,168 [INFO] gui.language_dialog_tk - 已选择语言: zh
2025-04-16 14:45:50,290 [INFO] gui.language_dialog_tk - 已选择语言: en
