2025-04-28 10:01:08,134 [INFO] root - 程序启动，日志文件: C:\Users\mengy\Desktop\ZK_LogicBom_Builder\logs\log_20250428_100108.log
2025-04-28 10:01:08,376 [INFO] __main__ - 正在启动程序...
2025-04-28 10:01:08,376 [DEBUG] __main__ - Python版本: 3.13.2 (tags/v3.13.2:4f8bb39, Feb  4 2025, 15:23:48) [MSC v.1942 64 bit (AMD64)]
2025-04-28 10:01:08,376 [DEBUG] __main__ - 当前工作目录: C:\Users\mengy\Desktop\ZK_LogicBom_Builder
2025-04-28 10:01:08,376 [DEBUG] __main__ - src_dir路径: c:\Users\mengy\Desktop\ZK_LogicBom_Builder
2025-04-28 10:01:08,398 [INFO] __main__ - 正在创建语言选择对话框...
2025-04-28 10:01:09,156 [INFO] gui.language_dialog_tk - 已选择语言: zh
2025-04-28 10:01:09,171 [INFO] __main__ - 语言选择结果: zh
2025-04-28 10:01:09,171 [INFO] __main__ - 正在创建主题选择对话框...
2025-04-28 10:01:09,172 [DEBUG] gui.theme_dialog_tk - 创建主题选择对话框
2025-04-28 10:01:09,177 [DEBUG] gui.theme_dialog_tk - 主题选择对话框创建完成
2025-04-28 10:01:09,865 [DEBUG] gui.theme_dialog_tk - 用户选择了light主题
2025-04-28 10:01:09,896 [INFO] __main__ - 主题选择结果: light
2025-04-28 10:01:09,911 [INFO] __main__ - 正在配置主窗口...
2025-04-28 10:01:10,012 [INFO] __main__ - 开始创建MainWindow实例...
2025-04-28 10:01:10,013 [INFO] core.logic_builder - 已加载 6 条规则
2025-04-28 10:01:10,055 [INFO] __main__ - MainWindow实例创建完成
2025-04-28 10:01:10,349 [INFO] __main__ - 开始mainloop()...
2025-04-28 10:01:11,809 [INFO] core.config_processor - 找到工作表: ['TD', '0.模板&Vorlage', '1.Fahrgestell', '2.Fahrzeug allgemein', '3.Beschriftung&Kennzeichnung', '4. Anbauten&Fahrgestellarbeiten', '5. Fahrer_Mannschaftsraum', '6.Koffer', '7.Lichtmast', '8.Pumpenanlage', '9.Seilwinde&Generator', '10.Halterungen']
2025-04-28 10:01:11,809 [DEBUG] core.config_processor - 跳过工作表: TD
2025-04-28 10:01:11,809 [DEBUG] core.config_processor - 跳过工作表: 0.模板&Vorlage
2025-04-28 10:01:11,809 [INFO] core.config_processor - 处理工作表: 1.Fahrgestell -> 模块: 1.Fahrgestell
2025-04-28 10:01:11,826 [INFO] core.config_processor - 处理工作表: 2.Fahrzeug allgemein -> 模块: 2.Fahrzeug allgemein
2025-04-28 10:01:11,843 [INFO] core.config_processor - 处理工作表: 3.Beschriftung&Kennzeichnung -> 模块: 3.Beschriftung&Kennzeichnung
2025-04-28 10:01:11,860 [INFO] core.config_processor - 处理工作表: 4. Anbauten&Fahrgestellarbeiten -> 模块: 4.Anbauten&Fahrgestellarbeiten
2025-04-28 10:01:11,876 [INFO] core.config_processor - 处理工作表: 5. Fahrer_Mannschaftsraum -> 模块: 5.Fahrer_Mannschaftsraum
2025-04-28 10:01:11,897 [INFO] core.config_processor - 处理工作表: 6.Koffer -> 模块: 6.Koffer
2025-04-28 10:01:11,913 [INFO] core.config_processor - 处理工作表: 7.Lichtmast -> 模块: 7.Lichtmast
2025-04-28 10:01:11,929 [INFO] core.config_processor - 处理工作表: 8.Pumpenanlage -> 模块: 8.Pumpenanlage
2025-04-28 10:01:11,944 [INFO] core.config_processor - 处理工作表: 9.Seilwinde&Generator -> 模块: 9.Seilwinde&Generator
2025-04-28 10:01:11,961 [INFO] core.config_processor - 处理工作表: 10.Halterungen -> 模块: 10.Halterungen
2025-04-28 10:01:11,975 [INFO] gui.config_panel - 成功导入配置文件: C:/Users/mengy/Desktop/配置选项_Konfigurationsoptions.xlsm
2025-04-28 10:01:11,979 [INFO] gui.main_window_tk - 成功保存配置文件路径到app_config.json: C:/Users/mengy/Desktop/配置选项_Konfigurationsoptions.xlsm
2025-04-28 10:01:11,979 [INFO] gui.config_panel - 已保存配置文件路径到app_config.json: C:/Users/mengy/Desktop/配置选项_Konfigurationsoptions.xlsm
2025-04-28 10:01:13,185 [INFO] core.bom_processor - 开始导入BOM文件: C:/Users/mengy/Desktop/Bom.xlsx
2025-04-28 10:01:13,186 [INFO] core.bom_processor - 已清空现有数据
2025-04-28 10:01:13,186 [INFO] core.bom_processor - 正在读取Excel文件...
2025-04-28 10:01:13,191 [INFO] core.bom_processor - 成功打开Excel文件，包含以下工作表: ['Max-Gruppe']
2025-04-28 10:01:13,191 [INFO] core.bom_processor - 正在读取 Max-Gruppe 工作表...
2025-04-28 10:01:13,202 [INFO] core.bom_processor - 成功读取工作表，共 154 行数据
2025-04-28 10:01:13,202 [INFO] core.bom_processor - 所有必需列均存在，开始处理数据...
2025-04-28 10:01:13,203 [INFO] core.bom_processor - 过滤空层级后剩余 153 行数据
2025-04-28 10:01:13,204 [INFO] core.bom_processor - 
开始处理数据...
2025-04-28 10:01:13,207 [INFO] core.bom_processor - 
数据处理完成，成功处理 {processed_count} 行数据
2025-04-28 10:01:13,207 [INFO] core.bom_processor - 第 1 级节点数量: 1
2025-04-28 10:01:13,208 [INFO] core.bom_processor - 第 2 级节点数量: 133
2025-04-28 10:01:13,208 [INFO] core.bom_processor - 第 3 级节点数量: 19
2025-04-28 10:01:13,208 [INFO] core.bom_processor - BOM文件导入成功，共处理 153 个项目
2025-04-28 10:01:13,208 [INFO] gui.bom_panel - 成功导入BOM文件: C:/Users/mengy/Desktop/Bom.xlsx
2025-04-28 10:01:13,208 [INFO] gui.bom_panel - 开始刷新树状图
2025-04-28 10:01:13,209 [INFO] gui.bom_panel - 树状图刷新完成
2025-04-28 10:01:13,210 [INFO] gui.main_window_tk - 成功保存BOM文件路径到app_config.json: C:/Users/mengy/Desktop/Bom.xlsx
2025-04-28 10:01:13,210 [INFO] gui.bom_panel - 已保存BOM文件路径到app_config.json: C:/Users/mengy/Desktop/Bom.xlsx
2025-04-28 10:01:13,766 [ERROR] gui.main_window_tk - 加载上次配置时出错: name 'RULES_DATA_FILE' is not defined
2025-04-28 10:02:07,666 [INFO] gui.logic_library_window - 已加载 6 条 BOM 逻辑关系规则
2025-04-28 10:02:10,790 [INFO] gui.logic_library_window - 已加载 6 条 BOM 逻辑关系规则
2025-04-28 10:02:25,767 [DEBUG] gui.config_panel - ConfigPanel: 双击选中项 ID: I0DE
2025-04-28 10:02:25,768 [DEBUG] gui.config_panel - ConfigPanel: 选中项文本: K05_02_01 ohne
2025-04-28 10:02:25,769 [DEBUG] gui.config_panel - ConfigPanel: 提取的代码: K05_02_01
2025-04-28 10:02:25,769 [INFO] gui.config_panel - ConfigPanel: 准备插入K码: K05_02_01
2025-04-28 10:02:25,770 [DEBUG] gui.config_panel - ConfigPanel: 获取根窗口成功
2025-04-28 10:02:25,771 [DEBUG] gui.config_panel - ConfigPanel: 获取MainWindow实例成功
2025-04-28 10:02:25,771 [DEBUG] gui.config_panel - ConfigPanel: 找到逻辑面板
2025-04-28 10:02:25,772 [DEBUG] gui.logic_panel - LogicPanel: 开始插入代码: K05_02_01
2025-04-28 10:02:25,773 [INFO] gui.logic_panel - LogicPanel: 输入历史 - 类型: K_code, 内容: K05_02_01, 当前表达式: K05_02_01 
2025-04-28 10:02:25,773 [INFO] gui.config_panel - ConfigPanel: 成功发送代码到逻辑面板: K05_02_01
2025-04-28 10:02:26,453 [DEBUG] gui.config_panel - ConfigPanel: 双击选中项 ID: I0DD
2025-04-28 10:02:26,454 [DEBUG] gui.config_panel - ConfigPanel: 选中项文本: F43 Netzablagefach über PA-Sitzen
2025-04-28 10:02:26,455 [DEBUG] gui.config_panel - ConfigPanel: 提取的代码: F43
2025-04-28 10:02:26,455 [DEBUG] gui.config_panel - ConfigPanel: 忽略非K码: F43
