2025-04-29 14:20:29,118 [INFO] root - 程序启动，日志文件: C:\Users\mengy\Desktop\ZK_LogicBom_Builder\logs\log_20250429_142029.log
2025-04-29 14:20:29,361 [INFO] __main__ - 正在启动程序...
2025-04-29 14:20:29,361 [DEBUG] __main__ - Python版本: 3.13.2 (tags/v3.13.2:4f8bb39, Feb  4 2025, 15:23:48) [MSC v.1942 64 bit (AMD64)]
2025-04-29 14:20:29,361 [DEBUG] __main__ - 当前工作目录: C:\Users\mengy\Desktop\ZK_LogicBom_Builder
2025-04-29 14:20:29,361 [DEBUG] __main__ - src_dir路径: c:\Users\mengy\Desktop\ZK_LogicBom_Builder
2025-04-29 14:20:29,382 [INFO] __main__ - 正在创建语言选择对话框...
2025-04-29 14:20:31,565 [INFO] gui.language_dialog_tk - 已选择语言: zh
2025-04-29 14:20:31,589 [INFO] __main__ - 语言选择结果: zh
2025-04-29 14:20:31,589 [INFO] __main__ - 正在创建主题选择对话框...
2025-04-29 14:20:31,590 [DEBUG] gui.theme_dialog_tk - 创建主题选择对话框
2025-04-29 14:20:31,595 [DEBUG] gui.theme_dialog_tk - 主题选择对话框创建完成
2025-04-29 14:20:32,665 [DEBUG] gui.theme_dialog_tk - 用户选择了light主题
2025-04-29 14:20:32,675 [INFO] __main__ - 主题选择结果: light
2025-04-29 14:20:32,686 [INFO] __main__ - 正在配置主窗口...
2025-04-29 14:20:32,815 [INFO] __main__ - 开始创建MainWindow实例...
2025-04-29 14:20:32,816 [INFO] core.logic_builder - 已加载 3 条规则
2025-04-29 14:20:32,855 [INFO] gui.logic_panel - 规则未加载状态，等待用户确认后再加载规则
2025-04-29 14:20:32,867 [INFO] __main__ - MainWindow实例创建完成
2025-04-29 14:20:33,185 [INFO] __main__ - 开始mainloop()...
2025-04-29 14:20:40,711 [INFO] core.config_processor - 找到工作表: ['1.Kabine']
2025-04-29 14:20:40,711 [INFO] core.config_processor - 处理工作表: 1.Kabine -> 模块: 1.Kabine
2025-04-29 14:20:40,734 [INFO] gui.config_panel - 成功导入配置文件: C:/Users/mengy/Desktop/Kabinemekrmal(Test).xlsx
2025-04-29 14:20:40,737 [INFO] gui.main_window_tk - 成功保存配置文件路径到app_config.json: C:/Users/mengy/Desktop/Kabinemekrmal(Test).xlsx
2025-04-29 14:20:40,737 [INFO] gui.config_panel - 已保存配置文件路径到app_config.json: C:/Users/mengy/Desktop/Kabinemekrmal(Test).xlsx
2025-04-29 14:20:41,745 [INFO] core.bom_processor - 开始导入BOM文件: C:/Users/mengy/Desktop/Bom.xlsx
2025-04-29 14:20:41,745 [INFO] core.bom_processor - 已清空现有数据
2025-04-29 14:20:41,746 [INFO] core.bom_processor - 正在读取Excel文件...
2025-04-29 14:20:41,749 [INFO] core.bom_processor - 成功打开Excel文件，包含以下工作表: ['Max-Gruppe']
2025-04-29 14:20:41,749 [INFO] core.bom_processor - 正在读取 Max-Gruppe 工作表...
2025-04-29 14:20:41,758 [INFO] core.bom_processor - 成功读取工作表，共 154 行数据
2025-04-29 14:20:41,758 [INFO] core.bom_processor - 所有必需列均存在，开始处理数据...
2025-04-29 14:20:41,759 [INFO] core.bom_processor - 过滤空层级后剩余 153 行数据
2025-04-29 14:20:41,760 [INFO] core.bom_processor - 
开始处理数据...
2025-04-29 14:20:41,763 [INFO] core.bom_processor - 
数据处理完成，成功处理 {processed_count} 行数据
2025-04-29 14:20:41,763 [INFO] core.bom_processor - 第 1 级节点数量: 1
2025-04-29 14:20:41,763 [INFO] core.bom_processor - 第 2 级节点数量: 133
2025-04-29 14:20:41,764 [INFO] core.bom_processor - 第 3 级节点数量: 19
2025-04-29 14:20:41,764 [INFO] core.bom_processor - BOM文件导入成功，共处理 153 个项目
2025-04-29 14:20:41,764 [INFO] gui.bom_panel - 成功导入BOM文件: C:/Users/mengy/Desktop/Bom.xlsx
2025-04-29 14:20:41,764 [INFO] gui.bom_panel - 开始刷新树状图
2025-04-29 14:20:41,765 [INFO] gui.bom_panel - 树状图刷新完成
2025-04-29 14:20:41,766 [INFO] gui.main_window_tk - 成功保存BOM文件路径到app_config.json: C:/Users/mengy/Desktop/Bom.xlsx
2025-04-29 14:20:41,766 [INFO] gui.bom_panel - 已保存BOM文件路径到app_config.json: C:/Users/mengy/Desktop/Bom.xlsx
2025-04-29 14:20:42,994 [INFO] gui.main_window_tk - 用户确认加载规则，设置规则已加载标志为True
2025-04-29 14:20:42,995 [INFO] core.logic_builder - 准备从临时文件加载规则: C:\Users\mengy\Desktop\ZK_LogicBom_Builder\data\temp_rules_latest.json
2025-04-29 14:20:42,995 [INFO] gui.logic_panel - 收到规则变更事件: type=imported, rule_id=None
2025-04-29 14:20:42,996 [INFO] gui.logic_panel - 规则已加载状态，开始更新已保存规则框架
2025-04-29 14:20:42,996 [INFO] gui.logic_panel - 开始加载规则到已保存规则框架
2025-04-29 14:20:42,996 [DEBUG] gui.logic_panel - 从LogicBuilder获取到 3 条规则
2025-04-29 14:20:42,996 [DEBUG] gui.logic_panel - 添加规则ID: 1 到已使用集合
2025-04-29 14:20:42,996 [DEBUG] gui.logic_panel - 添加规则ID: 2 到已使用集合
2025-04-29 14:20:42,996 [DEBUG] gui.logic_panel - 添加规则ID: 3 到已使用集合
2025-04-29 14:20:42,997 [INFO] gui.logic_panel - 成功加载 3 条规则到已保存规则框架
2025-04-29 14:20:42,997 [INFO] core.logic_builder - 从临时文件加载规则完成
2025-04-29 14:20:42,997 [INFO] gui.main_window_tk - 开始刷新逻辑面板显示
2025-04-29 14:20:42,997 [INFO] gui.logic_panel - 开始加载规则到已保存规则框架
2025-04-29 14:20:42,997 [DEBUG] gui.logic_panel - 从LogicBuilder获取到 3 条规则
2025-04-29 14:20:42,997 [DEBUG] gui.logic_panel - 添加规则ID: 1 到已使用集合
2025-04-29 14:20:42,997 [DEBUG] gui.logic_panel - 添加规则ID: 2 到已使用集合
2025-04-29 14:20:42,997 [DEBUG] gui.logic_panel - 添加规则ID: 3 到已使用集合
2025-04-29 14:20:42,998 [INFO] gui.logic_panel - 成功加载 3 条规则到已保存规则框架
2025-04-29 14:20:42,998 [INFO] gui.main_window_tk - 逻辑面板显示刷新完成
2025-04-29 14:20:45,069 [INFO] core.logic_builder - 准备从临时文件加载规则: C:\Users\mengy\Desktop\ZK_LogicBom_Builder\data\temp_rules_latest.json
2025-04-29 14:20:45,070 [INFO] gui.logic_panel - 收到规则变更事件: type=imported, rule_id=None
2025-04-29 14:20:45,070 [INFO] gui.logic_panel - 规则已加载状态，开始更新已保存规则框架
2025-04-29 14:20:45,070 [INFO] gui.logic_panel - 开始加载规则到已保存规则框架
2025-04-29 14:20:45,070 [DEBUG] gui.logic_panel - 从LogicBuilder获取到 3 条规则
2025-04-29 14:20:45,071 [DEBUG] gui.logic_panel - 添加规则ID: 1 到已使用集合
2025-04-29 14:20:45,071 [DEBUG] gui.logic_panel - 添加规则ID: 2 到已使用集合
2025-04-29 14:20:45,071 [DEBUG] gui.logic_panel - 添加规则ID: 3 到已使用集合
2025-04-29 14:20:45,071 [INFO] gui.logic_panel - 成功加载 3 条规则到已保存规则框架
2025-04-29 14:20:45,071 [INFO] core.logic_builder - 从临时文件加载规则完成
2025-04-29 14:20:45,071 [INFO] gui.logic_library_window - 已加载 3 条规则
2025-04-29 14:20:49,434 [INFO] gui.logic_library_window - 搜索 '1' 完成：显示 0/3 条规则
2025-04-29 14:20:49,684 [INFO] gui.logic_library_window - 搜索 '11' 完成：显示 0/3 条规则
2025-04-29 14:20:50,937 [INFO] gui.logic_library_window - 搜索 '1' 完成：显示 0/3 条规则
2025-04-29 14:20:53,672 [INFO] gui.logic_library_window - 已显示所有规则（共 3 条）
2025-04-29 14:20:58,278 [INFO] gui.logic_library_window - 搜索 '蒂' 完成：显示 0/3 条规则
2025-04-29 14:20:58,279 [INFO] gui.logic_library_window - 搜索 '蒂帕' 完成：显示 0/3 条规则
2025-04-29 14:20:58,866 [INFO] gui.logic_library_window - 搜索 '蒂' 完成：显示 0/3 条规则
2025-04-29 14:20:59,033 [INFO] gui.logic_library_window - 已显示所有规则（共 3 条）
2025-04-29 14:21:00,822 [INFO] gui.logic_library_window - 搜索 '底' 完成：显示 1/3 条规则
2025-04-29 14:21:00,823 [INFO] gui.logic_library_window - 搜索 '底盘' 完成：显示 1/3 条规则
2025-04-29 14:21:01,739 [INFO] gui.logic_library_window - 搜索 '底' 完成：显示 1/3 条规则
2025-04-29 14:21:01,949 [INFO] gui.logic_library_window - 已显示所有规则（共 3 条）
2025-04-29 14:21:03,243 [INFO] gui.logic_library_window - 搜索 '1' 完成：显示 0/3 条规则
2025-04-29 14:21:05,068 [INFO] gui.logic_library_window - 已显示所有规则（共 3 条）
2025-04-29 14:22:09,135 [INFO] gui.logic_library_window - 搜索 '1' 完成：显示 0/3 条规则
2025-04-29 14:22:14,778 [INFO] gui.logic_library_window - 已显示所有规则（共 3 条）
2025-04-29 14:22:17,996 [DEBUG] core.logic_builder - 规则数据已保存到临时文件
2025-04-29 14:22:17,997 [INFO] gui.logic_library_window - 已保存标签到临时文件: BL01 -> 12
2025-04-29 14:22:17,997 [INFO] gui.logic_panel - 收到规则变更事件: type=modified, rule_id=BL01
2025-04-29 14:22:17,998 [INFO] gui.logic_panel - 已更新规则: BL01
2025-04-29 14:22:17,998 [INFO] gui.logic_library_window - 收到规则变更事件: type=modified, rule_id=BL01
2025-04-29 14:22:17,999 [INFO] gui.logic_library_window - 已更新规则: BL01
2025-04-29 14:22:22,629 [DEBUG] core.logic_builder - 规则数据已保存到临时文件
2025-04-29 14:22:22,629 [INFO] gui.logic_library_window - 已保存标签到临时文件: BL02 -> 底盘，1
2025-04-29 14:22:22,630 [INFO] gui.logic_panel - 收到规则变更事件: type=modified, rule_id=BL02
2025-04-29 14:22:22,630 [INFO] gui.logic_panel - 已更新规则: BL02
2025-04-29 14:22:22,631 [INFO] gui.logic_library_window - 收到规则变更事件: type=modified, rule_id=BL02
2025-04-29 14:22:22,631 [INFO] gui.logic_library_window - 已更新规则: BL02
2025-04-29 14:22:24,354 [INFO] gui.logic_library_window - 搜索 '1' 完成：显示 1/3 条规则
2025-04-29 14:22:25,959 [INFO] gui.logic_library_window - 已显示所有规则（共 3 条）
2025-04-29 14:22:27,210 [INFO] gui.logic_library_window - 搜索 '1' 完成：显示 1/3 条规则
2025-04-29 14:22:27,308 [INFO] gui.logic_library_window - 搜索 '12' 完成：显示 1/3 条规则
2025-04-29 14:22:28,724 [INFO] gui.logic_library_window - 搜索 '1' 完成：显示 1/3 条规则
2025-04-29 14:22:28,909 [INFO] gui.logic_library_window - 已显示所有规则（共 3 条）
2025-04-29 14:22:38,457 [INFO] gui.logic_library_window - 搜索 '1' 完成：显示 1/3 条规则
2025-04-29 14:22:41,545 [INFO] gui.logic_library_window - 已显示所有规则（共 3 条）
2025-04-29 14:22:41,688 [INFO] gui.logic_library_window - 搜索 '2' 完成：显示 0/3 条规则
2025-04-29 14:22:42,491 [INFO] gui.logic_library_window - 已显示所有规则（共 3 条）
2025-04-29 14:22:51,632 [DEBUG] core.logic_builder - 规则数据已保存到临时文件
2025-04-29 14:22:51,633 [INFO] gui.logic_library_window - 已保存标签到临时文件: BL02 -> 底盘,1
2025-04-29 14:22:51,633 [INFO] gui.logic_panel - 收到规则变更事件: type=modified, rule_id=BL02
2025-04-29 14:22:51,634 [INFO] gui.logic_panel - 已更新规则: BL02
2025-04-29 14:22:51,634 [INFO] gui.logic_library_window - 收到规则变更事件: type=modified, rule_id=BL02
2025-04-29 14:22:51,634 [INFO] gui.logic_library_window - 已更新规则: BL02
2025-04-29 14:22:53,625 [INFO] gui.logic_library_window - 搜索 '1' 完成：显示 2/3 条规则
2025-04-29 14:22:56,841 [INFO] gui.logic_library_window - 已显示所有规则（共 3 条）
2025-04-29 14:22:57,367 [INFO] gui.logic_library_window - 搜索 '1' 完成：显示 2/3 条规则
2025-04-29 14:22:58,775 [INFO] gui.logic_library_window - 已显示所有规则（共 3 条）
2025-04-29 14:22:58,968 [INFO] gui.logic_library_window - 搜索 '2' 完成：显示 0/3 条规则
2025-04-29 14:22:59,600 [INFO] gui.logic_library_window - 已显示所有规则（共 3 条）
2025-04-29 14:22:59,747 [INFO] gui.logic_library_window - 搜索 '1' 完成：显示 2/3 条规则
2025-04-29 14:23:00,135 [INFO] gui.logic_library_window - 搜索 '12' 完成：显示 1/3 条规则
2025-04-29 14:23:00,755 [INFO] gui.logic_library_window - 搜索 '1' 完成：显示 2/3 条规则
2025-04-29 14:23:01,449 [INFO] gui.logic_library_window - 已显示所有规则（共 3 条）
2025-04-29 14:23:02,953 [INFO] gui.logic_library_window - 搜索 '1' 完成：显示 2/3 条规则
2025-04-29 14:23:03,296 [INFO] gui.logic_library_window - 搜索 '11' 完成：显示 0/3 条规则
2025-04-29 14:23:03,730 [INFO] gui.logic_library_window - 搜索 '1' 完成：显示 2/3 条规则
2025-04-29 14:23:03,960 [INFO] gui.logic_library_window - 已显示所有规则（共 3 条）
2025-04-29 14:23:04,953 [INFO] gui.logic_library_window - 搜索 '1' 完成：显示 2/3 条规则
2025-04-29 14:23:09,696 [INFO] gui.logic_library_window - 搜索 '11' 完成：显示 0/3 条规则
2025-04-29 14:23:10,680 [INFO] gui.logic_library_window - 搜索 '115' 完成：显示 0/3 条规则
2025-04-29 14:23:11,009 [INFO] gui.logic_library_window - 搜索 '1151' 完成：显示 0/3 条规则
2025-04-29 14:23:11,968 [INFO] gui.logic_library_window - 搜索 '115' 完成：显示 0/3 条规则
2025-04-29 14:23:12,167 [INFO] gui.logic_library_window - 搜索 '11' 完成：显示 0/3 条规则
2025-04-29 14:23:12,319 [INFO] gui.logic_library_window - 搜索 '1' 完成：显示 2/3 条规则
2025-04-29 14:23:12,479 [INFO] gui.logic_library_window - 已显示所有规则（共 3 条）
2025-04-29 14:23:52,785 [INFO] gui.logic_library_window - 搜索 'P' 完成：显示 0/3 条规则
2025-04-29 14:23:53,713 [INFO] gui.logic_library_window - 搜索 'PL' 完成：显示 0/3 条规则
2025-04-29 14:23:54,170 [INFO] gui.logic_library_window - 搜索 'P' 完成：显示 0/3 条规则
2025-04-29 14:23:54,376 [INFO] gui.logic_library_window - 已显示所有规则（共 3 条）
2025-04-29 14:24:13,990 [INFO] gui.logic_library_window - 搜索 'K' 完成：显示 0/3 条规则
2025-04-29 14:24:15,512 [INFO] gui.logic_library_window - 已显示所有规则（共 3 条）
