2025-04-28 18:47:50,451 [INFO] root - 程序启动，日志文件: C:\Users\mengy\Desktop\ZK_LogicBom_Builder\logs\log_20250428_184750.log
2025-04-28 18:47:54,084 [INFO] __main__ - 正在启动程序...
2025-04-28 18:47:54,085 [DEBUG] __main__ - Python版本: 3.13.2 (tags/v3.13.2:4f8bb39, Feb  4 2025, 15:23:48) [MSC v.1942 64 bit (AMD64)]
2025-04-28 18:47:54,085 [DEBUG] __main__ - 当前工作目录: C:\Users\mengy\Desktop\ZK_LogicBom_Builder
2025-04-28 18:47:54,085 [DEBUG] __main__ - src_dir路径: c:\Users\mengy\Desktop\ZK_LogicBom_Builder
2025-04-28 18:47:54,636 [INFO] __main__ - 正在创建语言选择对话框...
2025-04-28 18:47:55,552 [INFO] gui.language_dialog_tk - 已选择语言: zh
2025-04-28 18:47:55,570 [INFO] __main__ - 语言选择结果: zh
2025-04-28 18:47:55,570 [INFO] __main__ - 正在创建主题选择对话框...
2025-04-28 18:47:55,571 [DEBUG] gui.theme_dialog_tk - 创建主题选择对话框
2025-04-28 18:47:55,590 [DEBUG] gui.theme_dialog_tk - 主题选择对话框创建完成
2025-04-28 18:47:56,198 [DEBUG] gui.theme_dialog_tk - 用户选择了light主题
2025-04-28 18:47:56,213 [INFO] __main__ - 主题选择结果: light
2025-04-28 18:47:56,215 [INFO] __main__ - 正在配置主窗口...
2025-04-28 18:47:56,346 [INFO] __main__ - 开始创建MainWindow实例...
2025-04-28 18:47:56,346 [INFO] core.logic_builder - 已加载 2 条规则
2025-04-28 18:47:56,488 [INFO] gui.logic_panel - 规则未加载状态，等待用户确认后再加载规则
2025-04-28 18:47:56,507 [INFO] __main__ - MainWindow实例创建完成
2025-04-28 18:47:56,624 [INFO] __main__ - 开始mainloop()...
2025-04-28 18:47:59,234 [INFO] core.config_processor - 找到工作表: ['TD', '0.模板&Vorlage', '1.Fahrgestell', '2.Fahrzeug allgemein', '3.Beschriftung&Kennzeichnung', '4. Anbauten&Fahrgestellarbeiten', '5. Fahrer_Mannschaftsraum', '6.Koffer', '7.Lichtmast', '8.Pumpenanlage', '9.Seilwinde&Generator', '10.Halterungen']
2025-04-28 18:47:59,234 [DEBUG] core.config_processor - 跳过工作表: TD
2025-04-28 18:47:59,235 [DEBUG] core.config_processor - 跳过工作表: 0.模板&Vorlage
2025-04-28 18:47:59,235 [INFO] core.config_processor - 处理工作表: 1.Fahrgestell -> 模块: 1.Fahrgestell
2025-04-28 18:47:59,251 [INFO] core.config_processor - 处理工作表: 2.Fahrzeug allgemein -> 模块: 2.Fahrzeug allgemein
2025-04-28 18:47:59,267 [INFO] core.config_processor - 处理工作表: 3.Beschriftung&Kennzeichnung -> 模块: 3.Beschriftung&Kennzeichnung
2025-04-28 18:47:59,281 [INFO] core.config_processor - 处理工作表: 4. Anbauten&Fahrgestellarbeiten -> 模块: 4.Anbauten&Fahrgestellarbeiten
2025-04-28 18:47:59,296 [INFO] core.config_processor - 处理工作表: 5. Fahrer_Mannschaftsraum -> 模块: 5.Fahrer_Mannschaftsraum
2025-04-28 18:47:59,316 [INFO] core.config_processor - 处理工作表: 6.Koffer -> 模块: 6.Koffer
2025-04-28 18:47:59,332 [INFO] core.config_processor - 处理工作表: 7.Lichtmast -> 模块: 7.Lichtmast
2025-04-28 18:47:59,346 [INFO] core.config_processor - 处理工作表: 8.Pumpenanlage -> 模块: 8.Pumpenanlage
2025-04-28 18:47:59,360 [INFO] core.config_processor - 处理工作表: 9.Seilwinde&Generator -> 模块: 9.Seilwinde&Generator
2025-04-28 18:47:59,375 [INFO] core.config_processor - 处理工作表: 10.Halterungen -> 模块: 10.Halterungen
2025-04-28 18:47:59,389 [INFO] gui.config_panel - 成功导入配置文件: C:/Users/mengy/Desktop/配置选项_Konfigurationsoptions.xlsm
2025-04-28 18:47:59,393 [INFO] gui.main_window_tk - 成功保存配置文件路径到app_config.json: C:/Users/mengy/Desktop/配置选项_Konfigurationsoptions.xlsm
2025-04-28 18:47:59,393 [INFO] gui.config_panel - 已保存配置文件路径到app_config.json: C:/Users/mengy/Desktop/配置选项_Konfigurationsoptions.xlsm
2025-04-28 18:48:01,233 [INFO] core.bom_processor - 开始导入BOM文件: C:/Users/mengy/Desktop/Bom.xlsx
2025-04-28 18:48:01,233 [INFO] core.bom_processor - 已清空现有数据
2025-04-28 18:48:01,234 [INFO] core.bom_processor - 正在读取Excel文件...
2025-04-28 18:48:01,240 [INFO] core.bom_processor - 成功打开Excel文件，包含以下工作表: ['Max-Gruppe']
2025-04-28 18:48:01,240 [INFO] core.bom_processor - 正在读取 Max-Gruppe 工作表...
2025-04-28 18:48:01,253 [INFO] core.bom_processor - 成功读取工作表，共 154 行数据
2025-04-28 18:48:01,253 [INFO] core.bom_processor - 所有必需列均存在，开始处理数据...
2025-04-28 18:48:01,254 [INFO] core.bom_processor - 过滤空层级后剩余 153 行数据
2025-04-28 18:48:01,255 [INFO] core.bom_processor - 
开始处理数据...
2025-04-28 18:48:01,258 [INFO] core.bom_processor - 
数据处理完成，成功处理 {processed_count} 行数据
2025-04-28 18:48:01,259 [INFO] core.bom_processor - 第 1 级节点数量: 1
2025-04-28 18:48:01,259 [INFO] core.bom_processor - 第 2 级节点数量: 133
2025-04-28 18:48:01,259 [INFO] core.bom_processor - 第 3 级节点数量: 19
2025-04-28 18:48:01,259 [INFO] core.bom_processor - BOM文件导入成功，共处理 153 个项目
2025-04-28 18:48:01,260 [INFO] gui.bom_panel - 成功导入BOM文件: C:/Users/mengy/Desktop/Bom.xlsx
2025-04-28 18:48:01,260 [INFO] gui.bom_panel - 开始刷新树状图
2025-04-28 18:48:01,261 [INFO] gui.bom_panel - 树状图刷新完成
2025-04-28 18:48:01,262 [INFO] gui.main_window_tk - 成功保存BOM文件路径到app_config.json: C:/Users/mengy/Desktop/Bom.xlsx
2025-04-28 18:48:01,263 [INFO] gui.bom_panel - 已保存BOM文件路径到app_config.json: C:/Users/mengy/Desktop/Bom.xlsx
2025-04-28 18:48:02,799 [INFO] gui.main_window_tk - 用户确认加载规则，设置规则已加载标志为True
2025-04-28 18:48:02,799 [INFO] core.logic_builder - 准备从临时文件加载规则: C:\Users\mengy\Desktop\ZK_LogicBom_Builder\data\temp_rules_latest.json
2025-04-28 18:48:02,800 [INFO] core.logic_builder - 开始导入规则文件: C:\Users\mengy\Desktop\ZK_LogicBom_Builder\data\temp_rules_latest.json
2025-04-28 18:48:02,800 [INFO] core.logic_builder - 已清空现有规则
2025-04-28 18:48:02,800 [DEBUG] core.logic_builder - 成功导入规则: ID=BL02
2025-04-28 18:48:02,801 [DEBUG] core.logic_builder - 成功导入规则: ID=BL05
2025-04-28 18:48:02,813 [INFO] core.logic_builder - 规则数据已保存到临时文件，共 2 条规则
2025-04-28 18:48:02,813 [INFO] gui.logic_panel - 收到规则变更事件: type=imported, rule_id=None
2025-04-28 18:48:02,813 [INFO] gui.logic_panel - 规则已加载状态，开始更新已保存规则框架
2025-04-28 18:48:02,813 [INFO] gui.logic_panel - 开始加载规则到已保存规则框架
2025-04-28 18:48:02,814 [DEBUG] gui.logic_panel - 从LogicBuilder获取到 2 条规则
2025-04-28 18:48:02,814 [DEBUG] gui.logic_panel - 添加规则ID: 2 到已使用集合
2025-04-28 18:48:02,814 [DEBUG] gui.logic_panel - 添加规则ID: 5 到已使用集合
2025-04-28 18:48:02,814 [INFO] gui.logic_panel - 成功加载 2 条规则到已保存规则框架
2025-04-28 18:48:02,814 [INFO] core.logic_builder - 规则导入完成，成功导入 2 条规则
2025-04-28 18:48:02,814 [INFO] core.logic_builder - 从临时文件加载规则完成
2025-04-28 18:48:02,815 [INFO] gui.main_window_tk - 开始刷新逻辑面板显示
2025-04-28 18:48:02,815 [INFO] gui.logic_panel - 开始加载规则到已保存规则框架
2025-04-28 18:48:02,815 [DEBUG] gui.logic_panel - 从LogicBuilder获取到 2 条规则
2025-04-28 18:48:02,815 [DEBUG] gui.logic_panel - 添加规则ID: 2 到已使用集合
2025-04-28 18:48:02,815 [DEBUG] gui.logic_panel - 添加规则ID: 5 到已使用集合
2025-04-28 18:48:02,815 [INFO] gui.logic_panel - 成功加载 2 条规则到已保存规则框架
2025-04-28 18:48:02,816 [INFO] gui.main_window_tk - 逻辑面板显示刷新完成
2025-04-28 18:48:06,632 [DEBUG] gui.config_panel - ConfigPanel: 双击选中项 ID: I071
2025-04-28 18:48:06,633 [DEBUG] gui.config_panel - ConfigPanel: 选中项文本: 3.Beschriftung&Kennzeichnung
2025-04-28 18:48:06,634 [DEBUG] gui.config_panel - ConfigPanel: 提取的代码: 3.Beschriftung&Kennzeichnung
2025-04-28 18:48:06,634 [DEBUG] gui.config_panel - ConfigPanel: 忽略非K码: 3.Beschriftung&Kennzeichnung
