2025-05-05 14:45:28,978 [INFO] root - 程序启动，日志文件: C:\Users\mengy\Desktop\ZK_LogicBom_Builder\logs\log_20250505_144528.log
2025-05-05 14:45:29,221 [INFO] __main__ - 正在启动程序...
2025-05-05 14:45:29,221 [DEBUG] __main__ - Python版本: 3.13.2 (tags/v3.13.2:4f8bb39, Feb  4 2025, 15:23:48) [MSC v.1942 64 bit (AMD64)]
2025-05-05 14:45:29,221 [DEBUG] __main__ - 当前工作目录: C:\Users\mengy\Desktop\ZK_LogicBom_Builder
2025-05-05 14:45:29,222 [DEBUG] __main__ - src_dir路径: c:\Users\mengy\Desktop\ZK_LogicBom_Builder
2025-05-05 14:45:29,245 [INFO] __main__ - 正在创建语言选择对话框...
2025-05-05 14:46:04,203 [INFO] gui.language_dialog_tk - 已选择语言: zh
2025-05-05 14:46:04,230 [INFO] __main__ - 语言选择结果: zh
2025-05-05 14:46:04,230 [INFO] __main__ - 正在创建主题选择对话框...
2025-05-05 14:46:04,230 [DEBUG] gui.theme_dialog_tk - 创建主题选择对话框
2025-05-05 14:46:04,234 [DEBUG] gui.theme_dialog_tk - 主题选择对话框创建完成
2025-05-05 14:46:10,543 [DEBUG] gui.theme_dialog_tk - 用户选择了light主题
2025-05-05 14:46:10,562 [INFO] __main__ - 主题选择结果: light
2025-05-05 14:46:10,565 [INFO] __main__ - 正在配置主窗口...
2025-05-05 14:46:10,698 [INFO] __main__ - 开始创建MainWindow实例...
2025-05-05 14:46:10,700 [INFO] core.logic_builder - 已加载 5 条规则
2025-05-05 14:46:10,766 [INFO] gui.logic_panel - 规则未加载状态，等待用户确认后再加载规则
2025-05-05 14:46:10,795 [INFO] __main__ - MainWindow实例创建完成
2025-05-05 14:46:10,990 [INFO] __main__ - 开始mainloop()...
2025-05-05 14:46:16,863 [INFO] core.config_processor - 找到工作表: ['1.Kabine']
2025-05-05 14:46:16,863 [INFO] core.config_processor - 处理工作表: 1.Kabine -> 模块: 1.Kabine
2025-05-05 14:46:16,885 [INFO] gui.config_panel - 成功导入配置文件: C:/Users/mengy/Desktop/Kabinemekrmal(Test).xlsx
2025-05-05 14:46:16,887 [INFO] gui.main_window_tk - 成功保存配置文件路径到app_config.json: C:/Users/mengy/Desktop/Kabinemekrmal(Test).xlsx
2025-05-05 14:46:16,888 [INFO] gui.config_panel - 已保存配置文件路径到app_config.json: C:/Users/mengy/Desktop/Kabinemekrmal(Test).xlsx
2025-05-05 14:46:18,240 [INFO] core.bom_processor - 开始导入BOM文件: C:/Users/mengy/Desktop/Bom.xlsx
2025-05-05 14:46:18,241 [INFO] core.bom_processor - 已清空现有数据
2025-05-05 14:46:18,241 [INFO] core.bom_processor - 正在读取Excel文件...
2025-05-05 14:46:18,249 [INFO] core.bom_processor - 成功打开Excel文件，包含以下工作表: ['Max-Gruppe']
2025-05-05 14:46:18,249 [INFO] core.bom_processor - 正在读取 Max-Gruppe 工作表...
2025-05-05 14:46:18,263 [INFO] core.bom_processor - 成功读取工作表，共 154 行数据
2025-05-05 14:46:18,263 [INFO] core.bom_processor - 所有必需列均存在，开始处理数据...
2025-05-05 14:46:18,264 [INFO] core.bom_processor - 过滤空层级后剩余 153 行数据
2025-05-05 14:46:18,265 [INFO] core.bom_processor - 
开始处理数据...
2025-05-05 14:46:18,268 [INFO] core.bom_processor - 
数据处理完成，成功处理 {processed_count} 行数据
2025-05-05 14:46:18,268 [INFO] core.bom_processor - 第 1 级节点数量: 1
2025-05-05 14:46:18,268 [INFO] core.bom_processor - 第 2 级节点数量: 133
2025-05-05 14:46:18,269 [INFO] core.bom_processor - 第 3 级节点数量: 19
2025-05-05 14:46:18,269 [INFO] core.bom_processor - BOM文件导入成功，共处理 153 个项目
2025-05-05 14:46:18,269 [INFO] gui.bom_panel - 成功导入BOM文件: C:/Users/mengy/Desktop/Bom.xlsx
2025-05-05 14:46:18,269 [INFO] gui.bom_panel - 开始刷新树状图
2025-05-05 14:46:18,270 [INFO] gui.bom_panel - 树状图刷新完成
2025-05-05 14:46:18,271 [INFO] gui.main_window_tk - 成功保存BOM文件路径到app_config.json: C:/Users/mengy/Desktop/Bom.xlsx
2025-05-05 14:46:18,272 [INFO] gui.bom_panel - 已保存BOM文件路径到app_config.json: C:/Users/mengy/Desktop/Bom.xlsx
2025-05-05 14:46:19,454 [INFO] gui.main_window_tk - 用户确认加载规则，设置规则已加载标志为True
2025-05-05 14:46:19,455 [INFO] core.logic_builder - 准备从临时文件加载规则: C:\Users\mengy\Desktop\ZK_LogicBom_Builder\data\temp_rules_latest.json
2025-05-05 14:46:19,456 [INFO] gui.logic_panel - 收到规则变更事件: type=imported, rule_id=None
2025-05-05 14:46:19,456 [INFO] gui.logic_panel - 规则已加载状态，开始更新已保存规则框架
2025-05-05 14:46:19,456 [INFO] gui.logic_panel - 开始加载规则到已保存规则框架
2025-05-05 14:46:19,457 [DEBUG] gui.logic_panel - 从LogicBuilder获取到 5 条规则
2025-05-05 14:46:19,457 [DEBUG] gui.logic_panel - 添加规则ID: 1 到已使用集合
2025-05-05 14:46:19,458 [DEBUG] gui.logic_panel - 添加规则ID: 2 到已使用集合
2025-05-05 14:46:19,458 [DEBUG] gui.logic_panel - 添加规则ID: 3 到已使用集合
2025-05-05 14:46:19,459 [DEBUG] gui.logic_panel - 添加规则ID: 4 到已使用集合
2025-05-05 14:46:19,459 [DEBUG] gui.logic_panel - 添加规则ID: 5 到已使用集合
2025-05-05 14:46:19,459 [INFO] gui.logic_panel - 成功加载 5 条规则到已保存规则框架
2025-05-05 14:46:19,460 [INFO] core.logic_builder - 从临时文件加载规则完成
2025-05-05 14:46:19,460 [INFO] gui.main_window_tk - 开始刷新逻辑面板显示
2025-05-05 14:46:19,460 [INFO] gui.logic_panel - 开始加载规则到已保存规则框架
2025-05-05 14:46:19,461 [DEBUG] gui.logic_panel - 从LogicBuilder获取到 5 条规则
2025-05-05 14:46:19,461 [DEBUG] gui.logic_panel - 添加规则ID: 1 到已使用集合
2025-05-05 14:46:19,461 [DEBUG] gui.logic_panel - 添加规则ID: 2 到已使用集合
2025-05-05 14:46:19,462 [DEBUG] gui.logic_panel - 添加规则ID: 3 到已使用集合
2025-05-05 14:46:19,463 [DEBUG] gui.logic_panel - 添加规则ID: 4 到已使用集合
2025-05-05 14:46:19,463 [DEBUG] gui.logic_panel - 添加规则ID: 5 到已使用集合
2025-05-05 14:46:19,463 [INFO] gui.logic_panel - 成功加载 5 条规则到已保存规则框架
2025-05-05 14:46:19,464 [INFO] gui.main_window_tk - 逻辑面板显示刷新完成
2025-05-05 14:46:36,870 [DEBUG] gui.config_panel - ConfigPanel: 双击选中项 ID: I002
2025-05-05 14:46:36,871 [DEBUG] gui.config_panel - ConfigPanel: 选中项文本: HBG_200_01000 Sitzplatzbelegung
2025-05-05 14:46:36,872 [DEBUG] gui.config_panel - ConfigPanel: 提取的代码: HBG_200_01000
2025-05-05 14:46:36,872 [DEBUG] gui.config_panel - ConfigPanel: 忽略非特征值: HBG_200_01000
2025-05-05 14:46:37,917 [DEBUG] gui.config_panel - ConfigPanel: 双击选中项 ID: I003
2025-05-05 14:46:37,919 [DEBUG] gui.config_panel - ConfigPanel: 选中项文本: K-200-000000 Fzg: 9 Plätze
2025-05-05 14:46:37,920 [DEBUG] gui.config_panel - ConfigPanel: 提取的代码: K-200-000000
2025-05-05 14:46:37,921 [INFO] gui.config_panel - ConfigPanel: 准备插入特征值: K-200-000000
2025-05-05 14:46:37,922 [DEBUG] gui.config_panel - ConfigPanel: 获取根窗口成功
2025-05-05 14:46:37,923 [DEBUG] gui.config_panel - ConfigPanel: 获取MainWindow实例成功
2025-05-05 14:46:37,924 [DEBUG] gui.config_panel - ConfigPanel: 找到逻辑面板
2025-05-05 14:46:37,924 [DEBUG] gui.logic_panel - LogicPanel: 开始插入代码: K-200-000000
2025-05-05 14:46:37,925 [INFO] gui.logic_panel - LogicPanel: 输入历史 - 类型: K_code, 内容: K-200-000000, 当前表达式: K-200-000000 
2025-05-05 14:46:37,926 [INFO] gui.config_panel - ConfigPanel: 成功发送代码到逻辑面板: K-200-000000
2025-05-05 14:49:37,587 [WARNING] gui.logic_panel - 尝试插入微调逻辑时未找到→符号
2025-05-05 14:49:40,695 [DEBUG] gui.config_panel - ConfigPanel: 双击选中项 ID: I004
2025-05-05 14:49:40,696 [DEBUG] gui.config_panel - ConfigPanel: 选中项文本: K-200-000001 Fzg: 8 Plätze / Actiontower S2
2025-05-05 14:49:40,697 [DEBUG] gui.config_panel - ConfigPanel: 提取的代码: K-200-000001
2025-05-05 14:49:40,697 [INFO] gui.config_panel - ConfigPanel: 准备插入特征值: K-200-000001
2025-05-05 14:49:40,698 [DEBUG] gui.config_panel - ConfigPanel: 获取根窗口成功
2025-05-05 14:49:40,698 [DEBUG] gui.config_panel - ConfigPanel: 获取MainWindow实例成功
2025-05-05 14:49:40,699 [DEBUG] gui.config_panel - ConfigPanel: 找到逻辑面板
2025-05-05 14:49:40,699 [DEBUG] gui.logic_panel - LogicPanel: 开始插入代码: K-200-000001
2025-05-05 14:49:41,673 [INFO] gui.config_panel - ConfigPanel: 成功发送代码到逻辑面板: K-200-000001
2025-05-05 14:49:42,428 [INFO] gui.logic_panel - LogicPanel: 输入历史 - 类型: operator, 内容: →, 当前表达式: K-200-000000  → 
2025-05-05 14:49:43,280 [INFO] gui.logic_panel - 创建ON ADD微调逻辑: ON 12 ADD 1231
2025-05-05 14:49:43,281 [INFO] gui.logic_panel - 成功插入微调逻辑到表达式: K-200-000000 →  ON 12 ADD 1231
