2025-04-28 11:06:06,958 [INFO] root - 程序启动，日志文件: C:\Users\mengy\Desktop\ZK_LogicBom_Builder\logs\log_20250428_110606.log
2025-04-28 11:06:07,220 [INFO] __main__ - 正在启动程序...
2025-04-28 11:06:07,220 [DEBUG] __main__ - Python版本: 3.13.2 (tags/v3.13.2:4f8bb39, Feb  4 2025, 15:23:48) [MSC v.1942 64 bit (AMD64)]
2025-04-28 11:06:07,220 [DEBUG] __main__ - 当前工作目录: C:\Users\mengy\Desktop\ZK_LogicBom_Builder
2025-04-28 11:06:07,221 [DEBUG] __main__ - src_dir路径: c:\Users\mengy\Desktop\ZK_LogicBom_Builder
2025-04-28 11:06:07,245 [INFO] __main__ - 正在创建语言选择对话框...
2025-04-28 11:06:11,005 [INFO] gui.language_dialog_tk - 已选择语言: zh
2025-04-28 11:06:11,027 [INFO] __main__ - 语言选择结果: zh
2025-04-28 11:06:11,028 [INFO] __main__ - 正在创建主题选择对话框...
2025-04-28 11:06:11,028 [DEBUG] gui.theme_dialog_tk - 创建主题选择对话框
2025-04-28 11:06:11,039 [DEBUG] gui.theme_dialog_tk - 主题选择对话框创建完成
2025-04-28 11:06:11,838 [DEBUG] gui.theme_dialog_tk - 用户选择了light主题
2025-04-28 11:06:11,855 [INFO] __main__ - 主题选择结果: light
2025-04-28 11:06:11,856 [INFO] __main__ - 正在配置主窗口...
2025-04-28 11:06:11,996 [INFO] __main__ - 开始创建MainWindow实例...
2025-04-28 11:06:11,997 [INFO] core.logic_builder - 已加载 2 条规则
2025-04-28 11:06:12,051 [INFO] __main__ - MainWindow实例创建完成
2025-04-28 11:06:12,398 [INFO] __main__ - 开始mainloop()...
2025-04-28 11:06:13,817 [INFO] core.config_processor - 找到工作表: ['TD', '0.模板&Vorlage', '1.Fahrgestell', '2.Fahrzeug allgemein', '3.Beschriftung&Kennzeichnung', '4. Anbauten&Fahrgestellarbeiten', '5. Fahrer_Mannschaftsraum', '6.Koffer', '7.Lichtmast', '8.Pumpenanlage', '9.Seilwinde&Generator', '10.Halterungen']
2025-04-28 11:06:13,818 [DEBUG] core.config_processor - 跳过工作表: TD
2025-04-28 11:06:13,818 [DEBUG] core.config_processor - 跳过工作表: 0.模板&Vorlage
2025-04-28 11:06:13,818 [INFO] core.config_processor - 处理工作表: 1.Fahrgestell -> 模块: 1.Fahrgestell
2025-04-28 11:06:13,835 [INFO] core.config_processor - 处理工作表: 2.Fahrzeug allgemein -> 模块: 2.Fahrzeug allgemein
2025-04-28 11:06:13,852 [INFO] core.config_processor - 处理工作表: 3.Beschriftung&Kennzeichnung -> 模块: 3.Beschriftung&Kennzeichnung
2025-04-28 11:06:13,867 [INFO] core.config_processor - 处理工作表: 4. Anbauten&Fahrgestellarbeiten -> 模块: 4.Anbauten&Fahrgestellarbeiten
2025-04-28 11:06:13,884 [INFO] core.config_processor - 处理工作表: 5. Fahrer_Mannschaftsraum -> 模块: 5.Fahrer_Mannschaftsraum
2025-04-28 11:06:13,904 [INFO] core.config_processor - 处理工作表: 6.Koffer -> 模块: 6.Koffer
2025-04-28 11:06:13,921 [INFO] core.config_processor - 处理工作表: 7.Lichtmast -> 模块: 7.Lichtmast
2025-04-28 11:06:13,936 [INFO] core.config_processor - 处理工作表: 8.Pumpenanlage -> 模块: 8.Pumpenanlage
2025-04-28 11:06:13,951 [INFO] core.config_processor - 处理工作表: 9.Seilwinde&Generator -> 模块: 9.Seilwinde&Generator
2025-04-28 11:06:13,967 [INFO] core.config_processor - 处理工作表: 10.Halterungen -> 模块: 10.Halterungen
2025-04-28 11:06:13,982 [INFO] gui.config_panel - 成功导入配置文件: C:/Users/mengy/Desktop/配置选项_Konfigurationsoptions.xlsm
2025-04-28 11:06:13,985 [INFO] gui.main_window_tk - 成功保存配置文件路径到app_config.json: C:/Users/mengy/Desktop/配置选项_Konfigurationsoptions.xlsm
2025-04-28 11:06:13,985 [INFO] gui.config_panel - 已保存配置文件路径到app_config.json: C:/Users/mengy/Desktop/配置选项_Konfigurationsoptions.xlsm
2025-04-28 11:06:15,033 [INFO] core.bom_processor - 开始导入BOM文件: C:/Users/mengy/Desktop/Bom.xlsx
2025-04-28 11:06:15,034 [INFO] core.bom_processor - 已清空现有数据
2025-04-28 11:06:15,034 [INFO] core.bom_processor - 正在读取Excel文件...
2025-04-28 11:06:15,038 [INFO] core.bom_processor - 成功打开Excel文件，包含以下工作表: ['Max-Gruppe']
2025-04-28 11:06:15,038 [INFO] core.bom_processor - 正在读取 Max-Gruppe 工作表...
2025-04-28 11:06:15,049 [INFO] core.bom_processor - 成功读取工作表，共 154 行数据
2025-04-28 11:06:15,049 [INFO] core.bom_processor - 所有必需列均存在，开始处理数据...
2025-04-28 11:06:15,050 [INFO] core.bom_processor - 过滤空层级后剩余 153 行数据
2025-04-28 11:06:15,051 [INFO] core.bom_processor - 
开始处理数据...
2025-04-28 11:06:15,054 [INFO] core.bom_processor - 
数据处理完成，成功处理 {processed_count} 行数据
2025-04-28 11:06:15,055 [INFO] core.bom_processor - 第 1 级节点数量: 1
2025-04-28 11:06:15,055 [INFO] core.bom_processor - 第 2 级节点数量: 133
2025-04-28 11:06:15,055 [INFO] core.bom_processor - 第 3 级节点数量: 19
2025-04-28 11:06:15,056 [INFO] core.bom_processor - BOM文件导入成功，共处理 153 个项目
2025-04-28 11:06:15,056 [INFO] gui.bom_panel - 成功导入BOM文件: C:/Users/mengy/Desktop/Bom.xlsx
2025-04-28 11:06:15,056 [INFO] gui.bom_panel - 开始刷新树状图
2025-04-28 11:06:15,057 [INFO] gui.bom_panel - 树状图刷新完成
2025-04-28 11:06:15,058 [INFO] gui.main_window_tk - 成功保存BOM文件路径到app_config.json: C:/Users/mengy/Desktop/Bom.xlsx
2025-04-28 11:06:15,058 [INFO] gui.bom_panel - 已保存BOM文件路径到app_config.json: C:/Users/mengy/Desktop/Bom.xlsx
2025-04-28 11:06:19,021 [INFO] gui.logic_library_window - 已加载 2 条 BOM 逻辑关系规则
2025-04-28 11:06:26,997 [INFO] gui.logic_library_window - 已加载 2 条 BOM 逻辑关系规则
2025-04-28 11:06:33,327 [INFO] core.logic_builder - 开始导入规则文件: C:/Users/mengy/Desktop/2222.json
2025-04-28 11:06:33,328 [INFO] core.logic_builder - 已清空现有规则
2025-04-28 11:06:33,328 [DEBUG] core.logic_builder - 成功导入规则: ID=BL01, 类型=static
2025-04-28 11:06:33,328 [DEBUG] core.logic_builder - 成功导入规则: ID=BL02, 类型=static
2025-04-28 11:06:33,340 [INFO] core.logic_builder - 规则数据已保存到文件: C:\Users\mengy\Desktop\ZK_LogicBom_Builder\data\temp_rules_latest.json, 导出状态: False
2025-04-28 11:06:33,341 [INFO] core.logic_builder - 规则导入完成，成功导入 2 条规则
2025-04-28 11:06:39,824 [INFO] gui.logic_library_window - 已加载 2 条 BOM 逻辑关系规则
2025-04-28 11:06:42,748 [INFO] core.logic_builder - 规则数据已保存到文件: C:\Users\mengy\Desktop\ZK_LogicBom_Builder\data\temp_rules_latest.json, 导出状态: False
2025-04-28 11:06:42,748 [INFO] gui.logic_library_window - 已删除规则: BL01
2025-04-28 11:06:46,010 [INFO] gui.logic_library_window - 已加载 1 条 BOM 逻辑关系规则
2025-04-28 11:06:48,584 [INFO] core.logic_builder - 规则数据已保存到文件: C:\Users\mengy\Desktop\ZK_LogicBom_Builder\data\temp_rules_latest.json, 导出状态: False
2025-04-28 11:06:48,584 [INFO] gui.logic_library_window - 已删除规则: BL02
2025-04-28 11:06:52,083 [DEBUG] gui.config_panel - ConfigPanel: 双击选中项 ID: I0DE
2025-04-28 11:06:52,084 [DEBUG] gui.config_panel - ConfigPanel: 选中项文本: K05_02_01 ohne
2025-04-28 11:06:52,085 [DEBUG] gui.config_panel - ConfigPanel: 提取的代码: K05_02_01
2025-04-28 11:06:52,086 [INFO] gui.config_panel - ConfigPanel: 准备插入K码: K05_02_01
2025-04-28 11:06:52,087 [DEBUG] gui.config_panel - ConfigPanel: 获取根窗口成功
2025-04-28 11:06:52,087 [DEBUG] gui.config_panel - ConfigPanel: 获取MainWindow实例成功
2025-04-28 11:06:52,088 [DEBUG] gui.config_panel - ConfigPanel: 找到逻辑面板
2025-04-28 11:06:52,089 [DEBUG] gui.logic_panel - LogicPanel: 开始插入代码: K05_02_01
2025-04-28 11:06:52,090 [INFO] gui.logic_panel - LogicPanel: 输入历史 - 类型: K_code, 内容: K05_02_01, 当前表达式: K05_02_01 
2025-04-28 11:06:52,091 [INFO] gui.config_panel - ConfigPanel: 成功发送代码到逻辑面板: K05_02_01
2025-04-28 11:06:52,843 [INFO] gui.logic_panel - LogicPanel: 输入历史 - 类型: operator, 内容: →, 当前表达式: K05_02_01  → 
2025-04-28 11:06:54,442 [DEBUG] gui.bom_panel - BomPanel: 双击选中项 ID: I027
2025-04-28 11:06:54,442 [DEBUG] gui.bom_panel - BomPanel: 选中项文本: 1161296 - PA-Sitz Std. mechanisch / BA-seat mechanically
Z-Cab NG Einflaschengerät / Z-Cab NG single-bottle device
2025-04-28 11:06:54,442 [DEBUG] gui.bom_panel - BomPanel: 提取到Baugruppe: 1161296
2025-04-28 11:06:54,443 [DEBUG] gui.bom_panel - BomPanel: 提取到占位符: PL-Sitze02
2025-04-28 11:06:54,443 [DEBUG] gui.bom_panel - BomPanel: 构建的BOM码: PL-Sitze02-1161296
2025-04-28 11:06:54,444 [DEBUG] gui.bom_panel - BomPanel: 获取根窗口成功
2025-04-28 11:06:54,444 [DEBUG] gui.bom_panel - BomPanel: 获取MainWindow实例成功
2025-04-28 11:06:54,444 [DEBUG] gui.bom_panel - BomPanel: 找到逻辑面板
2025-04-28 11:06:54,444 [DEBUG] gui.logic_panel - LogicPanel: 开始插入代码: PL-Sitze02-1161296
2025-04-28 11:06:54,445 [DEBUG] gui.logic_panel - 验证BOM码: PL-Sitze02-1161296
2025-04-28 11:06:54,445 [INFO] gui.logic_panel - LogicPanel: 输入历史 - 类型: BOM_code, 内容: PL-Sitze02-1161296, 当前表达式: K05_02_01  → PL-Sitze02-1161296 
2025-04-28 11:06:54,446 [INFO] gui.bom_panel - BomPanel: 成功发送代码到逻辑面板: PL-Sitze02-1161296
2025-04-28 11:06:54,446 [INFO] gui.bom_panel - BomPanel: 成功插入BOM码: PL-Sitze02-1161296
2025-04-28 11:06:55,832 [INFO] core.logic_builder - 规则数据已保存到文件: C:\Users\mengy\Desktop\ZK_LogicBom_Builder\data\temp_rules_latest.json, 导出状态: False
2025-04-28 11:06:55,837 [INFO] core.logic_builder - 规则数据已保存到文件: C:\Users\mengy\Desktop\ZK_LogicBom_Builder\data\temp_rules_latest.json, 导出状态: False
2025-04-28 11:06:55,837 [INFO] core.logic_builder - 规则数据已保存到文件: C:\Users\mengy\Desktop\ZK_LogicBom_Builder\data\temp_rules_latest.json
2025-04-28 11:06:55,838 [INFO] gui.logic_panel - 已保存新的BOM逻辑关系规则: ID=BL01, 选择项=K05_02_01, 影响项=PL-Sitze02-1161296, 状态=enabled
2025-04-28 11:06:58,642 [INFO] gui.logic_library_window - 已加载 1 条 BOM 逻辑关系规则
2025-04-28 11:07:03,128 [DEBUG] gui.config_panel - ConfigPanel: 双击选中项 ID: I0DF
2025-04-28 11:07:03,129 [DEBUG] gui.config_panel - ConfigPanel: 选中项文本: K05_02_02 mit
2025-04-28 11:07:03,130 [DEBUG] gui.config_panel - ConfigPanel: 提取的代码: K05_02_02
2025-04-28 11:07:03,131 [INFO] gui.config_panel - ConfigPanel: 准备插入K码: K05_02_02
2025-04-28 11:07:03,132 [DEBUG] gui.config_panel - ConfigPanel: 获取根窗口成功
2025-04-28 11:07:03,132 [DEBUG] gui.config_panel - ConfigPanel: 获取MainWindow实例成功
2025-04-28 11:07:03,133 [DEBUG] gui.config_panel - ConfigPanel: 找到逻辑面板
2025-04-28 11:07:03,133 [DEBUG] gui.logic_panel - LogicPanel: 开始插入代码: K05_02_02
2025-04-28 11:07:03,134 [INFO] gui.logic_panel - LogicPanel: 输入历史 - 类型: K_code, 内容: K05_02_02, 当前表达式: K05_02_02 
2025-04-28 11:07:03,135 [INFO] gui.config_panel - ConfigPanel: 成功发送代码到逻辑面板: K05_02_02
2025-04-28 11:07:04,244 [INFO] gui.logic_panel - LogicPanel: 输入历史 - 类型: operator, 内容: →, 当前表达式: K05_02_02  → 
2025-04-28 11:07:06,646 [DEBUG] gui.bom_panel - BomPanel: 双击选中项 ID: I02C
2025-04-28 11:07:06,648 [DEBUG] gui.bom_panel - BomPanel: 选中项文本: 1161295 - PA-Sitz Std. elektrisch / BA-seat std. electric
Z-Cab NG Zweiflaschengerät / Z-Cab NG twin-bottle device
2025-04-28 11:07:06,649 [DEBUG] gui.bom_panel - BomPanel: 提取到Baugruppe: 1161295
2025-04-28 11:07:06,649 [DEBUG] gui.bom_panel - BomPanel: 提取到占位符: PL-Sitze02
2025-04-28 11:07:06,650 [DEBUG] gui.bom_panel - BomPanel: 构建的BOM码: PL-Sitze02-1161295
2025-04-28 11:07:06,651 [DEBUG] gui.bom_panel - BomPanel: 获取根窗口成功
2025-04-28 11:07:06,652 [DEBUG] gui.bom_panel - BomPanel: 获取MainWindow实例成功
2025-04-28 11:07:06,652 [DEBUG] gui.bom_panel - BomPanel: 找到逻辑面板
2025-04-28 11:07:06,653 [DEBUG] gui.logic_panel - LogicPanel: 开始插入代码: PL-Sitze02-1161295
2025-04-28 11:07:06,654 [DEBUG] gui.logic_panel - 验证BOM码: PL-Sitze02-1161295
2025-04-28 11:07:06,655 [INFO] gui.logic_panel - LogicPanel: 输入历史 - 类型: BOM_code, 内容: PL-Sitze02-1161295, 当前表达式: K05_02_02  → PL-Sitze02-1161295 
2025-04-28 11:07:06,656 [INFO] gui.bom_panel - BomPanel: 成功发送代码到逻辑面板: PL-Sitze02-1161295
2025-04-28 11:07:06,656 [INFO] gui.bom_panel - BomPanel: 成功插入BOM码: PL-Sitze02-1161295
2025-04-28 11:07:07,298 [INFO] core.logic_builder - 规则数据已保存到文件: C:\Users\mengy\Desktop\ZK_LogicBom_Builder\data\temp_rules_latest.json, 导出状态: False
2025-04-28 11:07:07,303 [INFO] core.logic_builder - 规则数据已保存到文件: C:\Users\mengy\Desktop\ZK_LogicBom_Builder\data\temp_rules_latest.json, 导出状态: False
2025-04-28 11:07:07,304 [INFO] core.logic_builder - 规则数据已保存到文件: C:\Users\mengy\Desktop\ZK_LogicBom_Builder\data\temp_rules_latest.json
2025-04-28 11:07:07,304 [INFO] gui.logic_panel - 已保存新的BOM逻辑关系规则: ID=BL02, 选择项=K05_02_02, 影响项=PL-Sitze02-1161295, 状态=enabled
2025-04-28 11:07:10,261 [DEBUG] gui.config_panel - ConfigPanel: 双击选中项 ID: I0EB
2025-04-28 11:07:10,262 [DEBUG] gui.config_panel - ConfigPanel: 选中项文本: K05_05_01 original Fahrgestell
2025-04-28 11:07:10,262 [DEBUG] gui.config_panel - ConfigPanel: 提取的代码: K05_05_01
2025-04-28 11:07:10,263 [INFO] gui.config_panel - ConfigPanel: 准备插入K码: K05_05_01
2025-04-28 11:07:10,264 [DEBUG] gui.config_panel - ConfigPanel: 获取根窗口成功
2025-04-28 11:07:10,264 [DEBUG] gui.config_panel - ConfigPanel: 获取MainWindow实例成功
2025-04-28 11:07:10,265 [DEBUG] gui.config_panel - ConfigPanel: 找到逻辑面板
2025-04-28 11:07:10,266 [DEBUG] gui.logic_panel - LogicPanel: 开始插入代码: K05_05_01
2025-04-28 11:07:10,267 [INFO] gui.logic_panel - LogicPanel: 输入历史 - 类型: K_code, 内容: K05_05_01, 当前表达式: K05_05_01 
2025-04-28 11:07:10,269 [INFO] gui.config_panel - ConfigPanel: 成功发送代码到逻辑面板: K05_05_01
2025-04-28 11:07:11,400 [INFO] gui.logic_panel - LogicPanel: 输入历史 - 类型: operator, 内容: →, 当前表达式: K05_05_01  → 
2025-04-28 11:07:12,799 [DEBUG] gui.bom_panel - BomPanel: 双击选中项 ID: I02D
2025-04-28 11:07:12,800 [DEBUG] gui.bom_panel - BomPanel: 选中项文本: 1161309 - PA-Sitz f.Straffer li.kpl.el. / BA-seat f. tensioner le. cpl. el.
Z-Cab NG Einflaschengerät / Z-Cab NG single-bottle device
2025-04-28 11:07:12,801 [DEBUG] gui.bom_panel - BomPanel: 提取到Baugruppe: 1161309
2025-04-28 11:07:12,801 [DEBUG] gui.bom_panel - BomPanel: 提取到占位符: PL-Sitze02
2025-04-28 11:07:12,802 [DEBUG] gui.bom_panel - BomPanel: 构建的BOM码: PL-Sitze02-1161309
2025-04-28 11:07:12,802 [DEBUG] gui.bom_panel - BomPanel: 获取根窗口成功
2025-04-28 11:07:12,803 [DEBUG] gui.bom_panel - BomPanel: 获取MainWindow实例成功
2025-04-28 11:07:12,803 [DEBUG] gui.bom_panel - BomPanel: 找到逻辑面板
2025-04-28 11:07:12,804 [DEBUG] gui.logic_panel - LogicPanel: 开始插入代码: PL-Sitze02-1161309
2025-04-28 11:07:12,805 [DEBUG] gui.logic_panel - 验证BOM码: PL-Sitze02-1161309
2025-04-28 11:07:12,806 [INFO] gui.logic_panel - LogicPanel: 输入历史 - 类型: BOM_code, 内容: PL-Sitze02-1161309, 当前表达式: K05_05_01  → PL-Sitze02-1161309 
2025-04-28 11:07:12,806 [INFO] gui.bom_panel - BomPanel: 成功发送代码到逻辑面板: PL-Sitze02-1161309
2025-04-28 11:07:12,807 [INFO] gui.bom_panel - BomPanel: 成功插入BOM码: PL-Sitze02-1161309
2025-04-28 11:07:13,835 [INFO] core.logic_builder - 规则数据已保存到文件: C:\Users\mengy\Desktop\ZK_LogicBom_Builder\data\temp_rules_latest.json, 导出状态: False
2025-04-28 11:07:13,840 [INFO] core.logic_builder - 规则数据已保存到文件: C:\Users\mengy\Desktop\ZK_LogicBom_Builder\data\temp_rules_latest.json, 导出状态: False
2025-04-28 11:07:13,841 [INFO] core.logic_builder - 规则数据已保存到文件: C:\Users\mengy\Desktop\ZK_LogicBom_Builder\data\temp_rules_latest.json
2025-04-28 11:07:13,842 [INFO] gui.logic_panel - 已保存新的BOM逻辑关系规则: ID=BL03, 选择项=K05_05_01, 影响项=PL-Sitze02-1161309, 状态=enabled
2025-04-28 11:07:24,629 [DEBUG] gui.config_panel - ConfigPanel: 双击选中项 ID: I0E1
2025-04-28 11:07:24,630 [DEBUG] gui.config_panel - ConfigPanel: 选中项文本: K05_03_01 original Fahrgestell
2025-04-28 11:07:24,631 [DEBUG] gui.config_panel - ConfigPanel: 提取的代码: K05_03_01
2025-04-28 11:07:24,632 [INFO] gui.config_panel - ConfigPanel: 准备插入K码: K05_03_01
2025-04-28 11:07:24,633 [DEBUG] gui.config_panel - ConfigPanel: 获取根窗口成功
2025-04-28 11:07:24,634 [DEBUG] gui.config_panel - ConfigPanel: 获取MainWindow实例成功
2025-04-28 11:07:24,635 [DEBUG] gui.config_panel - ConfigPanel: 找到逻辑面板
2025-04-28 11:07:24,635 [DEBUG] gui.logic_panel - LogicPanel: 开始插入代码: K05_03_01
2025-04-28 11:07:24,636 [INFO] gui.logic_panel - LogicPanel: 输入历史 - 类型: K_code, 内容: K05_03_01, 当前表达式: K05_03_01 
2025-04-28 11:07:24,637 [INFO] gui.config_panel - ConfigPanel: 成功发送代码到逻辑面板: K05_03_01
2025-04-28 11:07:26,083 [INFO] gui.logic_panel - LogicPanel: 输入历史 - 类型: operator, 内容: →, 当前表达式: K05_03_01  → 
2025-04-28 11:07:26,916 [DEBUG] gui.bom_panel - BomPanel: 双击选中项 ID: I028
2025-04-28 11:07:26,917 [DEBUG] gui.bom_panel - BomPanel: 选中项文本: 1161297 - PA-Sitz Std. mechanisch / BA-seat mechanically
Z-Cab NG Zweiflaschengerät / Z-Cab NG twin-bottle device
2025-04-28 11:07:26,918 [DEBUG] gui.bom_panel - BomPanel: 提取到Baugruppe: 1161297
2025-04-28 11:07:26,919 [DEBUG] gui.bom_panel - BomPanel: 提取到占位符: PL-Sitze02
2025-04-28 11:07:26,919 [DEBUG] gui.bom_panel - BomPanel: 构建的BOM码: PL-Sitze02-1161297
2025-04-28 11:07:26,920 [DEBUG] gui.bom_panel - BomPanel: 获取根窗口成功
2025-04-28 11:07:26,921 [DEBUG] gui.bom_panel - BomPanel: 获取MainWindow实例成功
2025-04-28 11:07:26,921 [DEBUG] gui.bom_panel - BomPanel: 找到逻辑面板
2025-04-28 11:07:26,922 [DEBUG] gui.logic_panel - LogicPanel: 开始插入代码: PL-Sitze02-1161297
2025-04-28 11:07:26,923 [DEBUG] gui.logic_panel - 验证BOM码: PL-Sitze02-1161297
2025-04-28 11:07:26,924 [INFO] gui.logic_panel - LogicPanel: 输入历史 - 类型: BOM_code, 内容: PL-Sitze02-1161297, 当前表达式: K05_03_01  → PL-Sitze02-1161297 
2025-04-28 11:07:26,925 [INFO] gui.bom_panel - BomPanel: 成功发送代码到逻辑面板: PL-Sitze02-1161297
2025-04-28 11:07:26,926 [INFO] gui.bom_panel - BomPanel: 成功插入BOM码: PL-Sitze02-1161297
2025-04-28 11:07:27,605 [INFO] core.logic_builder - 规则数据已保存到文件: C:\Users\mengy\Desktop\ZK_LogicBom_Builder\data\temp_rules_latest.json, 导出状态: False
2025-04-28 11:07:27,610 [INFO] core.logic_builder - 规则数据已保存到文件: C:\Users\mengy\Desktop\ZK_LogicBom_Builder\data\temp_rules_latest.json, 导出状态: False
2025-04-28 11:07:27,611 [INFO] core.logic_builder - 规则数据已保存到文件: C:\Users\mengy\Desktop\ZK_LogicBom_Builder\data\temp_rules_latest.json
2025-04-28 11:07:27,612 [INFO] gui.logic_panel - 已保存新的BOM逻辑关系规则: ID=BL04, 选择项=K05_03_01, 影响项=PL-Sitze02-1161297, 状态=enabled
2025-04-28 11:07:31,931 [INFO] core.logic_builder - 规则数据已保存到文件: C:\Users\mengy\Desktop\ZK_LogicBom_Builder\data\temp_rules_latest.json, 导出状态: False
