2025-04-23 13:52:39,348 [INFO] root - 程序启动，日志文件: C:\Users\mengy\Desktop\ZK_LogicBom_Builder\logs\log_20250423_135239.log
2025-04-23 13:52:39,576 [INFO] __main__ - 正在启动程序...
2025-04-23 13:52:39,577 [DEBUG] __main__ - Python版本: 3.13.2 (tags/v3.13.2:4f8bb39, Feb  4 2025, 15:23:48) [MSC v.1942 64 bit (AMD64)]
2025-04-23 13:52:39,577 [DEBUG] __main__ - 当前工作目录: C:\Users\mengy\Desktop\ZK_LogicBom_Builder
2025-04-23 13:52:39,577 [DEBUG] __main__ - src_dir路径: c:\Users\mengy\Desktop\ZK_LogicBom_Builder
2025-04-23 13:52:39,598 [INFO] __main__ - 正在创建语言选择对话框...
2025-04-23 13:52:42,301 [INFO] gui.language_dialog_tk - 已选择语言: zh
2025-04-23 13:52:42,332 [INFO] __main__ - 语言选择结果: zh
2025-04-23 13:52:42,332 [INFO] __main__ - 正在创建主题选择对话框...
2025-04-23 13:52:42,333 [DEBUG] gui.theme_dialog_tk - 创建主题选择对话框
2025-04-23 13:52:42,336 [DEBUG] gui.theme_dialog_tk - 主题选择对话框创建完成
2025-04-23 13:52:43,167 [DEBUG] gui.theme_dialog_tk - 用户选择了light主题
2025-04-23 13:52:43,188 [INFO] __main__ - 主题选择结果: light
2025-04-23 13:52:43,198 [INFO] __main__ - 正在配置主窗口...
2025-04-23 13:52:43,351 [INFO] __main__ - 开始创建MainWindow实例...
2025-04-23 13:52:43,353 [INFO] core.logic_builder - 已加载 6 条规则
2025-04-23 13:52:43,434 [INFO] __main__ - MainWindow实例创建完成
2025-04-23 13:52:43,806 [INFO] __main__ - 开始mainloop()...
2025-04-23 13:52:45,351 [INFO] core.config_processor - 找到工作表: ['TD', '0.模板&Vorlage', '1.Fahrgestell', '2.Fahrzeug allgemein', '3.Beschriftung&Kennzeichnung', '4. Anbauten&Fahrgestellarbeiten', '5. Fahrer_Mannschaftsraum', '6.Koffer', '7.Lichtmast', '8.Pumpenanlage', '9.Seilwinde&Generator', '10.Halterungen']
2025-04-23 13:52:45,351 [DEBUG] core.config_processor - 跳过工作表: TD
2025-04-23 13:52:45,351 [DEBUG] core.config_processor - 跳过工作表: 0.模板&Vorlage
2025-04-23 13:52:45,352 [INFO] core.config_processor - 处理工作表: 1.Fahrgestell -> 模块: 1.Fahrgestell
2025-04-23 13:52:45,369 [INFO] core.config_processor - 处理工作表: 2.Fahrzeug allgemein -> 模块: 2.Fahrzeug allgemein
2025-04-23 13:52:45,386 [INFO] core.config_processor - 处理工作表: 3.Beschriftung&Kennzeichnung -> 模块: 3.Beschriftung&Kennzeichnung
2025-04-23 13:52:45,401 [INFO] core.config_processor - 处理工作表: 4. Anbauten&Fahrgestellarbeiten -> 模块: 4.Anbauten&Fahrgestellarbeiten
2025-04-23 13:52:45,416 [INFO] core.config_processor - 处理工作表: 5. Fahrer_Mannschaftsraum -> 模块: 5.Fahrer_Mannschaftsraum
2025-04-23 13:52:45,436 [INFO] core.config_processor - 处理工作表: 6.Koffer -> 模块: 6.Koffer
2025-04-23 13:52:45,451 [INFO] core.config_processor - 处理工作表: 7.Lichtmast -> 模块: 7.Lichtmast
2025-04-23 13:52:45,466 [INFO] core.config_processor - 处理工作表: 8.Pumpenanlage -> 模块: 8.Pumpenanlage
2025-04-23 13:52:45,482 [INFO] core.config_processor - 处理工作表: 9.Seilwinde&Generator -> 模块: 9.Seilwinde&Generator
2025-04-23 13:52:45,496 [INFO] core.config_processor - 处理工作表: 10.Halterungen -> 模块: 10.Halterungen
2025-04-23 13:52:45,510 [INFO] gui.config_panel - 成功导入配置文件: C:/Users/mengy/Desktop/配置选项_Konfigurationsoptions.xlsm
2025-04-23 13:52:45,513 [INFO] gui.main_window_tk - 成功保存配置文件路径到app_config.json: C:/Users/mengy/Desktop/配置选项_Konfigurationsoptions.xlsm
2025-04-23 13:52:45,514 [INFO] gui.config_panel - 已保存配置文件路径到app_config.json: C:/Users/mengy/Desktop/配置选项_Konfigurationsoptions.xlsm
2025-04-23 13:52:47,059 [INFO] core.bom_processor - 开始导入BOM文件: C:/Users/mengy/Desktop/BOM映射表.xlsx
2025-04-23 13:52:47,065 [INFO] core.bom_processor - 找到工作表: ['MAX-gruppe', 'K码表', '配置', 'Sheet1']
2025-04-23 13:52:47,078 [INFO] core.bom_processor - BOM文件导入成功
2025-04-23 13:52:47,079 [INFO] gui.bom_panel - 成功导入BOM文件: C:/Users/mengy/Desktop/BOM映射表.xlsx
2025-04-23 13:52:47,081 [INFO] gui.main_window_tk - 成功保存BOM文件路径到app_config.json: C:/Users/mengy/Desktop/BOM映射表.xlsx
2025-04-23 13:52:47,081 [INFO] gui.bom_panel - 已保存BOM文件路径到app_config.json: C:/Users/mengy/Desktop/BOM映射表.xlsx
2025-04-23 13:52:51,383 [DEBUG] gui.config_panel - ConfigPanel: 双击选中项 ID: I0BA
2025-04-23 13:52:51,384 [DEBUG] gui.config_panel - ConfigPanel: 选中项文本: K04_02_02 600 l
2025-04-23 13:52:51,385 [DEBUG] gui.config_panel - ConfigPanel: 提取的代码: K04_02_02
2025-04-23 13:52:51,386 [INFO] gui.config_panel - ConfigPanel: 准备插入K码: K04_02_02
2025-04-23 13:52:51,387 [DEBUG] gui.config_panel - ConfigPanel: 获取根窗口成功
2025-04-23 13:52:51,388 [DEBUG] gui.config_panel - ConfigPanel: 获取MainWindow实例成功
2025-04-23 13:52:51,389 [DEBUG] gui.config_panel - ConfigPanel: 找到逻辑面板
2025-04-23 13:52:51,389 [DEBUG] gui.logic_panel - LogicPanel: 开始插入代码: K04_02_02
2025-04-23 13:52:51,390 [INFO] gui.logic_panel - LogicPanel: 输入历史 - 类型: K_code, 内容: K04_02_02, 当前表达式: K04_02_02 
2025-04-23 13:52:51,391 [INFO] gui.config_panel - ConfigPanel: 成功发送代码到逻辑面板: K04_02_02
2025-04-23 13:52:52,250 [INFO] gui.logic_panel - LogicPanel: 输入历史 - 类型: operator, 内容: →, 当前表达式: K04_02_02  → 
2025-04-23 13:52:53,208 [DEBUG] gui.bom_panel - BomPanel: 双击选中项 ID: I009
2025-04-23 13:52:53,209 [DEBUG] gui.bom_panel - BomPanel: 选中项文本: [2] PL-GrundKabine 10019238 - Modulkabine Standard MAN Euro 6
Modul cabin standard MAN Euro 6
(Z-Cab NG Alpas 3 RAL XXXX
Z-Cab NG Alpas 3 RAL XXXX)
2025-04-23 13:52:53,209 [DEBUG] gui.bom_panel - BomPanel: 提取到占位符: PL-GrundKabine, Baugruppe: 10019238
2025-04-23 13:52:53,210 [INFO] gui.bom_panel - BomPanel: 准备插入BOM码: PL-GrundKabine-10019238
2025-04-23 13:52:53,210 [DEBUG] gui.bom_panel - BomPanel: 获取根窗口成功
2025-04-23 13:52:53,210 [DEBUG] gui.bom_panel - BomPanel: 获取MainWindow实例成功
2025-04-23 13:52:53,211 [DEBUG] gui.bom_panel - BomPanel: 找到逻辑面板
2025-04-23 13:52:53,211 [DEBUG] gui.logic_panel - LogicPanel: 开始插入代码: PL-GrundKabine-10019238
2025-04-23 13:52:53,212 [DEBUG] gui.logic_panel - 验证BOM码: PL-GrundKabine-10019238
2025-04-23 13:52:53,212 [INFO] gui.logic_panel - LogicPanel: 输入历史 - 类型: BOM_code, 内容: PL-GrundKabine-10019238, 当前表达式: K04_02_02  → PL-GrundKabine-10019238 
2025-04-23 13:52:53,212 [INFO] gui.bom_panel - BomPanel: 成功发送代码到逻辑面板: PL-GrundKabine-10019238
2025-04-23 13:52:56,941 [DEBUG] gui.config_panel - ConfigPanel: 双击选中项 ID: I0BC
2025-04-23 13:52:56,942 [DEBUG] gui.config_panel - ConfigPanel: 选中项文本: K04_02_04 1000 l
2025-04-23 13:52:56,942 [DEBUG] gui.config_panel - ConfigPanel: 提取的代码: K04_02_04
2025-04-23 13:52:56,943 [INFO] gui.config_panel - ConfigPanel: 准备插入K码: K04_02_04
2025-04-23 13:52:56,944 [DEBUG] gui.config_panel - ConfigPanel: 获取根窗口成功
2025-04-23 13:52:56,944 [DEBUG] gui.config_panel - ConfigPanel: 获取MainWindow实例成功
2025-04-23 13:52:56,945 [DEBUG] gui.config_panel - ConfigPanel: 找到逻辑面板
2025-04-23 13:52:56,946 [DEBUG] gui.logic_panel - LogicPanel: 开始插入代码: K04_02_04
2025-04-23 13:52:56,947 [INFO] gui.logic_panel - LogicPanel: 输入历史 - 类型: K_code, 内容: K04_02_04, 当前表达式: K04_02_04 
2025-04-23 13:52:56,947 [INFO] gui.config_panel - ConfigPanel: 成功发送代码到逻辑面板: K04_02_04
2025-04-23 13:52:58,974 [INFO] gui.logic_panel - LogicPanel: 输入历史 - 类型: operator, 内容: →, 当前表达式: K04_02_04  → 
2025-04-23 13:52:59,512 [DEBUG] gui.bom_panel - BomPanel: 双击选中项 ID: I006
2025-04-23 13:52:59,513 [DEBUG] gui.bom_panel - BomPanel: 选中项文本: [2] PL-GrundKabine 10019235 - Modulkabine Standard MAN Euro 6
Modul cabin standard MAN Euro 6
(Z-Cab NG Alpas 3 RAL 3000
Z-Cab NG Alpas 3 RAL 3000)
2025-04-23 13:52:59,514 [DEBUG] gui.bom_panel - BomPanel: 提取到占位符: PL-GrundKabine, Baugruppe: 10019235
2025-04-23 13:52:59,515 [INFO] gui.bom_panel - BomPanel: 准备插入BOM码: PL-GrundKabine-10019235
2025-04-23 13:52:59,515 [DEBUG] gui.bom_panel - BomPanel: 获取根窗口成功
2025-04-23 13:52:59,516 [DEBUG] gui.bom_panel - BomPanel: 获取MainWindow实例成功
2025-04-23 13:52:59,517 [DEBUG] gui.bom_panel - BomPanel: 找到逻辑面板
2025-04-23 13:52:59,517 [DEBUG] gui.logic_panel - LogicPanel: 开始插入代码: PL-GrundKabine-10019235
2025-04-23 13:52:59,518 [DEBUG] gui.logic_panel - 验证BOM码: PL-GrundKabine-10019235
2025-04-23 13:52:59,519 [INFO] gui.logic_panel - LogicPanel: 输入历史 - 类型: BOM_code, 内容: PL-GrundKabine-10019235, 当前表达式: K04_02_04  → PL-GrundKabine-10019235 
2025-04-23 13:52:59,519 [INFO] gui.bom_panel - BomPanel: 成功发送代码到逻辑面板: PL-GrundKabine-10019235
2025-04-23 13:53:18,072 [CRITICAL] __main__ - 未捕获的异常: 'LogicBuilder' object has no attribute 'remove_rule_observer'
Traceback (most recent call last):
  File "D:\Python\Lib\tkinter\__init__.py", line 2068, in __call__
    return self.func(*args)
           ~~~~~~~~~^^^^^^^
  File "c:\Users\mengy\Desktop\ZK_LogicBom_Builder\gui\logic_library_window.py", line 72, in destroy
    self.logic_builder.remove_rule_observer(self._on_rule_change)
    ^^^^^^^^^^^^^^^^^^^^^^^^^^^^^^^^^^^^^^^
AttributeError: 'LogicBuilder' object has no attribute 'remove_rule_observer'. Did you mean: 'remove_observer'?
2025-04-23 13:53:18,074 [CRITICAL] __main__ - 详细错误栈:
['Traceback (most recent call last):\n', '  File "D:\\Python\\Lib\\tkinter\\__init__.py", line 2068, in __call__\n    return self.func(*args)\n           ~~~~~~~~~^^^^^^^\n', '  File "c:\\Users\\mengy\\Desktop\\ZK_LogicBom_Builder\\gui\\logic_library_window.py", line 72, in destroy\n    self.logic_builder.remove_rule_observer(self._on_rule_change)\n    ^^^^^^^^^^^^^^^^^^^^^^^^^^^^^^^^^^^^^^^\n', "AttributeError: 'LogicBuilder' object has no attribute 'remove_rule_observer'. Did you mean: 'remove_observer'?\n"]
Traceback (most recent call last):
  File "D:\Python\Lib\tkinter\__init__.py", line 2068, in __call__
    return self.func(*args)
           ~~~~~~~~~^^^^^^^
  File "c:\Users\mengy\Desktop\ZK_LogicBom_Builder\gui\logic_library_window.py", line 72, in destroy
    self.logic_builder.remove_rule_observer(self._on_rule_change)
    ^^^^^^^^^^^^^^^^^^^^^^^^^^^^^^^^^^^^^^^
AttributeError: 'LogicBuilder' object has no attribute 'remove_rule_observer'. Did you mean: 'remove_observer'?
2025-04-23 13:56:34,104 [CRITICAL] __main__ - 未捕获的异常: 'LogicBuilder' object has no attribute 'remove_rule_observer'
Traceback (most recent call last):
  File "D:\Python\Lib\tkinter\__init__.py", line 2068, in __call__
    return self.func(*args)
           ~~~~~~~~~^^^^^^^
  File "c:\Users\mengy\Desktop\ZK_LogicBom_Builder\gui\logic_library_window.py", line 72, in destroy
    self.logic_builder.remove_rule_observer(self._on_rule_change)
    ^^^^^^^^^^^^^^^^^^^^^^^^^^^^^^^^^^^^^^^
AttributeError: 'LogicBuilder' object has no attribute 'remove_rule_observer'. Did you mean: 'remove_observer'?
2025-04-23 13:56:34,107 [CRITICAL] __main__ - 详细错误栈:
['Traceback (most recent call last):\n', '  File "D:\\Python\\Lib\\tkinter\\__init__.py", line 2068, in __call__\n    return self.func(*args)\n           ~~~~~~~~~^^^^^^^\n', '  File "c:\\Users\\mengy\\Desktop\\ZK_LogicBom_Builder\\gui\\logic_library_window.py", line 72, in destroy\n    self.logic_builder.remove_rule_observer(self._on_rule_change)\n    ^^^^^^^^^^^^^^^^^^^^^^^^^^^^^^^^^^^^^^^\n', "AttributeError: 'LogicBuilder' object has no attribute 'remove_rule_observer'. Did you mean: 'remove_observer'?\n"]
Traceback (most recent call last):
  File "D:\Python\Lib\tkinter\__init__.py", line 2068, in __call__
    return self.func(*args)
           ~~~~~~~~~^^^^^^^
  File "c:\Users\mengy\Desktop\ZK_LogicBom_Builder\gui\logic_library_window.py", line 72, in destroy
    self.logic_builder.remove_rule_observer(self._on_rule_change)
    ^^^^^^^^^^^^^^^^^^^^^^^^^^^^^^^^^^^^^^^
AttributeError: 'LogicBuilder' object has no attribute 'remove_rule_observer'. Did you mean: 'remove_observer'?
2025-04-23 13:56:36,475 [CRITICAL] __main__ - 未捕获的异常: 'LogicBuilder' object has no attribute 'remove_rule_observer'
Traceback (most recent call last):
  File "D:\Python\Lib\tkinter\__init__.py", line 2068, in __call__
    return self.func(*args)
           ~~~~~~~~~^^^^^^^
  File "c:\Users\mengy\Desktop\ZK_LogicBom_Builder\gui\logic_library_window.py", line 72, in destroy
    self.logic_builder.remove_rule_observer(self._on_rule_change)
    ^^^^^^^^^^^^^^^^^^^^^^^^^^^^^^^^^^^^^^^
AttributeError: 'LogicBuilder' object has no attribute 'remove_rule_observer'. Did you mean: 'remove_observer'?
2025-04-23 13:56:36,478 [CRITICAL] __main__ - 详细错误栈:
['Traceback (most recent call last):\n', '  File "D:\\Python\\Lib\\tkinter\\__init__.py", line 2068, in __call__\n    return self.func(*args)\n           ~~~~~~~~~^^^^^^^\n', '  File "c:\\Users\\mengy\\Desktop\\ZK_LogicBom_Builder\\gui\\logic_library_window.py", line 72, in destroy\n    self.logic_builder.remove_rule_observer(self._on_rule_change)\n    ^^^^^^^^^^^^^^^^^^^^^^^^^^^^^^^^^^^^^^^\n', "AttributeError: 'LogicBuilder' object has no attribute 'remove_rule_observer'. Did you mean: 'remove_observer'?\n"]
Traceback (most recent call last):
  File "D:\Python\Lib\tkinter\__init__.py", line 2068, in __call__
    return self.func(*args)
           ~~~~~~~~~^^^^^^^
  File "c:\Users\mengy\Desktop\ZK_LogicBom_Builder\gui\logic_library_window.py", line 72, in destroy
    self.logic_builder.remove_rule_observer(self._on_rule_change)
    ^^^^^^^^^^^^^^^^^^^^^^^^^^^^^^^^^^^^^^^
AttributeError: 'LogicBuilder' object has no attribute 'remove_rule_observer'. Did you mean: 'remove_observer'?
2025-04-23 13:56:38,740 [CRITICAL] __main__ - 未捕获的异常: 'LogicBuilder' object has no attribute 'remove_rule_observer'
Traceback (most recent call last):
  File "D:\Python\Lib\tkinter\__init__.py", line 2068, in __call__
    return self.func(*args)
           ~~~~~~~~~^^^^^^^
  File "c:\Users\mengy\Desktop\ZK_LogicBom_Builder\gui\main_window_tk.py", line 317, in _on_closing
    self.root.destroy()
    ~~~~~~~~~~~~~~~~~^^
  File "D:\Python\Lib\tkinter\__init__.py", line 2502, in destroy
    for c in list(self.children.values()): c.destroy()
                                           ~~~~~~~~~^^
  File "c:\Users\mengy\Desktop\ZK_LogicBom_Builder\gui\logic_library_window.py", line 72, in destroy
    self.logic_builder.remove_rule_observer(self._on_rule_change)
    ^^^^^^^^^^^^^^^^^^^^^^^^^^^^^^^^^^^^^^^
AttributeError: 'LogicBuilder' object has no attribute 'remove_rule_observer'. Did you mean: 'remove_observer'?
2025-04-23 13:56:38,742 [CRITICAL] __main__ - 详细错误栈:
['Traceback (most recent call last):\n', '  File "D:\\Python\\Lib\\tkinter\\__init__.py", line 2068, in __call__\n    return self.func(*args)\n           ~~~~~~~~~^^^^^^^\n', '  File "c:\\Users\\mengy\\Desktop\\ZK_LogicBom_Builder\\gui\\main_window_tk.py", line 317, in _on_closing\n    self.root.destroy()\n    ~~~~~~~~~~~~~~~~~^^\n', '  File "D:\\Python\\Lib\\tkinter\\__init__.py", line 2502, in destroy\n    for c in list(self.children.values()): c.destroy()\n                                           ~~~~~~~~~^^\n', '  File "c:\\Users\\mengy\\Desktop\\ZK_LogicBom_Builder\\gui\\logic_library_window.py", line 72, in destroy\n    self.logic_builder.remove_rule_observer(self._on_rule_change)\n    ^^^^^^^^^^^^^^^^^^^^^^^^^^^^^^^^^^^^^^^\n', "AttributeError: 'LogicBuilder' object has no attribute 'remove_rule_observer'. Did you mean: 'remove_observer'?\n"]
Traceback (most recent call last):
  File "D:\Python\Lib\tkinter\__init__.py", line 2068, in __call__
    return self.func(*args)
           ~~~~~~~~~^^^^^^^
  File "c:\Users\mengy\Desktop\ZK_LogicBom_Builder\gui\main_window_tk.py", line 317, in _on_closing
    self.root.destroy()
    ~~~~~~~~~~~~~~~~~^^
  File "D:\Python\Lib\tkinter\__init__.py", line 2502, in destroy
    for c in list(self.children.values()): c.destroy()
                                           ~~~~~~~~~^^
  File "c:\Users\mengy\Desktop\ZK_LogicBom_Builder\gui\logic_library_window.py", line 72, in destroy
    self.logic_builder.remove_rule_observer(self._on_rule_change)
    ^^^^^^^^^^^^^^^^^^^^^^^^^^^^^^^^^^^^^^^
AttributeError: 'LogicBuilder' object has no attribute 'remove_rule_observer'. Did you mean: 'remove_observer'?
