2025-04-29 13:44:03,166 [INFO] root - 程序启动，日志文件: C:\Users\mengy\Desktop\ZK_LogicBom_Builder\logs\log_20250429_134403.log
2025-04-29 13:44:03,405 [INFO] __main__ - 正在启动程序...
2025-04-29 13:44:03,405 [DEBUG] __main__ - Python版本: 3.13.2 (tags/v3.13.2:4f8bb39, Feb  4 2025, 15:23:48) [MSC v.1942 64 bit (AMD64)]
2025-04-29 13:44:03,405 [DEBUG] __main__ - 当前工作目录: C:\Users\mengy\Desktop\ZK_LogicBom_Builder
2025-04-29 13:44:03,405 [DEBUG] __main__ - src_dir路径: c:\Users\mengy\Desktop\ZK_LogicBom_Builder
2025-04-29 13:44:03,427 [INFO] __main__ - 正在创建语言选择对话框...
2025-04-29 13:44:05,127 [INFO] gui.language_dialog_tk - 已选择语言: zh
2025-04-29 13:44:05,145 [INFO] __main__ - 语言选择结果: zh
2025-04-29 13:44:05,145 [INFO] __main__ - 正在创建主题选择对话框...
2025-04-29 13:44:05,145 [DEBUG] gui.theme_dialog_tk - 创建主题选择对话框
2025-04-29 13:44:05,150 [DEBUG] gui.theme_dialog_tk - 主题选择对话框创建完成
2025-04-29 13:44:06,034 [DEBUG] gui.theme_dialog_tk - 用户选择了light主题
2025-04-29 13:44:06,054 [INFO] __main__ - 主题选择结果: light
2025-04-29 13:44:06,064 [INFO] __main__ - 正在配置主窗口...
2025-04-29 13:44:06,186 [INFO] __main__ - 开始创建MainWindow实例...
2025-04-29 13:44:06,187 [INFO] core.logic_builder - 已加载 2 条规则
2025-04-29 13:44:06,243 [INFO] gui.logic_panel - 规则未加载状态，等待用户确认后再加载规则
2025-04-29 13:44:06,252 [INFO] __main__ - MainWindow实例创建完成
2025-04-29 13:44:06,551 [INFO] __main__ - 开始mainloop()...
2025-04-29 13:44:08,053 [INFO] core.config_processor - 找到工作表: ['1.Kabine']
2025-04-29 13:44:08,053 [INFO] core.config_processor - 处理工作表: 1.Kabine -> 模块: 1.Kabine
2025-04-29 13:44:08,076 [INFO] gui.config_panel - 成功导入配置文件: C:/Users/mengy/Desktop/Kabinemekrmal(Test).xlsx
2025-04-29 13:44:08,079 [INFO] gui.main_window_tk - 成功保存配置文件路径到app_config.json: C:/Users/mengy/Desktop/Kabinemekrmal(Test).xlsx
2025-04-29 13:44:08,079 [INFO] gui.config_panel - 已保存配置文件路径到app_config.json: C:/Users/mengy/Desktop/Kabinemekrmal(Test).xlsx
2025-04-29 13:44:08,981 [INFO] core.bom_processor - 开始导入BOM文件: C:/Users/mengy/Desktop/Bom.xlsx
2025-04-29 13:44:08,981 [INFO] core.bom_processor - 已清空现有数据
2025-04-29 13:44:08,981 [INFO] core.bom_processor - 正在读取Excel文件...
2025-04-29 13:44:08,985 [INFO] core.bom_processor - 成功打开Excel文件，包含以下工作表: ['Max-Gruppe']
2025-04-29 13:44:08,985 [INFO] core.bom_processor - 正在读取 Max-Gruppe 工作表...
2025-04-29 13:44:08,994 [INFO] core.bom_processor - 成功读取工作表，共 154 行数据
2025-04-29 13:44:08,994 [INFO] core.bom_processor - 所有必需列均存在，开始处理数据...
2025-04-29 13:44:08,995 [INFO] core.bom_processor - 过滤空层级后剩余 153 行数据
2025-04-29 13:44:08,996 [INFO] core.bom_processor - 
开始处理数据...
2025-04-29 13:44:08,999 [INFO] core.bom_processor - 
数据处理完成，成功处理 {processed_count} 行数据
2025-04-29 13:44:08,999 [INFO] core.bom_processor - 第 1 级节点数量: 1
2025-04-29 13:44:09,000 [INFO] core.bom_processor - 第 2 级节点数量: 133
2025-04-29 13:44:09,000 [INFO] core.bom_processor - 第 3 级节点数量: 19
2025-04-29 13:44:09,000 [INFO] core.bom_processor - BOM文件导入成功，共处理 153 个项目
2025-04-29 13:44:09,000 [INFO] gui.bom_panel - 成功导入BOM文件: C:/Users/mengy/Desktop/Bom.xlsx
2025-04-29 13:44:09,000 [INFO] gui.bom_panel - 开始刷新树状图
2025-04-29 13:44:09,001 [INFO] gui.bom_panel - 树状图刷新完成
2025-04-29 13:44:09,002 [INFO] gui.main_window_tk - 成功保存BOM文件路径到app_config.json: C:/Users/mengy/Desktop/Bom.xlsx
2025-04-29 13:44:09,002 [INFO] gui.bom_panel - 已保存BOM文件路径到app_config.json: C:/Users/mengy/Desktop/Bom.xlsx
2025-04-29 13:44:10,176 [INFO] core.logic_builder - 规则数据已成功清空
2025-04-29 13:44:10,177 [INFO] gui.logic_panel - 收到规则变更事件: type=cleared, rule_id=None
2025-04-29 13:44:10,177 [INFO] gui.logic_panel - 已清空所有规则，重置规则已加载标志
2025-04-29 13:44:10,177 [INFO] gui.main_window_tk - 用户取消加载规则，设置规则已加载标志为False
2025-04-29 13:44:18,878 [DEBUG] gui.config_panel - ConfigPanel: 双击选中项 ID: I014
2025-04-29 13:44:18,879 [DEBUG] gui.config_panel - ConfigPanel: 选中项文本: K-200-000344 ohne Wertfach
2025-04-29 13:44:18,880 [DEBUG] gui.config_panel - ConfigPanel: 提取的代码: K-200-000344
2025-04-29 13:44:18,880 [INFO] gui.config_panel - ConfigPanel: 准备插入特征值: K-200-000344
2025-04-29 13:44:18,881 [DEBUG] gui.config_panel - ConfigPanel: 获取根窗口成功
2025-04-29 13:44:18,881 [DEBUG] gui.config_panel - ConfigPanel: 获取MainWindow实例成功
2025-04-29 13:44:18,881 [DEBUG] gui.config_panel - ConfigPanel: 找到逻辑面板
2025-04-29 13:44:18,882 [DEBUG] gui.logic_panel - LogicPanel: 开始插入代码: K-200-000344
2025-04-29 13:44:18,882 [INFO] gui.logic_panel - LogicPanel: 输入历史 - 类型: K_code, 内容: K-200-000344, 当前表达式: K-200-000344 
2025-04-29 13:44:18,883 [INFO] gui.config_panel - ConfigPanel: 成功发送代码到逻辑面板: K-200-000344
2025-04-29 13:44:19,959 [INFO] gui.logic_panel - LogicPanel: 输入历史 - 类型: operator, 内容: →, 当前表达式: K-200-000344  → 
2025-04-29 13:44:21,540 [DEBUG] gui.bom_panel - BomPanel: 双击选中项 ID: I038
2025-04-29 13:44:21,541 [DEBUG] gui.bom_panel - BomPanel: 选中项文本: 1123244 - Einzelsitz Std Airbag Stra.li. / single seat std. airbag tensioner le.
Z-Cab NG / Z-Cab NG
2025-04-29 13:44:21,542 [DEBUG] gui.bom_panel - BomPanel: 提取到Baugruppe: 1123244
2025-04-29 13:44:21,542 [DEBUG] gui.bom_panel - BomPanel: 提取到占位符: PL-Sitze03
2025-04-29 13:44:21,543 [DEBUG] gui.bom_panel - BomPanel: 构建的BOM码: PL-Sitze03-1123244
2025-04-29 13:44:21,544 [DEBUG] gui.bom_panel - BomPanel: 获取根窗口成功
2025-04-29 13:44:21,544 [DEBUG] gui.bom_panel - BomPanel: 获取MainWindow实例成功
2025-04-29 13:44:21,545 [DEBUG] gui.bom_panel - BomPanel: 找到逻辑面板
2025-04-29 13:44:21,545 [DEBUG] gui.logic_panel - LogicPanel: 开始插入代码: PL-Sitze03-1123244
2025-04-29 13:44:21,546 [DEBUG] gui.logic_panel - 验证BOM码: PL-Sitze03-1123244
2025-04-29 13:44:21,549 [INFO] gui.logic_panel - LogicPanel: 输入历史 - 类型: BOM_code, 内容: PL-Sitze03-1123244, 当前表达式: K-200-000344  → PL-Sitze03-1123244 
2025-04-29 13:44:21,550 [INFO] gui.bom_panel - BomPanel: 成功发送代码到逻辑面板: PL-Sitze03-1123244
2025-04-29 13:44:21,550 [INFO] gui.bom_panel - BomPanel: 成功插入BOM码: PL-Sitze03-1123244
2025-04-29 13:44:22,740 [DEBUG] core.logic_builder - 规则数据已保存到临时文件
2025-04-29 13:44:22,741 [INFO] gui.logic_panel - 收到规则变更事件: type=added, rule_id=BL01
2025-04-29 13:44:22,742 [INFO] gui.logic_panel - 已添加新规则: BL01
2025-04-29 13:44:24,813 [DEBUG] gui.config_panel - ConfigPanel: 双击选中项 ID: I01C
2025-04-29 13:44:24,814 [DEBUG] gui.config_panel - ConfigPanel: 选中项文本: K-200-000011 Wertfach unterm Sitzpolster
2025-04-29 13:44:24,814 [DEBUG] gui.config_panel - ConfigPanel: 提取的代码: K-200-000011
2025-04-29 13:44:24,815 [INFO] gui.config_panel - ConfigPanel: 准备插入特征值: K-200-000011
2025-04-29 13:44:24,816 [DEBUG] gui.config_panel - ConfigPanel: 获取根窗口成功
2025-04-29 13:44:24,816 [DEBUG] gui.config_panel - ConfigPanel: 获取MainWindow实例成功
2025-04-29 13:44:24,817 [DEBUG] gui.config_panel - ConfigPanel: 找到逻辑面板
2025-04-29 13:44:24,817 [DEBUG] gui.logic_panel - LogicPanel: 开始插入代码: K-200-000011
2025-04-29 13:44:24,818 [INFO] gui.logic_panel - LogicPanel: 输入历史 - 类型: K_code, 内容: K-200-000011, 当前表达式: K-200-000011 
2025-04-29 13:44:24,819 [INFO] gui.config_panel - ConfigPanel: 成功发送代码到逻辑面板: K-200-000011
2025-04-29 13:44:25,762 [INFO] gui.logic_panel - LogicPanel: 输入历史 - 类型: operator, 内容: →, 当前表达式: K-200-000011  → 
2025-04-29 13:44:26,441 [DEBUG] gui.bom_panel - BomPanel: 双击选中项 ID: I03A
2025-04-29 13:44:26,442 [DEBUG] gui.bom_panel - BomPanel: 选中项文本: 1161297 - PA-Sitz Std. mechanisch / BA-seat mechanically
Z-Cab NG Zweiflaschengerät / Z-Cab NG twin-bottle device
2025-04-29 13:44:26,443 [DEBUG] gui.bom_panel - BomPanel: 提取到Baugruppe: 1161297
2025-04-29 13:44:26,443 [DEBUG] gui.bom_panel - BomPanel: 提取到占位符: PL-Sitze03
2025-04-29 13:44:26,443 [DEBUG] gui.bom_panel - BomPanel: 构建的BOM码: PL-Sitze03-1161297
2025-04-29 13:44:26,443 [DEBUG] gui.bom_panel - BomPanel: 获取根窗口成功
2025-04-29 13:44:26,444 [DEBUG] gui.bom_panel - BomPanel: 获取MainWindow实例成功
2025-04-29 13:44:26,444 [DEBUG] gui.bom_panel - BomPanel: 找到逻辑面板
2025-04-29 13:44:26,444 [DEBUG] gui.logic_panel - LogicPanel: 开始插入代码: PL-Sitze03-1161297
2025-04-29 13:44:26,444 [DEBUG] gui.logic_panel - 验证BOM码: PL-Sitze03-1161297
2025-04-29 13:44:26,445 [INFO] gui.logic_panel - LogicPanel: 输入历史 - 类型: BOM_code, 内容: PL-Sitze03-1161297, 当前表达式: K-200-000011  → PL-Sitze03-1161297 
2025-04-29 13:44:26,445 [INFO] gui.bom_panel - BomPanel: 成功发送代码到逻辑面板: PL-Sitze03-1161297
2025-04-29 13:44:26,445 [INFO] gui.bom_panel - BomPanel: 成功插入BOM码: PL-Sitze03-1161297
2025-04-29 13:44:27,464 [DEBUG] core.logic_builder - 规则数据已保存到临时文件
2025-04-29 13:44:27,464 [INFO] gui.logic_panel - 收到规则变更事件: type=added, rule_id=BL02
2025-04-29 13:44:27,464 [INFO] gui.logic_panel - 已添加新规则: BL02
2025-04-29 13:44:29,459 [DEBUG] gui.config_panel - ConfigPanel: 双击选中项 ID: I01F
2025-04-29 13:44:29,460 [DEBUG] gui.config_panel - ConfigPanel: 选中项文本: K-200-000169 Sitz 2 mit Kunststoffbehälter
2025-04-29 13:44:29,461 [DEBUG] gui.config_panel - ConfigPanel: 提取的代码: K-200-000169
2025-04-29 13:44:29,462 [INFO] gui.config_panel - ConfigPanel: 准备插入特征值: K-200-000169
2025-04-29 13:44:29,462 [DEBUG] gui.config_panel - ConfigPanel: 获取根窗口成功
2025-04-29 13:44:29,463 [DEBUG] gui.config_panel - ConfigPanel: 获取MainWindow实例成功
2025-04-29 13:44:29,464 [DEBUG] gui.config_panel - ConfigPanel: 找到逻辑面板
2025-04-29 13:44:29,465 [DEBUG] gui.logic_panel - LogicPanel: 开始插入代码: K-200-000169
2025-04-29 13:44:29,465 [INFO] gui.logic_panel - LogicPanel: 输入历史 - 类型: K_code, 内容: K-200-000169, 当前表达式: K-200-000169 
2025-04-29 13:44:29,466 [INFO] gui.config_panel - ConfigPanel: 成功发送代码到逻辑面板: K-200-000169
2025-04-29 13:44:30,455 [INFO] gui.logic_panel - LogicPanel: 输入历史 - 类型: operator, 内容: →, 当前表达式: K-200-000169  → 
2025-04-29 13:44:34,325 [DEBUG] gui.bom_panel - BomPanel: 双击选中项 ID: I03B
2025-04-29 13:44:34,326 [DEBUG] gui.bom_panel - BomPanel: 选中项文本: 1161313 - PA-Sitz f.Straffer li.kpl.mech / BA-seat f. tensioner le. cpl. mech.
Z-Cab NG Einflaschengerät / Z-Cab NG single-bottle device
2025-04-29 13:44:34,327 [DEBUG] gui.bom_panel - BomPanel: 提取到Baugruppe: 1161313
2025-04-29 13:44:34,327 [DEBUG] gui.bom_panel - BomPanel: 提取到占位符: PL-Sitze03
2025-04-29 13:44:34,328 [DEBUG] gui.bom_panel - BomPanel: 构建的BOM码: PL-Sitze03-1161313
2025-04-29 13:44:34,328 [DEBUG] gui.bom_panel - BomPanel: 获取根窗口成功
2025-04-29 13:44:34,329 [DEBUG] gui.bom_panel - BomPanel: 获取MainWindow实例成功
2025-04-29 13:44:34,329 [DEBUG] gui.bom_panel - BomPanel: 找到逻辑面板
2025-04-29 13:44:34,330 [DEBUG] gui.logic_panel - LogicPanel: 开始插入代码: PL-Sitze03-1161313
2025-04-29 13:44:34,331 [DEBUG] gui.logic_panel - 验证BOM码: PL-Sitze03-1161313
2025-04-29 13:44:34,332 [INFO] gui.logic_panel - LogicPanel: 输入历史 - 类型: BOM_code, 内容: PL-Sitze03-1161313, 当前表达式: K-200-000169  → PL-Sitze03-1161313 
2025-04-29 13:44:34,332 [INFO] gui.bom_panel - BomPanel: 成功发送代码到逻辑面板: PL-Sitze03-1161313
2025-04-29 13:44:34,333 [INFO] gui.bom_panel - BomPanel: 成功插入BOM码: PL-Sitze03-1161313
2025-04-29 13:44:35,015 [DEBUG] core.logic_builder - 规则数据已保存到临时文件
2025-04-29 13:44:35,016 [INFO] gui.logic_panel - 收到规则变更事件: type=added, rule_id=BL03
2025-04-29 13:44:35,016 [INFO] gui.logic_panel - 已添加新规则: BL03
2025-04-29 13:44:37,701 [INFO] core.logic_builder - 准备从临时文件加载规则: C:\Users\mengy\Desktop\ZK_LogicBom_Builder\data\temp_rules_latest.json
2025-04-29 13:44:37,701 [INFO] gui.logic_panel - 收到规则变更事件: type=imported, rule_id=None
2025-04-29 13:44:37,702 [INFO] gui.logic_panel - 规则未加载状态，等待用户确认
2025-04-29 13:44:37,702 [INFO] core.logic_builder - 从临时文件加载规则完成
2025-04-29 13:44:37,703 [INFO] gui.logic_library_window - 已加载 3 条规则
2025-04-29 13:44:40,458 [DEBUG] core.logic_builder - 规则数据已保存到临时文件
2025-04-29 13:44:40,459 [INFO] gui.logic_library_window - 已保存标签到临时文件: BL01 -> 12[]
2025-04-29 13:44:40,459 [INFO] gui.logic_panel - 收到规则变更事件: type=modified, rule_id=BL01
2025-04-29 13:44:40,460 [INFO] gui.logic_panel - 已更新规则: BL01
2025-04-29 13:44:40,460 [INFO] gui.logic_library_window - 收到规则变更事件: type=modified, rule_id=BL01
2025-04-29 13:44:40,461 [INFO] gui.logic_library_window - 已更新规则: BL01
2025-04-29 13:44:54,152 [DEBUG] core.logic_builder - 规则数据已保存到临时文件
2025-04-29 13:44:54,152 [INFO] gui.logic_library_window - 已保存标签到临时文件: BL02 -> 12
2025-04-29 13:44:54,153 [INFO] gui.logic_panel - 收到规则变更事件: type=modified, rule_id=BL02
2025-04-29 13:44:54,154 [INFO] gui.logic_panel - 已更新规则: BL02
2025-04-29 13:44:54,154 [INFO] gui.logic_library_window - 收到规则变更事件: type=modified, rule_id=BL02
2025-04-29 13:44:54,155 [INFO] gui.logic_library_window - 已更新规则: BL02
2025-04-29 13:44:58,485 [DEBUG] core.logic_builder - 规则数据已保存到临时文件
2025-04-29 13:44:58,485 [INFO] gui.logic_library_window - 已保存标签到临时文件: BL01 -> 12
2025-04-29 13:44:58,486 [INFO] gui.logic_panel - 收到规则变更事件: type=modified, rule_id=BL01
2025-04-29 13:44:58,486 [INFO] gui.logic_panel - 已更新规则: BL01
2025-04-29 13:44:58,487 [INFO] gui.logic_library_window - 收到规则变更事件: type=modified, rule_id=BL01
2025-04-29 13:44:58,487 [INFO] gui.logic_library_window - 已更新规则: BL01
2025-04-29 13:45:11,636 [DEBUG] core.logic_builder - 规则数据已保存到临时文件
2025-04-29 13:45:11,637 [INFO] gui.logic_library_window - 已保存标签到临时文件: BL03 -> []
2025-04-29 13:45:11,637 [INFO] gui.logic_panel - 收到规则变更事件: type=modified, rule_id=BL03
2025-04-29 13:45:11,638 [INFO] gui.logic_panel - 已更新规则: BL03
2025-04-29 13:45:11,638 [INFO] gui.logic_library_window - 收到规则变更事件: type=modified, rule_id=BL03
2025-04-29 13:45:11,639 [INFO] gui.logic_library_window - 已更新规则: BL03
2025-04-29 13:47:56,053 [DEBUG] core.logic_builder - 规则数据已保存到临时文件
2025-04-29 13:47:56,053 [INFO] gui.logic_library_window - 已保存标签到临时文件: BL03 -> []
2025-04-29 13:47:56,053 [INFO] gui.logic_panel - 收到规则变更事件: type=modified, rule_id=BL03
2025-04-29 13:47:56,053 [INFO] gui.logic_panel - 已更新规则: BL03
2025-04-29 13:47:56,054 [INFO] gui.logic_library_window - 收到规则变更事件: type=modified, rule_id=BL03
2025-04-29 13:47:56,054 [INFO] gui.logic_library_window - 已更新规则: BL03
