2025-04-17 13:28:30,945 [INFO] root - 程序启动，日志文件: C:\Users\mengy\Desktop\ZK_LogicBom_Builder\logs\log_20250417_132830.log
2025-04-17 13:28:31,192 [INFO] __main__ - 正在启动程序...
2025-04-17 13:28:31,193 [DEBUG] __main__ - Python版本: 3.13.2 (tags/v3.13.2:4f8bb39, Feb  4 2025, 15:23:48) [MSC v.1942 64 bit (AMD64)]
2025-04-17 13:28:31,193 [DEBUG] __main__ - 当前工作目录: C:\Users\mengy\Desktop\ZK_LogicBom_Builder
2025-04-17 13:28:31,193 [DEBUG] __main__ - src_dir路径: c:\Users\mengy\Desktop\ZK_LogicBom_Builder
2025-04-17 13:28:31,222 [INFO] __main__ - 正在创建语言选择对话框...
2025-04-17 13:28:32,054 [INFO] gui.language_dialog_tk - 已选择语言: zh
2025-04-17 13:28:32,070 [INFO] __main__ - 语言选择结果: zh
2025-04-17 13:28:32,070 [INFO] __main__ - 正在创建主题选择对话框...
2025-04-17 13:28:32,070 [DEBUG] gui.theme_dialog_tk - 创建主题选择对话框
2025-04-17 13:28:32,080 [DEBUG] gui.theme_dialog_tk - 主题选择对话框创建完成
2025-04-17 13:28:32,867 [DEBUG] gui.theme_dialog_tk - 用户选择了light主题
2025-04-17 13:28:32,886 [INFO] __main__ - 主题选择结果: light
2025-04-17 13:28:32,896 [INFO] __main__ - 正在配置主窗口...
2025-04-17 13:28:33,056 [INFO] __main__ - 开始创建MainWindow实例...
2025-04-17 13:28:33,057 [INFO] core.logic_builder - 已加载 6 条规则
2025-04-17 13:28:33,111 [INFO] __main__ - MainWindow实例创建完成
2025-04-17 13:28:33,380 [INFO] __main__ - 开始mainloop()...
2025-04-17 13:28:36,086 [INFO] core.bom_processor - 开始导入BOM文件: C:/Users/mengy/Desktop/BOM映射表.xlsx
2025-04-17 13:28:36,194 [INFO] core.bom_processor - 找到工作表: ['MAX-gruppe', 'K码表', '配置', 'Sheet1']
2025-04-17 13:28:36,206 [INFO] core.bom_processor - BOM文件导入成功
