2025-05-15 13:05:43,260 [INFO] root - 程序启动，日志文件: C:\Users\mengy\Desktop\ZK_LogicBom_Builder\logs\log_20250515_130543.log
2025-05-15 13:05:43,493 [INFO] __main__ - 正在启动程序...
2025-05-15 13:05:43,494 [DEBUG] __main__ - Python版本: 3.13.2 (tags/v3.13.2:4f8bb39, Feb  4 2025, 15:23:48) [MSC v.1942 64 bit (AMD64)]
2025-05-15 13:05:43,494 [DEBUG] __main__ - 当前工作目录: C:\Users\mengy\Desktop\ZK_LogicBom_Builder
2025-05-15 13:05:43,494 [DEBUG] __main__ - src_dir路径: c:\Users\mengy\Desktop\ZK_LogicBom_Builder
2025-05-15 13:05:43,515 [INFO] __main__ - 正在创建语言选择对话框...
2025-05-15 13:05:44,173 [INFO] gui.language_dialog_tk - 已选择语言: zh
2025-05-15 13:05:44,187 [INFO] __main__ - 语言选择结果: zh
2025-05-15 13:05:44,187 [INFO] __main__ - 正在创建主题选择对话框...
2025-05-15 13:05:44,187 [DEBUG] gui.theme_dialog_tk - 创建主题选择对话框
2025-05-15 13:05:44,193 [DEBUG] gui.theme_dialog_tk - 主题选择对话框创建完成
2025-05-15 13:05:44,770 [DEBUG] gui.theme_dialog_tk - 用户选择了light主题
2025-05-15 13:05:44,792 [INFO] __main__ - 主题选择结果: light
2025-05-15 13:05:44,800 [INFO] __main__ - 正在配置主窗口...
2025-05-15 13:05:44,886 [INFO] __main__ - 开始创建MainWindow实例...
2025-05-15 13:05:44,887 [INFO] core.logic_builder - 从 C:\Users\mengy\Desktop\ZK_LogicBom_Builder\data\temp_rules_latest.json 加载时检测到新版大写键名规则文件格式 (BL_rules/TL_rules)。
2025-05-15 13:05:44,887 [DEBUG] core.logic_builder - Rule BL02 loaded from file. Original file description: 'Wertfach unterm Sitzpolster → PL--Sitze01-PA-Sitz f.Straffer li.kpl.mech 1 FL-Sitzplatz 1'. Regenerating description.
2025-05-15 13:05:44,888 [DEBUG] core.logic_builder - Generated condition part for rule BL02: 'K-200-000007'
2025-05-15 13:05:44,888 [DEBUG] core.logic_builder - Generated action part for rule BL02: 'PL--Sitze01-10019324'
2025-05-15 13:05:44,888 [INFO] core.logic_builder - Newly generated description for BL02 (on _load_rules): 'K-200-000007 → PL--Sitze01-10019324'
2025-05-15 13:05:44,888 [INFO] core.logic_builder - 已加载 1 条规则从 C:\Users\mengy\Desktop\ZK_LogicBom_Builder\data\temp_rules_latest.json
2025-05-15 13:05:44,921 [INFO] gui.logic_panel - LogicPanel: 主窗口引用无效、rules_loaded属性不存在或规则未加载，跳过加载到树。
2025-05-15 13:05:44,927 [INFO] __main__ - MainWindow实例创建完成
2025-05-15 13:05:45,120 [INFO] __main__ - 开始mainloop()...
2025-05-15 13:05:46,645 [INFO] core.config_processor - 找到工作表: ['1.Kabine']
2025-05-15 13:05:46,645 [INFO] core.config_processor - 处理工作表: 1.Kabine -> 模块: 1.Kabine
2025-05-15 13:05:46,668 [INFO] gui.config_panel - 成功导入配置文件: C:/Users/mengy/OneDrive/Kabine_Test_Dokument/Kabine_Mekrmal(Test).xlsx
2025-05-15 13:05:46,671 [INFO] gui.main_window_tk - 成功保存配置文件路径到app_config.json: C:/Users/mengy/OneDrive/Kabine_Test_Dokument/Kabine_Mekrmal(Test).xlsx
2025-05-15 13:05:46,671 [INFO] gui.config_panel - 已保存配置文件路径到app_config.json: C:/Users/mengy/OneDrive/Kabine_Test_Dokument/Kabine_Mekrmal(Test).xlsx
2025-05-15 13:05:47,548 [INFO] core.bom_processor - 开始导入BOM文件: C:/Users/mengy/OneDrive/Kabine_Test_Dokument/Kabine_Bom-MaxGruppe.xlsx
2025-05-15 13:05:47,548 [INFO] core.bom_processor - 已清空现有数据
2025-05-15 13:05:47,549 [INFO] core.bom_processor - 正在读取Excel文件...
2025-05-15 13:05:47,558 [INFO] core.bom_processor - 成功打开Excel文件，包含以下工作表: ['Max-Gruppe']
2025-05-15 13:05:47,558 [INFO] core.bom_processor - 正在读取 Max-Gruppe 工作表...
2025-05-15 13:05:47,579 [INFO] core.bom_processor - 成功读取工作表，共 244 行数据
2025-05-15 13:05:47,580 [INFO] core.bom_processor - 所有必需列均存在，开始处理数据...
2025-05-15 13:05:47,581 [INFO] core.bom_processor - 过滤空层级后剩余 244 行数据
2025-05-15 13:05:47,582 [INFO] core.bom_processor - 
开始处理数据...
2025-05-15 13:05:47,587 [INFO] core.bom_processor - 
数据处理完成，成功处理 {processed_count} 行数据
2025-05-15 13:05:47,587 [INFO] core.bom_processor - 第 1 级节点数量: 244
2025-05-15 13:05:47,587 [INFO] core.bom_processor - BOM文件导入成功，共处理 244 个项目
2025-05-15 13:05:47,587 [INFO] gui.bom_panel - 成功导入BOM文件: C:/Users/mengy/OneDrive/Kabine_Test_Dokument/Kabine_Bom-MaxGruppe.xlsx
2025-05-15 13:05:47,588 [INFO] gui.bom_panel - 开始刷新树状图
2025-05-15 13:05:47,588 [INFO] gui.bom_panel - 树状图刷新完成
2025-05-15 13:05:47,589 [INFO] gui.main_window_tk - 成功保存BOM文件路径到app_config.json: C:/Users/mengy/OneDrive/Kabine_Test_Dokument/Kabine_Bom-MaxGruppe.xlsx
2025-05-15 13:05:47,590 [INFO] gui.bom_panel - 已保存BOM文件路径到app_config.json: C:/Users/mengy/OneDrive/Kabine_Test_Dokument/Kabine_Bom-MaxGruppe.xlsx
2025-05-15 13:05:48,073 [INFO] core.logic_builder - 准备从临时文件加载规则: C:\Users\mengy\Desktop\ZK_LogicBom_Builder\data\temp_rules_latest.json
2025-05-15 13:05:48,074 [DEBUG] core.logic_builder - Rule BL02 loaded from temp file. Original file description: 'Wertfach unterm Sitzpolster → PL--Sitze01-PA-Sitz f.Straffer li.kpl.mech 1 FL-Sitzplatz 1'. Regenerating description.
2025-05-15 13:05:48,074 [DEBUG] core.logic_builder - Generated condition part for rule BL02: 'Wertfach unterm Sitzpolster'
2025-05-15 13:05:48,075 [DEBUG] core.logic_builder - Generated action part for rule BL02: 'PL--Sitze01-PA-Sitz f.Straffer li.kpl.mech 1 FL-Sitzplatz 1'
2025-05-15 13:05:48,075 [INFO] core.logic_builder - Newly generated description for BL02 (from temp): 'Wertfach unterm Sitzpolster → PL--Sitze01-PA-Sitz f.Straffer li.kpl.mech 1 FL-Sitzplatz 1'
2025-05-15 13:05:48,075 [INFO] gui.logic_panel - LogicPanel _on_rule_change: 收到通知: 类型='imported', RuleID='None'
2025-05-15 13:05:48,075 [INFO] gui.logic_panel - LogicPanel _on_rule_change (imported): 收到 'imported' 通知，将重新加载所有规则到Treeview。
2025-05-15 13:05:48,075 [INFO] gui.logic_panel - LogicPanel: 主窗口引用无效、rules_loaded属性不存在或规则未加载，跳过加载到树。
2025-05-15 13:05:48,077 [DEBUG] gui.logic_panel - LogicPanel _on_rule_change: Treeview update_idletasks() 已调用，处理类型 'imported' 完成。
2025-05-15 13:05:48,078 [INFO] core.logic_builder - 从临时文件 (C:\Users\mengy\Desktop\ZK_LogicBom_Builder\data\temp_rules_latest.json) 加载 1 条规则完成。导出状态: False
2025-05-15 13:05:48,078 [INFO] gui.main_window_tk - 检测到LogicBuilder中存在未导出的规则。
2025-05-15 13:05:49,222 [INFO] gui.main_window_tk - 用户确认加载，将再次调用 load_from_temp_file 以使用最新的Config/BOM数据生成描述。
2025-05-15 13:05:49,223 [INFO] core.logic_builder - 准备从临时文件加载规则: C:\Users\mengy\Desktop\ZK_LogicBom_Builder\data\temp_rules_latest.json
2025-05-15 13:05:49,223 [DEBUG] core.logic_builder - Rule BL02 loaded from temp file. Original file description: 'Wertfach unterm Sitzpolster → PL--Sitze01-PA-Sitz f.Straffer li.kpl.mech 1 FL-Sitzplatz 1'. Regenerating description.
2025-05-15 13:05:49,223 [DEBUG] core.logic_builder - Generated condition part for rule BL02: 'Wertfach unterm Sitzpolster'
2025-05-15 13:05:49,223 [DEBUG] core.logic_builder - Generated action part for rule BL02: 'PL--Sitze01-PA-Sitz f.Straffer li.kpl.mech 1 FL-Sitzplatz 1'
2025-05-15 13:05:49,223 [INFO] core.logic_builder - Newly generated description for BL02 (from temp): 'Wertfach unterm Sitzpolster → PL--Sitze01-PA-Sitz f.Straffer li.kpl.mech 1 FL-Sitzplatz 1'
2025-05-15 13:05:49,223 [INFO] gui.logic_panel - LogicPanel _on_rule_change: 收到通知: 类型='imported', RuleID='None'
2025-05-15 13:05:49,224 [INFO] gui.logic_panel - LogicPanel _on_rule_change (imported): 收到 'imported' 通知，将重新加载所有规则到Treeview。
2025-05-15 13:05:49,224 [INFO] gui.logic_panel - LogicPanel: 主窗口引用无效、rules_loaded属性不存在或规则未加载，跳过加载到树。
2025-05-15 13:05:49,225 [DEBUG] gui.logic_panel - LogicPanel _on_rule_change: Treeview update_idletasks() 已调用，处理类型 'imported' 完成。
2025-05-15 13:05:49,225 [INFO] core.logic_builder - 从临时文件 (C:\Users\mengy\Desktop\ZK_LogicBom_Builder\data\temp_rules_latest.json) 加载 1 条规则完成。导出状态: False
2025-05-15 13:05:49,225 [INFO] gui.main_window_tk - 用户确认加载未导出的规则。MainWindow.rules_loaded 设置为 True。
2025-05-15 13:05:49,225 [INFO] gui.main_window_tk - 开始刷新逻辑面板显示已加载的临时规则
2025-05-15 13:05:49,225 [INFO] gui.logic_panel - LogicPanel: 开始加载规则到已保存规则框架 (非层级)
2025-05-15 13:05:49,225 [DEBUG] gui.logic_panel - LogicPanel: 从LogicBuilder获取到 1 条规则
2025-05-15 13:05:49,228 [INFO] gui.logic_panel - LogicPanel: 成功加载 1 条规则 (非层级) 到已保存规则框架
2025-05-15 13:05:49,228 [INFO] gui.main_window_tk - 逻辑面板显示刷新完成
2025-05-15 13:08:06,516 [INFO] gui.language_dialog_tk - 已选择语言: de
2025-05-15 13:09:26,374 [INFO] gui.logic_library_window - LogicLibrary: 已加载 1 条规则 (非层级)。
2025-05-15 13:09:26,374 [DEBUG] gui.logic_library_window - LogicLibrary _apply_filters_and_search: 开始应用筛选和搜索。清空现有Treeview项。
2025-05-15 13:09:26,375 [DEBUG] gui.logic_library_window - LogicLibrary _apply_filters_and_search: 从self.cached_rules (共 1 条) 开始迭代。
2025-05-15 13:09:26,375 [DEBUG] gui.logic_library_window - LogicLibrary _apply_filters_and_search: 准备插入规则ID 'BL02'，状态 'enabled' (显示为 'Aktiviert').
2025-05-15 13:09:26,376 [INFO] gui.logic_library_window - LogicLibrary _apply_filters_and_search: 筛选和搜索完成：显示 1/1 条规则。
2025-05-15 13:09:31,205 [INFO] gui.language_dialog_tk - 已选择语言: zh
