2025-04-17 10:43:29,339 [INFO] root - 程序启动，日志文件: C:\Users\mengy\Desktop\ZK_LogicBom_Builder\logs\log_20250417_104329.log
2025-04-17 10:43:29,591 [INFO] __main__ - 正在启动程序...
2025-04-17 10:43:29,591 [DEBUG] __main__ - Python版本: 3.13.2 (tags/v3.13.2:4f8bb39, Feb  4 2025, 15:23:48) [MSC v.1942 64 bit (AMD64)]
2025-04-17 10:43:29,591 [DEBUG] __main__ - 当前工作目录: C:\Users\mengy\Desktop\ZK_LogicBom_Builder
2025-04-17 10:43:29,592 [DEBUG] __main__ - src_dir路径: c:\Users\mengy\Desktop\ZK_LogicBom_Builder
2025-04-17 10:43:29,613 [INFO] __main__ - 正在创建语言选择对话框...
2025-04-17 10:43:31,348 [INFO] gui.language_dialog_tk - 已选择语言: zh
2025-04-17 10:43:31,367 [INFO] __main__ - 语言选择结果: zh
2025-04-17 10:43:31,367 [INFO] __main__ - 正在创建主题选择对话框...
2025-04-17 10:43:31,367 [DEBUG] gui.theme_dialog_tk - 创建主题选择对话框
2025-04-17 10:43:31,372 [DEBUG] gui.theme_dialog_tk - 主题选择对话框创建完成
2025-04-17 10:43:32,754 [DEBUG] gui.theme_dialog_tk - 用户选择了light主题
2025-04-17 10:43:32,768 [INFO] __main__ - 主题选择结果: light
2025-04-17 10:43:32,787 [INFO] __main__ - 正在配置主窗口...
2025-04-17 10:43:32,954 [INFO] __main__ - 开始创建MainWindow实例...
2025-04-17 10:43:32,955 [INFO] core.logic_builder - 已加载 6 条规则
2025-04-17 10:43:32,988 [INFO] __main__ - MainWindow实例创建完成
2025-04-17 10:43:33,261 [INFO] __main__ - 开始mainloop()...
2025-04-17 10:43:38,064 [INFO] gui.language_dialog_tk - 已选择语言: de
2025-04-17 10:44:03,818 [INFO] gui.language_dialog_tk - 已选择语言: zh
