2025-04-28 11:08:04,226 [INFO] root - 程序启动，日志文件: C:\Users\mengy\Desktop\ZK_LogicBom_Builder\logs\log_20250428_110804.log
2025-04-28 11:08:04,475 [INFO] __main__ - 正在启动程序...
2025-04-28 11:08:04,476 [DEBUG] __main__ - Python版本: 3.13.2 (tags/v3.13.2:4f8bb39, Feb  4 2025, 15:23:48) [MSC v.1942 64 bit (AMD64)]
2025-04-28 11:08:04,476 [DEBUG] __main__ - 当前工作目录: C:\Users\mengy\Desktop\ZK_LogicBom_Builder
2025-04-28 11:08:04,476 [DEBUG] __main__ - src_dir路径: c:\Users\mengy\Desktop\ZK_LogicBom_Builder
2025-04-28 11:08:04,498 [INFO] __main__ - 正在创建语言选择对话框...
2025-04-28 11:08:05,966 [INFO] gui.language_dialog_tk - 已选择语言: zh
2025-04-28 11:08:06,010 [INFO] __main__ - 语言选择结果: zh
2025-04-28 11:08:06,010 [INFO] __main__ - 正在创建主题选择对话框...
2025-04-28 11:08:06,011 [DEBUG] gui.theme_dialog_tk - 创建主题选择对话框
2025-04-28 11:08:06,017 [DEBUG] gui.theme_dialog_tk - 主题选择对话框创建完成
2025-04-28 11:08:06,784 [DEBUG] gui.theme_dialog_tk - 用户选择了light主题
2025-04-28 11:08:06,822 [INFO] __main__ - 主题选择结果: light
2025-04-28 11:08:06,838 [INFO] __main__ - 正在配置主窗口...
2025-04-28 11:08:06,983 [INFO] __main__ - 开始创建MainWindow实例...
2025-04-28 11:08:06,984 [INFO] core.logic_builder - 已加载 4 条规则
2025-04-28 11:08:07,031 [INFO] __main__ - MainWindow实例创建完成
2025-04-28 11:08:07,317 [INFO] __main__ - 开始mainloop()...
2025-04-28 11:08:08,947 [INFO] core.config_processor - 找到工作表: ['TD', '0.模板&Vorlage', '1.Fahrgestell', '2.Fahrzeug allgemein', '3.Beschriftung&Kennzeichnung', '4. Anbauten&Fahrgestellarbeiten', '5. Fahrer_Mannschaftsraum', '6.Koffer', '7.Lichtmast', '8.Pumpenanlage', '9.Seilwinde&Generator', '10.Halterungen']
2025-04-28 11:08:08,948 [DEBUG] core.config_processor - 跳过工作表: TD
2025-04-28 11:08:08,948 [DEBUG] core.config_processor - 跳过工作表: 0.模板&Vorlage
2025-04-28 11:08:08,948 [INFO] core.config_processor - 处理工作表: 1.Fahrgestell -> 模块: 1.Fahrgestell
2025-04-28 11:08:08,966 [INFO] core.config_processor - 处理工作表: 2.Fahrzeug allgemein -> 模块: 2.Fahrzeug allgemein
2025-04-28 11:08:08,982 [INFO] core.config_processor - 处理工作表: 3.Beschriftung&Kennzeichnung -> 模块: 3.Beschriftung&Kennzeichnung
2025-04-28 11:08:08,998 [INFO] core.config_processor - 处理工作表: 4. Anbauten&Fahrgestellarbeiten -> 模块: 4.Anbauten&Fahrgestellarbeiten
2025-04-28 11:08:09,014 [INFO] core.config_processor - 处理工作表: 5. Fahrer_Mannschaftsraum -> 模块: 5.Fahrer_Mannschaftsraum
2025-04-28 11:08:09,035 [INFO] core.config_processor - 处理工作表: 6.Koffer -> 模块: 6.Koffer
2025-04-28 11:08:09,052 [INFO] core.config_processor - 处理工作表: 7.Lichtmast -> 模块: 7.Lichtmast
2025-04-28 11:08:09,066 [INFO] core.config_processor - 处理工作表: 8.Pumpenanlage -> 模块: 8.Pumpenanlage
2025-04-28 11:08:09,082 [INFO] core.config_processor - 处理工作表: 9.Seilwinde&Generator -> 模块: 9.Seilwinde&Generator
2025-04-28 11:08:09,096 [INFO] core.config_processor - 处理工作表: 10.Halterungen -> 模块: 10.Halterungen
2025-04-28 11:08:09,111 [INFO] gui.config_panel - 成功导入配置文件: C:/Users/mengy/Desktop/配置选项_Konfigurationsoptions.xlsm
2025-04-28 11:08:09,114 [INFO] gui.main_window_tk - 成功保存配置文件路径到app_config.json: C:/Users/mengy/Desktop/配置选项_Konfigurationsoptions.xlsm
2025-04-28 11:08:09,114 [INFO] gui.config_panel - 已保存配置文件路径到app_config.json: C:/Users/mengy/Desktop/配置选项_Konfigurationsoptions.xlsm
2025-04-28 11:08:10,273 [INFO] core.bom_processor - 开始导入BOM文件: C:/Users/mengy/Desktop/Bom.xlsx
2025-04-28 11:08:10,274 [INFO] core.bom_processor - 已清空现有数据
2025-04-28 11:08:10,274 [INFO] core.bom_processor - 正在读取Excel文件...
2025-04-28 11:08:10,278 [INFO] core.bom_processor - 成功打开Excel文件，包含以下工作表: ['Max-Gruppe']
2025-04-28 11:08:10,279 [INFO] core.bom_processor - 正在读取 Max-Gruppe 工作表...
2025-04-28 11:08:10,287 [INFO] core.bom_processor - 成功读取工作表，共 154 行数据
2025-04-28 11:08:10,288 [INFO] core.bom_processor - 所有必需列均存在，开始处理数据...
2025-04-28 11:08:10,289 [INFO] core.bom_processor - 过滤空层级后剩余 153 行数据
2025-04-28 11:08:10,290 [INFO] core.bom_processor - 
开始处理数据...
2025-04-28 11:08:10,293 [INFO] core.bom_processor - 
数据处理完成，成功处理 {processed_count} 行数据
2025-04-28 11:08:10,293 [INFO] core.bom_processor - 第 1 级节点数量: 1
2025-04-28 11:08:10,294 [INFO] core.bom_processor - 第 2 级节点数量: 133
2025-04-28 11:08:10,294 [INFO] core.bom_processor - 第 3 级节点数量: 19
2025-04-28 11:08:10,294 [INFO] core.bom_processor - BOM文件导入成功，共处理 153 个项目
2025-04-28 11:08:10,294 [INFO] gui.bom_panel - 成功导入BOM文件: C:/Users/mengy/Desktop/Bom.xlsx
2025-04-28 11:08:10,295 [INFO] gui.bom_panel - 开始刷新树状图
2025-04-28 11:08:10,296 [INFO] gui.bom_panel - 树状图刷新完成
2025-04-28 11:08:10,297 [INFO] gui.main_window_tk - 成功保存BOM文件路径到app_config.json: C:/Users/mengy/Desktop/Bom.xlsx
2025-04-28 11:08:10,297 [INFO] gui.bom_panel - 已保存BOM文件路径到app_config.json: C:/Users/mengy/Desktop/Bom.xlsx
2025-04-28 11:08:11,883 [INFO] core.logic_builder - 准备从临时文件加载规则: C:\Users\mengy\Desktop\ZK_LogicBom_Builder\data\temp_rules_latest.json
2025-04-28 11:08:11,883 [INFO] core.logic_builder - 开始导入规则文件: C:\Users\mengy\Desktop\ZK_LogicBom_Builder\data\temp_rules_latest.json
2025-04-28 11:08:11,884 [INFO] core.logic_builder - 已清空现有规则
2025-04-28 11:08:11,884 [DEBUG] core.logic_builder - 成功导入规则: ID=BL01, 类型=static
2025-04-28 11:08:11,885 [DEBUG] core.logic_builder - 成功导入规则: ID=BL02, 类型=static
2025-04-28 11:08:11,885 [DEBUG] core.logic_builder - 成功导入规则: ID=BL03, 类型=static
2025-04-28 11:08:11,885 [DEBUG] core.logic_builder - 成功导入规则: ID=BL04, 类型=static
2025-04-28 11:08:11,891 [INFO] core.logic_builder - 规则数据已保存到文件: C:\Users\mengy\Desktop\ZK_LogicBom_Builder\data\temp_rules_latest.json, 导出状态: False
2025-04-28 11:08:11,891 [INFO] core.logic_builder - 规则导入完成，成功导入 4 条规则
2025-04-28 11:08:11,891 [INFO] core.logic_builder - 从临时文件加载规则完成
2025-04-28 11:08:18,775 [INFO] gui.logic_library_window - 已加载 4 条 BOM 逻辑关系规则
