2025-05-15 11:20:35,014 [INFO] root - 程序启动，日志文件: C:\Users\mengy\Desktop\ZK_LogicBom_Builder\logs\log_20250515_112035.log
2025-05-15 11:20:35,235 [INFO] __main__ - 正在启动程序...
2025-05-15 11:20:35,235 [DEBUG] __main__ - Python版本: 3.13.2 (tags/v3.13.2:4f8bb39, Feb  4 2025, 15:23:48) [MSC v.1942 64 bit (AMD64)]
2025-05-15 11:20:35,235 [DEBUG] __main__ - 当前工作目录: C:\Users\mengy\Desktop\ZK_LogicBom_Builder
2025-05-15 11:20:35,235 [DEBUG] __main__ - src_dir路径: c:\Users\mengy\Desktop\ZK_LogicBom_Builder
2025-05-15 11:20:35,256 [INFO] __main__ - 正在创建语言选择对话框...
2025-05-15 11:20:36,066 [INFO] gui.language_dialog_tk - 已选择语言: zh
2025-05-15 11:20:36,094 [INFO] __main__ - 语言选择结果: zh
2025-05-15 11:20:36,095 [INFO] __main__ - 正在创建主题选择对话框...
2025-05-15 11:20:36,095 [DEBUG] gui.theme_dialog_tk - 创建主题选择对话框
2025-05-15 11:20:36,101 [DEBUG] gui.theme_dialog_tk - 主题选择对话框创建完成
2025-05-15 11:20:36,582 [DEBUG] gui.theme_dialog_tk - 用户选择了light主题
2025-05-15 11:20:36,618 [INFO] __main__ - 主题选择结果: light
2025-05-15 11:20:36,627 [INFO] __main__ - 正在配置主窗口...
2025-05-15 11:20:36,741 [INFO] __main__ - 开始创建MainWindow实例...
2025-05-15 11:20:36,742 [INFO] core.logic_builder - 从 C:\Users\mengy\Desktop\ZK_LogicBom_Builder\data\temp_rules_latest.json 加载时检测到新版大写键名规则文件格式 (BL_rules/TL_rules)。
2025-05-15 11:20:36,742 [INFO] core.logic_builder - 已加载 0 条规则从 C:\Users\mengy\Desktop\ZK_LogicBom_Builder\data\temp_rules_latest.json
2025-05-15 11:20:36,789 [INFO] gui.logic_panel - LogicPanel: 主窗口引用无效、rules_loaded属性不存在或规则未加载，跳过加载到树。
2025-05-15 11:20:36,796 [INFO] __main__ - MainWindow实例创建完成
2025-05-15 11:20:37,024 [INFO] __main__ - 开始mainloop()...
2025-05-15 11:20:38,490 [INFO] core.config_processor - 找到工作表: ['1.Kabine']
2025-05-15 11:20:38,490 [INFO] core.config_processor - 处理工作表: 1.Kabine -> 模块: 1.Kabine
2025-05-15 11:20:38,512 [INFO] gui.config_panel - 成功导入配置文件: C:/Users/mengy/OneDrive/Kabine_Test_Dokument/Kabine_Mekrmal(Test).xlsx
2025-05-15 11:20:38,514 [INFO] gui.main_window_tk - 成功保存配置文件路径到app_config.json: C:/Users/mengy/OneDrive/Kabine_Test_Dokument/Kabine_Mekrmal(Test).xlsx
2025-05-15 11:20:38,515 [INFO] gui.config_panel - 已保存配置文件路径到app_config.json: C:/Users/mengy/OneDrive/Kabine_Test_Dokument/Kabine_Mekrmal(Test).xlsx
2025-05-15 11:20:39,545 [INFO] core.bom_processor - 开始导入BOM文件: C:/Users/mengy/OneDrive/Kabine_Test_Dokument/Kabine_Bom-MaxGruppe.xlsx
2025-05-15 11:20:39,545 [INFO] core.bom_processor - 已清空现有数据
2025-05-15 11:20:39,546 [INFO] core.bom_processor - 正在读取Excel文件...
2025-05-15 11:20:39,552 [INFO] core.bom_processor - 成功打开Excel文件，包含以下工作表: ['Max-Gruppe']
2025-05-15 11:20:39,553 [INFO] core.bom_processor - 正在读取 Max-Gruppe 工作表...
2025-05-15 11:20:39,569 [INFO] core.bom_processor - 成功读取工作表，共 244 行数据
2025-05-15 11:20:39,569 [INFO] core.bom_processor - 所有必需列均存在，开始处理数据...
2025-05-15 11:20:39,570 [INFO] core.bom_processor - 过滤空层级后剩余 244 行数据
2025-05-15 11:20:39,571 [INFO] core.bom_processor - 
开始处理数据...
2025-05-15 11:20:39,576 [INFO] core.bom_processor - 
数据处理完成，成功处理 {processed_count} 行数据
2025-05-15 11:20:39,577 [INFO] core.bom_processor - 第 1 级节点数量: 244
2025-05-15 11:20:39,577 [INFO] core.bom_processor - BOM文件导入成功，共处理 244 个项目
2025-05-15 11:20:39,577 [INFO] gui.bom_panel - 成功导入BOM文件: C:/Users/mengy/OneDrive/Kabine_Test_Dokument/Kabine_Bom-MaxGruppe.xlsx
2025-05-15 11:20:39,577 [INFO] gui.bom_panel - 开始刷新树状图
2025-05-15 11:20:39,578 [INFO] gui.bom_panel - 树状图刷新完成
2025-05-15 11:20:39,579 [INFO] gui.main_window_tk - 成功保存BOM文件路径到app_config.json: C:/Users/mengy/OneDrive/Kabine_Test_Dokument/Kabine_Bom-MaxGruppe.xlsx
2025-05-15 11:20:39,580 [INFO] gui.bom_panel - 已保存BOM文件路径到app_config.json: C:/Users/mengy/OneDrive/Kabine_Test_Dokument/Kabine_Bom-MaxGruppe.xlsx
2025-05-15 11:20:40,095 [INFO] core.logic_builder - 准备从临时文件加载规则: C:\Users\mengy\Desktop\ZK_LogicBom_Builder\data\temp_rules_latest.json
2025-05-15 11:20:40,096 [INFO] gui.logic_panel - LogicPanel: 收到规则变更 (非层级): imported, ID: None
2025-05-15 11:20:40,096 [DEBUG] gui.logic_panel - LogicPanel _on_rule_change: No rule object provided for ID: None
2025-05-15 11:20:40,096 [INFO] gui.logic_panel - LogicPanel: 主窗口引用无效、rules_loaded属性不存在或规则未加载，跳过加载到树。
2025-05-15 11:20:40,099 [INFO] core.logic_builder - 从临时文件 (C:\Users\mengy\Desktop\ZK_LogicBom_Builder\data\temp_rules_latest.json) 加载 0 条规则完成。导出状态: False
2025-05-15 11:20:40,099 [INFO] gui.main_window_tk - 未检测到需要提示加载的未导出规则。MainWindow.rules_loaded 设置为 False。
2025-05-15 11:20:40,099 [INFO] gui.logic_panel - LogicPanel: 主窗口引用无效、rules_loaded属性不存在或规则未加载，跳过加载到树。
2025-05-15 11:20:41,970 [DEBUG] gui.config_panel - ConfigPanel: 双击选中项 ID: I014
2025-05-15 11:20:41,970 [DEBUG] gui.config_panel - ConfigPanel: 选中项文本: K-200-000344 ohne Wertfach
2025-05-15 11:20:41,971 [DEBUG] gui.config_panel - ConfigPanel: 提取的代码: K-200-000344
2025-05-15 11:20:41,971 [INFO] gui.config_panel - ConfigPanel: 准备插入特征值: K-200-000344
2025-05-15 11:20:41,972 [DEBUG] gui.config_panel - ConfigPanel: 获取根窗口成功
2025-05-15 11:20:41,972 [DEBUG] gui.config_panel - ConfigPanel: 获取MainWindow实例成功
2025-05-15 11:20:41,972 [DEBUG] gui.config_panel - ConfigPanel: 找到逻辑面板
2025-05-15 11:20:41,972 [DEBUG] gui.logic_panel - LogicPanel: 开始插入代码: K-200-000344
2025-05-15 11:20:41,973 [INFO] gui.logic_panel - LogicPanel: 输入历史 - 类型: K_code, 内容: K-200-000344, 当前表达式: K-200-000344 
2025-05-15 11:20:41,973 [INFO] gui.config_panel - ConfigPanel: 成功发送代码到逻辑面板: K-200-000344
2025-05-15 11:20:42,754 [INFO] gui.logic_panel - LogicPanel: 输入历史 - 类型: operator, 内容: →, 当前表达式: K-200-000344  → 
2025-05-15 11:20:43,564 [DEBUG] gui.bom_panel - BomPanel: 选中项文本: 1118897
Rückwand Sandwich kpl.
Rucksack Sitzplatz 5,6 Z-Cab NG
2025-05-15 11:20:43,566 [DEBUG] gui.bom_panel - BomPanel: 提取到Baugruppe: 1118897
2025-05-15 11:20:43,567 [DEBUG] gui.bom_panel - BomPanel: 提取到占位符: PL-Rückwand
2025-05-15 11:20:43,567 [DEBUG] gui.bom_panel - BomPanel: 构建的BOM码: PL-Rückwand-1118897
2025-05-15 11:20:43,568 [DEBUG] gui.bom_panel - BomPanel: 获取根窗口成功
2025-05-15 11:20:43,569 [DEBUG] gui.bom_panel - BomPanel: 获取MainWindow实例成功
2025-05-15 11:20:43,570 [DEBUG] gui.bom_panel - BomPanel: 找到逻辑面板
2025-05-15 11:20:43,571 [DEBUG] gui.logic_panel - LogicPanel: 开始插入代码: PL-Rückwand-1118897
2025-05-15 11:20:43,572 [DEBUG] gui.logic_panel - 验证BOM码: PL-Rückwand-1118897
2025-05-15 11:20:43,573 [INFO] gui.logic_panel - LogicPanel: 输入历史 - 类型: BOM_code, 内容: PL-Rückwand-1118897, 当前表达式: K-200-000344  → PL-Rückwand-1118897 
2025-05-15 11:20:43,574 [INFO] gui.bom_panel - BomPanel: 成功发送代码到逻辑面板: PL-Rückwand-1118897
2025-05-15 11:20:43,574 [INFO] gui.bom_panel - BomPanel: 成功插入BOM码: PL-Rückwand-1118897
2025-05-15 11:20:44,457 [INFO] gui.logic_panel - 创建新的BOM逻辑规则ID: BL01
2025-05-15 11:20:44,457 [DEBUG] core.logic_builder - Generated condition part for rule BL01: 'ohne Wertfach'
2025-05-15 11:20:44,457 [DEBUG] core.logic_builder - Generated action part for rule BL01: 'PL-Rückwand-Rückwand Sandwich kpl.-Rucksack Sitzplatz 5,6 Z-Cab NG'
2025-05-15 11:20:44,458 [INFO] core.logic_builder - 已保存 1 条规则到临时文件 (C:\Users\mengy\Desktop\ZK_LogicBom_Builder\data\temp_rules_latest.json)
2025-05-15 11:20:44,459 [INFO] gui.logic_panel - LogicPanel: 收到规则变更 (非层级): added, ID: BL01
2025-05-15 11:20:44,459 [DEBUG] gui.logic_panel - LogicPanel _on_rule_change: Rule object provided. ID: BL01, Description: 'ohne Wertfach → PL-Rückwand-Rückwand Sandwich kpl.-Rucksack Sitzplatz 5,6 Z-Cab NG'
2025-05-15 11:20:44,459 [INFO] gui.logic_panel - LogicPanel: 已更新树中的规则 BL01 (非层级)
2025-05-15 11:20:44,463 [INFO] core.logic_builder - 已添加规则: BL01, Desc='ohne Wertfach → PL-Rückwand-Rü...'
2025-05-15 11:20:44,463 [INFO] gui.logic_panel - 成功保存规则: BL01, 条件: K-200-000344, 影响: PL-Rückwand-1118897, 状态: RuleStatus.ENABLED
2025-05-15 11:20:48,225 [DEBUG] core.logic_builder - Updating description for rule BL01. Old description: 'ohne Wertfach → PL-Rückwand-Rückwand Sandwich kpl.-Rucksack Sitzplatz 5,6 Z-Cab NG'
2025-05-15 11:20:48,225 [DEBUG] core.logic_builder - Generated condition part for rule BL01: 'ohne Wertfach'
2025-05-15 11:20:48,226 [DEBUG] core.logic_builder - Generated action part for rule BL01: 'PL-Rückwand-Rückwand Sandwich kpl.-Rucksack Sitzplatz 5,6 Z-Cab NG'
2025-05-15 11:20:48,226 [INFO] core.logic_builder - Description for rule BL01 is already up-to-date. No change made.
2025-05-15 11:20:54,075 [INFO] gui.logic_library_window - LogicLibrary: 已加载 1 条规则 (非层级)。
2025-05-15 11:20:54,075 [INFO] gui.logic_library_window - 筛选和搜索完成：显示 1/1 条规则 (非层级)
2025-05-15 11:22:45,251 [INFO] gui.logic_library_window - LogicLibrary: 已加载 1 条规则 (非层级)。
2025-05-15 11:22:45,252 [INFO] gui.logic_library_window - 筛选和搜索完成：显示 1/1 条规则 (非层级)
2025-05-15 11:22:49,440 [DEBUG] core.logic_builder - Updating description for rule BL01. Old description: 'ohne Wertfach → PL-Rückwand-Rückwand Sandwich kpl.-Rucksack Sitzplatz 5,6 Z-Cab NG'
2025-05-15 11:22:49,441 [DEBUG] core.logic_builder - Generated condition part for rule BL01: 'ohne Wertfach'
2025-05-15 11:22:49,441 [DEBUG] core.logic_builder - Generated action part for rule BL01: 'PL-Rückwand-Rückwand Sandwich kpl.-Rucksack Sitzplatz 5,6 Z-Cab NG'
2025-05-15 11:22:49,441 [INFO] core.logic_builder - Description for rule BL01 is already up-to-date. No change made.
2025-05-15 11:22:49,441 [INFO] gui.logic_library_window - LogicLibrary: 规则 BL01 编辑完成并通过LogicBuilder更新。
2025-05-15 11:22:54,821 [DEBUG] core.logic_builder - Updating description for rule BL01. Old description: 'ohne Wertfach → PL-Rückwand-Rückwand Sandwich kpl.-Rucksack Sitzplatz 5,6 Z-Cab NG'
2025-05-15 11:22:54,821 [DEBUG] core.logic_builder - Generated condition part for rule BL01: 'ohne Wertfach'
2025-05-15 11:22:54,822 [DEBUG] core.logic_builder - Generated action part for rule BL01: 'PL-Rückwand-Rückwand Sandwich kpl.-Rucksack Sitzplatz 5,6 Z-Cab NG'
2025-05-15 11:22:54,823 [INFO] core.logic_builder - Description for rule BL01 is already up-to-date. No change made.
2025-05-15 11:22:57,194 [DEBUG] core.logic_builder - Updating description for rule BL01. Old description: 'ohne Wertfach → PL-Rückwand-Rückwand Sandwich kpl.-Rucksack Sitzplatz 5,6 Z-Cab NG'
2025-05-15 11:22:57,195 [DEBUG] core.logic_builder - Generated condition part for rule BL01: 'ohne Wertfach'
2025-05-15 11:22:57,195 [DEBUG] core.logic_builder - Generated action part for rule BL01: 'PL-Rückwand-Rückwand Sandwich kpl.-Rucksack Sitzplatz 5,6 Z-Cab NG'
2025-05-15 11:22:57,195 [INFO] core.logic_builder - Description for rule BL01 is already up-to-date. No change made.
