2025-04-29 11:13:19,191 [INFO] root - 程序启动，日志文件: C:\Users\mengy\Desktop\ZK_LogicBom_Builder\logs\log_20250429_111319.log
2025-04-29 11:13:19,481 [INFO] __main__ - 正在启动程序...
2025-04-29 11:13:19,482 [DEBUG] __main__ - Python版本: 3.13.2 (tags/v3.13.2:4f8bb39, Feb  4 2025, 15:23:48) [MSC v.1942 64 bit (AMD64)]
2025-04-29 11:13:19,482 [DEBUG] __main__ - 当前工作目录: C:\Users\mengy\Desktop\ZK_LogicBom_Builder
2025-04-29 11:13:19,482 [DEBUG] __main__ - src_dir路径: c:\Users\mengy\Desktop\ZK_LogicBom_Builder
2025-04-29 11:13:19,508 [INFO] __main__ - 正在创建语言选择对话框...
2025-04-29 11:13:20,436 [INFO] gui.language_dialog_tk - 已选择语言: zh
2025-04-29 11:13:20,450 [INFO] __main__ - 语言选择结果: zh
2025-04-29 11:13:20,451 [INFO] __main__ - 正在创建主题选择对话框...
2025-04-29 11:13:20,451 [DEBUG] gui.theme_dialog_tk - 创建主题选择对话框
2025-04-29 11:13:20,459 [DEBUG] gui.theme_dialog_tk - 主题选择对话框创建完成
2025-04-29 11:13:21,147 [DEBUG] gui.theme_dialog_tk - 用户选择了light主题
2025-04-29 11:13:21,165 [INFO] __main__ - 主题选择结果: light
2025-04-29 11:13:21,179 [INFO] __main__ - 正在配置主窗口...
2025-04-29 11:13:21,321 [INFO] __main__ - 开始创建MainWindow实例...
2025-04-29 11:13:21,322 [INFO] core.logic_builder - 已加载 2 条规则
2025-04-29 11:13:21,385 [INFO] gui.logic_panel - 规则未加载状态，等待用户确认后再加载规则
2025-04-29 11:13:21,392 [INFO] __main__ - MainWindow实例创建完成
2025-04-29 11:13:21,664 [INFO] __main__ - 开始mainloop()...
2025-04-29 11:13:23,612 [INFO] core.config_processor - 找到工作表: ['1.Kabine']
2025-04-29 11:13:23,612 [INFO] core.config_processor - 处理工作表: 1.Kabine -> 模块: 1.Kabine
2025-04-29 11:13:23,634 [INFO] gui.config_panel - 成功导入配置文件: C:/Users/mengy/Desktop/Kabinemekrmal(Test).xlsx
2025-04-29 11:13:23,637 [INFO] gui.main_window_tk - 成功保存配置文件路径到app_config.json: C:/Users/mengy/Desktop/Kabinemekrmal(Test).xlsx
2025-04-29 11:13:23,637 [INFO] gui.config_panel - 已保存配置文件路径到app_config.json: C:/Users/mengy/Desktop/Kabinemekrmal(Test).xlsx
2025-04-29 11:13:24,736 [INFO] core.bom_processor - 开始导入BOM文件: C:/Users/mengy/Desktop/Bom.xlsx
2025-04-29 11:13:24,736 [INFO] core.bom_processor - 已清空现有数据
2025-04-29 11:13:24,736 [INFO] core.bom_processor - 正在读取Excel文件...
2025-04-29 11:13:24,742 [INFO] core.bom_processor - 成功打开Excel文件，包含以下工作表: ['Max-Gruppe']
2025-04-29 11:13:24,743 [INFO] core.bom_processor - 正在读取 Max-Gruppe 工作表...
2025-04-29 11:13:24,753 [INFO] core.bom_processor - 成功读取工作表，共 154 行数据
2025-04-29 11:13:24,753 [INFO] core.bom_processor - 所有必需列均存在，开始处理数据...
2025-04-29 11:13:24,754 [INFO] core.bom_processor - 过滤空层级后剩余 153 行数据
2025-04-29 11:13:24,755 [INFO] core.bom_processor - 
开始处理数据...
2025-04-29 11:13:24,759 [INFO] core.bom_processor - 
数据处理完成，成功处理 {processed_count} 行数据
2025-04-29 11:13:24,759 [INFO] core.bom_processor - 第 1 级节点数量: 1
2025-04-29 11:13:24,759 [INFO] core.bom_processor - 第 2 级节点数量: 133
2025-04-29 11:13:24,759 [INFO] core.bom_processor - 第 3 级节点数量: 19
2025-04-29 11:13:24,760 [INFO] core.bom_processor - BOM文件导入成功，共处理 153 个项目
2025-04-29 11:13:24,760 [INFO] gui.bom_panel - 成功导入BOM文件: C:/Users/mengy/Desktop/Bom.xlsx
2025-04-29 11:13:24,760 [INFO] gui.bom_panel - 开始刷新树状图
2025-04-29 11:13:24,761 [INFO] gui.bom_panel - 树状图刷新完成
2025-04-29 11:13:24,762 [INFO] gui.main_window_tk - 成功保存BOM文件路径到app_config.json: C:/Users/mengy/Desktop/Bom.xlsx
2025-04-29 11:13:24,762 [INFO] gui.bom_panel - 已保存BOM文件路径到app_config.json: C:/Users/mengy/Desktop/Bom.xlsx
2025-04-29 11:13:27,526 [INFO] gui.logic_library_window - 已加载 2 条 BOM 逻辑关系规则
2025-04-29 11:13:35,725 [DEBUG] gui.config_panel - ConfigPanel: 双击选中项 ID: I011
2025-04-29 11:13:35,725 [DEBUG] gui.config_panel - ConfigPanel: 选中项文本: K-200-000300 Ziegler Standardsitze
2025-04-29 11:13:35,725 [DEBUG] gui.config_panel - ConfigPanel: 提取的代码: K-200-000300
2025-04-29 11:13:35,726 [INFO] gui.config_panel - ConfigPanel: 准备插入特征值: K-200-000300
2025-04-29 11:13:35,726 [DEBUG] gui.config_panel - ConfigPanel: 获取根窗口成功
2025-04-29 11:13:35,726 [DEBUG] gui.config_panel - ConfigPanel: 获取MainWindow实例成功
2025-04-29 11:13:35,726 [DEBUG] gui.config_panel - ConfigPanel: 找到逻辑面板
2025-04-29 11:13:35,726 [DEBUG] gui.logic_panel - LogicPanel: 开始插入代码: K-200-000300
2025-04-29 11:13:35,726 [INFO] gui.logic_panel - LogicPanel: 输入历史 - 类型: K_code, 内容: K-200-000300, 当前表达式: K-200-000300 
2025-04-29 11:13:35,727 [INFO] gui.config_panel - ConfigPanel: 成功发送代码到逻辑面板: K-200-000300
2025-04-29 11:13:37,779 [INFO] gui.logic_panel - LogicPanel: 输入历史 - 类型: operator, 内容: →, 当前表达式: K-200-000300  → 
2025-04-29 11:13:38,237 [DEBUG] gui.bom_panel - BomPanel: 双击选中项 ID: I037
2025-04-29 11:13:38,237 [DEBUG] gui.bom_panel - BomPanel: 选中项文本: [2] PL-Sitze03
2025-04-29 11:13:39,253 [DEBUG] gui.bom_panel - BomPanel: 双击选中项 ID: I049
2025-04-29 11:13:39,253 [DEBUG] gui.bom_panel - BomPanel: 选中项文本: [2] PL-Sitze04
2025-04-29 11:13:40,374 [DEBUG] gui.bom_panel - BomPanel: 双击选中项 ID: I05C
2025-04-29 11:13:40,375 [DEBUG] gui.bom_panel - BomPanel: 选中项文本: 1161298 - Teilesatz Standardsitz / parts set type seat
Z-Cab NG / Z-Cab NG
2025-04-29 11:13:40,376 [DEBUG] gui.bom_panel - BomPanel: 提取到Baugruppe: 1161298
2025-04-29 11:13:40,376 [DEBUG] gui.bom_panel - BomPanel: 提取到占位符: PL-Sitze05
2025-04-29 11:13:40,376 [DEBUG] gui.bom_panel - BomPanel: 构建的BOM码: PL-Sitze05-1161298
2025-04-29 11:13:40,377 [DEBUG] gui.bom_panel - BomPanel: 获取根窗口成功
2025-04-29 11:13:40,377 [DEBUG] gui.bom_panel - BomPanel: 获取MainWindow实例成功
2025-04-29 11:13:40,378 [DEBUG] gui.bom_panel - BomPanel: 找到逻辑面板
2025-04-29 11:13:40,378 [DEBUG] gui.logic_panel - LogicPanel: 开始插入代码: PL-Sitze05-1161298
2025-04-29 11:13:40,379 [DEBUG] gui.logic_panel - 验证BOM码: PL-Sitze05-1161298
2025-04-29 11:13:40,381 [INFO] gui.logic_panel - LogicPanel: 输入历史 - 类型: BOM_code, 内容: PL-Sitze05-1161298, 当前表达式: K-200-000300  → PL-Sitze05-1161298 
2025-04-29 11:13:40,382 [INFO] gui.bom_panel - BomPanel: 成功发送代码到逻辑面板: PL-Sitze05-1161298
2025-04-29 11:13:40,382 [INFO] gui.bom_panel - BomPanel: 成功插入BOM码: PL-Sitze05-1161298
2025-04-29 11:13:41,002 [DEBUG] core.logic_builder - 规则数据已保存到临时文件
2025-04-29 11:13:41,003 [INFO] gui.logic_panel - 收到规则变更事件: type=added, rule_id=BL01
2025-04-29 11:13:41,003 [INFO] gui.logic_panel - 已添加新规则: BL01
2025-04-29 11:13:41,003 [ERROR] gui.logic_panel - 保存规则时出错: Item BL01 already exists
Traceback (most recent call last):
  File "c:\Users\mengy\Desktop\ZK_LogicBom_Builder\gui\logic_panel.py", line 715, in _save_rule
    self.tree.insert(
    ~~~~~~~~~~~~~~~~^
        "",
        ^^^
    ...<2 lines>...
        values=(rule_id, condition, f"→ {effect}", status_text)
        ^^^^^^^^^^^^^^^^^^^^^^^^^^^^^^^^^^^^^^^^^^^^^^^^^^^^^^^
    )
    ^
  File "D:\Python\Lib\tkinter\ttk.py", line 1346, in insert
    res = self.tk.call(self._w, "insert", parent, index,
        "-id", iid, *opts)
_tkinter.TclError: Item BL01 already exists
