2025-05-05 14:49:50,693 [INFO] root - 程序启动，日志文件: C:\Users\mengy\Desktop\ZK_LogicBom_Builder\logs\log_20250505_144950.log
2025-05-05 14:49:50,932 [INFO] __main__ - 正在启动程序...
2025-05-05 14:49:50,933 [DEBUG] __main__ - Python版本: 3.13.2 (tags/v3.13.2:4f8bb39, Feb  4 2025, 15:23:48) [MSC v.1942 64 bit (AMD64)]
2025-05-05 14:49:50,933 [DEBUG] __main__ - 当前工作目录: C:\Users\mengy\Desktop\ZK_LogicBom_Builder
2025-05-05 14:49:50,933 [DEBUG] __main__ - src_dir路径: c:\Users\mengy\Desktop\ZK_LogicBom_Builder
2025-05-05 14:49:50,953 [INFO] __main__ - 正在创建语言选择对话框...
2025-05-05 14:49:52,231 [INFO] gui.language_dialog_tk - 已选择语言: zh
2025-05-05 14:49:52,255 [INFO] __main__ - 语言选择结果: zh
2025-05-05 14:49:52,255 [INFO] __main__ - 正在创建主题选择对话框...
2025-05-05 14:49:52,255 [DEBUG] gui.theme_dialog_tk - 创建主题选择对话框
2025-05-05 14:49:52,260 [DEBUG] gui.theme_dialog_tk - 主题选择对话框创建完成
2025-05-05 14:49:52,818 [DEBUG] gui.theme_dialog_tk - 用户选择了light主题
2025-05-05 14:49:52,837 [INFO] __main__ - 主题选择结果: light
2025-05-05 14:49:52,840 [INFO] __main__ - 正在配置主窗口...
2025-05-05 14:49:52,922 [INFO] __main__ - 开始创建MainWindow实例...
2025-05-05 14:49:52,923 [INFO] core.logic_builder - 已加载 5 条规则
2025-05-05 14:49:52,965 [INFO] gui.logic_panel - 规则未加载状态，等待用户确认后再加载规则
2025-05-05 14:49:52,972 [INFO] __main__ - MainWindow实例创建完成
2025-05-05 14:49:53,132 [INFO] __main__ - 开始mainloop()...
2025-05-05 14:49:54,857 [INFO] core.config_processor - 找到工作表: ['1.Kabine']
2025-05-05 14:49:54,858 [INFO] core.config_processor - 处理工作表: 1.Kabine -> 模块: 1.Kabine
2025-05-05 14:49:54,880 [INFO] gui.config_panel - 成功导入配置文件: C:/Users/mengy/Desktop/Kabinemekrmal(Test).xlsx
2025-05-05 14:49:54,882 [INFO] gui.main_window_tk - 成功保存配置文件路径到app_config.json: C:/Users/mengy/Desktop/Kabinemekrmal(Test).xlsx
2025-05-05 14:49:54,883 [INFO] gui.config_panel - 已保存配置文件路径到app_config.json: C:/Users/mengy/Desktop/Kabinemekrmal(Test).xlsx
2025-05-05 14:49:55,990 [INFO] core.bom_processor - 开始导入BOM文件: C:/Users/mengy/Desktop/Bom.xlsx
2025-05-05 14:49:55,990 [INFO] core.bom_processor - 已清空现有数据
2025-05-05 14:49:55,991 [INFO] core.bom_processor - 正在读取Excel文件...
2025-05-05 14:49:55,994 [INFO] core.bom_processor - 成功打开Excel文件，包含以下工作表: ['Max-Gruppe']
2025-05-05 14:49:55,995 [INFO] core.bom_processor - 正在读取 Max-Gruppe 工作表...
2025-05-05 14:49:56,004 [INFO] core.bom_processor - 成功读取工作表，共 154 行数据
2025-05-05 14:49:56,004 [INFO] core.bom_processor - 所有必需列均存在，开始处理数据...
2025-05-05 14:49:56,005 [INFO] core.bom_processor - 过滤空层级后剩余 153 行数据
2025-05-05 14:49:56,006 [INFO] core.bom_processor - 
开始处理数据...
2025-05-05 14:49:56,009 [INFO] core.bom_processor - 
数据处理完成，成功处理 {processed_count} 行数据
2025-05-05 14:49:56,009 [INFO] core.bom_processor - 第 1 级节点数量: 1
2025-05-05 14:49:56,010 [INFO] core.bom_processor - 第 2 级节点数量: 133
2025-05-05 14:49:56,010 [INFO] core.bom_processor - 第 3 级节点数量: 19
2025-05-05 14:49:56,010 [INFO] core.bom_processor - BOM文件导入成功，共处理 153 个项目
2025-05-05 14:49:56,010 [INFO] gui.bom_panel - 成功导入BOM文件: C:/Users/mengy/Desktop/Bom.xlsx
2025-05-05 14:49:56,011 [INFO] gui.bom_panel - 开始刷新树状图
2025-05-05 14:49:56,012 [INFO] gui.bom_panel - 树状图刷新完成
2025-05-05 14:49:56,013 [INFO] gui.main_window_tk - 成功保存BOM文件路径到app_config.json: C:/Users/mengy/Desktop/Bom.xlsx
2025-05-05 14:49:56,013 [INFO] gui.bom_panel - 已保存BOM文件路径到app_config.json: C:/Users/mengy/Desktop/Bom.xlsx
2025-05-05 14:49:58,269 [INFO] core.logic_builder - 规则数据已成功清空
2025-05-05 14:49:58,269 [INFO] gui.logic_panel - 收到规则变更事件: type=cleared, rule_id=None
2025-05-05 14:49:58,270 [INFO] gui.logic_panel - 已清空所有规则，重置规则已加载标志
2025-05-05 14:49:58,270 [INFO] gui.main_window_tk - 用户取消加载规则，设置规则已加载标志为False
2025-05-05 14:50:03,052 [DEBUG] gui.bom_panel - BomPanel: 选中项文本: [2] PL-GrundKabine
2025-05-05 14:50:03,791 [DEBUG] gui.bom_panel - BomPanel: 选中项文本: [2] PL-Sitze01
2025-05-05 14:50:06,078 [DEBUG] gui.bom_panel - BomPanel: 选中项文本: [3] PL-Beleuchtungseinheit
2025-05-05 14:50:10,840 [DEBUG] gui.bom_panel - BomPanel: 选中项文本: 0000000010017913NK
Modulkabine S301000 / S302000
Modulkabine S301000 / S302000
2025-05-05 14:50:10,841 [DEBUG] gui.bom_panel - BomPanel: 提取到Baugruppe: 0000000010017913NK
2025-05-05 14:50:10,841 [DEBUG] gui.bom_panel - BomPanel: 提取到占位符: PL-Kabine
2025-05-05 14:50:10,842 [DEBUG] gui.bom_panel - BomPanel: 构建的BOM码: PL-Kabine-0000000010017913NK
2025-05-05 14:50:10,843 [DEBUG] gui.bom_panel - BomPanel: 获取根窗口成功
2025-05-05 14:50:10,844 [DEBUG] gui.bom_panel - BomPanel: 获取MainWindow实例成功
2025-05-05 14:50:10,844 [DEBUG] gui.bom_panel - BomPanel: 找到逻辑面板
2025-05-05 14:50:10,845 [DEBUG] gui.logic_panel - LogicPanel: 开始插入代码: PL-Kabine-0000000010017913NK
2025-05-05 14:50:11,957 [INFO] gui.bom_panel - BomPanel: 成功发送代码到逻辑面板: PL-Kabine-0000000010017913NK
2025-05-05 14:50:11,957 [INFO] gui.bom_panel - BomPanel: 成功插入BOM码: PL-Kabine-0000000010017913NK
2025-05-05 14:50:40,882 [DEBUG] gui.bom_panel - BomPanel: 选中项文本: 0000000010017913NK
Modulkabine S301000 / S302000
Modulkabine S301000 / S302000
2025-05-05 14:50:40,883 [DEBUG] gui.bom_panel - BomPanel: 提取到Baugruppe: 0000000010017913NK
2025-05-05 14:50:40,883 [DEBUG] gui.bom_panel - BomPanel: 提取到占位符: PL-Kabine
2025-05-05 14:50:40,884 [DEBUG] gui.bom_panel - BomPanel: 构建的BOM码: PL-Kabine-0000000010017913NK
2025-05-05 14:50:40,884 [DEBUG] gui.bom_panel - BomPanel: 获取根窗口成功
2025-05-05 14:50:40,884 [DEBUG] gui.bom_panel - BomPanel: 获取MainWindow实例成功
2025-05-05 14:50:40,885 [DEBUG] gui.bom_panel - BomPanel: 找到逻辑面板
2025-05-05 14:50:40,885 [DEBUG] gui.logic_panel - LogicPanel: 开始插入代码: PL-Kabine-0000000010017913NK
2025-05-05 14:50:41,887 [INFO] gui.bom_panel - BomPanel: 成功发送代码到逻辑面板: PL-Kabine-0000000010017913NK
2025-05-05 14:50:41,888 [INFO] gui.bom_panel - BomPanel: 成功插入BOM码: PL-Kabine-0000000010017913NK
2025-05-05 14:50:56,344 [DEBUG] gui.bom_panel - BomPanel: 选中项文本: [2] PL-GrundKabine
2025-05-05 14:50:57,550 [DEBUG] gui.bom_panel - BomPanel: 选中项文本: [2] PL-GrundKabine
