2025-04-29 13:39:27,586 [INFO] root - 程序启动，日志文件: C:\Users\mengy\Desktop\ZK_LogicBom_Builder\logs\log_20250429_133927.log
2025-04-29 13:39:27,822 [INFO] __main__ - 正在启动程序...
2025-04-29 13:39:27,822 [DEBUG] __main__ - Python版本: 3.13.2 (tags/v3.13.2:4f8bb39, Feb  4 2025, 15:23:48) [MSC v.1942 64 bit (AMD64)]
2025-04-29 13:39:27,822 [DEBUG] __main__ - 当前工作目录: C:\Users\mengy\Desktop\ZK_LogicBom_Builder
2025-04-29 13:39:27,823 [DEBUG] __main__ - src_dir路径: c:\Users\mengy\Desktop\ZK_LogicBom_Builder
2025-04-29 13:39:27,896 [INFO] __main__ - 正在创建语言选择对话框...
2025-04-29 13:39:29,253 [INFO] gui.language_dialog_tk - 已选择语言: zh
2025-04-29 13:39:29,269 [INFO] __main__ - 语言选择结果: zh
2025-04-29 13:39:29,269 [INFO] __main__ - 正在创建主题选择对话框...
2025-04-29 13:39:29,269 [DEBUG] gui.theme_dialog_tk - 创建主题选择对话框
2025-04-29 13:39:29,274 [DEBUG] gui.theme_dialog_tk - 主题选择对话框创建完成
2025-04-29 13:39:30,176 [DEBUG] gui.theme_dialog_tk - 用户选择了light主题
2025-04-29 13:39:30,192 [INFO] __main__ - 主题选择结果: light
2025-04-29 13:39:30,202 [INFO] __main__ - 正在配置主窗口...
2025-04-29 13:39:30,348 [INFO] __main__ - 开始创建MainWindow实例...
2025-04-29 13:39:30,349 [INFO] core.logic_builder - 已加载 3 条规则
2025-04-29 13:39:30,408 [INFO] gui.logic_panel - 规则未加载状态，等待用户确认后再加载规则
2025-04-29 13:39:30,425 [INFO] __main__ - MainWindow实例创建完成
2025-04-29 13:39:30,723 [INFO] __main__ - 开始mainloop()...
2025-04-29 13:39:32,167 [INFO] core.config_processor - 找到工作表: ['1.Kabine']
2025-04-29 13:39:32,167 [INFO] core.config_processor - 处理工作表: 1.Kabine -> 模块: 1.Kabine
2025-04-29 13:39:32,189 [INFO] gui.config_panel - 成功导入配置文件: C:/Users/mengy/Desktop/Kabinemekrmal(Test).xlsx
2025-04-29 13:39:32,192 [INFO] gui.main_window_tk - 成功保存配置文件路径到app_config.json: C:/Users/mengy/Desktop/Kabinemekrmal(Test).xlsx
2025-04-29 13:39:32,192 [INFO] gui.config_panel - 已保存配置文件路径到app_config.json: C:/Users/mengy/Desktop/Kabinemekrmal(Test).xlsx
2025-04-29 13:39:33,340 [INFO] core.bom_processor - 开始导入BOM文件: C:/Users/mengy/Desktop/Bom.xlsx
2025-04-29 13:39:33,341 [INFO] core.bom_processor - 已清空现有数据
2025-04-29 13:39:33,341 [INFO] core.bom_processor - 正在读取Excel文件...
2025-04-29 13:39:33,346 [INFO] core.bom_processor - 成功打开Excel文件，包含以下工作表: ['Max-Gruppe']
2025-04-29 13:39:33,347 [INFO] core.bom_processor - 正在读取 Max-Gruppe 工作表...
2025-04-29 13:39:33,359 [INFO] core.bom_processor - 成功读取工作表，共 154 行数据
2025-04-29 13:39:33,360 [INFO] core.bom_processor - 所有必需列均存在，开始处理数据...
2025-04-29 13:39:33,361 [INFO] core.bom_processor - 过滤空层级后剩余 153 行数据
2025-04-29 13:39:33,362 [INFO] core.bom_processor - 
开始处理数据...
2025-04-29 13:39:33,365 [INFO] core.bom_processor - 
数据处理完成，成功处理 {processed_count} 行数据
2025-04-29 13:39:33,365 [INFO] core.bom_processor - 第 1 级节点数量: 1
2025-04-29 13:39:33,365 [INFO] core.bom_processor - 第 2 级节点数量: 133
2025-04-29 13:39:33,365 [INFO] core.bom_processor - 第 3 级节点数量: 19
2025-04-29 13:39:33,366 [INFO] core.bom_processor - BOM文件导入成功，共处理 153 个项目
2025-04-29 13:39:33,366 [INFO] gui.bom_panel - 成功导入BOM文件: C:/Users/mengy/Desktop/Bom.xlsx
2025-04-29 13:39:33,366 [INFO] gui.bom_panel - 开始刷新树状图
2025-04-29 13:39:33,367 [INFO] gui.bom_panel - 树状图刷新完成
2025-04-29 13:39:33,367 [INFO] gui.main_window_tk - 成功保存BOM文件路径到app_config.json: C:/Users/mengy/Desktop/Bom.xlsx
2025-04-29 13:39:33,367 [INFO] gui.bom_panel - 已保存BOM文件路径到app_config.json: C:/Users/mengy/Desktop/Bom.xlsx
2025-04-29 13:39:35,449 [INFO] core.logic_builder - 规则数据已成功清空
2025-04-29 13:39:35,450 [INFO] gui.logic_panel - 收到规则变更事件: type=cleared, rule_id=None
2025-04-29 13:39:35,450 [INFO] gui.logic_panel - 已清空所有规则，重置规则已加载标志
2025-04-29 13:39:35,450 [INFO] gui.main_window_tk - 用户取消加载规则，设置规则已加载标志为False
2025-04-29 13:40:24,821 [INFO] core.logic_builder - 准备从临时文件加载规则: C:\Users\mengy\Desktop\ZK_LogicBom_Builder\data\temp_rules_latest.json
2025-04-29 13:40:24,829 [INFO] gui.logic_panel - 收到规则变更事件: type=imported, rule_id=None
2025-04-29 13:40:24,829 [INFO] core.logic_builder - 从临时文件加载规则完成
2025-04-29 13:40:24,829 [INFO] gui.logic_library_window - 已加载 0 条规则
2025-04-29 13:40:28,505 [DEBUG] gui.config_panel - ConfigPanel: 双击选中项 ID: I011
2025-04-29 13:40:28,505 [DEBUG] gui.config_panel - ConfigPanel: 选中项文本: K-200-000300 Ziegler Standardsitze
2025-04-29 13:40:28,506 [DEBUG] gui.config_panel - ConfigPanel: 提取的代码: K-200-000300
2025-04-29 13:40:28,506 [INFO] gui.config_panel - ConfigPanel: 准备插入特征值: K-200-000300
2025-04-29 13:40:28,506 [DEBUG] gui.config_panel - ConfigPanel: 获取根窗口成功
2025-04-29 13:40:28,506 [DEBUG] gui.config_panel - ConfigPanel: 获取MainWindow实例成功
2025-04-29 13:40:28,506 [DEBUG] gui.config_panel - ConfigPanel: 找到逻辑面板
2025-04-29 13:40:28,506 [DEBUG] gui.logic_panel - LogicPanel: 开始插入代码: K-200-000300
2025-04-29 13:40:28,507 [INFO] gui.logic_panel - LogicPanel: 输入历史 - 类型: K_code, 内容: K-200-000300, 当前表达式: K-200-000300 
2025-04-29 13:40:28,507 [INFO] gui.config_panel - ConfigPanel: 成功发送代码到逻辑面板: K-200-000300
2025-04-29 13:40:29,871 [INFO] gui.logic_panel - LogicPanel: 输入历史 - 类型: operator, 内容: →, 当前表达式: K-200-000300  → 
2025-04-29 13:40:31,946 [DEBUG] gui.bom_panel - BomPanel: 双击选中项 ID: I027
2025-04-29 13:40:31,947 [DEBUG] gui.bom_panel - BomPanel: 选中项文本: 1161296 - PA-Sitz Std. mechanisch / BA-seat mechanically
Z-Cab NG Einflaschengerät / Z-Cab NG single-bottle device
2025-04-29 13:40:31,947 [DEBUG] gui.bom_panel - BomPanel: 提取到Baugruppe: 1161296
2025-04-29 13:40:31,948 [DEBUG] gui.bom_panel - BomPanel: 提取到占位符: PL-Sitze02
2025-04-29 13:40:31,948 [DEBUG] gui.bom_panel - BomPanel: 构建的BOM码: PL-Sitze02-1161296
2025-04-29 13:40:31,949 [DEBUG] gui.bom_panel - BomPanel: 获取根窗口成功
2025-04-29 13:40:31,949 [DEBUG] gui.bom_panel - BomPanel: 获取MainWindow实例成功
2025-04-29 13:40:31,950 [DEBUG] gui.bom_panel - BomPanel: 找到逻辑面板
2025-04-29 13:40:31,950 [DEBUG] gui.logic_panel - LogicPanel: 开始插入代码: PL-Sitze02-1161296
2025-04-29 13:40:31,951 [DEBUG] gui.logic_panel - 验证BOM码: PL-Sitze02-1161296
2025-04-29 13:40:31,952 [INFO] gui.logic_panel - LogicPanel: 输入历史 - 类型: BOM_code, 内容: PL-Sitze02-1161296, 当前表达式: K-200-000300  → PL-Sitze02-1161296 
2025-04-29 13:40:31,953 [INFO] gui.bom_panel - BomPanel: 成功发送代码到逻辑面板: PL-Sitze02-1161296
2025-04-29 13:40:31,953 [INFO] gui.bom_panel - BomPanel: 成功插入BOM码: PL-Sitze02-1161296
2025-04-29 13:40:32,772 [DEBUG] core.logic_builder - 规则数据已保存到临时文件
2025-04-29 13:40:32,773 [INFO] gui.logic_panel - 收到规则变更事件: type=added, rule_id=BL01
2025-04-29 13:40:32,773 [INFO] gui.logic_panel - 已添加新规则: BL01
2025-04-29 13:40:52,681 [DEBUG] gui.config_panel - ConfigPanel: 双击选中项 ID: I017
2025-04-29 13:40:52,682 [DEBUG] gui.config_panel - ConfigPanel: 选中项文本: K-200-000008 S. 1 ohne Ausstattung Stauraum
2025-04-29 13:40:52,683 [DEBUG] gui.config_panel - ConfigPanel: 提取的代码: K-200-000008
2025-04-29 13:40:52,683 [INFO] gui.config_panel - ConfigPanel: 准备插入特征值: K-200-000008
2025-04-29 13:40:52,683 [DEBUG] gui.config_panel - ConfigPanel: 获取根窗口成功
2025-04-29 13:40:52,684 [DEBUG] gui.config_panel - ConfigPanel: 获取MainWindow实例成功
2025-04-29 13:40:52,684 [DEBUG] gui.config_panel - ConfigPanel: 找到逻辑面板
2025-04-29 13:40:52,685 [DEBUG] gui.logic_panel - LogicPanel: 开始插入代码: K-200-000008
2025-04-29 13:40:52,685 [INFO] gui.logic_panel - LogicPanel: 输入历史 - 类型: K_code, 内容: K-200-000008, 当前表达式: K-200-000008 
2025-04-29 13:40:52,686 [INFO] gui.config_panel - ConfigPanel: 成功发送代码到逻辑面板: K-200-000008
2025-04-29 13:40:55,348 [DEBUG] gui.bom_panel - BomPanel: 双击选中项 ID: I02C
2025-04-29 13:40:55,348 [DEBUG] gui.bom_panel - BomPanel: 选中项文本: 1161295 - PA-Sitz Std. elektrisch / BA-seat std. electric
Z-Cab NG Zweiflaschengerät / Z-Cab NG twin-bottle device
2025-04-29 13:40:55,349 [DEBUG] gui.bom_panel - BomPanel: 提取到Baugruppe: 1161295
2025-04-29 13:40:55,350 [DEBUG] gui.bom_panel - BomPanel: 提取到占位符: PL-Sitze02
2025-04-29 13:40:55,350 [DEBUG] gui.bom_panel - BomPanel: 构建的BOM码: PL-Sitze02-1161295
2025-04-29 13:40:55,351 [DEBUG] gui.bom_panel - BomPanel: 获取根窗口成功
2025-04-29 13:40:55,351 [DEBUG] gui.bom_panel - BomPanel: 获取MainWindow实例成功
2025-04-29 13:40:55,352 [DEBUG] gui.bom_panel - BomPanel: 找到逻辑面板
2025-04-29 13:40:55,352 [DEBUG] gui.logic_panel - LogicPanel: 开始插入代码: PL-Sitze02-1161295
2025-04-29 13:40:56,304 [INFO] gui.bom_panel - BomPanel: 成功发送代码到逻辑面板: PL-Sitze02-1161295
2025-04-29 13:40:56,304 [INFO] gui.bom_panel - BomPanel: 成功插入BOM码: PL-Sitze02-1161295
2025-04-29 13:40:57,377 [INFO] gui.logic_panel - LogicPanel: 输入历史 - 类型: operator, 内容: →, 当前表达式: K-200-000008  → 
2025-04-29 13:40:58,228 [DEBUG] gui.bom_panel - BomPanel: 双击选中项 ID: I02D
2025-04-29 13:40:58,229 [DEBUG] gui.bom_panel - BomPanel: 选中项文本: 1161309 - PA-Sitz f.Straffer li.kpl.el. / BA-seat f. tensioner le. cpl. el.
Z-Cab NG Einflaschengerät / Z-Cab NG single-bottle device
2025-04-29 13:40:58,229 [DEBUG] gui.bom_panel - BomPanel: 提取到Baugruppe: 1161309
2025-04-29 13:40:58,229 [DEBUG] gui.bom_panel - BomPanel: 提取到占位符: PL-Sitze02
2025-04-29 13:40:58,230 [DEBUG] gui.bom_panel - BomPanel: 构建的BOM码: PL-Sitze02-1161309
2025-04-29 13:40:58,231 [DEBUG] gui.bom_panel - BomPanel: 获取根窗口成功
2025-04-29 13:40:58,231 [DEBUG] gui.bom_panel - BomPanel: 获取MainWindow实例成功
2025-04-29 13:40:58,231 [DEBUG] gui.bom_panel - BomPanel: 找到逻辑面板
2025-04-29 13:40:58,231 [DEBUG] gui.logic_panel - LogicPanel: 开始插入代码: PL-Sitze02-1161309
2025-04-29 13:40:58,232 [DEBUG] gui.logic_panel - 验证BOM码: PL-Sitze02-1161309
2025-04-29 13:40:58,233 [INFO] gui.logic_panel - LogicPanel: 输入历史 - 类型: BOM_code, 内容: PL-Sitze02-1161309, 当前表达式: K-200-000008  → PL-Sitze02-1161309 
2025-04-29 13:40:58,233 [INFO] gui.bom_panel - BomPanel: 成功发送代码到逻辑面板: PL-Sitze02-1161309
2025-04-29 13:40:58,234 [INFO] gui.bom_panel - BomPanel: 成功插入BOM码: PL-Sitze02-1161309
2025-04-29 13:40:59,439 [DEBUG] core.logic_builder - 规则数据已保存到临时文件
2025-04-29 13:40:59,440 [INFO] gui.logic_panel - 收到规则变更事件: type=added, rule_id=BL02
2025-04-29 13:40:59,441 [INFO] gui.logic_panel - 已添加新规则: BL02
2025-04-29 13:41:03,031 [INFO] core.logic_builder - 准备从临时文件加载规则: C:\Users\mengy\Desktop\ZK_LogicBom_Builder\data\temp_rules_latest.json
2025-04-29 13:41:03,032 [INFO] gui.logic_panel - 收到规则变更事件: type=imported, rule_id=None
2025-04-29 13:41:03,033 [INFO] gui.logic_panel - 规则未加载状态，等待用户确认
2025-04-29 13:41:03,033 [INFO] core.logic_builder - 从临时文件加载规则完成
2025-04-29 13:41:03,034 [INFO] gui.logic_library_window - 已加载 2 条规则
2025-04-29 13:41:05,439 [DEBUG] core.logic_builder - 规则数据已保存到临时文件
2025-04-29 13:41:05,439 [INFO] gui.logic_library_window - 已保存标签到临时文件: BL01 -> 12
2025-04-29 13:41:05,440 [INFO] gui.logic_panel - 收到规则变更事件: type=modified, rule_id=BL01
2025-04-29 13:41:05,441 [INFO] gui.logic_panel - 已更新规则: BL01
2025-04-29 13:41:05,441 [INFO] gui.logic_library_window - 收到规则变更事件: type=modified, rule_id=BL01
2025-04-29 13:41:05,442 [INFO] gui.logic_library_window - 已更新规则: BL01
2025-04-29 13:41:14,841 [DEBUG] core.logic_builder - 规则数据已保存到临时文件
2025-04-29 13:41:14,841 [INFO] gui.logic_library_window - 已保存技术文档到临时文件: BL01 -> C:/Users/mengy/Desktop/1.docx
2025-04-29 13:41:14,842 [INFO] gui.logic_panel - 收到规则变更事件: type=modified, rule_id=BL01
2025-04-29 13:41:14,842 [INFO] gui.logic_panel - 已更新规则: BL01
2025-04-29 13:41:14,842 [INFO] gui.logic_library_window - 收到规则变更事件: type=modified, rule_id=BL01
2025-04-29 13:41:14,842 [INFO] gui.logic_library_window - 已更新规则: BL01
2025-04-29 13:41:21,669 [DEBUG] core.logic_builder - 规则数据已保存到临时文件
2025-04-29 13:41:21,669 [INFO] gui.logic_library_window - 已保存技术文档到临时文件: BL01 -> C:/Users/mengy/Desktop/2.docx
2025-04-29 13:41:21,670 [INFO] gui.logic_panel - 收到规则变更事件: type=modified, rule_id=BL01
2025-04-29 13:41:21,670 [INFO] gui.logic_panel - 已更新规则: BL01
2025-04-29 13:41:21,670 [INFO] gui.logic_library_window - 收到规则变更事件: type=modified, rule_id=BL01
2025-04-29 13:41:21,671 [INFO] gui.logic_library_window - 已更新规则: BL01
2025-04-29 13:41:28,038 [DEBUG] core.logic_builder - 规则数据已保存到临时文件
2025-04-29 13:41:28,039 [INFO] gui.logic_library_window - 已保存标签到临时文件: BL02 -> 底盘
2025-04-29 13:41:28,039 [INFO] gui.logic_panel - 收到规则变更事件: type=modified, rule_id=BL02
2025-04-29 13:41:28,040 [INFO] gui.logic_panel - 已更新规则: BL02
2025-04-29 13:41:28,040 [INFO] gui.logic_library_window - 收到规则变更事件: type=modified, rule_id=BL02
2025-04-29 13:41:28,041 [INFO] gui.logic_library_window - 已更新规则: BL02
