2025-04-23 14:04:14,423 [INFO] root - 程序启动，日志文件: C:\Users\mengy\Desktop\ZK_LogicBom_Builder\logs\log_20250423_140414.log
2025-04-23 14:04:14,672 [INFO] __main__ - 正在启动程序...
2025-04-23 14:04:14,672 [DEBUG] __main__ - Python版本: 3.13.2 (tags/v3.13.2:4f8bb39, Feb  4 2025, 15:23:48) [MSC v.1942 64 bit (AMD64)]
2025-04-23 14:04:14,672 [DEBUG] __main__ - 当前工作目录: C:\Users\mengy\Desktop\ZK_LogicBom_Builder
2025-04-23 14:04:14,672 [DEBUG] __main__ - src_dir路径: c:\Users\mengy\Desktop\ZK_LogicBom_Builder
2025-04-23 14:04:14,693 [INFO] __main__ - 正在创建语言选择对话框...
2025-04-23 14:04:16,137 [INFO] gui.language_dialog_tk - 已选择语言: zh
2025-04-23 14:04:16,161 [INFO] __main__ - 语言选择结果: zh
2025-04-23 14:04:16,161 [INFO] __main__ - 正在创建主题选择对话框...
2025-04-23 14:04:16,162 [DEBUG] gui.theme_dialog_tk - 创建主题选择对话框
2025-04-23 14:04:16,165 [DEBUG] gui.theme_dialog_tk - 主题选择对话框创建完成
2025-04-23 14:04:16,952 [DEBUG] gui.theme_dialog_tk - 用户选择了light主题
2025-04-23 14:04:16,980 [INFO] __main__ - 主题选择结果: light
2025-04-23 14:04:16,993 [INFO] __main__ - 正在配置主窗口...
2025-04-23 14:04:17,101 [INFO] __main__ - 开始创建MainWindow实例...
2025-04-23 14:04:17,102 [INFO] core.logic_builder - 已加载 2 条规则
2025-04-23 14:04:17,156 [INFO] __main__ - MainWindow实例创建完成
2025-04-23 14:04:17,429 [INFO] __main__ - 开始mainloop()...
2025-04-23 14:04:19,212 [INFO] core.config_processor - 找到工作表: ['TD', '0.模板&Vorlage', '1.Fahrgestell', '2.Fahrzeug allgemein', '3.Beschriftung&Kennzeichnung', '4. Anbauten&Fahrgestellarbeiten', '5. Fahrer_Mannschaftsraum', '6.Koffer', '7.Lichtmast', '8.Pumpenanlage', '9.Seilwinde&Generator', '10.Halterungen']
2025-04-23 14:04:19,213 [DEBUG] core.config_processor - 跳过工作表: TD
2025-04-23 14:04:19,213 [DEBUG] core.config_processor - 跳过工作表: 0.模板&Vorlage
2025-04-23 14:04:19,214 [INFO] core.config_processor - 处理工作表: 1.Fahrgestell -> 模块: 1.Fahrgestell
2025-04-23 14:04:19,231 [INFO] core.config_processor - 处理工作表: 2.Fahrzeug allgemein -> 模块: 2.Fahrzeug allgemein
2025-04-23 14:04:19,247 [INFO] core.config_processor - 处理工作表: 3.Beschriftung&Kennzeichnung -> 模块: 3.Beschriftung&Kennzeichnung
2025-04-23 14:04:19,264 [INFO] core.config_processor - 处理工作表: 4. Anbauten&Fahrgestellarbeiten -> 模块: 4.Anbauten&Fahrgestellarbeiten
2025-04-23 14:04:19,279 [INFO] core.config_processor - 处理工作表: 5. Fahrer_Mannschaftsraum -> 模块: 5.Fahrer_Mannschaftsraum
2025-04-23 14:04:19,300 [INFO] core.config_processor - 处理工作表: 6.Koffer -> 模块: 6.Koffer
2025-04-23 14:04:19,315 [INFO] core.config_processor - 处理工作表: 7.Lichtmast -> 模块: 7.Lichtmast
2025-04-23 14:04:19,330 [INFO] core.config_processor - 处理工作表: 8.Pumpenanlage -> 模块: 8.Pumpenanlage
2025-04-23 14:04:19,346 [INFO] core.config_processor - 处理工作表: 9.Seilwinde&Generator -> 模块: 9.Seilwinde&Generator
2025-04-23 14:04:19,360 [INFO] core.config_processor - 处理工作表: 10.Halterungen -> 模块: 10.Halterungen
2025-04-23 14:04:19,375 [INFO] gui.config_panel - 成功导入配置文件: C:/Users/mengy/Desktop/配置选项_Konfigurationsoptions.xlsm
2025-04-23 14:04:19,378 [INFO] gui.main_window_tk - 成功保存配置文件路径到app_config.json: C:/Users/mengy/Desktop/配置选项_Konfigurationsoptions.xlsm
2025-04-23 14:04:19,379 [INFO] gui.config_panel - 已保存配置文件路径到app_config.json: C:/Users/mengy/Desktop/配置选项_Konfigurationsoptions.xlsm
2025-04-23 14:04:20,916 [INFO] core.bom_processor - 开始导入BOM文件: C:/Users/mengy/Desktop/BOM映射表.xlsx
2025-04-23 14:04:20,921 [INFO] core.bom_processor - 找到工作表: ['MAX-gruppe', 'K码表', '配置', 'Sheet1']
2025-04-23 14:04:20,933 [INFO] core.bom_processor - BOM文件导入成功
2025-04-23 14:04:20,933 [INFO] gui.bom_panel - 成功导入BOM文件: C:/Users/mengy/Desktop/BOM映射表.xlsx
2025-04-23 14:04:20,935 [INFO] gui.main_window_tk - 成功保存BOM文件路径到app_config.json: C:/Users/mengy/Desktop/BOM映射表.xlsx
2025-04-23 14:04:20,935 [INFO] gui.bom_panel - 已保存BOM文件路径到app_config.json: C:/Users/mengy/Desktop/BOM映射表.xlsx
2025-04-23 14:04:24,919 [INFO] gui.logic_library_window - 已加载 2 条 BOM 逻辑关系规则
2025-04-23 14:04:36,332 [ERROR] gui.logic_rule_editor - 保存规则时出错: condition_error: 未知的K码: K03_02_01阿三大苏打设定
Traceback (most recent call last):
  File "c:\Users\mengy\Desktop\ZK_LogicBom_Builder\gui\logic_rule_editor.py", line 236, in _on_confirm
    raise ValueError(f"{language_manager.get_text('condition_error')}: {message}")
ValueError: condition_error: 未知的K码: K03_02_01阿三大苏打设定
2025-04-23 14:04:43,851 [INFO] gui.logic_library_window - 已编辑规则: BL01
