2025-05-05 15:41:24,179 [INFO] root - 程序启动，日志文件: C:\Users\mengy\Desktop\ZK_LogicBom_Builder\logs\log_20250505_154124.log
2025-05-05 15:41:24,417 [INFO] __main__ - 正在启动程序...
2025-05-05 15:41:24,418 [DEBUG] __main__ - Python版本: 3.13.2 (tags/v3.13.2:4f8bb39, Feb  4 2025, 15:23:48) [MSC v.1942 64 bit (AMD64)]
2025-05-05 15:41:24,418 [DEBUG] __main__ - 当前工作目录: C:\Users\mengy\Desktop\ZK_LogicBom_Builder
2025-05-05 15:41:24,418 [DEBUG] __main__ - src_dir路径: c:\Users\mengy\Desktop\ZK_LogicBom_Builder
2025-05-05 15:41:24,439 [INFO] __main__ - 正在创建语言选择对话框...
2025-05-05 15:41:25,665 [INFO] gui.language_dialog_tk - 已选择语言: zh
2025-05-05 15:41:25,680 [INFO] __main__ - 语言选择结果: zh
2025-05-05 15:41:25,680 [INFO] __main__ - 正在创建主题选择对话框...
2025-05-05 15:41:25,681 [DEBUG] gui.theme_dialog_tk - 创建主题选择对话框
2025-05-05 15:41:25,687 [DEBUG] gui.theme_dialog_tk - 主题选择对话框创建完成
2025-05-05 15:41:26,317 [DEBUG] gui.theme_dialog_tk - 用户选择了light主题
2025-05-05 15:41:26,340 [INFO] __main__ - 主题选择结果: light
2025-05-05 15:41:26,343 [INFO] __main__ - 正在配置主窗口...
2025-05-05 15:41:26,425 [INFO] __main__ - 开始创建MainWindow实例...
2025-05-05 15:41:26,426 [INFO] core.logic_builder - 已加载 3 条规则
2025-05-05 15:41:26,462 [INFO] gui.logic_panel - 规则未加载状态，等待用户确认后再加载规则
2025-05-05 15:41:26,466 [INFO] __main__ - MainWindow实例创建完成
2025-05-05 15:41:26,616 [INFO] __main__ - 开始mainloop()...
2025-05-05 15:41:28,931 [INFO] core.config_processor - 找到工作表: ['1.Kabine']
2025-05-05 15:41:28,931 [INFO] core.config_processor - 处理工作表: 1.Kabine -> 模块: 1.Kabine
2025-05-05 15:41:28,953 [INFO] gui.config_panel - 成功导入配置文件: C:/Users/mengy/Desktop/Kabinemekrmal(Test).xlsx
2025-05-05 15:41:28,955 [INFO] gui.main_window_tk - 成功保存配置文件路径到app_config.json: C:/Users/mengy/Desktop/Kabinemekrmal(Test).xlsx
2025-05-05 15:41:28,956 [INFO] gui.config_panel - 已保存配置文件路径到app_config.json: C:/Users/mengy/Desktop/Kabinemekrmal(Test).xlsx
2025-05-05 15:41:32,367 [INFO] core.bom_processor - 开始导入BOM文件: C:/Users/mengy/Desktop/Bom.xlsx
2025-05-05 15:41:32,368 [INFO] core.bom_processor - 已清空现有数据
2025-05-05 15:41:32,368 [INFO] core.bom_processor - 正在读取Excel文件...
2025-05-05 15:41:32,373 [INFO] core.bom_processor - 成功打开Excel文件，包含以下工作表: ['Max-Gruppe']
2025-05-05 15:41:32,374 [INFO] core.bom_processor - 正在读取 Max-Gruppe 工作表...
2025-05-05 15:41:32,387 [INFO] core.bom_processor - 成功读取工作表，共 154 行数据
2025-05-05 15:41:32,388 [INFO] core.bom_processor - 所有必需列均存在，开始处理数据...
2025-05-05 15:41:32,389 [INFO] core.bom_processor - 过滤空层级后剩余 153 行数据
2025-05-05 15:41:32,389 [INFO] core.bom_processor - 
开始处理数据...
2025-05-05 15:41:32,393 [INFO] core.bom_processor - 
数据处理完成，成功处理 {processed_count} 行数据
2025-05-05 15:41:32,393 [INFO] core.bom_processor - 第 1 级节点数量: 1
2025-05-05 15:41:32,393 [INFO] core.bom_processor - 第 2 级节点数量: 133
2025-05-05 15:41:32,393 [INFO] core.bom_processor - 第 3 级节点数量: 19
2025-05-05 15:41:32,394 [INFO] core.bom_processor - BOM文件导入成功，共处理 153 个项目
2025-05-05 15:41:32,394 [INFO] gui.bom_panel - 成功导入BOM文件: C:/Users/mengy/Desktop/Bom.xlsx
2025-05-05 15:41:32,394 [INFO] gui.bom_panel - 开始刷新树状图
2025-05-05 15:41:32,395 [INFO] gui.bom_panel - 树状图刷新完成
2025-05-05 15:41:32,396 [INFO] gui.main_window_tk - 成功保存BOM文件路径到app_config.json: C:/Users/mengy/Desktop/Bom.xlsx
2025-05-05 15:41:32,396 [INFO] gui.bom_panel - 已保存BOM文件路径到app_config.json: C:/Users/mengy/Desktop/Bom.xlsx
2025-05-05 15:41:33,887 [INFO] core.logic_builder - 规则数据已成功清空
2025-05-05 15:41:33,887 [INFO] gui.logic_panel - 收到规则变更事件: type=cleared, rule_id=None
2025-05-05 15:41:33,888 [INFO] gui.logic_panel - 已清空所有规则，重置规则已加载标志
2025-05-05 15:41:33,888 [INFO] gui.main_window_tk - 用户取消加载规则，设置规则已加载标志为False
2025-05-05 15:41:36,201 [DEBUG] gui.config_panel - ConfigPanel: 双击选中项 ID: I011
2025-05-05 15:41:36,202 [DEBUG] gui.config_panel - ConfigPanel: 选中项文本: K-200-000300 Ziegler Standardsitze
2025-05-05 15:41:36,203 [DEBUG] gui.config_panel - ConfigPanel: 提取的代码: K-200-000300
2025-05-05 15:41:36,204 [INFO] gui.config_panel - ConfigPanel: 准备插入特征值: K-200-000300
2025-05-05 15:41:36,205 [DEBUG] gui.config_panel - ConfigPanel: 获取根窗口成功
2025-05-05 15:41:36,206 [DEBUG] gui.config_panel - ConfigPanel: 获取MainWindow实例成功
2025-05-05 15:41:36,207 [DEBUG] gui.config_panel - ConfigPanel: 找到逻辑面板
2025-05-05 15:41:36,207 [DEBUG] gui.logic_panel - LogicPanel: 开始插入代码: K-200-000300
2025-05-05 15:41:36,208 [INFO] gui.logic_panel - LogicPanel: 输入历史 - 类型: K_code, 内容: K-200-000300, 当前表达式: K-200-000300 
2025-05-05 15:41:36,209 [INFO] gui.config_panel - ConfigPanel: 成功发送代码到逻辑面板: K-200-000300
2025-05-05 15:41:37,096 [INFO] gui.logic_panel - LogicPanel: 输入历史 - 类型: operator, 内容: →, 当前表达式: K-200-000300  → 
2025-05-05 15:41:39,201 [DEBUG] gui.bom_panel - BomPanel: 选中项文本: 10019232
Modulkabine Standard MAN Euro 6 18T
Modul cabin standard MAN Euro 6 18T
Z-Cab NG Alpas 3 RAL 3020
Z-Cab NG Alpas 3 RAL 3020
2025-05-05 15:41:39,202 [DEBUG] gui.bom_panel - BomPanel: 提取到Baugruppe: 10019232
2025-05-05 15:41:39,202 [DEBUG] gui.bom_panel - BomPanel: 提取到占位符: PL-GrundKabine
2025-05-05 15:41:39,203 [DEBUG] gui.bom_panel - BomPanel: 构建的BOM码: PL-GrundKabine-10019232
2025-05-05 15:41:39,203 [DEBUG] gui.bom_panel - BomPanel: 获取根窗口成功
2025-05-05 15:41:39,203 [DEBUG] gui.bom_panel - BomPanel: 获取MainWindow实例成功
2025-05-05 15:41:39,203 [DEBUG] gui.bom_panel - BomPanel: 找到逻辑面板
2025-05-05 15:41:39,204 [DEBUG] gui.logic_panel - LogicPanel: 开始插入代码: PL-GrundKabine-10019232
2025-05-05 15:41:39,205 [DEBUG] gui.logic_panel - 验证BOM码: PL-GrundKabine-10019232
2025-05-05 15:41:39,206 [INFO] gui.logic_panel - LogicPanel: 输入历史 - 类型: BOM_code, 内容: PL-GrundKabine-10019232, 当前表达式: K-200-000300  → PL-GrundKabine-10019232 
2025-05-05 15:41:39,206 [INFO] gui.bom_panel - BomPanel: 成功发送代码到逻辑面板: PL-GrundKabine-10019232
2025-05-05 15:41:39,207 [INFO] gui.bom_panel - BomPanel: 成功插入BOM码: PL-GrundKabine-10019232
2025-05-05 15:41:40,612 [INFO] gui.logic_panel - LogicPanel: 输入历史 - 类型: operator, 内容: AND, 当前表达式: K-200-000300  → PL-GrundKabine-10019232  AND 
2025-05-05 15:41:41,332 [DEBUG] gui.bom_panel - BomPanel: 选中项文本: 10019233
Modulkabine Standard MAN Euro 6 18T
Modul cabin standard MAN Euro 6 18T
Z-Cab NG Alpas 3 RAL 9010
Z-Cab NG Alpas 3 RAL 9010
2025-05-05 15:41:41,333 [DEBUG] gui.bom_panel - BomPanel: 提取到Baugruppe: 10019233
2025-05-05 15:41:41,334 [DEBUG] gui.bom_panel - BomPanel: 提取到占位符: PL-GrundKabine
2025-05-05 15:41:41,335 [DEBUG] gui.bom_panel - BomPanel: 构建的BOM码: PL-GrundKabine-10019233
2025-05-05 15:41:41,335 [DEBUG] gui.bom_panel - BomPanel: 获取根窗口成功
2025-05-05 15:41:41,336 [DEBUG] gui.bom_panel - BomPanel: 获取MainWindow实例成功
2025-05-05 15:41:41,336 [DEBUG] gui.bom_panel - BomPanel: 找到逻辑面板
2025-05-05 15:41:41,337 [DEBUG] gui.logic_panel - LogicPanel: 开始插入代码: PL-GrundKabine-10019233
2025-05-05 15:41:41,337 [DEBUG] gui.logic_panel - 验证BOM码: PL-GrundKabine-10019233
2025-05-05 15:41:41,338 [INFO] gui.logic_panel - LogicPanel: 输入历史 - 类型: BOM_code, 内容: PL-GrundKabine-10019233, 当前表达式: K-200-000300  → PL-GrundKabine-10019232  AND PL-GrundKabine-10019233 
2025-05-05 15:41:41,338 [INFO] gui.bom_panel - BomPanel: 成功发送代码到逻辑面板: PL-GrundKabine-10019233
2025-05-05 15:41:41,339 [INFO] gui.bom_panel - BomPanel: 成功插入BOM码: PL-GrundKabine-10019233
2025-05-05 15:41:42,933 [INFO] gui.logic_panel - 创建新的BOM逻辑规则ID: BL01
2025-05-05 15:41:42,934 [ERROR] gui.logic_panel - 保存规则时出错: 'dict' object has no attribute 'rule_id'
Traceback (most recent call last):
  File "c:\Users\mengy\Desktop\ZK_LogicBom_Builder\gui\logic_panel.py", line 810, in _save_rule
    self.logic_builder.add_rule(rule)
    ~~~~~~~~~~~~~~~~~~~~~~~~~~~^^^^^^
  File "c:\Users\mengy\Desktop\ZK_LogicBom_Builder\core\logic_builder.py", line 262, in add_rule
    self.rules[rule.rule_id] = rule
               ^^^^^^^^^^^^
AttributeError: 'dict' object has no attribute 'rule_id'
2025-05-05 15:41:42,939 [WARNING] utils.message_utils_tk - 格式化错误消息时出错: save_rule_error, 'error'
2025-05-05 15:41:52,671 [INFO] gui.logic_panel - LogicPanel: 输入历史 - 类型: delete, 内容: PL-GrundKabine-10019233, 当前表达式: K-200-000300 → PL-GrundKabine-10019232 AND  
2025-05-05 15:41:53,212 [INFO] gui.logic_panel - LogicPanel: 输入历史 - 类型: delete, 内容: AND, 当前表达式: K-200-000300 → PL-GrundKabine-10019232  
2025-05-05 15:41:54,101 [INFO] gui.logic_panel - 创建新的BOM逻辑规则ID: BL02
2025-05-05 15:41:54,101 [ERROR] gui.logic_panel - 保存规则时出错: 'dict' object has no attribute 'rule_id'
Traceback (most recent call last):
  File "c:\Users\mengy\Desktop\ZK_LogicBom_Builder\gui\logic_panel.py", line 810, in _save_rule
    self.logic_builder.add_rule(rule)
    ~~~~~~~~~~~~~~~~~~~~~~~~~~~^^^^^^
  File "c:\Users\mengy\Desktop\ZK_LogicBom_Builder\core\logic_builder.py", line 262, in add_rule
    self.rules[rule.rule_id] = rule
               ^^^^^^^^^^^^
AttributeError: 'dict' object has no attribute 'rule_id'
2025-05-05 15:41:54,103 [WARNING] utils.message_utils_tk - 格式化错误消息时出错: save_rule_error, 'error'
2025-05-05 15:41:57,313 [DEBUG] gui.config_panel - ConfigPanel: 双击选中项 ID: I011
2025-05-05 15:41:57,314 [DEBUG] gui.config_panel - ConfigPanel: 选中项文本: K-200-000300 Ziegler Standardsitze
2025-05-05 15:41:57,315 [DEBUG] gui.config_panel - ConfigPanel: 提取的代码: K-200-000300
2025-05-05 15:41:57,316 [INFO] gui.config_panel - ConfigPanel: 准备插入特征值: K-200-000300
2025-05-05 15:41:57,317 [DEBUG] gui.config_panel - ConfigPanel: 获取根窗口成功
2025-05-05 15:41:57,318 [DEBUG] gui.config_panel - ConfigPanel: 获取MainWindow实例成功
2025-05-05 15:41:57,319 [DEBUG] gui.config_panel - ConfigPanel: 找到逻辑面板
2025-05-05 15:41:57,319 [DEBUG] gui.logic_panel - LogicPanel: 开始插入代码: K-200-000300
2025-05-05 15:41:57,320 [INFO] gui.logic_panel - LogicPanel: 输入历史 - 类型: K_code, 内容: K-200-000300, 当前表达式: K-200-000300 
2025-05-05 15:41:57,321 [INFO] gui.config_panel - ConfigPanel: 成功发送代码到逻辑面板: K-200-000300
2025-05-05 15:41:58,108 [INFO] gui.logic_panel - LogicPanel: 输入历史 - 类型: operator, 内容: →, 当前表达式: K-200-000300  → 
2025-05-05 15:41:58,741 [DEBUG] gui.bom_panel - BomPanel: 选中项文本: 10019234
Modulkabine Standard MAN Euro 6 18T
Modul cabin standard MAN Euro 6 18T
Z-Cab NG Alpas 3 RAL XXXX
Z-Cab NG Alpas 3 RAL XXXX
2025-05-05 15:41:58,742 [DEBUG] gui.bom_panel - BomPanel: 提取到Baugruppe: 10019234
2025-05-05 15:41:58,743 [DEBUG] gui.bom_panel - BomPanel: 提取到占位符: PL-GrundKabine
2025-05-05 15:41:58,743 [DEBUG] gui.bom_panel - BomPanel: 构建的BOM码: PL-GrundKabine-10019234
2025-05-05 15:41:58,744 [DEBUG] gui.bom_panel - BomPanel: 获取根窗口成功
2025-05-05 15:41:58,745 [DEBUG] gui.bom_panel - BomPanel: 获取MainWindow实例成功
2025-05-05 15:41:58,746 [DEBUG] gui.bom_panel - BomPanel: 找到逻辑面板
2025-05-05 15:41:58,746 [DEBUG] gui.logic_panel - LogicPanel: 开始插入代码: PL-GrundKabine-10019234
2025-05-05 15:41:58,747 [DEBUG] gui.logic_panel - 验证BOM码: PL-GrundKabine-10019234
2025-05-05 15:41:58,748 [INFO] gui.logic_panel - LogicPanel: 输入历史 - 类型: BOM_code, 内容: PL-GrundKabine-10019234, 当前表达式: K-200-000300  → PL-GrundKabine-10019234 
2025-05-05 15:41:58,749 [INFO] gui.bom_panel - BomPanel: 成功发送代码到逻辑面板: PL-GrundKabine-10019234
2025-05-05 15:41:58,750 [INFO] gui.bom_panel - BomPanel: 成功插入BOM码: PL-GrundKabine-10019234
2025-05-05 15:41:59,474 [INFO] gui.logic_panel - 创建新的BOM逻辑规则ID: BL03
2025-05-05 15:41:59,475 [ERROR] gui.logic_panel - 保存规则时出错: 'dict' object has no attribute 'rule_id'
Traceback (most recent call last):
  File "c:\Users\mengy\Desktop\ZK_LogicBom_Builder\gui\logic_panel.py", line 810, in _save_rule
    self.logic_builder.add_rule(rule)
    ~~~~~~~~~~~~~~~~~~~~~~~~~~~^^^^^^
  File "c:\Users\mengy\Desktop\ZK_LogicBom_Builder\core\logic_builder.py", line 262, in add_rule
    self.rules[rule.rule_id] = rule
               ^^^^^^^^^^^^
AttributeError: 'dict' object has no attribute 'rule_id'
2025-05-05 15:41:59,477 [WARNING] utils.message_utils_tk - 格式化错误消息时出错: save_rule_error, 'error'
2025-05-05 15:42:39,111 [INFO] gui.logic_panel - 创建新的BOM逻辑规则ID: BL04
2025-05-05 15:42:39,111 [ERROR] gui.logic_panel - 保存规则时出错: 'dict' object has no attribute 'rule_id'
Traceback (most recent call last):
  File "c:\Users\mengy\Desktop\ZK_LogicBom_Builder\gui\logic_panel.py", line 810, in _save_rule
    self.logic_builder.add_rule(rule)
    ~~~~~~~~~~~~~~~~~~~~~~~~~~~^^^^^^
  File "c:\Users\mengy\Desktop\ZK_LogicBom_Builder\core\logic_builder.py", line 262, in add_rule
    self.rules[rule.rule_id] = rule
               ^^^^^^^^^^^^
AttributeError: 'dict' object has no attribute 'rule_id'
2025-05-05 15:42:39,112 [WARNING] utils.message_utils_tk - 格式化错误消息时出错: save_rule_error, 'error'
