2025-06-12 10:06:22,761 [INFO] root - 程序启动，日志文件: C:\Users\wsh12\OneDrive - Technische Hochschule Ulm\pytest\ZK_LogicBom_Builder\logs\log_20250612_100622.log
2025-06-12 10:06:23,329 [INFO] __main__ - 正在启动程序...
2025-06-12 10:06:23,331 [DEBUG] __main__ - Python版本: 3.12.10 (tags/v3.12.10:0cc8128, Apr  8 2025, 12:21:36) [MSC v.1943 64 bit (AMD64)]
2025-06-12 10:06:23,331 [DEBUG] __main__ - 当前工作目录: C:\Users\wsh12\OneDrive - Technische Hochschule Ulm\pytest\ZK_LogicBom_Builder
2025-06-12 10:06:23,331 [DEBUG] __main__ - src_dir路径: c:\Users\wsh12\OneDrive - Technische Hochschule Ulm\pytest\ZK_LogicBom_Builder
2025-06-12 10:06:23,418 [INFO] __main__ - 正在创建语言选择对话框...
2025-06-12 10:06:28,030 [INFO] gui.language_dialog_tk - 已选择语言: zh
2025-06-12 10:06:28,046 [INFO] __main__ - 语言选择结果: zh
2025-06-12 10:06:28,046 [INFO] __main__ - 正在创建主题选择对话框...
2025-06-12 10:06:28,046 [DEBUG] gui.theme_dialog_tk - 创建主题选择对话框
2025-06-12 10:06:28,092 [DEBUG] gui.theme_dialog_tk - 主题选择对话框创建完成
2025-06-12 10:06:28,991 [DEBUG] gui.theme_dialog_tk - 用户选择了light主题
2025-06-12 10:06:28,991 [INFO] __main__ - 主题选择结果: light
2025-06-12 10:06:29,006 [INFO] __main__ - 正在配置主窗口...
2025-06-12 10:06:29,158 [INFO] __main__ - 开始创建MainWindow实例...
2025-06-12 10:06:29,160 [INFO] core.logic_builder - 从 C:\Users\wsh12\OneDrive - Technische Hochschule Ulm\pytest\ZK_LogicBom_Builder\data\temp_rules_latest.json 加载时检测到新版大写键名规则文件格式 (BL_rules/TL_rules)。
2025-06-12 10:06:29,160 [INFO] core.logic_builder - 已加载 0 条规则从 C:\Users\wsh12\OneDrive - Technische Hochschule Ulm\pytest\ZK_LogicBom_Builder\data\temp_rules_latest.json
2025-06-12 10:06:29,523 [INFO] gui.logic_panel - LogicPanel: 主窗口引用无效、rules_loaded属性不存在或规则未加载，跳过加载到树。
2025-06-12 10:06:29,546 [INFO] __main__ - MainWindow实例创建完成
2025-06-12 10:06:29,856 [INFO] __main__ - 开始mainloop()...
2025-06-12 10:06:55,194 [INFO] core.config_processor - 找到工作表: ['1.Kabine']
2025-06-12 10:06:55,194 [INFO] core.config_processor - 处理工作表: 1.Kabine -> 模块: 1.Kabine
2025-06-12 10:06:55,411 [INFO] gui.config_panel - 成功导入配置文件: C:/Users/wsh12/OneDrive - Technische Hochschule Ulm/pytest/ZK_LogicBom_Builder/Kabinemekrmal(Test).xlsx
2025-06-12 10:06:55,414 [INFO] gui.main_window_tk - 成功保存配置文件路径到app_config.json: C:/Users/wsh12/OneDrive - Technische Hochschule Ulm/pytest/ZK_LogicBom_Builder/Kabinemekrmal(Test).xlsx
2025-06-12 10:06:55,414 [INFO] gui.config_panel - 已保存配置文件路径到app_config.json: C:/Users/wsh12/OneDrive - Technische Hochschule Ulm/pytest/ZK_LogicBom_Builder/Kabinemekrmal(Test).xlsx
2025-06-12 10:06:57,454 [INFO] core.bom_processor - 开始导入BOM文件: C:/Users/wsh12/OneDrive - Technische Hochschule Ulm/pytest/ZK_LogicBom_Builder/Bom.xlsx
2025-06-12 10:06:57,454 [INFO] core.bom_processor - 已清空现有数据
2025-06-12 10:06:57,454 [INFO] core.bom_processor - 正在读取Excel文件...
2025-06-12 10:06:57,465 [INFO] core.bom_processor - 成功打开Excel文件，包含以下工作表: ['Max-Gruppe']
2025-06-12 10:06:57,465 [INFO] core.bom_processor - 正在读取 Max-Gruppe 工作表...
2025-06-12 10:06:57,492 [INFO] core.bom_processor - 成功读取工作表，共 154 行数据
2025-06-12 10:06:57,494 [INFO] core.bom_processor - 所有必需列均存在，开始处理数据...
2025-06-12 10:06:57,515 [INFO] core.bom_processor - 过滤空层级后剩余 153 行数据
2025-06-12 10:06:57,517 [INFO] core.bom_processor - 
开始处理数据...
2025-06-12 10:06:57,527 [INFO] core.bom_processor - 
数据处理完成，成功处理 {processed_count} 行数据
2025-06-12 10:06:57,528 [INFO] core.bom_processor - 第 1 级节点数量: 1
2025-06-12 10:06:57,528 [INFO] core.bom_processor - 第 2 级节点数量: 133
2025-06-12 10:06:57,529 [INFO] core.bom_processor - 第 3 级节点数量: 19
2025-06-12 10:06:57,529 [INFO] core.bom_processor - BOM文件导入成功，共处理 153 个项目
2025-06-12 10:06:57,530 [INFO] gui.bom_panel - 成功导入BOM文件: C:/Users/wsh12/OneDrive - Technische Hochschule Ulm/pytest/ZK_LogicBom_Builder/Bom.xlsx
2025-06-12 10:06:57,530 [INFO] gui.bom_panel - 开始刷新树状图
2025-06-12 10:06:57,531 [INFO] gui.bom_panel - 树状图刷新完成
2025-06-12 10:06:57,536 [INFO] gui.main_window_tk - 成功保存BOM文件路径到app_config.json: C:/Users/wsh12/OneDrive - Technische Hochschule Ulm/pytest/ZK_LogicBom_Builder/Bom.xlsx
2025-06-12 10:06:57,536 [INFO] gui.bom_panel - 已保存BOM文件路径到app_config.json: C:/Users/wsh12/OneDrive - Technische Hochschule Ulm/pytest/ZK_LogicBom_Builder/Bom.xlsx
2025-06-12 10:06:58,187 [INFO] core.logic_builder - 准备从临时文件加载规则: C:\Users\wsh12\OneDrive - Technische Hochschule Ulm\pytest\ZK_LogicBom_Builder\data\temp_rules_latest.json
2025-06-12 10:06:58,187 [INFO] gui.logic_panel - LogicPanel _on_rule_change: 收到通知: 类型='imported', RuleID='None'
2025-06-12 10:06:58,187 [INFO] gui.logic_panel - LogicPanel _on_rule_change (imported): 收到 'imported' 通知，将重新加载所有规则到Treeview。
2025-06-12 10:06:58,187 [INFO] gui.logic_panel - LogicPanel: 主窗口引用无效、rules_loaded属性不存在或规则未加载，跳过加载到树。
2025-06-12 10:06:58,187 [DEBUG] gui.logic_panel - LogicPanel _on_rule_change: Treeview update_idletasks() 已调用，处理类型 'imported' 完成。
2025-06-12 10:06:58,187 [INFO] core.logic_builder - 从临时文件 (C:\Users\wsh12\OneDrive - Technische Hochschule Ulm\pytest\ZK_LogicBom_Builder\data\temp_rules_latest.json) 加载 0 条规则完成。导出状态: True
2025-06-12 10:06:58,187 [INFO] gui.main_window_tk - 未检测到需要提示加载的未导出规则。MainWindow.rules_loaded 设置为 False。
2025-06-12 10:06:58,187 [INFO] gui.logic_panel - LogicPanel: 主窗口引用无效、rules_loaded属性不存在或规则未加载，跳过加载到树。
2025-06-12 10:07:06,387 [INFO] gui.config_panel - 用户选择了新的配置文件: C:/Users/wsh12/OneDrive - Technische Hochschule Ulm/pytest/ZK_LogicBom_Builder/Kabinemekrmal(Test).xlsx
2025-06-12 10:07:06,389 [INFO] core.config_processor - 找到工作表: ['1.Kabine']
2025-06-12 10:07:06,389 [INFO] core.config_processor - 处理工作表: 1.Kabine -> 模块: 1.Kabine
2025-06-12 10:07:06,456 [INFO] gui.config_panel - 成功导入配置文件: C:/Users/wsh12/OneDrive - Technische Hochschule Ulm/pytest/ZK_LogicBom_Builder/Kabinemekrmal(Test).xlsx
2025-06-12 10:07:06,467 [INFO] gui.main_window_tk - 成功保存配置文件路径到app_config.json: C:/Users/wsh12/OneDrive - Technische Hochschule Ulm/pytest/ZK_LogicBom_Builder/Kabinemekrmal(Test).xlsx
2025-06-12 10:07:06,467 [INFO] gui.config_panel - 已保存配置文件路径到app_config.json: C:/Users/wsh12/OneDrive - Technische Hochschule Ulm/pytest/ZK_LogicBom_Builder/Kabinemekrmal(Test).xlsx
2025-06-12 10:18:18,187 [DEBUG] gui.config_panel - ConfigPanel: 双击选中项 ID: I22B
2025-06-12 10:18:18,187 [DEBUG] gui.config_panel - ConfigPanel: 选中项文本: K-200-000300 Ziegler Standardsitze
2025-06-12 10:18:18,187 [DEBUG] gui.config_panel - ConfigPanel: 提取的代码: K-200-000300
2025-06-12 10:18:18,201 [INFO] gui.config_panel - ConfigPanel: 准备插入特征值: K-200-000300
2025-06-12 10:18:18,201 [DEBUG] gui.config_panel - ConfigPanel: 获取根窗口成功
2025-06-12 10:18:18,201 [DEBUG] gui.config_panel - ConfigPanel: 获取MainWindow实例成功
2025-06-12 10:18:18,201 [DEBUG] gui.config_panel - ConfigPanel: 找到逻辑面板
2025-06-12 10:18:18,201 [DEBUG] gui.logic_panel - LogicPanel: 开始插入代码: K-200-000300
2025-06-12 10:18:18,206 [INFO] gui.logic_panel - LogicPanel: 输入历史 - 类型: K_code, 内容: K-200-000300, 当前表达式: K-200-000300 
2025-06-12 10:18:18,206 [INFO] gui.config_panel - ConfigPanel: 成功发送代码到逻辑面板: K-200-000300
2025-06-12 10:18:19,949 [INFO] gui.logic_panel - LogicPanel: 输入历史 - 类型: operator, 内容: AND, 当前表达式: K-200-000300  AND 
2025-06-12 10:18:21,334 [DEBUG] gui.config_panel - ConfigPanel: 双击选中项 ID: I22C
2025-06-12 10:18:21,334 [DEBUG] gui.config_panel - ConfigPanel: 选中项文本: K-200-000301 Bostrom Integra Sitze
2025-06-12 10:18:21,334 [DEBUG] gui.config_panel - ConfigPanel: 提取的代码: K-200-000301
2025-06-12 10:18:21,334 [INFO] gui.config_panel - ConfigPanel: 准备插入特征值: K-200-000301
2025-06-12 10:18:21,334 [DEBUG] gui.config_panel - ConfigPanel: 获取根窗口成功
2025-06-12 10:18:21,334 [DEBUG] gui.config_panel - ConfigPanel: 获取MainWindow实例成功
2025-06-12 10:18:21,334 [DEBUG] gui.config_panel - ConfigPanel: 找到逻辑面板
2025-06-12 10:18:21,334 [DEBUG] gui.logic_panel - LogicPanel: 开始插入代码: K-200-000301
2025-06-12 10:18:21,334 [INFO] gui.logic_panel - LogicPanel: 输入历史 - 类型: K_code, 内容: K-200-000301, 当前表达式: K-200-000300  AND K-200-000301 
2025-06-12 10:18:21,334 [INFO] gui.config_panel - ConfigPanel: 成功发送代码到逻辑面板: K-200-000301
2025-06-12 10:18:22,597 [INFO] gui.logic_panel - LogicPanel: 输入历史 - 类型: operator, 内容: AND, 当前表达式: K-200-000300  AND K-200-000301  AND 
2025-06-12 10:18:23,840 [DEBUG] gui.config_panel - ConfigPanel: 双击选中项 ID: I22E
2025-06-12 10:18:23,840 [DEBUG] gui.config_panel - ConfigPanel: 选中项文本: K-200-000344 ohne Wertfach
2025-06-12 10:18:23,840 [DEBUG] gui.config_panel - ConfigPanel: 提取的代码: K-200-000344
2025-06-12 10:18:23,840 [INFO] gui.config_panel - ConfigPanel: 准备插入特征值: K-200-000344
2025-06-12 10:18:23,840 [DEBUG] gui.config_panel - ConfigPanel: 获取根窗口成功
2025-06-12 10:18:23,842 [DEBUG] gui.config_panel - ConfigPanel: 获取MainWindow实例成功
2025-06-12 10:18:23,842 [DEBUG] gui.config_panel - ConfigPanel: 找到逻辑面板
2025-06-12 10:18:23,842 [DEBUG] gui.logic_panel - LogicPanel: 开始插入代码: K-200-000344
2025-06-12 10:18:23,844 [INFO] gui.logic_panel - LogicPanel: 输入历史 - 类型: K_code, 内容: K-200-000344, 当前表达式: K-200-000300  AND K-200-000301  AND K-200-000344 
2025-06-12 10:18:23,846 [INFO] gui.config_panel - ConfigPanel: 成功发送代码到逻辑面板: K-200-000344
2025-06-12 10:18:25,448 [INFO] gui.logic_panel - LogicPanel: 输入历史 - 类型: operator, 内容: →, 当前表达式: K-200-000300  AND K-200-000301  AND K-200-000344  → 
2025-06-12 10:18:26,738 [DEBUG] gui.bom_panel - BomPanel: 选中项文本: 0000000010017913NK
Modulkabine S301000 / S302000
Modulkabine S301000 / S302000
2025-06-12 10:18:26,738 [DEBUG] gui.bom_panel - BomPanel: 提取到Baugruppe: 0000000010017913NK
2025-06-12 10:18:26,738 [DEBUG] gui.bom_panel - BomPanel: 提取到占位符: PL-Kabine
2025-06-12 10:18:26,738 [DEBUG] gui.bom_panel - BomPanel: 构建的BOM码: PL-Kabine-0000000010017913NK
2025-06-12 10:18:26,738 [DEBUG] gui.bom_panel - BomPanel: 获取根窗口成功
2025-06-12 10:18:26,738 [DEBUG] gui.bom_panel - BomPanel: 获取MainWindow实例成功
2025-06-12 10:18:26,738 [DEBUG] gui.bom_panel - BomPanel: 找到逻辑面板
2025-06-12 10:18:26,738 [DEBUG] gui.logic_panel - LogicPanel: 开始插入代码: PL-Kabine-0000000010017913NK
2025-06-12 10:18:26,738 [DEBUG] gui.logic_panel - 验证BOM码: PL-Kabine-0000000010017913NK
2025-06-12 10:18:26,754 [INFO] gui.logic_panel - LogicPanel: 输入历史 - 类型: BOM_code, 内容: PL-Kabine-0000000010017913NK, 当前表达式: K-200-000300  AND K-200-000301  AND K-200-000344  → PL-Kabine-0000000010017913NK 
2025-06-12 10:18:26,754 [INFO] gui.bom_panel - BomPanel: 成功发送代码到逻辑面板: PL-Kabine-0000000010017913NK
2025-06-12 10:18:26,754 [INFO] gui.bom_panel - BomPanel: 成功插入BOM码: PL-Kabine-0000000010017913NK
2025-06-12 10:18:33,213 [INFO] utils.expression_formatter - 成功转换表达式为竖式格式 (grouped)
2025-06-12 10:18:33,215 [INFO] gui.logic_panel - 成功将横式表达式转换为竖式 (grouped)
2025-06-12 10:18:36,572 [WARNING] core.bom_processor - 未找到BOM码 'PL-Kabine-0000000010017913NK  # PL-Kabine-Modulkabine S301000 / S302000-Modulkabine S301000 / S302000' 对应的描述信息，将返回原BOM码。
2025-06-12 10:18:36,572 [INFO] utils.expression_formatter - 成功转换表达式为竖式格式 (expanded)
2025-06-12 10:18:36,572 [INFO] gui.logic_panel - 成功将横式表达式转换为竖式 (expanded)
2025-06-12 10:18:37,750 [INFO] gui.logic_panel - 成功将竖式表达式转换为横式
2025-06-12 10:18:39,679 [INFO] utils.expression_formatter - 成功转换表达式为竖式格式 (expanded)
2025-06-12 10:18:39,679 [INFO] gui.logic_panel - 成功将横式表达式转换为竖式 (expanded)
2025-06-12 10:18:54,323 [DEBUG] gui.config_panel - ConfigPanel: 双击选中项 ID: I22E
2025-06-12 10:18:54,323 [DEBUG] gui.config_panel - ConfigPanel: 选中项文本: K-200-000344 ohne Wertfach
2025-06-12 10:18:54,323 [DEBUG] gui.config_panel - ConfigPanel: 提取的代码: K-200-000344
2025-06-12 10:18:54,323 [INFO] gui.config_panel - ConfigPanel: 准备插入特征值: K-200-000344
2025-06-12 10:18:54,323 [DEBUG] gui.config_panel - ConfigPanel: 获取根窗口成功
2025-06-12 10:18:54,323 [DEBUG] gui.config_panel - ConfigPanel: 获取MainWindow实例成功
2025-06-12 10:18:54,323 [DEBUG] gui.config_panel - ConfigPanel: 找到逻辑面板
2025-06-12 10:18:54,323 [DEBUG] gui.logic_panel - LogicPanel: 开始插入代码: K-200-000344
2025-06-12 10:18:54,323 [INFO] gui.logic_panel - LogicPanel: 输入历史 - 类型: K_code, 内容: K-200-000344, 当前表达式: K-200-000344 
2025-06-12 10:18:54,323 [INFO] gui.config_panel - ConfigPanel: 成功发送代码到逻辑面板: K-200-000344
2025-06-12 10:19:07,719 [DEBUG] gui.config_panel - ConfigPanel: 双击选中项 ID: I22F
2025-06-12 10:19:07,719 [DEBUG] gui.config_panel - ConfigPanel: 选中项文本: K-200-000007 Wertfach unterm Sitzpolster
2025-06-12 10:19:07,719 [DEBUG] gui.config_panel - ConfigPanel: 提取的代码: K-200-000007
2025-06-12 10:19:07,719 [INFO] gui.config_panel - ConfigPanel: 准备插入特征值: K-200-000007
2025-06-12 10:19:07,719 [DEBUG] gui.config_panel - ConfigPanel: 获取根窗口成功
2025-06-12 10:19:07,719 [DEBUG] gui.config_panel - ConfigPanel: 获取MainWindow实例成功
2025-06-12 10:19:07,719 [DEBUG] gui.config_panel - ConfigPanel: 找到逻辑面板
2025-06-12 10:19:07,719 [DEBUG] gui.logic_panel - LogicPanel: 开始插入代码: K-200-000007
2025-06-12 10:19:08,861 [INFO] gui.config_panel - ConfigPanel: 成功发送代码到逻辑面板: K-200-000007
2025-06-12 10:19:10,910 [INFO] gui.logic_panel - LogicPanel: 输入历史 - 类型: operator, 内容: AND, 当前表达式: K-200-000344 
 AND 
2025-06-12 10:19:13,866 [DEBUG] gui.config_panel - ConfigPanel: 双击选中项 ID: I234
2025-06-12 10:19:13,866 [DEBUG] gui.config_panel - ConfigPanel: 选中项文本: HBG_200_01040 Stauraum Sitzplatz 2 Wertfach
2025-06-12 10:19:13,866 [DEBUG] gui.config_panel - ConfigPanel: 提取的代码: HBG_200_01040
2025-06-12 10:19:13,866 [DEBUG] gui.config_panel - ConfigPanel: 忽略非特征值: HBG_200_01040
2025-06-12 10:19:15,493 [DEBUG] gui.config_panel - ConfigPanel: 双击选中项 ID: I235
2025-06-12 10:19:15,493 [DEBUG] gui.config_panel - ConfigPanel: 选中项文本: K-200-000345 ohne Wertfach
2025-06-12 10:19:15,493 [DEBUG] gui.config_panel - ConfigPanel: 提取的代码: K-200-000345
2025-06-12 10:19:15,493 [INFO] gui.config_panel - ConfigPanel: 准备插入特征值: K-200-000345
2025-06-12 10:19:15,493 [DEBUG] gui.config_panel - ConfigPanel: 获取根窗口成功
2025-06-12 10:19:15,493 [DEBUG] gui.config_panel - ConfigPanel: 获取MainWindow实例成功
2025-06-12 10:19:15,493 [DEBUG] gui.config_panel - ConfigPanel: 找到逻辑面板
2025-06-12 10:19:15,493 [DEBUG] gui.logic_panel - LogicPanel: 开始插入代码: K-200-000345
2025-06-12 10:19:15,493 [INFO] gui.logic_panel - LogicPanel: 输入历史 - 类型: K_code, 内容: K-200-000345, 当前表达式: K-200-000344 
 AND 
 K-200-000345 
2025-06-12 10:19:15,493 [INFO] gui.config_panel - ConfigPanel: 成功发送代码到逻辑面板: K-200-000345
2025-06-12 10:19:21,191 [INFO] gui.logic_panel - LogicPanel: 输入历史 - 类型: operator, 内容: AND, 当前表达式: K-200-000344 
AND 
K-200-000345 
 AND 
2025-06-12 10:19:23,437 [DEBUG] gui.config_panel - ConfigPanel: 双击选中项 ID: I236
2025-06-12 10:19:23,437 [DEBUG] gui.config_panel - ConfigPanel: 选中项文本: K-200-000011 Wertfach unterm Sitzpolster
2025-06-12 10:19:23,437 [DEBUG] gui.config_panel - ConfigPanel: 提取的代码: K-200-000011
2025-06-12 10:19:23,437 [INFO] gui.config_panel - ConfigPanel: 准备插入特征值: K-200-000011
2025-06-12 10:19:23,437 [DEBUG] gui.config_panel - ConfigPanel: 获取根窗口成功
2025-06-12 10:19:23,437 [DEBUG] gui.config_panel - ConfigPanel: 获取MainWindow实例成功
2025-06-12 10:19:23,437 [DEBUG] gui.config_panel - ConfigPanel: 找到逻辑面板
2025-06-12 10:19:23,437 [DEBUG] gui.logic_panel - LogicPanel: 开始插入代码: K-200-000011
2025-06-12 10:19:23,437 [INFO] gui.logic_panel - LogicPanel: 输入历史 - 类型: K_code, 内容: K-200-000011, 当前表达式: K-200-000344 
AND 
K-200-000345 
AND K-200-000011 
2025-06-12 10:19:23,437 [INFO] gui.config_panel - ConfigPanel: 成功发送代码到逻辑面板: K-200-000011
2025-06-12 10:19:38,036 [INFO] gui.logic_panel - LogicPanel: 输入历史 - 类型: operator, 内容: →, 当前表达式: K-200-000344 
AND 
K-200-000345 
AND 
K-200-000011  → 
2025-06-12 10:19:53,622 [DEBUG] gui.bom_panel - BomPanel: 选中项文本: [2] PL-Sitze01
2025-06-12 10:19:54,573 [DEBUG] gui.bom_panel - BomPanel: 选中项文本: 1123244
Einzelsitz Std Airbag Stra.li. / single seat std. airbag tensioner le.
Z-Cab NG / Z-Cab NG
2025-06-12 10:19:54,573 [DEBUG] gui.bom_panel - BomPanel: 提取到Baugruppe: 1123244
2025-06-12 10:19:54,573 [DEBUG] gui.bom_panel - BomPanel: 提取到占位符: PL-Sitze01
2025-06-12 10:19:54,573 [DEBUG] gui.bom_panel - BomPanel: 构建的BOM码: PL-Sitze01-1123244
2025-06-12 10:19:54,575 [DEBUG] gui.bom_panel - BomPanel: 获取根窗口成功
2025-06-12 10:19:54,575 [DEBUG] gui.bom_panel - BomPanel: 获取MainWindow实例成功
2025-06-12 10:19:54,575 [DEBUG] gui.bom_panel - BomPanel: 找到逻辑面板
2025-06-12 10:19:54,575 [DEBUG] gui.logic_panel - LogicPanel: 开始插入代码: PL-Sitze01-1123244
2025-06-12 10:19:54,577 [DEBUG] gui.logic_panel - 验证BOM码: PL-Sitze01-1123244
2025-06-12 10:19:54,577 [INFO] gui.logic_panel - LogicPanel: 输入历史 - 类型: BOM_code, 内容: PL-Sitze01-1123244, 当前表达式: K-200-000344 
AND 
K-200-000345 
AND 
K-200-000011  
→ 
 PL-Sitze01-1123244 
2025-06-12 10:19:54,579 [INFO] gui.bom_panel - BomPanel: 成功发送代码到逻辑面板: PL-Sitze01-1123244
2025-06-12 10:19:54,579 [INFO] gui.bom_panel - BomPanel: 成功插入BOM码: PL-Sitze01-1123244
2025-06-12 10:20:00,187 [INFO] gui.logic_panel - 竖式表达式转换为横式: (K-200-000344 AND K-200-000345 AND K-200-000011) → PL-Sitze01-1123244
2025-06-12 10:20:00,187 [WARNING] gui.logic_panel - 表达式验证失败: 选择项表达式错误: 选择项表达式只能使用K码: (K-200-000344
2025-06-12 10:20:03,311 [INFO] gui.logic_panel - 成功将竖式表达式转换为横式
2025-06-12 10:20:04,465 [WARNING] gui.logic_panel - 表达式验证失败: 选择项表达式错误: 选择项表达式只能使用K码: (K-200-000344
2025-06-12 10:20:07,373 [INFO] utils.expression_formatter - 成功转换表达式为竖式格式 (grouped)
2025-06-12 10:20:07,373 [INFO] gui.logic_panel - 成功将横式表达式转换为竖式 (grouped)
2025-06-12 10:20:13,459 [INFO] gui.logic_panel - 成功将竖式表达式转换为横式
2025-06-12 10:20:15,307 [INFO] utils.expression_formatter - 成功转换表达式为竖式格式 (grouped)
2025-06-12 10:20:15,307 [INFO] gui.logic_panel - 成功将横式表达式转换为竖式 (grouped)
