2025-05-05 14:01:31,112 [INFO] root - 程序启动，日志文件: C:\Users\mengy\Desktop\ZK_LogicBom_Builder\logs\log_20250505_140131.log
2025-05-05 14:01:31,341 [INFO] __main__ - 正在启动程序...
2025-05-05 14:01:31,342 [DEBUG] __main__ - Python版本: 3.13.2 (tags/v3.13.2:4f8bb39, Feb  4 2025, 15:23:48) [MSC v.1942 64 bit (AMD64)]
2025-05-05 14:01:31,342 [DEBUG] __main__ - 当前工作目录: C:\Users\mengy\Desktop\ZK_LogicBom_Builder
2025-05-05 14:01:31,342 [DEBUG] __main__ - src_dir路径: c:\Users\mengy\Desktop\ZK_LogicBom_Builder
2025-05-05 14:01:31,363 [INFO] __main__ - 正在创建语言选择对话框...
2025-05-05 14:01:34,127 [INFO] gui.language_dialog_tk - 已选择语言: de
2025-05-05 14:01:34,152 [INFO] __main__ - 语言选择结果: de
2025-05-05 14:01:34,152 [INFO] __main__ - 正在创建主题选择对话框...
2025-05-05 14:01:34,152 [DEBUG] gui.theme_dialog_tk - 创建主题选择对话框
2025-05-05 14:01:34,155 [DEBUG] gui.theme_dialog_tk - 主题选择对话框创建完成
2025-05-05 14:01:44,007 [DEBUG] gui.theme_dialog_tk - 用户选择了light主题
2025-05-05 14:01:44,018 [INFO] __main__ - 主题选择结果: light
2025-05-05 14:01:44,021 [INFO] __main__ - 正在配置主窗口...
2025-05-05 14:01:44,116 [INFO] __main__ - 开始创建MainWindow实例...
2025-05-05 14:01:44,117 [INFO] core.logic_builder - 已加载 3 条规则
2025-05-05 14:01:44,148 [INFO] gui.logic_panel - 规则未加载状态，等待用户确认后再加载规则
2025-05-05 14:01:44,153 [INFO] __main__ - MainWindow实例创建完成
2025-05-05 14:01:44,273 [INFO] __main__ - 开始mainloop()...
2025-05-05 14:01:46,592 [INFO] core.config_processor - 找到工作表: ['1.Kabine']
2025-05-05 14:01:46,592 [INFO] core.config_processor - 处理工作表: 1.Kabine -> 模块: 1.Kabine
2025-05-05 14:01:46,613 [INFO] gui.config_panel - 成功导入配置文件: C:/Users/mengy/Desktop/Kabinemekrmal(Test).xlsx
2025-05-05 14:01:46,616 [INFO] gui.main_window_tk - 成功保存配置文件路径到app_config.json: C:/Users/mengy/Desktop/Kabinemekrmal(Test).xlsx
2025-05-05 14:01:46,617 [INFO] gui.config_panel - 已保存配置文件路径到app_config.json: C:/Users/mengy/Desktop/Kabinemekrmal(Test).xlsx
2025-05-05 14:01:47,638 [INFO] core.bom_processor - 开始导入BOM文件: C:/Users/mengy/Desktop/Bom.xlsx
2025-05-05 14:01:47,638 [INFO] core.bom_processor - 已清空现有数据
2025-05-05 14:01:47,638 [INFO] core.bom_processor - 正在读取Excel文件...
2025-05-05 14:01:47,644 [INFO] core.bom_processor - 成功打开Excel文件，包含以下工作表: ['Max-Gruppe']
2025-05-05 14:01:47,644 [INFO] core.bom_processor - 正在读取 Max-Gruppe 工作表...
2025-05-05 14:01:47,653 [INFO] core.bom_processor - 成功读取工作表，共 154 行数据
2025-05-05 14:01:47,653 [INFO] core.bom_processor - 所有必需列均存在，开始处理数据...
2025-05-05 14:01:47,654 [INFO] core.bom_processor - 过滤空层级后剩余 153 行数据
2025-05-05 14:01:47,655 [INFO] core.bom_processor - 
开始处理数据...
2025-05-05 14:01:47,658 [INFO] core.bom_processor - 
数据处理完成，成功处理 {processed_count} 行数据
2025-05-05 14:01:47,659 [INFO] core.bom_processor - 第 1 级节点数量: 1
2025-05-05 14:01:47,659 [INFO] core.bom_processor - 第 2 级节点数量: 133
2025-05-05 14:01:47,660 [INFO] core.bom_processor - 第 3 级节点数量: 19
2025-05-05 14:01:47,660 [INFO] core.bom_processor - BOM文件导入成功，共处理 153 个项目
2025-05-05 14:01:47,660 [INFO] gui.bom_panel - 成功导入BOM文件: C:/Users/mengy/Desktop/Bom.xlsx
2025-05-05 14:01:47,660 [INFO] gui.bom_panel - 开始刷新树状图
2025-05-05 14:01:47,661 [INFO] gui.bom_panel - 树状图刷新完成
2025-05-05 14:01:47,663 [INFO] gui.main_window_tk - 成功保存BOM文件路径到app_config.json: C:/Users/mengy/Desktop/Bom.xlsx
2025-05-05 14:01:47,663 [INFO] gui.bom_panel - 已保存BOM文件路径到app_config.json: C:/Users/mengy/Desktop/Bom.xlsx
2025-05-05 14:01:48,947 [INFO] gui.main_window_tk - 用户确认加载规则，设置规则已加载标志为True
2025-05-05 14:01:48,947 [INFO] core.logic_builder - 准备从临时文件加载规则: C:\Users\mengy\Desktop\ZK_LogicBom_Builder\data\temp_rules_latest.json
2025-05-05 14:01:48,947 [INFO] gui.logic_panel - 收到规则变更事件: type=imported, rule_id=None
2025-05-05 14:01:48,948 [INFO] gui.logic_panel - 规则已加载状态，开始更新已保存规则框架
2025-05-05 14:01:48,948 [INFO] gui.logic_panel - 开始加载规则到已保存规则框架
2025-05-05 14:01:48,948 [DEBUG] gui.logic_panel - 从LogicBuilder获取到 3 条规则
2025-05-05 14:01:48,949 [DEBUG] gui.logic_panel - 添加规则ID: 1 到已使用集合
2025-05-05 14:01:48,949 [DEBUG] gui.logic_panel - 添加规则ID: 2 到已使用集合
2025-05-05 14:01:48,949 [DEBUG] gui.logic_panel - 添加规则ID: 3 到已使用集合
2025-05-05 14:01:48,949 [INFO] gui.logic_panel - 成功加载 3 条规则到已保存规则框架
2025-05-05 14:01:48,949 [INFO] core.logic_builder - 从临时文件加载规则完成
2025-05-05 14:01:48,950 [INFO] gui.main_window_tk - 开始刷新逻辑面板显示
2025-05-05 14:01:48,950 [INFO] gui.logic_panel - 开始加载规则到已保存规则框架
2025-05-05 14:01:48,950 [DEBUG] gui.logic_panel - 从LogicBuilder获取到 3 条规则
2025-05-05 14:01:48,950 [DEBUG] gui.logic_panel - 添加规则ID: 1 到已使用集合
2025-05-05 14:01:48,950 [DEBUG] gui.logic_panel - 添加规则ID: 2 到已使用集合
2025-05-05 14:01:48,951 [DEBUG] gui.logic_panel - 添加规则ID: 3 到已使用集合
2025-05-05 14:01:48,951 [INFO] gui.logic_panel - 成功加载 3 条规则到已保存规则框架
2025-05-05 14:01:48,951 [INFO] gui.main_window_tk - 逻辑面板显示刷新完成
2025-05-05 14:01:51,451 [INFO] core.logic_builder - 准备从临时文件加载规则: C:\Users\mengy\Desktop\ZK_LogicBom_Builder\data\temp_rules_latest.json
2025-05-05 14:01:51,451 [INFO] gui.logic_panel - 收到规则变更事件: type=imported, rule_id=None
2025-05-05 14:01:51,452 [INFO] gui.logic_panel - 规则已加载状态，开始更新已保存规则框架
2025-05-05 14:01:51,452 [INFO] gui.logic_panel - 开始加载规则到已保存规则框架
2025-05-05 14:01:51,452 [DEBUG] gui.logic_panel - 从LogicBuilder获取到 3 条规则
2025-05-05 14:01:51,453 [DEBUG] gui.logic_panel - 添加规则ID: 1 到已使用集合
2025-05-05 14:01:51,453 [DEBUG] gui.logic_panel - 添加规则ID: 2 到已使用集合
2025-05-05 14:01:51,453 [DEBUG] gui.logic_panel - 添加规则ID: 3 到已使用集合
2025-05-05 14:01:51,454 [INFO] gui.logic_panel - 成功加载 3 条规则到已保存规则框架
2025-05-05 14:01:51,454 [INFO] core.logic_builder - 从临时文件加载规则完成
2025-05-05 14:01:51,454 [INFO] gui.logic_library_window - 已加载 3 条规则
2025-05-05 14:02:19,492 [INFO] core.logic_builder - 准备从临时文件加载规则: C:\Users\mengy\Desktop\ZK_LogicBom_Builder\data\temp_rules_latest.json
2025-05-05 14:02:19,493 [INFO] gui.logic_panel - 收到规则变更事件: type=imported, rule_id=None
2025-05-05 14:02:19,493 [INFO] gui.logic_panel - 规则已加载状态，开始更新已保存规则框架
2025-05-05 14:02:19,493 [INFO] gui.logic_panel - 开始加载规则到已保存规则框架
2025-05-05 14:02:19,494 [DEBUG] gui.logic_panel - 从LogicBuilder获取到 3 条规则
2025-05-05 14:02:19,494 [DEBUG] gui.logic_panel - 添加规则ID: 1 到已使用集合
2025-05-05 14:02:19,495 [DEBUG] gui.logic_panel - 添加规则ID: 2 到已使用集合
2025-05-05 14:02:19,495 [DEBUG] gui.logic_panel - 添加规则ID: 3 到已使用集合
2025-05-05 14:02:19,495 [INFO] gui.logic_panel - 成功加载 3 条规则到已保存规则框架
2025-05-05 14:02:19,496 [INFO] core.logic_builder - 从临时文件加载规则完成
2025-05-05 14:02:19,496 [INFO] gui.logic_library_window - 已加载 3 条规则
2025-05-05 14:02:51,378 [DEBUG] gui.bom_panel - BomPanel: 双击选中项 ID: I002
2025-05-05 14:02:51,379 [DEBUG] gui.bom_panel - BomPanel: 选中项文本: [2] PL-GrundKabine
2025-05-05 14:03:51,118 [INFO] gui.language_dialog_tk - 已选择语言: zh
2025-05-05 14:03:51,142 [DEBUG] gui.config_panel - 父类刷新文本失败（可以忽略）: 'super' object has no attribute 'refresh_texts'
2025-05-05 14:03:51,167 [DEBUG] gui.config_panel - 父类刷新文本失败（可以忽略）: 'super' object has no attribute 'refresh_texts'
2025-05-05 14:04:21,085 [DEBUG] gui.bom_panel - BomPanel: 双击选中项 ID: I013
2025-05-05 14:04:21,086 [DEBUG] gui.bom_panel - BomPanel: 选中项文本: [2] PL-Sitze01
2025-05-05 14:04:24,282 [DEBUG] gui.bom_panel - BomPanel: 双击选中项 ID: I003
2025-05-05 14:04:24,283 [DEBUG] gui.bom_panel - BomPanel: 选中项文本: 10019231 - Modulkabine Standard MAN Euro 6 18T
Modul cabin standard MAN Euro 6 18T
Z-Cab NG Alpas 3 RAL 3000
Z-Cab NG Alpas 3 RAL 3000
2025-05-05 14:04:24,283 [DEBUG] gui.bom_panel - BomPanel: 提取到Baugruppe: 10019231
2025-05-05 14:04:24,284 [DEBUG] gui.bom_panel - BomPanel: 提取到占位符: PL-GrundKabine
2025-05-05 14:04:24,284 [DEBUG] gui.bom_panel - BomPanel: 构建的BOM码: PL-GrundKabine-10019231
2025-05-05 14:04:24,285 [DEBUG] gui.bom_panel - BomPanel: 获取根窗口成功
2025-05-05 14:04:24,285 [DEBUG] gui.bom_panel - BomPanel: 获取MainWindow实例成功
2025-05-05 14:04:24,286 [DEBUG] gui.bom_panel - BomPanel: 找到逻辑面板
2025-05-05 14:04:24,286 [DEBUG] gui.logic_panel - LogicPanel: 开始插入代码: PL-GrundKabine-10019231
2025-05-05 14:04:25,551 [INFO] gui.bom_panel - BomPanel: 成功发送代码到逻辑面板: PL-GrundKabine-10019231
2025-05-05 14:04:25,551 [INFO] gui.bom_panel - BomPanel: 成功插入BOM码: PL-GrundKabine-10019231
