2025-05-05 15:22:09,190 [INFO] root - 程序启动，日志文件: C:\Users\mengy\Desktop\ZK_LogicBom_Builder\logs\log_20250505_152209.log
2025-05-05 15:22:09,426 [INFO] __main__ - 正在启动程序...
2025-05-05 15:22:09,426 [DEBUG] __main__ - Python版本: 3.13.2 (tags/v3.13.2:4f8bb39, Feb  4 2025, 15:23:48) [MSC v.1942 64 bit (AMD64)]
2025-05-05 15:22:09,426 [DEBUG] __main__ - 当前工作目录: C:\Users\mengy\Desktop\ZK_LogicBom_Builder
2025-05-05 15:22:09,426 [DEBUG] __main__ - src_dir路径: c:\Users\mengy\Desktop\ZK_LogicBom_Builder
2025-05-05 15:22:09,446 [INFO] __main__ - 正在创建语言选择对话框...
2025-05-05 15:22:10,949 [INFO] gui.language_dialog_tk - 已选择语言: zh
2025-05-05 15:22:10,965 [INFO] __main__ - 语言选择结果: zh
2025-05-05 15:22:10,966 [INFO] __main__ - 正在创建主题选择对话框...
2025-05-05 15:22:10,966 [DEBUG] gui.theme_dialog_tk - 创建主题选择对话框
2025-05-05 15:22:10,974 [DEBUG] gui.theme_dialog_tk - 主题选择对话框创建完成
2025-05-05 15:22:11,541 [DEBUG] gui.theme_dialog_tk - 用户选择了light主题
2025-05-05 15:22:11,563 [INFO] __main__ - 主题选择结果: light
2025-05-05 15:22:11,580 [INFO] __main__ - 正在配置主窗口...
2025-05-05 15:22:11,693 [INFO] __main__ - 开始创建MainWindow实例...
2025-05-05 15:22:11,694 [INFO] core.logic_builder - 已加载 0 条规则
2025-05-05 15:22:11,765 [INFO] gui.logic_panel - 规则未加载状态，等待用户确认后再加载规则
2025-05-05 15:22:11,789 [INFO] __main__ - MainWindow实例创建完成
2025-05-05 15:22:11,991 [INFO] __main__ - 开始mainloop()...
2025-05-05 15:22:14,003 [INFO] core.config_processor - 找到工作表: ['1.Kabine']
2025-05-05 15:22:14,004 [INFO] core.config_processor - 处理工作表: 1.Kabine -> 模块: 1.Kabine
2025-05-05 15:22:14,026 [INFO] gui.config_panel - 成功导入配置文件: C:/Users/mengy/Desktop/Kabinemekrmal(Test).xlsx
2025-05-05 15:22:14,028 [INFO] gui.main_window_tk - 成功保存配置文件路径到app_config.json: C:/Users/mengy/Desktop/Kabinemekrmal(Test).xlsx
2025-05-05 15:22:14,029 [INFO] gui.config_panel - 已保存配置文件路径到app_config.json: C:/Users/mengy/Desktop/Kabinemekrmal(Test).xlsx
2025-05-05 15:22:15,146 [INFO] core.bom_processor - 开始导入BOM文件: C:/Users/mengy/Desktop/Bom.xlsx
2025-05-05 15:22:15,147 [INFO] core.bom_processor - 已清空现有数据
2025-05-05 15:22:15,147 [INFO] core.bom_processor - 正在读取Excel文件...
2025-05-05 15:22:15,151 [INFO] core.bom_processor - 成功打开Excel文件，包含以下工作表: ['Max-Gruppe']
2025-05-05 15:22:15,151 [INFO] core.bom_processor - 正在读取 Max-Gruppe 工作表...
2025-05-05 15:22:15,160 [INFO] core.bom_processor - 成功读取工作表，共 154 行数据
2025-05-05 15:22:15,160 [INFO] core.bom_processor - 所有必需列均存在，开始处理数据...
2025-05-05 15:22:15,161 [INFO] core.bom_processor - 过滤空层级后剩余 153 行数据
2025-05-05 15:22:15,162 [INFO] core.bom_processor - 
开始处理数据...
2025-05-05 15:22:15,165 [INFO] core.bom_processor - 
数据处理完成，成功处理 {processed_count} 行数据
2025-05-05 15:22:15,165 [INFO] core.bom_processor - 第 1 级节点数量: 1
2025-05-05 15:22:15,166 [INFO] core.bom_processor - 第 2 级节点数量: 133
2025-05-05 15:22:15,166 [INFO] core.bom_processor - 第 3 级节点数量: 19
2025-05-05 15:22:15,166 [INFO] core.bom_processor - BOM文件导入成功，共处理 153 个项目
2025-05-05 15:22:15,166 [INFO] gui.bom_panel - 成功导入BOM文件: C:/Users/mengy/Desktop/Bom.xlsx
2025-05-05 15:22:15,167 [INFO] gui.bom_panel - 开始刷新树状图
2025-05-05 15:22:15,167 [INFO] gui.bom_panel - 树状图刷新完成
2025-05-05 15:22:15,168 [INFO] gui.main_window_tk - 成功保存BOM文件路径到app_config.json: C:/Users/mengy/Desktop/Bom.xlsx
2025-05-05 15:22:15,168 [INFO] gui.bom_panel - 已保存BOM文件路径到app_config.json: C:/Users/mengy/Desktop/Bom.xlsx
2025-05-05 15:22:25,531 [INFO] core.logic_builder - 准备从临时文件加载规则: C:\Users\mengy\Desktop\ZK_LogicBom_Builder\data\temp_rules_latest.json
2025-05-05 15:22:25,532 [INFO] gui.logic_panel - 收到规则变更事件: type=imported, rule_id=None
2025-05-05 15:22:25,532 [INFO] core.logic_builder - 从临时文件加载规则完成
2025-05-05 15:22:25,533 [INFO] gui.logic_library_window - 已加载 0 条规则
2025-05-05 15:22:29,765 [DEBUG] gui.config_panel - ConfigPanel: 双击选中项 ID: I010
2025-05-05 15:22:29,766 [DEBUG] gui.config_panel - ConfigPanel: 选中项文本: HBG_200_01010 Sitzplatzvariante
2025-05-05 15:22:29,767 [DEBUG] gui.config_panel - ConfigPanel: 提取的代码: HBG_200_01010
2025-05-05 15:22:29,768 [DEBUG] gui.config_panel - ConfigPanel: 忽略非特征值: HBG_200_01010
2025-05-05 15:22:30,978 [DEBUG] gui.config_panel - ConfigPanel: 双击选中项 ID: I011
2025-05-05 15:22:30,979 [DEBUG] gui.config_panel - ConfigPanel: 选中项文本: K-200-000300 Ziegler Standardsitze
2025-05-05 15:22:30,979 [DEBUG] gui.config_panel - ConfigPanel: 提取的代码: K-200-000300
2025-05-05 15:22:30,980 [INFO] gui.config_panel - ConfigPanel: 准备插入特征值: K-200-000300
2025-05-05 15:22:30,980 [DEBUG] gui.config_panel - ConfigPanel: 获取根窗口成功
2025-05-05 15:22:30,981 [DEBUG] gui.config_panel - ConfigPanel: 获取MainWindow实例成功
2025-05-05 15:22:30,981 [DEBUG] gui.config_panel - ConfigPanel: 找到逻辑面板
2025-05-05 15:22:30,982 [DEBUG] gui.logic_panel - LogicPanel: 开始插入代码: K-200-000300
2025-05-05 15:22:30,982 [INFO] gui.logic_panel - LogicPanel: 输入历史 - 类型: K_code, 内容: K-200-000300, 当前表达式: K-200-000300 
2025-05-05 15:22:30,982 [INFO] gui.config_panel - ConfigPanel: 成功发送代码到逻辑面板: K-200-000300
2025-05-05 15:22:31,963 [INFO] gui.logic_panel - LogicPanel: 输入历史 - 类型: operator, 内容: →, 当前表达式: K-200-000300  → 
2025-05-05 15:22:37,137 [INFO] gui.logic_panel - 创建ON ADD微调逻辑: ON 123 ADD 123
2025-05-05 15:22:37,138 [INFO] gui.logic_panel - 成功插入微调逻辑到表达式: K-200-000300 →  ON 123 ADD 123
2025-05-05 15:22:38,498 [INFO] gui.logic_panel - 创建新的微调逻辑规则ID: TL01
2025-05-05 15:22:38,500 [DEBUG] core.logic_builder - 规则数据已保存到临时文件
2025-05-05 15:22:38,500 [INFO] gui.logic_panel - 收到规则变更事件: type=added, rule_id=TL01
2025-05-05 15:22:38,501 [INFO] gui.logic_panel - 已添加新规则: TL01
2025-05-05 15:22:38,501 [INFO] gui.logic_panel - 成功保存规则: TL01, 条件: K-200-000300, 影响: ON 123 ADD 123
2025-05-05 15:22:41,277 [DEBUG] core.logic_builder - 规则数据已保存到临时文件
2025-05-05 15:22:41,277 [INFO] gui.logic_panel - 收到规则变更事件: type=modified, rule_id=TL01
2025-05-05 15:22:41,277 [INFO] gui.logic_panel - 已更新规则: TL01
2025-05-05 15:22:43,884 [DEBUG] core.logic_builder - 规则数据已保存到临时文件
2025-05-05 15:22:43,885 [INFO] gui.logic_panel - 收到规则变更事件: type=modified, rule_id=TL01
2025-05-05 15:22:43,885 [INFO] gui.logic_panel - 已更新规则: TL01
2025-05-05 15:22:55,249 [DEBUG] gui.bom_panel - BomPanel: 选中项文本: [1] PL-Kabine
2025-05-05 15:22:55,543 [DEBUG] gui.bom_panel - BomPanel: 选中项文本: [1] PL-Kabine
2025-05-05 15:23:05,794 [INFO] core.logic_builder - 开始导入规则文件: C:/Users/mengy/Desktop/1.json
2025-05-05 15:23:05,795 [INFO] core.logic_builder - 已清空现有规则
2025-05-05 15:23:05,795 [DEBUG] core.logic_builder - 成功导入规则: ID=BL01
2025-05-05 15:23:05,795 [DEBUG] core.logic_builder - 成功导入规则: ID=BL02
2025-05-05 15:23:05,795 [DEBUG] core.logic_builder - 成功导入规则: ID=BL03
2025-05-05 15:23:05,796 [DEBUG] core.logic_builder - 规则数据已保存到临时文件
2025-05-05 15:23:05,796 [INFO] gui.logic_panel - 收到规则变更事件: type=imported, rule_id=None
2025-05-05 15:23:05,796 [INFO] gui.logic_panel - 规则未加载状态，等待用户确认
2025-05-05 15:23:05,796 [INFO] core.logic_builder - 规则导入完成，成功导入 3 条规则
2025-05-05 15:23:05,796 [INFO] gui.logic_panel - 开始加载规则到已保存规则框架
2025-05-05 15:23:05,796 [DEBUG] gui.logic_panel - 从LogicBuilder获取到 3 条规则
2025-05-05 15:23:05,796 [DEBUG] gui.logic_panel - 添加规则ID: 1 到已使用集合
2025-05-05 15:23:05,797 [DEBUG] gui.logic_panel - 添加规则ID: 2 到已使用集合
2025-05-05 15:23:05,797 [DEBUG] gui.logic_panel - 添加规则ID: 3 到已使用集合
2025-05-05 15:23:05,797 [INFO] gui.logic_panel - 成功加载 3 条规则到已保存规则框架
