2025-05-20 08:26:58,567 [INFO] root - 程序启动，日志文件: C:\Users\mengy\Desktop\ZK_LogicBom_Builder\logs\log_20250520_082658.log
2025-05-20 08:27:01,845 [INFO] __main__ - 正在启动程序...
2025-05-20 08:27:01,845 [DEBUG] __main__ - Python版本: 3.13.2 (tags/v3.13.2:4f8bb39, Feb  4 2025, 15:23:48) [MSC v.1942 64 bit (AMD64)]
2025-05-20 08:27:01,846 [DEBUG] __main__ - 当前工作目录: C:\Users\mengy\Desktop\ZK_LogicBom_Builder
2025-05-20 08:27:01,846 [DEBUG] __main__ - src_dir路径: c:\Users\mengy\Desktop\ZK_LogicBom_Builder
2025-05-20 08:27:02,483 [INFO] __main__ - 正在创建语言选择对话框...
2025-05-20 08:27:18,288 [INFO] gui.language_dialog_tk - 已选择语言: zh
2025-05-20 08:27:18,300 [INFO] __main__ - 语言选择结果: zh
2025-05-20 08:27:18,300 [INFO] __main__ - 正在创建主题选择对话框...
2025-05-20 08:27:18,300 [DEBUG] gui.theme_dialog_tk - 创建主题选择对话框
2025-05-20 08:27:18,306 [DEBUG] gui.theme_dialog_tk - 主题选择对话框创建完成
2025-05-20 08:27:19,181 [DEBUG] gui.theme_dialog_tk - 用户选择了light主题
2025-05-20 08:27:19,204 [INFO] __main__ - 主题选择结果: light
2025-05-20 08:27:19,216 [INFO] __main__ - 正在配置主窗口...
2025-05-20 08:27:19,337 [INFO] __main__ - 开始创建MainWindow实例...
2025-05-20 08:27:19,337 [INFO] core.logic_builder - 从 C:\Users\mengy\Desktop\ZK_LogicBom_Builder\data\temp_rules_latest.json 加载时检测到新版大写键名规则文件格式 (BL_rules/TL_rules)。
2025-05-20 08:27:19,338 [DEBUG] core.logic_builder - Rule BL01 loaded from file. Original file description: 'Fzg: 9 Plätze → PL-Außenkotflügel-Außenkotflügel MAN 18t Euro 5 kpl-Z-Cab NG RAL 9010'. Regenerating description.
2025-05-20 08:27:19,338 [DEBUG] core.logic_builder - Generated condition part for rule BL01: 'K-200-000000'
2025-05-20 08:27:19,338 [DEBUG] core.logic_builder - Generated action part for rule BL01: 'PL-Außenkotflügel-10019836'
2025-05-20 08:27:19,338 [INFO] core.logic_builder - Newly generated description for BL01 (on _load_rules): 'K-200-000000 → PL-Außenkotflügel-10019836'
2025-05-20 08:27:19,338 [INFO] core.logic_builder - 已加载 1 条规则从 C:\Users\mengy\Desktop\ZK_LogicBom_Builder\data\temp_rules_latest.json
2025-05-20 08:27:19,379 [INFO] gui.logic_panel - LogicPanel: 主窗口引用无效、rules_loaded属性不存在或规则未加载，跳过加载到树。
2025-05-20 08:27:19,390 [INFO] __main__ - MainWindow实例创建完成
2025-05-20 08:27:19,535 [INFO] __main__ - 开始mainloop()...
2025-05-20 08:27:21,284 [INFO] core.config_processor - 找到工作表: ['1.Kabine']
2025-05-20 08:27:21,284 [INFO] core.config_processor - 处理工作表: 1.Kabine -> 模块: 1.Kabine
2025-05-20 08:27:21,305 [INFO] gui.config_panel - 成功导入配置文件: C:/Users/mengy/OneDrive/Kabine_Test_Dokument/Kabine_Mekrmal(Test).xlsx
2025-05-20 08:27:21,307 [INFO] gui.main_window_tk - 成功保存配置文件路径到app_config.json: C:/Users/mengy/OneDrive/Kabine_Test_Dokument/Kabine_Mekrmal(Test).xlsx
2025-05-20 08:27:21,307 [INFO] gui.config_panel - 已保存配置文件路径到app_config.json: C:/Users/mengy/OneDrive/Kabine_Test_Dokument/Kabine_Mekrmal(Test).xlsx
2025-05-20 08:27:25,753 [INFO] core.bom_processor - 开始导入BOM文件: C:/Users/mengy/OneDrive/Kabine_Test_Dokument/Kabine_Bom-MaxGruppe.xlsx
2025-05-20 08:27:25,754 [INFO] core.bom_processor - 已清空现有数据
2025-05-20 08:27:25,754 [INFO] core.bom_processor - 正在读取Excel文件...
2025-05-20 08:27:25,778 [INFO] core.bom_processor - 成功打开Excel文件，包含以下工作表: ['Max-Gruppe']
2025-05-20 08:27:25,779 [INFO] core.bom_processor - 正在读取 Max-Gruppe 工作表...
2025-05-20 08:27:25,810 [INFO] core.bom_processor - 成功读取工作表，共 244 行数据
2025-05-20 08:27:25,810 [INFO] core.bom_processor - 所有必需列均存在，开始处理数据...
2025-05-20 08:27:25,811 [INFO] core.bom_processor - 过滤空层级后剩余 244 行数据
2025-05-20 08:27:25,811 [INFO] core.bom_processor - 
开始处理数据...
2025-05-20 08:27:25,817 [INFO] core.bom_processor - 
数据处理完成，成功处理 {processed_count} 行数据
2025-05-20 08:27:25,817 [INFO] core.bom_processor - 第 1 级节点数量: 244
2025-05-20 08:27:25,817 [INFO] core.bom_processor - BOM文件导入成功，共处理 244 个项目
2025-05-20 08:27:25,818 [INFO] gui.bom_panel - 成功导入BOM文件: C:/Users/mengy/OneDrive/Kabine_Test_Dokument/Kabine_Bom-MaxGruppe.xlsx
2025-05-20 08:27:25,818 [INFO] gui.bom_panel - 开始刷新树状图
2025-05-20 08:27:25,819 [INFO] gui.bom_panel - 树状图刷新完成
2025-05-20 08:27:25,820 [INFO] gui.main_window_tk - 成功保存BOM文件路径到app_config.json: C:/Users/mengy/OneDrive/Kabine_Test_Dokument/Kabine_Bom-MaxGruppe.xlsx
2025-05-20 08:27:25,820 [INFO] gui.bom_panel - 已保存BOM文件路径到app_config.json: C:/Users/mengy/OneDrive/Kabine_Test_Dokument/Kabine_Bom-MaxGruppe.xlsx
2025-05-20 08:27:26,378 [INFO] core.logic_builder - 准备从临时文件加载规则: C:\Users\mengy\Desktop\ZK_LogicBom_Builder\data\temp_rules_latest.json
2025-05-20 08:27:26,379 [DEBUG] core.logic_builder - Rule BL01 loaded from temp file. Original file description: 'Fzg: 9 Plätze → PL-Außenkotflügel-Außenkotflügel MAN 18t Euro 5 kpl-Z-Cab NG RAL 9010'. Regenerating description.
2025-05-20 08:27:26,380 [DEBUG] core.logic_builder - Generated condition part for rule BL01: 'Fzg: 9 Plätze'
2025-05-20 08:27:26,380 [DEBUG] core.logic_builder - Generated action part for rule BL01: 'PL-Außenkotflügel-Außenkotflügel MAN 18t Euro 5 kpl-Z-Cab NG RAL 9010'
2025-05-20 08:27:26,381 [INFO] core.logic_builder - Newly generated description for BL01 (from temp): 'Fzg: 9 Plätze → PL-Außenkotflügel-Außenkotflügel MAN 18t Euro 5 kpl-Z-Cab NG RAL 9010'
2025-05-20 08:27:26,381 [INFO] gui.logic_panel - LogicPanel _on_rule_change: 收到通知: 类型='imported', RuleID='None'
2025-05-20 08:27:26,382 [INFO] gui.logic_panel - LogicPanel _on_rule_change (imported): 收到 'imported' 通知，将重新加载所有规则到Treeview。
2025-05-20 08:27:26,382 [INFO] gui.logic_panel - LogicPanel: 主窗口引用无效、rules_loaded属性不存在或规则未加载，跳过加载到树。
2025-05-20 08:27:26,386 [DEBUG] gui.logic_panel - LogicPanel _on_rule_change: Treeview update_idletasks() 已调用，处理类型 'imported' 完成。
2025-05-20 08:27:26,386 [INFO] core.logic_builder - 从临时文件 (C:\Users\mengy\Desktop\ZK_LogicBom_Builder\data\temp_rules_latest.json) 加载 1 条规则完成。导出状态: True
2025-05-20 08:27:26,387 [INFO] gui.main_window_tk - 未检测到需要提示加载的未导出规则。MainWindow.rules_loaded 设置为 False。
2025-05-20 08:27:26,388 [INFO] gui.logic_panel - LogicPanel: 主窗口引用无效、rules_loaded属性不存在或规则未加载，跳过加载到树。
2025-05-20 08:29:29,342 [INFO] core.logic_builder - 开始导入规则文件: C:/Users/mengy/OneDrive/Kabine_Test_Dokument/2.json
2025-05-20 08:29:29,343 [INFO] core.logic_builder - 已清空现有规则
2025-05-20 08:29:29,343 [INFO] core.logic_builder - 导入时检测到新版大写键名规则文件格式 (BL_rules/TL_rules)。
2025-05-20 08:29:29,344 [DEBUG] core.logic_builder - Rule BL01 imported from file. Original file description: 'Fzg: 9 Plätze → PL-Außenkotflügel-Außenkotflügel MAN 18t Euro 5 kpl-Z-Cab NG RAL XXXX'. Regenerating description.
2025-05-20 08:29:29,344 [DEBUG] core.logic_builder - Generated condition part for rule BL01: 'Fzg: 9 Plätze'
2025-05-20 08:29:29,344 [DEBUG] core.logic_builder - Generated action part for rule BL01: 'PL-Außenkotflügel-Außenkotflügel MAN 18t Euro 5 kpl-Z-Cab NG RAL XXXX'
2025-05-20 08:29:29,345 [INFO] core.logic_builder - Newly generated description for imported rule BL01: 'Fzg: 9 Plätze → PL-Außenkotflügel-Außenkotflügel MAN 18t Euro 5 kpl-Z-Cab NG RAL XXXX'
2025-05-20 08:29:29,345 [DEBUG] core.logic_builder - 成功导入规则: ID=BL01, Desc='Fzg: 9 Plätze → PL-Außenkotflügel-Außenkotflügel M...'
2025-05-20 08:29:29,346 [INFO] core.logic_builder - 已保存 1 条规则到临时文件 (C:\Users\mengy\Desktop\ZK_LogicBom_Builder\data\temp_rules_latest.json)
2025-05-20 08:29:29,347 [INFO] gui.logic_panel - LogicPanel _on_rule_change: 收到通知: 类型='imported', RuleID='None'
2025-05-20 08:29:29,347 [INFO] gui.logic_panel - LogicPanel _on_rule_change (imported): 收到 'imported' 通知，将重新加载所有规则到Treeview。
2025-05-20 08:29:29,347 [INFO] gui.logic_panel - LogicPanel: 主窗口引用无效、rules_loaded属性不存在或规则未加载，跳过加载到树。
2025-05-20 08:29:29,350 [DEBUG] gui.logic_panel - LogicPanel _on_rule_change: Treeview update_idletasks() 已调用，处理类型 'imported' 完成。
2025-05-20 08:29:29,350 [INFO] core.logic_builder - 规则导入完成，成功导入 1 条规则（BOM逻辑: 1，微调逻辑: 0）
2025-05-20 08:29:29,350 [INFO] gui.main_window_tk - 成功导入 1 条规则（BOM逻辑: 1，微调逻辑: 0）
规则状态统计：启用 1，测试 0，禁用 0
2025-05-20 08:29:29,351 [INFO] gui.logic_panel - LogicPanel: 开始加载规则到已保存规则框架 (非层级)
2025-05-20 08:29:29,351 [DEBUG] gui.logic_panel - LogicPanel: 从LogicBuilder获取到 1 条规则
2025-05-20 08:29:29,355 [INFO] gui.logic_panel - LogicPanel: 成功加载 1 条规则 (非层级) 到已保存规则框架
