2025-04-23 09:20:04,720 [INFO] root - 程序启动，日志文件: C:\Users\mengy\Desktop\ZK_LogicBom_Builder\logs\log_20250423_092004.log
2025-04-23 09:20:04,955 [INFO] __main__ - 正在启动程序...
2025-04-23 09:20:04,955 [DEBUG] __main__ - Python版本: 3.13.2 (tags/v3.13.2:4f8bb39, Feb  4 2025, 15:23:48) [MSC v.1942 64 bit (AMD64)]
2025-04-23 09:20:04,955 [DEBUG] __main__ - 当前工作目录: C:\Users\mengy\Desktop\ZK_LogicBom_Builder
2025-04-23 09:20:04,956 [DEBUG] __main__ - src_dir路径: c:\Users\mengy\Desktop\ZK_LogicBom_Builder
2025-04-23 09:20:04,977 [INFO] __main__ - 正在创建语言选择对话框...
2025-04-23 09:20:06,827 [INFO] gui.language_dialog_tk - 已选择语言: zh
2025-04-23 09:20:06,858 [INFO] __main__ - 语言选择结果: zh
2025-04-23 09:20:06,859 [INFO] __main__ - 正在创建主题选择对话框...
2025-04-23 09:20:06,859 [DEBUG] gui.theme_dialog_tk - 创建主题选择对话框
2025-04-23 09:20:06,859 [ERROR] __main__ - 创建主题选择对话框失败: 'str' object has no attribute 'get'
Traceback (most recent call last):
  File "c:\Users\mengy\Desktop\ZK_LogicBom_Builder\app_tk.py", line 81, in main
    theme_dialog = SimpleThemeDialog(temp_root)
  File "c:\Users\mengy\Desktop\ZK_LogicBom_Builder\gui\theme_dialog_tk.py", line 29, in __init__
    self.title(language_manager.get_text("theme_dialog_title"))
               ~~~~~~~~~~~~~~~~~~~~~~~~~^^^^^^^^^^^^^^^^^^^^^^
  File "c:\Users\mengy\Desktop\ZK_LogicBom_Builder\utils\language_manager.py", line 464, in get_text
    return self.translations[key].get(self._current_language, key)
           ^^^^^^^^^^^^^^^^^^^^^^^^^^
AttributeError: 'str' object has no attribute 'get'
2025-04-23 09:20:06,876 [INFO] __main__ - 正在配置主窗口...
2025-04-23 09:20:06,959 [INFO] __main__ - 开始创建MainWindow实例...
2025-04-23 09:20:06,960 [INFO] core.logic_builder - 已加载 6 条规则
2025-04-23 09:20:06,967 [CRITICAL] __main__ - 创建主窗口失败: 'str' object has no attribute 'get'
Traceback (most recent call last):
  File "c:\Users\mengy\Desktop\ZK_LogicBom_Builder\app_tk.py", line 266, in main
    main_window = MainWindow(temp_root)
  File "c:\Users\mengy\Desktop\ZK_LogicBom_Builder\gui\main_window_tk.py", line 59, in __init__
    self._create_widgets()
    ~~~~~~~~~~~~~~~~~~~~^^
  File "c:\Users\mengy\Desktop\ZK_LogicBom_Builder\gui\main_window_tk.py", line 238, in _create_widgets
    text=language_manager.get_text("panels_title"),
         ~~~~~~~~~~~~~~~~~~~~~~~~~^^^^^^^^^^^^^^^^
  File "c:\Users\mengy\Desktop\ZK_LogicBom_Builder\utils\language_manager.py", line 464, in get_text
    return self.translations[key].get(self._current_language, key)
           ^^^^^^^^^^^^^^^^^^^^^^^^^^
AttributeError: 'str' object has no attribute 'get'
2025-04-23 09:20:06,969 [CRITICAL] __main__ - 详细错误：
Traceback (most recent call last):
  File "c:\Users\mengy\Desktop\ZK_LogicBom_Builder\app_tk.py", line 266, in main
    main_window = MainWindow(temp_root)
  File "c:\Users\mengy\Desktop\ZK_LogicBom_Builder\gui\main_window_tk.py", line 59, in __init__
    self._create_widgets()
    ~~~~~~~~~~~~~~~~~~~~^^
  File "c:\Users\mengy\Desktop\ZK_LogicBom_Builder\gui\main_window_tk.py", line 238, in _create_widgets
    text=language_manager.get_text("panels_title"),
         ~~~~~~~~~~~~~~~~~~~~~~~~~^^^^^^^^^^^^^^^^
  File "c:\Users\mengy\Desktop\ZK_LogicBom_Builder\utils\language_manager.py", line 464, in get_text
    return self.translations[key].get(self._current_language, key)
           ^^^^^^^^^^^^^^^^^^^^^^^^^^
AttributeError: 'str' object has no attribute 'get'
Traceback (most recent call last):
  File "c:\Users\mengy\Desktop\ZK_LogicBom_Builder\app_tk.py", line 266, in main
    main_window = MainWindow(temp_root)
  File "c:\Users\mengy\Desktop\ZK_LogicBom_Builder\gui\main_window_tk.py", line 59, in __init__
    self._create_widgets()
    ~~~~~~~~~~~~~~~~~~~~^^
  File "c:\Users\mengy\Desktop\ZK_LogicBom_Builder\gui\main_window_tk.py", line 238, in _create_widgets
    text=language_manager.get_text("panels_title"),
         ~~~~~~~~~~~~~~~~~~~~~~~~~^^^^^^^^^^^^^^^^
  File "c:\Users\mengy\Desktop\ZK_LogicBom_Builder\utils\language_manager.py", line 464, in get_text
    return self.translations[key].get(self._current_language, key)
           ^^^^^^^^^^^^^^^^^^^^^^^^^^
AttributeError: 'str' object has no attribute 'get'
2025-04-23 09:20:06,970 [CRITICAL] __main__ - 启动程序时出错: 'str' object has no attribute 'get'
Traceback (most recent call last):
  File "c:\Users\mengy\Desktop\ZK_LogicBom_Builder\app_tk.py", line 266, in main
    main_window = MainWindow(temp_root)
  File "c:\Users\mengy\Desktop\ZK_LogicBom_Builder\gui\main_window_tk.py", line 59, in __init__
    self._create_widgets()
    ~~~~~~~~~~~~~~~~~~~~^^
  File "c:\Users\mengy\Desktop\ZK_LogicBom_Builder\gui\main_window_tk.py", line 238, in _create_widgets
    text=language_manager.get_text("panels_title"),
         ~~~~~~~~~~~~~~~~~~~~~~~~~^^^^^^^^^^^^^^^^
  File "c:\Users\mengy\Desktop\ZK_LogicBom_Builder\utils\language_manager.py", line 464, in get_text
    return self.translations[key].get(self._current_language, key)
           ^^^^^^^^^^^^^^^^^^^^^^^^^^
AttributeError: 'str' object has no attribute 'get'
2025-04-23 09:20:06,971 [CRITICAL] __main__ - 详细错误：
Traceback (most recent call last):
  File "c:\Users\mengy\Desktop\ZK_LogicBom_Builder\app_tk.py", line 266, in main
    main_window = MainWindow(temp_root)
  File "c:\Users\mengy\Desktop\ZK_LogicBom_Builder\gui\main_window_tk.py", line 59, in __init__
    self._create_widgets()
    ~~~~~~~~~~~~~~~~~~~~^^
  File "c:\Users\mengy\Desktop\ZK_LogicBom_Builder\gui\main_window_tk.py", line 238, in _create_widgets
    text=language_manager.get_text("panels_title"),
         ~~~~~~~~~~~~~~~~~~~~~~~~~^^^^^^^^^^^^^^^^
  File "c:\Users\mengy\Desktop\ZK_LogicBom_Builder\utils\language_manager.py", line 464, in get_text
    return self.translations[key].get(self._current_language, key)
           ^^^^^^^^^^^^^^^^^^^^^^^^^^
AttributeError: 'str' object has no attribute 'get'
Traceback (most recent call last):
  File "c:\Users\mengy\Desktop\ZK_LogicBom_Builder\app_tk.py", line 266, in main
    main_window = MainWindow(temp_root)
  File "c:\Users\mengy\Desktop\ZK_LogicBom_Builder\gui\main_window_tk.py", line 59, in __init__
    self._create_widgets()
    ~~~~~~~~~~~~~~~~~~~~^^
  File "c:\Users\mengy\Desktop\ZK_LogicBom_Builder\gui\main_window_tk.py", line 238, in _create_widgets
    text=language_manager.get_text("panels_title"),
         ~~~~~~~~~~~~~~~~~~~~~~~~~^^^^^^^^^^^^^^^^
  File "c:\Users\mengy\Desktop\ZK_LogicBom_Builder\utils\language_manager.py", line 464, in get_text
    return self.translations[key].get(self._current_language, key)
           ^^^^^^^^^^^^^^^^^^^^^^^^^^
AttributeError: 'str' object has no attribute 'get'
