2025-04-28 10:02:38,079 [INFO] root - 程序启动，日志文件: C:\Users\mengy\Desktop\ZK_LogicBom_Builder\logs\log_20250428_100238.log
2025-04-28 10:02:38,325 [INFO] __main__ - 正在启动程序...
2025-04-28 10:02:38,325 [DEBUG] __main__ - Python版本: 3.13.2 (tags/v3.13.2:4f8bb39, Feb  4 2025, 15:23:48) [MSC v.1942 64 bit (AMD64)]
2025-04-28 10:02:38,326 [DEBUG] __main__ - 当前工作目录: C:\Users\mengy\Desktop\ZK_LogicBom_Builder
2025-04-28 10:02:38,326 [DEBUG] __main__ - src_dir路径: c:\Users\mengy\Desktop\ZK_LogicBom_Builder
2025-04-28 10:02:38,347 [INFO] __main__ - 正在创建语言选择对话框...
2025-04-28 10:02:39,153 [INFO] gui.language_dialog_tk - 已选择语言: zh
2025-04-28 10:02:39,174 [INFO] __main__ - 语言选择结果: zh
2025-04-28 10:02:39,174 [INFO] __main__ - 正在创建主题选择对话框...
2025-04-28 10:02:39,174 [DEBUG] gui.theme_dialog_tk - 创建主题选择对话框
2025-04-28 10:02:39,179 [DEBUG] gui.theme_dialog_tk - 主题选择对话框创建完成
2025-04-28 10:02:39,875 [DEBUG] gui.theme_dialog_tk - 用户选择了light主题
2025-04-28 10:02:39,898 [INFO] __main__ - 主题选择结果: light
2025-04-28 10:02:39,913 [INFO] __main__ - 正在配置主窗口...
2025-04-28 10:02:40,021 [INFO] __main__ - 开始创建MainWindow实例...
2025-04-28 10:02:40,022 [INFO] core.logic_builder - 已加载 6 条规则
2025-04-28 10:02:40,063 [INFO] __main__ - MainWindow实例创建完成
2025-04-28 10:02:40,348 [INFO] __main__ - 开始mainloop()...
2025-04-28 10:02:41,857 [INFO] core.config_processor - 找到工作表: ['TD', '0.模板&Vorlage', '1.Fahrgestell', '2.Fahrzeug allgemein', '3.Beschriftung&Kennzeichnung', '4. Anbauten&Fahrgestellarbeiten', '5. Fahrer_Mannschaftsraum', '6.Koffer', '7.Lichtmast', '8.Pumpenanlage', '9.Seilwinde&Generator', '10.Halterungen']
2025-04-28 10:02:41,857 [DEBUG] core.config_processor - 跳过工作表: TD
2025-04-28 10:02:41,858 [DEBUG] core.config_processor - 跳过工作表: 0.模板&Vorlage
2025-04-28 10:02:41,858 [INFO] core.config_processor - 处理工作表: 1.Fahrgestell -> 模块: 1.Fahrgestell
2025-04-28 10:02:41,875 [INFO] core.config_processor - 处理工作表: 2.Fahrzeug allgemein -> 模块: 2.Fahrzeug allgemein
2025-04-28 10:02:41,892 [INFO] core.config_processor - 处理工作表: 3.Beschriftung&Kennzeichnung -> 模块: 3.Beschriftung&Kennzeichnung
2025-04-28 10:02:41,910 [INFO] core.config_processor - 处理工作表: 4. Anbauten&Fahrgestellarbeiten -> 模块: 4.Anbauten&Fahrgestellarbeiten
2025-04-28 10:02:41,928 [INFO] core.config_processor - 处理工作表: 5. Fahrer_Mannschaftsraum -> 模块: 5.Fahrer_Mannschaftsraum
2025-04-28 10:02:41,948 [INFO] core.config_processor - 处理工作表: 6.Koffer -> 模块: 6.Koffer
2025-04-28 10:02:41,964 [INFO] core.config_processor - 处理工作表: 7.Lichtmast -> 模块: 7.Lichtmast
2025-04-28 10:02:41,979 [INFO] core.config_processor - 处理工作表: 8.Pumpenanlage -> 模块: 8.Pumpenanlage
2025-04-28 10:02:41,996 [INFO] core.config_processor - 处理工作表: 9.Seilwinde&Generator -> 模块: 9.Seilwinde&Generator
2025-04-28 10:02:42,013 [INFO] core.config_processor - 处理工作表: 10.Halterungen -> 模块: 10.Halterungen
2025-04-28 10:02:42,028 [INFO] gui.config_panel - 成功导入配置文件: C:/Users/mengy/Desktop/配置选项_Konfigurationsoptions.xlsm
2025-04-28 10:02:42,032 [INFO] gui.main_window_tk - 成功保存配置文件路径到app_config.json: C:/Users/mengy/Desktop/配置选项_Konfigurationsoptions.xlsm
2025-04-28 10:02:42,032 [INFO] gui.config_panel - 已保存配置文件路径到app_config.json: C:/Users/mengy/Desktop/配置选项_Konfigurationsoptions.xlsm
2025-04-28 10:02:43,117 [INFO] core.bom_processor - 开始导入BOM文件: C:/Users/mengy/Desktop/Bom.xlsx
2025-04-28 10:02:43,117 [INFO] core.bom_processor - 已清空现有数据
2025-04-28 10:02:43,117 [INFO] core.bom_processor - 正在读取Excel文件...
2025-04-28 10:02:43,121 [INFO] core.bom_processor - 成功打开Excel文件，包含以下工作表: ['Max-Gruppe']
2025-04-28 10:02:43,121 [INFO] core.bom_processor - 正在读取 Max-Gruppe 工作表...
2025-04-28 10:02:43,130 [INFO] core.bom_processor - 成功读取工作表，共 154 行数据
2025-04-28 10:02:43,130 [INFO] core.bom_processor - 所有必需列均存在，开始处理数据...
2025-04-28 10:02:43,131 [INFO] core.bom_processor - 过滤空层级后剩余 153 行数据
2025-04-28 10:02:43,132 [INFO] core.bom_processor - 
开始处理数据...
2025-04-28 10:02:43,135 [INFO] core.bom_processor - 
数据处理完成，成功处理 {processed_count} 行数据
2025-04-28 10:02:43,136 [INFO] core.bom_processor - 第 1 级节点数量: 1
2025-04-28 10:02:43,136 [INFO] core.bom_processor - 第 2 级节点数量: 133
2025-04-28 10:02:43,136 [INFO] core.bom_processor - 第 3 级节点数量: 19
2025-04-28 10:02:43,137 [INFO] core.bom_processor - BOM文件导入成功，共处理 153 个项目
2025-04-28 10:02:43,137 [INFO] gui.bom_panel - 成功导入BOM文件: C:/Users/mengy/Desktop/Bom.xlsx
2025-04-28 10:02:43,137 [INFO] gui.bom_panel - 开始刷新树状图
2025-04-28 10:02:43,138 [INFO] gui.bom_panel - 树状图刷新完成
2025-04-28 10:02:43,139 [INFO] gui.main_window_tk - 成功保存BOM文件路径到app_config.json: C:/Users/mengy/Desktop/Bom.xlsx
2025-04-28 10:02:43,139 [INFO] gui.bom_panel - 已保存BOM文件路径到app_config.json: C:/Users/mengy/Desktop/Bom.xlsx
2025-04-28 10:02:45,259 [INFO] core.logic_builder - 使用规则文件: C:\Users\mengy\Desktop\ZK_LogicBom_Builder\data\temp_rules_latest.json
2025-04-28 10:02:45,260 [DEBUG] core.logic_builder - 导入规则: ID=LS07, 类型=static
2025-04-28 10:02:45,260 [DEBUG] core.logic_builder - 导入规则: ID=LS08, 类型=static
2025-04-28 10:02:45,261 [DEBUG] core.logic_builder - 导入规则: ID=LS09, 类型=static
2025-04-28 10:02:45,261 [DEBUG] core.logic_builder - 导入规则: ID=BL03, 类型=static
2025-04-28 10:02:45,262 [DEBUG] core.logic_builder - 导入规则: ID=BL01, 类型=static
2025-04-28 10:02:45,262 [DEBUG] core.logic_builder - 导入规则: ID=BL02, 类型=static
2025-04-28 10:02:45,273 [INFO] core.logic_builder - 规则数据已保存到文件: C:\Users\mengy\Desktop\ZK_LogicBom_Builder\data\temp_rules_latest.json
2025-04-28 10:02:45,274 [INFO] core.logic_builder - 已导入 6 条规则
2025-04-28 10:02:51,118 [INFO] gui.logic_library_window - 已加载 6 条 BOM 逻辑关系规则
2025-04-28 10:04:00,306 [INFO] core.logic_builder - 规则数据已保存到文件: C:\Users\mengy\Desktop\ZK_LogicBom_Builder\data\temp_rules_latest.json
2025-04-28 10:04:03,168 [INFO] gui.logic_library_window - 已加载 6 条 BOM 逻辑关系规则
