2025-04-16 11:09:21,376 [INFO] root - 程序启动，日志文件: C:\Users\mengy\Desktop\ZK_LogicBom_Builder\logs\log_20250416_110921.log
2025-04-16 11:09:21,611 [INFO] __main__ - 正在启动程序...
2025-04-16 11:09:21,611 [DEBUG] __main__ - Python版本: 3.13.2 (tags/v3.13.2:4f8bb39, Feb  4 2025, 15:23:48) [MSC v.1942 64 bit (AMD64)]
2025-04-16 11:09:21,611 [DEBUG] __main__ - 当前工作目录: C:\Users\mengy\Desktop\ZK_LogicBom_Builder
2025-04-16 11:09:21,611 [DEBUG] __main__ - src_dir路径: c:\Users\mengy\Desktop\ZK_LogicBom_Builder
2025-04-16 11:09:21,633 [INFO] __main__ - 正在创建语言选择对话框...
2025-04-16 11:09:23,014 [INFO] gui.language_dialog_tk - 已选择语言: zh
2025-04-16 11:09:23,043 [INFO] __main__ - 语言选择结果: zh
2025-04-16 11:09:23,064 [INFO] __main__ - 正在配置主窗口...
2025-04-16 11:09:23,160 [INFO] __main__ - 开始创建MainWindow实例...
2025-04-16 11:09:23,161 [INFO] core.logic_builder - 已加载 6 条规则
2025-04-16 11:09:23,189 [INFO] __main__ - MainWindow实例创建完成
2025-04-16 11:09:23,474 [INFO] __main__ - 开始mainloop()...
2025-04-16 11:09:27,609 [INFO] gui.theme_dialog_tk - 已切换到主题: light
2025-04-16 11:09:27,619 [ERROR] utils.theme_manager_tk - 应用主题失败: Duplicate element TRadiobutton.indicator
Traceback (most recent call last):
  File "c:\Users\mengy\Desktop\ZK_LogicBom_Builder\utils\theme_manager_tk.py", line 198, in apply_theme
    style.theme_use(theme_name)
    ~~~~~~~~~~~~~~~^^^^^^^^^^^^
  File "D:\Python\Lib\site-packages\ttkbootstrap\style.py", line 586, in theme_use
    self._create_ttk_styles_on_theme_change()
    ~~~~~~~~~~~~~~~~~~~~~~~~~~~~~~~~~~~~~~~^^
  File "D:\Python\Lib\site-packages\ttkbootstrap\style.py", line 692, in _create_ttk_styles_on_theme_change
    method(builder, color)
    ~~~~~~^^^^^^^^^^^^^^^^
  File "D:\Python\Lib\site-packages\ttkbootstrap\style.py", line 3584, in create_radiobutton_style
    self.style.element_create(
    ~~~~~~~~~~~~~~~~~~~~~~~~~^
        f"{ttkstyle}.indicator",
        ^^^^^^^^^^^^^^^^^^^^^^^^
    ...<7 lines>...
        sticky=tk.W,
        ^^^^^^^^^^^^
    )
    ^
  File "D:\Python\Lib\tkinter\ttk.py", line 445, in element_create
    self.tk.call(self._name, "element", "create", elementname, etype,
    ~~~~~~~~~~~~^^^^^^^^^^^^^^^^^^^^^^^^^^^^^^^^^^^^^^^^^^^^^^^^^^^^^
        *specs, *opts)
        ^^^^^^^^^^^^^^
_tkinter.TclError: Duplicate element TRadiobutton.indicator
2025-04-16 11:09:27,623 [CRITICAL] __main__ - 未捕获的异常: Duplicate element TRadiobutton.indicator
Traceback (most recent call last):
  File "D:\Python\Lib\tkinter\__init__.py", line 2068, in __call__
    return self.func(*args)
           ~~~~~~~~~^^^^^^^
  File "c:\Users\mengy\Desktop\ZK_LogicBom_Builder\gui\theme_dialog_tk.py", line 247, in _on_ok
    self.callback(selected_theme)
    ~~~~~~~~~~~~~^^^^^^^^^^^^^^^^
  File "c:\Users\mengy\Desktop\ZK_LogicBom_Builder\gui\main_window_tk.py", line 385, in _on_theme_changed
    theme_manager.apply_theme(self.root)
    ~~~~~~~~~~~~~~~~~~~~~~~~~^^^^^^^^^^^
  File "c:\Users\mengy\Desktop\ZK_LogicBom_Builder\utils\theme_manager_tk.py", line 198, in apply_theme
    style.theme_use(theme_name)
    ~~~~~~~~~~~~~~~^^^^^^^^^^^^
  File "D:\Python\Lib\site-packages\ttkbootstrap\style.py", line 586, in theme_use
    self._create_ttk_styles_on_theme_change()
    ~~~~~~~~~~~~~~~~~~~~~~~~~~~~~~~~~~~~~~~^^
  File "D:\Python\Lib\site-packages\ttkbootstrap\style.py", line 692, in _create_ttk_styles_on_theme_change
    method(builder, color)
    ~~~~~~^^^^^^^^^^^^^^^^
  File "D:\Python\Lib\site-packages\ttkbootstrap\style.py", line 3584, in create_radiobutton_style
    self.style.element_create(
    ~~~~~~~~~~~~~~~~~~~~~~~~~^
        f"{ttkstyle}.indicator",
        ^^^^^^^^^^^^^^^^^^^^^^^^
    ...<7 lines>...
        sticky=tk.W,
        ^^^^^^^^^^^^
    )
    ^
  File "D:\Python\Lib\tkinter\ttk.py", line 445, in element_create
    self.tk.call(self._name, "element", "create", elementname, etype,
    ~~~~~~~~~~~~^^^^^^^^^^^^^^^^^^^^^^^^^^^^^^^^^^^^^^^^^^^^^^^^^^^^^
        *specs, *opts)
        ^^^^^^^^^^^^^^
_tkinter.TclError: Duplicate element TRadiobutton.indicator
2025-04-16 11:09:27,628 [CRITICAL] __main__ - 详细错误栈:
['Traceback (most recent call last):\n', '  File "D:\\Python\\Lib\\tkinter\\__init__.py", line 2068, in __call__\n    return self.func(*args)\n           ~~~~~~~~~^^^^^^^\n', '  File "c:\\Users\\mengy\\Desktop\\ZK_LogicBom_Builder\\gui\\theme_dialog_tk.py", line 247, in _on_ok\n    self.callback(selected_theme)\n    ~~~~~~~~~~~~~^^^^^^^^^^^^^^^^\n', '  File "c:\\Users\\mengy\\Desktop\\ZK_LogicBom_Builder\\gui\\main_window_tk.py", line 385, in _on_theme_changed\n    theme_manager.apply_theme(self.root)\n    ~~~~~~~~~~~~~~~~~~~~~~~~~^^^^^^^^^^^\n', '  File "c:\\Users\\mengy\\Desktop\\ZK_LogicBom_Builder\\utils\\theme_manager_tk.py", line 198, in apply_theme\n    style.theme_use(theme_name)\n    ~~~~~~~~~~~~~~~^^^^^^^^^^^^\n', '  File "D:\\Python\\Lib\\site-packages\\ttkbootstrap\\style.py", line 586, in theme_use\n    self._create_ttk_styles_on_theme_change()\n    ~~~~~~~~~~~~~~~~~~~~~~~~~~~~~~~~~~~~~~~^^\n', '  File "D:\\Python\\Lib\\site-packages\\ttkbootstrap\\style.py", line 692, in _create_ttk_styles_on_theme_change\n    method(builder, color)\n    ~~~~~~^^^^^^^^^^^^^^^^\n', '  File "D:\\Python\\Lib\\site-packages\\ttkbootstrap\\style.py", line 3584, in create_radiobutton_style\n    self.style.element_create(\n    ~~~~~~~~~~~~~~~~~~~~~~~~~^\n        f"{ttkstyle}.indicator",\n        ^^^^^^^^^^^^^^^^^^^^^^^^\n    ...<7 lines>...\n        sticky=tk.W,\n        ^^^^^^^^^^^^\n    )\n    ^\n', '  File "D:\\Python\\Lib\\tkinter\\ttk.py", line 445, in element_create\n    self.tk.call(self._name, "element", "create", elementname, etype,\n    ~~~~~~~~~~~~^^^^^^^^^^^^^^^^^^^^^^^^^^^^^^^^^^^^^^^^^^^^^^^^^^^^^\n        *specs, *opts)\n        ^^^^^^^^^^^^^^\n', '_tkinter.TclError: Duplicate element TRadiobutton.indicator\n']
Traceback (most recent call last):
  File "D:\Python\Lib\tkinter\__init__.py", line 2068, in __call__
    return self.func(*args)
           ~~~~~~~~~^^^^^^^
  File "c:\Users\mengy\Desktop\ZK_LogicBom_Builder\gui\theme_dialog_tk.py", line 247, in _on_ok
    self.callback(selected_theme)
    ~~~~~~~~~~~~~^^^^^^^^^^^^^^^^
  File "c:\Users\mengy\Desktop\ZK_LogicBom_Builder\gui\main_window_tk.py", line 385, in _on_theme_changed
    theme_manager.apply_theme(self.root)
    ~~~~~~~~~~~~~~~~~~~~~~~~~^^^^^^^^^^^
  File "c:\Users\mengy\Desktop\ZK_LogicBom_Builder\utils\theme_manager_tk.py", line 198, in apply_theme
    style.theme_use(theme_name)
    ~~~~~~~~~~~~~~~^^^^^^^^^^^^
  File "D:\Python\Lib\site-packages\ttkbootstrap\style.py", line 586, in theme_use
    self._create_ttk_styles_on_theme_change()
    ~~~~~~~~~~~~~~~~~~~~~~~~~~~~~~~~~~~~~~~^^
  File "D:\Python\Lib\site-packages\ttkbootstrap\style.py", line 692, in _create_ttk_styles_on_theme_change
    method(builder, color)
    ~~~~~~^^^^^^^^^^^^^^^^
  File "D:\Python\Lib\site-packages\ttkbootstrap\style.py", line 3584, in create_radiobutton_style
    self.style.element_create(
    ~~~~~~~~~~~~~~~~~~~~~~~~~^
        f"{ttkstyle}.indicator",
        ^^^^^^^^^^^^^^^^^^^^^^^^
    ...<7 lines>...
        sticky=tk.W,
        ^^^^^^^^^^^^
    )
    ^
  File "D:\Python\Lib\tkinter\ttk.py", line 445, in element_create
    self.tk.call(self._name, "element", "create", elementname, etype,
    ~~~~~~~~~~~~^^^^^^^^^^^^^^^^^^^^^^^^^^^^^^^^^^^^^^^^^^^^^^^^^^^^^
        *specs, *opts)
        ^^^^^^^^^^^^^^
_tkinter.TclError: Duplicate element TRadiobutton.indicator
2025-04-16 11:11:29,452 [INFO] gui.theme_dialog_tk - 已切换到主题: light
2025-04-16 11:11:29,458 [ERROR] utils.theme_manager_tk - 应用主题失败: Duplicate element TRadiobutton.indicator
Traceback (most recent call last):
  File "c:\Users\mengy\Desktop\ZK_LogicBom_Builder\utils\theme_manager_tk.py", line 198, in apply_theme
  File "D:\Python\Lib\site-packages\ttkbootstrap\style.py", line 586, in theme_use
    self._create_ttk_styles_on_theme_change()
    ~~~~~~~~~~~~~~~~~~~~~~~~~~~~~~~~~~~~~~~^^
  File "D:\Python\Lib\site-packages\ttkbootstrap\style.py", line 692, in _create_ttk_styles_on_theme_change
    method(builder, color)
    ~~~~~~^^^^^^^^^^^^^^^^
  File "D:\Python\Lib\site-packages\ttkbootstrap\style.py", line 3584, in create_radiobutton_style
    self.style.element_create(
    ~~~~~~~~~~~~~~~~~~~~~~~~~^
        f"{ttkstyle}.indicator",
        ^^^^^^^^^^^^^^^^^^^^^^^^
    ...<7 lines>...
        sticky=tk.W,
        ^^^^^^^^^^^^
    )
    ^
  File "D:\Python\Lib\tkinter\ttk.py", line 445, in element_create
    self.tk.call(self._name, "element", "create", elementname, etype,
    ~~~~~~~~~~~~^^^^^^^^^^^^^^^^^^^^^^^^^^^^^^^^^^^^^^^^^^^^^^^^^^^^^
        *specs, *opts)
        ^^^^^^^^^^^^^^
_tkinter.TclError: Duplicate element TRadiobutton.indicator
2025-04-16 11:11:29,460 [CRITICAL] __main__ - 未捕获的异常: Duplicate element TRadiobutton.indicator
Traceback (most recent call last):
  File "D:\Python\Lib\tkinter\__init__.py", line 2068, in __call__
    return self.func(*args)
           ~~~~~~~~~^^^^^^^
  File "c:\Users\mengy\Desktop\ZK_LogicBom_Builder\gui\theme_dialog_tk.py", line 247, in _on_ok
    self.callback(selected_theme)
    ~~~~~~~~~~~~~^^^^^^^^^^^^^^^^
  File "c:\Users\mengy\Desktop\ZK_LogicBom_Builder\gui\main_window_tk.py", line 385, in _on_theme_changed
    theme_manager.apply_theme(self.root)
    ~~~~~~~~~~~~~~~~~~~~~~~~~^^^^^^^^^^^
  File "c:\Users\mengy\Desktop\ZK_LogicBom_Builder\utils\theme_manager_tk.py", line 198, in apply_theme
  File "D:\Python\Lib\site-packages\ttkbootstrap\style.py", line 586, in theme_use
    self._create_ttk_styles_on_theme_change()
    ~~~~~~~~~~~~~~~~~~~~~~~~~~~~~~~~~~~~~~~^^
  File "D:\Python\Lib\site-packages\ttkbootstrap\style.py", line 692, in _create_ttk_styles_on_theme_change
    method(builder, color)
    ~~~~~~^^^^^^^^^^^^^^^^
  File "D:\Python\Lib\site-packages\ttkbootstrap\style.py", line 3584, in create_radiobutton_style
    self.style.element_create(
    ~~~~~~~~~~~~~~~~~~~~~~~~~^
        f"{ttkstyle}.indicator",
        ^^^^^^^^^^^^^^^^^^^^^^^^
    ...<7 lines>...
        sticky=tk.W,
        ^^^^^^^^^^^^
    )
    ^
  File "D:\Python\Lib\tkinter\ttk.py", line 445, in element_create
    self.tk.call(self._name, "element", "create", elementname, etype,
    ~~~~~~~~~~~~^^^^^^^^^^^^^^^^^^^^^^^^^^^^^^^^^^^^^^^^^^^^^^^^^^^^^
        *specs, *opts)
        ^^^^^^^^^^^^^^
_tkinter.TclError: Duplicate element TRadiobutton.indicator
2025-04-16 11:11:29,463 [CRITICAL] __main__ - 详细错误栈:
['Traceback (most recent call last):\n', '  File "D:\\Python\\Lib\\tkinter\\__init__.py", line 2068, in __call__\n    return self.func(*args)\n           ~~~~~~~~~^^^^^^^\n', '  File "c:\\Users\\mengy\\Desktop\\ZK_LogicBom_Builder\\gui\\theme_dialog_tk.py", line 247, in _on_ok\n    self.callback(selected_theme)\n    ~~~~~~~~~~~~~^^^^^^^^^^^^^^^^\n', '  File "c:\\Users\\mengy\\Desktop\\ZK_LogicBom_Builder\\gui\\main_window_tk.py", line 385, in _on_theme_changed\n    theme_manager.apply_theme(self.root)\n    ~~~~~~~~~~~~~~~~~~~~~~~~~^^^^^^^^^^^\n', '  File "c:\\Users\\mengy\\Desktop\\ZK_LogicBom_Builder\\utils\\theme_manager_tk.py", line 198, in apply_theme\n', '  File "D:\\Python\\Lib\\site-packages\\ttkbootstrap\\style.py", line 586, in theme_use\n    self._create_ttk_styles_on_theme_change()\n    ~~~~~~~~~~~~~~~~~~~~~~~~~~~~~~~~~~~~~~~^^\n', '  File "D:\\Python\\Lib\\site-packages\\ttkbootstrap\\style.py", line 692, in _create_ttk_styles_on_theme_change\n    method(builder, color)\n    ~~~~~~^^^^^^^^^^^^^^^^\n', '  File "D:\\Python\\Lib\\site-packages\\ttkbootstrap\\style.py", line 3584, in create_radiobutton_style\n    self.style.element_create(\n    ~~~~~~~~~~~~~~~~~~~~~~~~~^\n        f"{ttkstyle}.indicator",\n        ^^^^^^^^^^^^^^^^^^^^^^^^\n    ...<7 lines>...\n        sticky=tk.W,\n        ^^^^^^^^^^^^\n    )\n    ^\n', '  File "D:\\Python\\Lib\\tkinter\\ttk.py", line 445, in element_create\n    self.tk.call(self._name, "element", "create", elementname, etype,\n    ~~~~~~~~~~~~^^^^^^^^^^^^^^^^^^^^^^^^^^^^^^^^^^^^^^^^^^^^^^^^^^^^^\n        *specs, *opts)\n        ^^^^^^^^^^^^^^\n', '_tkinter.TclError: Duplicate element TRadiobutton.indicator\n']
Traceback (most recent call last):
  File "D:\Python\Lib\tkinter\__init__.py", line 2068, in __call__
    return self.func(*args)
           ~~~~~~~~~^^^^^^^
  File "c:\Users\mengy\Desktop\ZK_LogicBom_Builder\gui\theme_dialog_tk.py", line 247, in _on_ok
    self.callback(selected_theme)
    ~~~~~~~~~~~~~^^^^^^^^^^^^^^^^
  File "c:\Users\mengy\Desktop\ZK_LogicBom_Builder\gui\main_window_tk.py", line 385, in _on_theme_changed
    theme_manager.apply_theme(self.root)
    ~~~~~~~~~~~~~~~~~~~~~~~~~^^^^^^^^^^^
  File "c:\Users\mengy\Desktop\ZK_LogicBom_Builder\utils\theme_manager_tk.py", line 198, in apply_theme
  File "D:\Python\Lib\site-packages\ttkbootstrap\style.py", line 586, in theme_use
    self._create_ttk_styles_on_theme_change()
    ~~~~~~~~~~~~~~~~~~~~~~~~~~~~~~~~~~~~~~~^^
  File "D:\Python\Lib\site-packages\ttkbootstrap\style.py", line 692, in _create_ttk_styles_on_theme_change
    method(builder, color)
    ~~~~~~^^^^^^^^^^^^^^^^
  File "D:\Python\Lib\site-packages\ttkbootstrap\style.py", line 3584, in create_radiobutton_style
    self.style.element_create(
    ~~~~~~~~~~~~~~~~~~~~~~~~~^
        f"{ttkstyle}.indicator",
        ^^^^^^^^^^^^^^^^^^^^^^^^
    ...<7 lines>...
        sticky=tk.W,
        ^^^^^^^^^^^^
    )
    ^
  File "D:\Python\Lib\tkinter\ttk.py", line 445, in element_create
    self.tk.call(self._name, "element", "create", elementname, etype,
    ~~~~~~~~~~~~^^^^^^^^^^^^^^^^^^^^^^^^^^^^^^^^^^^^^^^^^^^^^^^^^^^^^
        *specs, *opts)
        ^^^^^^^^^^^^^^
_tkinter.TclError: Duplicate element TRadiobutton.indicator
2025-04-16 11:11:30,920 [INFO] gui.theme_dialog_tk - 已切换到主题: light
2025-04-16 11:11:30,925 [ERROR] utils.theme_manager_tk - 应用主题失败: Duplicate element TRadiobutton.indicator
Traceback (most recent call last):
  File "c:\Users\mengy\Desktop\ZK_LogicBom_Builder\utils\theme_manager_tk.py", line 198, in apply_theme
  File "D:\Python\Lib\site-packages\ttkbootstrap\style.py", line 586, in theme_use
    self._create_ttk_styles_on_theme_change()
    ~~~~~~~~~~~~~~~~~~~~~~~~~~~~~~~~~~~~~~~^^
  File "D:\Python\Lib\site-packages\ttkbootstrap\style.py", line 692, in _create_ttk_styles_on_theme_change
    method(builder, color)
    ~~~~~~^^^^^^^^^^^^^^^^
  File "D:\Python\Lib\site-packages\ttkbootstrap\style.py", line 3584, in create_radiobutton_style
    self.style.element_create(
    ~~~~~~~~~~~~~~~~~~~~~~~~~^
        f"{ttkstyle}.indicator",
        ^^^^^^^^^^^^^^^^^^^^^^^^
    ...<7 lines>...
        sticky=tk.W,
        ^^^^^^^^^^^^
    )
    ^
  File "D:\Python\Lib\tkinter\ttk.py", line 445, in element_create
    self.tk.call(self._name, "element", "create", elementname, etype,
    ~~~~~~~~~~~~^^^^^^^^^^^^^^^^^^^^^^^^^^^^^^^^^^^^^^^^^^^^^^^^^^^^^
        *specs, *opts)
        ^^^^^^^^^^^^^^
_tkinter.TclError: Duplicate element TRadiobutton.indicator
2025-04-16 11:11:30,926 [CRITICAL] __main__ - 未捕获的异常: Duplicate element TRadiobutton.indicator
Traceback (most recent call last):
  File "D:\Python\Lib\tkinter\__init__.py", line 2068, in __call__
    return self.func(*args)
           ~~~~~~~~~^^^^^^^
  File "c:\Users\mengy\Desktop\ZK_LogicBom_Builder\gui\theme_dialog_tk.py", line 247, in _on_ok
    self.callback(selected_theme)
    ~~~~~~~~~~~~~^^^^^^^^^^^^^^^^
  File "c:\Users\mengy\Desktop\ZK_LogicBom_Builder\gui\main_window_tk.py", line 385, in _on_theme_changed
    theme_manager.apply_theme(self.root)
    ~~~~~~~~~~~~~~~~~~~~~~~~~^^^^^^^^^^^
  File "c:\Users\mengy\Desktop\ZK_LogicBom_Builder\utils\theme_manager_tk.py", line 198, in apply_theme
  File "D:\Python\Lib\site-packages\ttkbootstrap\style.py", line 586, in theme_use
    self._create_ttk_styles_on_theme_change()
    ~~~~~~~~~~~~~~~~~~~~~~~~~~~~~~~~~~~~~~~^^
  File "D:\Python\Lib\site-packages\ttkbootstrap\style.py", line 692, in _create_ttk_styles_on_theme_change
    method(builder, color)
    ~~~~~~^^^^^^^^^^^^^^^^
  File "D:\Python\Lib\site-packages\ttkbootstrap\style.py", line 3584, in create_radiobutton_style
    self.style.element_create(
    ~~~~~~~~~~~~~~~~~~~~~~~~~^
        f"{ttkstyle}.indicator",
        ^^^^^^^^^^^^^^^^^^^^^^^^
    ...<7 lines>...
        sticky=tk.W,
        ^^^^^^^^^^^^
    )
    ^
  File "D:\Python\Lib\tkinter\ttk.py", line 445, in element_create
    self.tk.call(self._name, "element", "create", elementname, etype,
    ~~~~~~~~~~~~^^^^^^^^^^^^^^^^^^^^^^^^^^^^^^^^^^^^^^^^^^^^^^^^^^^^^
        *specs, *opts)
        ^^^^^^^^^^^^^^
_tkinter.TclError: Duplicate element TRadiobutton.indicator
2025-04-16 11:11:30,930 [CRITICAL] __main__ - 详细错误栈:
['Traceback (most recent call last):\n', '  File "D:\\Python\\Lib\\tkinter\\__init__.py", line 2068, in __call__\n    return self.func(*args)\n           ~~~~~~~~~^^^^^^^\n', '  File "c:\\Users\\mengy\\Desktop\\ZK_LogicBom_Builder\\gui\\theme_dialog_tk.py", line 247, in _on_ok\n    self.callback(selected_theme)\n    ~~~~~~~~~~~~~^^^^^^^^^^^^^^^^\n', '  File "c:\\Users\\mengy\\Desktop\\ZK_LogicBom_Builder\\gui\\main_window_tk.py", line 385, in _on_theme_changed\n    theme_manager.apply_theme(self.root)\n    ~~~~~~~~~~~~~~~~~~~~~~~~~^^^^^^^^^^^\n', '  File "c:\\Users\\mengy\\Desktop\\ZK_LogicBom_Builder\\utils\\theme_manager_tk.py", line 198, in apply_theme\n', '  File "D:\\Python\\Lib\\site-packages\\ttkbootstrap\\style.py", line 586, in theme_use\n    self._create_ttk_styles_on_theme_change()\n    ~~~~~~~~~~~~~~~~~~~~~~~~~~~~~~~~~~~~~~~^^\n', '  File "D:\\Python\\Lib\\site-packages\\ttkbootstrap\\style.py", line 692, in _create_ttk_styles_on_theme_change\n    method(builder, color)\n    ~~~~~~^^^^^^^^^^^^^^^^\n', '  File "D:\\Python\\Lib\\site-packages\\ttkbootstrap\\style.py", line 3584, in create_radiobutton_style\n    self.style.element_create(\n    ~~~~~~~~~~~~~~~~~~~~~~~~~^\n        f"{ttkstyle}.indicator",\n        ^^^^^^^^^^^^^^^^^^^^^^^^\n    ...<7 lines>...\n        sticky=tk.W,\n        ^^^^^^^^^^^^\n    )\n    ^\n', '  File "D:\\Python\\Lib\\tkinter\\ttk.py", line 445, in element_create\n    self.tk.call(self._name, "element", "create", elementname, etype,\n    ~~~~~~~~~~~~^^^^^^^^^^^^^^^^^^^^^^^^^^^^^^^^^^^^^^^^^^^^^^^^^^^^^\n        *specs, *opts)\n        ^^^^^^^^^^^^^^\n', '_tkinter.TclError: Duplicate element TRadiobutton.indicator\n']
Traceback (most recent call last):
  File "D:\Python\Lib\tkinter\__init__.py", line 2068, in __call__
    return self.func(*args)
           ~~~~~~~~~^^^^^^^
  File "c:\Users\mengy\Desktop\ZK_LogicBom_Builder\gui\theme_dialog_tk.py", line 247, in _on_ok
    self.callback(selected_theme)
    ~~~~~~~~~~~~~^^^^^^^^^^^^^^^^
  File "c:\Users\mengy\Desktop\ZK_LogicBom_Builder\gui\main_window_tk.py", line 385, in _on_theme_changed
    theme_manager.apply_theme(self.root)
    ~~~~~~~~~~~~~~~~~~~~~~~~~^^^^^^^^^^^
  File "c:\Users\mengy\Desktop\ZK_LogicBom_Builder\utils\theme_manager_tk.py", line 198, in apply_theme
  File "D:\Python\Lib\site-packages\ttkbootstrap\style.py", line 586, in theme_use
    self._create_ttk_styles_on_theme_change()
    ~~~~~~~~~~~~~~~~~~~~~~~~~~~~~~~~~~~~~~~^^
  File "D:\Python\Lib\site-packages\ttkbootstrap\style.py", line 692, in _create_ttk_styles_on_theme_change
    method(builder, color)
    ~~~~~~^^^^^^^^^^^^^^^^
  File "D:\Python\Lib\site-packages\ttkbootstrap\style.py", line 3584, in create_radiobutton_style
    self.style.element_create(
    ~~~~~~~~~~~~~~~~~~~~~~~~~^
        f"{ttkstyle}.indicator",
        ^^^^^^^^^^^^^^^^^^^^^^^^
    ...<7 lines>...
        sticky=tk.W,
        ^^^^^^^^^^^^
    )
    ^
  File "D:\Python\Lib\tkinter\ttk.py", line 445, in element_create
    self.tk.call(self._name, "element", "create", elementname, etype,
    ~~~~~~~~~~~~^^^^^^^^^^^^^^^^^^^^^^^^^^^^^^^^^^^^^^^^^^^^^^^^^^^^^
        *specs, *opts)
        ^^^^^^^^^^^^^^
_tkinter.TclError: Duplicate element TRadiobutton.indicator
2025-04-16 11:11:31,872 [INFO] gui.theme_dialog_tk - 已切换到主题: light
2025-04-16 11:11:31,877 [ERROR] utils.theme_manager_tk - 应用主题失败: Duplicate element TRadiobutton.indicator
Traceback (most recent call last):
  File "c:\Users\mengy\Desktop\ZK_LogicBom_Builder\utils\theme_manager_tk.py", line 198, in apply_theme
  File "D:\Python\Lib\site-packages\ttkbootstrap\style.py", line 586, in theme_use
    self._create_ttk_styles_on_theme_change()
    ~~~~~~~~~~~~~~~~~~~~~~~~~~~~~~~~~~~~~~~^^
  File "D:\Python\Lib\site-packages\ttkbootstrap\style.py", line 692, in _create_ttk_styles_on_theme_change
    method(builder, color)
    ~~~~~~^^^^^^^^^^^^^^^^
  File "D:\Python\Lib\site-packages\ttkbootstrap\style.py", line 3584, in create_radiobutton_style
    self.style.element_create(
    ~~~~~~~~~~~~~~~~~~~~~~~~~^
        f"{ttkstyle}.indicator",
        ^^^^^^^^^^^^^^^^^^^^^^^^
    ...<7 lines>...
        sticky=tk.W,
        ^^^^^^^^^^^^
    )
    ^
  File "D:\Python\Lib\tkinter\ttk.py", line 445, in element_create
    self.tk.call(self._name, "element", "create", elementname, etype,
    ~~~~~~~~~~~~^^^^^^^^^^^^^^^^^^^^^^^^^^^^^^^^^^^^^^^^^^^^^^^^^^^^^
        *specs, *opts)
        ^^^^^^^^^^^^^^
_tkinter.TclError: Duplicate element TRadiobutton.indicator
2025-04-16 11:11:31,878 [CRITICAL] __main__ - 未捕获的异常: Duplicate element TRadiobutton.indicator
Traceback (most recent call last):
  File "D:\Python\Lib\tkinter\__init__.py", line 2068, in __call__
    return self.func(*args)
           ~~~~~~~~~^^^^^^^
  File "c:\Users\mengy\Desktop\ZK_LogicBom_Builder\gui\theme_dialog_tk.py", line 247, in _on_ok
    self.callback(selected_theme)
    ~~~~~~~~~~~~~^^^^^^^^^^^^^^^^
  File "c:\Users\mengy\Desktop\ZK_LogicBom_Builder\gui\main_window_tk.py", line 385, in _on_theme_changed
    theme_manager.apply_theme(self.root)
    ~~~~~~~~~~~~~~~~~~~~~~~~~^^^^^^^^^^^
  File "c:\Users\mengy\Desktop\ZK_LogicBom_Builder\utils\theme_manager_tk.py", line 198, in apply_theme
  File "D:\Python\Lib\site-packages\ttkbootstrap\style.py", line 586, in theme_use
    self._create_ttk_styles_on_theme_change()
    ~~~~~~~~~~~~~~~~~~~~~~~~~~~~~~~~~~~~~~~^^
  File "D:\Python\Lib\site-packages\ttkbootstrap\style.py", line 692, in _create_ttk_styles_on_theme_change
    method(builder, color)
    ~~~~~~^^^^^^^^^^^^^^^^
  File "D:\Python\Lib\site-packages\ttkbootstrap\style.py", line 3584, in create_radiobutton_style
    self.style.element_create(
    ~~~~~~~~~~~~~~~~~~~~~~~~~^
        f"{ttkstyle}.indicator",
        ^^^^^^^^^^^^^^^^^^^^^^^^
    ...<7 lines>...
        sticky=tk.W,
        ^^^^^^^^^^^^
    )
    ^
  File "D:\Python\Lib\tkinter\ttk.py", line 445, in element_create
    self.tk.call(self._name, "element", "create", elementname, etype,
    ~~~~~~~~~~~~^^^^^^^^^^^^^^^^^^^^^^^^^^^^^^^^^^^^^^^^^^^^^^^^^^^^^
        *specs, *opts)
        ^^^^^^^^^^^^^^
_tkinter.TclError: Duplicate element TRadiobutton.indicator
2025-04-16 11:11:31,881 [CRITICAL] __main__ - 详细错误栈:
['Traceback (most recent call last):\n', '  File "D:\\Python\\Lib\\tkinter\\__init__.py", line 2068, in __call__\n    return self.func(*args)\n           ~~~~~~~~~^^^^^^^\n', '  File "c:\\Users\\mengy\\Desktop\\ZK_LogicBom_Builder\\gui\\theme_dialog_tk.py", line 247, in _on_ok\n    self.callback(selected_theme)\n    ~~~~~~~~~~~~~^^^^^^^^^^^^^^^^\n', '  File "c:\\Users\\mengy\\Desktop\\ZK_LogicBom_Builder\\gui\\main_window_tk.py", line 385, in _on_theme_changed\n    theme_manager.apply_theme(self.root)\n    ~~~~~~~~~~~~~~~~~~~~~~~~~^^^^^^^^^^^\n', '  File "c:\\Users\\mengy\\Desktop\\ZK_LogicBom_Builder\\utils\\theme_manager_tk.py", line 198, in apply_theme\n', '  File "D:\\Python\\Lib\\site-packages\\ttkbootstrap\\style.py", line 586, in theme_use\n    self._create_ttk_styles_on_theme_change()\n    ~~~~~~~~~~~~~~~~~~~~~~~~~~~~~~~~~~~~~~~^^\n', '  File "D:\\Python\\Lib\\site-packages\\ttkbootstrap\\style.py", line 692, in _create_ttk_styles_on_theme_change\n    method(builder, color)\n    ~~~~~~^^^^^^^^^^^^^^^^\n', '  File "D:\\Python\\Lib\\site-packages\\ttkbootstrap\\style.py", line 3584, in create_radiobutton_style\n    self.style.element_create(\n    ~~~~~~~~~~~~~~~~~~~~~~~~~^\n        f"{ttkstyle}.indicator",\n        ^^^^^^^^^^^^^^^^^^^^^^^^\n    ...<7 lines>...\n        sticky=tk.W,\n        ^^^^^^^^^^^^\n    )\n    ^\n', '  File "D:\\Python\\Lib\\tkinter\\ttk.py", line 445, in element_create\n    self.tk.call(self._name, "element", "create", elementname, etype,\n    ~~~~~~~~~~~~^^^^^^^^^^^^^^^^^^^^^^^^^^^^^^^^^^^^^^^^^^^^^^^^^^^^^\n        *specs, *opts)\n        ^^^^^^^^^^^^^^\n', '_tkinter.TclError: Duplicate element TRadiobutton.indicator\n']
Traceback (most recent call last):
  File "D:\Python\Lib\tkinter\__init__.py", line 2068, in __call__
    return self.func(*args)
           ~~~~~~~~~^^^^^^^
  File "c:\Users\mengy\Desktop\ZK_LogicBom_Builder\gui\theme_dialog_tk.py", line 247, in _on_ok
    self.callback(selected_theme)
    ~~~~~~~~~~~~~^^^^^^^^^^^^^^^^
  File "c:\Users\mengy\Desktop\ZK_LogicBom_Builder\gui\main_window_tk.py", line 385, in _on_theme_changed
    theme_manager.apply_theme(self.root)
    ~~~~~~~~~~~~~~~~~~~~~~~~~^^^^^^^^^^^
  File "c:\Users\mengy\Desktop\ZK_LogicBom_Builder\utils\theme_manager_tk.py", line 198, in apply_theme
  File "D:\Python\Lib\site-packages\ttkbootstrap\style.py", line 586, in theme_use
    self._create_ttk_styles_on_theme_change()
    ~~~~~~~~~~~~~~~~~~~~~~~~~~~~~~~~~~~~~~~^^
  File "D:\Python\Lib\site-packages\ttkbootstrap\style.py", line 692, in _create_ttk_styles_on_theme_change
    method(builder, color)
    ~~~~~~^^^^^^^^^^^^^^^^
  File "D:\Python\Lib\site-packages\ttkbootstrap\style.py", line 3584, in create_radiobutton_style
    self.style.element_create(
    ~~~~~~~~~~~~~~~~~~~~~~~~~^
        f"{ttkstyle}.indicator",
        ^^^^^^^^^^^^^^^^^^^^^^^^
    ...<7 lines>...
        sticky=tk.W,
        ^^^^^^^^^^^^
    )
    ^
  File "D:\Python\Lib\tkinter\ttk.py", line 445, in element_create
    self.tk.call(self._name, "element", "create", elementname, etype,
    ~~~~~~~~~~~~^^^^^^^^^^^^^^^^^^^^^^^^^^^^^^^^^^^^^^^^^^^^^^^^^^^^^
        *specs, *opts)
        ^^^^^^^^^^^^^^
_tkinter.TclError: Duplicate element TRadiobutton.indicator
