2025-04-24 13:19:05,131 [INFO] root - 程序启动，日志文件: C:\Users\mengy\Desktop\ZK_LogicBom_Builder\logs\log_20250424_131905.log
2025-04-24 13:19:05,396 [INFO] __main__ - 正在启动程序...
2025-04-24 13:19:05,397 [DEBUG] __main__ - Python版本: 3.13.2 (tags/v3.13.2:4f8bb39, Feb  4 2025, 15:23:48) [MSC v.1942 64 bit (AMD64)]
2025-04-24 13:19:05,397 [DEBUG] __main__ - 当前工作目录: C:\Users\mengy\Desktop\ZK_LogicBom_Builder
2025-04-24 13:19:05,397 [DEBUG] __main__ - src_dir路径: c:\Users\mengy\Desktop\ZK_LogicBom_Builder
2025-04-24 13:19:05,420 [INFO] __main__ - 正在创建语言选择对话框...
2025-04-24 13:19:06,529 [INFO] gui.language_dialog_tk - 已选择语言: zh
2025-04-24 13:19:06,556 [INFO] __main__ - 语言选择结果: zh
2025-04-24 13:19:06,556 [INFO] __main__ - 正在创建主题选择对话框...
2025-04-24 13:19:06,557 [DEBUG] gui.theme_dialog_tk - 创建主题选择对话框
2025-04-24 13:19:06,561 [DEBUG] gui.theme_dialog_tk - 主题选择对话框创建完成
2025-04-24 13:19:07,504 [DEBUG] gui.theme_dialog_tk - 用户选择了light主题
2025-04-24 13:19:07,523 [INFO] __main__ - 主题选择结果: light
2025-04-24 13:19:07,537 [INFO] __main__ - 正在配置主窗口...
2025-04-24 13:19:07,661 [INFO] __main__ - 开始创建MainWindow实例...
2025-04-24 13:19:07,662 [INFO] core.logic_builder - 已加载 7 条规则
2025-04-24 13:19:07,729 [INFO] __main__ - MainWindow实例创建完成
2025-04-24 13:19:08,037 [INFO] __main__ - 开始mainloop()...
2025-04-24 13:19:09,552 [INFO] core.config_processor - 找到工作表: ['TD', '0.模板&Vorlage', '1.Fahrgestell', '2.Fahrzeug allgemein', '3.Beschriftung&Kennzeichnung', '4. Anbauten&Fahrgestellarbeiten', '5. Fahrer_Mannschaftsraum', '6.Koffer', '7.Lichtmast', '8.Pumpenanlage', '9.Seilwinde&Generator', '10.Halterungen']
2025-04-24 13:19:09,553 [DEBUG] core.config_processor - 跳过工作表: TD
2025-04-24 13:19:09,553 [DEBUG] core.config_processor - 跳过工作表: 0.模板&Vorlage
2025-04-24 13:19:09,553 [INFO] core.config_processor - 处理工作表: 1.Fahrgestell -> 模块: 1.Fahrgestell
2025-04-24 13:19:09,570 [INFO] core.config_processor - 处理工作表: 2.Fahrzeug allgemein -> 模块: 2.Fahrzeug allgemein
2025-04-24 13:19:09,586 [INFO] core.config_processor - 处理工作表: 3.Beschriftung&Kennzeichnung -> 模块: 3.Beschriftung&Kennzeichnung
2025-04-24 13:19:09,603 [INFO] core.config_processor - 处理工作表: 4. Anbauten&Fahrgestellarbeiten -> 模块: 4.Anbauten&Fahrgestellarbeiten
2025-04-24 13:19:09,618 [INFO] core.config_processor - 处理工作表: 5. Fahrer_Mannschaftsraum -> 模块: 5.Fahrer_Mannschaftsraum
2025-04-24 13:19:09,638 [INFO] core.config_processor - 处理工作表: 6.Koffer -> 模块: 6.Koffer
2025-04-24 13:19:09,653 [INFO] core.config_processor - 处理工作表: 7.Lichtmast -> 模块: 7.Lichtmast
2025-04-24 13:19:09,668 [INFO] core.config_processor - 处理工作表: 8.Pumpenanlage -> 模块: 8.Pumpenanlage
2025-04-24 13:19:09,683 [INFO] core.config_processor - 处理工作表: 9.Seilwinde&Generator -> 模块: 9.Seilwinde&Generator
2025-04-24 13:19:09,698 [INFO] core.config_processor - 处理工作表: 10.Halterungen -> 模块: 10.Halterungen
2025-04-24 13:19:09,713 [INFO] gui.config_panel - 成功导入配置文件: C:/Users/mengy/Desktop/配置选项_Konfigurationsoptions.xlsm
2025-04-24 13:19:09,716 [INFO] gui.main_window_tk - 成功保存配置文件路径到app_config.json: C:/Users/mengy/Desktop/配置选项_Konfigurationsoptions.xlsm
2025-04-24 13:19:09,716 [INFO] gui.config_panel - 已保存配置文件路径到app_config.json: C:/Users/mengy/Desktop/配置选项_Konfigurationsoptions.xlsm
2025-04-24 13:19:12,435 [INFO] gui.bom_panel - 发现上次的BOM文件路径: C:/Users/mengy/Desktop/BOM映射表.xlsx
2025-04-24 13:19:20,751 [INFO] gui.bom_panel - 用户选择了新的BOM文件: C:/Users/mengy/Desktop/BOM映射表.xlsx
2025-04-24 13:19:20,751 [INFO] core.bom_processor - 开始导入BOM文件: C:/Users/mengy/Desktop/BOM映射表.xlsx
2025-04-24 13:19:20,752 [INFO] core.bom_processor - 已清空现有数据
2025-04-24 13:19:20,752 [INFO] core.bom_processor - 正在读取Excel文件...
2025-04-24 13:19:20,757 [INFO] core.bom_processor - 成功打开Excel文件，包含以下工作表: ['MAX-gruppe', 'K码表', '配置', 'Sheet1']
2025-04-24 13:19:20,757 [INFO] core.bom_processor - 正在读取 MAX-gruppe 工作表...
2025-04-24 13:19:20,765 [INFO] core.bom_processor - 成功读取工作表，共 154 行数据
2025-04-24 13:19:20,766 [INFO] core.bom_processor - 所有必需列均存在，开始处理数据...
2025-04-24 13:19:20,767 [INFO] core.bom_processor - 过滤空层级后剩余 153 行数据
2025-04-24 13:19:20,770 [INFO] core.bom_processor - 发现的层级和占位符组合：
2025-04-24 13:19:20,770 [INFO] core.bom_processor - 层级 1: ['PL-Kabine']
2025-04-24 13:19:20,770 [INFO] core.bom_processor - 层级 2: ['PL-Beleuchtung', 'PL-GrundKabine', 'PL-Sitze01', 'PL-Sitze02', 'PL-Sitze03', 'PL-Sitze04', 'PL-Sitze05', 'PL-Sitze06', 'PL-Sitze07']
2025-04-24 13:19:20,770 [INFO] core.bom_processor - 层级 3: ['PL-Bedienelemente', 'PL-Beleuchtungseinheit']
2025-04-24 13:19:20,770 [INFO] core.bom_processor - 开始按原始顺序处理数据...
2025-04-24 13:19:20,771 [DEBUG] core.bom_processor - 处理第 1 行:
2025-04-24 13:19:20,771 [DEBUG] core.bom_processor -   层级: 1
2025-04-24 13:19:20,771 [DEBUG] core.bom_processor -   Baugruppe: 0000000010017913NK
2025-04-24 13:19:20,771 [DEBUG] core.bom_processor -   占位符: PL-Kabine
2025-04-24 13:19:20,771 [DEBUG] core.bom_processor - 添加一级节点: 0000000010017913NK
2025-04-24 13:19:20,771 [DEBUG] core.bom_processor - 处理第 2 行:
2025-04-24 13:19:20,772 [DEBUG] core.bom_processor -   层级: 2
2025-04-24 13:19:20,772 [DEBUG] core.bom_processor -   Baugruppe: 10019231
2025-04-24 13:19:20,772 [DEBUG] core.bom_processor -   占位符: PL-GrundKabine
2025-04-24 13:19:20,772 [DEBUG] core.bom_processor - 添加子节点: 10019231 -> 父节点: 0000000010017913NK (层级 1)
2025-04-24 13:19:20,772 [DEBUG] core.bom_processor - 处理第 3 行:
2025-04-24 13:19:20,772 [DEBUG] core.bom_processor -   层级: 2
2025-04-24 13:19:20,772 [DEBUG] core.bom_processor -   Baugruppe: 10019232
2025-04-24 13:19:20,772 [DEBUG] core.bom_processor -   占位符: PL-GrundKabine
2025-04-24 13:19:20,772 [DEBUG] core.bom_processor - 添加子节点: 10019232 -> 父节点: 0000000010017913NK (层级 1)
2025-04-24 13:19:20,772 [DEBUG] core.bom_processor - 处理第 4 行:
2025-04-24 13:19:20,772 [DEBUG] core.bom_processor -   层级: 2
2025-04-24 13:19:20,773 [DEBUG] core.bom_processor -   Baugruppe: 10019233
2025-04-24 13:19:20,773 [DEBUG] core.bom_processor -   占位符: PL-GrundKabine
2025-04-24 13:19:20,773 [DEBUG] core.bom_processor - 添加子节点: 10019233 -> 父节点: 0000000010017913NK (层级 1)
2025-04-24 13:19:20,773 [DEBUG] core.bom_processor - 处理第 5 行:
2025-04-24 13:19:20,773 [DEBUG] core.bom_processor -   层级: 2
2025-04-24 13:19:20,773 [DEBUG] core.bom_processor -   Baugruppe: 10019234
2025-04-24 13:19:20,773 [DEBUG] core.bom_processor -   占位符: PL-GrundKabine
2025-04-24 13:19:20,773 [DEBUG] core.bom_processor - 添加子节点: 10019234 -> 父节点: 0000000010017913NK (层级 1)
2025-04-24 13:19:20,773 [DEBUG] core.bom_processor - 处理第 6 行:
2025-04-24 13:19:20,773 [DEBUG] core.bom_processor -   层级: 2
2025-04-24 13:19:20,773 [DEBUG] core.bom_processor -   Baugruppe: 10019235
2025-04-24 13:19:20,773 [DEBUG] core.bom_processor -   占位符: PL-GrundKabine
2025-04-24 13:19:20,773 [DEBUG] core.bom_processor - 添加子节点: 10019235 -> 父节点: 0000000010017913NK (层级 1)
2025-04-24 13:19:20,774 [DEBUG] core.bom_processor - 处理第 7 行:
2025-04-24 13:19:20,774 [DEBUG] core.bom_processor -   层级: 2
2025-04-24 13:19:20,774 [DEBUG] core.bom_processor -   Baugruppe: 10019236
2025-04-24 13:19:20,774 [DEBUG] core.bom_processor -   占位符: PL-GrundKabine
2025-04-24 13:19:20,774 [DEBUG] core.bom_processor - 添加子节点: 10019236 -> 父节点: 0000000010017913NK (层级 1)
2025-04-24 13:19:20,774 [DEBUG] core.bom_processor - 处理第 8 行:
2025-04-24 13:19:20,774 [DEBUG] core.bom_processor -   层级: 2
2025-04-24 13:19:20,774 [DEBUG] core.bom_processor -   Baugruppe: 10019237
2025-04-24 13:19:20,774 [DEBUG] core.bom_processor -   占位符: PL-GrundKabine
2025-04-24 13:19:20,774 [DEBUG] core.bom_processor - 添加子节点: 10019237 -> 父节点: 0000000010017913NK (层级 1)
2025-04-24 13:19:20,775 [DEBUG] core.bom_processor - 处理第 9 行:
2025-04-24 13:19:20,775 [DEBUG] core.bom_processor -   层级: 2
2025-04-24 13:19:20,775 [DEBUG] core.bom_processor -   Baugruppe: 10019238
2025-04-24 13:19:20,775 [DEBUG] core.bom_processor -   占位符: PL-GrundKabine
2025-04-24 13:19:20,775 [DEBUG] core.bom_processor - 添加子节点: 10019238 -> 父节点: 0000000010017913NK (层级 1)
2025-04-24 13:19:20,775 [DEBUG] core.bom_processor - 处理第 10 行:
2025-04-24 13:19:20,775 [DEBUG] core.bom_processor -   层级: 2
2025-04-24 13:19:20,775 [DEBUG] core.bom_processor -   Baugruppe: 10019239
2025-04-24 13:19:20,775 [DEBUG] core.bom_processor -   占位符: PL-GrundKabine
2025-04-24 13:19:20,775 [DEBUG] core.bom_processor - 添加子节点: 10019239 -> 父节点: 0000000010017913NK (层级 1)
2025-04-24 13:19:20,776 [DEBUG] core.bom_processor - 处理第 11 行:
2025-04-24 13:19:20,776 [DEBUG] core.bom_processor -   层级: 2
2025-04-24 13:19:20,776 [DEBUG] core.bom_processor -   Baugruppe: 10019240
2025-04-24 13:19:20,776 [DEBUG] core.bom_processor -   占位符: PL-GrundKabine
2025-04-24 13:19:20,776 [DEBUG] core.bom_processor - 添加子节点: 10019240 -> 父节点: 0000000010017913NK (层级 1)
2025-04-24 13:19:20,776 [DEBUG] core.bom_processor - 处理第 12 行:
2025-04-24 13:19:20,776 [DEBUG] core.bom_processor -   层级: 2
2025-04-24 13:19:20,776 [DEBUG] core.bom_processor -   Baugruppe: 10019241
2025-04-24 13:19:20,777 [DEBUG] core.bom_processor -   占位符: PL-GrundKabine
2025-04-24 13:19:20,777 [DEBUG] core.bom_processor - 添加子节点: 10019241 -> 父节点: 0000000010017913NK (层级 1)
2025-04-24 13:19:20,777 [DEBUG] core.bom_processor - 处理第 13 行:
2025-04-24 13:19:20,777 [DEBUG] core.bom_processor -   层级: 2
2025-04-24 13:19:20,777 [DEBUG] core.bom_processor -   Baugruppe: 10019242
2025-04-24 13:19:20,777 [DEBUG] core.bom_processor -   占位符: PL-GrundKabine
2025-04-24 13:19:20,778 [DEBUG] core.bom_processor - 添加子节点: 10019242 -> 父节点: 0000000010017913NK (层级 1)
2025-04-24 13:19:20,778 [DEBUG] core.bom_processor - 处理第 14 行:
2025-04-24 13:19:20,778 [DEBUG] core.bom_processor -   层级: 2
2025-04-24 13:19:20,778 [DEBUG] core.bom_processor -   Baugruppe: 10019243
2025-04-24 13:19:20,778 [DEBUG] core.bom_processor -   占位符: PL-GrundKabine
2025-04-24 13:19:20,778 [DEBUG] core.bom_processor - 添加子节点: 10019243 -> 父节点: 0000000010017913NK (层级 1)
2025-04-24 13:19:20,778 [DEBUG] core.bom_processor - 处理第 15 行:
2025-04-24 13:19:20,778 [DEBUG] core.bom_processor -   层级: 2
2025-04-24 13:19:20,778 [DEBUG] core.bom_processor -   Baugruppe: 10019244
2025-04-24 13:19:20,778 [DEBUG] core.bom_processor -   占位符: PL-GrundKabine
2025-04-24 13:19:20,778 [DEBUG] core.bom_processor - 添加子节点: 10019244 -> 父节点: 0000000010017913NK (层级 1)
2025-04-24 13:19:20,779 [DEBUG] core.bom_processor - 处理第 16 行:
2025-04-24 13:19:20,779 [DEBUG] core.bom_processor -   层级: 2
2025-04-24 13:19:20,779 [DEBUG] core.bom_processor -   Baugruppe: 10019245
2025-04-24 13:19:20,779 [DEBUG] core.bom_processor -   占位符: PL-GrundKabine
2025-04-24 13:19:20,779 [DEBUG] core.bom_processor - 添加子节点: 10019245 -> 父节点: 0000000010017913NK (层级 1)
2025-04-24 13:19:20,779 [DEBUG] core.bom_processor - 处理第 17 行:
2025-04-24 13:19:20,779 [DEBUG] core.bom_processor -   层级: 2
2025-04-24 13:19:20,779 [DEBUG] core.bom_processor -   Baugruppe: 10019246
2025-04-24 13:19:20,779 [DEBUG] core.bom_processor -   占位符: PL-GrundKabine
2025-04-24 13:19:20,779 [DEBUG] core.bom_processor - 添加子节点: 10019246 -> 父节点: 0000000010017913NK (层级 1)
2025-04-24 13:19:20,779 [DEBUG] core.bom_processor - 处理第 18 行:
2025-04-24 13:19:20,779 [DEBUG] core.bom_processor -   层级: 2
2025-04-24 13:19:20,780 [DEBUG] core.bom_processor -   Baugruppe: 1123244
2025-04-24 13:19:20,780 [DEBUG] core.bom_processor -   占位符: PL-Sitze01
2025-04-24 13:19:20,780 [DEBUG] core.bom_processor - 添加子节点: 1123244 -> 父节点: 0000000010017913NK (层级 1)
2025-04-24 13:19:20,780 [DEBUG] core.bom_processor - 处理第 19 行:
2025-04-24 13:19:20,780 [DEBUG] core.bom_processor -   层级: 2
2025-04-24 13:19:20,780 [DEBUG] core.bom_processor -   Baugruppe: 1161296
2025-04-24 13:19:20,780 [DEBUG] core.bom_processor -   占位符: PL-Sitze01
2025-04-24 13:19:20,780 [DEBUG] core.bom_processor - 添加子节点: 1161296 -> 父节点: 0000000010017913NK (层级 1)
2025-04-24 13:19:20,780 [DEBUG] core.bom_processor - 处理第 20 行:
2025-04-24 13:19:20,780 [DEBUG] core.bom_processor -   层级: 2
2025-04-24 13:19:20,780 [DEBUG] core.bom_processor -   Baugruppe: 1161297
2025-04-24 13:19:20,780 [DEBUG] core.bom_processor -   占位符: PL-Sitze01
2025-04-24 13:19:20,780 [DEBUG] core.bom_processor - 添加子节点: 1161297 -> 父节点: 0000000010017913NK (层级 1)
2025-04-24 13:19:20,780 [DEBUG] core.bom_processor - 处理第 21 行:
2025-04-24 13:19:20,781 [DEBUG] core.bom_processor -   层级: 2
2025-04-24 13:19:20,781 [DEBUG] core.bom_processor -   Baugruppe: 1161313
2025-04-24 13:19:20,781 [DEBUG] core.bom_processor -   占位符: PL-Sitze01
2025-04-24 13:19:20,781 [DEBUG] core.bom_processor - 添加子节点: 1161313 -> 父节点: 0000000010017913NK (层级 1)
2025-04-24 13:19:20,781 [DEBUG] core.bom_processor - 处理第 22 行:
2025-04-24 13:19:20,781 [DEBUG] core.bom_processor -   层级: 2
2025-04-24 13:19:20,781 [DEBUG] core.bom_processor -   Baugruppe: 1161314
2025-04-24 13:19:20,781 [DEBUG] core.bom_processor -   占位符: PL-Sitze01
2025-04-24 13:19:20,781 [DEBUG] core.bom_processor - 添加子节点: 1161314 -> 父节点: 0000000010017913NK (层级 1)
2025-04-24 13:19:20,781 [DEBUG] core.bom_processor - 处理第 23 行:
2025-04-24 13:19:20,781 [DEBUG] core.bom_processor -   层级: 2
2025-04-24 13:19:20,781 [DEBUG] core.bom_processor -   Baugruppe: 1161294
2025-04-24 13:19:20,781 [DEBUG] core.bom_processor -   占位符: PL-Sitze01
2025-04-24 13:19:20,781 [DEBUG] core.bom_processor - 添加子节点: 1161294 -> 父节点: 0000000010017913NK (层级 1)
2025-04-24 13:19:20,781 [DEBUG] core.bom_processor - 处理第 24 行:
2025-04-24 13:19:20,781 [DEBUG] core.bom_processor -   层级: 2
2025-04-24 13:19:20,782 [DEBUG] core.bom_processor -   Baugruppe: 1161295
2025-04-24 13:19:20,782 [DEBUG] core.bom_processor -   占位符: PL-Sitze01
2025-04-24 13:19:20,782 [DEBUG] core.bom_processor - 添加子节点: 1161295 -> 父节点: 0000000010017913NK (层级 1)
2025-04-24 13:19:20,782 [DEBUG] core.bom_processor - 处理第 25 行:
2025-04-24 13:19:20,782 [DEBUG] core.bom_processor -   层级: 2
2025-04-24 13:19:20,782 [DEBUG] core.bom_processor -   Baugruppe: 1161309
2025-04-24 13:19:20,782 [DEBUG] core.bom_processor -   占位符: PL-Sitze01
2025-04-24 13:19:20,782 [DEBUG] core.bom_processor - 添加子节点: 1161309 -> 父节点: 0000000010017913NK (层级 1)
2025-04-24 13:19:20,782 [DEBUG] core.bom_processor - 处理第 26 行:
2025-04-24 13:19:20,782 [DEBUG] core.bom_processor -   层级: 2
2025-04-24 13:19:20,782 [DEBUG] core.bom_processor -   Baugruppe: 1161310
2025-04-24 13:19:20,782 [DEBUG] core.bom_processor -   占位符: PL-Sitze01
2025-04-24 13:19:20,782 [DEBUG] core.bom_processor - 添加子节点: 1161310 -> 父节点: 0000000010017913NK (层级 1)
2025-04-24 13:19:20,782 [DEBUG] core.bom_processor - 处理第 27 行:
2025-04-24 13:19:20,782 [DEBUG] core.bom_processor -   层级: 2
2025-04-24 13:19:20,782 [DEBUG] core.bom_processor -   Baugruppe: 1123266
2025-04-24 13:19:20,783 [DEBUG] core.bom_processor -   占位符: PL-Sitze01
2025-04-24 13:19:20,783 [DEBUG] core.bom_processor - 添加子节点: 1123266 -> 父节点: 0000000010017913NK (层级 1)
2025-04-24 13:19:20,783 [DEBUG] core.bom_processor - 处理第 28 行:
2025-04-24 13:19:20,783 [DEBUG] core.bom_processor -   层级: 2
2025-04-24 13:19:20,783 [DEBUG] core.bom_processor -   Baugruppe: 1161307
2025-04-24 13:19:20,783 [DEBUG] core.bom_processor -   占位符: PL-Sitze01
2025-04-24 13:19:20,783 [DEBUG] core.bom_processor - 添加子节点: 1161307 -> 父节点: 0000000010017913NK (层级 1)
2025-04-24 13:19:20,783 [DEBUG] core.bom_processor - 处理第 29 行:
2025-04-24 13:19:20,783 [DEBUG] core.bom_processor -   层级: 2
2025-04-24 13:19:20,783 [DEBUG] core.bom_processor -   Baugruppe: 1161308
2025-04-24 13:19:20,783 [DEBUG] core.bom_processor -   占位符: PL-Sitze01
2025-04-24 13:19:20,784 [DEBUG] core.bom_processor - 添加子节点: 1161308 -> 父节点: 0000000010017913NK (层级 1)
2025-04-24 13:19:20,784 [DEBUG] core.bom_processor - 处理第 30 行:
2025-04-24 13:19:20,784 [DEBUG] core.bom_processor -   层级: 2
2025-04-24 13:19:20,784 [DEBUG] core.bom_processor -   Baugruppe: 1123246
2025-04-24 13:19:20,784 [DEBUG] core.bom_processor -   占位符: PL-Sitze01
2025-04-24 13:19:20,784 [DEBUG] core.bom_processor - 添加子节点: 1123246 -> 父节点: 0000000010017913NK (层级 1)
2025-04-24 13:19:20,784 [DEBUG] core.bom_processor - 处理第 31 行:
2025-04-24 13:19:20,785 [DEBUG] core.bom_processor -   层级: 2
2025-04-24 13:19:20,785 [DEBUG] core.bom_processor -   Baugruppe: 1161305
2025-04-24 13:19:20,785 [DEBUG] core.bom_processor -   占位符: PL-Sitze01
2025-04-24 13:19:20,785 [DEBUG] core.bom_processor - 添加子节点: 1161305 -> 父节点: 0000000010017913NK (层级 1)
2025-04-24 13:19:20,785 [DEBUG] core.bom_processor - 处理第 32 行:
2025-04-24 13:19:20,785 [DEBUG] core.bom_processor -   层级: 2
2025-04-24 13:19:20,785 [DEBUG] core.bom_processor -   Baugruppe: 1161306
2025-04-24 13:19:20,785 [DEBUG] core.bom_processor -   占位符: PL-Sitze01
2025-04-24 13:19:20,785 [DEBUG] core.bom_processor - 添加子节点: 1161306 -> 父节点: 0000000010017913NK (层级 1)
2025-04-24 13:19:20,785 [DEBUG] core.bom_processor - 处理第 33 行:
2025-04-24 13:19:20,785 [DEBUG] core.bom_processor -   层级: 2
2025-04-24 13:19:20,785 [DEBUG] core.bom_processor -   Baugruppe: 10028644
2025-04-24 13:19:20,785 [DEBUG] core.bom_processor -   占位符: PL-Sitze01
2025-04-24 13:19:20,785 [DEBUG] core.bom_processor - 添加子节点: 10028644 -> 父节点: 0000000010017913NK (层级 1)
2025-04-24 13:19:20,786 [DEBUG] core.bom_processor - 处理第 34 行:
2025-04-24 13:19:20,786 [DEBUG] core.bom_processor -   层级: 2
2025-04-24 13:19:20,786 [DEBUG] core.bom_processor -   Baugruppe: 10028647
2025-04-24 13:19:20,786 [DEBUG] core.bom_processor -   占位符: PL-Sitze01
2025-04-24 13:19:20,786 [DEBUG] core.bom_processor - 添加子节点: 10028647 -> 父节点: 0000000010017913NK (层级 1)
2025-04-24 13:19:20,786 [DEBUG] core.bom_processor - 处理第 35 行:
2025-04-24 13:19:20,786 [DEBUG] core.bom_processor -   层级: 2
2025-04-24 13:19:20,786 [DEBUG] core.bom_processor -   Baugruppe: 1123244
2025-04-24 13:19:20,786 [DEBUG] core.bom_processor -   占位符: PL-Sitze02
2025-04-24 13:19:20,786 [DEBUG] core.bom_processor - 添加子节点: 1123244 -> 父节点: 0000000010017913NK (层级 1)
2025-04-24 13:19:20,787 [DEBUG] core.bom_processor - 处理第 36 行:
2025-04-24 13:19:20,787 [DEBUG] core.bom_processor -   层级: 2
2025-04-24 13:19:20,787 [DEBUG] core.bom_processor -   Baugruppe: 1161296
2025-04-24 13:19:20,787 [DEBUG] core.bom_processor -   占位符: PL-Sitze02
2025-04-24 13:19:20,787 [DEBUG] core.bom_processor - 添加子节点: 1161296 -> 父节点: 0000000010017913NK (层级 1)
2025-04-24 13:19:20,787 [DEBUG] core.bom_processor - 处理第 37 行:
2025-04-24 13:19:20,787 [DEBUG] core.bom_processor -   层级: 2
2025-04-24 13:19:20,787 [DEBUG] core.bom_processor -   Baugruppe: 1161297
2025-04-24 13:19:20,787 [DEBUG] core.bom_processor -   占位符: PL-Sitze02
2025-04-24 13:19:20,787 [DEBUG] core.bom_processor - 添加子节点: 1161297 -> 父节点: 0000000010017913NK (层级 1)
2025-04-24 13:19:20,787 [DEBUG] core.bom_processor - 处理第 38 行:
2025-04-24 13:19:20,788 [DEBUG] core.bom_processor -   层级: 2
2025-04-24 13:19:20,788 [DEBUG] core.bom_processor -   Baugruppe: 1161313
2025-04-24 13:19:20,788 [DEBUG] core.bom_processor -   占位符: PL-Sitze02
2025-04-24 13:19:20,788 [DEBUG] core.bom_processor - 添加子节点: 1161313 -> 父节点: 0000000010017913NK (层级 1)
2025-04-24 13:19:20,788 [DEBUG] core.bom_processor - 处理第 39 行:
2025-04-24 13:19:20,788 [DEBUG] core.bom_processor -   层级: 2
2025-04-24 13:19:20,788 [DEBUG] core.bom_processor -   Baugruppe: 1161314
2025-04-24 13:19:20,788 [DEBUG] core.bom_processor -   占位符: PL-Sitze02
2025-04-24 13:19:20,788 [DEBUG] core.bom_processor - 添加子节点: 1161314 -> 父节点: 0000000010017913NK (层级 1)
2025-04-24 13:19:20,788 [DEBUG] core.bom_processor - 处理第 40 行:
2025-04-24 13:19:20,788 [DEBUG] core.bom_processor -   层级: 2
2025-04-24 13:19:20,788 [DEBUG] core.bom_processor -   Baugruppe: 1161294
2025-04-24 13:19:20,788 [DEBUG] core.bom_processor -   占位符: PL-Sitze02
2025-04-24 13:19:20,788 [DEBUG] core.bom_processor - 添加子节点: 1161294 -> 父节点: 0000000010017913NK (层级 1)
2025-04-24 13:19:20,788 [DEBUG] core.bom_processor - 处理第 41 行:
2025-04-24 13:19:20,789 [DEBUG] core.bom_processor -   层级: 2
2025-04-24 13:19:20,789 [DEBUG] core.bom_processor -   Baugruppe: 1161295
2025-04-24 13:19:20,789 [DEBUG] core.bom_processor -   占位符: PL-Sitze02
2025-04-24 13:19:20,789 [DEBUG] core.bom_processor - 添加子节点: 1161295 -> 父节点: 0000000010017913NK (层级 1)
2025-04-24 13:19:20,789 [DEBUG] core.bom_processor - 处理第 42 行:
2025-04-24 13:19:20,789 [DEBUG] core.bom_processor -   层级: 2
2025-04-24 13:19:20,789 [DEBUG] core.bom_processor -   Baugruppe: 1161309
2025-04-24 13:19:20,789 [DEBUG] core.bom_processor -   占位符: PL-Sitze02
2025-04-24 13:19:20,789 [DEBUG] core.bom_processor - 添加子节点: 1161309 -> 父节点: 0000000010017913NK (层级 1)
2025-04-24 13:19:20,789 [DEBUG] core.bom_processor - 处理第 43 行:
2025-04-24 13:19:20,789 [DEBUG] core.bom_processor -   层级: 2
2025-04-24 13:19:20,789 [DEBUG] core.bom_processor -   Baugruppe: 1161310
2025-04-24 13:19:20,789 [DEBUG] core.bom_processor -   占位符: PL-Sitze02
2025-04-24 13:19:20,789 [DEBUG] core.bom_processor - 添加子节点: 1161310 -> 父节点: 0000000010017913NK (层级 1)
2025-04-24 13:19:20,790 [DEBUG] core.bom_processor - 处理第 44 行:
2025-04-24 13:19:20,790 [DEBUG] core.bom_processor -   层级: 2
2025-04-24 13:19:20,790 [DEBUG] core.bom_processor -   Baugruppe: 1123266
2025-04-24 13:19:20,790 [DEBUG] core.bom_processor -   占位符: PL-Sitze02
2025-04-24 13:19:20,790 [DEBUG] core.bom_processor - 添加子节点: 1123266 -> 父节点: 0000000010017913NK (层级 1)
2025-04-24 13:19:20,790 [DEBUG] core.bom_processor - 处理第 45 行:
2025-04-24 13:19:20,790 [DEBUG] core.bom_processor -   层级: 2
2025-04-24 13:19:20,790 [DEBUG] core.bom_processor -   Baugruppe: 1161307
2025-04-24 13:19:20,790 [DEBUG] core.bom_processor -   占位符: PL-Sitze02
2025-04-24 13:19:20,790 [DEBUG] core.bom_processor - 添加子节点: 1161307 -> 父节点: 0000000010017913NK (层级 1)
2025-04-24 13:19:20,790 [DEBUG] core.bom_processor - 处理第 46 行:
2025-04-24 13:19:20,790 [DEBUG] core.bom_processor -   层级: 2
2025-04-24 13:19:20,790 [DEBUG] core.bom_processor -   Baugruppe: 1161308
2025-04-24 13:19:20,790 [DEBUG] core.bom_processor -   占位符: PL-Sitze02
2025-04-24 13:19:20,790 [DEBUG] core.bom_processor - 添加子节点: 1161308 -> 父节点: 0000000010017913NK (层级 1)
2025-04-24 13:19:20,791 [DEBUG] core.bom_processor - 处理第 47 行:
2025-04-24 13:19:20,791 [DEBUG] core.bom_processor -   层级: 2
2025-04-24 13:19:20,791 [DEBUG] core.bom_processor -   Baugruppe: 1123246
2025-04-24 13:19:20,791 [DEBUG] core.bom_processor -   占位符: PL-Sitze02
2025-04-24 13:19:20,791 [DEBUG] core.bom_processor - 添加子节点: 1123246 -> 父节点: 0000000010017913NK (层级 1)
2025-04-24 13:19:20,791 [DEBUG] core.bom_processor - 处理第 48 行:
2025-04-24 13:19:20,791 [DEBUG] core.bom_processor -   层级: 2
2025-04-24 13:19:20,791 [DEBUG] core.bom_processor -   Baugruppe: 1161305
2025-04-24 13:19:20,791 [DEBUG] core.bom_processor -   占位符: PL-Sitze02
2025-04-24 13:19:20,791 [DEBUG] core.bom_processor - 添加子节点: 1161305 -> 父节点: 0000000010017913NK (层级 1)
2025-04-24 13:19:20,791 [DEBUG] core.bom_processor - 处理第 49 行:
2025-04-24 13:19:20,792 [DEBUG] core.bom_processor -   层级: 2
2025-04-24 13:19:20,792 [DEBUG] core.bom_processor -   Baugruppe: 1161306
2025-04-24 13:19:20,792 [DEBUG] core.bom_processor -   占位符: PL-Sitze02
2025-04-24 13:19:20,792 [DEBUG] core.bom_processor - 添加子节点: 1161306 -> 父节点: 0000000010017913NK (层级 1)
2025-04-24 13:19:20,792 [DEBUG] core.bom_processor - 处理第 50 行:
2025-04-24 13:19:20,792 [DEBUG] core.bom_processor -   层级: 2
2025-04-24 13:19:20,792 [DEBUG] core.bom_processor -   Baugruppe: 10028644
2025-04-24 13:19:20,792 [DEBUG] core.bom_processor -   占位符: PL-Sitze02
2025-04-24 13:19:20,792 [DEBUG] core.bom_processor - 添加子节点: 10028644 -> 父节点: 0000000010017913NK (层级 1)
2025-04-24 13:19:20,792 [DEBUG] core.bom_processor - 处理第 51 行:
2025-04-24 13:19:20,792 [DEBUG] core.bom_processor -   层级: 2
2025-04-24 13:19:20,792 [DEBUG] core.bom_processor -   Baugruppe: 10028647
2025-04-24 13:19:20,792 [DEBUG] core.bom_processor -   占位符: PL-Sitze02
2025-04-24 13:19:20,792 [DEBUG] core.bom_processor - 添加子节点: 10028647 -> 父节点: 0000000010017913NK (层级 1)
2025-04-24 13:19:20,793 [DEBUG] core.bom_processor - 处理第 52 行:
2025-04-24 13:19:20,793 [DEBUG] core.bom_processor -   层级: 2
2025-04-24 13:19:20,793 [DEBUG] core.bom_processor -   Baugruppe: 1123244
2025-04-24 13:19:20,793 [DEBUG] core.bom_processor -   占位符: PL-Sitze03
2025-04-24 13:19:20,793 [DEBUG] core.bom_processor - 添加子节点: 1123244 -> 父节点: 0000000010017913NK (层级 1)
2025-04-24 13:19:20,793 [DEBUG] core.bom_processor - 处理第 53 行:
2025-04-24 13:19:20,793 [DEBUG] core.bom_processor -   层级: 2
2025-04-24 13:19:20,793 [DEBUG] core.bom_processor -   Baugruppe: 1161296
2025-04-24 13:19:20,793 [DEBUG] core.bom_processor -   占位符: PL-Sitze03
2025-04-24 13:19:20,793 [DEBUG] core.bom_processor - 添加子节点: 1161296 -> 父节点: 0000000010017913NK (层级 1)
2025-04-24 13:19:20,794 [DEBUG] core.bom_processor - 处理第 54 行:
2025-04-24 13:19:20,794 [DEBUG] core.bom_processor -   层级: 2
2025-04-24 13:19:20,794 [DEBUG] core.bom_processor -   Baugruppe: 1161297
2025-04-24 13:19:20,794 [DEBUG] core.bom_processor -   占位符: PL-Sitze03
2025-04-24 13:19:20,794 [DEBUG] core.bom_processor - 添加子节点: 1161297 -> 父节点: 0000000010017913NK (层级 1)
2025-04-24 13:19:20,794 [DEBUG] core.bom_processor - 处理第 55 行:
2025-04-24 13:19:20,794 [DEBUG] core.bom_processor -   层级: 2
2025-04-24 13:19:20,794 [DEBUG] core.bom_processor -   Baugruppe: 1161313
2025-04-24 13:19:20,794 [DEBUG] core.bom_processor -   占位符: PL-Sitze03
2025-04-24 13:19:20,794 [DEBUG] core.bom_processor - 添加子节点: 1161313 -> 父节点: 0000000010017913NK (层级 1)
2025-04-24 13:19:20,795 [DEBUG] core.bom_processor - 处理第 56 行:
2025-04-24 13:19:20,795 [DEBUG] core.bom_processor -   层级: 2
2025-04-24 13:19:20,795 [DEBUG] core.bom_processor -   Baugruppe: 1161314
2025-04-24 13:19:20,795 [DEBUG] core.bom_processor -   占位符: PL-Sitze03
2025-04-24 13:19:20,795 [DEBUG] core.bom_processor - 添加子节点: 1161314 -> 父节点: 0000000010017913NK (层级 1)
2025-04-24 13:19:20,795 [DEBUG] core.bom_processor - 处理第 57 行:
2025-04-24 13:19:20,795 [DEBUG] core.bom_processor -   层级: 2
2025-04-24 13:19:20,795 [DEBUG] core.bom_processor -   Baugruppe: 1161294
2025-04-24 13:19:20,795 [DEBUG] core.bom_processor -   占位符: PL-Sitze03
2025-04-24 13:19:20,795 [DEBUG] core.bom_processor - 添加子节点: 1161294 -> 父节点: 0000000010017913NK (层级 1)
2025-04-24 13:19:20,795 [DEBUG] core.bom_processor - 处理第 58 行:
2025-04-24 13:19:20,795 [DEBUG] core.bom_processor -   层级: 2
2025-04-24 13:19:20,796 [DEBUG] core.bom_processor -   Baugruppe: 1161295
2025-04-24 13:19:20,796 [DEBUG] core.bom_processor -   占位符: PL-Sitze03
2025-04-24 13:19:20,796 [DEBUG] core.bom_processor - 添加子节点: 1161295 -> 父节点: 0000000010017913NK (层级 1)
2025-04-24 13:19:20,796 [DEBUG] core.bom_processor - 处理第 59 行:
2025-04-24 13:19:20,796 [DEBUG] core.bom_processor -   层级: 2
2025-04-24 13:19:20,796 [DEBUG] core.bom_processor -   Baugruppe: 1161309
2025-04-24 13:19:20,796 [DEBUG] core.bom_processor -   占位符: PL-Sitze03
2025-04-24 13:19:20,796 [DEBUG] core.bom_processor - 添加子节点: 1161309 -> 父节点: 0000000010017913NK (层级 1)
2025-04-24 13:19:20,796 [DEBUG] core.bom_processor - 处理第 60 行:
2025-04-24 13:19:20,796 [DEBUG] core.bom_processor -   层级: 2
2025-04-24 13:19:20,796 [DEBUG] core.bom_processor -   Baugruppe: 1161310
2025-04-24 13:19:20,796 [DEBUG] core.bom_processor -   占位符: PL-Sitze03
2025-04-24 13:19:20,797 [DEBUG] core.bom_processor - 添加子节点: 1161310 -> 父节点: 0000000010017913NK (层级 1)
2025-04-24 13:19:20,797 [DEBUG] core.bom_processor - 处理第 61 行:
2025-04-24 13:19:20,797 [DEBUG] core.bom_processor -   层级: 2
2025-04-24 13:19:20,797 [DEBUG] core.bom_processor -   Baugruppe: 1123266
2025-04-24 13:19:20,797 [DEBUG] core.bom_processor -   占位符: PL-Sitze03
2025-04-24 13:19:20,797 [DEBUG] core.bom_processor - 添加子节点: 1123266 -> 父节点: 0000000010017913NK (层级 1)
2025-04-24 13:19:20,797 [DEBUG] core.bom_processor - 处理第 62 行:
2025-04-24 13:19:20,797 [DEBUG] core.bom_processor -   层级: 2
2025-04-24 13:19:20,797 [DEBUG] core.bom_processor -   Baugruppe: 1161307
2025-04-24 13:19:20,797 [DEBUG] core.bom_processor -   占位符: PL-Sitze03
2025-04-24 13:19:20,797 [DEBUG] core.bom_processor - 添加子节点: 1161307 -> 父节点: 0000000010017913NK (层级 1)
2025-04-24 13:19:20,797 [DEBUG] core.bom_processor - 处理第 63 行:
2025-04-24 13:19:20,797 [DEBUG] core.bom_processor -   层级: 2
2025-04-24 13:19:20,797 [DEBUG] core.bom_processor -   Baugruppe: 1161308
2025-04-24 13:19:20,797 [DEBUG] core.bom_processor -   占位符: PL-Sitze03
2025-04-24 13:19:20,798 [DEBUG] core.bom_processor - 添加子节点: 1161308 -> 父节点: 0000000010017913NK (层级 1)
2025-04-24 13:19:20,798 [DEBUG] core.bom_processor - 处理第 64 行:
2025-04-24 13:19:20,798 [DEBUG] core.bom_processor -   层级: 2
2025-04-24 13:19:20,798 [DEBUG] core.bom_processor -   Baugruppe: 1123246
2025-04-24 13:19:20,798 [DEBUG] core.bom_processor -   占位符: PL-Sitze03
2025-04-24 13:19:20,798 [DEBUG] core.bom_processor - 添加子节点: 1123246 -> 父节点: 0000000010017913NK (层级 1)
2025-04-24 13:19:20,798 [DEBUG] core.bom_processor - 处理第 65 行:
2025-04-24 13:19:20,798 [DEBUG] core.bom_processor -   层级: 2
2025-04-24 13:19:20,798 [DEBUG] core.bom_processor -   Baugruppe: 1161305
2025-04-24 13:19:20,798 [DEBUG] core.bom_processor -   占位符: PL-Sitze03
2025-04-24 13:19:20,798 [DEBUG] core.bom_processor - 添加子节点: 1161305 -> 父节点: 0000000010017913NK (层级 1)
2025-04-24 13:19:20,798 [DEBUG] core.bom_processor - 处理第 66 行:
2025-04-24 13:19:20,798 [DEBUG] core.bom_processor -   层级: 2
2025-04-24 13:19:20,798 [DEBUG] core.bom_processor -   Baugruppe: 1161306
2025-04-24 13:19:20,799 [DEBUG] core.bom_processor -   占位符: PL-Sitze03
2025-04-24 13:19:20,799 [DEBUG] core.bom_processor - 添加子节点: 1161306 -> 父节点: 0000000010017913NK (层级 1)
2025-04-24 13:19:20,799 [DEBUG] core.bom_processor - 处理第 67 行:
2025-04-24 13:19:20,799 [DEBUG] core.bom_processor -   层级: 2
2025-04-24 13:19:20,799 [DEBUG] core.bom_processor -   Baugruppe: 10028644
2025-04-24 13:19:20,799 [DEBUG] core.bom_processor -   占位符: PL-Sitze03
2025-04-24 13:19:20,799 [DEBUG] core.bom_processor - 添加子节点: 10028644 -> 父节点: 0000000010017913NK (层级 1)
2025-04-24 13:19:20,799 [DEBUG] core.bom_processor - 处理第 68 行:
2025-04-24 13:19:20,799 [DEBUG] core.bom_processor -   层级: 2
2025-04-24 13:19:20,799 [DEBUG] core.bom_processor -   Baugruppe: 10028647
2025-04-24 13:19:20,799 [DEBUG] core.bom_processor -   占位符: PL-Sitze03
2025-04-24 13:19:20,799 [DEBUG] core.bom_processor - 添加子节点: 10028647 -> 父节点: 0000000010017913NK (层级 1)
2025-04-24 13:19:20,799 [DEBUG] core.bom_processor - 处理第 69 行:
2025-04-24 13:19:20,799 [DEBUG] core.bom_processor -   层级: 2
2025-04-24 13:19:20,800 [DEBUG] core.bom_processor -   Baugruppe: 1123244
2025-04-24 13:19:20,800 [DEBUG] core.bom_processor -   占位符: PL-Sitze04
2025-04-24 13:19:20,800 [DEBUG] core.bom_processor - 添加子节点: 1123244 -> 父节点: 0000000010017913NK (层级 1)
2025-04-24 13:19:20,800 [DEBUG] core.bom_processor - 处理第 70 行:
2025-04-24 13:19:20,800 [DEBUG] core.bom_processor -   层级: 2
2025-04-24 13:19:20,800 [DEBUG] core.bom_processor -   Baugruppe: 1161296
2025-04-24 13:19:20,800 [DEBUG] core.bom_processor -   占位符: PL-Sitze04
2025-04-24 13:19:20,800 [DEBUG] core.bom_processor - 添加子节点: 1161296 -> 父节点: 0000000010017913NK (层级 1)
2025-04-24 13:19:20,800 [DEBUG] core.bom_processor - 处理第 71 行:
2025-04-24 13:19:20,800 [DEBUG] core.bom_processor -   层级: 2
2025-04-24 13:19:20,800 [DEBUG] core.bom_processor -   Baugruppe: 1161297
2025-04-24 13:19:20,800 [DEBUG] core.bom_processor -   占位符: PL-Sitze04
2025-04-24 13:19:20,801 [DEBUG] core.bom_processor - 添加子节点: 1161297 -> 父节点: 0000000010017913NK (层级 1)
2025-04-24 13:19:20,801 [DEBUG] core.bom_processor - 处理第 72 行:
2025-04-24 13:19:20,801 [DEBUG] core.bom_processor -   层级: 2
2025-04-24 13:19:20,801 [DEBUG] core.bom_processor -   Baugruppe: 1161313
2025-04-24 13:19:20,801 [DEBUG] core.bom_processor -   占位符: PL-Sitze04
2025-04-24 13:19:20,801 [DEBUG] core.bom_processor - 添加子节点: 1161313 -> 父节点: 0000000010017913NK (层级 1)
2025-04-24 13:19:20,801 [DEBUG] core.bom_processor - 处理第 73 行:
2025-04-24 13:19:20,801 [DEBUG] core.bom_processor -   层级: 2
2025-04-24 13:19:20,801 [DEBUG] core.bom_processor -   Baugruppe: 1161314
2025-04-24 13:19:20,801 [DEBUG] core.bom_processor -   占位符: PL-Sitze04
2025-04-24 13:19:20,801 [DEBUG] core.bom_processor - 添加子节点: 1161314 -> 父节点: 0000000010017913NK (层级 1)
2025-04-24 13:19:20,802 [DEBUG] core.bom_processor - 处理第 74 行:
2025-04-24 13:19:20,802 [DEBUG] core.bom_processor -   层级: 2
2025-04-24 13:19:20,802 [DEBUG] core.bom_processor -   Baugruppe: 1161294
2025-04-24 13:19:20,802 [DEBUG] core.bom_processor -   占位符: PL-Sitze04
2025-04-24 13:19:20,802 [DEBUG] core.bom_processor - 添加子节点: 1161294 -> 父节点: 0000000010017913NK (层级 1)
2025-04-24 13:19:20,802 [DEBUG] core.bom_processor - 处理第 75 行:
2025-04-24 13:19:20,802 [DEBUG] core.bom_processor -   层级: 2
2025-04-24 13:19:20,802 [DEBUG] core.bom_processor -   Baugruppe: 1161295
2025-04-24 13:19:20,802 [DEBUG] core.bom_processor -   占位符: PL-Sitze04
2025-04-24 13:19:20,802 [DEBUG] core.bom_processor - 添加子节点: 1161295 -> 父节点: 0000000010017913NK (层级 1)
2025-04-24 13:19:20,802 [DEBUG] core.bom_processor - 处理第 76 行:
2025-04-24 13:19:20,802 [DEBUG] core.bom_processor -   层级: 2
2025-04-24 13:19:20,802 [DEBUG] core.bom_processor -   Baugruppe: 1161309
2025-04-24 13:19:20,802 [DEBUG] core.bom_processor -   占位符: PL-Sitze04
2025-04-24 13:19:20,803 [DEBUG] core.bom_processor - 添加子节点: 1161309 -> 父节点: 0000000010017913NK (层级 1)
2025-04-24 13:19:20,803 [DEBUG] core.bom_processor - 处理第 77 行:
2025-04-24 13:19:20,803 [DEBUG] core.bom_processor -   层级: 2
2025-04-24 13:19:20,803 [DEBUG] core.bom_processor -   Baugruppe: 1161310
2025-04-24 13:19:20,803 [DEBUG] core.bom_processor -   占位符: PL-Sitze04
2025-04-24 13:19:20,803 [DEBUG] core.bom_processor - 添加子节点: 1161310 -> 父节点: 0000000010017913NK (层级 1)
2025-04-24 13:19:20,803 [DEBUG] core.bom_processor - 处理第 78 行:
2025-04-24 13:19:20,803 [DEBUG] core.bom_processor -   层级: 2
2025-04-24 13:19:20,803 [DEBUG] core.bom_processor -   Baugruppe: 1123266
2025-04-24 13:19:20,803 [DEBUG] core.bom_processor -   占位符: PL-Sitze04
2025-04-24 13:19:20,803 [DEBUG] core.bom_processor - 添加子节点: 1123266 -> 父节点: 0000000010017913NK (层级 1)
2025-04-24 13:19:20,803 [DEBUG] core.bom_processor - 处理第 79 行:
2025-04-24 13:19:20,804 [DEBUG] core.bom_processor -   层级: 2
2025-04-24 13:19:20,804 [DEBUG] core.bom_processor -   Baugruppe: 1161307
2025-04-24 13:19:20,804 [DEBUG] core.bom_processor -   占位符: PL-Sitze04
2025-04-24 13:19:20,804 [DEBUG] core.bom_processor - 添加子节点: 1161307 -> 父节点: 0000000010017913NK (层级 1)
2025-04-24 13:19:20,804 [DEBUG] core.bom_processor - 处理第 80 行:
2025-04-24 13:19:20,804 [DEBUG] core.bom_processor -   层级: 2
2025-04-24 13:19:20,804 [DEBUG] core.bom_processor -   Baugruppe: 1161308
2025-04-24 13:19:20,804 [DEBUG] core.bom_processor -   占位符: PL-Sitze04
2025-04-24 13:19:20,804 [DEBUG] core.bom_processor - 添加子节点: 1161308 -> 父节点: 0000000010017913NK (层级 1)
2025-04-24 13:19:20,804 [DEBUG] core.bom_processor - 处理第 81 行:
2025-04-24 13:19:20,804 [DEBUG] core.bom_processor -   层级: 2
2025-04-24 13:19:20,804 [DEBUG] core.bom_processor -   Baugruppe: 1123246
2025-04-24 13:19:20,804 [DEBUG] core.bom_processor -   占位符: PL-Sitze04
2025-04-24 13:19:20,804 [DEBUG] core.bom_processor - 添加子节点: 1123246 -> 父节点: 0000000010017913NK (层级 1)
2025-04-24 13:19:20,805 [DEBUG] core.bom_processor - 处理第 82 行:
2025-04-24 13:19:20,805 [DEBUG] core.bom_processor -   层级: 2
2025-04-24 13:19:20,805 [DEBUG] core.bom_processor -   Baugruppe: 1161305
2025-04-24 13:19:20,805 [DEBUG] core.bom_processor -   占位符: PL-Sitze04
2025-04-24 13:19:20,805 [DEBUG] core.bom_processor - 添加子节点: 1161305 -> 父节点: 0000000010017913NK (层级 1)
2025-04-24 13:19:20,805 [DEBUG] core.bom_processor - 处理第 83 行:
2025-04-24 13:19:20,805 [DEBUG] core.bom_processor -   层级: 2
2025-04-24 13:19:20,805 [DEBUG] core.bom_processor -   Baugruppe: 1161306
2025-04-24 13:19:20,805 [DEBUG] core.bom_processor -   占位符: PL-Sitze04
2025-04-24 13:19:20,805 [DEBUG] core.bom_processor - 添加子节点: 1161306 -> 父节点: 0000000010017913NK (层级 1)
2025-04-24 13:19:20,805 [DEBUG] core.bom_processor - 处理第 84 行:
2025-04-24 13:19:20,805 [DEBUG] core.bom_processor -   层级: 2
2025-04-24 13:19:20,805 [DEBUG] core.bom_processor -   Baugruppe: 10028644
2025-04-24 13:19:20,805 [DEBUG] core.bom_processor -   占位符: PL-Sitze04
2025-04-24 13:19:20,806 [DEBUG] core.bom_processor - 添加子节点: 10028644 -> 父节点: 0000000010017913NK (层级 1)
2025-04-24 13:19:20,806 [DEBUG] core.bom_processor - 处理第 85 行:
2025-04-24 13:19:20,806 [DEBUG] core.bom_processor -   层级: 2
2025-04-24 13:19:20,806 [DEBUG] core.bom_processor -   Baugruppe: 10028647
2025-04-24 13:19:20,806 [DEBUG] core.bom_processor -   占位符: PL-Sitze04
2025-04-24 13:19:20,806 [DEBUG] core.bom_processor - 添加子节点: 10028647 -> 父节点: 0000000010017913NK (层级 1)
2025-04-24 13:19:20,806 [DEBUG] core.bom_processor - 处理第 86 行:
2025-04-24 13:19:20,806 [DEBUG] core.bom_processor -   层级: 2
2025-04-24 13:19:20,806 [DEBUG] core.bom_processor -   Baugruppe: 1161298
2025-04-24 13:19:20,806 [DEBUG] core.bom_processor -   占位符: PL-Sitze05
2025-04-24 13:19:20,806 [DEBUG] core.bom_processor - 添加子节点: 1161298 -> 父节点: 0000000010017913NK (层级 1)
2025-04-24 13:19:20,806 [DEBUG] core.bom_processor - 处理第 87 行:
2025-04-24 13:19:20,807 [DEBUG] core.bom_processor -   层级: 2
2025-04-24 13:19:20,807 [DEBUG] core.bom_processor -   Baugruppe: 1142075
2025-04-24 13:19:20,807 [DEBUG] core.bom_processor -   占位符: PL-Sitze05
2025-04-24 13:19:20,807 [DEBUG] core.bom_processor - 添加子节点: 1142075 -> 父节点: 0000000010017913NK (层级 1)
2025-04-24 13:19:20,807 [DEBUG] core.bom_processor - 处理第 88 行:
2025-04-24 13:19:20,807 [DEBUG] core.bom_processor -   层级: 2
2025-04-24 13:19:20,807 [DEBUG] core.bom_processor -   Baugruppe: 1135804
2025-04-24 13:19:20,807 [DEBUG] core.bom_processor -   占位符: PL-Sitze05
2025-04-24 13:19:20,807 [DEBUG] core.bom_processor - 添加子节点: 1135804 -> 父节点: 0000000010017913NK (层级 1)
2025-04-24 13:19:20,807 [DEBUG] core.bom_processor - 处理第 89 行:
2025-04-24 13:19:20,807 [DEBUG] core.bom_processor -   层级: 2
2025-04-24 13:19:20,808 [DEBUG] core.bom_processor -   Baugruppe: 1161299
2025-04-24 13:19:20,808 [DEBUG] core.bom_processor -   占位符: PL-Sitze05
2025-04-24 13:19:20,808 [DEBUG] core.bom_processor - 添加子节点: 1161299 -> 父节点: 0000000010017913NK (层级 1)
2025-04-24 13:19:20,808 [DEBUG] core.bom_processor - 处理第 90 行:
2025-04-24 13:19:20,808 [DEBUG] core.bom_processor -   层级: 2
2025-04-24 13:19:20,808 [DEBUG] core.bom_processor -   Baugruppe: 1149353
2025-04-24 13:19:20,808 [DEBUG] core.bom_processor -   占位符: PL-Sitze05
2025-04-24 13:19:20,808 [DEBUG] core.bom_processor - 添加子节点: 1149353 -> 父节点: 0000000010017913NK (层级 1)
2025-04-24 13:19:20,808 [DEBUG] core.bom_processor - 处理第 91 行:
2025-04-24 13:19:20,808 [DEBUG] core.bom_processor -   层级: 2
2025-04-24 13:19:20,808 [DEBUG] core.bom_processor -   Baugruppe: 1149465
2025-04-24 13:19:20,808 [DEBUG] core.bom_processor -   占位符: PL-Sitze05
2025-04-24 13:19:20,808 [DEBUG] core.bom_processor - 添加子节点: 1149465 -> 父节点: 0000000010017913NK (层级 1)
2025-04-24 13:19:20,808 [DEBUG] core.bom_processor - 处理第 92 行:
2025-04-24 13:19:20,808 [DEBUG] core.bom_processor -   层级: 2
2025-04-24 13:19:20,809 [DEBUG] core.bom_processor -   Baugruppe: 10019388
2025-04-24 13:19:20,809 [DEBUG] core.bom_processor -   占位符: PL-Sitze05
2025-04-24 13:19:20,809 [DEBUG] core.bom_processor - 添加子节点: 10019388 -> 父节点: 0000000010017913NK (层级 1)
2025-04-24 13:19:20,809 [DEBUG] core.bom_processor - 处理第 93 行:
2025-04-24 13:19:20,809 [DEBUG] core.bom_processor -   层级: 2
2025-04-24 13:19:20,809 [DEBUG] core.bom_processor -   Baugruppe: 10019390
2025-04-24 13:19:20,809 [DEBUG] core.bom_processor -   占位符: PL-Sitze05
2025-04-24 13:19:20,809 [DEBUG] core.bom_processor - 添加子节点: 10019390 -> 父节点: 0000000010017913NK (层级 1)
2025-04-24 13:19:20,809 [DEBUG] core.bom_processor - 处理第 94 行:
2025-04-24 13:19:20,809 [DEBUG] core.bom_processor -   层级: 2
2025-04-24 13:19:20,809 [DEBUG] core.bom_processor -   Baugruppe: 10019392
2025-04-24 13:19:20,809 [DEBUG] core.bom_processor -   占位符: PL-Sitze05
2025-04-24 13:19:20,810 [DEBUG] core.bom_processor - 添加子节点: 10019392 -> 父节点: 0000000010017913NK (层级 1)
2025-04-24 13:19:20,810 [DEBUG] core.bom_processor - 处理第 95 行:
2025-04-24 13:19:20,810 [DEBUG] core.bom_processor -   层级: 2
2025-04-24 13:19:20,810 [DEBUG] core.bom_processor -   Baugruppe: 10019393
2025-04-24 13:19:20,810 [DEBUG] core.bom_processor -   占位符: PL-Sitze05
2025-04-24 13:19:20,810 [DEBUG] core.bom_processor - 添加子节点: 10019393 -> 父节点: 0000000010017913NK (层级 1)
2025-04-24 13:19:20,810 [DEBUG] core.bom_processor - 处理第 96 行:
2025-04-24 13:19:20,810 [DEBUG] core.bom_processor -   层级: 2
2025-04-24 13:19:20,810 [DEBUG] core.bom_processor -   Baugruppe: 10026208
2025-04-24 13:19:20,811 [DEBUG] core.bom_processor -   占位符: PL-Sitze05
2025-04-24 13:19:20,811 [DEBUG] core.bom_processor - 添加子节点: 10026208 -> 父节点: 0000000010017913NK (层级 1)
2025-04-24 13:19:20,811 [DEBUG] core.bom_processor - 处理第 97 行:
2025-04-24 13:19:20,811 [DEBUG] core.bom_processor -   层级: 2
2025-04-24 13:19:20,811 [DEBUG] core.bom_processor -   Baugruppe: 10023661
2025-04-24 13:19:20,811 [DEBUG] core.bom_processor -   占位符: PL-Sitze05
2025-04-24 13:19:20,811 [DEBUG] core.bom_processor - 添加子节点: 10023661 -> 父节点: 0000000010017913NK (层级 1)
2025-04-24 13:19:20,811 [DEBUG] core.bom_processor - 处理第 98 行:
2025-04-24 13:19:20,811 [DEBUG] core.bom_processor -   层级: 2
2025-04-24 13:19:20,811 [DEBUG] core.bom_processor -   Baugruppe: 1146163
2025-04-24 13:19:20,811 [DEBUG] core.bom_processor -   占位符: PL-Sitze05
2025-04-24 13:19:20,811 [DEBUG] core.bom_processor - 添加子节点: 1146163 -> 父节点: 0000000010017913NK (层级 1)
2025-04-24 13:19:20,812 [DEBUG] core.bom_processor - 处理第 99 行:
2025-04-24 13:19:20,812 [DEBUG] core.bom_processor -   层级: 2
2025-04-24 13:19:20,812 [DEBUG] core.bom_processor -   Baugruppe: 1126282
2025-04-24 13:19:20,812 [DEBUG] core.bom_processor -   占位符: PL-Sitze05
2025-04-24 13:19:20,812 [DEBUG] core.bom_processor - 添加子节点: 1126282 -> 父节点: 0000000010017913NK (层级 1)
2025-04-24 13:19:20,812 [DEBUG] core.bom_processor - 处理第 100 行:
2025-04-24 13:19:20,812 [DEBUG] core.bom_processor -   层级: 2
2025-04-24 13:19:20,812 [DEBUG] core.bom_processor -   Baugruppe: 1123244
2025-04-24 13:19:20,812 [DEBUG] core.bom_processor -   占位符: PL-Sitze06
2025-04-24 13:19:20,812 [DEBUG] core.bom_processor - 添加子节点: 1123244 -> 父节点: 0000000010017913NK (层级 1)
2025-04-24 13:19:20,812 [DEBUG] core.bom_processor - 处理第 101 行:
2025-04-24 13:19:20,812 [DEBUG] core.bom_processor -   层级: 2
2025-04-24 13:19:20,812 [DEBUG] core.bom_processor -   Baugruppe: 1161296
2025-04-24 13:19:20,812 [DEBUG] core.bom_processor -   占位符: PL-Sitze06
2025-04-24 13:19:20,812 [DEBUG] core.bom_processor - 添加子节点: 1161296 -> 父节点: 0000000010017913NK (层级 1)
2025-04-24 13:19:20,813 [DEBUG] core.bom_processor - 处理第 102 行:
2025-04-24 13:19:20,813 [DEBUG] core.bom_processor -   层级: 2
2025-04-24 13:19:20,813 [DEBUG] core.bom_processor -   Baugruppe: 1161297
2025-04-24 13:19:20,813 [DEBUG] core.bom_processor -   占位符: PL-Sitze06
2025-04-24 13:19:20,813 [DEBUG] core.bom_processor - 添加子节点: 1161297 -> 父节点: 0000000010017913NK (层级 1)
2025-04-24 13:19:20,813 [DEBUG] core.bom_processor - 处理第 103 行:
2025-04-24 13:19:20,813 [DEBUG] core.bom_processor -   层级: 2
2025-04-24 13:19:20,813 [DEBUG] core.bom_processor -   Baugruppe: 1161313
2025-04-24 13:19:20,813 [DEBUG] core.bom_processor -   占位符: PL-Sitze06
2025-04-24 13:19:20,813 [DEBUG] core.bom_processor - 添加子节点: 1161313 -> 父节点: 0000000010017913NK (层级 1)
2025-04-24 13:19:20,813 [DEBUG] core.bom_processor - 处理第 104 行:
2025-04-24 13:19:20,813 [DEBUG] core.bom_processor -   层级: 2
2025-04-24 13:19:20,813 [DEBUG] core.bom_processor -   Baugruppe: 1161314
2025-04-24 13:19:20,813 [DEBUG] core.bom_processor -   占位符: PL-Sitze06
2025-04-24 13:19:20,813 [DEBUG] core.bom_processor - 添加子节点: 1161314 -> 父节点: 0000000010017913NK (层级 1)
2025-04-24 13:19:20,813 [DEBUG] core.bom_processor - 处理第 105 行:
2025-04-24 13:19:20,814 [DEBUG] core.bom_processor -   层级: 2
2025-04-24 13:19:20,814 [DEBUG] core.bom_processor -   Baugruppe: 1161294
2025-04-24 13:19:20,814 [DEBUG] core.bom_processor -   占位符: PL-Sitze06
2025-04-24 13:19:20,814 [DEBUG] core.bom_processor - 添加子节点: 1161294 -> 父节点: 0000000010017913NK (层级 1)
2025-04-24 13:19:20,814 [DEBUG] core.bom_processor - 处理第 106 行:
2025-04-24 13:19:20,814 [DEBUG] core.bom_processor -   层级: 2
2025-04-24 13:19:20,814 [DEBUG] core.bom_processor -   Baugruppe: 1161295
2025-04-24 13:19:20,814 [DEBUG] core.bom_processor -   占位符: PL-Sitze06
2025-04-24 13:19:20,814 [DEBUG] core.bom_processor - 添加子节点: 1161295 -> 父节点: 0000000010017913NK (层级 1)
2025-04-24 13:19:20,814 [DEBUG] core.bom_processor - 处理第 107 行:
2025-04-24 13:19:20,814 [DEBUG] core.bom_processor -   层级: 2
2025-04-24 13:19:20,815 [DEBUG] core.bom_processor -   Baugruppe: 1161309
2025-04-24 13:19:20,815 [DEBUG] core.bom_processor -   占位符: PL-Sitze06
2025-04-24 13:19:20,815 [DEBUG] core.bom_processor - 添加子节点: 1161309 -> 父节点: 0000000010017913NK (层级 1)
2025-04-24 13:19:20,815 [DEBUG] core.bom_processor - 处理第 108 行:
2025-04-24 13:19:20,815 [DEBUG] core.bom_processor -   层级: 2
2025-04-24 13:19:20,815 [DEBUG] core.bom_processor -   Baugruppe: 1161310
2025-04-24 13:19:20,815 [DEBUG] core.bom_processor -   占位符: PL-Sitze06
2025-04-24 13:19:20,815 [DEBUG] core.bom_processor - 添加子节点: 1161310 -> 父节点: 0000000010017913NK (层级 1)
2025-04-24 13:19:20,815 [DEBUG] core.bom_processor - 处理第 109 行:
2025-04-24 13:19:20,815 [DEBUG] core.bom_processor -   层级: 2
2025-04-24 13:19:20,815 [DEBUG] core.bom_processor -   Baugruppe: 1123266
2025-04-24 13:19:20,815 [DEBUG] core.bom_processor -   占位符: PL-Sitze06
2025-04-24 13:19:20,815 [DEBUG] core.bom_processor - 添加子节点: 1123266 -> 父节点: 0000000010017913NK (层级 1)
2025-04-24 13:19:20,815 [DEBUG] core.bom_processor - 处理第 110 行:
2025-04-24 13:19:20,816 [DEBUG] core.bom_processor -   层级: 2
2025-04-24 13:19:20,816 [DEBUG] core.bom_processor -   Baugruppe: 1161307
2025-04-24 13:19:20,816 [DEBUG] core.bom_processor -   占位符: PL-Sitze06
2025-04-24 13:19:20,816 [DEBUG] core.bom_processor - 添加子节点: 1161307 -> 父节点: 0000000010017913NK (层级 1)
2025-04-24 13:19:20,816 [DEBUG] core.bom_processor - 处理第 111 行:
2025-04-24 13:19:20,816 [DEBUG] core.bom_processor -   层级: 2
2025-04-24 13:19:20,816 [DEBUG] core.bom_processor -   Baugruppe: 1161308
2025-04-24 13:19:20,816 [DEBUG] core.bom_processor -   占位符: PL-Sitze06
2025-04-24 13:19:20,816 [DEBUG] core.bom_processor - 添加子节点: 1161308 -> 父节点: 0000000010017913NK (层级 1)
2025-04-24 13:19:20,816 [DEBUG] core.bom_processor - 处理第 112 行:
2025-04-24 13:19:20,816 [DEBUG] core.bom_processor -   层级: 2
2025-04-24 13:19:20,816 [DEBUG] core.bom_processor -   Baugruppe: 1123246
2025-04-24 13:19:20,816 [DEBUG] core.bom_processor -   占位符: PL-Sitze06
2025-04-24 13:19:20,817 [DEBUG] core.bom_processor - 添加子节点: 1123246 -> 父节点: 0000000010017913NK (层级 1)
2025-04-24 13:19:20,817 [DEBUG] core.bom_processor - 处理第 113 行:
2025-04-24 13:19:20,817 [DEBUG] core.bom_processor -   层级: 2
2025-04-24 13:19:20,817 [DEBUG] core.bom_processor -   Baugruppe: 1161305
2025-04-24 13:19:20,817 [DEBUG] core.bom_processor -   占位符: PL-Sitze06
2025-04-24 13:19:20,817 [DEBUG] core.bom_processor - 添加子节点: 1161305 -> 父节点: 0000000010017913NK (层级 1)
2025-04-24 13:19:20,817 [DEBUG] core.bom_processor - 处理第 114 行:
2025-04-24 13:19:20,817 [DEBUG] core.bom_processor -   层级: 2
2025-04-24 13:19:20,817 [DEBUG] core.bom_processor -   Baugruppe: 1161306
2025-04-24 13:19:20,817 [DEBUG] core.bom_processor -   占位符: PL-Sitze06
2025-04-24 13:19:20,817 [DEBUG] core.bom_processor - 添加子节点: 1161306 -> 父节点: 0000000010017913NK (层级 1)
2025-04-24 13:19:20,817 [DEBUG] core.bom_processor - 处理第 115 行:
2025-04-24 13:19:20,818 [DEBUG] core.bom_processor -   层级: 2
2025-04-24 13:19:20,818 [DEBUG] core.bom_processor -   Baugruppe: 10028644
2025-04-24 13:19:20,818 [DEBUG] core.bom_processor -   占位符: PL-Sitze06
2025-04-24 13:19:20,818 [DEBUG] core.bom_processor - 添加子节点: 10028644 -> 父节点: 0000000010017913NK (层级 1)
2025-04-24 13:19:20,818 [DEBUG] core.bom_processor - 处理第 116 行:
2025-04-24 13:19:20,818 [DEBUG] core.bom_processor -   层级: 2
2025-04-24 13:19:20,818 [DEBUG] core.bom_processor -   Baugruppe: 10028647
2025-04-24 13:19:20,818 [DEBUG] core.bom_processor -   占位符: PL-Sitze06
2025-04-24 13:19:20,818 [DEBUG] core.bom_processor - 添加子节点: 10028647 -> 父节点: 0000000010017913NK (层级 1)
2025-04-24 13:19:20,818 [DEBUG] core.bom_processor - 处理第 117 行:
2025-04-24 13:19:20,818 [DEBUG] core.bom_processor -   层级: 2
2025-04-24 13:19:20,818 [DEBUG] core.bom_processor -   Baugruppe: 1123244
2025-04-24 13:19:20,818 [DEBUG] core.bom_processor -   占位符: PL-Sitze07
2025-04-24 13:19:20,819 [DEBUG] core.bom_processor - 添加子节点: 1123244 -> 父节点: 0000000010017913NK (层级 1)
2025-04-24 13:19:20,819 [DEBUG] core.bom_processor - 处理第 118 行:
2025-04-24 13:19:20,819 [DEBUG] core.bom_processor -   层级: 2
2025-04-24 13:19:20,819 [DEBUG] core.bom_processor -   Baugruppe: 1161296
2025-04-24 13:19:20,819 [DEBUG] core.bom_processor -   占位符: PL-Sitze07
2025-04-24 13:19:20,819 [DEBUG] core.bom_processor - 添加子节点: 1161296 -> 父节点: 0000000010017913NK (层级 1)
2025-04-24 13:19:20,819 [DEBUG] core.bom_processor - 处理第 119 行:
2025-04-24 13:19:20,819 [DEBUG] core.bom_processor -   层级: 2
2025-04-24 13:19:20,819 [DEBUG] core.bom_processor -   Baugruppe: 1161297
2025-04-24 13:19:20,819 [DEBUG] core.bom_processor -   占位符: PL-Sitze07
2025-04-24 13:19:20,819 [DEBUG] core.bom_processor - 添加子节点: 1161297 -> 父节点: 0000000010017913NK (层级 1)
2025-04-24 13:19:20,819 [DEBUG] core.bom_processor - 处理第 120 行:
2025-04-24 13:19:20,819 [DEBUG] core.bom_processor -   层级: 2
2025-04-24 13:19:20,820 [DEBUG] core.bom_processor -   Baugruppe: 1161313
2025-04-24 13:19:20,820 [DEBUG] core.bom_processor -   占位符: PL-Sitze07
2025-04-24 13:19:20,820 [DEBUG] core.bom_processor - 添加子节点: 1161313 -> 父节点: 0000000010017913NK (层级 1)
2025-04-24 13:19:20,820 [DEBUG] core.bom_processor - 处理第 121 行:
2025-04-24 13:19:20,820 [DEBUG] core.bom_processor -   层级: 2
2025-04-24 13:19:20,820 [DEBUG] core.bom_processor -   Baugruppe: 1161314
2025-04-24 13:19:20,820 [DEBUG] core.bom_processor -   占位符: PL-Sitze07
2025-04-24 13:19:20,820 [DEBUG] core.bom_processor - 添加子节点: 1161314 -> 父节点: 0000000010017913NK (层级 1)
2025-04-24 13:19:20,820 [DEBUG] core.bom_processor - 处理第 122 行:
2025-04-24 13:19:20,820 [DEBUG] core.bom_processor -   层级: 2
2025-04-24 13:19:20,820 [DEBUG] core.bom_processor -   Baugruppe: 1161294
2025-04-24 13:19:20,820 [DEBUG] core.bom_processor -   占位符: PL-Sitze07
2025-04-24 13:19:20,820 [DEBUG] core.bom_processor - 添加子节点: 1161294 -> 父节点: 0000000010017913NK (层级 1)
2025-04-24 13:19:20,821 [DEBUG] core.bom_processor - 处理第 123 行:
2025-04-24 13:19:20,821 [DEBUG] core.bom_processor -   层级: 2
2025-04-24 13:19:20,821 [DEBUG] core.bom_processor -   Baugruppe: 1161295
2025-04-24 13:19:20,821 [DEBUG] core.bom_processor -   占位符: PL-Sitze07
2025-04-24 13:19:20,821 [DEBUG] core.bom_processor - 添加子节点: 1161295 -> 父节点: 0000000010017913NK (层级 1)
2025-04-24 13:19:20,821 [DEBUG] core.bom_processor - 处理第 124 行:
2025-04-24 13:19:20,821 [DEBUG] core.bom_processor -   层级: 2
2025-04-24 13:19:20,821 [DEBUG] core.bom_processor -   Baugruppe: 1161309
2025-04-24 13:19:20,821 [DEBUG] core.bom_processor -   占位符: PL-Sitze07
2025-04-24 13:19:20,821 [DEBUG] core.bom_processor - 添加子节点: 1161309 -> 父节点: 0000000010017913NK (层级 1)
2025-04-24 13:19:20,821 [DEBUG] core.bom_processor - 处理第 125 行:
2025-04-24 13:19:20,821 [DEBUG] core.bom_processor -   层级: 2
2025-04-24 13:19:20,821 [DEBUG] core.bom_processor -   Baugruppe: 1161310
2025-04-24 13:19:20,822 [DEBUG] core.bom_processor -   占位符: PL-Sitze07
2025-04-24 13:19:20,822 [DEBUG] core.bom_processor - 添加子节点: 1161310 -> 父节点: 0000000010017913NK (层级 1)
2025-04-24 13:19:20,822 [DEBUG] core.bom_processor - 处理第 126 行:
2025-04-24 13:19:20,822 [DEBUG] core.bom_processor -   层级: 2
2025-04-24 13:19:20,822 [DEBUG] core.bom_processor -   Baugruppe: 1123266
2025-04-24 13:19:20,822 [DEBUG] core.bom_processor -   占位符: PL-Sitze07
2025-04-24 13:19:20,822 [DEBUG] core.bom_processor - 添加子节点: 1123266 -> 父节点: 0000000010017913NK (层级 1)
2025-04-24 13:19:20,822 [DEBUG] core.bom_processor - 处理第 127 行:
2025-04-24 13:19:20,822 [DEBUG] core.bom_processor -   层级: 2
2025-04-24 13:19:20,822 [DEBUG] core.bom_processor -   Baugruppe: 1161307
2025-04-24 13:19:20,822 [DEBUG] core.bom_processor -   占位符: PL-Sitze07
2025-04-24 13:19:20,822 [DEBUG] core.bom_processor - 添加子节点: 1161307 -> 父节点: 0000000010017913NK (层级 1)
2025-04-24 13:19:20,822 [DEBUG] core.bom_processor - 处理第 128 行:
2025-04-24 13:19:20,822 [DEBUG] core.bom_processor -   层级: 2
2025-04-24 13:19:20,823 [DEBUG] core.bom_processor -   Baugruppe: 1161308
2025-04-24 13:19:20,823 [DEBUG] core.bom_processor -   占位符: PL-Sitze07
2025-04-24 13:19:20,823 [DEBUG] core.bom_processor - 添加子节点: 1161308 -> 父节点: 0000000010017913NK (层级 1)
2025-04-24 13:19:20,823 [DEBUG] core.bom_processor - 处理第 129 行:
2025-04-24 13:19:20,823 [DEBUG] core.bom_processor -   层级: 2
2025-04-24 13:19:20,823 [DEBUG] core.bom_processor -   Baugruppe: 1123246
2025-04-24 13:19:20,823 [DEBUG] core.bom_processor -   占位符: PL-Sitze07
2025-04-24 13:19:20,823 [DEBUG] core.bom_processor - 添加子节点: 1123246 -> 父节点: 0000000010017913NK (层级 1)
2025-04-24 13:19:20,823 [DEBUG] core.bom_processor - 处理第 130 行:
2025-04-24 13:19:20,823 [DEBUG] core.bom_processor -   层级: 2
2025-04-24 13:19:20,823 [DEBUG] core.bom_processor -   Baugruppe: 1161305
2025-04-24 13:19:20,823 [DEBUG] core.bom_processor -   占位符: PL-Sitze07
2025-04-24 13:19:20,823 [DEBUG] core.bom_processor - 添加子节点: 1161305 -> 父节点: 0000000010017913NK (层级 1)
2025-04-24 13:19:20,823 [DEBUG] core.bom_processor - 处理第 131 行:
2025-04-24 13:19:20,823 [DEBUG] core.bom_processor -   层级: 2
2025-04-24 13:19:20,823 [DEBUG] core.bom_processor -   Baugruppe: 1161306
2025-04-24 13:19:20,824 [DEBUG] core.bom_processor -   占位符: PL-Sitze07
2025-04-24 13:19:20,824 [DEBUG] core.bom_processor - 添加子节点: 1161306 -> 父节点: 0000000010017913NK (层级 1)
2025-04-24 13:19:20,824 [DEBUG] core.bom_processor - 处理第 132 行:
2025-04-24 13:19:20,824 [DEBUG] core.bom_processor -   层级: 2
2025-04-24 13:19:20,824 [DEBUG] core.bom_processor -   Baugruppe: 10028644
2025-04-24 13:19:20,824 [DEBUG] core.bom_processor -   占位符: PL-Sitze07
2025-04-24 13:19:20,824 [DEBUG] core.bom_processor - 添加子节点: 10028644 -> 父节点: 0000000010017913NK (层级 1)
2025-04-24 13:19:20,824 [DEBUG] core.bom_processor - 处理第 133 行:
2025-04-24 13:19:20,824 [DEBUG] core.bom_processor -   层级: 2
2025-04-24 13:19:20,824 [DEBUG] core.bom_processor -   Baugruppe: 10028647
2025-04-24 13:19:20,824 [DEBUG] core.bom_processor -   占位符: PL-Sitze07
2025-04-24 13:19:20,824 [DEBUG] core.bom_processor - 添加子节点: 10028647 -> 父节点: 0000000010017913NK (层级 1)
2025-04-24 13:19:20,824 [DEBUG] core.bom_processor - 处理第 134 行:
2025-04-24 13:19:20,824 [DEBUG] core.bom_processor -   层级: 2
2025-04-24 13:19:20,824 [DEBUG] core.bom_processor -   Baugruppe: 1003568
2025-04-24 13:19:20,825 [DEBUG] core.bom_processor -   占位符: PL-Beleuchtung
2025-04-24 13:19:20,825 [DEBUG] core.bom_processor - 添加子节点: 1003568 -> 父节点: 0000000010017913NK (层级 1)
2025-04-24 13:19:20,825 [DEBUG] core.bom_processor - 处理第 135 行:
2025-04-24 13:19:20,825 [DEBUG] core.bom_processor -   层级: 3
2025-04-24 13:19:20,825 [DEBUG] core.bom_processor -   Baugruppe: 1115355
2025-04-24 13:19:20,825 [DEBUG] core.bom_processor -   占位符: PL-Beleuchtungseinheit
2025-04-24 13:19:20,825 [DEBUG] core.bom_processor - 添加子节点: 1115355 -> 父节点: 1003568 (层级 2)
2025-04-24 13:19:20,825 [DEBUG] core.bom_processor - 处理第 136 行:
2025-04-24 13:19:20,825 [DEBUG] core.bom_processor -   层级: 3
2025-04-24 13:19:20,825 [DEBUG] core.bom_processor -   Baugruppe: 1117649
2025-04-24 13:19:20,825 [DEBUG] core.bom_processor -   占位符: PL-Beleuchtungseinheit
2025-04-24 13:19:20,825 [DEBUG] core.bom_processor - 添加子节点: 1117649 -> 父节点: 1003568 (层级 2)
2025-04-24 13:19:20,825 [DEBUG] core.bom_processor - 处理第 137 行:
2025-04-24 13:19:20,826 [DEBUG] core.bom_processor -   层级: 3
2025-04-24 13:19:20,826 [DEBUG] core.bom_processor -   Baugruppe: 1117650
2025-04-24 13:19:20,826 [DEBUG] core.bom_processor -   占位符: PL-Beleuchtungseinheit
2025-04-24 13:19:20,826 [DEBUG] core.bom_processor - 添加子节点: 1117650 -> 父节点: 1003568 (层级 2)
2025-04-24 13:19:20,826 [DEBUG] core.bom_processor - 处理第 138 行:
2025-04-24 13:19:20,826 [DEBUG] core.bom_processor -   层级: 3
2025-04-24 13:19:20,826 [DEBUG] core.bom_processor -   Baugruppe: 1138846
2025-04-24 13:19:20,826 [DEBUG] core.bom_processor -   占位符: PL-Bedienelemente
2025-04-24 13:19:20,826 [DEBUG] core.bom_processor - 添加子节点: 1138846 -> 父节点: 1003568 (层级 2)
2025-04-24 13:19:20,826 [DEBUG] core.bom_processor - 处理第 139 行:
2025-04-24 13:19:20,827 [DEBUG] core.bom_processor -   层级: 3
2025-04-24 13:19:20,827 [DEBUG] core.bom_processor -   Baugruppe: 1138847
2025-04-24 13:19:20,827 [DEBUG] core.bom_processor -   占位符: PL-Bedienelemente
2025-04-24 13:19:20,827 [DEBUG] core.bom_processor - 添加子节点: 1138847 -> 父节点: 1003568 (层级 2)
2025-04-24 13:19:20,827 [DEBUG] core.bom_processor - 处理第 140 行:
2025-04-24 13:19:20,827 [DEBUG] core.bom_processor -   层级: 3
2025-04-24 13:19:20,827 [DEBUG] core.bom_processor -   Baugruppe: 1138850
2025-04-24 13:19:20,827 [DEBUG] core.bom_processor -   占位符: PL-Bedienelemente
2025-04-24 13:19:20,827 [DEBUG] core.bom_processor - 添加子节点: 1138850 -> 父节点: 1003568 (层级 2)
2025-04-24 13:19:20,827 [DEBUG] core.bom_processor - 处理第 141 行:
2025-04-24 13:19:20,827 [DEBUG] core.bom_processor -   层级: 3
2025-04-24 13:19:20,827 [DEBUG] core.bom_processor -   Baugruppe: 1138851
2025-04-24 13:19:20,828 [DEBUG] core.bom_processor -   占位符: PL-Bedienelemente
2025-04-24 13:19:20,828 [DEBUG] core.bom_processor - 添加子节点: 1138851 -> 父节点: 1003568 (层级 2)
2025-04-24 13:19:20,828 [DEBUG] core.bom_processor - 处理第 142 行:
2025-04-24 13:19:20,828 [DEBUG] core.bom_processor -   层级: 3
2025-04-24 13:19:20,828 [DEBUG] core.bom_processor -   Baugruppe: 1138852
2025-04-24 13:19:20,828 [DEBUG] core.bom_processor -   占位符: PL-Bedienelemente
2025-04-24 13:19:20,828 [DEBUG] core.bom_processor - 添加子节点: 1138852 -> 父节点: 1003568 (层级 2)
2025-04-24 13:19:20,828 [DEBUG] core.bom_processor - 处理第 143 行:
2025-04-24 13:19:20,828 [DEBUG] core.bom_processor -   层级: 3
2025-04-24 13:19:20,828 [DEBUG] core.bom_processor -   Baugruppe: 1138853
2025-04-24 13:19:20,828 [DEBUG] core.bom_processor -   占位符: PL-Bedienelemente
2025-04-24 13:19:20,828 [DEBUG] core.bom_processor - 添加子节点: 1138853 -> 父节点: 1003568 (层级 2)
2025-04-24 13:19:20,828 [DEBUG] core.bom_processor - 处理第 144 行:
2025-04-24 13:19:20,828 [DEBUG] core.bom_processor -   层级: 3
2025-04-24 13:19:20,829 [DEBUG] core.bom_processor -   Baugruppe: 1138854
2025-04-24 13:19:20,829 [DEBUG] core.bom_processor -   占位符: PL-Bedienelemente
2025-04-24 13:19:20,829 [DEBUG] core.bom_processor - 添加子节点: 1138854 -> 父节点: 1003568 (层级 2)
2025-04-24 13:19:20,829 [DEBUG] core.bom_processor - 处理第 145 行:
2025-04-24 13:19:20,829 [DEBUG] core.bom_processor -   层级: 3
2025-04-24 13:19:20,829 [DEBUG] core.bom_processor -   Baugruppe: 1138855
2025-04-24 13:19:20,829 [DEBUG] core.bom_processor -   占位符: PL-Bedienelemente
2025-04-24 13:19:20,829 [DEBUG] core.bom_processor - 添加子节点: 1138855 -> 父节点: 1003568 (层级 2)
2025-04-24 13:19:20,829 [DEBUG] core.bom_processor - 处理第 146 行:
2025-04-24 13:19:20,829 [DEBUG] core.bom_processor -   层级: 3
2025-04-24 13:19:20,829 [DEBUG] core.bom_processor -   Baugruppe: 1138951
2025-04-24 13:19:20,829 [DEBUG] core.bom_processor -   占位符: PL-Bedienelemente
2025-04-24 13:19:20,829 [DEBUG] core.bom_processor - 添加子节点: 1138951 -> 父节点: 1003568 (层级 2)
2025-04-24 13:19:20,830 [DEBUG] core.bom_processor - 处理第 147 行:
2025-04-24 13:19:20,830 [DEBUG] core.bom_processor -   层级: 3
2025-04-24 13:19:20,830 [DEBUG] core.bom_processor -   Baugruppe: 1138954
2025-04-24 13:19:20,830 [DEBUG] core.bom_processor -   占位符: PL-Bedienelemente
2025-04-24 13:19:20,830 [DEBUG] core.bom_processor - 添加子节点: 1138954 -> 父节点: 1003568 (层级 2)
2025-04-24 13:19:20,830 [DEBUG] core.bom_processor - 处理第 148 行:
2025-04-24 13:19:20,830 [DEBUG] core.bom_processor -   层级: 3
2025-04-24 13:19:20,830 [DEBUG] core.bom_processor -   Baugruppe: 1138956
2025-04-24 13:19:20,830 [DEBUG] core.bom_processor -   占位符: PL-Bedienelemente
2025-04-24 13:19:20,830 [DEBUG] core.bom_processor - 添加子节点: 1138956 -> 父节点: 1003568 (层级 2)
2025-04-24 13:19:20,830 [DEBUG] core.bom_processor - 处理第 149 行:
2025-04-24 13:19:20,830 [DEBUG] core.bom_processor -   层级: 3
2025-04-24 13:19:20,831 [DEBUG] core.bom_processor -   Baugruppe: 1138959
2025-04-24 13:19:20,831 [DEBUG] core.bom_processor -   占位符: PL-Bedienelemente
2025-04-24 13:19:20,831 [DEBUG] core.bom_processor - 添加子节点: 1138959 -> 父节点: 1003568 (层级 2)
2025-04-24 13:19:20,831 [DEBUG] core.bom_processor - 处理第 150 行:
2025-04-24 13:19:20,831 [DEBUG] core.bom_processor -   层级: 3
2025-04-24 13:19:20,831 [DEBUG] core.bom_processor -   Baugruppe: 1138961
2025-04-24 13:19:20,831 [DEBUG] core.bom_processor -   占位符: PL-Bedienelemente
2025-04-24 13:19:20,831 [DEBUG] core.bom_processor - 添加子节点: 1138961 -> 父节点: 1003568 (层级 2)
2025-04-24 13:19:20,831 [DEBUG] core.bom_processor - 处理第 151 行:
2025-04-24 13:19:20,831 [DEBUG] core.bom_processor -   层级: 3
2025-04-24 13:19:20,831 [DEBUG] core.bom_processor -   Baugruppe: 1138963
2025-04-24 13:19:20,831 [DEBUG] core.bom_processor -   占位符: PL-Bedienelemente
2025-04-24 13:19:20,832 [DEBUG] core.bom_processor - 添加子节点: 1138963 -> 父节点: 1003568 (层级 2)
2025-04-24 13:19:20,832 [DEBUG] core.bom_processor - 处理第 152 行:
2025-04-24 13:19:20,832 [DEBUG] core.bom_processor -   层级: 3
2025-04-24 13:19:20,832 [DEBUG] core.bom_processor -   Baugruppe: 1138965
2025-04-24 13:19:20,832 [DEBUG] core.bom_processor -   占位符: PL-Bedienelemente
2025-04-24 13:19:20,832 [DEBUG] core.bom_processor - 添加子节点: 1138965 -> 父节点: 1003568 (层级 2)
2025-04-24 13:19:20,832 [DEBUG] core.bom_processor - 处理第 153 行:
2025-04-24 13:19:20,832 [DEBUG] core.bom_processor -   层级: 3
2025-04-24 13:19:20,832 [DEBUG] core.bom_processor -   Baugruppe: 1138967
2025-04-24 13:19:20,832 [DEBUG] core.bom_processor -   占位符: PL-Bedienelemente
2025-04-24 13:19:20,832 [DEBUG] core.bom_processor - 添加子节点: 1138967 -> 父节点: 1003568 (层级 2)
2025-04-24 13:19:20,832 [INFO] core.bom_processor - 数据处理完成，成功处理 153 行数据
2025-04-24 13:19:20,833 [INFO] core.bom_processor - 最终数据包含 1 个一级节点
2025-04-24 13:19:20,833 [INFO] core.bom_processor - BOM文件导入成功，共处理 1 个一级节点
2025-04-24 13:19:20,833 [INFO] gui.bom_panel - 成功导入BOM文件: C:/Users/mengy/Desktop/BOM映射表.xlsx
2025-04-24 13:19:20,833 [INFO] gui.bom_panel - 开始刷新树状图，共有 1 个一级节点
2025-04-24 13:19:20,833 [DEBUG] gui.bom_panel - 创建层级节点: [1] PL-Kabine -> 父节点: 
2025-04-24 13:19:20,833 [DEBUG] gui.bom_panel - 添加项目节点: 0000000010017913NK - Modulkabine S301000 / S302000
Modulkabine S301000 / S302000 -> 层级节点: I001
2025-04-24 13:19:20,833 [DEBUG] gui.bom_panel - 创建层级节点: [2] PL-GrundKabine -> 父节点: I001
2025-04-24 13:19:20,833 [DEBUG] gui.bom_panel - 添加项目节点: 10019231 - Modulkabine Standard MAN Euro 6 18T
Modul cabin standard MAN Euro 6 18T
Z-Cab NG Alpas 3 RAL 3000
Z-Cab NG Alpas 3 RAL 3000 -> 层级节点: I003
2025-04-24 13:19:20,833 [DEBUG] gui.bom_panel - 添加项目节点: 10019232 - Modulkabine Standard MAN Euro 6 18T
Modul cabin standard MAN Euro 6 18T
Z-Cab NG Alpas 3 RAL 3020
Z-Cab NG Alpas 3 RAL 3020 -> 层级节点: I003
2025-04-24 13:19:20,833 [DEBUG] gui.bom_panel - 添加项目节点: 10019233 - Modulkabine Standard MAN Euro 6 18T
Modul cabin standard MAN Euro 6 18T
Z-Cab NG Alpas 3 RAL 9010
Z-Cab NG Alpas 3 RAL 9010 -> 层级节点: I003
2025-04-24 13:19:20,833 [DEBUG] gui.bom_panel - 添加项目节点: 10019234 - Modulkabine Standard MAN Euro 6 18T
Modul cabin standard MAN Euro 6 18T
Z-Cab NG Alpas 3 RAL XXXX
Z-Cab NG Alpas 3 RAL XXXX -> 层级节点: I003
2025-04-24 13:19:20,833 [DEBUG] gui.bom_panel - 添加项目节点: 10019235 - Modulkabine Standard MAN Euro 6
Modul cabin standard MAN Euro 6
Z-Cab NG Alpas 3 RAL 3000
Z-Cab NG Alpas 3 RAL 3000 -> 层级节点: I003
2025-04-24 13:19:20,833 [DEBUG] gui.bom_panel - 添加项目节点: 10019236 - Modulkabine Standard MAN Euro 6
Modul cabin standard MAN Euro 6
Z-Cab NG Alpas 3 RAL 3020
Z-Cab NG Alpas 3 RAL 3020 -> 层级节点: I003
2025-04-24 13:19:20,834 [DEBUG] gui.bom_panel - 添加项目节点: 10019237 - Modulkabine Standard MAN Euro 6
Modul cabin standard MAN Euro 6
Z-Cab NG Alpas 3 RAL 9010
Z-Cab NG Alpas 3 RAL 9010 -> 层级节点: I003
2025-04-24 13:19:20,834 [DEBUG] gui.bom_panel - 添加项目节点: 10019238 - Modulkabine Standard MAN Euro 6
Modul cabin standard MAN Euro 6
Z-Cab NG Alpas 3 RAL XXXX
Z-Cab NG Alpas 3 RAL XXXX -> 层级节点: I003
2025-04-24 13:19:20,834 [DEBUG] gui.bom_panel - 添加项目节点: 10019239 - Modulkabine Standard MB
Modul cabin standard MB
Z-Cab NG Alpas 3 RAL 3000
Z-Cab NG Alpas 3 RAL 3000 -> 层级节点: I003
2025-04-24 13:19:20,834 [DEBUG] gui.bom_panel - 添加项目节点: 10019240 - Modulkabine Standard MB
Modul cabin standard MB
Z-Cab NG Alpas 3 RAL 3020
Z-Cab NG Alpas 3 RAL 3020 -> 层级节点: I003
2025-04-24 13:19:20,834 [DEBUG] gui.bom_panel - 添加项目节点: 10019241 - Modulkabine Standard MB
Modul cabin standard MB
Z-Cab NG Alpas 3 RAL 9010
Z-Cab NG Alpas 3 RAL 9010 -> 层级节点: I003
2025-04-24 13:19:20,834 [DEBUG] gui.bom_panel - 添加项目节点: 10019242 - Modulkabine Standard MB
Modul cabin standard MB
Z-Cab NG Alpas 3 RAL XXXX
Z-Cab NG Alpas 3 RAL XXXX -> 层级节点: I003
2025-04-24 13:19:20,834 [DEBUG] gui.bom_panel - 添加项目节点: 10019243 - Modulkabine Standard Scania Neu
Modul cabine standard Scania new
Z-Cab NG RAL 3000
Z-Cab NG RAL 3000 -> 层级节点: I003
2025-04-24 13:19:20,834 [DEBUG] gui.bom_panel - 添加项目节点: 10019244 - Modulkabine Standard Scania Neu
Modul cabine standard Scania new
Z-Cab NG RAL 3020
Z-Cab NG RAL 3020 -> 层级节点: I003
2025-04-24 13:19:20,834 [DEBUG] gui.bom_panel - 添加项目节点: 10019245 - Modulkabine Standard Scania Neu
Modul cabine standard Scania new
Z-Cab NG RAL 9010
Z-Cab NG RAL 9010 -> 层级节点: I003
2025-04-24 13:19:20,834 [DEBUG] gui.bom_panel - 添加项目节点: 10019246 - Modulkabine Standard Scania Neu
Modul cabine standard Scania new
Z-Cab NG RAL XXXX
Z-Cab NG RAL XXXX -> 层级节点: I003
2025-04-24 13:19:20,834 [DEBUG] gui.bom_panel - 创建层级节点: [2] PL-Sitze05 -> 父节点: I001
2025-04-24 13:19:20,834 [DEBUG] gui.bom_panel - 添加项目节点: 1161298 - Teilesatz Standardsitz / parts set type seat
Z-Cab NG / Z-Cab NG -> 层级节点: I014
2025-04-24 13:19:20,835 [DEBUG] gui.bom_panel - 添加项目节点: 1142075 - Teilesatz Sitzgestell / parts set seat frame
mit Aufnahmeplatte Z-Cab NG / with mounting plate Z-CAB NG -> 层级节点: I014
2025-04-24 13:19:20,835 [DEBUG] gui.bom_panel - 添加项目节点: 1135804 - Teilesatz Gerätewand / parts set device wall
an Stelle Standardsitz Z-Cab NG / in place of standard seat Z-CAB NG -> 层级节点: I014
2025-04-24 13:19:20,835 [DEBUG] gui.bom_panel - 添加项目节点: 1161299 - Teilesatz Einzelsitz m.Tisch / parts set single seat w. table
Z-Cab NG / Z-Cab NG -> 层级节点: I014
2025-04-24 13:19:20,835 [DEBUG] gui.bom_panel - 添加项目节点: 1149353 - Schrank m.Rollo in MR kpl. / tower w. shutter in cabin cpl.
L= 540 B= 437 H=1450 Z-Cab NG Standard / l= 540 w= 437 h=1450 Z-Cab NG standard -> 层级节点: I014
2025-04-24 13:19:20,835 [DEBUG] gui.bom_panel - 添加项目节点: 1149465 - Schrank o.Rollo in MR kpl. / tower no shutter in cabin cpl.
L= 540 B= 437 H=1450 Z-Cab NG Standard / l= 540 w= 437 h=1450 Z-Cab NG standard -> 层级节点: I014
2025-04-24 13:19:20,835 [DEBUG] gui.bom_panel - 添加项目节点: 10019388 - Teilesatz MAN Sitz m.Tisch / parts set MAN seat w. table
Sitz MAN / seat MAN -> 层级节点: I014
2025-04-24 13:19:20,835 [DEBUG] gui.bom_panel - 添加项目节点: 10019390 - Teilesatz PA-Sitz MAN mech. 1 FL / parts set BA-seat MAN mech. 1 btl.
Sitz MAN / seat MAN -> 层级节点: I014
2025-04-24 13:19:20,835 [DEBUG] gui.bom_panel - 添加项目节点: 10019392 - Teilesatz PA-Sitz MAN mech. 2 FL / parts set BA-seat MAN mech. 2 btl.
Sitz MAN / seat MAN -> 层级节点: I014
2025-04-24 13:19:20,835 [DEBUG] gui.bom_panel - 添加项目节点: 10019393 - Teilesatz Standardsitz MAN / parts set standard seat MAN
Sitz MAN / seat MAN -> 层级节点: I014
2025-04-24 13:19:20,835 [DEBUG] gui.bom_panel - 添加项目节点: 10026208 - Teilesatz Gerätewand / parts set device wall
Sitzplatz 2 MAN Euro 6 / seat place 2 MAN Euro 6 -> 层级节点: I014
2025-04-24 13:19:20,835 [DEBUG] gui.bom_panel - 添加项目节点: 10023661 - Schrank o.Rollo in MR S2 / tower no shutter in cabin S2
L= 557 B= 572 H= 500 Z-Cab NG MAN / l= 557 w= 572 h= 500 Z-Cab NG MAN -> 层级节点: I014
2025-04-24 13:19:20,835 [DEBUG] gui.bom_panel - 添加项目节点: 1146163 - Schrank m.Rollo in MR S2 / tower no shutter in cabin S2
Sitzplatz 2 MAN Z-Cab NG / seat place 2 MAN Z-Cab NG -> 层级节点: I014
2025-04-24 13:19:20,836 [DEBUG] gui.bom_panel - 添加项目节点: 1126282 - Schrank o.Rollo in MR S2 / tower no shutter in cabin S2
Sitzplatz 2 MAN Z-Cab NG / seat place 2 MAN Z-Cab NG -> 层级节点: I014
2025-04-24 13:19:20,836 [DEBUG] gui.bom_panel - 创建层级节点: [2] PL-Sitze07 -> 父节点: I001
2025-04-24 13:19:20,836 [DEBUG] gui.bom_panel - 添加项目节点: 1123244 - Einzelsitz Std Airbag Stra.li. / single seat std. airbag tensioner le.
Z-Cab NG / Z-Cab NG -> 层级节点: I023
2025-04-24 13:19:20,836 [DEBUG] gui.bom_panel - 添加项目节点: 1161296 - PA-Sitz Std. mechanisch / BA-seat mechanically
Z-Cab NG Einflaschengerät / Z-Cab NG single-bottle device -> 层级节点: I023
2025-04-24 13:19:20,836 [DEBUG] gui.bom_panel - 添加项目节点: 1161297 - PA-Sitz Std. mechanisch / BA-seat mechanically
Z-Cab NG Zweiflaschengerät / Z-Cab NG twin-bottle device -> 层级节点: I023
2025-04-24 13:19:20,836 [DEBUG] gui.bom_panel - 添加项目节点: 1161313 - PA-Sitz f.Straffer li.kpl.mech / BA-seat f. tensioner le. cpl. mech.
Z-Cab NG Einflaschengerät / Z-Cab NG single-bottle device -> 层级节点: I023
2025-04-24 13:19:20,836 [DEBUG] gui.bom_panel - 添加项目节点: 1161314 - PA-Sitz f.Straffer li.kpl.mech / BA-seat f. tensioner le. cpl. mech.
Z-Cab NG Zweiflaschengerät / Z-Cab NG twin-bottle device -> 层级节点: I023
2025-04-24 13:19:20,836 [DEBUG] gui.bom_panel - 添加项目节点: 1161294 - PA-Sitz Std. elektrisch / BA-seat std. electric
Z-Cab NG Einflaschengerät / Z-Cab NG single-bottle device -> 层级节点: I023
2025-04-24 13:19:20,836 [DEBUG] gui.bom_panel - 添加项目节点: 1161295 - PA-Sitz Std. elektrisch / BA-seat std. electric
Z-Cab NG Zweiflaschengerät / Z-Cab NG twin-bottle device -> 层级节点: I023
2025-04-24 13:19:20,837 [DEBUG] gui.bom_panel - 添加项目节点: 1161309 - PA-Sitz f.Straffer li.kpl.el. / BA-seat f. tensioner le. cpl. el.
Z-Cab NG Einflaschengerät / Z-Cab NG single-bottle device -> 层级节点: I023
2025-04-24 13:19:20,837 [DEBUG] gui.bom_panel - 添加项目节点: 1161310 - PA-Sitz f.Straffer li.kpl.el. / BA-seat f. tensioner le. cpl. el.
Z-Cab NG Zweiflaschengerät / Z-Cab NG twin-bottle device -> 层级节点: I023
2025-04-24 13:19:20,837 [DEBUG] gui.bom_panel - 添加项目节点: 1123266 - Einzelsitz m.Tisch f.Straf.li. / single seat w. table f. tensioner le.
Z-Cab NG / Z-Cab NG -> 层级节点: I023
2025-04-24 13:19:20,837 [DEBUG] gui.bom_panel - 添加项目节点: 1161307 - PA-Sitz f.Straffer re.kpl.mech / BA-seat f. tensioner ri. cpl. el.
Z-Cab NG Einflaschengerät / Z-Cab NG single-bottle device -> 层级节点: I023
2025-04-24 13:19:20,837 [DEBUG] gui.bom_panel - 添加项目节点: 1161308 - PA-Sitz f.Straffer re.kpl.mech / BA-seat f. tensioner ri. cpl. el.
Z-Cab NG Zweiflaschengerät / Z-Cab NG twin-bottle device -> 层级节点: I023
2025-04-24 13:19:20,837 [DEBUG] gui.bom_panel - 添加项目节点: 1123246 - Einzelsitz Std Airbag Stra.re. / single seat w. table f. tensioner ri.
Z-Cab NG / Z-Cab NG -> 层级节点: I023
2025-04-24 13:19:20,837 [DEBUG] gui.bom_panel - 添加项目节点: 1161305 - PA-Sitz f.Straffer re.kpl.el. / BA-seat f. tensioner ri. cpl. el.
Z-Cab NG Einflaschengerät / Z-Cab NG single-bottle device -> 层级节点: I023
2025-04-24 13:19:20,837 [DEBUG] gui.bom_panel - 添加项目节点: 1161306 - PA-Sitz f.Straffer re.kpl.el. / BA-seat f. tensioner ri. cpl. el.
Z-Cab NG Zweiflaschengerät / Z-Cab NG twin-bottle device -> 层级节点: I023
2025-04-24 13:19:20,837 [DEBUG] gui.bom_panel - 添加项目节点: 10028644 - PA-Sitz MAN elektrisch 1 FL / BA seat MAN electric 1btl.
Sitz MAN / seat MAN -> 层级节点: I023
2025-04-24 13:19:20,837 [DEBUG] gui.bom_panel - 添加项目节点: 10028647 - PA-Sitz MAN elektrisch 2 FL / BA seat MAN electric 2btl.
Sitz MAN / seat MAN -> 层级节点: I023
2025-04-24 13:19:20,837 [DEBUG] gui.bom_panel - 创建层级节点: [2] PL-Beleuchtung -> 父节点: I001
2025-04-24 13:19:20,837 [DEBUG] gui.bom_panel - 添加项目节点: 1003568 - 1234
5678 -> 层级节点: I035
2025-04-24 13:19:20,837 [DEBUG] gui.bom_panel - 创建层级节点: [3] PL-Beleuchtungseinheit -> 父节点: I035
2025-04-24 13:19:20,837 [DEBUG] gui.bom_panel - 添加项目节点: 1115355 - Deckenmodul Standard / ceiling module standard
Z-Cab NG / Z-cab NG -> 层级节点: I037
2025-04-24 13:19:20,838 [DEBUG] gui.bom_panel - 添加项目节点: 1117649 - Beleuchtungseinheit Grün-Weiß / lighting unit green-white
Z-Cab NG Low Budget Version / Z-Cab NG low budget version -> 层级节点: I037
2025-04-24 13:19:20,838 [DEBUG] gui.bom_panel - 添加项目节点: 1117650 - Beleuchtungseinheit Rot-Weiß / lighting unit red-white
Z-Cab NG Low Budget Version / Z-Cab NG low budget version -> 层级节点: I037
2025-04-24 13:19:20,838 [DEBUG] gui.bom_panel - 创建层级节点: [3] PL-Bedienelemente -> 父节点: I035
2025-04-24 13:19:20,838 [DEBUG] gui.bom_panel - 添加项目节点: 1138846 - Bedienelement li. Weiß / control element le. white
Z-Cab NG Deckenmodul Version / Z-Cab NG ceiling module version -> 层级节点: I03B
2025-04-24 13:19:20,838 [DEBUG] gui.bom_panel - 添加项目节点: 1138847 - Bedienelement li. Farbe / control element le. colour
Z-Cab NG Deckenmodul Version / Z-Cab NG ceiling module version -> 层级节点: I03B
2025-04-24 13:19:20,838 [DEBUG] gui.bom_panel - 添加项目节点: 1138850 - Bedienelement li. Weiß-Funk / control element le. white-radio
Z-Cab NG Deckenmodul Version / Z-Cab NG ceiling module version -> 层级节点: I03B
2025-04-24 13:19:20,838 [DEBUG] gui.bom_panel - 添加项目节点: 1138851 - Bedienelement li. Farbe-Funk / control element le. colour-radio
Z-Cab NG Deckenmodul Version / Z-Cab NG ceiling module version -> 层级节点: I03B
2025-04-24 13:19:20,838 [DEBUG] gui.bom_panel - 添加项目节点: 1138852 - Bedienelement re. Weiß / control element ri. white
Z-Cab NG Deckenmodul Version / Z-Cab NG ceiling module version -> 层级节点: I03B
2025-04-24 13:19:20,838 [DEBUG] gui.bom_panel - 添加项目节点: 1138853 - Bedienelement re. Farbe / control element ri. colour
Z-Cab NG Deckenmodul Version / Z-Cab NG ceiling module version -> 层级节点: I03B
2025-04-24 13:19:20,838 [DEBUG] gui.bom_panel - 添加项目节点: 1138854 - Bedienelement re. Weiß-Funk / control element ri. white-radio
Z-Cab NG Deckenmodul Version / Z-Cab NG ceiling module version -> 层级节点: I03B
2025-04-24 13:19:20,838 [DEBUG] gui.bom_panel - 添加项目节点: 1138855 - Bedienelement re. Farbe-Funk / control element ri. colour-radio
Z-Cab NG Deckenmodul Version / Z-Cab NG ceiling module version -> 层级节点: I03B
2025-04-24 13:19:20,838 [DEBUG] gui.bom_panel - 添加项目节点: 1138951 - Bedienelement li. Weiß / control element le. White -> 层级节点: I03B
2025-04-24 13:19:20,838 [DEBUG] gui.bom_panel - 添加项目节点: 1138954 - Bedienelement li. Farbe / control element le. colour
Z-Cab NG Low Budget Version / Z-Cab NG low budget version -> 层级节点: I03B
2025-04-24 13:19:20,839 [DEBUG] gui.bom_panel - 添加项目节点: 1138956 - Bedienelement li. Weiß-Funk / control element le. white-radio
Z-Cab NG Low Budget Version / Z-Cab NG low budget version -> 层级节点: I03B
2025-04-24 13:19:20,839 [DEBUG] gui.bom_panel - 添加项目节点: 1138959 - Bedienelement li. Farbe-Funk / control element le. colour-radio
Z-Cab NG Low Budget Version / Z-Cab NG low budget version -> 层级节点: I03B
2025-04-24 13:19:20,839 [DEBUG] gui.bom_panel - 添加项目节点: 1138961 - Bedienelement re. Weiß / control element ri. White
Z-Cab NG Low Budget Version / Z-Cab NG low budget version -> 层级节点: I03B
2025-04-24 13:19:20,839 [DEBUG] gui.bom_panel - 添加项目节点: 1138963 - Bedienelement re. Farbe / control element ri. colour
Z-Cab NG Low Budget Version / Z-Cab NG low budget version -> 层级节点: I03B
2025-04-24 13:19:20,839 [DEBUG] gui.bom_panel - 添加项目节点: 1138965 - Bedienelement re. Weiß-Funk / control element ri. white-radio
Z-Cab NG Low Budget Version / Z-Cab NG low budget version -> 层级节点: I03B
2025-04-24 13:19:20,839 [DEBUG] gui.bom_panel - 添加项目节点: 1138967 - Bedienelement re. Farbe-Funk / control element ri. colour-radio
Z-Cab NG Low Budget Version / Z-Cab NG low budget version -> 层级节点: I03B
2025-04-24 13:19:20,839 [INFO] gui.bom_panel - 树状图刷新完成
2025-04-24 13:19:20,840 [INFO] gui.main_window_tk - 成功保存BOM文件路径到app_config.json: C:/Users/mengy/Desktop/BOM映射表.xlsx
2025-04-24 13:19:20,840 [INFO] gui.bom_panel - 已保存BOM文件路径到app_config.json: C:/Users/mengy/Desktop/BOM映射表.xlsx
2025-04-24 13:20:57,156 [DEBUG] gui.bom_panel - BomPanel: 双击选中项 ID: I014
2025-04-24 13:20:57,157 [DEBUG] gui.bom_panel - BomPanel: 选中项文本: [2] PL-Sitze05
