2025-04-28 13:03:49,310 [INFO] root - 程序启动，日志文件: C:\Users\mengy\Desktop\ZK_LogicBom_Builder\logs\log_20250428_130349.log
2025-04-28 13:03:49,550 [INFO] __main__ - 正在启动程序...
2025-04-28 13:03:49,550 [DEBUG] __main__ - Python版本: 3.13.2 (tags/v3.13.2:4f8bb39, Feb  4 2025, 15:23:48) [MSC v.1942 64 bit (AMD64)]
2025-04-28 13:03:49,551 [DEBUG] __main__ - 当前工作目录: C:\Users\mengy\Desktop\ZK_LogicBom_Builder
2025-04-28 13:03:49,551 [DEBUG] __main__ - src_dir路径: c:\Users\mengy\Desktop\ZK_LogicBom_Builder
2025-04-28 13:03:49,572 [INFO] __main__ - 正在创建语言选择对话框...
2025-04-28 13:03:52,211 [INFO] gui.language_dialog_tk - 已选择语言: zh
2025-04-28 13:03:52,232 [INFO] __main__ - 语言选择结果: zh
2025-04-28 13:03:52,233 [INFO] __main__ - 正在创建主题选择对话框...
2025-04-28 13:03:52,233 [DEBUG] gui.theme_dialog_tk - 创建主题选择对话框
2025-04-28 13:03:52,242 [DEBUG] gui.theme_dialog_tk - 主题选择对话框创建完成
2025-04-28 13:03:53,555 [DEBUG] gui.theme_dialog_tk - 用户选择了light主题
2025-04-28 13:03:53,583 [INFO] __main__ - 主题选择结果: light
2025-04-28 13:03:53,584 [INFO] __main__ - 正在配置主窗口...
2025-04-28 13:03:53,784 [INFO] __main__ - 开始创建MainWindow实例...
2025-04-28 13:03:53,785 [INFO] core.logic_builder - 已加载 4 条规则
2025-04-28 13:03:53,830 [DEBUG] gui.logic_panel - 程序启动时，等待用户确认是否加载规则
2025-04-28 13:03:53,841 [INFO] __main__ - MainWindow实例创建完成
2025-04-28 13:03:54,142 [INFO] __main__ - 开始mainloop()...
2025-04-28 13:03:55,828 [INFO] core.config_processor - 找到工作表: ['TD', '0.模板&Vorlage', '1.Fahrgestell', '2.Fahrzeug allgemein', '3.Beschriftung&Kennzeichnung', '4. Anbauten&Fahrgestellarbeiten', '5. Fahrer_Mannschaftsraum', '6.Koffer', '7.Lichtmast', '8.Pumpenanlage', '9.Seilwinde&Generator', '10.Halterungen']
2025-04-28 13:03:55,829 [DEBUG] core.config_processor - 跳过工作表: TD
2025-04-28 13:03:55,829 [DEBUG] core.config_processor - 跳过工作表: 0.模板&Vorlage
2025-04-28 13:03:55,829 [INFO] core.config_processor - 处理工作表: 1.Fahrgestell -> 模块: 1.Fahrgestell
2025-04-28 13:03:55,846 [INFO] core.config_processor - 处理工作表: 2.Fahrzeug allgemein -> 模块: 2.Fahrzeug allgemein
2025-04-28 13:03:55,862 [INFO] core.config_processor - 处理工作表: 3.Beschriftung&Kennzeichnung -> 模块: 3.Beschriftung&Kennzeichnung
2025-04-28 13:03:55,878 [INFO] core.config_processor - 处理工作表: 4. Anbauten&Fahrgestellarbeiten -> 模块: 4.Anbauten&Fahrgestellarbeiten
2025-04-28 13:03:55,894 [INFO] core.config_processor - 处理工作表: 5. Fahrer_Mannschaftsraum -> 模块: 5.Fahrer_Mannschaftsraum
2025-04-28 13:03:55,914 [INFO] core.config_processor - 处理工作表: 6.Koffer -> 模块: 6.Koffer
2025-04-28 13:03:55,930 [INFO] core.config_processor - 处理工作表: 7.Lichtmast -> 模块: 7.Lichtmast
2025-04-28 13:03:55,944 [INFO] core.config_processor - 处理工作表: 8.Pumpenanlage -> 模块: 8.Pumpenanlage
2025-04-28 13:03:55,959 [INFO] core.config_processor - 处理工作表: 9.Seilwinde&Generator -> 模块: 9.Seilwinde&Generator
2025-04-28 13:03:55,975 [INFO] core.config_processor - 处理工作表: 10.Halterungen -> 模块: 10.Halterungen
2025-04-28 13:03:55,990 [INFO] gui.config_panel - 成功导入配置文件: C:/Users/mengy/Desktop/配置选项_Konfigurationsoptions.xlsm
2025-04-28 13:03:55,994 [INFO] gui.main_window_tk - 成功保存配置文件路径到app_config.json: C:/Users/mengy/Desktop/配置选项_Konfigurationsoptions.xlsm
2025-04-28 13:03:55,994 [INFO] gui.config_panel - 已保存配置文件路径到app_config.json: C:/Users/mengy/Desktop/配置选项_Konfigurationsoptions.xlsm
2025-04-28 13:03:57,148 [INFO] core.bom_processor - 开始导入BOM文件: C:/Users/mengy/Desktop/Bom.xlsx
2025-04-28 13:03:57,149 [INFO] core.bom_processor - 已清空现有数据
2025-04-28 13:03:57,149 [INFO] core.bom_processor - 正在读取Excel文件...
2025-04-28 13:03:57,154 [INFO] core.bom_processor - 成功打开Excel文件，包含以下工作表: ['Max-Gruppe']
2025-04-28 13:03:57,155 [INFO] core.bom_processor - 正在读取 Max-Gruppe 工作表...
2025-04-28 13:03:57,164 [INFO] core.bom_processor - 成功读取工作表，共 154 行数据
2025-04-28 13:03:57,165 [INFO] core.bom_processor - 所有必需列均存在，开始处理数据...
2025-04-28 13:03:57,166 [INFO] core.bom_processor - 过滤空层级后剩余 153 行数据
2025-04-28 13:03:57,166 [INFO] core.bom_processor - 
开始处理数据...
2025-04-28 13:03:57,169 [INFO] core.bom_processor - 
数据处理完成，成功处理 {processed_count} 行数据
2025-04-28 13:03:57,170 [INFO] core.bom_processor - 第 1 级节点数量: 1
2025-04-28 13:03:57,170 [INFO] core.bom_processor - 第 2 级节点数量: 133
2025-04-28 13:03:57,170 [INFO] core.bom_processor - 第 3 级节点数量: 19
2025-04-28 13:03:57,170 [INFO] core.bom_processor - BOM文件导入成功，共处理 153 个项目
2025-04-28 13:03:57,170 [INFO] gui.bom_panel - 成功导入BOM文件: C:/Users/mengy/Desktop/Bom.xlsx
2025-04-28 13:03:57,170 [INFO] gui.bom_panel - 开始刷新树状图
2025-04-28 13:03:57,171 [INFO] gui.bom_panel - 树状图刷新完成
2025-04-28 13:03:57,173 [INFO] gui.main_window_tk - 成功保存BOM文件路径到app_config.json: C:/Users/mengy/Desktop/Bom.xlsx
2025-04-28 13:03:57,173 [INFO] gui.bom_panel - 已保存BOM文件路径到app_config.json: C:/Users/mengy/Desktop/Bom.xlsx
2025-04-28 13:04:01,560 [INFO] core.logic_builder - 准备从临时文件加载规则: C:\Users\mengy\Desktop\ZK_LogicBom_Builder\data\temp_rules_latest.json
2025-04-28 13:04:01,561 [INFO] core.logic_builder - 开始导入规则文件: C:\Users\mengy\Desktop\ZK_LogicBom_Builder\data\temp_rules_latest.json
2025-04-28 13:04:01,561 [INFO] core.logic_builder - 已清空现有规则
2025-04-28 13:04:01,561 [DEBUG] core.logic_builder - 成功导入规则: ID=BL01
2025-04-28 13:04:01,561 [DEBUG] core.logic_builder - 成功导入规则: ID=BL02
2025-04-28 13:04:01,561 [DEBUG] core.logic_builder - 成功导入规则: ID=BL03
2025-04-28 13:04:01,561 [DEBUG] core.logic_builder - 成功导入规则: ID=BL04
2025-04-28 13:04:01,573 [INFO] core.logic_builder - 规则数据已保存到临时文件，共 4 条规则
2025-04-28 13:04:01,574 [INFO] gui.logic_panel - 收到规则变更事件: type=imported, rule_id=None
2025-04-28 13:04:01,574 [DEBUG] gui.logic_panel - 程序启动时，等待用户确认是否加载规则
2025-04-28 13:04:01,574 [INFO] core.logic_builder - 规则导入完成，成功导入 4 条规则
2025-04-28 13:04:01,574 [INFO] core.logic_builder - 从临时文件加载规则完成
2025-04-28 13:04:01,575 [DEBUG] gui.logic_panel - 程序启动时，等待用户确认是否加载规则
2025-04-28 13:04:56,636 [DEBUG] gui.bom_panel - BomPanel: 双击选中项 ID: I002
2025-04-28 13:04:56,638 [DEBUG] gui.bom_panel - BomPanel: 选中项文本: [2] PL-GrundKabine
2025-04-28 13:04:57,323 [DEBUG] gui.bom_panel - BomPanel: 双击选中项 ID: I003
2025-04-28 13:04:57,324 [DEBUG] gui.bom_panel - BomPanel: 选中项文本: 10019231 - Modulkabine Standard MAN Euro 6 18T
Modul cabin standard MAN Euro 6 18T
Z-Cab NG Alpas 3 RAL 3000
Z-Cab NG Alpas 3 RAL 3000
2025-04-28 13:04:57,325 [DEBUG] gui.bom_panel - BomPanel: 提取到Baugruppe: 10019231
2025-04-28 13:04:57,325 [DEBUG] gui.bom_panel - BomPanel: 提取到占位符: PL-GrundKabine
2025-04-28 13:04:57,326 [DEBUG] gui.bom_panel - BomPanel: 构建的BOM码: PL-GrundKabine-10019231
2025-04-28 13:04:57,326 [DEBUG] gui.bom_panel - BomPanel: 获取根窗口成功
2025-04-28 13:04:57,326 [DEBUG] gui.bom_panel - BomPanel: 获取MainWindow实例成功
2025-04-28 13:04:57,326 [DEBUG] gui.bom_panel - BomPanel: 找到逻辑面板
2025-04-28 13:04:57,327 [DEBUG] gui.logic_panel - LogicPanel: 开始插入代码: PL-GrundKabine-10019231
2025-04-28 13:04:58,313 [INFO] gui.bom_panel - BomPanel: 成功发送代码到逻辑面板: PL-GrundKabine-10019231
2025-04-28 13:04:58,313 [INFO] gui.bom_panel - BomPanel: 成功插入BOM码: PL-GrundKabine-10019231
