2025-05-20 08:20:19,880 [INFO] root - 程序启动，日志文件: C:\Users\mengy\Desktop\ZK_LogicBom_Builder\logs\log_20250520_082019.log
2025-05-20 08:20:20,104 [INFO] __main__ - 正在启动程序...
2025-05-20 08:20:20,104 [DEBUG] __main__ - Python版本: 3.13.2 (tags/v3.13.2:4f8bb39, Feb  4 2025, 15:23:48) [MSC v.1942 64 bit (AMD64)]
2025-05-20 08:20:20,104 [DEBUG] __main__ - 当前工作目录: C:\Users\mengy\Desktop\ZK_LogicBom_Builder
2025-05-20 08:20:20,104 [DEBUG] __main__ - src_dir路径: c:\Users\mengy\Desktop\ZK_LogicBom_Builder
2025-05-20 08:20:20,130 [INFO] __main__ - 正在创建语言选择对话框...
2025-05-20 08:20:21,005 [INFO] gui.language_dialog_tk - 已选择语言: zh
2025-05-20 08:20:21,016 [INFO] __main__ - 语言选择结果: zh
2025-05-20 08:20:21,017 [INFO] __main__ - 正在创建主题选择对话框...
2025-05-20 08:20:21,017 [DEBUG] gui.theme_dialog_tk - 创建主题选择对话框
2025-05-20 08:20:21,023 [DEBUG] gui.theme_dialog_tk - 主题选择对话框创建完成
2025-05-20 08:20:21,661 [DEBUG] gui.theme_dialog_tk - 用户选择了light主题
2025-05-20 08:20:21,680 [INFO] __main__ - 主题选择结果: light
2025-05-20 08:20:21,686 [INFO] __main__ - 正在配置主窗口...
2025-05-20 08:20:21,811 [INFO] __main__ - 开始创建MainWindow实例...
2025-05-20 08:20:21,811 [INFO] core.logic_builder - 从 C:\Users\mengy\Desktop\ZK_LogicBom_Builder\data\temp_rules_latest.json 加载时检测到新版大写键名规则文件格式 (BL_rules/TL_rules)。
2025-05-20 08:20:21,812 [DEBUG] core.logic_builder - Rule BL02 loaded from file. Original file description: 'Wertfach unterm Sitzpolster → PL--Sitze01-PA-Sitz f.Straffer li.kpl.mech 1 FL-Sitzplatz 1'. Regenerating description.
2025-05-20 08:20:21,812 [DEBUG] core.logic_builder - Generated condition part for rule BL02: 'K-200-000007'
2025-05-20 08:20:21,812 [DEBUG] core.logic_builder - Generated action part for rule BL02: 'PL--Sitze01-10019324'
2025-05-20 08:20:21,812 [INFO] core.logic_builder - Newly generated description for BL02 (on _load_rules): 'K-200-000007 → PL--Sitze01-10019324'
2025-05-20 08:20:21,813 [DEBUG] core.logic_builder - Rule BL01 loaded from file. Original file description: 'Ziegler Standardsitze AND AND Bostrom Integra Sitze → PL-Außenkotflügel-Außenkotflügel MAN 18t Euro 6 kpl-Z-Cab NG RAL XXXX'. Regenerating description.
2025-05-20 08:20:21,813 [DEBUG] core.logic_builder - Generated condition part for rule BL01: 'K-200-000300 AND AND K-200-000301'
2025-05-20 08:20:21,813 [DEBUG] core.logic_builder - Generated action part for rule BL01: 'PL-Außenkotflügel-10019837'
2025-05-20 08:20:21,813 [INFO] core.logic_builder - Newly generated description for BL01 (on _load_rules): 'K-200-000300 AND AND K-200-000301 → PL-Außenkotflügel-10019837'
2025-05-20 08:20:21,813 [DEBUG] core.logic_builder - Rule BL03 loaded from file. Original file description: 'S. 1 ohne Ausstattung Stauraum AND AND Wertfach unterm Sitzpolster → PL--Sitze03-Teilesatz Standardsitz-Sitzplatz 3'. Regenerating description.
2025-05-20 08:20:21,814 [DEBUG] core.logic_builder - Generated condition part for rule BL03: 'K-200-000008 AND AND K-200-000011'
2025-05-20 08:20:21,814 [DEBUG] core.logic_builder - Generated action part for rule BL03: 'PL--Sitze03-10019281'
2025-05-20 08:20:21,814 [INFO] core.logic_builder - Newly generated description for BL03 (on _load_rules): 'K-200-000008 AND AND K-200-000011 → PL--Sitze03-10019281'
2025-05-20 08:20:21,814 [DEBUG] core.logic_builder - Rule BL04 loaded from file. Original file description: 'Sitz 2 mit Kunststoffbehälter OR OR ohne Wertfach → PL--Sitze03-Teilesatz Sitzgestell-Sitzplatz 3'. Regenerating description.
2025-05-20 08:20:21,814 [DEBUG] core.logic_builder - Generated condition part for rule BL04: 'K-200-000169 OR OR K-200-000348'
2025-05-20 08:20:21,814 [DEBUG] core.logic_builder - Generated action part for rule BL04: 'PL--Sitze03-10019331'
2025-05-20 08:20:21,815 [INFO] core.logic_builder - Newly generated description for BL04 (on _load_rules): 'K-200-000169 OR OR K-200-000348 → PL--Sitze03-10019331'
2025-05-20 08:20:21,815 [DEBUG] core.logic_builder - Rule TL01 loaded from file. Original file description: 'Ziegler Standardsitze OR OR Bostrom Integra Sitze → FROM 10019834 DELETE 306952'. Regenerating description.
2025-05-20 08:20:21,815 [DEBUG] core.logic_builder - Generated condition part for rule TL01: 'K-200-000300 OR OR K-200-000301'
2025-05-20 08:20:21,815 [DEBUG] core.logic_builder - Generated action part for rule TL01: 'FROM 10019834 DELETE 306952'
2025-05-20 08:20:21,815 [INFO] core.logic_builder - Newly generated description for TL01 (on _load_rules): 'K-200-000300 OR OR K-200-000301 → FROM 10019834 DELETE 306952'
2025-05-20 08:20:21,816 [INFO] core.logic_builder - 已加载 5 条规则从 C:\Users\mengy\Desktop\ZK_LogicBom_Builder\data\temp_rules_latest.json
2025-05-20 08:20:21,865 [INFO] gui.logic_panel - LogicPanel: 主窗口引用无效、rules_loaded属性不存在或规则未加载，跳过加载到树。
2025-05-20 08:20:21,877 [INFO] __main__ - MainWindow实例创建完成
2025-05-20 08:20:22,046 [INFO] __main__ - 开始mainloop()...
2025-05-20 08:20:23,704 [INFO] core.config_processor - 找到工作表: ['1.Kabine']
2025-05-20 08:20:23,704 [INFO] core.config_processor - 处理工作表: 1.Kabine -> 模块: 1.Kabine
2025-05-20 08:20:23,724 [INFO] gui.config_panel - 成功导入配置文件: C:/Users/mengy/OneDrive/Kabine_Test_Dokument/Kabine_Mekrmal(Test).xlsx
2025-05-20 08:20:23,727 [INFO] gui.main_window_tk - 成功保存配置文件路径到app_config.json: C:/Users/mengy/OneDrive/Kabine_Test_Dokument/Kabine_Mekrmal(Test).xlsx
2025-05-20 08:20:23,727 [INFO] gui.config_panel - 已保存配置文件路径到app_config.json: C:/Users/mengy/OneDrive/Kabine_Test_Dokument/Kabine_Mekrmal(Test).xlsx
2025-05-20 08:20:25,313 [INFO] core.bom_processor - 开始导入BOM文件: C:/Users/mengy/OneDrive/Kabine_Test_Dokument/Kabine_Bom-MaxGruppe.xlsx
2025-05-20 08:20:25,314 [INFO] core.bom_processor - 已清空现有数据
2025-05-20 08:20:25,314 [INFO] core.bom_processor - 正在读取Excel文件...
2025-05-20 08:20:25,327 [INFO] core.bom_processor - 成功打开Excel文件，包含以下工作表: ['Max-Gruppe']
2025-05-20 08:20:25,327 [INFO] core.bom_processor - 正在读取 Max-Gruppe 工作表...
2025-05-20 08:20:25,349 [INFO] core.bom_processor - 成功读取工作表，共 244 行数据
2025-05-20 08:20:25,350 [INFO] core.bom_processor - 所有必需列均存在，开始处理数据...
2025-05-20 08:20:25,351 [INFO] core.bom_processor - 过滤空层级后剩余 244 行数据
2025-05-20 08:20:25,352 [INFO] core.bom_processor - 
开始处理数据...
2025-05-20 08:20:25,357 [INFO] core.bom_processor - 
数据处理完成，成功处理 {processed_count} 行数据
2025-05-20 08:20:25,358 [INFO] core.bom_processor - 第 1 级节点数量: 244
2025-05-20 08:20:25,358 [INFO] core.bom_processor - BOM文件导入成功，共处理 244 个项目
2025-05-20 08:20:25,359 [INFO] gui.bom_panel - 成功导入BOM文件: C:/Users/mengy/OneDrive/Kabine_Test_Dokument/Kabine_Bom-MaxGruppe.xlsx
2025-05-20 08:20:25,360 [INFO] gui.bom_panel - 开始刷新树状图
2025-05-20 08:20:25,361 [INFO] gui.bom_panel - 树状图刷新完成
2025-05-20 08:20:25,363 [INFO] gui.main_window_tk - 成功保存BOM文件路径到app_config.json: C:/Users/mengy/OneDrive/Kabine_Test_Dokument/Kabine_Bom-MaxGruppe.xlsx
2025-05-20 08:20:25,363 [INFO] gui.bom_panel - 已保存BOM文件路径到app_config.json: C:/Users/mengy/OneDrive/Kabine_Test_Dokument/Kabine_Bom-MaxGruppe.xlsx
2025-05-20 08:20:25,880 [INFO] core.logic_builder - 准备从临时文件加载规则: C:\Users\mengy\Desktop\ZK_LogicBom_Builder\data\temp_rules_latest.json
2025-05-20 08:20:25,880 [DEBUG] core.logic_builder - Rule BL02 loaded from temp file. Original file description: 'Wertfach unterm Sitzpolster → PL--Sitze01-PA-Sitz f.Straffer li.kpl.mech 1 FL-Sitzplatz 1'. Regenerating description.
2025-05-20 08:20:25,881 [DEBUG] core.logic_builder - Generated condition part for rule BL02: 'Wertfach unterm Sitzpolster'
2025-05-20 08:20:25,881 [DEBUG] core.logic_builder - Generated action part for rule BL02: 'PL--Sitze01-PA-Sitz f.Straffer li.kpl.mech 1 FL-Sitzplatz 1'
2025-05-20 08:20:25,882 [INFO] core.logic_builder - Newly generated description for BL02 (from temp): 'Wertfach unterm Sitzpolster → PL--Sitze01-PA-Sitz f.Straffer li.kpl.mech 1 FL-Sitzplatz 1'
2025-05-20 08:20:25,882 [DEBUG] core.logic_builder - Rule BL01 loaded from temp file. Original file description: 'Ziegler Standardsitze AND AND Bostrom Integra Sitze → PL-Außenkotflügel-Außenkotflügel MAN 18t Euro 6 kpl-Z-Cab NG RAL XXXX'. Regenerating description.
2025-05-20 08:20:25,882 [DEBUG] core.logic_builder - Generated condition part for rule BL01: 'Ziegler Standardsitze AND AND Bostrom Integra Sitze'
2025-05-20 08:20:25,883 [DEBUG] core.logic_builder - Generated action part for rule BL01: 'PL-Außenkotflügel-Außenkotflügel MAN 18t Euro 6 kpl-Z-Cab NG RAL XXXX'
2025-05-20 08:20:25,883 [INFO] core.logic_builder - Newly generated description for BL01 (from temp): 'Ziegler Standardsitze AND AND Bostrom Integra Sitze → PL-Außenkotflügel-Außenkotflügel MAN 18t Euro 6 kpl-Z-Cab NG RAL XXXX'
2025-05-20 08:20:25,883 [DEBUG] core.logic_builder - Rule BL03 loaded from temp file. Original file description: 'S. 1 ohne Ausstattung Stauraum AND AND Wertfach unterm Sitzpolster → PL--Sitze03-Teilesatz Standardsitz-Sitzplatz 3'. Regenerating description.
2025-05-20 08:20:25,884 [DEBUG] core.logic_builder - Generated condition part for rule BL03: 'S. 1 ohne Ausstattung Stauraum AND AND Wertfach unterm Sitzpolster'
2025-05-20 08:20:25,884 [DEBUG] core.logic_builder - Generated action part for rule BL03: 'PL--Sitze03-Teilesatz Standardsitz-Sitzplatz 3'
2025-05-20 08:20:25,884 [INFO] core.logic_builder - Newly generated description for BL03 (from temp): 'S. 1 ohne Ausstattung Stauraum AND AND Wertfach unterm Sitzpolster → PL--Sitze03-Teilesatz Standardsitz-Sitzplatz 3'
2025-05-20 08:20:25,884 [DEBUG] core.logic_builder - Rule BL04 loaded from temp file. Original file description: 'Sitz 2 mit Kunststoffbehälter OR OR ohne Wertfach → PL--Sitze03-Teilesatz Sitzgestell-Sitzplatz 3'. Regenerating description.
2025-05-20 08:20:25,884 [DEBUG] core.logic_builder - Generated condition part for rule BL04: 'Sitz 2 mit Kunststoffbehälter OR OR ohne Wertfach'
2025-05-20 08:20:25,885 [DEBUG] core.logic_builder - Generated action part for rule BL04: 'PL--Sitze03-Teilesatz Sitzgestell-Sitzplatz 3'
2025-05-20 08:20:25,885 [INFO] core.logic_builder - Newly generated description for BL04 (from temp): 'Sitz 2 mit Kunststoffbehälter OR OR ohne Wertfach → PL--Sitze03-Teilesatz Sitzgestell-Sitzplatz 3'
2025-05-20 08:20:25,885 [DEBUG] core.logic_builder - Rule TL01 loaded from temp file. Original file description: 'Ziegler Standardsitze OR OR Bostrom Integra Sitze → FROM 10019834 DELETE 306952'. Regenerating description.
2025-05-20 08:20:25,886 [DEBUG] core.logic_builder - Generated condition part for rule TL01: 'Ziegler Standardsitze OR OR Bostrom Integra Sitze'
2025-05-20 08:20:25,886 [DEBUG] core.logic_builder - Generated action part for rule TL01: 'FROM 10019834 DELETE 306952'
2025-05-20 08:20:25,886 [INFO] core.logic_builder - Newly generated description for TL01 (from temp): 'Ziegler Standardsitze OR OR Bostrom Integra Sitze → FROM 10019834 DELETE 306952'
2025-05-20 08:20:25,887 [INFO] gui.logic_panel - LogicPanel _on_rule_change: 收到通知: 类型='imported', RuleID='None'
2025-05-20 08:20:25,887 [INFO] gui.logic_panel - LogicPanel _on_rule_change (imported): 收到 'imported' 通知，将重新加载所有规则到Treeview。
2025-05-20 08:20:25,887 [INFO] gui.logic_panel - LogicPanel: 主窗口引用无效、rules_loaded属性不存在或规则未加载，跳过加载到树。
2025-05-20 08:20:25,889 [DEBUG] gui.logic_panel - LogicPanel _on_rule_change: Treeview update_idletasks() 已调用，处理类型 'imported' 完成。
2025-05-20 08:20:25,889 [INFO] core.logic_builder - 从临时文件 (C:\Users\mengy\Desktop\ZK_LogicBom_Builder\data\temp_rules_latest.json) 加载 5 条规则完成。导出状态: False
2025-05-20 08:20:25,889 [INFO] gui.main_window_tk - 检测到LogicBuilder中存在未导出的规则。
2025-05-20 08:20:26,936 [INFO] gui.main_window_tk - 用户拒绝加载未导出的规则。将清空规则。
2025-05-20 08:20:26,937 [INFO] core.logic_builder - 规则数据已成功清空，并写入空的临时文件: C:\Users\mengy\Desktop\ZK_LogicBom_Builder\data\temp_rules_latest.json
2025-05-20 08:20:26,937 [INFO] gui.logic_panel - LogicPanel _on_rule_change: 收到通知: 类型='cleared', RuleID='None'
2025-05-20 08:20:26,938 [INFO] gui.logic_panel - LogicPanel _on_rule_change (cleared): 收到 'cleared' 通知，清空Treeview和used_ids。
2025-05-20 08:20:26,938 [INFO] gui.logic_panel - LogicPanel _on_rule_change (cleared): 已处理 'cleared' 通知，清空Treeview。
2025-05-20 08:20:26,943 [DEBUG] gui.logic_panel - LogicPanel _on_rule_change: Treeview update_idletasks() 已调用，处理类型 'cleared' 完成。
2025-05-20 08:20:26,943 [INFO] gui.logic_panel - LogicPanel: 主窗口引用无效、rules_loaded属性不存在或规则未加载，跳过加载到树。
2025-05-20 08:20:37,248 [DEBUG] gui.config_panel - ConfigPanel: 双击选中项 ID: I003
2025-05-20 08:20:37,249 [DEBUG] gui.config_panel - ConfigPanel: 选中项文本: K-200-000000 Fzg: 9 Plätze
2025-05-20 08:20:37,258 [DEBUG] gui.config_panel - ConfigPanel: 提取的代码: K-200-000000
2025-05-20 08:20:37,259 [INFO] gui.config_panel - ConfigPanel: 准备插入特征值: K-200-000000
2025-05-20 08:20:37,260 [DEBUG] gui.config_panel - ConfigPanel: 获取根窗口成功
2025-05-20 08:20:37,260 [DEBUG] gui.config_panel - ConfigPanel: 获取MainWindow实例成功
2025-05-20 08:20:37,261 [DEBUG] gui.config_panel - ConfigPanel: 找到逻辑面板
2025-05-20 08:20:37,261 [DEBUG] gui.logic_panel - LogicPanel: 开始插入代码: K-200-000000
2025-05-20 08:20:37,262 [INFO] gui.logic_panel - LogicPanel: 输入历史 - 类型: K_code, 内容: K-200-000000, 当前表达式: K-200-000000 
2025-05-20 08:20:37,263 [INFO] gui.config_panel - ConfigPanel: 成功发送代码到逻辑面板: K-200-000000
2025-05-20 08:20:38,783 [INFO] gui.logic_panel - LogicPanel: 输入历史 - 类型: operator, 内容: →, 当前表达式: K-200-000000  → 
2025-05-20 08:20:40,410 [DEBUG] gui.bom_panel - BomPanel: 选中项文本: 10019834
Außenkotflügel MAN 18t Euro 5 kpl
Z-Cab NG RAL XXXX
2025-05-20 08:20:40,411 [DEBUG] gui.bom_panel - BomPanel: 提取到Baugruppe: 10019834
2025-05-20 08:20:40,412 [DEBUG] gui.bom_panel - BomPanel: 提取到占位符: PL-Außenkotflügel
2025-05-20 08:20:40,412 [DEBUG] gui.bom_panel - BomPanel: 构建的BOM码: PL-Außenkotflügel-10019834
2025-05-20 08:20:40,413 [DEBUG] gui.bom_panel - BomPanel: 获取根窗口成功
2025-05-20 08:20:40,413 [DEBUG] gui.bom_panel - BomPanel: 获取MainWindow实例成功
2025-05-20 08:20:40,414 [DEBUG] gui.bom_panel - BomPanel: 找到逻辑面板
2025-05-20 08:20:40,414 [DEBUG] gui.logic_panel - LogicPanel: 开始插入代码: PL-Außenkotflügel-10019834
2025-05-20 08:20:40,415 [DEBUG] gui.logic_panel - 验证BOM码: PL-Außenkotflügel-10019834
2025-05-20 08:20:40,416 [INFO] gui.logic_panel - LogicPanel: 输入历史 - 类型: BOM_code, 内容: PL-Außenkotflügel-10019834, 当前表达式: K-200-000000  → PL-Außenkotflügel-10019834 
2025-05-20 08:20:40,417 [INFO] gui.bom_panel - BomPanel: 成功发送代码到逻辑面板: PL-Außenkotflügel-10019834
2025-05-20 08:20:40,418 [INFO] gui.bom_panel - BomPanel: 成功插入BOM码: PL-Außenkotflügel-10019834
2025-05-20 08:20:41,453 [INFO] gui.logic_panel - 创建新的BOM逻辑规则ID: BL01
2025-05-20 08:20:41,454 [DEBUG] core.logic_builder - Generated condition part for rule BL01: 'Fzg: 9 Plätze'
2025-05-20 08:20:41,455 [DEBUG] core.logic_builder - Generated action part for rule BL01: 'PL-Außenkotflügel-Außenkotflügel MAN 18t Euro 5 kpl-Z-Cab NG RAL XXXX'
2025-05-20 08:20:41,465 [INFO] core.logic_builder - 已保存 1 条规则到临时文件 (C:\Users\mengy\Desktop\ZK_LogicBom_Builder\data\temp_rules_latest.json)
2025-05-20 08:20:41,466 [INFO] gui.logic_panel - LogicPanel _on_rule_change: 收到通知: 类型='added', RuleID='BL01'
2025-05-20 08:20:41,467 [DEBUG] gui.logic_panel - LogicPanel _on_rule_change: 附带的Rule对象: ID='BL01', Status='enabled', Desc='Fzg: 9 Plätze → PL-Außenkotflü...'
2025-05-20 08:20:41,467 [DEBUG] gui.logic_panel - LogicPanel _on_rule_change (added): 开始添加规则 'BL01'. 状态: enabled, 描述: 'Fzg: 9 Plätze → PL-Außenkotflü...'
2025-05-20 08:20:41,468 [INFO] gui.logic_panel - LogicPanel _on_rule_change (added): 已插入规则行 'BL01'.
2025-05-20 08:20:41,469 [INFO] gui.logic_panel - LogicPanel _on_rule_change (added): 已为规则 'BL01' 插入描述行 'BL01_desc_sep'.
2025-05-20 08:20:41,477 [DEBUG] gui.logic_panel - LogicPanel _on_rule_change: Treeview update_idletasks() 已调用，处理类型 'added' 完成。
2025-05-20 08:20:41,478 [INFO] core.logic_builder - 已添加规则: BL01, Desc='Fzg: 9 Plätze → PL-Außenkotflü...'
2025-05-20 08:20:41,478 [INFO] gui.logic_panel - 成功保存规则: BL01, 条件: K-200-000000, 影响: PL-Außenkotflügel-10019834, 状态: RuleStatus.ENABLED
2025-05-20 08:21:06,431 [INFO] core.logic_builder - 开始导出规则数据
2025-05-20 08:21:06,432 [DEBUG] core.logic_builder - 已准备导出规则: ID=BL01, Desc='Fzg: 9 Plätze → PL-Außenkotflügel-Außenkotflügel M...'
2025-05-20 08:21:06,433 [INFO] core.logic_builder - 规则数据已成功清空，并写入空的临时文件: C:\Users\mengy\Desktop\ZK_LogicBom_Builder\data\temp_rules_latest.json
2025-05-20 08:21:06,433 [INFO] gui.logic_panel - LogicPanel _on_rule_change: 收到通知: 类型='cleared', RuleID='None'
2025-05-20 08:21:06,433 [INFO] gui.logic_panel - LogicPanel _on_rule_change (cleared): 收到 'cleared' 通知，清空Treeview和used_ids。
2025-05-20 08:21:06,434 [INFO] gui.logic_panel - LogicPanel _on_rule_change (cleared): 已处理 'cleared' 通知，清空Treeview。
2025-05-20 08:21:06,437 [DEBUG] gui.logic_panel - LogicPanel _on_rule_change: Treeview update_idletasks() 已调用，处理类型 'cleared' 完成。
2025-05-20 08:21:06,438 [INFO] core.logic_builder - 规则导出完成，共导出 1 条规则
2025-05-20 08:21:06,438 [INFO] gui.main_window_tk - 成功导出 1 条规则到 C:/Users/mengy/OneDrive/Kabine_Test_Dokument/2.json。
2025-05-20 08:26:08,708 [DEBUG] gui.config_panel - ConfigPanel: 双击选中项 ID: I003
2025-05-20 08:26:08,709 [DEBUG] gui.config_panel - ConfigPanel: 选中项文本: K-200-000000 Fzg: 9 Plätze
2025-05-20 08:26:08,709 [DEBUG] gui.config_panel - ConfigPanel: 提取的代码: K-200-000000
2025-05-20 08:26:08,709 [INFO] gui.config_panel - ConfigPanel: 准备插入特征值: K-200-000000
2025-05-20 08:26:08,710 [DEBUG] gui.config_panel - ConfigPanel: 获取根窗口成功
2025-05-20 08:26:08,710 [DEBUG] gui.config_panel - ConfigPanel: 获取MainWindow实例成功
2025-05-20 08:26:08,711 [DEBUG] gui.config_panel - ConfigPanel: 找到逻辑面板
2025-05-20 08:26:08,711 [DEBUG] gui.logic_panel - LogicPanel: 开始插入代码: K-200-000000
2025-05-20 08:26:08,712 [INFO] gui.logic_panel - LogicPanel: 输入历史 - 类型: K_code, 内容: K-200-000000, 当前表达式: K-200-000000 
2025-05-20 08:26:08,712 [INFO] gui.config_panel - ConfigPanel: 成功发送代码到逻辑面板: K-200-000000
2025-05-20 08:26:09,448 [INFO] gui.logic_panel - LogicPanel: 输入历史 - 类型: operator, 内容: →, 当前表达式: K-200-000000  → 
2025-05-20 08:26:11,117 [DEBUG] gui.bom_panel - BomPanel: 选中项文本: 10019836
Außenkotflügel MAN 18t Euro 5 kpl
Z-Cab NG RAL 9010
2025-05-20 08:26:11,118 [DEBUG] gui.bom_panel - BomPanel: 提取到Baugruppe: 10019836
2025-05-20 08:26:11,119 [DEBUG] gui.bom_panel - BomPanel: 提取到占位符: PL-Außenkotflügel
2025-05-20 08:26:11,119 [DEBUG] gui.bom_panel - BomPanel: 构建的BOM码: PL-Außenkotflügel-10019836
2025-05-20 08:26:11,120 [DEBUG] gui.bom_panel - BomPanel: 获取根窗口成功
2025-05-20 08:26:11,121 [DEBUG] gui.bom_panel - BomPanel: 获取MainWindow实例成功
2025-05-20 08:26:11,122 [DEBUG] gui.bom_panel - BomPanel: 找到逻辑面板
2025-05-20 08:26:11,123 [DEBUG] gui.logic_panel - LogicPanel: 开始插入代码: PL-Außenkotflügel-10019836
2025-05-20 08:26:11,124 [DEBUG] gui.logic_panel - 验证BOM码: PL-Außenkotflügel-10019836
2025-05-20 08:26:11,125 [INFO] gui.logic_panel - LogicPanel: 输入历史 - 类型: BOM_code, 内容: PL-Außenkotflügel-10019836, 当前表达式: K-200-000000  → PL-Außenkotflügel-10019836 
2025-05-20 08:26:11,126 [INFO] gui.bom_panel - BomPanel: 成功发送代码到逻辑面板: PL-Außenkotflügel-10019836
2025-05-20 08:26:11,126 [INFO] gui.bom_panel - BomPanel: 成功插入BOM码: PL-Außenkotflügel-10019836
2025-05-20 08:26:12,114 [INFO] gui.logic_panel - 创建新的BOM逻辑规则ID: BL01
2025-05-20 08:26:12,115 [DEBUG] core.logic_builder - Generated condition part for rule BL01: 'Fzg: 9 Plätze'
2025-05-20 08:26:12,116 [DEBUG] core.logic_builder - Generated action part for rule BL01: 'PL-Außenkotflügel-Außenkotflügel MAN 18t Euro 5 kpl-Z-Cab NG RAL 9010'
2025-05-20 08:26:12,118 [INFO] core.logic_builder - 已保存 1 条规则到临时文件 (C:\Users\mengy\Desktop\ZK_LogicBom_Builder\data\temp_rules_latest.json)
2025-05-20 08:26:12,118 [INFO] gui.logic_panel - LogicPanel _on_rule_change: 收到通知: 类型='added', RuleID='BL01'
2025-05-20 08:26:12,118 [DEBUG] gui.logic_panel - LogicPanel _on_rule_change: 附带的Rule对象: ID='BL01', Status='enabled', Desc='Fzg: 9 Plätze → PL-Außenkotflü...'
2025-05-20 08:26:12,119 [DEBUG] gui.logic_panel - LogicPanel _on_rule_change (added): 开始添加规则 'BL01'. 状态: enabled, 描述: 'Fzg: 9 Plätze → PL-Außenkotflü...'
2025-05-20 08:26:12,119 [INFO] gui.logic_panel - LogicPanel _on_rule_change (added): 已插入规则行 'BL01'.
2025-05-20 08:26:12,120 [INFO] gui.logic_panel - LogicPanel _on_rule_change (added): 已为规则 'BL01' 插入描述行 'BL01_desc_sep'.
2025-05-20 08:26:12,127 [DEBUG] gui.logic_panel - LogicPanel _on_rule_change: Treeview update_idletasks() 已调用，处理类型 'added' 完成。
2025-05-20 08:26:12,128 [INFO] core.logic_builder - 已添加规则: BL01, Desc='Fzg: 9 Plätze → PL-Außenkotflü...'
2025-05-20 08:26:12,128 [INFO] gui.logic_panel - 成功保存规则: BL01, 条件: K-200-000000, 影响: PL-Außenkotflügel-10019836, 状态: RuleStatus.ENABLED
