2025-04-28 09:30:48,809 [INFO] root - 程序启动，日志文件: C:\Users\mengy\Desktop\ZK_LogicBom_Builder\logs\log_20250428_093048.log
2025-04-28 09:30:49,062 [INFO] __main__ - 正在启动程序...
2025-04-28 09:30:49,062 [DEBUG] __main__ - Python版本: 3.13.2 (tags/v3.13.2:4f8bb39, Feb  4 2025, 15:23:48) [MSC v.1942 64 bit (AMD64)]
2025-04-28 09:30:49,062 [DEBUG] __main__ - 当前工作目录: C:\Users\mengy\Desktop\ZK_LogicBom_Builder
2025-04-28 09:30:49,062 [DEBUG] __main__ - src_dir路径: c:\Users\mengy\Desktop\ZK_LogicBom_Builder
2025-04-28 09:30:49,084 [INFO] __main__ - 正在创建语言选择对话框...
2025-04-28 09:30:51,075 [INFO] gui.language_dialog_tk - 已选择语言: zh
2025-04-28 09:30:51,087 [INFO] __main__ - 语言选择结果: zh
2025-04-28 09:30:51,088 [INFO] __main__ - 正在创建主题选择对话框...
2025-04-28 09:30:51,088 [DEBUG] gui.theme_dialog_tk - 创建主题选择对话框
2025-04-28 09:30:51,093 [DEBUG] gui.theme_dialog_tk - 主题选择对话框创建完成
2025-04-28 09:30:51,840 [DEBUG] gui.theme_dialog_tk - 用户选择了light主题
2025-04-28 09:30:51,858 [INFO] __main__ - 主题选择结果: light
2025-04-28 09:30:51,862 [INFO] __main__ - 正在配置主窗口...
2025-04-28 09:30:51,940 [INFO] __main__ - 开始创建MainWindow实例...
2025-04-28 09:30:51,941 [INFO] core.logic_builder - 已加载 4 条规则
2025-04-28 09:30:51,986 [INFO] __main__ - MainWindow实例创建完成
2025-04-28 09:30:52,284 [INFO] __main__ - 开始mainloop()...
2025-04-28 09:30:57,804 [INFO] core.bom_processor - 开始导入BOM文件: C:/Users/mengy/Desktop/BOM映射表.xlsx
2025-04-28 09:30:57,805 [INFO] core.bom_processor - 已清空现有数据
2025-04-28 09:30:57,805 [INFO] core.bom_processor - 正在读取Excel文件...
2025-04-28 09:30:57,926 [INFO] core.bom_processor - 成功打开Excel文件，包含以下工作表: ['MAX-gruppe', 'K码表', '配置', 'Sheet1']
2025-04-28 09:30:57,926 [ERROR] core.bom_processor - 错误：未找到 Max-Gruppe 工作表
2025-04-28 09:30:57,927 [ERROR] core.bom_processor - 导入BOM文件失败: 未找到 Max-Gruppe 工作表
Traceback (most recent call last):
  File "c:\Users\mengy\Desktop\ZK_LogicBom_Builder\core\bom_processor.py", line 47, in import_bom
    raise ValueError("未找到 Max-Gruppe 工作表")
ValueError: 未找到 Max-Gruppe 工作表
2025-04-28 09:30:57,927 [ERROR] gui.bom_panel - 导入BOM文件失败: 导入BOM文件失败: 未找到 Max-Gruppe 工作表
Traceback (most recent call last):
  File "c:\Users\mengy\Desktop\ZK_LogicBom_Builder\core\bom_processor.py", line 47, in import_bom
    raise ValueError("未找到 Max-Gruppe 工作表")
ValueError: 未找到 Max-Gruppe 工作表

During handling of the above exception, another exception occurred:

Traceback (most recent call last):
  File "c:\Users\mengy\Desktop\ZK_LogicBom_Builder\gui\bom_panel.py", line 337, in _import_bom
    self.bom_processor.import_bom(file_path)
    ~~~~~~~~~~~~~~~~~~~~~~~~~~~~~^^^^^^^^^^^
  File "c:\Users\mengy\Desktop\ZK_LogicBom_Builder\core\bom_processor.py", line 70, in import_bom
    raise ImportError(f"导入BOM文件失败: {str(e)}")
ImportError: 导入BOM文件失败: 未找到 Max-Gruppe 工作表
2025-04-28 09:31:02,233 [INFO] gui.config_panel - 用户选择了新的配置文件: C:/Users/mengy/Desktop/配置选项_Konfigurationsoptions.xlsm
2025-04-28 09:31:02,245 [INFO] core.config_processor - 找到工作表: ['TD', '0.模板&Vorlage', '1.Fahrgestell', '2.Fahrzeug allgemein', '3.Beschriftung&Kennzeichnung', '4. Anbauten&Fahrgestellarbeiten', '5. Fahrer_Mannschaftsraum', '6.Koffer', '7.Lichtmast', '8.Pumpenanlage', '9.Seilwinde&Generator', '10.Halterungen']
2025-04-28 09:31:02,246 [DEBUG] core.config_processor - 跳过工作表: TD
2025-04-28 09:31:02,246 [DEBUG] core.config_processor - 跳过工作表: 0.模板&Vorlage
2025-04-28 09:31:02,246 [INFO] core.config_processor - 处理工作表: 1.Fahrgestell -> 模块: 1.Fahrgestell
2025-04-28 09:31:02,263 [INFO] core.config_processor - 处理工作表: 2.Fahrzeug allgemein -> 模块: 2.Fahrzeug allgemein
2025-04-28 09:31:02,278 [INFO] core.config_processor - 处理工作表: 3.Beschriftung&Kennzeichnung -> 模块: 3.Beschriftung&Kennzeichnung
2025-04-28 09:31:02,294 [INFO] core.config_processor - 处理工作表: 4. Anbauten&Fahrgestellarbeiten -> 模块: 4.Anbauten&Fahrgestellarbeiten
2025-04-28 09:31:02,309 [INFO] core.config_processor - 处理工作表: 5. Fahrer_Mannschaftsraum -> 模块: 5.Fahrer_Mannschaftsraum
2025-04-28 09:31:02,329 [INFO] core.config_processor - 处理工作表: 6.Koffer -> 模块: 6.Koffer
2025-04-28 09:31:02,345 [INFO] core.config_processor - 处理工作表: 7.Lichtmast -> 模块: 7.Lichtmast
2025-04-28 09:31:02,360 [INFO] core.config_processor - 处理工作表: 8.Pumpenanlage -> 模块: 8.Pumpenanlage
2025-04-28 09:31:02,375 [INFO] core.config_processor - 处理工作表: 9.Seilwinde&Generator -> 模块: 9.Seilwinde&Generator
2025-04-28 09:31:02,390 [INFO] core.config_processor - 处理工作表: 10.Halterungen -> 模块: 10.Halterungen
2025-04-28 09:31:02,405 [INFO] gui.config_panel - 成功导入配置文件: C:/Users/mengy/Desktop/配置选项_Konfigurationsoptions.xlsm
2025-04-28 09:31:02,414 [INFO] gui.main_window_tk - 成功保存配置文件路径到app_config.json: C:/Users/mengy/Desktop/配置选项_Konfigurationsoptions.xlsm
2025-04-28 09:31:02,414 [INFO] gui.config_panel - 已保存配置文件路径到app_config.json: C:/Users/mengy/Desktop/配置选项_Konfigurationsoptions.xlsm
2025-04-28 09:31:06,404 [INFO] gui.bom_panel - 用户选择了新的BOM文件: C:/Users/mengy/Desktop/Bom.xlsx
2025-04-28 09:31:06,404 [INFO] core.bom_processor - 开始导入BOM文件: C:/Users/mengy/Desktop/Bom.xlsx
2025-04-28 09:31:06,404 [INFO] core.bom_processor - 已清空现有数据
2025-04-28 09:31:06,404 [INFO] core.bom_processor - 正在读取Excel文件...
2025-04-28 09:31:06,408 [INFO] core.bom_processor - 成功打开Excel文件，包含以下工作表: ['Max-Gruppe']
2025-04-28 09:31:06,409 [INFO] core.bom_processor - 正在读取 Max-Gruppe 工作表...
2025-04-28 09:31:06,419 [INFO] core.bom_processor - 成功读取工作表，共 154 行数据
2025-04-28 09:31:06,419 [INFO] core.bom_processor - 所有必需列均存在，开始处理数据...
2025-04-28 09:31:06,420 [INFO] core.bom_processor - 过滤空层级后剩余 153 行数据
2025-04-28 09:31:06,421 [INFO] core.bom_processor - 
开始处理数据...
2025-04-28 09:31:06,424 [INFO] core.bom_processor - 
数据处理完成，成功处理 {processed_count} 行数据
2025-04-28 09:31:06,424 [INFO] core.bom_processor - 第 1 级节点数量: 1
2025-04-28 09:31:06,424 [INFO] core.bom_processor - 第 2 级节点数量: 133
2025-04-28 09:31:06,424 [INFO] core.bom_processor - 第 3 级节点数量: 19
2025-04-28 09:31:06,424 [INFO] core.bom_processor - BOM文件导入成功，共处理 153 个项目
2025-04-28 09:31:06,425 [INFO] gui.bom_panel - 成功导入BOM文件: C:/Users/mengy/Desktop/Bom.xlsx
2025-04-28 09:31:06,425 [INFO] gui.bom_panel - 开始刷新树状图
2025-04-28 09:31:06,425 [INFO] gui.bom_panel - 第 1 级节点数量: 1
2025-04-28 09:31:06,425 [INFO] gui.bom_panel - 第 2 级节点数量: 133
2025-04-28 09:31:06,425 [INFO] gui.bom_panel - 第 3 级节点数量: 19
2025-04-28 09:31:06,428 [INFO] gui.bom_panel - 树状图刷新完成
2025-04-28 09:31:06,436 [INFO] gui.main_window_tk - 成功保存BOM文件路径到app_config.json: C:/Users/mengy/Desktop/Bom.xlsx
2025-04-28 09:31:06,436 [INFO] gui.bom_panel - 已保存BOM文件路径到app_config.json: C:/Users/mengy/Desktop/Bom.xlsx
2025-04-28 09:31:12,927 [DEBUG] gui.bom_panel - BomPanel: 双击选中项 ID: I019
2025-04-28 09:31:12,928 [DEBUG] gui.bom_panel - BomPanel: 选中项文本: [2] PL-GrundKabine
2025-04-28 09:31:14,234 [DEBUG] gui.bom_panel - BomPanel: 双击选中项 ID: I02A
2025-04-28 09:31:14,235 [DEBUG] gui.bom_panel - BomPanel: 选中项文本: [2] PL-Sitze01
2025-04-28 09:31:17,989 [INFO] gui.logic_library_window - 已加载 4 条 BOM 逻辑关系规则
2025-04-28 09:31:37,940 [DEBUG] gui.bom_panel - BomPanel: 双击选中项 ID: I019
2025-04-28 09:31:37,941 [DEBUG] gui.bom_panel - BomPanel: 选中项文本: [2] PL-GrundKabine
2025-04-28 09:31:38,336 [DEBUG] gui.bom_panel - BomPanel: 双击选中项 ID: I019
2025-04-28 09:31:38,337 [DEBUG] gui.bom_panel - BomPanel: 选中项文本: [2] PL-GrundKabine
2025-04-28 09:31:38,676 [DEBUG] gui.bom_panel - BomPanel: 双击选中项 ID: I019
2025-04-28 09:31:38,677 [DEBUG] gui.bom_panel - BomPanel: 选中项文本: [2] PL-GrundKabine
2025-04-28 09:31:45,407 [DEBUG] gui.bom_panel - BomPanel: 双击选中项 ID: I003
2025-04-28 09:31:45,409 [DEBUG] gui.bom_panel - BomPanel: 选中项文本: 1003568 - 1234
5678灯具
2025-04-28 09:31:45,410 [DEBUG] gui.bom_panel - BomPanel: 提取到Baugruppe: 1003568
2025-04-28 09:31:45,410 [DEBUG] gui.bom_panel - BomPanel: 提取到占位符: PL-Beleuchtung
2025-04-28 09:31:45,411 [DEBUG] gui.bom_panel - BomPanel: 构建的BOM码: PL-Beleuchtung-1003568
2025-04-28 09:31:45,412 [DEBUG] gui.bom_panel - BomPanel: 获取根窗口成功
2025-04-28 09:31:45,413 [DEBUG] gui.bom_panel - BomPanel: 获取MainWindow实例成功
2025-04-28 09:31:45,414 [DEBUG] gui.bom_panel - BomPanel: 找到逻辑面板
2025-04-28 09:31:45,414 [DEBUG] gui.logic_panel - LogicPanel: 开始插入代码: PL-Beleuchtung-1003568
2025-04-28 09:31:46,472 [INFO] gui.bom_panel - BomPanel: 成功发送代码到逻辑面板: PL-Beleuchtung-1003568
2025-04-28 09:31:46,472 [INFO] gui.bom_panel - BomPanel: 成功插入BOM码: PL-Beleuchtung-1003568
