2025-04-28 11:30:20,813 [INFO] root - 程序启动，日志文件: C:\Users\mengy\Desktop\ZK_LogicBom_Builder\logs\log_20250428_113020.log
2025-04-28 11:30:24,497 [INFO] __main__ - 正在启动程序...
2025-04-28 11:30:24,498 [DEBUG] __main__ - Python版本: 3.13.2 (tags/v3.13.2:4f8bb39, Feb  4 2025, 15:23:48) [MSC v.1942 64 bit (AMD64)]
2025-04-28 11:30:24,498 [DEBUG] __main__ - 当前工作目录: C:\Users\mengy\Desktop\ZK_LogicBom_Builder
2025-04-28 11:30:24,498 [DEBUG] __main__ - src_dir路径: c:\Users\mengy\Desktop\ZK_LogicBom_Builder
2025-04-28 11:30:24,912 [INFO] __main__ - 正在创建语言选择对话框...
2025-04-28 11:30:26,057 [INFO] gui.language_dialog_tk - 已选择语言: zh
2025-04-28 11:30:26,092 [INFO] __main__ - 语言选择结果: zh
2025-04-28 11:30:26,092 [INFO] __main__ - 正在创建主题选择对话框...
2025-04-28 11:30:26,092 [DEBUG] gui.theme_dialog_tk - 创建主题选择对话框
2025-04-28 11:30:26,097 [DEBUG] gui.theme_dialog_tk - 主题选择对话框创建完成
2025-04-28 11:30:27,001 [DEBUG] gui.theme_dialog_tk - 用户选择了light主题
2025-04-28 11:30:27,028 [INFO] __main__ - 主题选择结果: light
2025-04-28 11:30:27,044 [INFO] __main__ - 正在配置主窗口...
2025-04-28 11:30:27,202 [INFO] __main__ - 开始创建MainWindow实例...
2025-04-28 11:30:27,203 [INFO] core.logic_builder - 已加载 2 条规则
2025-04-28 11:30:27,233 [INFO] gui.logic_panel - 开始加载现有规则到树状视图
2025-04-28 11:30:27,233 [DEBUG] gui.logic_panel - 从LogicBuilder获取到 2 条规则
2025-04-28 11:30:27,234 [DEBUG] gui.logic_panel - 添加规则ID: 1 到已使用集合
2025-04-28 11:30:27,234 [DEBUG] gui.logic_panel - 添加规则ID: 2 到已使用集合
2025-04-28 11:30:27,234 [INFO] gui.logic_panel - 成功加载 2 条规则到逻辑编辑面板
2025-04-28 11:30:27,249 [INFO] __main__ - MainWindow实例创建完成
2025-04-28 11:30:27,538 [INFO] __main__ - 开始mainloop()...
2025-04-28 11:30:30,464 [INFO] core.config_processor - 找到工作表: ['TD', '0.模板&Vorlage', '1.Fahrgestell', '2.Fahrzeug allgemein', '3.Beschriftung&Kennzeichnung', '4. Anbauten&Fahrgestellarbeiten', '5. Fahrer_Mannschaftsraum', '6.Koffer', '7.Lichtmast', '8.Pumpenanlage', '9.Seilwinde&Generator', '10.Halterungen']
2025-04-28 11:30:30,465 [DEBUG] core.config_processor - 跳过工作表: TD
2025-04-28 11:30:30,465 [DEBUG] core.config_processor - 跳过工作表: 0.模板&Vorlage
2025-04-28 11:30:30,466 [INFO] core.config_processor - 处理工作表: 1.Fahrgestell -> 模块: 1.Fahrgestell
2025-04-28 11:30:30,482 [INFO] core.config_processor - 处理工作表: 2.Fahrzeug allgemein -> 模块: 2.Fahrzeug allgemein
2025-04-28 11:30:30,498 [INFO] core.config_processor - 处理工作表: 3.Beschriftung&Kennzeichnung -> 模块: 3.Beschriftung&Kennzeichnung
2025-04-28 11:30:30,513 [INFO] core.config_processor - 处理工作表: 4. Anbauten&Fahrgestellarbeiten -> 模块: 4.Anbauten&Fahrgestellarbeiten
2025-04-28 11:30:30,529 [INFO] core.config_processor - 处理工作表: 5. Fahrer_Mannschaftsraum -> 模块: 5.Fahrer_Mannschaftsraum
2025-04-28 11:30:30,549 [INFO] core.config_processor - 处理工作表: 6.Koffer -> 模块: 6.Koffer
2025-04-28 11:30:30,565 [INFO] core.config_processor - 处理工作表: 7.Lichtmast -> 模块: 7.Lichtmast
2025-04-28 11:30:30,579 [INFO] core.config_processor - 处理工作表: 8.Pumpenanlage -> 模块: 8.Pumpenanlage
2025-04-28 11:30:30,595 [INFO] core.config_processor - 处理工作表: 9.Seilwinde&Generator -> 模块: 9.Seilwinde&Generator
2025-04-28 11:30:30,611 [INFO] core.config_processor - 处理工作表: 10.Halterungen -> 模块: 10.Halterungen
2025-04-28 11:30:30,625 [INFO] gui.config_panel - 成功导入配置文件: C:/Users/mengy/Desktop/配置选项_Konfigurationsoptions.xlsm
2025-04-28 11:30:30,629 [INFO] gui.main_window_tk - 成功保存配置文件路径到app_config.json: C:/Users/mengy/Desktop/配置选项_Konfigurationsoptions.xlsm
2025-04-28 11:30:30,629 [INFO] gui.config_panel - 已保存配置文件路径到app_config.json: C:/Users/mengy/Desktop/配置选项_Konfigurationsoptions.xlsm
2025-04-28 11:30:32,308 [INFO] core.bom_processor - 开始导入BOM文件: C:/Users/mengy/Desktop/Bom.xlsx
2025-04-28 11:30:32,309 [INFO] core.bom_processor - 已清空现有数据
2025-04-28 11:30:32,309 [INFO] core.bom_processor - 正在读取Excel文件...
2025-04-28 11:30:32,321 [INFO] core.bom_processor - 成功打开Excel文件，包含以下工作表: ['Max-Gruppe']
2025-04-28 11:30:32,321 [INFO] core.bom_processor - 正在读取 Max-Gruppe 工作表...
2025-04-28 11:30:32,330 [INFO] core.bom_processor - 成功读取工作表，共 154 行数据
2025-04-28 11:30:32,330 [INFO] core.bom_processor - 所有必需列均存在，开始处理数据...
2025-04-28 11:30:32,331 [INFO] core.bom_processor - 过滤空层级后剩余 153 行数据
2025-04-28 11:30:32,332 [INFO] core.bom_processor - 
开始处理数据...
2025-04-28 11:30:32,335 [INFO] core.bom_processor - 
数据处理完成，成功处理 {processed_count} 行数据
2025-04-28 11:30:32,336 [INFO] core.bom_processor - 第 1 级节点数量: 1
2025-04-28 11:30:32,336 [INFO] core.bom_processor - 第 2 级节点数量: 133
2025-04-28 11:30:32,336 [INFO] core.bom_processor - 第 3 级节点数量: 19
2025-04-28 11:30:32,337 [INFO] core.bom_processor - BOM文件导入成功，共处理 153 个项目
2025-04-28 11:30:32,337 [INFO] gui.bom_panel - 成功导入BOM文件: C:/Users/mengy/Desktop/Bom.xlsx
2025-04-28 11:30:32,337 [INFO] gui.bom_panel - 开始刷新树状图
2025-04-28 11:30:32,338 [INFO] gui.bom_panel - 树状图刷新完成
2025-04-28 11:30:32,339 [INFO] gui.main_window_tk - 成功保存BOM文件路径到app_config.json: C:/Users/mengy/Desktop/Bom.xlsx
2025-04-28 11:30:32,339 [INFO] gui.bom_panel - 已保存BOM文件路径到app_config.json: C:/Users/mengy/Desktop/Bom.xlsx
2025-04-28 11:30:34,985 [INFO] core.logic_builder - 规则数据已成功清空
2025-04-28 11:30:34,985 [INFO] gui.logic_panel - 收到规则变更事件: type=cleared, rule_id=None
2025-04-28 11:30:38,541 [INFO] gui.logic_library_window - 已加载 0 条 BOM 逻辑关系规则
2025-04-28 11:30:48,123 [INFO] core.logic_builder - 开始导入规则文件: C:/Users/mengy/Desktop/2222.json
2025-04-28 11:30:48,124 [INFO] core.logic_builder - 已清空现有规则
2025-04-28 11:30:48,125 [DEBUG] core.logic_builder - 成功导入规则: ID=BL01
2025-04-28 11:30:48,125 [DEBUG] core.logic_builder - 成功导入规则: ID=BL02
2025-04-28 11:30:48,137 [INFO] core.logic_builder - 规则数据已保存到临时文件，共 2 条规则
2025-04-28 11:30:48,137 [INFO] gui.logic_panel - 收到规则变更事件: type=imported, rule_id=None
2025-04-28 11:30:48,137 [INFO] gui.logic_panel - 开始加载现有规则到树状视图
2025-04-28 11:30:48,137 [DEBUG] gui.logic_panel - 从LogicBuilder获取到 2 条规则
2025-04-28 11:30:48,137 [DEBUG] gui.logic_panel - 添加规则ID: 1 到已使用集合
2025-04-28 11:30:48,138 [DEBUG] gui.logic_panel - 添加规则ID: 2 到已使用集合
2025-04-28 11:30:48,138 [INFO] gui.logic_panel - 成功加载 2 条规则到逻辑编辑面板
2025-04-28 11:30:48,138 [INFO] core.logic_builder - 规则导入完成，成功导入 2 条规则
2025-04-28 11:30:48,138 [INFO] gui.logic_panel - 开始加载现有规则到树状视图
2025-04-28 11:30:48,138 [DEBUG] gui.logic_panel - 从LogicBuilder获取到 2 条规则
2025-04-28 11:30:48,138 [DEBUG] gui.logic_panel - 添加规则ID: 1 到已使用集合
2025-04-28 11:30:48,138 [DEBUG] gui.logic_panel - 添加规则ID: 2 到已使用集合
2025-04-28 11:30:48,138 [INFO] gui.logic_panel - 成功加载 2 条规则到逻辑编辑面板
2025-04-28 11:30:54,142 [INFO] gui.logic_library_window - 已加载 2 条 BOM 逻辑关系规则
2025-04-28 11:30:59,973 [INFO] core.logic_builder - 规则数据已保存到临时文件，共 2 条规则
2025-04-28 11:30:59,974 [INFO] gui.logic_panel - 收到规则变更事件: type=modified, rule_id=BL02
2025-04-28 11:30:59,974 [DEBUG] gui.logic_panel - 更新规则显示: BL02
2025-04-28 11:30:59,974 [INFO] gui.logic_library_window - 收到规则变更事件: type=modified, rule_id=BL02
2025-04-28 11:30:59,975 [INFO] gui.logic_library_window - 已更新规则: BL02
2025-04-28 11:31:04,592 [INFO] core.logic_builder - 规则数据已保存到临时文件，共 1 条规则
2025-04-28 11:31:04,595 [INFO] core.logic_builder - 规则数据已保存到临时文件，共 1 条规则
2025-04-28 11:31:04,596 [INFO] core.logic_builder - 规则数据已保存到文件: C:\Users\mengy\Desktop\ZK_LogicBom_Builder\data\temp_rules_latest.json
2025-04-28 11:31:04,596 [INFO] gui.logic_panel - 收到规则变更事件: type=deleted, rule_id=BL02
2025-04-28 11:31:04,596 [INFO] gui.logic_library_window - 收到规则变更事件: type=deleted, rule_id=BL02
2025-04-28 11:31:04,596 [INFO] gui.logic_library_window - 已删除规则: BL02
2025-04-28 11:31:09,315 [ERROR] gui.logic_rule_editor - 保存规则时出错: condition_error: 未知的K码: K03_02_022
Traceback (most recent call last):
  File "c:\Users\mengy\Desktop\ZK_LogicBom_Builder\gui\logic_rule_editor.py", line 236, in _on_confirm
    raise ValueError(f"{language_manager.get_text('condition_error')}: {message}")
ValueError: condition_error: 未知的K码: K03_02_022
2025-04-28 11:31:19,794 [INFO] gui.language_dialog_tk - 已选择语言: de
2025-04-28 11:31:19,850 [CRITICAL] __main__ - 未捕获的异常: Invalid column index rule_id
Traceback (most recent call last):
  File "D:\Python\Lib\tkinter\__init__.py", line 2068, in __call__
    return self.func(*args)
           ~~~~~~~~~^^^^^^^
  File "c:\Users\mengy\Desktop\ZK_LogicBom_Builder\gui\main_window_tk.py", line 407, in _show_language_dialog
    self.refresh_all_texts()
    ~~~~~~~~~~~~~~~~~~~~~~^^
  File "c:\Users\mengy\Desktop\ZK_LogicBom_Builder\gui\main_window_tk.py", line 517, in refresh_all_texts
    self.config_panel.refresh_texts()
    ~~~~~~~~~~~~~~~~~~~~~~~~~~~~~~~^^
  File "c:\Users\mengy\Desktop\ZK_LogicBom_Builder\gui\config_panel.py", line 353, in refresh_texts
    self.tree.heading("rule_id", text=language_manager.get_text("rule_id"))
    ~~~~~~~~~~~~~~~~~^^^^^^^^^^^^^^^^^^^^^^^^^^^^^^^^^^^^^^^^^^^^^^^^^^^^^^
  File "D:\Python\Lib\tkinter\ttk.py", line 1284, in heading
    return _val_or_dict(self.tk, kw, self._w, 'heading', column)
  File "D:\Python\Lib\tkinter\ttk.py", line 288, in _val_or_dict
    res = tk.call(*(args + options))
_tkinter.TclError: Invalid column index rule_id
2025-04-28 11:31:19,879 [CRITICAL] __main__ - 详细错误栈:
['Traceback (most recent call last):\n', '  File "D:\\Python\\Lib\\tkinter\\__init__.py", line 2068, in __call__\n    return self.func(*args)\n           ~~~~~~~~~^^^^^^^\n', '  File "c:\\Users\\mengy\\Desktop\\ZK_LogicBom_Builder\\gui\\main_window_tk.py", line 407, in _show_language_dialog\n    self.refresh_all_texts()\n    ~~~~~~~~~~~~~~~~~~~~~~^^\n', '  File "c:\\Users\\mengy\\Desktop\\ZK_LogicBom_Builder\\gui\\main_window_tk.py", line 517, in refresh_all_texts\n    self.config_panel.refresh_texts()\n    ~~~~~~~~~~~~~~~~~~~~~~~~~~~~~~~^^\n', '  File "c:\\Users\\mengy\\Desktop\\ZK_LogicBom_Builder\\gui\\config_panel.py", line 353, in refresh_texts\n    self.tree.heading("rule_id", text=language_manager.get_text("rule_id"))\n    ~~~~~~~~~~~~~~~~~^^^^^^^^^^^^^^^^^^^^^^^^^^^^^^^^^^^^^^^^^^^^^^^^^^^^^^\n', '  File "D:\\Python\\Lib\\tkinter\\ttk.py", line 1284, in heading\n    return _val_or_dict(self.tk, kw, self._w, \'heading\', column)\n', '  File "D:\\Python\\Lib\\tkinter\\ttk.py", line 288, in _val_or_dict\n    res = tk.call(*(args + options))\n', '_tkinter.TclError: Invalid column index rule_id\n']
Traceback (most recent call last):
  File "D:\Python\Lib\tkinter\__init__.py", line 2068, in __call__
    return self.func(*args)
           ~~~~~~~~~^^^^^^^
  File "c:\Users\mengy\Desktop\ZK_LogicBom_Builder\gui\main_window_tk.py", line 407, in _show_language_dialog
    self.refresh_all_texts()
    ~~~~~~~~~~~~~~~~~~~~~~^^
  File "c:\Users\mengy\Desktop\ZK_LogicBom_Builder\gui\main_window_tk.py", line 517, in refresh_all_texts
    self.config_panel.refresh_texts()
    ~~~~~~~~~~~~~~~~~~~~~~~~~~~~~~~^^
  File "c:\Users\mengy\Desktop\ZK_LogicBom_Builder\gui\config_panel.py", line 353, in refresh_texts
    self.tree.heading("rule_id", text=language_manager.get_text("rule_id"))
    ~~~~~~~~~~~~~~~~~^^^^^^^^^^^^^^^^^^^^^^^^^^^^^^^^^^^^^^^^^^^^^^^^^^^^^^
  File "D:\Python\Lib\tkinter\ttk.py", line 1284, in heading
    return _val_or_dict(self.tk, kw, self._w, 'heading', column)
  File "D:\Python\Lib\tkinter\ttk.py", line 288, in _val_or_dict
    res = tk.call(*(args + options))
_tkinter.TclError: Invalid column index rule_id
2025-04-28 11:31:29,600 [INFO] gui.logic_library_window - 已加载 1 条 BOM 逻辑关系规则
2025-04-28 11:32:04,819 [INFO] gui.language_dialog_tk - 已选择语言: zh
2025-04-28 11:32:04,866 [CRITICAL] __main__ - 未捕获的异常: Invalid column index rule_id
Traceback (most recent call last):
  File "D:\Python\Lib\tkinter\__init__.py", line 2068, in __call__
    return self.func(*args)
           ~~~~~~~~~^^^^^^^
  File "c:\Users\mengy\Desktop\ZK_LogicBom_Builder\gui\main_window_tk.py", line 407, in _show_language_dialog
    self.refresh_all_texts()
    ~~~~~~~~~~~~~~~~~~~~~~^^
  File "c:\Users\mengy\Desktop\ZK_LogicBom_Builder\gui\main_window_tk.py", line 517, in refresh_all_texts
    self.config_panel.refresh_texts()
    ~~~~~~~~~~~~~~~~~~~~~~~~~~~~~~~^^
  File "c:\Users\mengy\Desktop\ZK_LogicBom_Builder\gui\config_panel.py", line 353, in refresh_texts
    self.tree.heading("rule_id", text=language_manager.get_text("rule_id"))
    ~~~~~~~~~~~~~~~~~^^^^^^^^^^^^^^^^^^^^^^^^^^^^^^^^^^^^^^^^^^^^^^^^^^^^^^
  File "D:\Python\Lib\tkinter\ttk.py", line 1284, in heading
    return _val_or_dict(self.tk, kw, self._w, 'heading', column)
  File "D:\Python\Lib\tkinter\ttk.py", line 288, in _val_or_dict
    res = tk.call(*(args + options))
_tkinter.TclError: Invalid column index rule_id
2025-04-28 11:32:04,868 [CRITICAL] __main__ - 详细错误栈:
['Traceback (most recent call last):\n', '  File "D:\\Python\\Lib\\tkinter\\__init__.py", line 2068, in __call__\n    return self.func(*args)\n           ~~~~~~~~~^^^^^^^\n', '  File "c:\\Users\\mengy\\Desktop\\ZK_LogicBom_Builder\\gui\\main_window_tk.py", line 407, in _show_language_dialog\n    self.refresh_all_texts()\n    ~~~~~~~~~~~~~~~~~~~~~~^^\n', '  File "c:\\Users\\mengy\\Desktop\\ZK_LogicBom_Builder\\gui\\main_window_tk.py", line 517, in refresh_all_texts\n    self.config_panel.refresh_texts()\n    ~~~~~~~~~~~~~~~~~~~~~~~~~~~~~~~^^\n', '  File "c:\\Users\\mengy\\Desktop\\ZK_LogicBom_Builder\\gui\\config_panel.py", line 353, in refresh_texts\n    self.tree.heading("rule_id", text=language_manager.get_text("rule_id"))\n    ~~~~~~~~~~~~~~~~~^^^^^^^^^^^^^^^^^^^^^^^^^^^^^^^^^^^^^^^^^^^^^^^^^^^^^^\n', '  File "D:\\Python\\Lib\\tkinter\\ttk.py", line 1284, in heading\n    return _val_or_dict(self.tk, kw, self._w, \'heading\', column)\n', '  File "D:\\Python\\Lib\\tkinter\\ttk.py", line 288, in _val_or_dict\n    res = tk.call(*(args + options))\n', '_tkinter.TclError: Invalid column index rule_id\n']
Traceback (most recent call last):
  File "D:\Python\Lib\tkinter\__init__.py", line 2068, in __call__
    return self.func(*args)
           ~~~~~~~~~^^^^^^^
  File "c:\Users\mengy\Desktop\ZK_LogicBom_Builder\gui\main_window_tk.py", line 407, in _show_language_dialog
    self.refresh_all_texts()
    ~~~~~~~~~~~~~~~~~~~~~~^^
  File "c:\Users\mengy\Desktop\ZK_LogicBom_Builder\gui\main_window_tk.py", line 517, in refresh_all_texts
    self.config_panel.refresh_texts()
    ~~~~~~~~~~~~~~~~~~~~~~~~~~~~~~~^^
  File "c:\Users\mengy\Desktop\ZK_LogicBom_Builder\gui\config_panel.py", line 353, in refresh_texts
    self.tree.heading("rule_id", text=language_manager.get_text("rule_id"))
    ~~~~~~~~~~~~~~~~~^^^^^^^^^^^^^^^^^^^^^^^^^^^^^^^^^^^^^^^^^^^^^^^^^^^^^^
  File "D:\Python\Lib\tkinter\ttk.py", line 1284, in heading
    return _val_or_dict(self.tk, kw, self._w, 'heading', column)
  File "D:\Python\Lib\tkinter\ttk.py", line 288, in _val_or_dict
    res = tk.call(*(args + options))
_tkinter.TclError: Invalid column index rule_id
