2025-04-23 13:08:10,507 [INFO] root - 程序启动，日志文件: C:\Users\mengy\Desktop\ZK_LogicBom_Builder\logs\log_20250423_130810.log
2025-04-23 13:08:10,758 [INFO] __main__ - 正在启动程序...
2025-04-23 13:08:10,758 [DEBUG] __main__ - Python版本: 3.13.2 (tags/v3.13.2:4f8bb39, Feb  4 2025, 15:23:48) [MSC v.1942 64 bit (AMD64)]
2025-04-23 13:08:10,758 [DEBUG] __main__ - 当前工作目录: C:\Users\mengy\Desktop\ZK_LogicBom_Builder
2025-04-23 13:08:10,758 [DEBUG] __main__ - src_dir路径: c:\Users\mengy\Desktop\ZK_LogicBom_Builder
2025-04-23 13:08:10,778 [INFO] __main__ - 正在创建语言选择对话框...
2025-04-23 13:08:12,895 [INFO] gui.language_dialog_tk - 已选择语言: zh
2025-04-23 13:08:12,920 [INFO] __main__ - 语言选择结果: zh
2025-04-23 13:08:12,920 [INFO] __main__ - 正在创建主题选择对话框...
2025-04-23 13:08:12,921 [DEBUG] gui.theme_dialog_tk - 创建主题选择对话框
2025-04-23 13:08:12,925 [DEBUG] gui.theme_dialog_tk - 主题选择对话框创建完成
2025-04-23 13:08:13,692 [DEBUG] gui.theme_dialog_tk - 用户选择了light主题
2025-04-23 13:08:13,710 [INFO] __main__ - 主题选择结果: light
2025-04-23 13:08:13,720 [INFO] __main__ - 正在配置主窗口...
2025-04-23 13:08:13,834 [INFO] __main__ - 开始创建MainWindow实例...
2025-04-23 13:08:13,834 [INFO] core.logic_builder - 已加载 6 条规则
2025-04-23 13:08:13,915 [INFO] __main__ - MainWindow实例创建完成
2025-04-23 13:08:14,199 [INFO] __main__ - 开始mainloop()...
2025-04-23 13:08:16,026 [INFO] core.config_processor - 找到工作表: ['TD', '0.模板&Vorlage', '1.Fahrgestell', '2.Fahrzeug allgemein', '3.Beschriftung&Kennzeichnung', '4. Anbauten&Fahrgestellarbeiten', '5. Fahrer_Mannschaftsraum', '6.Koffer', '7.Lichtmast', '8.Pumpenanlage', '9.Seilwinde&Generator', '10.Halterungen']
2025-04-23 13:08:16,027 [DEBUG] core.config_processor - 跳过工作表: TD
2025-04-23 13:08:16,027 [DEBUG] core.config_processor - 跳过工作表: 0.模板&Vorlage
2025-04-23 13:08:16,027 [INFO] core.config_processor - 处理工作表: 1.Fahrgestell -> 模块: 1.Fahrgestell
2025-04-23 13:08:16,045 [INFO] core.config_processor - 处理工作表: 2.Fahrzeug allgemein -> 模块: 2.Fahrzeug allgemein
2025-04-23 13:08:16,061 [INFO] core.config_processor - 处理工作表: 3.Beschriftung&Kennzeichnung -> 模块: 3.Beschriftung&Kennzeichnung
2025-04-23 13:08:16,077 [INFO] core.config_processor - 处理工作表: 4. Anbauten&Fahrgestellarbeiten -> 模块: 4.Anbauten&Fahrgestellarbeiten
2025-04-23 13:08:16,092 [INFO] core.config_processor - 处理工作表: 5. Fahrer_Mannschaftsraum -> 模块: 5.Fahrer_Mannschaftsraum
2025-04-23 13:08:16,112 [INFO] core.config_processor - 处理工作表: 6.Koffer -> 模块: 6.Koffer
2025-04-23 13:08:16,127 [INFO] core.config_processor - 处理工作表: 7.Lichtmast -> 模块: 7.Lichtmast
2025-04-23 13:08:16,142 [INFO] core.config_processor - 处理工作表: 8.Pumpenanlage -> 模块: 8.Pumpenanlage
2025-04-23 13:08:16,158 [INFO] core.config_processor - 处理工作表: 9.Seilwinde&Generator -> 模块: 9.Seilwinde&Generator
2025-04-23 13:08:16,174 [INFO] core.config_processor - 处理工作表: 10.Halterungen -> 模块: 10.Halterungen
2025-04-23 13:08:16,188 [INFO] gui.config_panel - 成功导入配置文件: C:/Users/mengy/Desktop/配置选项_Konfigurationsoptions.xlsm
2025-04-23 13:08:16,191 [INFO] gui.main_window_tk - 成功保存配置文件路径到app_config.json: C:/Users/mengy/Desktop/配置选项_Konfigurationsoptions.xlsm
2025-04-23 13:08:16,191 [INFO] gui.config_panel - 已保存配置文件路径到app_config.json: C:/Users/mengy/Desktop/配置选项_Konfigurationsoptions.xlsm
2025-04-23 13:08:17,600 [INFO] core.bom_processor - 开始导入BOM文件: C:/Users/mengy/Desktop/BOM映射表.xlsx
2025-04-23 13:08:17,611 [INFO] core.bom_processor - 找到工作表: ['MAX-gruppe', 'K码表', '配置', 'Sheet1']
2025-04-23 13:08:17,628 [INFO] core.bom_processor - BOM文件导入成功
2025-04-23 13:08:17,628 [INFO] gui.bom_panel - 成功导入BOM文件: C:/Users/mengy/Desktop/BOM映射表.xlsx
2025-04-23 13:08:17,630 [INFO] gui.main_window_tk - 成功保存BOM文件路径到app_config.json: C:/Users/mengy/Desktop/BOM映射表.xlsx
2025-04-23 13:08:17,631 [INFO] gui.bom_panel - 已保存BOM文件路径到app_config.json: C:/Users/mengy/Desktop/BOM映射表.xlsx
2025-04-23 13:08:23,597 [DEBUG] gui.config_panel - ConfigPanel: 双击选中项 ID: I0BA
2025-04-23 13:08:23,599 [DEBUG] gui.config_panel - ConfigPanel: 选中项文本: K04_02_02 600 l
2025-04-23 13:08:23,600 [DEBUG] gui.config_panel - ConfigPanel: 提取的代码: K04_02_02
2025-04-23 13:08:23,601 [INFO] gui.config_panel - ConfigPanel: 准备插入K码: K04_02_02
2025-04-23 13:08:23,602 [DEBUG] gui.config_panel - ConfigPanel: 获取根窗口成功
2025-04-23 13:08:23,603 [DEBUG] gui.config_panel - ConfigPanel: 获取MainWindow实例成功
2025-04-23 13:08:23,604 [DEBUG] gui.config_panel - ConfigPanel: 找到逻辑面板
2025-04-23 13:08:23,605 [DEBUG] gui.logic_panel - LogicPanel: 开始插入代码: K04_02_02
2025-04-23 13:08:23,606 [INFO] gui.logic_panel - LogicPanel: 输入历史 - 类型: K_code, 内容: K04_02_02, 当前表达式: K04_02_02 
2025-04-23 13:08:23,607 [INFO] gui.config_panel - ConfigPanel: 成功发送代码到逻辑面板: K04_02_02
2025-04-23 13:08:24,516 [INFO] gui.logic_panel - LogicPanel: 输入历史 - 类型: operator, 内容: AND, 当前表达式: K04_02_02  AND 
2025-04-23 13:08:26,195 [DEBUG] gui.bom_panel - BomPanel: 双击选中项 ID: I006
2025-04-23 13:08:26,196 [DEBUG] gui.bom_panel - BomPanel: 选中项文本: [2] PL-GrundKabine 10019235 - Modulkabine Standard MAN Euro 6
Modul cabin standard MAN Euro 6
(Z-Cab NG Alpas 3 RAL 3000
Z-Cab NG Alpas 3 RAL 3000)
2025-04-23 13:08:26,198 [DEBUG] gui.bom_panel - BomPanel: 提取到占位符: PL-GrundKabine, Baugruppe: 10019235
2025-04-23 13:08:26,199 [INFO] gui.bom_panel - BomPanel: 准备插入BOM码: PL-GrundKabine-10019235
2025-04-23 13:08:26,200 [DEBUG] gui.bom_panel - BomPanel: 获取根窗口成功
2025-04-23 13:08:26,201 [DEBUG] gui.bom_panel - BomPanel: 获取MainWindow实例成功
2025-04-23 13:08:26,201 [DEBUG] gui.bom_panel - BomPanel: 找到逻辑面板
2025-04-23 13:08:26,202 [DEBUG] gui.logic_panel - LogicPanel: 开始插入代码: PL-GrundKabine-10019235
2025-04-23 13:08:26,203 [DEBUG] gui.logic_panel - 验证BOM码: PL-GrundKabine-10019235
2025-04-23 13:08:26,204 [DEBUG] gui.logic_panel - 错误：在→之前插入BOM码
2025-04-23 13:08:27,229 [INFO] gui.bom_panel - BomPanel: 成功发送代码到逻辑面板: PL-GrundKabine-10019235
2025-04-23 13:08:28,725 [DEBUG] gui.config_panel - ConfigPanel: 双击选中项 ID: I0B8
2025-04-23 13:08:28,726 [DEBUG] gui.config_panel - ConfigPanel: 选中项文本: F36 Löschwasserbehälter
2025-04-23 13:08:28,726 [DEBUG] gui.config_panel - ConfigPanel: 提取的代码: F36
2025-04-23 13:08:28,727 [DEBUG] gui.config_panel - ConfigPanel: 忽略非K码: F36
2025-04-23 13:08:30,099 [DEBUG] gui.config_panel - ConfigPanel: 双击选中项 ID: I0BB
2025-04-23 13:08:30,100 [DEBUG] gui.config_panel - ConfigPanel: 选中项文本: K04_02_03 800 l
2025-04-23 13:08:30,101 [DEBUG] gui.config_panel - ConfigPanel: 提取的代码: K04_02_03
2025-04-23 13:08:30,102 [INFO] gui.config_panel - ConfigPanel: 准备插入K码: K04_02_03
2025-04-23 13:08:30,103 [DEBUG] gui.config_panel - ConfigPanel: 获取根窗口成功
2025-04-23 13:08:30,104 [DEBUG] gui.config_panel - ConfigPanel: 获取MainWindow实例成功
2025-04-23 13:08:30,105 [DEBUG] gui.config_panel - ConfigPanel: 找到逻辑面板
2025-04-23 13:08:30,106 [DEBUG] gui.logic_panel - LogicPanel: 开始插入代码: K04_02_03
2025-04-23 13:08:30,107 [INFO] gui.logic_panel - LogicPanel: 输入历史 - 类型: K_code, 内容: K04_02_03, 当前表达式: K04_02_02  AND K04_02_03 
2025-04-23 13:08:30,108 [INFO] gui.config_panel - ConfigPanel: 成功发送代码到逻辑面板: K04_02_03
2025-04-23 13:08:31,534 [DEBUG] gui.bom_panel - BomPanel: 双击选中项 ID: I007
2025-04-23 13:08:31,535 [DEBUG] gui.bom_panel - BomPanel: 选中项文本: [2] PL-GrundKabine 10019236 - Modulkabine Standard MAN Euro 6
Modul cabin standard MAN Euro 6
(Z-Cab NG Alpas 3 RAL 3020
Z-Cab NG Alpas 3 RAL 3020)
2025-04-23 13:08:31,536 [DEBUG] gui.bom_panel - BomPanel: 提取到占位符: PL-GrundKabine, Baugruppe: 10019236
2025-04-23 13:08:31,536 [INFO] gui.bom_panel - BomPanel: 准备插入BOM码: PL-GrundKabine-10019236
2025-04-23 13:08:31,537 [DEBUG] gui.bom_panel - BomPanel: 获取根窗口成功
2025-04-23 13:08:31,537 [DEBUG] gui.bom_panel - BomPanel: 获取MainWindow实例成功
2025-04-23 13:08:31,537 [DEBUG] gui.bom_panel - BomPanel: 找到逻辑面板
2025-04-23 13:08:31,538 [DEBUG] gui.logic_panel - LogicPanel: 开始插入代码: PL-GrundKabine-10019236
2025-04-23 13:08:32,464 [INFO] gui.bom_panel - BomPanel: 成功发送代码到逻辑面板: PL-GrundKabine-10019236
2025-04-23 13:08:33,185 [INFO] gui.logic_panel - LogicPanel: 输入历史 - 类型: operator, 内容: →, 当前表达式: K04_02_02  AND K04_02_03  → 
2025-04-23 13:08:33,659 [DEBUG] gui.bom_panel - BomPanel: 双击选中项 ID: I006
2025-04-23 13:08:33,661 [DEBUG] gui.bom_panel - BomPanel: 选中项文本: [2] PL-GrundKabine 10019235 - Modulkabine Standard MAN Euro 6
Modul cabin standard MAN Euro 6
(Z-Cab NG Alpas 3 RAL 3000
Z-Cab NG Alpas 3 RAL 3000)
2025-04-23 13:08:33,662 [DEBUG] gui.bom_panel - BomPanel: 提取到占位符: PL-GrundKabine, Baugruppe: 10019235
2025-04-23 13:08:33,663 [INFO] gui.bom_panel - BomPanel: 准备插入BOM码: PL-GrundKabine-10019235
2025-04-23 13:08:33,663 [DEBUG] gui.bom_panel - BomPanel: 获取根窗口成功
2025-04-23 13:08:33,664 [DEBUG] gui.bom_panel - BomPanel: 获取MainWindow实例成功
2025-04-23 13:08:33,665 [DEBUG] gui.bom_panel - BomPanel: 找到逻辑面板
2025-04-23 13:08:33,666 [DEBUG] gui.logic_panel - LogicPanel: 开始插入代码: PL-GrundKabine-10019235
2025-04-23 13:08:33,667 [DEBUG] gui.logic_panel - 验证BOM码: PL-GrundKabine-10019235
2025-04-23 13:08:33,668 [INFO] gui.logic_panel - LogicPanel: 输入历史 - 类型: BOM_code, 内容: PL-GrundKabine-10019235, 当前表达式: K04_02_02  AND K04_02_03  → PL-GrundKabine-10019235 
2025-04-23 13:08:33,669 [INFO] gui.bom_panel - BomPanel: 成功发送代码到逻辑面板: PL-GrundKabine-10019235
2025-04-23 13:09:36,663 [DEBUG] gui.config_panel - ConfigPanel: 双击选中项 ID: I0B9
2025-04-23 13:09:36,664 [DEBUG] gui.config_panel - ConfigPanel: 选中项文本: K04_02_01 ohne
2025-04-23 13:09:36,665 [DEBUG] gui.config_panel - ConfigPanel: 提取的代码: K04_02_01
2025-04-23 13:09:36,666 [INFO] gui.config_panel - ConfigPanel: 准备插入K码: K04_02_01
2025-04-23 13:09:36,666 [DEBUG] gui.config_panel - ConfigPanel: 获取根窗口成功
2025-04-23 13:09:36,667 [DEBUG] gui.config_panel - ConfigPanel: 获取MainWindow实例成功
2025-04-23 13:09:36,668 [DEBUG] gui.config_panel - ConfigPanel: 找到逻辑面板
2025-04-23 13:09:36,668 [DEBUG] gui.logic_panel - LogicPanel: 开始插入代码: K04_02_01
2025-04-23 13:09:36,669 [INFO] gui.logic_panel - LogicPanel: 输入历史 - 类型: K_code, 内容: K04_02_01, 当前表达式: K04_02_01 
2025-04-23 13:09:36,670 [INFO] gui.config_panel - ConfigPanel: 成功发送代码到逻辑面板: K04_02_01
2025-04-23 13:09:37,726 [INFO] gui.logic_panel - LogicPanel: 输入历史 - 类型: operator, 内容: →, 当前表达式: K04_02_01  → 
2025-04-23 13:09:38,487 [DEBUG] gui.bom_panel - BomPanel: 双击选中项 ID: I006
2025-04-23 13:09:38,489 [DEBUG] gui.bom_panel - BomPanel: 选中项文本: [2] PL-GrundKabine 10019235 - Modulkabine Standard MAN Euro 6
Modul cabin standard MAN Euro 6
(Z-Cab NG Alpas 3 RAL 3000
Z-Cab NG Alpas 3 RAL 3000)
2025-04-23 13:09:38,490 [DEBUG] gui.bom_panel - BomPanel: 提取到占位符: PL-GrundKabine, Baugruppe: 10019235
2025-04-23 13:09:38,491 [INFO] gui.bom_panel - BomPanel: 准备插入BOM码: PL-GrundKabine-10019235
2025-04-23 13:09:38,491 [DEBUG] gui.bom_panel - BomPanel: 获取根窗口成功
2025-04-23 13:09:38,492 [DEBUG] gui.bom_panel - BomPanel: 获取MainWindow实例成功
2025-04-23 13:09:38,493 [DEBUG] gui.bom_panel - BomPanel: 找到逻辑面板
2025-04-23 13:09:38,494 [DEBUG] gui.logic_panel - LogicPanel: 开始插入代码: PL-GrundKabine-10019235
2025-04-23 13:09:38,495 [DEBUG] gui.logic_panel - 验证BOM码: PL-GrundKabine-10019235
2025-04-23 13:09:38,496 [INFO] gui.logic_panel - LogicPanel: 输入历史 - 类型: BOM_code, 内容: PL-GrundKabine-10019235, 当前表达式: K04_02_01  → PL-GrundKabine-10019235 
2025-04-23 13:09:38,497 [INFO] gui.bom_panel - BomPanel: 成功发送代码到逻辑面板: PL-GrundKabine-10019235
2025-04-23 13:16:10,982 [DEBUG] gui.bom_panel - BomPanel: 双击选中项 ID: I007
2025-04-23 13:16:10,982 [DEBUG] gui.bom_panel - BomPanel: 选中项文本: [2] PL-GrundKabine 10019236 - Modulkabine Standard MAN Euro 6
Modul cabin standard MAN Euro 6
(Z-Cab NG Alpas 3 RAL 3020
Z-Cab NG Alpas 3 RAL 3020)
2025-04-23 13:16:10,982 [DEBUG] gui.bom_panel - BomPanel: 提取到占位符: PL-GrundKabine, Baugruppe: 10019236
2025-04-23 13:16:10,983 [INFO] gui.bom_panel - BomPanel: 准备插入BOM码: PL-GrundKabine-10019236
2025-04-23 13:16:10,983 [DEBUG] gui.bom_panel - BomPanel: 获取根窗口成功
2025-04-23 13:16:10,983 [DEBUG] gui.bom_panel - BomPanel: 获取MainWindow实例成功
2025-04-23 13:16:10,983 [DEBUG] gui.bom_panel - BomPanel: 找到逻辑面板
2025-04-23 13:16:10,983 [DEBUG] gui.logic_panel - LogicPanel: 开始插入代码: PL-GrundKabine-10019236
2025-04-23 13:16:12,263 [INFO] gui.bom_panel - BomPanel: 成功发送代码到逻辑面板: PL-GrundKabine-10019236
