2025-04-29 08:37:42,759 [INFO] root - 程序启动，日志文件: C:\Users\mengy\Desktop\ZK_LogicBom_Builder\logs\log_20250429_083742.log
2025-04-29 08:37:46,477 [INFO] __main__ - 正在启动程序...
2025-04-29 08:37:46,477 [DEBUG] __main__ - Python版本: 3.13.2 (tags/v3.13.2:4f8bb39, Feb  4 2025, 15:23:48) [MSC v.1942 64 bit (AMD64)]
2025-04-29 08:37:46,477 [DEBUG] __main__ - 当前工作目录: C:\Users\mengy\Desktop\ZK_LogicBom_Builder
2025-04-29 08:37:46,477 [DEBUG] __main__ - src_dir路径: c:\Users\mengy\Desktop\ZK_LogicBom_Builder
2025-04-29 08:37:46,698 [INFO] __main__ - 正在创建语言选择对话框...
2025-04-29 08:37:48,082 [INFO] gui.language_dialog_tk - 已选择语言: zh
2025-04-29 08:37:48,114 [INFO] __main__ - 语言选择结果: zh
2025-04-29 08:37:48,114 [INFO] __main__ - 正在创建主题选择对话框...
2025-04-29 08:37:48,114 [DEBUG] gui.theme_dialog_tk - 创建主题选择对话框
2025-04-29 08:37:48,141 [DEBUG] gui.theme_dialog_tk - 主题选择对话框创建完成
2025-04-29 08:37:49,079 [DEBUG] gui.theme_dialog_tk - 用户选择了light主题
2025-04-29 08:37:49,106 [INFO] __main__ - 主题选择结果: light
2025-04-29 08:37:49,117 [INFO] __main__ - 正在配置主窗口...
2025-04-29 08:37:49,286 [INFO] __main__ - 开始创建MainWindow实例...
2025-04-29 08:37:49,286 [INFO] core.logic_builder - 已加载 2 条规则
2025-04-29 08:37:49,462 [INFO] gui.logic_panel - 规则未加载状态，等待用户确认后再加载规则
2025-04-29 08:37:49,487 [INFO] __main__ - MainWindow实例创建完成
2025-04-29 08:37:49,757 [INFO] __main__ - 开始mainloop()...
2025-04-29 08:37:53,818 [INFO] core.logic_builder - 规则数据已成功清空
2025-04-29 08:37:53,819 [INFO] gui.logic_panel - 收到规则变更事件: type=cleared, rule_id=None
2025-04-29 08:37:53,819 [INFO] gui.logic_panel - 已清空所有规则，重置规则已加载标志
2025-04-29 08:37:53,819 [INFO] gui.main_window_tk - 用户取消加载规则，设置规则已加载标志为False
2025-04-29 08:37:58,451 [INFO] gui.config_panel - 用户选择了新的配置文件: C:/Users/mengy/Desktop/Kabinemekrmal(Test).xlsx
2025-04-29 08:37:58,631 [INFO] core.config_processor - 找到工作表: ['1.Kabine']
2025-04-29 08:37:58,631 [INFO] core.config_processor - 处理工作表: 1.Kabine -> 模块: 1.Kabine
2025-04-29 08:37:58,652 [INFO] gui.config_panel - 成功导入配置文件: C:/Users/mengy/Desktop/Kabinemekrmal(Test).xlsx
2025-04-29 08:37:58,656 [INFO] gui.main_window_tk - 成功保存配置文件路径到app_config.json: C:/Users/mengy/Desktop/Kabinemekrmal(Test).xlsx
2025-04-29 08:37:58,656 [INFO] gui.config_panel - 已保存配置文件路径到app_config.json: C:/Users/mengy/Desktop/Kabinemekrmal(Test).xlsx
2025-04-29 08:38:03,560 [DEBUG] gui.config_panel - ConfigPanel: 双击选中项 ID: I002
2025-04-29 08:38:03,561 [DEBUG] gui.config_panel - ConfigPanel: 选中项文本: HBG_200_01000 Sitzplatzbelegung
2025-04-29 08:38:03,562 [DEBUG] gui.config_panel - ConfigPanel: 提取的代码: HBG_200_01000
2025-04-29 08:38:03,563 [DEBUG] gui.config_panel - ConfigPanel: 忽略非K码: HBG_200_01000
2025-04-29 08:38:08,537 [DEBUG] gui.config_panel - ConfigPanel: 双击选中项 ID: I002
2025-04-29 08:38:08,538 [DEBUG] gui.config_panel - ConfigPanel: 选中项文本: HBG_200_01000 Sitzplatzbelegung
2025-04-29 08:38:08,539 [DEBUG] gui.config_panel - ConfigPanel: 提取的代码: HBG_200_01000
2025-04-29 08:38:08,539 [DEBUG] gui.config_panel - ConfigPanel: 忽略非K码: HBG_200_01000
2025-04-29 08:38:12,145 [DEBUG] gui.config_panel - ConfigPanel: 双击选中项 ID: I010
2025-04-29 08:38:12,146 [DEBUG] gui.config_panel - ConfigPanel: 选中项文本: HBG_200_01010 Sitzplatzvariante
2025-04-29 08:38:12,147 [DEBUG] gui.config_panel - ConfigPanel: 提取的代码: HBG_200_01010
2025-04-29 08:38:12,148 [DEBUG] gui.config_panel - ConfigPanel: 忽略非K码: HBG_200_01010
2025-04-29 08:38:13,643 [DEBUG] gui.config_panel - ConfigPanel: 双击选中项 ID: I003
2025-04-29 08:38:13,644 [DEBUG] gui.config_panel - ConfigPanel: 选中项文本: K-200-000000 Fzg: 9 Plätze
2025-04-29 08:38:13,645 [DEBUG] gui.config_panel - ConfigPanel: 提取的代码: K-200-000000
2025-04-29 08:38:13,645 [INFO] gui.config_panel - ConfigPanel: 准备插入K码: K-200-000000
2025-04-29 08:38:13,646 [DEBUG] gui.config_panel - ConfigPanel: 获取根窗口成功
2025-04-29 08:38:13,647 [DEBUG] gui.config_panel - ConfigPanel: 获取MainWindow实例成功
2025-04-29 08:38:13,647 [DEBUG] gui.config_panel - ConfigPanel: 找到逻辑面板
2025-04-29 08:38:13,648 [DEBUG] gui.logic_panel - LogicPanel: 开始插入代码: K-200-000000
2025-04-29 08:38:13,649 [INFO] gui.logic_panel - LogicPanel: 输入历史 - 类型: K_code, 内容: K-200-000000, 当前表达式: K-200-000000 
2025-04-29 08:38:13,649 [INFO] gui.config_panel - ConfigPanel: 成功发送代码到逻辑面板: K-200-000000
2025-04-29 08:38:14,985 [DEBUG] gui.config_panel - ConfigPanel: 双击选中项 ID: I004
2025-04-29 08:38:14,986 [DEBUG] gui.config_panel - ConfigPanel: 选中项文本: K-200-000001 Fzg: 8 Plätze / Actiontower S2
2025-04-29 08:38:14,987 [DEBUG] gui.config_panel - ConfigPanel: 提取的代码: K-200-000001
2025-04-29 08:38:14,987 [INFO] gui.config_panel - ConfigPanel: 准备插入K码: K-200-000001
2025-04-29 08:38:14,988 [DEBUG] gui.config_panel - ConfigPanel: 获取根窗口成功
2025-04-29 08:38:14,988 [DEBUG] gui.config_panel - ConfigPanel: 获取MainWindow实例成功
2025-04-29 08:38:14,989 [DEBUG] gui.config_panel - ConfigPanel: 找到逻辑面板
2025-04-29 08:38:14,989 [DEBUG] gui.logic_panel - LogicPanel: 开始插入代码: K-200-000001
2025-04-29 08:38:16,054 [INFO] gui.config_panel - ConfigPanel: 成功发送代码到逻辑面板: K-200-000001
2025-04-29 08:38:16,765 [INFO] gui.logic_panel - LogicPanel: 输入历史 - 类型: operator, 内容: AND, 当前表达式: K-200-000000  AND 
2025-04-29 08:38:17,268 [DEBUG] gui.config_panel - ConfigPanel: 双击选中项 ID: I005
2025-04-29 08:38:17,269 [DEBUG] gui.config_panel - ConfigPanel: 选中项文本: K-200-000329 Fzg: 8 Plätze / 1+3+4+5+6+7
2025-04-29 08:38:17,269 [DEBUG] gui.config_panel - ConfigPanel: 提取的代码: K-200-000329
2025-04-29 08:38:17,270 [INFO] gui.config_panel - ConfigPanel: 准备插入K码: K-200-000329
2025-04-29 08:38:17,270 [DEBUG] gui.config_panel - ConfigPanel: 获取根窗口成功
2025-04-29 08:38:17,270 [DEBUG] gui.config_panel - ConfigPanel: 获取MainWindow实例成功
2025-04-29 08:38:17,271 [DEBUG] gui.config_panel - ConfigPanel: 找到逻辑面板
2025-04-29 08:38:17,271 [DEBUG] gui.logic_panel - LogicPanel: 开始插入代码: K-200-000329
2025-04-29 08:38:17,272 [INFO] gui.logic_panel - LogicPanel: 输入历史 - 类型: K_code, 内容: K-200-000329, 当前表达式: K-200-000000  AND K-200-000329 
2025-04-29 08:38:17,272 [INFO] gui.config_panel - ConfigPanel: 成功发送代码到逻辑面板: K-200-000329
2025-04-29 08:38:26,278 [INFO] gui.bom_panel - 用户选择了新的BOM文件: C:/Users/mengy/Desktop/Bom.xlsx
2025-04-29 08:38:26,279 [INFO] core.bom_processor - 开始导入BOM文件: C:/Users/mengy/Desktop/Bom.xlsx
2025-04-29 08:38:26,279 [INFO] core.bom_processor - 已清空现有数据
2025-04-29 08:38:26,279 [INFO] core.bom_processor - 正在读取Excel文件...
2025-04-29 08:38:26,283 [INFO] core.bom_processor - 成功打开Excel文件，包含以下工作表: ['Max-Gruppe']
2025-04-29 08:38:26,283 [INFO] core.bom_processor - 正在读取 Max-Gruppe 工作表...
2025-04-29 08:38:26,292 [INFO] core.bom_processor - 成功读取工作表，共 154 行数据
2025-04-29 08:38:26,293 [INFO] core.bom_processor - 所有必需列均存在，开始处理数据...
2025-04-29 08:38:26,294 [INFO] core.bom_processor - 过滤空层级后剩余 153 行数据
2025-04-29 08:38:26,295 [INFO] core.bom_processor - 
开始处理数据...
2025-04-29 08:38:26,299 [INFO] core.bom_processor - 
数据处理完成，成功处理 {processed_count} 行数据
2025-04-29 08:38:26,299 [INFO] core.bom_processor - 第 1 级节点数量: 1
2025-04-29 08:38:26,299 [INFO] core.bom_processor - 第 2 级节点数量: 133
2025-04-29 08:38:26,300 [INFO] core.bom_processor - 第 3 级节点数量: 19
2025-04-29 08:38:26,300 [INFO] core.bom_processor - BOM文件导入成功，共处理 153 个项目
2025-04-29 08:38:26,300 [INFO] gui.bom_panel - 成功导入BOM文件: C:/Users/mengy/Desktop/Bom.xlsx
2025-04-29 08:38:26,300 [INFO] gui.bom_panel - 开始刷新树状图
2025-04-29 08:38:26,301 [INFO] gui.bom_panel - 树状图刷新完成
2025-04-29 08:38:26,302 [INFO] gui.main_window_tk - 成功保存BOM文件路径到app_config.json: C:/Users/mengy/Desktop/Bom.xlsx
2025-04-29 08:38:26,302 [INFO] gui.bom_panel - 已保存BOM文件路径到app_config.json: C:/Users/mengy/Desktop/Bom.xlsx
2025-04-29 08:38:29,853 [DEBUG] gui.bom_panel - BomPanel: 双击选中项 ID: I003
2025-04-29 08:38:29,854 [DEBUG] gui.bom_panel - BomPanel: 选中项文本: 10019231 - Modulkabine Standard MAN Euro 6 18T
Modul cabin standard MAN Euro 6 18T
Z-Cab NG Alpas 3 RAL 3000
Z-Cab NG Alpas 3 RAL 3000
2025-04-29 08:38:29,854 [DEBUG] gui.bom_panel - BomPanel: 提取到Baugruppe: 10019231
2025-04-29 08:38:29,854 [DEBUG] gui.bom_panel - BomPanel: 提取到占位符: PL-GrundKabine
2025-04-29 08:38:29,854 [DEBUG] gui.bom_panel - BomPanel: 构建的BOM码: PL-GrundKabine-10019231
2025-04-29 08:38:29,855 [DEBUG] gui.bom_panel - BomPanel: 获取根窗口成功
2025-04-29 08:38:29,855 [DEBUG] gui.bom_panel - BomPanel: 获取MainWindow实例成功
2025-04-29 08:38:29,855 [DEBUG] gui.bom_panel - BomPanel: 找到逻辑面板
2025-04-29 08:38:29,855 [DEBUG] gui.logic_panel - LogicPanel: 开始插入代码: PL-GrundKabine-10019231
2025-04-29 08:38:30,753 [INFO] gui.bom_panel - BomPanel: 成功发送代码到逻辑面板: PL-GrundKabine-10019231
2025-04-29 08:38:30,753 [INFO] gui.bom_panel - BomPanel: 成功插入BOM码: PL-GrundKabine-10019231
2025-04-29 08:38:31,560 [INFO] gui.logic_panel - LogicPanel: 输入历史 - 类型: operator, 内容: →, 当前表达式: K-200-000000  AND K-200-000329  → 
2025-04-29 08:38:32,106 [DEBUG] gui.bom_panel - BomPanel: 双击选中项 ID: I003
2025-04-29 08:38:32,106 [DEBUG] gui.bom_panel - BomPanel: 选中项文本: 10019231 - Modulkabine Standard MAN Euro 6 18T
Modul cabin standard MAN Euro 6 18T
Z-Cab NG Alpas 3 RAL 3000
Z-Cab NG Alpas 3 RAL 3000
2025-04-29 08:38:32,107 [DEBUG] gui.bom_panel - BomPanel: 提取到Baugruppe: 10019231
2025-04-29 08:38:32,108 [DEBUG] gui.bom_panel - BomPanel: 提取到占位符: PL-GrundKabine
2025-04-29 08:38:32,108 [DEBUG] gui.bom_panel - BomPanel: 构建的BOM码: PL-GrundKabine-10019231
2025-04-29 08:38:32,109 [DEBUG] gui.bom_panel - BomPanel: 获取根窗口成功
2025-04-29 08:38:32,110 [DEBUG] gui.bom_panel - BomPanel: 获取MainWindow实例成功
2025-04-29 08:38:32,110 [DEBUG] gui.bom_panel - BomPanel: 找到逻辑面板
2025-04-29 08:38:32,111 [DEBUG] gui.logic_panel - LogicPanel: 开始插入代码: PL-GrundKabine-10019231
2025-04-29 08:38:32,112 [DEBUG] gui.logic_panel - 验证BOM码: PL-GrundKabine-10019231
2025-04-29 08:38:32,112 [INFO] gui.logic_panel - LogicPanel: 输入历史 - 类型: BOM_code, 内容: PL-GrundKabine-10019231, 当前表达式: K-200-000000  AND K-200-000329  → PL-GrundKabine-10019231 
2025-04-29 08:38:32,113 [INFO] gui.bom_panel - BomPanel: 成功发送代码到逻辑面板: PL-GrundKabine-10019231
2025-04-29 08:38:32,113 [INFO] gui.bom_panel - BomPanel: 成功插入BOM码: PL-GrundKabine-10019231
2025-04-29 08:38:32,933 [INFO] core.logic_builder - 规则数据已保存到临时文件，共 1 条规则
2025-04-29 08:38:32,937 [INFO] core.logic_builder - 规则数据已保存到临时文件，共 1 条规则
2025-04-29 08:38:32,938 [INFO] core.logic_builder - 规则数据已保存到文件: C:\Users\mengy\Desktop\ZK_LogicBom_Builder\data\temp_rules_latest.json
2025-04-29 08:38:32,938 [INFO] gui.logic_panel - 已保存新的BOM逻辑关系规则: ID=BL01, 选择项=K-200-000000  AND K-200-000329, 影响项=PL-GrundKabine-10019231, 状态=enabled
2025-04-29 08:38:32,938 [INFO] gui.logic_panel - 收到规则变更事件: type=added, rule_id=BL01
2025-04-29 08:38:32,939 [INFO] gui.logic_panel - 已更新规则: BL01
2025-04-29 08:38:39,644 [ERROR] gui.logic_rule_editor - 保存规则时出错: condition_error: 未知的K码: K-200-00000
Traceback (most recent call last):
  File "c:\Users\mengy\Desktop\ZK_LogicBom_Builder\gui\logic_rule_editor.py", line 236, in _on_confirm
    raise ValueError(f"{language_manager.get_text('condition_error')}: {message}")
ValueError: condition_error: 未知的K码: K-200-00000
2025-04-29 08:39:38,225 [INFO] gui.logic_library_window - 已加载 1 条 BOM 逻辑关系规则
