2025-04-17 14:13:37,522 [INFO] root - 程序启动，日志文件: C:\Users\mengy\Desktop\ZK_LogicBom_Builder\logs\log_20250417_141337.log
2025-04-17 14:13:37,760 [INFO] __main__ - 正在启动程序...
2025-04-17 14:13:37,760 [DEBUG] __main__ - Python版本: 3.13.2 (tags/v3.13.2:4f8bb39, Feb  4 2025, 15:23:48) [MSC v.1942 64 bit (AMD64)]
2025-04-17 14:13:37,760 [DEBUG] __main__ - 当前工作目录: C:\Users\mengy\Desktop\ZK_LogicBom_Builder
2025-04-17 14:13:37,760 [DEBUG] __main__ - src_dir路径: c:\Users\mengy\Desktop\ZK_LogicBom_Builder
2025-04-17 14:13:37,781 [INFO] __main__ - 正在创建语言选择对话框...
2025-04-17 14:13:38,875 [INFO] gui.language_dialog_tk - 已选择语言: zh
2025-04-17 14:13:38,894 [INFO] __main__ - 语言选择结果: zh
2025-04-17 14:13:38,895 [INFO] __main__ - 正在创建主题选择对话框...
2025-04-17 14:13:38,895 [DEBUG] gui.theme_dialog_tk - 创建主题选择对话框
2025-04-17 14:13:38,899 [DEBUG] gui.theme_dialog_tk - 主题选择对话框创建完成
2025-04-17 14:13:39,673 [DEBUG] gui.theme_dialog_tk - 用户选择了light主题
2025-04-17 14:13:39,690 [INFO] __main__ - 主题选择结果: light
2025-04-17 14:13:39,702 [INFO] __main__ - 正在配置主窗口...
2025-04-17 14:13:39,894 [INFO] __main__ - 开始创建MainWindow实例...
2025-04-17 14:13:39,895 [INFO] core.logic_builder - 已加载 6 条规则
2025-04-17 14:13:39,958 [INFO] __main__ - MainWindow实例创建完成
2025-04-17 14:13:40,256 [INFO] __main__ - 开始mainloop()...
2025-04-17 14:13:46,697 [INFO] core.config_processor - 找到工作表: ['TD', '0.模板&Vorlage', '1.Fahrgestell', '2.Fahrzeug allgemein', '3.Beschriftung&Kennzeichnung', '4. Anbauten&Fahrgestellarbeiten', '5. Fahrer_Mannschaftsraum', '6.Koffer', '7.Lichtmast', '8.Pumpenanlage', '9.Seilwinde&Generator', '10.Halterungen']
2025-04-17 14:13:46,697 [DEBUG] core.config_processor - 跳过工作表: TD
2025-04-17 14:13:46,698 [DEBUG] core.config_processor - 跳过工作表: 0.模板&Vorlage
2025-04-17 14:13:46,698 [INFO] core.config_processor - 处理工作表: 1.Fahrgestell -> 模块: 1.Fahrgestell
2025-04-17 14:13:46,714 [INFO] core.config_processor - 处理工作表: 2.Fahrzeug allgemein -> 模块: 2.Fahrzeug allgemein
2025-04-17 14:13:46,730 [INFO] core.config_processor - 处理工作表: 3.Beschriftung&Kennzeichnung -> 模块: 3.Beschriftung&Kennzeichnung
2025-04-17 14:13:46,746 [INFO] core.config_processor - 处理工作表: 4. Anbauten&Fahrgestellarbeiten -> 模块: 4.Anbauten&Fahrgestellarbeiten
2025-04-17 14:13:46,761 [INFO] core.config_processor - 处理工作表: 5. Fahrer_Mannschaftsraum -> 模块: 5.Fahrer_Mannschaftsraum
2025-04-17 14:13:46,781 [INFO] core.config_processor - 处理工作表: 6.Koffer -> 模块: 6.Koffer
2025-04-17 14:13:46,797 [INFO] core.config_processor - 处理工作表: 7.Lichtmast -> 模块: 7.Lichtmast
2025-04-17 14:13:46,812 [INFO] core.config_processor - 处理工作表: 8.Pumpenanlage -> 模块: 8.Pumpenanlage
2025-04-17 14:13:46,828 [INFO] core.config_processor - 处理工作表: 9.Seilwinde&Generator -> 模块: 9.Seilwinde&Generator
2025-04-17 14:13:46,843 [INFO] core.config_processor - 处理工作表: 10.Halterungen -> 模块: 10.Halterungen
2025-04-17 14:13:50,650 [INFO] core.bom_processor - 开始导入BOM文件: C:/Users/mengy/Desktop/BOM映射表.xlsx
2025-04-17 14:13:50,655 [INFO] core.bom_processor - 找到工作表: ['MAX-gruppe', 'K码表', '配置', 'Sheet1']
2025-04-17 14:13:50,666 [INFO] core.bom_processor - BOM文件导入成功
2025-04-17 14:13:56,430 [DEBUG] gui.config_panel - ConfigPanel: 双击选中项 ID: I003
2025-04-17 14:13:56,430 [DEBUG] gui.config_panel - ConfigPanel: 选中项文本: K01_01_01 Iveco
2025-04-17 14:13:56,430 [DEBUG] gui.config_panel - ConfigPanel: 提取的代码: K01_01_01
2025-04-17 14:13:56,430 [INFO] gui.config_panel - ConfigPanel: 准备插入K码: K01_01_01
2025-04-17 14:13:56,431 [DEBUG] gui.config_panel - ConfigPanel: 获取主窗口成功
2025-04-17 14:13:56,431 [WARNING] gui.config_panel - ConfigPanel: 未找到逻辑面板
2025-04-17 14:13:56,871 [DEBUG] gui.config_panel - ConfigPanel: 双击选中项 ID: I003
2025-04-17 14:13:56,872 [DEBUG] gui.config_panel - ConfigPanel: 选中项文本: K01_01_01 Iveco
2025-04-17 14:13:56,873 [DEBUG] gui.config_panel - ConfigPanel: 提取的代码: K01_01_01
2025-04-17 14:13:56,873 [INFO] gui.config_panel - ConfigPanel: 准备插入K码: K01_01_01
2025-04-17 14:13:56,874 [DEBUG] gui.config_panel - ConfigPanel: 获取主窗口成功
2025-04-17 14:13:56,874 [WARNING] gui.config_panel - ConfigPanel: 未找到逻辑面板
2025-04-17 14:13:57,034 [DEBUG] gui.config_panel - ConfigPanel: 双击选中项 ID: I003
2025-04-17 14:13:57,034 [DEBUG] gui.config_panel - ConfigPanel: 选中项文本: K01_01_01 Iveco
2025-04-17 14:13:57,035 [DEBUG] gui.config_panel - ConfigPanel: 提取的代码: K01_01_01
2025-04-17 14:13:57,035 [INFO] gui.config_panel - ConfigPanel: 准备插入K码: K01_01_01
2025-04-17 14:13:57,036 [DEBUG] gui.config_panel - ConfigPanel: 获取主窗口成功
2025-04-17 14:13:57,036 [WARNING] gui.config_panel - ConfigPanel: 未找到逻辑面板
2025-04-17 14:14:07,165 [DEBUG] gui.bom_panel - BomPanel: 双击选中项 ID: I002
2025-04-17 14:14:07,165 [DEBUG] gui.bom_panel - BomPanel: 选中项文本: [2] 10019231 - Modulkabine Standard MAN Euro 6 18T
Modul cabin standard MAN Euro 6 18T
Z-Cab NG Alpas 3 RAL 3000
Z-Cab NG Alpas 3 RAL 3000
2025-04-17 14:14:07,166 [INFO] gui.bom_panel - BomPanel: 提取到Baugruppe码: 10019231
2025-04-17 14:14:07,166 [DEBUG] gui.bom_panel - BomPanel: 获取主窗口成功
2025-04-17 14:14:07,166 [WARNING] gui.bom_panel - BomPanel: 未找到逻辑面板
