2025-04-23 12:32:22,964 [INFO] root - 程序启动，日志文件: C:\Users\mengy\Desktop\ZK_LogicBom_Builder\logs\log_20250423_123222.log
2025-04-23 12:32:23,204 [INFO] __main__ - 正在启动程序...
2025-04-23 12:32:23,205 [DEBUG] __main__ - Python版本: 3.13.2 (tags/v3.13.2:4f8bb39, Feb  4 2025, 15:23:48) [MSC v.1942 64 bit (AMD64)]
2025-04-23 12:32:23,205 [DEBUG] __main__ - 当前工作目录: C:\Users\mengy\Desktop\ZK_LogicBom_Builder
2025-04-23 12:32:23,205 [DEBUG] __main__ - src_dir路径: c:\Users\mengy\Desktop\ZK_LogicBom_Builder
2025-04-23 12:32:23,233 [INFO] __main__ - 正在创建语言选择对话框...
2025-04-23 12:32:24,208 [INFO] gui.language_dialog_tk - 已选择语言: zh
2025-04-23 12:32:24,234 [INFO] __main__ - 语言选择结果: zh
2025-04-23 12:32:24,235 [INFO] __main__ - 正在创建主题选择对话框...
2025-04-23 12:32:24,235 [DEBUG] gui.theme_dialog_tk - 创建主题选择对话框
2025-04-23 12:32:24,238 [DEBUG] gui.theme_dialog_tk - 主题选择对话框创建完成
2025-04-23 12:32:24,777 [DEBUG] gui.theme_dialog_tk - 用户选择了light主题
2025-04-23 12:32:24,788 [INFO] __main__ - 主题选择结果: light
2025-04-23 12:32:24,800 [INFO] __main__ - 正在配置主窗口...
2025-04-23 12:32:24,924 [INFO] __main__ - 开始创建MainWindow实例...
2025-04-23 12:32:24,925 [INFO] core.logic_builder - 已加载 6 条规则
2025-04-23 12:32:24,977 [INFO] __main__ - MainWindow实例创建完成
2025-04-23 12:32:25,270 [INFO] __main__ - 开始mainloop()...
2025-04-23 12:32:26,884 [INFO] core.config_processor - 找到工作表: ['TD', '0.模板&Vorlage', '1.Fahrgestell', '2.Fahrzeug allgemein', '3.Beschriftung&Kennzeichnung', '4. Anbauten&Fahrgestellarbeiten', '5. Fahrer_Mannschaftsraum', '6.Koffer', '7.Lichtmast', '8.Pumpenanlage', '9.Seilwinde&Generator', '10.Halterungen']
2025-04-23 12:32:26,885 [DEBUG] core.config_processor - 跳过工作表: TD
2025-04-23 12:32:26,885 [DEBUG] core.config_processor - 跳过工作表: 0.模板&Vorlage
2025-04-23 12:32:26,885 [INFO] core.config_processor - 处理工作表: 1.Fahrgestell -> 模块: 1.Fahrgestell
2025-04-23 12:32:26,901 [INFO] core.config_processor - 处理工作表: 2.Fahrzeug allgemein -> 模块: 2.Fahrzeug allgemein
2025-04-23 12:32:26,917 [INFO] core.config_processor - 处理工作表: 3.Beschriftung&Kennzeichnung -> 模块: 3.Beschriftung&Kennzeichnung
2025-04-23 12:32:26,933 [INFO] core.config_processor - 处理工作表: 4. Anbauten&Fahrgestellarbeiten -> 模块: 4.Anbauten&Fahrgestellarbeiten
2025-04-23 12:32:26,948 [INFO] core.config_processor - 处理工作表: 5. Fahrer_Mannschaftsraum -> 模块: 5.Fahrer_Mannschaftsraum
2025-04-23 12:32:26,969 [INFO] core.config_processor - 处理工作表: 6.Koffer -> 模块: 6.Koffer
2025-04-23 12:32:26,984 [INFO] core.config_processor - 处理工作表: 7.Lichtmast -> 模块: 7.Lichtmast
2025-04-23 12:32:27,000 [INFO] core.config_processor - 处理工作表: 8.Pumpenanlage -> 模块: 8.Pumpenanlage
2025-04-23 12:32:27,015 [INFO] core.config_processor - 处理工作表: 9.Seilwinde&Generator -> 模块: 9.Seilwinde&Generator
2025-04-23 12:32:27,030 [INFO] core.config_processor - 处理工作表: 10.Halterungen -> 模块: 10.Halterungen
2025-04-23 12:32:27,044 [INFO] gui.config_panel - 成功导入配置文件: C:/Users/mengy/Desktop/配置选项_Konfigurationsoptions.xlsm
2025-04-23 12:32:27,048 [INFO] gui.main_window_tk - 成功保存配置文件路径到app_config.json: C:/Users/mengy/Desktop/配置选项_Konfigurationsoptions.xlsm
2025-04-23 12:32:27,048 [INFO] gui.config_panel - 已保存配置文件路径到app_config.json: C:/Users/mengy/Desktop/配置选项_Konfigurationsoptions.xlsm
2025-04-23 12:32:28,239 [INFO] core.bom_processor - 开始导入BOM文件: C:/Users/mengy/Desktop/BOM映射表.xlsx
2025-04-23 12:32:28,248 [INFO] core.bom_processor - 找到工作表: ['MAX-gruppe', 'K码表', '配置', 'Sheet1']
2025-04-23 12:32:28,263 [INFO] core.bom_processor - BOM文件导入成功
2025-04-23 12:32:28,263 [INFO] gui.bom_panel - 成功导入BOM文件: C:/Users/mengy/Desktop/BOM映射表.xlsx
2025-04-23 12:32:28,266 [INFO] gui.main_window_tk - 成功保存BOM文件路径到app_config.json: C:/Users/mengy/Desktop/BOM映射表.xlsx
2025-04-23 12:32:28,266 [INFO] gui.bom_panel - 已保存BOM文件路径到app_config.json: C:/Users/mengy/Desktop/BOM映射表.xlsx
2025-04-23 12:32:30,956 [DEBUG] gui.config_panel - ConfigPanel: 双击选中项 ID: I0E1
2025-04-23 12:32:30,957 [DEBUG] gui.config_panel - ConfigPanel: 选中项文本: K05_03_01 original Fahrgestell
2025-04-23 12:32:30,958 [DEBUG] gui.config_panel - ConfigPanel: 提取的代码: K05_03_01
2025-04-23 12:32:30,958 [INFO] gui.config_panel - ConfigPanel: 准备插入K码: K05_03_01
2025-04-23 12:32:30,959 [DEBUG] gui.config_panel - ConfigPanel: 获取根窗口成功
2025-04-23 12:32:30,960 [DEBUG] gui.config_panel - ConfigPanel: 获取MainWindow实例成功
2025-04-23 12:32:30,960 [DEBUG] gui.config_panel - ConfigPanel: 找到逻辑面板
2025-04-23 12:32:30,961 [DEBUG] gui.logic_panel - LogicPanel: 开始插入代码: K05_03_01
2025-04-23 12:32:30,962 [INFO] gui.logic_panel - LogicPanel: 输入历史 - 类型: K_code, 内容: K05_03_01, 当前表达式: K05_03_01 
2025-04-23 12:32:30,962 [INFO] gui.config_panel - ConfigPanel: 成功发送代码到逻辑面板: K05_03_01
2025-04-23 12:32:32,299 [INFO] gui.logic_panel - LogicPanel: 输入历史 - 类型: operator, 内容: →, 当前表达式: K05_03_01  → 
2025-04-23 12:32:34,228 [DEBUG] gui.bom_panel - BomPanel: 双击选中项 ID: I008
2025-04-23 12:32:34,229 [DEBUG] gui.bom_panel - BomPanel: 选中项文本: [2] PL-GrundKabine 10019237 - Modulkabine Standard MAN Euro 6
Modul cabin standard MAN Euro 6
(Z-Cab NG Alpas 3 RAL 9010
Z-Cab NG Alpas 3 RAL 9010)
2025-04-23 12:32:34,229 [DEBUG] gui.bom_panel - BomPanel: 提取到占位符: PL-GrundKabine, Baugruppe: 10019237
2025-04-23 12:32:34,230 [INFO] gui.bom_panel - BomPanel: 准备插入BOM码: PL-GrundKabine-10019237
2025-04-23 12:32:34,230 [DEBUG] gui.bom_panel - BomPanel: 获取根窗口成功
2025-04-23 12:32:34,230 [DEBUG] gui.bom_panel - BomPanel: 获取MainWindow实例成功
2025-04-23 12:32:34,230 [DEBUG] gui.bom_panel - BomPanel: 找到逻辑面板
2025-04-23 12:32:34,231 [DEBUG] gui.logic_panel - LogicPanel: 开始插入代码: PL-GrundKabine-10019237
2025-04-23 12:32:34,231 [DEBUG] gui.logic_panel - 验证BOM码: PL-GrundKabine-10019237
2025-04-23 12:32:34,232 [INFO] gui.logic_panel - LogicPanel: 输入历史 - 类型: BOM_code, 内容: PL-GrundKabine-10019237, 当前表达式: K05_03_01  → PL-GrundKabine-10019237 
2025-04-23 12:32:34,232 [INFO] gui.bom_panel - BomPanel: 成功发送代码到逻辑面板: PL-GrundKabine-10019237
2025-04-23 12:32:40,581 [INFO] gui.language_dialog_tk - 已选择语言: de
2025-04-23 12:32:45,959 [INFO] gui.language_dialog_tk - 已选择语言: zh
2025-04-23 12:40:08,827 [INFO] gui.language_dialog_tk - 已选择语言: de
2025-04-23 12:40:27,995 [DEBUG] gui.bom_panel - BomPanel: 双击选中项 ID: I007
2025-04-23 12:40:27,996 [DEBUG] gui.bom_panel - BomPanel: 选中项文本: [2] PL-GrundKabine 10019236 - Modulkabine Standard MAN Euro 6
Modul cabin standard MAN Euro 6
(Z-Cab NG Alpas 3 RAL 3020
Z-Cab NG Alpas 3 RAL 3020)
2025-04-23 12:40:27,997 [DEBUG] gui.bom_panel - BomPanel: 提取到占位符: PL-GrundKabine, Baugruppe: 10019236
2025-04-23 12:40:27,998 [INFO] gui.bom_panel - BomPanel: 准备插入BOM码: PL-GrundKabine-10019236
2025-04-23 12:40:27,999 [DEBUG] gui.bom_panel - BomPanel: 获取根窗口成功
2025-04-23 12:40:27,999 [DEBUG] gui.bom_panel - BomPanel: 获取MainWindow实例成功
2025-04-23 12:40:28,000 [DEBUG] gui.bom_panel - BomPanel: 找到逻辑面板
2025-04-23 12:40:28,001 [DEBUG] gui.logic_panel - LogicPanel: 开始插入代码: PL-GrundKabine-10019236
2025-04-23 12:40:29,669 [INFO] gui.bom_panel - BomPanel: 成功发送代码到逻辑面板: PL-GrundKabine-10019236
2025-04-23 12:40:32,021 [INFO] gui.language_dialog_tk - 已选择语言: zh
