2025-04-28 11:14:38,787 [INFO] root - 程序启动，日志文件: C:\Users\mengy\Desktop\ZK_LogicBom_Builder\logs\log_20250428_111438.log
2025-04-28 11:14:39,035 [INFO] __main__ - 正在启动程序...
2025-04-28 11:14:39,035 [DEBUG] __main__ - Python版本: 3.13.2 (tags/v3.13.2:4f8bb39, Feb  4 2025, 15:23:48) [MSC v.1942 64 bit (AMD64)]
2025-04-28 11:14:39,035 [DEBUG] __main__ - 当前工作目录: C:\Users\mengy\Desktop\ZK_LogicBom_Builder
2025-04-28 11:14:39,036 [DEBUG] __main__ - src_dir路径: c:\Users\mengy\Desktop\ZK_LogicBom_Builder
2025-04-28 11:14:39,057 [INFO] __main__ - 正在创建语言选择对话框...
2025-04-28 11:14:40,706 [INFO] gui.language_dialog_tk - 已选择语言: zh
2025-04-28 11:14:40,724 [INFO] __main__ - 语言选择结果: zh
2025-04-28 11:14:40,724 [INFO] __main__ - 正在创建主题选择对话框...
2025-04-28 11:14:40,724 [DEBUG] gui.theme_dialog_tk - 创建主题选择对话框
2025-04-28 11:14:40,734 [DEBUG] gui.theme_dialog_tk - 主题选择对话框创建完成
2025-04-28 11:14:41,414 [DEBUG] gui.theme_dialog_tk - 用户选择了light主题
2025-04-28 11:14:41,435 [INFO] __main__ - 主题选择结果: light
2025-04-28 11:14:41,439 [INFO] __main__ - 正在配置主窗口...
2025-04-28 11:14:41,577 [INFO] __main__ - 开始创建MainWindow实例...
2025-04-28 11:14:41,578 [INFO] core.logic_builder - 已加载 4 条规则
2025-04-28 11:14:41,630 [INFO] __main__ - MainWindow实例创建完成
2025-04-28 11:14:41,935 [INFO] __main__ - 开始mainloop()...
2025-04-28 11:14:43,465 [INFO] core.config_processor - 找到工作表: ['TD', '0.模板&Vorlage', '1.Fahrgestell', '2.Fahrzeug allgemein', '3.Beschriftung&Kennzeichnung', '4. Anbauten&Fahrgestellarbeiten', '5. Fahrer_Mannschaftsraum', '6.Koffer', '7.Lichtmast', '8.Pumpenanlage', '9.Seilwinde&Generator', '10.Halterungen']
2025-04-28 11:14:43,465 [DEBUG] core.config_processor - 跳过工作表: TD
2025-04-28 11:14:43,465 [DEBUG] core.config_processor - 跳过工作表: 0.模板&Vorlage
2025-04-28 11:14:43,466 [INFO] core.config_processor - 处理工作表: 1.Fahrgestell -> 模块: 1.Fahrgestell
2025-04-28 11:14:43,483 [INFO] core.config_processor - 处理工作表: 2.Fahrzeug allgemein -> 模块: 2.Fahrzeug allgemein
2025-04-28 11:14:43,499 [INFO] core.config_processor - 处理工作表: 3.Beschriftung&Kennzeichnung -> 模块: 3.Beschriftung&Kennzeichnung
2025-04-28 11:14:43,515 [INFO] core.config_processor - 处理工作表: 4. Anbauten&Fahrgestellarbeiten -> 模块: 4.Anbauten&Fahrgestellarbeiten
2025-04-28 11:14:43,531 [INFO] core.config_processor - 处理工作表: 5. Fahrer_Mannschaftsraum -> 模块: 5.Fahrer_Mannschaftsraum
2025-04-28 11:14:43,552 [INFO] core.config_processor - 处理工作表: 6.Koffer -> 模块: 6.Koffer
2025-04-28 11:14:43,568 [INFO] core.config_processor - 处理工作表: 7.Lichtmast -> 模块: 7.Lichtmast
2025-04-28 11:14:43,583 [INFO] core.config_processor - 处理工作表: 8.Pumpenanlage -> 模块: 8.Pumpenanlage
2025-04-28 11:14:43,598 [INFO] core.config_processor - 处理工作表: 9.Seilwinde&Generator -> 模块: 9.Seilwinde&Generator
2025-04-28 11:14:43,614 [INFO] core.config_processor - 处理工作表: 10.Halterungen -> 模块: 10.Halterungen
2025-04-28 11:14:43,630 [INFO] gui.config_panel - 成功导入配置文件: C:/Users/mengy/Desktop/配置选项_Konfigurationsoptions.xlsm
2025-04-28 11:14:43,633 [INFO] gui.main_window_tk - 成功保存配置文件路径到app_config.json: C:/Users/mengy/Desktop/配置选项_Konfigurationsoptions.xlsm
2025-04-28 11:14:43,634 [INFO] gui.config_panel - 已保存配置文件路径到app_config.json: C:/Users/mengy/Desktop/配置选项_Konfigurationsoptions.xlsm
2025-04-28 11:14:44,803 [INFO] core.bom_processor - 开始导入BOM文件: C:/Users/mengy/Desktop/Bom.xlsx
2025-04-28 11:14:44,803 [INFO] core.bom_processor - 已清空现有数据
2025-04-28 11:14:44,804 [INFO] core.bom_processor - 正在读取Excel文件...
2025-04-28 11:14:44,807 [INFO] core.bom_processor - 成功打开Excel文件，包含以下工作表: ['Max-Gruppe']
2025-04-28 11:14:44,808 [INFO] core.bom_processor - 正在读取 Max-Gruppe 工作表...
2025-04-28 11:14:44,817 [INFO] core.bom_processor - 成功读取工作表，共 154 行数据
2025-04-28 11:14:44,818 [INFO] core.bom_processor - 所有必需列均存在，开始处理数据...
2025-04-28 11:14:44,819 [INFO] core.bom_processor - 过滤空层级后剩余 153 行数据
2025-04-28 11:14:44,820 [INFO] core.bom_processor - 
开始处理数据...
2025-04-28 11:14:44,823 [INFO] core.bom_processor - 
数据处理完成，成功处理 {processed_count} 行数据
2025-04-28 11:14:44,823 [INFO] core.bom_processor - 第 1 级节点数量: 1
2025-04-28 11:14:44,824 [INFO] core.bom_processor - 第 2 级节点数量: 133
2025-04-28 11:14:44,824 [INFO] core.bom_processor - 第 3 级节点数量: 19
2025-04-28 11:14:44,824 [INFO] core.bom_processor - BOM文件导入成功，共处理 153 个项目
2025-04-28 11:14:44,824 [INFO] gui.bom_panel - 成功导入BOM文件: C:/Users/mengy/Desktop/Bom.xlsx
2025-04-28 11:14:44,825 [INFO] gui.bom_panel - 开始刷新树状图
2025-04-28 11:14:44,826 [INFO] gui.bom_panel - 树状图刷新完成
2025-04-28 11:14:44,826 [INFO] gui.main_window_tk - 成功保存BOM文件路径到app_config.json: C:/Users/mengy/Desktop/Bom.xlsx
2025-04-28 11:14:44,827 [INFO] gui.bom_panel - 已保存BOM文件路径到app_config.json: C:/Users/mengy/Desktop/Bom.xlsx
2025-04-28 11:14:46,677 [INFO] core.logic_builder - 规则数据已成功清空
2025-04-28 11:14:50,819 [INFO] gui.logic_library_window - 已加载 0 条 BOM 逻辑关系规则
2025-04-28 11:14:56,309 [INFO] core.logic_builder - 开始导入规则文件: C:/Users/mengy/Desktop/2222.json
2025-04-28 11:14:56,310 [INFO] core.logic_builder - 已清空现有规则
2025-04-28 11:14:56,311 [DEBUG] core.logic_builder - 成功导入规则: ID=BL01
2025-04-28 11:14:56,311 [DEBUG] core.logic_builder - 成功导入规则: ID=BL02
2025-04-28 11:14:56,323 [INFO] core.logic_builder - 规则数据已保存到临时文件，共 2 条规则
2025-04-28 11:14:56,324 [INFO] core.logic_builder - 规则导入完成，成功导入 2 条规则
2025-04-28 11:15:00,131 [INFO] gui.logic_library_window - 已加载 2 条 BOM 逻辑关系规则
2025-04-28 11:15:23,327 [DEBUG] gui.bom_panel - BomPanel: 双击选中项 ID: I003
2025-04-28 11:15:23,327 [DEBUG] gui.bom_panel - BomPanel: 选中项文本: 10019231 - Modulkabine Standard MAN Euro 6 18T
Modul cabin standard MAN Euro 6 18T
Z-Cab NG Alpas 3 RAL 3000
Z-Cab NG Alpas 3 RAL 3000
2025-04-28 11:15:23,328 [DEBUG] gui.bom_panel - BomPanel: 提取到Baugruppe: 10019231
2025-04-28 11:15:23,328 [DEBUG] gui.bom_panel - BomPanel: 提取到占位符: PL-GrundKabine
2025-04-28 11:15:23,328 [DEBUG] gui.bom_panel - BomPanel: 构建的BOM码: PL-GrundKabine-10019231
2025-04-28 11:15:23,329 [DEBUG] gui.bom_panel - BomPanel: 获取根窗口成功
2025-04-28 11:15:23,329 [DEBUG] gui.bom_panel - BomPanel: 获取MainWindow实例成功
2025-04-28 11:15:23,330 [DEBUG] gui.bom_panel - BomPanel: 找到逻辑面板
2025-04-28 11:15:23,330 [DEBUG] gui.logic_panel - LogicPanel: 开始插入代码: PL-GrundKabine-10019231
2025-04-28 11:15:24,381 [INFO] gui.bom_panel - BomPanel: 成功发送代码到逻辑面板: PL-GrundKabine-10019231
2025-04-28 11:15:24,382 [INFO] gui.bom_panel - BomPanel: 成功插入BOM码: PL-GrundKabine-10019231
2025-04-28 11:15:27,710 [INFO] gui.logic_library_window - 已加载 2 条 BOM 逻辑关系规则
2025-04-28 11:15:32,485 [INFO] gui.logic_library_window - 已加载 2 条 BOM 逻辑关系规则
