2025-04-28 10:31:25,125 [INFO] root - 程序启动，日志文件: C:\Users\mengy\Desktop\ZK_LogicBom_Builder\logs\log_20250428_103125.log
2025-04-28 10:31:25,358 [INFO] __main__ - 正在启动程序...
2025-04-28 10:31:25,359 [DEBUG] __main__ - Python版本: 3.13.2 (tags/v3.13.2:4f8bb39, Feb  4 2025, 15:23:48) [MSC v.1942 64 bit (AMD64)]
2025-04-28 10:31:25,359 [DEBUG] __main__ - 当前工作目录: C:\Users\mengy\Desktop\ZK_LogicBom_Builder
2025-04-28 10:31:25,359 [DEBUG] __main__ - src_dir路径: c:\Users\mengy\Desktop\ZK_LogicBom_Builder
2025-04-28 10:31:25,379 [INFO] __main__ - 正在创建语言选择对话框...
2025-04-28 10:31:26,928 [INFO] gui.language_dialog_tk - 已选择语言: zh
2025-04-28 10:31:26,953 [INFO] __main__ - 语言选择结果: zh
2025-04-28 10:31:26,953 [INFO] __main__ - 正在创建主题选择对话框...
2025-04-28 10:31:26,954 [DEBUG] gui.theme_dialog_tk - 创建主题选择对话框
2025-04-28 10:31:26,958 [DEBUG] gui.theme_dialog_tk - 主题选择对话框创建完成
2025-04-28 10:31:27,704 [DEBUG] gui.theme_dialog_tk - 用户选择了light主题
2025-04-28 10:31:27,725 [INFO] __main__ - 主题选择结果: light
2025-04-28 10:31:27,742 [INFO] __main__ - 正在配置主窗口...
2025-04-28 10:31:27,893 [INFO] __main__ - 开始创建MainWindow实例...
2025-04-28 10:31:27,894 [INFO] core.logic_builder - 已加载 1 条规则
2025-04-28 10:31:27,951 [INFO] __main__ - MainWindow实例创建完成
2025-04-28 10:31:28,284 [INFO] __main__ - 开始mainloop()...
2025-04-28 10:31:29,851 [INFO] core.config_processor - 找到工作表: ['TD', '0.模板&Vorlage', '1.Fahrgestell', '2.Fahrzeug allgemein', '3.Beschriftung&Kennzeichnung', '4. Anbauten&Fahrgestellarbeiten', '5. Fahrer_Mannschaftsraum', '6.Koffer', '7.Lichtmast', '8.Pumpenanlage', '9.Seilwinde&Generator', '10.Halterungen']
2025-04-28 10:31:29,852 [DEBUG] core.config_processor - 跳过工作表: TD
2025-04-28 10:31:29,852 [DEBUG] core.config_processor - 跳过工作表: 0.模板&Vorlage
2025-04-28 10:31:29,852 [INFO] core.config_processor - 处理工作表: 1.Fahrgestell -> 模块: 1.Fahrgestell
2025-04-28 10:31:29,870 [INFO] core.config_processor - 处理工作表: 2.Fahrzeug allgemein -> 模块: 2.Fahrzeug allgemein
2025-04-28 10:31:29,889 [INFO] core.config_processor - 处理工作表: 3.Beschriftung&Kennzeichnung -> 模块: 3.Beschriftung&Kennzeichnung
2025-04-28 10:31:29,905 [INFO] core.config_processor - 处理工作表: 4. Anbauten&Fahrgestellarbeiten -> 模块: 4.Anbauten&Fahrgestellarbeiten
2025-04-28 10:31:29,921 [INFO] core.config_processor - 处理工作表: 5. Fahrer_Mannschaftsraum -> 模块: 5.Fahrer_Mannschaftsraum
2025-04-28 10:31:29,942 [INFO] core.config_processor - 处理工作表: 6.Koffer -> 模块: 6.Koffer
2025-04-28 10:31:29,958 [INFO] core.config_processor - 处理工作表: 7.Lichtmast -> 模块: 7.Lichtmast
2025-04-28 10:31:29,973 [INFO] core.config_processor - 处理工作表: 8.Pumpenanlage -> 模块: 8.Pumpenanlage
2025-04-28 10:31:29,988 [INFO] core.config_processor - 处理工作表: 9.Seilwinde&Generator -> 模块: 9.Seilwinde&Generator
2025-04-28 10:31:30,004 [INFO] core.config_processor - 处理工作表: 10.Halterungen -> 模块: 10.Halterungen
2025-04-28 10:31:30,021 [INFO] gui.config_panel - 成功导入配置文件: C:/Users/mengy/Desktop/配置选项_Konfigurationsoptions.xlsm
2025-04-28 10:31:30,024 [INFO] gui.main_window_tk - 成功保存配置文件路径到app_config.json: C:/Users/mengy/Desktop/配置选项_Konfigurationsoptions.xlsm
2025-04-28 10:31:30,024 [INFO] gui.config_panel - 已保存配置文件路径到app_config.json: C:/Users/mengy/Desktop/配置选项_Konfigurationsoptions.xlsm
2025-04-28 10:31:31,255 [INFO] core.bom_processor - 开始导入BOM文件: C:/Users/mengy/Desktop/Bom.xlsx
2025-04-28 10:31:31,255 [INFO] core.bom_processor - 已清空现有数据
2025-04-28 10:31:31,256 [INFO] core.bom_processor - 正在读取Excel文件...
2025-04-28 10:31:31,260 [INFO] core.bom_processor - 成功打开Excel文件，包含以下工作表: ['Max-Gruppe']
2025-04-28 10:31:31,261 [INFO] core.bom_processor - 正在读取 Max-Gruppe 工作表...
2025-04-28 10:31:31,270 [INFO] core.bom_processor - 成功读取工作表，共 154 行数据
2025-04-28 10:31:31,270 [INFO] core.bom_processor - 所有必需列均存在，开始处理数据...
2025-04-28 10:31:31,272 [INFO] core.bom_processor - 过滤空层级后剩余 153 行数据
2025-04-28 10:31:31,272 [INFO] core.bom_processor - 
开始处理数据...
2025-04-28 10:31:31,275 [INFO] core.bom_processor - 
数据处理完成，成功处理 {processed_count} 行数据
2025-04-28 10:31:31,276 [INFO] core.bom_processor - 第 1 级节点数量: 1
2025-04-28 10:31:31,276 [INFO] core.bom_processor - 第 2 级节点数量: 133
2025-04-28 10:31:31,276 [INFO] core.bom_processor - 第 3 级节点数量: 19
2025-04-28 10:31:31,277 [INFO] core.bom_processor - BOM文件导入成功，共处理 153 个项目
2025-04-28 10:31:31,277 [INFO] gui.bom_panel - 成功导入BOM文件: C:/Users/mengy/Desktop/Bom.xlsx
2025-04-28 10:31:31,277 [INFO] gui.bom_panel - 开始刷新树状图
2025-04-28 10:31:31,278 [INFO] gui.bom_panel - 树状图刷新完成
2025-04-28 10:31:31,279 [INFO] gui.main_window_tk - 成功保存BOM文件路径到app_config.json: C:/Users/mengy/Desktop/Bom.xlsx
2025-04-28 10:31:31,279 [INFO] gui.bom_panel - 已保存BOM文件路径到app_config.json: C:/Users/mengy/Desktop/Bom.xlsx
2025-04-28 10:31:33,849 [INFO] core.logic_builder - 使用规则文件: C:\Users\mengy\Desktop\ZK_LogicBom_Builder\data\temp_rules_latest.json
2025-04-28 10:31:33,850 [DEBUG] core.logic_builder - 导入规则: ID=, 类型=static
2025-04-28 10:31:33,862 [INFO] core.logic_builder - 规则数据已保存到文件: C:\Users\mengy\Desktop\ZK_LogicBom_Builder\data\temp_rules_latest.json
2025-04-28 10:31:33,862 [INFO] core.logic_builder - 已导入 1 条规则
2025-04-28 10:31:37,051 [ERROR] gui.logic_library_window - 加载规则数据失败: Item  already exists
Traceback (most recent call last):
  File "c:\Users\mengy\Desktop\ZK_LogicBom_Builder\gui\logic_library_window.py", line 355, in _load_rules
    self.tree.insert(
    ~~~~~~~~~~~~~~~~^
        "",
        ^^^
    ...<7 lines>...
        )
        ^
    )
    ^
  File "D:\Python\Lib\tkinter\ttk.py", line 1346, in insert
    res = self.tk.call(self._w, "insert", parent, index,
        "-id", iid, *opts)
_tkinter.TclError: Item  already exists
2025-04-28 10:32:31,748 [DEBUG] core.logic_builder - 导入规则: ID=BL01, 类型=static
2025-04-28 10:32:31,749 [DEBUG] core.logic_builder - 导入规则: ID=BL02, 类型=static
2025-04-28 10:32:31,761 [INFO] core.logic_builder - 规则数据已保存到文件: C:\Users\mengy\Desktop\ZK_LogicBom_Builder\data\temp_rules_latest.json
2025-04-28 10:32:31,761 [INFO] core.logic_builder - 已导入 2 条规则
2025-04-28 10:32:35,257 [INFO] gui.logic_library_window - 已加载 2 条 BOM 逻辑关系规则
2025-04-28 10:33:02,699 [INFO] gui.logic_library_window - 已加载 2 条 BOM 逻辑关系规则
2025-04-28 10:33:05,884 [INFO] gui.language_dialog_tk - 已选择语言: de
2025-04-28 10:33:05,932 [CRITICAL] __main__ - 未捕获的异常: Invalid column index rule_id
Traceback (most recent call last):
  File "D:\Python\Lib\tkinter\__init__.py", line 2068, in __call__
    return self.func(*args)
           ~~~~~~~~~^^^^^^^
  File "c:\Users\mengy\Desktop\ZK_LogicBom_Builder\gui\main_window_tk.py", line 403, in _show_language_dialog
    self.refresh_all_texts()
    ~~~~~~~~~~~~~~~~~~~~~~^^
  File "c:\Users\mengy\Desktop\ZK_LogicBom_Builder\gui\main_window_tk.py", line 513, in refresh_all_texts
    self.config_panel.refresh_texts()
    ~~~~~~~~~~~~~~~~~~~~~~~~~~~~~~~^^
  File "c:\Users\mengy\Desktop\ZK_LogicBom_Builder\gui\config_panel.py", line 353, in refresh_texts
    self.tree.heading("rule_id", text=language_manager.get_text("rule_id"))
    ~~~~~~~~~~~~~~~~~^^^^^^^^^^^^^^^^^^^^^^^^^^^^^^^^^^^^^^^^^^^^^^^^^^^^^^
  File "D:\Python\Lib\tkinter\ttk.py", line 1284, in heading
    return _val_or_dict(self.tk, kw, self._w, 'heading', column)
  File "D:\Python\Lib\tkinter\ttk.py", line 288, in _val_or_dict
    res = tk.call(*(args + options))
_tkinter.TclError: Invalid column index rule_id
2025-04-28 10:33:05,934 [CRITICAL] __main__ - 详细错误栈:
['Traceback (most recent call last):\n', '  File "D:\\Python\\Lib\\tkinter\\__init__.py", line 2068, in __call__\n    return self.func(*args)\n           ~~~~~~~~~^^^^^^^\n', '  File "c:\\Users\\mengy\\Desktop\\ZK_LogicBom_Builder\\gui\\main_window_tk.py", line 403, in _show_language_dialog\n    self.refresh_all_texts()\n    ~~~~~~~~~~~~~~~~~~~~~~^^\n', '  File "c:\\Users\\mengy\\Desktop\\ZK_LogicBom_Builder\\gui\\main_window_tk.py", line 513, in refresh_all_texts\n    self.config_panel.refresh_texts()\n    ~~~~~~~~~~~~~~~~~~~~~~~~~~~~~~~^^\n', '  File "c:\\Users\\mengy\\Desktop\\ZK_LogicBom_Builder\\gui\\config_panel.py", line 353, in refresh_texts\n    self.tree.heading("rule_id", text=language_manager.get_text("rule_id"))\n    ~~~~~~~~~~~~~~~~~^^^^^^^^^^^^^^^^^^^^^^^^^^^^^^^^^^^^^^^^^^^^^^^^^^^^^^\n', '  File "D:\\Python\\Lib\\tkinter\\ttk.py", line 1284, in heading\n    return _val_or_dict(self.tk, kw, self._w, \'heading\', column)\n', '  File "D:\\Python\\Lib\\tkinter\\ttk.py", line 288, in _val_or_dict\n    res = tk.call(*(args + options))\n', '_tkinter.TclError: Invalid column index rule_id\n']
Traceback (most recent call last):
  File "D:\Python\Lib\tkinter\__init__.py", line 2068, in __call__
    return self.func(*args)
           ~~~~~~~~~^^^^^^^
  File "c:\Users\mengy\Desktop\ZK_LogicBom_Builder\gui\main_window_tk.py", line 403, in _show_language_dialog
    self.refresh_all_texts()
    ~~~~~~~~~~~~~~~~~~~~~~^^
  File "c:\Users\mengy\Desktop\ZK_LogicBom_Builder\gui\main_window_tk.py", line 513, in refresh_all_texts
    self.config_panel.refresh_texts()
    ~~~~~~~~~~~~~~~~~~~~~~~~~~~~~~~^^
  File "c:\Users\mengy\Desktop\ZK_LogicBom_Builder\gui\config_panel.py", line 353, in refresh_texts
    self.tree.heading("rule_id", text=language_manager.get_text("rule_id"))
    ~~~~~~~~~~~~~~~~~^^^^^^^^^^^^^^^^^^^^^^^^^^^^^^^^^^^^^^^^^^^^^^^^^^^^^^
  File "D:\Python\Lib\tkinter\ttk.py", line 1284, in heading
    return _val_or_dict(self.tk, kw, self._w, 'heading', column)
  File "D:\Python\Lib\tkinter\ttk.py", line 288, in _val_or_dict
    res = tk.call(*(args + options))
_tkinter.TclError: Invalid column index rule_id
2025-04-28 10:33:08,414 [INFO] gui.logic_library_window - 已加载 2 条 BOM 逻辑关系规则
2025-04-28 10:33:12,883 [INFO] gui.language_dialog_tk - 已选择语言: zh
2025-04-28 10:33:12,921 [CRITICAL] __main__ - 未捕获的异常: Invalid column index rule_id
Traceback (most recent call last):
  File "D:\Python\Lib\tkinter\__init__.py", line 2068, in __call__
    return self.func(*args)
           ~~~~~~~~~^^^^^^^
  File "c:\Users\mengy\Desktop\ZK_LogicBom_Builder\gui\main_window_tk.py", line 403, in _show_language_dialog
    self.refresh_all_texts()
    ~~~~~~~~~~~~~~~~~~~~~~^^
  File "c:\Users\mengy\Desktop\ZK_LogicBom_Builder\gui\main_window_tk.py", line 513, in refresh_all_texts
    self.config_panel.refresh_texts()
    ~~~~~~~~~~~~~~~~~~~~~~~~~~~~~~~^^
  File "c:\Users\mengy\Desktop\ZK_LogicBom_Builder\gui\config_panel.py", line 353, in refresh_texts
    self.tree.heading("rule_id", text=language_manager.get_text("rule_id"))
    ~~~~~~~~~~~~~~~~~^^^^^^^^^^^^^^^^^^^^^^^^^^^^^^^^^^^^^^^^^^^^^^^^^^^^^^
  File "D:\Python\Lib\tkinter\ttk.py", line 1284, in heading
    return _val_or_dict(self.tk, kw, self._w, 'heading', column)
  File "D:\Python\Lib\tkinter\ttk.py", line 288, in _val_or_dict
    res = tk.call(*(args + options))
_tkinter.TclError: Invalid column index rule_id
2025-04-28 10:33:12,923 [CRITICAL] __main__ - 详细错误栈:
['Traceback (most recent call last):\n', '  File "D:\\Python\\Lib\\tkinter\\__init__.py", line 2068, in __call__\n    return self.func(*args)\n           ~~~~~~~~~^^^^^^^\n', '  File "c:\\Users\\mengy\\Desktop\\ZK_LogicBom_Builder\\gui\\main_window_tk.py", line 403, in _show_language_dialog\n    self.refresh_all_texts()\n    ~~~~~~~~~~~~~~~~~~~~~~^^\n', '  File "c:\\Users\\mengy\\Desktop\\ZK_LogicBom_Builder\\gui\\main_window_tk.py", line 513, in refresh_all_texts\n    self.config_panel.refresh_texts()\n    ~~~~~~~~~~~~~~~~~~~~~~~~~~~~~~~^^\n', '  File "c:\\Users\\mengy\\Desktop\\ZK_LogicBom_Builder\\gui\\config_panel.py", line 353, in refresh_texts\n    self.tree.heading("rule_id", text=language_manager.get_text("rule_id"))\n    ~~~~~~~~~~~~~~~~~^^^^^^^^^^^^^^^^^^^^^^^^^^^^^^^^^^^^^^^^^^^^^^^^^^^^^^\n', '  File "D:\\Python\\Lib\\tkinter\\ttk.py", line 1284, in heading\n    return _val_or_dict(self.tk, kw, self._w, \'heading\', column)\n', '  File "D:\\Python\\Lib\\tkinter\\ttk.py", line 288, in _val_or_dict\n    res = tk.call(*(args + options))\n', '_tkinter.TclError: Invalid column index rule_id\n']
Traceback (most recent call last):
  File "D:\Python\Lib\tkinter\__init__.py", line 2068, in __call__
    return self.func(*args)
           ~~~~~~~~~^^^^^^^
  File "c:\Users\mengy\Desktop\ZK_LogicBom_Builder\gui\main_window_tk.py", line 403, in _show_language_dialog
    self.refresh_all_texts()
    ~~~~~~~~~~~~~~~~~~~~~~^^
  File "c:\Users\mengy\Desktop\ZK_LogicBom_Builder\gui\main_window_tk.py", line 513, in refresh_all_texts
    self.config_panel.refresh_texts()
    ~~~~~~~~~~~~~~~~~~~~~~~~~~~~~~~^^
  File "c:\Users\mengy\Desktop\ZK_LogicBom_Builder\gui\config_panel.py", line 353, in refresh_texts
    self.tree.heading("rule_id", text=language_manager.get_text("rule_id"))
    ~~~~~~~~~~~~~~~~~^^^^^^^^^^^^^^^^^^^^^^^^^^^^^^^^^^^^^^^^^^^^^^^^^^^^^^
  File "D:\Python\Lib\tkinter\ttk.py", line 1284, in heading
    return _val_or_dict(self.tk, kw, self._w, 'heading', column)
  File "D:\Python\Lib\tkinter\ttk.py", line 288, in _val_or_dict
    res = tk.call(*(args + options))
_tkinter.TclError: Invalid column index rule_id
2025-04-28 10:35:22,937 [INFO] gui.logic_library_window - 已加载 2 条 BOM 逻辑关系规则
