2025-05-15 11:29:40,220 [INFO] root - 程序启动，日志文件: C:\Users\mengy\Desktop\ZK_LogicBom_Builder\logs\log_20250515_112940.log
2025-05-15 11:29:40,452 [INFO] __main__ - 正在启动程序...
2025-05-15 11:29:40,453 [DEBUG] __main__ - Python版本: 3.13.2 (tags/v3.13.2:4f8bb39, Feb  4 2025, 15:23:48) [MSC v.1942 64 bit (AMD64)]
2025-05-15 11:29:40,453 [DEBUG] __main__ - 当前工作目录: C:\Users\mengy\Desktop\ZK_LogicBom_Builder
2025-05-15 11:29:40,453 [DEBUG] __main__ - src_dir路径: c:\Users\mengy\Desktop\ZK_LogicBom_Builder
2025-05-15 11:29:40,475 [INFO] __main__ - 正在创建语言选择对话框...
2025-05-15 11:29:41,722 [INFO] gui.language_dialog_tk - 已选择语言: zh
2025-05-15 11:29:41,752 [INFO] __main__ - 语言选择结果: zh
2025-05-15 11:29:41,752 [INFO] __main__ - 正在创建主题选择对话框...
2025-05-15 11:29:41,752 [DEBUG] gui.theme_dialog_tk - 创建主题选择对话框
2025-05-15 11:29:41,759 [DEBUG] gui.theme_dialog_tk - 主题选择对话框创建完成
2025-05-15 11:29:42,242 [DEBUG] gui.theme_dialog_tk - 用户选择了light主题
2025-05-15 11:29:42,270 [INFO] __main__ - 主题选择结果: light
2025-05-15 11:29:42,276 [INFO] __main__ - 正在配置主窗口...
2025-05-15 11:29:42,390 [INFO] __main__ - 开始创建MainWindow实例...
2025-05-15 11:29:42,392 [INFO] core.logic_builder - 从 C:\Users\mengy\Desktop\ZK_LogicBom_Builder\data\temp_rules_latest.json 加载时检测到新版大写键名规则文件格式 (BL_rules/TL_rules)。
2025-05-15 11:29:42,392 [INFO] core.logic_builder - 已加载 0 条规则从 C:\Users\mengy\Desktop\ZK_LogicBom_Builder\data\temp_rules_latest.json
2025-05-15 11:29:42,436 [INFO] gui.logic_panel - LogicPanel: 主窗口引用无效、rules_loaded属性不存在或规则未加载，跳过加载到树。
2025-05-15 11:29:42,443 [INFO] __main__ - MainWindow实例创建完成
2025-05-15 11:29:42,659 [INFO] __main__ - 开始mainloop()...
2025-05-15 11:29:44,218 [INFO] core.config_processor - 找到工作表: ['1.Kabine']
2025-05-15 11:29:44,218 [INFO] core.config_processor - 处理工作表: 1.Kabine -> 模块: 1.Kabine
2025-05-15 11:29:44,240 [INFO] gui.config_panel - 成功导入配置文件: C:/Users/mengy/OneDrive/Kabine_Test_Dokument/Kabine_Mekrmal(Test).xlsx
2025-05-15 11:29:44,242 [INFO] gui.main_window_tk - 成功保存配置文件路径到app_config.json: C:/Users/mengy/OneDrive/Kabine_Test_Dokument/Kabine_Mekrmal(Test).xlsx
2025-05-15 11:29:44,243 [INFO] gui.config_panel - 已保存配置文件路径到app_config.json: C:/Users/mengy/OneDrive/Kabine_Test_Dokument/Kabine_Mekrmal(Test).xlsx
2025-05-15 11:29:45,518 [INFO] core.bom_processor - 开始导入BOM文件: C:/Users/mengy/OneDrive/Kabine_Test_Dokument/Kabine_Bom-MaxGruppe.xlsx
2025-05-15 11:29:45,519 [INFO] core.bom_processor - 已清空现有数据
2025-05-15 11:29:45,519 [INFO] core.bom_processor - 正在读取Excel文件...
2025-05-15 11:29:45,525 [INFO] core.bom_processor - 成功打开Excel文件，包含以下工作表: ['Max-Gruppe']
2025-05-15 11:29:45,526 [INFO] core.bom_processor - 正在读取 Max-Gruppe 工作表...
2025-05-15 11:29:45,542 [INFO] core.bom_processor - 成功读取工作表，共 244 行数据
2025-05-15 11:29:45,542 [INFO] core.bom_processor - 所有必需列均存在，开始处理数据...
2025-05-15 11:29:45,544 [INFO] core.bom_processor - 过滤空层级后剩余 244 行数据
2025-05-15 11:29:45,544 [INFO] core.bom_processor - 
开始处理数据...
2025-05-15 11:29:45,549 [INFO] core.bom_processor - 
数据处理完成，成功处理 {processed_count} 行数据
2025-05-15 11:29:45,549 [INFO] core.bom_processor - 第 1 级节点数量: 244
2025-05-15 11:29:45,549 [INFO] core.bom_processor - BOM文件导入成功，共处理 244 个项目
2025-05-15 11:29:45,550 [INFO] gui.bom_panel - 成功导入BOM文件: C:/Users/mengy/OneDrive/Kabine_Test_Dokument/Kabine_Bom-MaxGruppe.xlsx
2025-05-15 11:29:45,550 [INFO] gui.bom_panel - 开始刷新树状图
2025-05-15 11:29:45,551 [INFO] gui.bom_panel - 树状图刷新完成
2025-05-15 11:29:45,553 [INFO] gui.main_window_tk - 成功保存BOM文件路径到app_config.json: C:/Users/mengy/OneDrive/Kabine_Test_Dokument/Kabine_Bom-MaxGruppe.xlsx
2025-05-15 11:29:45,553 [INFO] gui.bom_panel - 已保存BOM文件路径到app_config.json: C:/Users/mengy/OneDrive/Kabine_Test_Dokument/Kabine_Bom-MaxGruppe.xlsx
2025-05-15 11:29:46,050 [INFO] core.logic_builder - 准备从临时文件加载规则: C:\Users\mengy\Desktop\ZK_LogicBom_Builder\data\temp_rules_latest.json
2025-05-15 11:29:46,050 [INFO] gui.logic_panel - LogicPanel _on_rule_change: 收到通知: 类型='imported', RuleID='None'
2025-05-15 11:29:46,050 [INFO] gui.logic_panel - LogicPanel _on_rule_change (imported): 收到 'imported' 通知，将重新加载所有规则到Treeview。
2025-05-15 11:29:46,051 [INFO] gui.logic_panel - LogicPanel: 主窗口引用无效、rules_loaded属性不存在或规则未加载，跳过加载到树。
2025-05-15 11:29:46,051 [DEBUG] gui.logic_panel - LogicPanel _on_rule_change: Treeview update_idletasks() 已调用，处理类型 'imported' 完成。
2025-05-15 11:29:46,051 [INFO] core.logic_builder - 从临时文件 (C:\Users\mengy\Desktop\ZK_LogicBom_Builder\data\temp_rules_latest.json) 加载 0 条规则完成。导出状态: False
2025-05-15 11:29:46,051 [INFO] gui.main_window_tk - 未检测到需要提示加载的未导出规则。MainWindow.rules_loaded 设置为 False。
2025-05-15 11:29:46,051 [INFO] gui.logic_panel - LogicPanel: 主窗口引用无效、rules_loaded属性不存在或规则未加载，跳过加载到树。
2025-05-15 11:29:48,139 [DEBUG] gui.config_panel - ConfigPanel: 双击选中项 ID: I014
2025-05-15 11:29:48,139 [DEBUG] gui.config_panel - ConfigPanel: 选中项文本: K-200-000344 ohne Wertfach
2025-05-15 11:29:48,139 [DEBUG] gui.config_panel - ConfigPanel: 提取的代码: K-200-000344
2025-05-15 11:29:48,140 [INFO] gui.config_panel - ConfigPanel: 准备插入特征值: K-200-000344
2025-05-15 11:29:48,140 [DEBUG] gui.config_panel - ConfigPanel: 获取根窗口成功
2025-05-15 11:29:48,140 [DEBUG] gui.config_panel - ConfigPanel: 获取MainWindow实例成功
2025-05-15 11:29:48,140 [DEBUG] gui.config_panel - ConfigPanel: 找到逻辑面板
2025-05-15 11:29:48,140 [DEBUG] gui.logic_panel - LogicPanel: 开始插入代码: K-200-000344
2025-05-15 11:29:48,141 [INFO] gui.logic_panel - LogicPanel: 输入历史 - 类型: K_code, 内容: K-200-000344, 当前表达式: K-200-000344 
2025-05-15 11:29:48,141 [INFO] gui.config_panel - ConfigPanel: 成功发送代码到逻辑面板: K-200-000344
2025-05-15 11:29:48,812 [INFO] gui.logic_panel - LogicPanel: 输入历史 - 类型: operator, 内容: →, 当前表达式: K-200-000344  → 
2025-05-15 11:29:49,542 [DEBUG] gui.bom_panel - BomPanel: 选中项文本: 10019325
PA-Sitz f.Straffer li.kpl.mech 1 FL
Sitzplatz 2
2025-05-15 11:29:49,542 [DEBUG] gui.bom_panel - BomPanel: 提取到Baugruppe: 10019325
2025-05-15 11:29:49,542 [DEBUG] gui.bom_panel - BomPanel: 提取到占位符: PL--Sitze02
2025-05-15 11:29:49,542 [DEBUG] gui.bom_panel - BomPanel: 构建的BOM码: PL--Sitze02-10019325
2025-05-15 11:29:49,543 [DEBUG] gui.bom_panel - BomPanel: 获取根窗口成功
2025-05-15 11:29:49,543 [DEBUG] gui.bom_panel - BomPanel: 获取MainWindow实例成功
2025-05-15 11:29:49,543 [DEBUG] gui.bom_panel - BomPanel: 找到逻辑面板
2025-05-15 11:29:49,543 [DEBUG] gui.logic_panel - LogicPanel: 开始插入代码: PL--Sitze02-10019325
2025-05-15 11:29:49,543 [DEBUG] gui.logic_panel - 验证BOM码: PL--Sitze02-10019325
2025-05-15 11:29:49,544 [INFO] gui.logic_panel - LogicPanel: 输入历史 - 类型: BOM_code, 内容: PL--Sitze02-10019325, 当前表达式: K-200-000344  → PL--Sitze02-10019325 
2025-05-15 11:29:49,544 [INFO] gui.bom_panel - BomPanel: 成功发送代码到逻辑面板: PL--Sitze02-10019325
2025-05-15 11:29:49,544 [INFO] gui.bom_panel - BomPanel: 成功插入BOM码: PL--Sitze02-10019325
2025-05-15 11:29:50,387 [INFO] gui.logic_panel - 创建新的BOM逻辑规则ID: BL01
2025-05-15 11:29:50,388 [DEBUG] core.logic_builder - Generated condition part for rule BL01: 'ohne Wertfach'
2025-05-15 11:29:50,388 [DEBUG] core.logic_builder - Generated action part for rule BL01: 'PL--Sitze02-PA-Sitz f.Straffer li.kpl.mech 1 FL-Sitzplatz 2'
2025-05-15 11:29:50,390 [INFO] core.logic_builder - 已保存 1 条规则到临时文件 (C:\Users\mengy\Desktop\ZK_LogicBom_Builder\data\temp_rules_latest.json)
2025-05-15 11:29:50,390 [INFO] gui.logic_panel - LogicPanel _on_rule_change: 收到通知: 类型='added', RuleID='BL01'
2025-05-15 11:29:50,390 [DEBUG] gui.logic_panel - LogicPanel _on_rule_change: 附带的Rule对象: ID='BL01', Status='enabled', Desc='ohne Wertfach → PL--Sitze02-PA...'
2025-05-15 11:29:50,391 [WARNING] gui.logic_panel - LogicPanel _on_rule_change (added): 插入规则 'BL01' 或其描述行后，在Treeview中检查失败。
2025-05-15 11:29:50,392 [DEBUG] gui.logic_panel - LogicPanel _on_rule_change: Treeview update_idletasks() 已调用，处理类型 'added' 完成。
2025-05-15 11:29:50,392 [INFO] core.logic_builder - 已添加规则: BL01, Desc='ohne Wertfach → PL--Sitze02-PA...'
2025-05-15 11:29:50,392 [INFO] gui.logic_panel - 成功保存规则: BL01, 条件: K-200-000344, 影响: PL--Sitze02-10019325, 状态: RuleStatus.ENABLED
2025-05-15 11:29:55,775 [INFO] gui.logic_library_window - LogicLibrary: 已加载 1 条规则 (非层级)。
2025-05-15 11:29:55,775 [DEBUG] gui.logic_library_window - LogicLibrary _apply_filters_and_search: 开始应用筛选和搜索。清空现有Treeview项。
2025-05-15 11:29:55,776 [DEBUG] gui.logic_library_window - LogicLibrary _apply_filters_and_search: 从self.cached_rules (共 1 条) 开始迭代。
2025-05-15 11:29:55,776 [DEBUG] gui.logic_library_window - LogicLibrary _apply_filters_and_search: 准备插入规则ID 'BL01'，状态 'enabled' (显示为 '启用').
2025-05-15 11:29:55,776 [INFO] gui.logic_library_window - LogicLibrary _apply_filters_and_search: 筛选和搜索完成：显示 1/1 条规则。
