2025-05-20 12:35:14,386 [INFO] root - 程序启动，日志文件: C:\Users\mengy\Desktop\ZK_LogicBom_Builder\logs\log_20250520_123514.log
2025-05-20 12:35:14,662 [INFO] __main__ - 正在启动程序...
2025-05-20 12:35:14,662 [DEBUG] __main__ - Python版本: 3.13.2 (tags/v3.13.2:4f8bb39, Feb  4 2025, 15:23:48) [MSC v.1942 64 bit (AMD64)]
2025-05-20 12:35:14,662 [DEBUG] __main__ - 当前工作目录: C:\Users\mengy\Desktop\ZK_LogicBom_Builder
2025-05-20 12:35:14,662 [DEBUG] __main__ - src_dir路径: c:\Users\mengy\Desktop\ZK_LogicBom_Builder
2025-05-20 12:35:14,692 [INFO] __main__ - 正在创建语言选择对话框...
2025-05-20 12:35:15,987 [INFO] gui.language_dialog_tk - 已选择语言: zh
2025-05-20 12:35:16,000 [INFO] __main__ - 语言选择结果: zh
2025-05-20 12:35:16,000 [INFO] __main__ - 正在创建主题选择对话框...
2025-05-20 12:35:16,001 [DEBUG] gui.theme_dialog_tk - 创建主题选择对话框
2025-05-20 12:35:16,018 [DEBUG] gui.theme_dialog_tk - 主题选择对话框创建完成
2025-05-20 12:35:16,732 [DEBUG] gui.theme_dialog_tk - 用户选择了light主题
2025-05-20 12:35:16,744 [INFO] __main__ - 主题选择结果: light
2025-05-20 12:35:16,746 [INFO] __main__ - 正在配置主窗口...
2025-05-20 12:35:16,900 [INFO] __main__ - 开始创建MainWindow实例...
2025-05-20 12:35:16,901 [INFO] core.logic_builder - 从 C:\Users\mengy\Desktop\ZK_LogicBom_Builder\data\temp_rules_latest.json 加载时检测到新版大写键名规则文件格式 (BL_rules/TL_rules)。
2025-05-20 12:35:16,901 [INFO] core.logic_builder - 已加载 0 条规则从 C:\Users\mengy\Desktop\ZK_LogicBom_Builder\data\temp_rules_latest.json
2025-05-20 12:35:17,126 [INFO] gui.logic_panel - LogicPanel: 主窗口引用无效、rules_loaded属性不存在或规则未加载，跳过加载到树。
2025-05-20 12:35:17,144 [INFO] __main__ - MainWindow实例创建完成
2025-05-20 12:35:17,419 [INFO] __main__ - 开始mainloop()...
2025-05-20 12:35:19,273 [INFO] core.config_processor - 找到工作表: ['1.Kabine']
2025-05-20 12:35:19,273 [INFO] core.config_processor - 处理工作表: 1.Kabine -> 模块: 1.Kabine
2025-05-20 12:35:19,288 [WARNING] core.config_processor - 缺少列: 默认值/Standardwert
2025-05-20 12:35:19,288 [INFO] gui.config_panel - 成功导入配置文件: C:/Users/mengy/OneDrive/Kabine_Test_Dokument/Kabine_Mekrmal(Test).xlsx
2025-05-20 12:35:19,289 [INFO] gui.main_window_tk - 成功保存配置文件路径到app_config.json: C:/Users/mengy/OneDrive/Kabine_Test_Dokument/Kabine_Mekrmal(Test).xlsx
2025-05-20 12:35:19,289 [INFO] gui.config_panel - 已保存配置文件路径到app_config.json: C:/Users/mengy/OneDrive/Kabine_Test_Dokument/Kabine_Mekrmal(Test).xlsx
2025-05-20 12:35:20,495 [INFO] core.bom_processor - 开始导入BOM文件: C:/Users/mengy/OneDrive/Kabine_Test_Dokument/Kabine_Bom-MaxGruppe.xlsx
2025-05-20 12:35:20,495 [INFO] core.bom_processor - 已清空现有数据
2025-05-20 12:35:20,495 [INFO] core.bom_processor - 正在读取Excel文件...
2025-05-20 12:35:20,508 [INFO] core.bom_processor - 成功打开Excel文件，包含以下工作表: ['Max-Gruppe']
2025-05-20 12:35:20,508 [INFO] core.bom_processor - 正在读取 Max-Gruppe 工作表...
2025-05-20 12:35:20,533 [INFO] core.bom_processor - 成功读取工作表，共 244 行数据
2025-05-20 12:35:20,533 [INFO] core.bom_processor - 所有必需列均存在，开始处理数据...
2025-05-20 12:35:20,535 [INFO] core.bom_processor - 过滤空层级后剩余 244 行数据
2025-05-20 12:35:20,535 [INFO] core.bom_processor - 
开始处理数据...
2025-05-20 12:35:20,541 [INFO] core.bom_processor - 
数据处理完成，成功处理 {processed_count} 行数据
2025-05-20 12:35:20,541 [INFO] core.bom_processor - 第 1 级节点数量: 244
2025-05-20 12:35:20,541 [INFO] core.bom_processor - BOM文件导入成功，共处理 244 个项目
2025-05-20 12:35:20,542 [INFO] gui.bom_panel - 成功导入BOM文件: C:/Users/mengy/OneDrive/Kabine_Test_Dokument/Kabine_Bom-MaxGruppe.xlsx
2025-05-20 12:35:20,542 [INFO] gui.bom_panel - 开始刷新树状图
2025-05-20 12:35:20,543 [INFO] gui.bom_panel - 树状图刷新完成
2025-05-20 12:35:20,544 [INFO] gui.main_window_tk - 成功保存BOM文件路径到app_config.json: C:/Users/mengy/OneDrive/Kabine_Test_Dokument/Kabine_Bom-MaxGruppe.xlsx
2025-05-20 12:35:20,544 [INFO] gui.bom_panel - 已保存BOM文件路径到app_config.json: C:/Users/mengy/OneDrive/Kabine_Test_Dokument/Kabine_Bom-MaxGruppe.xlsx
2025-05-20 12:35:28,222 [INFO] core.logic_builder - 准备从临时文件加载规则: C:\Users\mengy\Desktop\ZK_LogicBom_Builder\data\temp_rules_latest.json
2025-05-20 12:35:28,222 [INFO] gui.logic_panel - LogicPanel _on_rule_change: 收到通知: 类型='imported', RuleID='None'
2025-05-20 12:35:28,223 [INFO] gui.logic_panel - LogicPanel _on_rule_change (imported): 收到 'imported' 通知，将重新加载所有规则到Treeview。
2025-05-20 12:35:28,223 [INFO] gui.logic_panel - LogicPanel: 主窗口引用无效、rules_loaded属性不存在或规则未加载，跳过加载到树。
2025-05-20 12:35:28,229 [DEBUG] gui.logic_panel - LogicPanel _on_rule_change: Treeview update_idletasks() 已调用，处理类型 'imported' 完成。
2025-05-20 12:35:28,229 [INFO] core.logic_builder - 从临时文件 (C:\Users\mengy\Desktop\ZK_LogicBom_Builder\data\temp_rules_latest.json) 加载 0 条规则完成。导出状态: True
2025-05-20 12:35:28,230 [INFO] gui.main_window_tk - 未检测到需要提示加载的未导出规则。MainWindow.rules_loaded 设置为 False。
2025-05-20 12:35:28,230 [INFO] gui.logic_panel - LogicPanel: 主窗口引用无效、rules_loaded属性不存在或规则未加载，跳过加载到树。
2025-05-20 12:35:38,149 [INFO] gui.bom_panel - 用户选择了新的BOM文件: C:/Users/mengy/OneDrive/Kabine_Test_Dokument/Kabine_Bom-MaxGruppe.xlsx
2025-05-20 12:35:38,150 [INFO] core.bom_processor - 开始导入BOM文件: C:/Users/mengy/OneDrive/Kabine_Test_Dokument/Kabine_Bom-MaxGruppe.xlsx
2025-05-20 12:35:38,151 [INFO] core.bom_processor - 已清空现有数据
2025-05-20 12:35:38,151 [INFO] core.bom_processor - 正在读取Excel文件...
2025-05-20 12:35:38,163 [INFO] core.bom_processor - 成功打开Excel文件，包含以下工作表: ['Max-Gruppe']
2025-05-20 12:35:38,163 [INFO] core.bom_processor - 正在读取 Max-Gruppe 工作表...
2025-05-20 12:35:38,184 [INFO] core.bom_processor - 成功读取工作表，共 244 行数据
2025-05-20 12:35:38,184 [INFO] core.bom_processor - 所有必需列均存在，开始处理数据...
2025-05-20 12:35:38,185 [INFO] core.bom_processor - 过滤空层级后剩余 244 行数据
2025-05-20 12:35:38,186 [INFO] core.bom_processor - 
开始处理数据...
2025-05-20 12:35:38,191 [INFO] core.bom_processor - 
数据处理完成，成功处理 {processed_count} 行数据
2025-05-20 12:35:38,191 [INFO] core.bom_processor - 第 1 级节点数量: 244
2025-05-20 12:35:38,191 [INFO] core.bom_processor - BOM文件导入成功，共处理 244 个项目
2025-05-20 12:35:38,192 [INFO] gui.bom_panel - 成功导入BOM文件: C:/Users/mengy/OneDrive/Kabine_Test_Dokument/Kabine_Bom-MaxGruppe.xlsx
2025-05-20 12:35:38,192 [INFO] gui.bom_panel - 开始刷新树状图
2025-05-20 12:35:38,193 [INFO] gui.bom_panel - 树状图刷新完成
2025-05-20 12:35:38,194 [INFO] gui.main_window_tk - 成功保存BOM文件路径到app_config.json: C:/Users/mengy/OneDrive/Kabine_Test_Dokument/Kabine_Bom-MaxGruppe.xlsx
2025-05-20 12:35:38,194 [INFO] gui.bom_panel - 已保存BOM文件路径到app_config.json: C:/Users/mengy/OneDrive/Kabine_Test_Dokument/Kabine_Bom-MaxGruppe.xlsx
2025-05-20 12:35:51,395 [INFO] gui.config_panel - 用户选择了新的配置文件: C:/Users/mengy/OneDrive/Kabine_Test_Dokument/Kabine_Mekrmal(Test).xlsx
2025-05-20 12:35:51,403 [INFO] core.config_processor - 找到工作表: ['1.Kabine']
2025-05-20 12:35:51,403 [INFO] core.config_processor - 处理工作表: 1.Kabine -> 模块: 1.Kabine
2025-05-20 12:35:51,415 [WARNING] core.config_processor - 缺少列: 默认值/Standardwert
2025-05-20 12:35:51,415 [INFO] gui.config_panel - 成功导入配置文件: C:/Users/mengy/OneDrive/Kabine_Test_Dokument/Kabine_Mekrmal(Test).xlsx
2025-05-20 12:35:51,417 [INFO] gui.main_window_tk - 成功保存配置文件路径到app_config.json: C:/Users/mengy/OneDrive/Kabine_Test_Dokument/Kabine_Mekrmal(Test).xlsx
2025-05-20 12:35:51,417 [INFO] gui.config_panel - 已保存配置文件路径到app_config.json: C:/Users/mengy/OneDrive/Kabine_Test_Dokument/Kabine_Mekrmal(Test).xlsx
