2025-04-28 13:11:53,444 [INFO] root - 程序启动，日志文件: C:\Users\mengy\Desktop\ZK_LogicBom_Builder\logs\log_20250428_131153.log
2025-04-28 13:11:53,691 [INFO] __main__ - 正在启动程序...
2025-04-28 13:11:53,691 [DEBUG] __main__ - Python版本: 3.13.2 (tags/v3.13.2:4f8bb39, Feb  4 2025, 15:23:48) [MSC v.1942 64 bit (AMD64)]
2025-04-28 13:11:53,692 [DEBUG] __main__ - 当前工作目录: C:\Users\mengy\Desktop\ZK_LogicBom_Builder
2025-04-28 13:11:53,692 [DEBUG] __main__ - src_dir路径: c:\Users\mengy\Desktop\ZK_LogicBom_Builder
2025-04-28 13:11:53,714 [INFO] __main__ - 正在创建语言选择对话框...
2025-04-28 13:11:55,361 [INFO] gui.language_dialog_tk - 已选择语言: zh
2025-04-28 13:11:55,380 [INFO] __main__ - 语言选择结果: zh
2025-04-28 13:11:55,381 [INFO] __main__ - 正在创建主题选择对话框...
2025-04-28 13:11:55,381 [DEBUG] gui.theme_dialog_tk - 创建主题选择对话框
2025-04-28 13:11:55,385 [DEBUG] gui.theme_dialog_tk - 主题选择对话框创建完成
2025-04-28 13:11:56,214 [DEBUG] gui.theme_dialog_tk - 用户选择了light主题
2025-04-28 13:11:56,245 [INFO] __main__ - 主题选择结果: light
2025-04-28 13:11:56,270 [INFO] __main__ - 正在配置主窗口...
2025-04-28 13:11:56,400 [INFO] __main__ - 开始创建MainWindow实例...
2025-04-28 13:11:56,401 [INFO] core.logic_builder - 已加载 4 条规则
2025-04-28 13:11:56,466 [INFO] gui.logic_panel - 规则未加载状态，等待用户确认后再加载规则
2025-04-28 13:11:56,484 [INFO] __main__ - MainWindow实例创建完成
2025-04-28 13:11:56,773 [INFO] __main__ - 开始mainloop()...
2025-04-28 13:11:58,412 [INFO] core.config_processor - 找到工作表: ['TD', '0.模板&Vorlage', '1.Fahrgestell', '2.Fahrzeug allgemein', '3.Beschriftung&Kennzeichnung', '4. Anbauten&Fahrgestellarbeiten', '5. Fahrer_Mannschaftsraum', '6.Koffer', '7.Lichtmast', '8.Pumpenanlage', '9.Seilwinde&Generator', '10.Halterungen']
2025-04-28 13:11:58,412 [DEBUG] core.config_processor - 跳过工作表: TD
2025-04-28 13:11:58,412 [DEBUG] core.config_processor - 跳过工作表: 0.模板&Vorlage
2025-04-28 13:11:58,412 [INFO] core.config_processor - 处理工作表: 1.Fahrgestell -> 模块: 1.Fahrgestell
2025-04-28 13:11:58,431 [INFO] core.config_processor - 处理工作表: 2.Fahrzeug allgemein -> 模块: 2.Fahrzeug allgemein
2025-04-28 13:11:58,447 [INFO] core.config_processor - 处理工作表: 3.Beschriftung&Kennzeichnung -> 模块: 3.Beschriftung&Kennzeichnung
2025-04-28 13:11:58,463 [INFO] core.config_processor - 处理工作表: 4. Anbauten&Fahrgestellarbeiten -> 模块: 4.Anbauten&Fahrgestellarbeiten
2025-04-28 13:11:58,479 [INFO] core.config_processor - 处理工作表: 5. Fahrer_Mannschaftsraum -> 模块: 5.Fahrer_Mannschaftsraum
2025-04-28 13:11:58,501 [INFO] core.config_processor - 处理工作表: 6.Koffer -> 模块: 6.Koffer
2025-04-28 13:11:58,516 [INFO] core.config_processor - 处理工作表: 7.Lichtmast -> 模块: 7.Lichtmast
2025-04-28 13:11:58,531 [INFO] core.config_processor - 处理工作表: 8.Pumpenanlage -> 模块: 8.Pumpenanlage
2025-04-28 13:11:58,546 [INFO] core.config_processor - 处理工作表: 9.Seilwinde&Generator -> 模块: 9.Seilwinde&Generator
2025-04-28 13:11:58,561 [INFO] core.config_processor - 处理工作表: 10.Halterungen -> 模块: 10.Halterungen
2025-04-28 13:11:58,575 [INFO] gui.config_panel - 成功导入配置文件: C:/Users/mengy/Desktop/配置选项_Konfigurationsoptions.xlsm
2025-04-28 13:11:58,578 [INFO] gui.main_window_tk - 成功保存配置文件路径到app_config.json: C:/Users/mengy/Desktop/配置选项_Konfigurationsoptions.xlsm
2025-04-28 13:11:58,578 [INFO] gui.config_panel - 已保存配置文件路径到app_config.json: C:/Users/mengy/Desktop/配置选项_Konfigurationsoptions.xlsm
2025-04-28 13:11:59,687 [INFO] core.bom_processor - 开始导入BOM文件: C:/Users/mengy/Desktop/Bom.xlsx
2025-04-28 13:11:59,688 [INFO] core.bom_processor - 已清空现有数据
2025-04-28 13:11:59,688 [INFO] core.bom_processor - 正在读取Excel文件...
2025-04-28 13:11:59,694 [INFO] core.bom_processor - 成功打开Excel文件，包含以下工作表: ['Max-Gruppe']
2025-04-28 13:11:59,694 [INFO] core.bom_processor - 正在读取 Max-Gruppe 工作表...
2025-04-28 13:11:59,705 [INFO] core.bom_processor - 成功读取工作表，共 154 行数据
2025-04-28 13:11:59,705 [INFO] core.bom_processor - 所有必需列均存在，开始处理数据...
2025-04-28 13:11:59,706 [INFO] core.bom_processor - 过滤空层级后剩余 153 行数据
2025-04-28 13:11:59,707 [INFO] core.bom_processor - 
开始处理数据...
2025-04-28 13:11:59,711 [INFO] core.bom_processor - 
数据处理完成，成功处理 {processed_count} 行数据
2025-04-28 13:11:59,711 [INFO] core.bom_processor - 第 1 级节点数量: 1
2025-04-28 13:11:59,711 [INFO] core.bom_processor - 第 2 级节点数量: 133
2025-04-28 13:11:59,711 [INFO] core.bom_processor - 第 3 级节点数量: 19
2025-04-28 13:11:59,711 [INFO] core.bom_processor - BOM文件导入成功，共处理 153 个项目
2025-04-28 13:11:59,712 [INFO] gui.bom_panel - 成功导入BOM文件: C:/Users/mengy/Desktop/Bom.xlsx
2025-04-28 13:11:59,712 [INFO] gui.bom_panel - 开始刷新树状图
2025-04-28 13:11:59,713 [INFO] gui.bom_panel - 树状图刷新完成
2025-04-28 13:11:59,715 [INFO] gui.main_window_tk - 成功保存BOM文件路径到app_config.json: C:/Users/mengy/Desktop/Bom.xlsx
2025-04-28 13:11:59,715 [INFO] gui.bom_panel - 已保存BOM文件路径到app_config.json: C:/Users/mengy/Desktop/Bom.xlsx
2025-04-28 13:12:01,164 [INFO] core.logic_builder - 准备从临时文件加载规则: C:\Users\mengy\Desktop\ZK_LogicBom_Builder\data\temp_rules_latest.json
2025-04-28 13:12:01,164 [INFO] core.logic_builder - 开始导入规则文件: C:\Users\mengy\Desktop\ZK_LogicBom_Builder\data\temp_rules_latest.json
2025-04-28 13:12:01,165 [INFO] core.logic_builder - 已清空现有规则
2025-04-28 13:12:01,165 [DEBUG] core.logic_builder - 成功导入规则: ID=BL01
2025-04-28 13:12:01,165 [DEBUG] core.logic_builder - 成功导入规则: ID=BL02
2025-04-28 13:12:01,166 [DEBUG] core.logic_builder - 成功导入规则: ID=BL03
2025-04-28 13:12:01,166 [DEBUG] core.logic_builder - 成功导入规则: ID=BL04
2025-04-28 13:12:01,177 [INFO] core.logic_builder - 规则数据已保存到临时文件，共 4 条规则
2025-04-28 13:12:01,178 [INFO] gui.logic_panel - 收到规则变更事件: type=imported, rule_id=None
2025-04-28 13:12:01,178 [INFO] gui.logic_panel - 等待用户确认是否加载规则
2025-04-28 13:12:01,178 [INFO] core.logic_builder - 规则导入完成，成功导入 4 条规则
2025-04-28 13:12:01,178 [INFO] core.logic_builder - 从临时文件加载规则完成
2025-04-28 13:12:01,179 [INFO] gui.logic_panel - 规则未加载状态，等待用户确认后再加载规则
