2025-04-17 14:21:40,393 [INFO] root - 程序启动，日志文件: C:\Users\mengy\Desktop\ZK_LogicBom_Builder\logs\log_20250417_142140.log
2025-04-17 14:21:40,643 [INFO] __main__ - 正在启动程序...
2025-04-17 14:21:40,643 [DEBUG] __main__ - Python版本: 3.13.2 (tags/v3.13.2:4f8bb39, Feb  4 2025, 15:23:48) [MSC v.1942 64 bit (AMD64)]
2025-04-17 14:21:40,643 [DEBUG] __main__ - 当前工作目录: C:\Users\mengy\Desktop\ZK_LogicBom_Builder
2025-04-17 14:21:40,643 [DEBUG] __main__ - src_dir路径: c:\Users\mengy\Desktop\ZK_LogicBom_Builder
2025-04-17 14:21:40,665 [INFO] __main__ - 正在创建语言选择对话框...
2025-04-17 14:21:42,376 [INFO] gui.language_dialog_tk - 已选择语言: zh
2025-04-17 14:21:42,403 [INFO] __main__ - 语言选择结果: zh
2025-04-17 14:21:42,404 [INFO] __main__ - 正在创建主题选择对话框...
2025-04-17 14:21:42,404 [DEBUG] gui.theme_dialog_tk - 创建主题选择对话框
2025-04-17 14:21:42,409 [DEBUG] gui.theme_dialog_tk - 主题选择对话框创建完成
2025-04-17 14:21:49,722 [DEBUG] gui.theme_dialog_tk - 用户选择了light主题
2025-04-17 14:21:49,747 [INFO] __main__ - 主题选择结果: light
2025-04-17 14:21:49,749 [INFO] __main__ - 正在配置主窗口...
2025-04-17 14:21:49,877 [INFO] __main__ - 开始创建MainWindow实例...
2025-04-17 14:21:49,879 [INFO] core.logic_builder - 已加载 6 条规则
2025-04-17 14:21:49,933 [INFO] __main__ - MainWindow实例创建完成
2025-04-17 14:21:50,236 [INFO] __main__ - 开始mainloop()...
2025-04-17 14:21:55,170 [INFO] core.config_processor - 找到工作表: ['TD', '0.模板&Vorlage', '1.Fahrgestell', '2.Fahrzeug allgemein', '3.Beschriftung&Kennzeichnung', '4. Anbauten&Fahrgestellarbeiten', '5. Fahrer_Mannschaftsraum', '6.Koffer', '7.Lichtmast', '8.Pumpenanlage', '9.Seilwinde&Generator', '10.Halterungen']
2025-04-17 14:21:55,170 [DEBUG] core.config_processor - 跳过工作表: TD
2025-04-17 14:21:55,170 [DEBUG] core.config_processor - 跳过工作表: 0.模板&Vorlage
2025-04-17 14:21:55,170 [INFO] core.config_processor - 处理工作表: 1.Fahrgestell -> 模块: 1.Fahrgestell
2025-04-17 14:21:55,188 [INFO] core.config_processor - 处理工作表: 2.Fahrzeug allgemein -> 模块: 2.Fahrzeug allgemein
2025-04-17 14:21:55,203 [INFO] core.config_processor - 处理工作表: 3.Beschriftung&Kennzeichnung -> 模块: 3.Beschriftung&Kennzeichnung
2025-04-17 14:21:55,218 [INFO] core.config_processor - 处理工作表: 4. Anbauten&Fahrgestellarbeiten -> 模块: 4.Anbauten&Fahrgestellarbeiten
2025-04-17 14:21:55,233 [INFO] core.config_processor - 处理工作表: 5. Fahrer_Mannschaftsraum -> 模块: 5.Fahrer_Mannschaftsraum
2025-04-17 14:21:55,253 [INFO] core.config_processor - 处理工作表: 6.Koffer -> 模块: 6.Koffer
2025-04-17 14:21:55,269 [INFO] core.config_processor - 处理工作表: 7.Lichtmast -> 模块: 7.Lichtmast
2025-04-17 14:21:55,283 [INFO] core.config_processor - 处理工作表: 8.Pumpenanlage -> 模块: 8.Pumpenanlage
2025-04-17 14:21:55,299 [INFO] core.config_processor - 处理工作表: 9.Seilwinde&Generator -> 模块: 9.Seilwinde&Generator
2025-04-17 14:21:55,314 [INFO] core.config_processor - 处理工作表: 10.Halterungen -> 模块: 10.Halterungen
2025-04-17 14:21:58,042 [DEBUG] gui.config_panel - ConfigPanel: 双击选中项 ID: I00A
2025-04-17 14:21:58,042 [DEBUG] gui.config_panel - ConfigPanel: 选中项文本: K01_02_02 TGL 8.220
2025-04-17 14:21:58,043 [DEBUG] gui.config_panel - ConfigPanel: 提取的代码: K01_02_02
2025-04-17 14:21:58,043 [INFO] gui.config_panel - ConfigPanel: 准备插入K码: K01_02_02
2025-04-17 14:21:58,043 [DEBUG] gui.config_panel - ConfigPanel: 获取根窗口成功
2025-04-17 14:21:58,044 [DEBUG] gui.config_panel - ConfigPanel: 获取MainWindow实例成功
2025-04-17 14:21:58,044 [DEBUG] gui.config_panel - ConfigPanel: 找到逻辑面板
2025-04-17 14:21:58,044 [DEBUG] gui.logic_panel - LogicPanel: 开始插入代码: K01_02_02
2025-04-17 14:21:58,044 [DEBUG] gui.logic_panel - LogicPanel: 当前光标位置: 1.0
2025-04-17 14:21:58,044 [DEBUG] gui.logic_panel - LogicPanel: 当前行内容: 
2025-04-17 14:21:58,045 [INFO] gui.logic_panel - LogicPanel: 成功插入代码: K01_02_02
2025-04-17 14:21:58,045 [DEBUG] gui.logic_panel - LogicPanel: 文本框获得焦点
2025-04-17 14:21:58,045 [INFO] gui.config_panel - ConfigPanel: 成功发送代码到逻辑面板: K01_02_02
2025-04-17 14:22:03,120 [INFO] core.bom_processor - 开始导入BOM文件: C:/Users/mengy/Desktop/BOM映射表.xlsx
2025-04-17 14:22:03,125 [INFO] core.bom_processor - 找到工作表: ['MAX-gruppe', 'K码表', '配置', 'Sheet1']
2025-04-17 14:22:03,137 [INFO] core.bom_processor - BOM文件导入成功
2025-04-17 14:22:07,018 [DEBUG] gui.bom_panel - BomPanel: 双击选中项 ID: I002
2025-04-17 14:22:07,018 [DEBUG] gui.bom_panel - BomPanel: 选中项文本: [2] 10019231 - Modulkabine Standard MAN Euro 6 18T
Modul cabin standard MAN Euro 6 18T
Z-Cab NG Alpas 3 RAL 3000
Z-Cab NG Alpas 3 RAL 3000
2025-04-17 14:22:07,019 [INFO] gui.bom_panel - BomPanel: 提取到Baugruppe码: 10019231
2025-04-17 14:22:07,019 [DEBUG] gui.bom_panel - BomPanel: 获取根窗口成功
2025-04-17 14:22:07,019 [DEBUG] gui.bom_panel - BomPanel: 获取MainWindow实例成功
2025-04-17 14:22:07,020 [DEBUG] gui.bom_panel - BomPanel: 找到逻辑面板
2025-04-17 14:22:07,020 [DEBUG] gui.logic_panel - LogicPanel: 开始插入代码: 10019231
2025-04-17 14:22:07,020 [DEBUG] gui.logic_panel - LogicPanel: 当前光标位置: 1.0
2025-04-17 14:22:07,020 [DEBUG] gui.logic_panel - LogicPanel: 当前行内容: 
2025-04-17 14:22:07,020 [INFO] gui.logic_panel - LogicPanel: 成功插入代码: 10019231
2025-04-17 14:22:07,021 [DEBUG] gui.logic_panel - LogicPanel: 文本框获得焦点
2025-04-17 14:22:07,021 [INFO] gui.bom_panel - BomPanel: 成功发送代码到逻辑面板: 10019231
2025-04-17 14:22:07,769 [DEBUG] gui.bom_panel - BomPanel: 双击选中项 ID: I004
2025-04-17 14:22:07,770 [DEBUG] gui.bom_panel - BomPanel: 选中项文本: [2] 10019233 - Modulkabine Standard MAN Euro 6 18T
Modul cabin standard MAN Euro 6 18T
Z-Cab NG Alpas 3 RAL 9010
Z-Cab NG Alpas 3 RAL 9010
2025-04-17 14:22:07,771 [INFO] gui.bom_panel - BomPanel: 提取到Baugruppe码: 10019233
2025-04-17 14:22:07,772 [DEBUG] gui.bom_panel - BomPanel: 获取根窗口成功
2025-04-17 14:22:07,772 [DEBUG] gui.bom_panel - BomPanel: 获取MainWindow实例成功
2025-04-17 14:22:07,773 [DEBUG] gui.bom_panel - BomPanel: 找到逻辑面板
2025-04-17 14:22:07,774 [DEBUG] gui.logic_panel - LogicPanel: 开始插入代码: 10019233
2025-04-17 14:22:07,774 [DEBUG] gui.logic_panel - LogicPanel: 当前光标位置: 1.8
2025-04-17 14:22:07,775 [DEBUG] gui.logic_panel - LogicPanel: 当前行内容: 10019231
2025-04-17 14:22:07,776 [DEBUG] gui.logic_panel - LogicPanel: 添加前导空格
2025-04-17 14:22:07,776 [INFO] gui.logic_panel - LogicPanel: 成功插入代码: 10019233
2025-04-17 14:22:07,777 [DEBUG] gui.logic_panel - LogicPanel: 文本框获得焦点
2025-04-17 14:22:07,777 [INFO] gui.bom_panel - BomPanel: 成功发送代码到逻辑面板: 10019233
2025-04-17 14:22:08,432 [DEBUG] gui.bom_panel - BomPanel: 双击选中项 ID: I006
2025-04-17 14:22:08,433 [DEBUG] gui.bom_panel - BomPanel: 选中项文本: [2] 10019235 - Modulkabine Standard MAN Euro 6
Modul cabin standard MAN Euro 6
Z-Cab NG Alpas 3 RAL 3000
Z-Cab NG Alpas 3 RAL 3000
2025-04-17 14:22:08,434 [INFO] gui.bom_panel - BomPanel: 提取到Baugruppe码: 10019235
2025-04-17 14:22:08,435 [DEBUG] gui.bom_panel - BomPanel: 获取根窗口成功
2025-04-17 14:22:08,435 [DEBUG] gui.bom_panel - BomPanel: 获取MainWindow实例成功
2025-04-17 14:22:08,436 [DEBUG] gui.bom_panel - BomPanel: 找到逻辑面板
2025-04-17 14:22:08,436 [DEBUG] gui.logic_panel - LogicPanel: 开始插入代码: 10019235
2025-04-17 14:22:08,437 [DEBUG] gui.logic_panel - LogicPanel: 当前光标位置: 1.17
2025-04-17 14:22:08,437 [DEBUG] gui.logic_panel - LogicPanel: 当前行内容: 10019231 10019233
2025-04-17 14:22:08,438 [DEBUG] gui.logic_panel - LogicPanel: 添加前导空格
2025-04-17 14:22:08,439 [INFO] gui.logic_panel - LogicPanel: 成功插入代码: 10019235
2025-04-17 14:22:08,439 [DEBUG] gui.logic_panel - LogicPanel: 文本框获得焦点
2025-04-17 14:22:08,440 [INFO] gui.bom_panel - BomPanel: 成功发送代码到逻辑面板: 10019235
2025-04-17 14:22:10,653 [DEBUG] gui.bom_panel - BomPanel: 双击选中项 ID: I007
2025-04-17 14:22:10,654 [DEBUG] gui.bom_panel - BomPanel: 选中项文本: [2] 10019236 - Modulkabine Standard MAN Euro 6
Modul cabin standard MAN Euro 6
Z-Cab NG Alpas 3 RAL 3020
Z-Cab NG Alpas 3 RAL 3020
2025-04-17 14:22:10,655 [INFO] gui.bom_panel - BomPanel: 提取到Baugruppe码: 10019236
2025-04-17 14:22:10,656 [DEBUG] gui.bom_panel - BomPanel: 获取根窗口成功
2025-04-17 14:22:10,656 [DEBUG] gui.bom_panel - BomPanel: 获取MainWindow实例成功
2025-04-17 14:22:10,657 [DEBUG] gui.bom_panel - BomPanel: 找到逻辑面板
2025-04-17 14:22:10,658 [DEBUG] gui.logic_panel - LogicPanel: 开始插入代码: 10019236
2025-04-17 14:22:10,658 [DEBUG] gui.logic_panel - LogicPanel: 当前光标位置: 1.26
2025-04-17 14:22:10,659 [DEBUG] gui.logic_panel - LogicPanel: 当前行内容: 10019231 10019233 10019235
2025-04-17 14:22:10,659 [DEBUG] gui.logic_panel - LogicPanel: 添加前导空格
2025-04-17 14:22:10,660 [INFO] gui.logic_panel - LogicPanel: 成功插入代码: 10019236
2025-04-17 14:22:10,661 [DEBUG] gui.logic_panel - LogicPanel: 文本框获得焦点
2025-04-17 14:22:10,661 [INFO] gui.bom_panel - BomPanel: 成功发送代码到逻辑面板: 10019236
2025-04-17 14:22:16,414 [DEBUG] gui.bom_panel - BomPanel: 双击选中项 ID: I008
2025-04-17 14:22:16,414 [DEBUG] gui.bom_panel - BomPanel: 选中项文本: [2] 10019237 - Modulkabine Standard MAN Euro 6
Modul cabin standard MAN Euro 6
Z-Cab NG Alpas 3 RAL 9010
Z-Cab NG Alpas 3 RAL 9010
2025-04-17 14:22:16,415 [INFO] gui.bom_panel - BomPanel: 提取到Baugruppe码: 10019237
2025-04-17 14:22:16,415 [DEBUG] gui.bom_panel - BomPanel: 获取根窗口成功
2025-04-17 14:22:16,415 [DEBUG] gui.bom_panel - BomPanel: 获取MainWindow实例成功
2025-04-17 14:22:16,416 [DEBUG] gui.bom_panel - BomPanel: 找到逻辑面板
2025-04-17 14:22:16,416 [DEBUG] gui.logic_panel - LogicPanel: 开始插入代码: 10019237
2025-04-17 14:22:16,416 [DEBUG] gui.logic_panel - LogicPanel: 当前光标位置: 1.35
2025-04-17 14:22:16,416 [DEBUG] gui.logic_panel - LogicPanel: 当前行内容: 10019231 10019233 10019235 10019236
2025-04-17 14:22:16,416 [DEBUG] gui.logic_panel - LogicPanel: 添加前导空格
2025-04-17 14:22:16,417 [INFO] gui.logic_panel - LogicPanel: 成功插入代码: 10019237
2025-04-17 14:22:16,417 [DEBUG] gui.logic_panel - LogicPanel: 文本框获得焦点
2025-04-17 14:22:16,417 [INFO] gui.bom_panel - BomPanel: 成功发送代码到逻辑面板: 10019237
2025-04-17 14:22:21,236 [DEBUG] gui.bom_panel - BomPanel: 双击选中项 ID: I009
2025-04-17 14:22:21,236 [DEBUG] gui.bom_panel - BomPanel: 选中项文本: [2] 10019238 - Modulkabine Standard MAN Euro 6
Modul cabin standard MAN Euro 6
Z-Cab NG Alpas 3 RAL XXXX
Z-Cab NG Alpas 3 RAL XXXX
2025-04-17 14:22:21,237 [INFO] gui.bom_panel - BomPanel: 提取到Baugruppe码: 10019238
2025-04-17 14:22:21,237 [DEBUG] gui.bom_panel - BomPanel: 获取根窗口成功
2025-04-17 14:22:21,237 [DEBUG] gui.bom_panel - BomPanel: 获取MainWindow实例成功
2025-04-17 14:22:21,238 [DEBUG] gui.bom_panel - BomPanel: 找到逻辑面板
2025-04-17 14:22:21,238 [DEBUG] gui.logic_panel - LogicPanel: 开始插入代码: 10019238
2025-04-17 14:22:21,238 [DEBUG] gui.logic_panel - LogicPanel: 当前光标位置: 1.44
2025-04-17 14:22:21,238 [DEBUG] gui.logic_panel - LogicPanel: 当前行内容: 10019231 10019233 10019235 10019236 10019237
2025-04-17 14:22:21,238 [DEBUG] gui.logic_panel - LogicPanel: 添加前导空格
2025-04-17 14:22:21,239 [INFO] gui.logic_panel - LogicPanel: 成功插入代码: 10019238
2025-04-17 14:22:21,239 [DEBUG] gui.logic_panel - LogicPanel: 文本框获得焦点
2025-04-17 14:22:21,239 [INFO] gui.bom_panel - BomPanel: 成功发送代码到逻辑面板: 10019238
2025-04-17 14:22:46,580 [DEBUG] gui.config_panel - ConfigPanel: 双击选中项 ID: I009
2025-04-17 14:22:46,581 [DEBUG] gui.config_panel - ConfigPanel: 选中项文本: K01_02_01 TGL 8.190
2025-04-17 14:22:46,582 [DEBUG] gui.config_panel - ConfigPanel: 提取的代码: K01_02_01
2025-04-17 14:22:46,582 [INFO] gui.config_panel - ConfigPanel: 准备插入K码: K01_02_01
2025-04-17 14:22:46,583 [DEBUG] gui.config_panel - ConfigPanel: 获取根窗口成功
2025-04-17 14:22:46,583 [DEBUG] gui.config_panel - ConfigPanel: 获取MainWindow实例成功
2025-04-17 14:22:46,584 [DEBUG] gui.config_panel - ConfigPanel: 找到逻辑面板
2025-04-17 14:22:46,584 [DEBUG] gui.logic_panel - LogicPanel: 开始插入代码: K01_02_01
2025-04-17 14:22:46,584 [DEBUG] gui.logic_panel - LogicPanel: 当前光标位置: 1.0
2025-04-17 14:22:46,585 [DEBUG] gui.logic_panel - LogicPanel: 当前行内容: 
2025-04-17 14:22:46,585 [INFO] gui.logic_panel - LogicPanel: 成功插入代码: K01_02_01
2025-04-17 14:22:46,585 [DEBUG] gui.logic_panel - LogicPanel: 文本框获得焦点
2025-04-17 14:22:46,586 [INFO] gui.config_panel - ConfigPanel: 成功发送代码到逻辑面板: K01_02_01
2025-04-17 14:22:48,492 [DEBUG] gui.config_panel - ConfigPanel: 双击选中项 ID: I00B
2025-04-17 14:22:48,492 [DEBUG] gui.config_panel - ConfigPanel: 选中项文本: K01_02_03 TGL 10.190
2025-04-17 14:22:48,492 [DEBUG] gui.config_panel - ConfigPanel: 提取的代码: K01_02_03
2025-04-17 14:22:48,492 [INFO] gui.config_panel - ConfigPanel: 准备插入K码: K01_02_03
2025-04-17 14:22:48,493 [DEBUG] gui.config_panel - ConfigPanel: 获取根窗口成功
2025-04-17 14:22:48,493 [DEBUG] gui.config_panel - ConfigPanel: 获取MainWindow实例成功
2025-04-17 14:22:48,493 [DEBUG] gui.config_panel - ConfigPanel: 找到逻辑面板
2025-04-17 14:22:48,493 [DEBUG] gui.logic_panel - LogicPanel: 开始插入代码: K01_02_03
2025-04-17 14:22:48,493 [DEBUG] gui.logic_panel - LogicPanel: 当前光标位置: 1.14
2025-04-17 14:22:48,494 [DEBUG] gui.logic_panel - LogicPanel: 当前行内容: K01_02_01 AND 
2025-04-17 14:22:48,494 [INFO] gui.logic_panel - LogicPanel: 成功插入代码: K01_02_03
2025-04-17 14:22:48,494 [DEBUG] gui.logic_panel - LogicPanel: 文本框获得焦点
2025-04-17 14:22:48,494 [INFO] gui.config_panel - ConfigPanel: 成功发送代码到逻辑面板: K01_02_03
2025-04-17 14:22:52,192 [DEBUG] gui.bom_panel - BomPanel: 双击选中项 ID: I004
2025-04-17 14:22:52,192 [DEBUG] gui.bom_panel - BomPanel: 选中项文本: [2] 10019233 - Modulkabine Standard MAN Euro 6 18T
Modul cabin standard MAN Euro 6 18T
Z-Cab NG Alpas 3 RAL 9010
Z-Cab NG Alpas 3 RAL 9010
2025-04-17 14:22:52,193 [INFO] gui.bom_panel - BomPanel: 提取到Baugruppe码: 10019233
2025-04-17 14:22:52,193 [DEBUG] gui.bom_panel - BomPanel: 获取根窗口成功
2025-04-17 14:22:52,194 [DEBUG] gui.bom_panel - BomPanel: 获取MainWindow实例成功
2025-04-17 14:22:52,194 [DEBUG] gui.bom_panel - BomPanel: 找到逻辑面板
2025-04-17 14:22:52,194 [DEBUG] gui.logic_panel - LogicPanel: 开始插入代码: 10019233
2025-04-17 14:22:52,194 [DEBUG] gui.logic_panel - LogicPanel: 当前光标位置: 1.27
2025-04-17 14:22:52,195 [DEBUG] gui.logic_panel - LogicPanel: 当前行内容: K01_02_01 AND K01_02_03 OR 
2025-04-17 14:22:52,195 [INFO] gui.logic_panel - LogicPanel: 成功插入代码: 10019233
2025-04-17 14:22:52,195 [DEBUG] gui.logic_panel - LogicPanel: 文本框获得焦点
2025-04-17 14:22:52,195 [INFO] gui.bom_panel - BomPanel: 成功发送代码到逻辑面板: 10019233
2025-04-17 14:22:58,024 [DEBUG] gui.config_panel - ConfigPanel: 双击选中项 ID: I015
2025-04-17 14:22:58,024 [DEBUG] gui.config_panel - ConfigPanel: 选中项文本: K01_05_01 Straße
2025-04-17 14:22:58,024 [DEBUG] gui.config_panel - ConfigPanel: 提取的代码: K01_05_01
2025-04-17 14:22:58,025 [INFO] gui.config_panel - ConfigPanel: 准备插入K码: K01_05_01
2025-04-17 14:22:58,025 [DEBUG] gui.config_panel - ConfigPanel: 获取根窗口成功
2025-04-17 14:22:58,025 [DEBUG] gui.config_panel - ConfigPanel: 获取MainWindow实例成功
2025-04-17 14:22:58,025 [DEBUG] gui.config_panel - ConfigPanel: 找到逻辑面板
2025-04-17 14:22:58,025 [DEBUG] gui.logic_panel - LogicPanel: 开始插入代码: K01_05_01
2025-04-17 14:22:58,026 [DEBUG] gui.logic_panel - LogicPanel: 当前光标位置: 1.0
2025-04-17 14:22:58,026 [DEBUG] gui.logic_panel - LogicPanel: 当前行内容: 
2025-04-17 14:22:58,026 [INFO] gui.logic_panel - LogicPanel: 成功插入代码: K01_05_01
2025-04-17 14:22:58,026 [DEBUG] gui.logic_panel - LogicPanel: 文本框获得焦点
2025-04-17 14:22:58,027 [INFO] gui.config_panel - ConfigPanel: 成功发送代码到逻辑面板: K01_05_01
2025-04-17 14:23:05,866 [DEBUG] gui.bom_panel - BomPanel: 双击选中项 ID: I01E
2025-04-17 14:23:05,867 [DEBUG] gui.bom_panel - BomPanel: 选中项文本: [2] 1123246 - Einzelsitz Std Airbag Stra.re. / single seat w. table f. tensioner ri.
Z-Cab NG / Z-Cab NG
2025-04-17 14:23:05,868 [INFO] gui.bom_panel - BomPanel: 提取到Baugruppe码: 1123246
2025-04-17 14:23:05,868 [DEBUG] gui.bom_panel - BomPanel: 获取根窗口成功
2025-04-17 14:23:05,868 [DEBUG] gui.bom_panel - BomPanel: 获取MainWindow实例成功
2025-04-17 14:23:05,869 [DEBUG] gui.bom_panel - BomPanel: 找到逻辑面板
2025-04-17 14:23:05,869 [DEBUG] gui.logic_panel - LogicPanel: 开始插入代码: 1123246
2025-04-17 14:23:05,870 [DEBUG] gui.logic_panel - LogicPanel: 当前光标位置: 1.0
2025-04-17 14:23:05,870 [DEBUG] gui.logic_panel - LogicPanel: 当前行内容: 
2025-04-17 14:23:05,871 [INFO] gui.logic_panel - LogicPanel: 成功插入代码: 1123246
2025-04-17 14:23:05,871 [DEBUG] gui.logic_panel - LogicPanel: 文本框获得焦点
2025-04-17 14:23:05,872 [INFO] gui.bom_panel - BomPanel: 成功发送代码到逻辑面板: 1123246
2025-04-17 14:23:12,442 [DEBUG] gui.config_panel - ConfigPanel: 双击选中项 ID: I00C
2025-04-17 14:23:12,443 [DEBUG] gui.config_panel - ConfigPanel: 选中项文本: K01_02_04 TGL 10.220
2025-04-17 14:23:12,443 [DEBUG] gui.config_panel - ConfigPanel: 提取的代码: K01_02_04
2025-04-17 14:23:12,444 [INFO] gui.config_panel - ConfigPanel: 准备插入K码: K01_02_04
2025-04-17 14:23:12,445 [DEBUG] gui.config_panel - ConfigPanel: 获取根窗口成功
2025-04-17 14:23:12,445 [DEBUG] gui.config_panel - ConfigPanel: 获取MainWindow实例成功
2025-04-17 14:23:12,445 [DEBUG] gui.config_panel - ConfigPanel: 找到逻辑面板
2025-04-17 14:23:12,446 [DEBUG] gui.logic_panel - LogicPanel: 开始插入代码: K01_02_04
2025-04-17 14:23:12,446 [DEBUG] gui.logic_panel - LogicPanel: 当前光标位置: 1.0
2025-04-17 14:23:12,447 [DEBUG] gui.logic_panel - LogicPanel: 当前行内容: 
2025-04-17 14:23:12,448 [INFO] gui.logic_panel - LogicPanel: 成功插入代码: K01_02_04
2025-04-17 14:23:12,448 [DEBUG] gui.logic_panel - LogicPanel: 文本框获得焦点
2025-04-17 14:23:12,449 [INFO] gui.config_panel - ConfigPanel: 成功发送代码到逻辑面板: K01_02_04
2025-04-17 14:24:27,091 [DEBUG] gui.config_panel - ConfigPanel: 双击选中项 ID: I009
2025-04-17 14:24:27,092 [DEBUG] gui.config_panel - ConfigPanel: 选中项文本: K01_02_01 TGL 8.190
2025-04-17 14:24:27,093 [DEBUG] gui.config_panel - ConfigPanel: 提取的代码: K01_02_01
2025-04-17 14:24:27,094 [INFO] gui.config_panel - ConfigPanel: 准备插入K码: K01_02_01
2025-04-17 14:24:27,094 [DEBUG] gui.config_panel - ConfigPanel: 获取根窗口成功
2025-04-17 14:24:27,095 [DEBUG] gui.config_panel - ConfigPanel: 获取MainWindow实例成功
2025-04-17 14:24:27,096 [DEBUG] gui.config_panel - ConfigPanel: 找到逻辑面板
2025-04-17 14:24:27,096 [DEBUG] gui.logic_panel - LogicPanel: 开始插入代码: K01_02_01
2025-04-17 14:24:27,097 [DEBUG] gui.logic_panel - LogicPanel: 当前光标位置: 1.0
2025-04-17 14:24:27,097 [DEBUG] gui.logic_panel - LogicPanel: 当前行内容: 
2025-04-17 14:24:27,098 [INFO] gui.logic_panel - LogicPanel: 成功插入代码: K01_02_01
2025-04-17 14:24:27,098 [DEBUG] gui.logic_panel - LogicPanel: 文本框获得焦点
2025-04-17 14:24:27,099 [INFO] gui.config_panel - ConfigPanel: 成功发送代码到逻辑面板: K01_02_01
