2025-05-15 10:55:11,919 [INFO] root - 程序启动，日志文件: C:\Users\mengy\Desktop\ZK_LogicBom_Builder\logs\log_20250515_105511.log
2025-05-15 10:55:12,192 [INFO] __main__ - 正在启动程序...
2025-05-15 10:55:12,193 [DEBUG] __main__ - Python版本: 3.13.2 (tags/v3.13.2:4f8bb39, Feb  4 2025, 15:23:48) [MSC v.1942 64 bit (AMD64)]
2025-05-15 10:55:12,193 [DEBUG] __main__ - 当前工作目录: C:\Users\mengy\Desktop\ZK_LogicBom_Builder
2025-05-15 10:55:12,193 [DEBUG] __main__ - src_dir路径: c:\Users\mengy\Desktop\ZK_LogicBom_Builder
2025-05-15 10:55:12,217 [INFO] __main__ - 正在创建语言选择对话框...
2025-05-15 10:55:13,443 [INFO] gui.language_dialog_tk - 已选择语言: zh
2025-05-15 10:55:13,461 [INFO] __main__ - 语言选择结果: zh
2025-05-15 10:55:13,461 [INFO] __main__ - 正在创建主题选择对话框...
2025-05-15 10:55:13,461 [DEBUG] gui.theme_dialog_tk - 创建主题选择对话框
2025-05-15 10:55:13,471 [DEBUG] gui.theme_dialog_tk - 主题选择对话框创建完成
2025-05-15 10:55:14,002 [DEBUG] gui.theme_dialog_tk - 用户选择了light主题
2025-05-15 10:55:14,028 [INFO] __main__ - 主题选择结果: light
2025-05-15 10:55:14,034 [INFO] __main__ - 正在配置主窗口...
2025-05-15 10:55:14,139 [INFO] __main__ - 开始创建MainWindow实例...
2025-05-15 10:55:14,140 [INFO] core.logic_builder - 从 C:\Users\mengy\Desktop\ZK_LogicBom_Builder\data\temp_rules_latest.json 加载时检测到新版大写键名规则文件格式 (BL_rules/TL_rules)。
2025-05-15 10:55:14,140 [DEBUG] core.logic_builder - Rule BL01 loaded from file. Original file description: 'Fzg: 9 Plätze → PL--Sitze02-PA-Sitz f.Straffer li.kpl.mech 1 FL-Sitzplatz 2'. Regenerating description.
2025-05-15 10:55:14,141 [DEBUG] core.logic_builder - Generated condition part for rule BL01: 'K-200-000000'
2025-05-15 10:55:14,141 [DEBUG] core.logic_builder - Generated action part for rule BL01: 'PL--Sitze02-10019325'
2025-05-15 10:55:14,141 [INFO] core.logic_builder - Newly generated description for BL01 (on _load_rules): 'K-200-000000 → PL--Sitze02-10019325'
2025-05-15 10:55:14,141 [DEBUG] core.logic_builder - Rule BL02 loaded from file. Original file description: 'ohne Wertfach → PL--Sitze05-PA-Sitz Std. elektrisch 1 FL-Sitzplatz 5'. Regenerating description.
2025-05-15 10:55:14,141 [DEBUG] core.logic_builder - Generated condition part for rule BL02: 'K-200-000345'
2025-05-15 10:55:14,141 [DEBUG] core.logic_builder - Generated action part for rule BL02: 'PL--Sitze05-10019364'
2025-05-15 10:55:14,141 [INFO] core.logic_builder - Newly generated description for BL02 (on _load_rules): 'K-200-000345 → PL--Sitze05-10019364'
2025-05-15 10:55:14,142 [DEBUG] core.logic_builder - Rule BL03 loaded from file. Original file description: 'Bostrom Integra Sitze → PL--Sitze04-PA-Sitz Std. elektrisch 2 FL-Sitzplatz 4'. Regenerating description.
2025-05-15 10:55:14,142 [DEBUG] core.logic_builder - Generated condition part for rule BL03: 'K-200-000301'
2025-05-15 10:55:14,142 [DEBUG] core.logic_builder - Generated action part for rule BL03: 'PL--Sitze04-10019367'
2025-05-15 10:55:14,142 [INFO] core.logic_builder - Newly generated description for BL03 (on _load_rules): 'K-200-000301 → PL--Sitze04-10019367'
2025-05-15 10:55:14,142 [DEBUG] core.logic_builder - Rule BL04 loaded from file. Original file description: 'Bostrom Integra Sitze → PL--Sitze04-PA-Sitz Std. elektrisch 1 FL-Sitzplatz 4'. Regenerating description.
2025-05-15 10:55:14,142 [DEBUG] core.logic_builder - Generated condition part for rule BL04: 'K-200-000301'
2025-05-15 10:55:14,142 [DEBUG] core.logic_builder - Generated action part for rule BL04: 'PL--Sitze04-10019362'
2025-05-15 10:55:14,142 [INFO] core.logic_builder - Newly generated description for BL04 (on _load_rules): 'K-200-000301 → PL--Sitze04-10019362'
2025-05-15 10:55:14,143 [INFO] core.logic_builder - 已加载 4 条规则从 C:\Users\mengy\Desktop\ZK_LogicBom_Builder\data\temp_rules_latest.json
2025-05-15 10:55:14,192 [INFO] gui.logic_panel - LogicPanel: 主窗口引用无效、rules_loaded属性不存在或规则未加载，跳过加载到树。
2025-05-15 10:55:14,199 [INFO] __main__ - MainWindow实例创建完成
2025-05-15 10:55:14,417 [INFO] __main__ - 开始mainloop()...
2025-05-15 10:55:16,555 [INFO] core.config_processor - 找到工作表: ['1.Kabine']
2025-05-15 10:55:16,556 [INFO] core.config_processor - 处理工作表: 1.Kabine -> 模块: 1.Kabine
2025-05-15 10:55:16,577 [INFO] gui.config_panel - 成功导入配置文件: C:/Users/mengy/OneDrive/Kabine_Test_Dokument/Kabine_Mekrmal(Test).xlsx
2025-05-15 10:55:16,580 [INFO] gui.main_window_tk - 成功保存配置文件路径到app_config.json: C:/Users/mengy/OneDrive/Kabine_Test_Dokument/Kabine_Mekrmal(Test).xlsx
2025-05-15 10:55:16,580 [INFO] gui.config_panel - 已保存配置文件路径到app_config.json: C:/Users/mengy/OneDrive/Kabine_Test_Dokument/Kabine_Mekrmal(Test).xlsx
2025-05-15 10:55:18,433 [INFO] core.bom_processor - 开始导入BOM文件: C:/Users/mengy/OneDrive/Kabine_Test_Dokument/Kabine_Bom-MaxGruppe.xlsx
2025-05-15 10:55:18,433 [INFO] core.bom_processor - 已清空现有数据
2025-05-15 10:55:18,433 [INFO] core.bom_processor - 正在读取Excel文件...
2025-05-15 10:55:18,439 [INFO] core.bom_processor - 成功打开Excel文件，包含以下工作表: ['Max-Gruppe']
2025-05-15 10:55:18,440 [INFO] core.bom_processor - 正在读取 Max-Gruppe 工作表...
2025-05-15 10:55:18,456 [INFO] core.bom_processor - 成功读取工作表，共 244 行数据
2025-05-15 10:55:18,456 [INFO] core.bom_processor - 所有必需列均存在，开始处理数据...
2025-05-15 10:55:18,457 [INFO] core.bom_processor - 过滤空层级后剩余 244 行数据
2025-05-15 10:55:18,457 [INFO] core.bom_processor - 
开始处理数据...
2025-05-15 10:55:18,462 [INFO] core.bom_processor - 
数据处理完成，成功处理 {processed_count} 行数据
2025-05-15 10:55:18,463 [INFO] core.bom_processor - 第 1 级节点数量: 244
2025-05-15 10:55:18,463 [INFO] core.bom_processor - BOM文件导入成功，共处理 244 个项目
2025-05-15 10:55:18,463 [INFO] gui.bom_panel - 成功导入BOM文件: C:/Users/mengy/OneDrive/Kabine_Test_Dokument/Kabine_Bom-MaxGruppe.xlsx
2025-05-15 10:55:18,463 [INFO] gui.bom_panel - 开始刷新树状图
2025-05-15 10:55:18,465 [INFO] gui.bom_panel - 树状图刷新完成
2025-05-15 10:55:18,466 [INFO] gui.main_window_tk - 成功保存BOM文件路径到app_config.json: C:/Users/mengy/OneDrive/Kabine_Test_Dokument/Kabine_Bom-MaxGruppe.xlsx
2025-05-15 10:55:18,466 [INFO] gui.bom_panel - 已保存BOM文件路径到app_config.json: C:/Users/mengy/OneDrive/Kabine_Test_Dokument/Kabine_Bom-MaxGruppe.xlsx
2025-05-15 10:55:18,999 [INFO] core.logic_builder - 准备从临时文件加载规则: C:\Users\mengy\Desktop\ZK_LogicBom_Builder\data\temp_rules_latest.json
2025-05-15 10:55:18,999 [DEBUG] core.logic_builder - Rule BL01 loaded from temp file. Original file description: 'Fzg: 9 Plätze → PL--Sitze02-PA-Sitz f.Straffer li.kpl.mech 1 FL-Sitzplatz 2'. Regenerating description.
2025-05-15 10:55:18,999 [DEBUG] core.logic_builder - Generated condition part for rule BL01: 'Fzg: 9 Plätze'
2025-05-15 10:55:18,999 [DEBUG] core.logic_builder - Generated action part for rule BL01: 'PL--Sitze02-PA-Sitz f.Straffer li.kpl.mech 1 FL-Sitzplatz 2'
2025-05-15 10:55:19,000 [INFO] core.logic_builder - Newly generated description for BL01 (from temp): 'Fzg: 9 Plätze → PL--Sitze02-PA-Sitz f.Straffer li.kpl.mech 1 FL-Sitzplatz 2'
2025-05-15 10:55:19,000 [DEBUG] core.logic_builder - Rule BL02 loaded from temp file. Original file description: 'ohne Wertfach → PL--Sitze05-PA-Sitz Std. elektrisch 1 FL-Sitzplatz 5'. Regenerating description.
2025-05-15 10:55:19,000 [DEBUG] core.logic_builder - Generated condition part for rule BL02: 'ohne Wertfach'
2025-05-15 10:55:19,000 [DEBUG] core.logic_builder - Generated action part for rule BL02: 'PL--Sitze05-PA-Sitz Std. elektrisch 1 FL-Sitzplatz 5'
2025-05-15 10:55:19,000 [INFO] core.logic_builder - Newly generated description for BL02 (from temp): 'ohne Wertfach → PL--Sitze05-PA-Sitz Std. elektrisch 1 FL-Sitzplatz 5'
2025-05-15 10:55:19,001 [DEBUG] core.logic_builder - Rule BL03 loaded from temp file. Original file description: 'Bostrom Integra Sitze → PL--Sitze04-PA-Sitz Std. elektrisch 2 FL-Sitzplatz 4'. Regenerating description.
2025-05-15 10:55:19,001 [DEBUG] core.logic_builder - Generated condition part for rule BL03: 'Bostrom Integra Sitze'
2025-05-15 10:55:19,001 [DEBUG] core.logic_builder - Generated action part for rule BL03: 'PL--Sitze04-PA-Sitz Std. elektrisch 2 FL-Sitzplatz 4'
2025-05-15 10:55:19,001 [INFO] core.logic_builder - Newly generated description for BL03 (from temp): 'Bostrom Integra Sitze → PL--Sitze04-PA-Sitz Std. elektrisch 2 FL-Sitzplatz 4'
2025-05-15 10:55:19,002 [DEBUG] core.logic_builder - Rule BL04 loaded from temp file. Original file description: 'Bostrom Integra Sitze → PL--Sitze04-PA-Sitz Std. elektrisch 1 FL-Sitzplatz 4'. Regenerating description.
2025-05-15 10:55:19,002 [DEBUG] core.logic_builder - Generated condition part for rule BL04: 'Bostrom Integra Sitze'
2025-05-15 10:55:19,002 [DEBUG] core.logic_builder - Generated action part for rule BL04: 'PL--Sitze04-PA-Sitz Std. elektrisch 1 FL-Sitzplatz 4'
2025-05-15 10:55:19,002 [INFO] core.logic_builder - Newly generated description for BL04 (from temp): 'Bostrom Integra Sitze → PL--Sitze04-PA-Sitz Std. elektrisch 1 FL-Sitzplatz 4'
2025-05-15 10:55:19,002 [INFO] gui.logic_panel - LogicPanel: 收到规则变更: imported, ID: None
2025-05-15 10:55:19,002 [DEBUG] gui.logic_panel - LogicPanel _on_rule_change: No rule object provided for ID: None
2025-05-15 10:55:19,002 [INFO] gui.logic_panel - LogicPanel: 主窗口引用无效、rules_loaded属性不存在或规则未加载，跳过加载到树。
2025-05-15 10:55:19,003 [INFO] core.logic_builder - 从临时文件 (C:\Users\mengy\Desktop\ZK_LogicBom_Builder\data\temp_rules_latest.json) 加载 4 条规则完成。导出状态: False
2025-05-15 10:55:19,003 [INFO] gui.main_window_tk - 检测到LogicBuilder中存在未导出的规则。
2025-05-15 10:55:19,604 [INFO] gui.main_window_tk - 用户拒绝加载未导出的规则。将清空规则。
2025-05-15 10:55:19,605 [INFO] core.logic_builder - 规则数据已成功清空，并写入空的临时文件: C:\Users\mengy\Desktop\ZK_LogicBom_Builder\data\temp_rules_latest.json
2025-05-15 10:55:19,605 [INFO] gui.logic_panel - LogicPanel: 收到规则变更: cleared, ID: None
2025-05-15 10:55:19,605 [DEBUG] gui.logic_panel - LogicPanel _on_rule_change: No rule object provided for ID: None
2025-05-15 10:55:19,606 [INFO] gui.logic_panel - LogicPanel: 主窗口引用无效、rules_loaded属性不存在或规则未加载，跳过加载到树。
2025-05-15 10:55:19,606 [INFO] gui.logic_panel - LogicPanel: 主窗口引用无效、rules_loaded属性不存在或规则未加载，跳过加载到树。
2025-05-15 10:55:21,659 [DEBUG] gui.config_panel - ConfigPanel: 双击选中项 ID: I011
2025-05-15 10:55:21,660 [DEBUG] gui.config_panel - ConfigPanel: 选中项文本: K-200-000300 Ziegler Standardsitze
2025-05-15 10:55:21,660 [DEBUG] gui.config_panel - ConfigPanel: 提取的代码: K-200-000300
2025-05-15 10:55:21,660 [INFO] gui.config_panel - ConfigPanel: 准备插入特征值: K-200-000300
2025-05-15 10:55:21,661 [DEBUG] gui.config_panel - ConfigPanel: 获取根窗口成功
2025-05-15 10:55:21,661 [DEBUG] gui.config_panel - ConfigPanel: 获取MainWindow实例成功
2025-05-15 10:55:21,661 [DEBUG] gui.config_panel - ConfigPanel: 找到逻辑面板
2025-05-15 10:55:21,662 [DEBUG] gui.logic_panel - LogicPanel: 开始插入代码: K-200-000300
2025-05-15 10:55:21,662 [INFO] gui.logic_panel - LogicPanel: 输入历史 - 类型: K_code, 内容: K-200-000300, 当前表达式: K-200-000300 
2025-05-15 10:55:21,663 [INFO] gui.config_panel - ConfigPanel: 成功发送代码到逻辑面板: K-200-000300
2025-05-15 10:55:22,483 [INFO] gui.logic_panel - LogicPanel: 输入历史 - 类型: operator, 内容: →, 当前表达式: K-200-000300  → 
2025-05-15 10:55:24,335 [DEBUG] gui.bom_panel - BomPanel: 选中项文本: 1118897
Rückwand Sandwich kpl.
Rucksack Sitzplatz 5,6 Z-Cab NG
2025-05-15 10:55:24,336 [DEBUG] gui.bom_panel - BomPanel: 提取到Baugruppe: 1118897
2025-05-15 10:55:24,337 [DEBUG] gui.bom_panel - BomPanel: 提取到占位符: PL-Rückwand
2025-05-15 10:55:24,337 [DEBUG] gui.bom_panel - BomPanel: 构建的BOM码: PL-Rückwand-1118897
2025-05-15 10:55:24,337 [DEBUG] gui.bom_panel - BomPanel: 获取根窗口成功
2025-05-15 10:55:24,338 [DEBUG] gui.bom_panel - BomPanel: 获取MainWindow实例成功
2025-05-15 10:55:24,338 [DEBUG] gui.bom_panel - BomPanel: 找到逻辑面板
2025-05-15 10:55:24,339 [DEBUG] gui.logic_panel - LogicPanel: 开始插入代码: PL-Rückwand-1118897
2025-05-15 10:55:24,339 [DEBUG] gui.logic_panel - 验证BOM码: PL-Rückwand-1118897
2025-05-15 10:55:24,340 [INFO] gui.logic_panel - LogicPanel: 输入历史 - 类型: BOM_code, 内容: PL-Rückwand-1118897, 当前表达式: K-200-000300  → PL-Rückwand-1118897 
2025-05-15 10:55:24,340 [INFO] gui.bom_panel - BomPanel: 成功发送代码到逻辑面板: PL-Rückwand-1118897
2025-05-15 10:55:24,340 [INFO] gui.bom_panel - BomPanel: 成功插入BOM码: PL-Rückwand-1118897
2025-05-15 10:55:25,802 [INFO] gui.logic_panel - 创建新的BOM逻辑规则ID: BL01
2025-05-15 10:55:25,803 [DEBUG] core.logic_builder - Attempting to add rule: BL01. Current description (before generation): ''
2025-05-15 10:55:25,804 [DEBUG] core.logic_builder - Generated condition part for rule BL01: 'Ziegler Standardsitze'
2025-05-15 10:55:25,805 [DEBUG] core.logic_builder - Generated action part for rule BL01: 'PL-Rückwand-Rückwand Sandwich kpl.-Rucksack Sitzplatz 5,6 Z-Cab NG'
2025-05-15 10:55:25,805 [INFO] core.logic_builder - Generated description for new rule BL01: 'Ziegler Standardsitze → PL-Rückwand-Rückwand Sandwich kpl.-Rucksack Sitzplatz 5,6 Z-Cab NG'
2025-05-15 10:55:25,807 [INFO] core.logic_builder - 已保存 1 条规则到临时文件 (C:\Users\mengy\Desktop\ZK_LogicBom_Builder\data\temp_rules_latest.json)
2025-05-15 10:55:25,807 [INFO] gui.logic_panel - LogicPanel: 收到规则变更: added, ID: BL01
2025-05-15 10:55:25,808 [DEBUG] gui.logic_panel - LogicPanel _on_rule_change: Rule object provided. ID: BL01, Description: 'Ziegler Standardsitze → PL-Rückwand-Rückwand Sandwich kpl.-Rucksack Sitzplatz 5,6 Z-Cab NG'
2025-05-15 10:55:25,808 [DEBUG] gui.logic_panel - LogicPanel _on_rule_change (added): Inserted rule item BL01
2025-05-15 10:55:25,809 [DEBUG] gui.logic_panel - LogicPanel _on_rule_change (added): Inserted description item BL01_desc for rule BL01: COND='Ziegler Standardsitze', EFF='PL-Rückwand-Rückwand Sandwich kpl.-Rucksack Sitzplatz 5,6 Z-Cab NG'
2025-05-15 10:55:25,809 [DEBUG] gui.logic_panel - LogicPanel _on_rule_change (added): Re-set item values for parent BL01 to potentially force refresh.
2025-05-15 10:55:25,809 [INFO] gui.logic_panel - LogicPanel: 已更新树中的规则 BL01
2025-05-15 10:55:25,810 [INFO] core.logic_builder - 已添加规则: BL01, Desc='Ziegler Standardsitze → PL-Rückwand-Rückwand Sandw...'
2025-05-15 10:55:25,810 [INFO] gui.logic_panel - 成功保存规则: BL01, 条件: K-200-000300, 影响: PL-Rückwand-1118897, 状态: RuleStatus.ENABLED
2025-05-15 10:55:35,229 [DEBUG] core.logic_builder - Updating description for rule BL01. Old description: 'Ziegler Standardsitze → PL-Rückwand-Rückwand Sandwich kpl.-Rucksack Sitzplatz 5,6 Z-Cab NG'
2025-05-15 10:55:35,229 [DEBUG] core.logic_builder - Generated condition part for rule BL01: 'Ziegler Standardsitze'
2025-05-15 10:55:35,229 [DEBUG] core.logic_builder - Generated action part for rule BL01: 'PL-Rückwand-Rückwand Sandwich kpl.-Rucksack Sitzplatz 5,6 Z-Cab NG'
2025-05-15 10:55:35,229 [INFO] core.logic_builder - Description for rule BL01 is already up-to-date. No change made.
2025-05-15 10:55:35,229 [INFO] gui.logic_panel - 规则 BL01 已编辑并通过LogicBuilder更新。
2025-05-15 10:55:40,959 [DEBUG] core.logic_builder - Updating description for rule BL01. Old description: 'Ziegler Standardsitze → PL-Rückwand-Rückwand Sandwich kpl.-Rucksack Sitzplatz 5,6 Z-Cab NG'
2025-05-15 10:55:40,959 [DEBUG] core.logic_builder - Generated condition part for rule BL01: 'Ziegler Standardsitze'
2025-05-15 10:55:40,960 [DEBUG] core.logic_builder - Generated action part for rule BL01: 'PL-Rückwand-Rückwand Sandwich kpl.-Rucksack Sitzplatz 5,6 Z-Cab NG'
2025-05-15 10:55:40,960 [INFO] core.logic_builder - Description for rule BL01 is already up-to-date. No change made.
2025-05-15 10:55:40,960 [INFO] gui.logic_panel - 规则 BL01 已编辑并通过LogicBuilder更新。
2025-05-15 10:55:46,855 [DEBUG] core.logic_builder - Updating description for rule BL01. Old description: 'Ziegler Standardsitze → PL-Rückwand-Rückwand Sandwich kpl.-Rucksack Sitzplatz 5,6 Z-Cab NG'
2025-05-15 10:55:46,855 [DEBUG] core.logic_builder - Generated condition part for rule BL01: 'Ziegler Standardsitze'
2025-05-15 10:55:46,855 [DEBUG] core.logic_builder - Generated action part for rule BL01: 'PL-Rückwand-1118893'
2025-05-15 10:55:46,856 [INFO] core.logic_builder - Updated description for rule BL01: 'Ziegler Standardsitze → PL-Rückwand-1118893'
2025-05-15 10:55:46,856 [INFO] core.logic_builder - 已保存 1 条规则到临时文件 (C:\Users\mengy\Desktop\ZK_LogicBom_Builder\data\temp_rules_latest.json)
2025-05-15 10:55:46,857 [INFO] gui.logic_panel - LogicPanel: 收到规则变更: modified, ID: BL01
2025-05-15 10:55:46,857 [DEBUG] gui.logic_panel - LogicPanel _on_rule_change: Rule object provided. ID: BL01, Description: 'Ziegler Standardsitze → PL-Rückwand-1118893'
2025-05-15 10:55:46,857 [DEBUG] gui.logic_panel - LogicPanel _on_rule_change (modified): Updating split description for BL01: COND='Ziegler Standardsitze', EFF='PL-Rückwand-1118893'
2025-05-15 10:55:46,857 [DEBUG] gui.logic_panel - LogicPanel _on_rule_change (modified): Updated description item BL01_desc for rule BL01
2025-05-15 10:55:46,857 [INFO] gui.logic_panel - 规则 BL01 已编辑并通过LogicBuilder更新。
2025-05-15 10:55:48,564 [DEBUG] core.logic_builder - Updating description for rule BL01. Old description: 'Ziegler Standardsitze → PL-Rückwand-1118893'
2025-05-15 10:55:48,565 [DEBUG] core.logic_builder - Generated condition part for rule BL01: 'Ziegler Standardsitze'
2025-05-15 10:55:48,565 [DEBUG] core.logic_builder - Generated action part for rule BL01: 'PL-Rückwand-1118893'
2025-05-15 10:55:48,565 [INFO] core.logic_builder - Description for rule BL01 is already up-to-date. No change made.
2025-05-15 10:55:48,565 [INFO] gui.logic_panel - 规则 BL01 已编辑并通过LogicBuilder更新。
2025-05-15 10:55:52,466 [DEBUG] core.logic_builder - Updating description for rule BL01. Old description: 'Ziegler Standardsitze → PL-Rückwand-1118893'
2025-05-15 10:55:52,466 [DEBUG] core.logic_builder - Generated condition part for rule BL01: 'Ziegler Standardsitze'
2025-05-15 10:55:52,466 [DEBUG] core.logic_builder - Generated action part for rule BL01: 'PL-Rückwand-1118893'
2025-05-15 10:55:52,466 [INFO] core.logic_builder - Description for rule BL01 is already up-to-date. No change made.
2025-05-15 10:55:52,467 [INFO] gui.logic_panel - 规则 BL01 已编辑并通过LogicBuilder更新。
2025-05-15 10:56:04,784 [DEBUG] core.logic_builder - Updating description for rule BL01. Old description: 'Ziegler Standardsitze → PL-Rückwand-1118893'
2025-05-15 10:56:04,784 [DEBUG] core.logic_builder - Generated condition part for rule BL01: 'Ziegler Standardsitze'
2025-05-15 10:56:04,785 [DEBUG] core.logic_builder - Generated action part for rule BL01: 'PL-Rückwand-Rückwand Sandwich-Z-Cab NG Teilesatz'
2025-05-15 10:56:04,785 [INFO] core.logic_builder - Updated description for rule BL01: 'Ziegler Standardsitze → PL-Rückwand-Rückwand Sandwich-Z-Cab NG Teilesatz'
2025-05-15 10:56:04,785 [INFO] core.logic_builder - 已保存 1 条规则到临时文件 (C:\Users\mengy\Desktop\ZK_LogicBom_Builder\data\temp_rules_latest.json)
2025-05-15 10:56:04,785 [INFO] gui.logic_panel - LogicPanel: 收到规则变更: modified, ID: BL01
2025-05-15 10:56:04,785 [DEBUG] gui.logic_panel - LogicPanel _on_rule_change: Rule object provided. ID: BL01, Description: 'Ziegler Standardsitze → PL-Rückwand-Rückwand Sandwich-Z-Cab NG Teilesatz'
2025-05-15 10:56:04,786 [DEBUG] gui.logic_panel - LogicPanel _on_rule_change (modified): Updating split description for BL01: COND='Ziegler Standardsitze', EFF='PL-Rückwand-Rückwand Sandwich-Z-Cab NG Teilesatz'
2025-05-15 10:56:04,786 [DEBUG] gui.logic_panel - LogicPanel _on_rule_change (modified): Updated description item BL01_desc for rule BL01
2025-05-15 10:56:04,786 [INFO] gui.logic_panel - 规则 BL01 已编辑并通过LogicBuilder更新。
2025-05-15 10:56:09,694 [DEBUG] core.logic_builder - Updating description for rule BL01. Old description: 'Ziegler Standardsitze → PL-Rückwand-Rückwand Sandwich-Z-Cab NG Teilesatz'
2025-05-15 10:56:09,694 [DEBUG] core.logic_builder - Generated condition part for rule BL01: 'Ziegler Standardsitze'
2025-05-15 10:56:09,694 [DEBUG] core.logic_builder - Generated action part for rule BL01: 'PL-Rückwand-Rückwand Sandwich-Z-Cab NG Teilesatz'
2025-05-15 10:56:09,694 [INFO] core.logic_builder - Description for rule BL01 is already up-to-date. No change made.
2025-05-15 10:56:09,694 [INFO] gui.logic_panel - 规则 BL01 已编辑并通过LogicBuilder更新。
