2025-04-29 10:39:44,005 [INFO] root - 程序启动，日志文件: C:\Users\mengy\Desktop\ZK_LogicBom_Builder\logs\log_20250429_103944.log
2025-04-29 10:39:44,234 [INFO] __main__ - 正在启动程序...
2025-04-29 10:39:44,235 [DEBUG] __main__ - Python版本: 3.13.2 (tags/v3.13.2:4f8bb39, Feb  4 2025, 15:23:48) [MSC v.1942 64 bit (AMD64)]
2025-04-29 10:39:44,235 [DEBUG] __main__ - 当前工作目录: C:\Users\mengy\Desktop\ZK_LogicBom_Builder
2025-04-29 10:39:44,235 [DEBUG] __main__ - src_dir路径: c:\Users\mengy\Desktop\ZK_LogicBom_Builder
2025-04-29 10:39:44,258 [INFO] __main__ - 正在创建语言选择对话框...
2025-04-29 10:39:45,829 [INFO] gui.language_dialog_tk - 已选择语言: zh
2025-04-29 10:39:45,844 [INFO] __main__ - 语言选择结果: zh
2025-04-29 10:39:45,844 [INFO] __main__ - 正在创建主题选择对话框...
2025-04-29 10:39:45,844 [DEBUG] gui.theme_dialog_tk - 创建主题选择对话框
2025-04-29 10:39:45,849 [DEBUG] gui.theme_dialog_tk - 主题选择对话框创建完成
2025-04-29 10:39:46,663 [DEBUG] gui.theme_dialog_tk - 用户选择了light主题
2025-04-29 10:39:46,681 [INFO] __main__ - 主题选择结果: light
2025-04-29 10:39:46,683 [INFO] __main__ - 正在配置主窗口...
2025-04-29 10:39:46,793 [INFO] __main__ - 开始创建MainWindow实例...
2025-04-29 10:39:46,801 [INFO] core.logic_builder - 已加载 2 条规则
2025-04-29 10:39:46,844 [INFO] gui.logic_panel - 规则未加载状态，等待用户确认后再加载规则
2025-04-29 10:39:46,857 [INFO] __main__ - MainWindow实例创建完成
2025-04-29 10:39:47,184 [INFO] __main__ - 开始mainloop()...
2025-04-29 10:39:55,653 [INFO] core.config_processor - 找到工作表: ['1.Kabine']
2025-04-29 10:39:55,654 [INFO] core.config_processor - 处理工作表: 1.Kabine -> 模块: 1.Kabine
2025-04-29 10:39:55,677 [INFO] gui.config_panel - 成功导入配置文件: C:/Users/mengy/Desktop/Kabinemekrmal(Test).xlsx
2025-04-29 10:39:55,679 [INFO] gui.main_window_tk - 成功保存配置文件路径到app_config.json: C:/Users/mengy/Desktop/Kabinemekrmal(Test).xlsx
2025-04-29 10:39:55,680 [INFO] gui.config_panel - 已保存配置文件路径到app_config.json: C:/Users/mengy/Desktop/Kabinemekrmal(Test).xlsx
2025-04-29 10:39:57,646 [INFO] core.bom_processor - 开始导入BOM文件: C:/Users/mengy/Desktop/Bom.xlsx
2025-04-29 10:39:57,646 [INFO] core.bom_processor - 已清空现有数据
2025-04-29 10:39:57,647 [INFO] core.bom_processor - 正在读取Excel文件...
2025-04-29 10:39:57,651 [INFO] core.bom_processor - 成功打开Excel文件，包含以下工作表: ['Max-Gruppe']
2025-04-29 10:39:57,652 [INFO] core.bom_processor - 正在读取 Max-Gruppe 工作表...
2025-04-29 10:39:57,662 [INFO] core.bom_processor - 成功读取工作表，共 154 行数据
2025-04-29 10:39:57,662 [INFO] core.bom_processor - 所有必需列均存在，开始处理数据...
2025-04-29 10:39:57,663 [INFO] core.bom_processor - 过滤空层级后剩余 153 行数据
2025-04-29 10:39:57,663 [INFO] core.bom_processor - 
开始处理数据...
2025-04-29 10:39:57,667 [INFO] core.bom_processor - 
数据处理完成，成功处理 {processed_count} 行数据
2025-04-29 10:39:57,667 [INFO] core.bom_processor - 第 1 级节点数量: 1
2025-04-29 10:39:57,667 [INFO] core.bom_processor - 第 2 级节点数量: 133
2025-04-29 10:39:57,668 [INFO] core.bom_processor - 第 3 级节点数量: 19
2025-04-29 10:39:57,668 [INFO] core.bom_processor - BOM文件导入成功，共处理 153 个项目
2025-04-29 10:39:57,668 [INFO] gui.bom_panel - 成功导入BOM文件: C:/Users/mengy/Desktop/Bom.xlsx
2025-04-29 10:39:57,669 [INFO] gui.bom_panel - 开始刷新树状图
2025-04-29 10:39:57,669 [INFO] gui.bom_panel - 树状图刷新完成
2025-04-29 10:39:57,671 [INFO] gui.main_window_tk - 成功保存BOM文件路径到app_config.json: C:/Users/mengy/Desktop/Bom.xlsx
2025-04-29 10:39:57,671 [INFO] gui.bom_panel - 已保存BOM文件路径到app_config.json: C:/Users/mengy/Desktop/Bom.xlsx
2025-04-29 10:40:00,189 [DEBUG] gui.config_panel - ConfigPanel: 双击选中项 ID: I011
2025-04-29 10:40:00,190 [DEBUG] gui.config_panel - ConfigPanel: 选中项文本: K-200-000300 Ziegler Standardsitze
2025-04-29 10:40:00,191 [DEBUG] gui.config_panel - ConfigPanel: 提取的代码: K-200-000300
2025-04-29 10:40:00,191 [INFO] gui.config_panel - ConfigPanel: 准备插入特征值: K-200-000300
2025-04-29 10:40:00,192 [DEBUG] gui.config_panel - ConfigPanel: 获取根窗口成功
2025-04-29 10:40:00,192 [DEBUG] gui.config_panel - ConfigPanel: 获取MainWindow实例成功
2025-04-29 10:40:00,193 [DEBUG] gui.config_panel - ConfigPanel: 找到逻辑面板
2025-04-29 10:40:00,193 [DEBUG] gui.logic_panel - LogicPanel: 开始插入代码: K-200-000300
2025-04-29 10:40:00,193 [INFO] gui.logic_panel - LogicPanel: 输入历史 - 类型: K_code, 内容: K-200-000300, 当前表达式: K-200-000300 
2025-04-29 10:40:00,194 [INFO] gui.config_panel - ConfigPanel: 成功发送代码到逻辑面板: K-200-000300
2025-04-29 10:40:00,982 [INFO] gui.logic_panel - LogicPanel: 输入历史 - 类型: operator, 内容: →, 当前表达式: K-200-000300  → 
2025-04-29 10:40:01,909 [DEBUG] gui.bom_panel - BomPanel: 双击选中项 ID: I025
2025-04-29 10:40:01,910 [DEBUG] gui.bom_panel - BomPanel: 选中项文本: [2] PL-Sitze02
2025-04-29 10:40:02,813 [DEBUG] gui.bom_panel - BomPanel: 双击选中项 ID: I028
2025-04-29 10:40:02,813 [DEBUG] gui.bom_panel - BomPanel: 选中项文本: 1161297 - PA-Sitz Std. mechanisch / BA-seat mechanically
Z-Cab NG Zweiflaschengerät / Z-Cab NG twin-bottle device
2025-04-29 10:40:02,814 [DEBUG] gui.bom_panel - BomPanel: 提取到Baugruppe: 1161297
2025-04-29 10:40:02,814 [DEBUG] gui.bom_panel - BomPanel: 提取到占位符: PL-Sitze02
2025-04-29 10:40:02,815 [DEBUG] gui.bom_panel - BomPanel: 构建的BOM码: PL-Sitze02-1161297
2025-04-29 10:40:02,815 [DEBUG] gui.bom_panel - BomPanel: 获取根窗口成功
2025-04-29 10:40:02,815 [DEBUG] gui.bom_panel - BomPanel: 获取MainWindow实例成功
2025-04-29 10:40:02,816 [DEBUG] gui.bom_panel - BomPanel: 找到逻辑面板
2025-04-29 10:40:02,816 [DEBUG] gui.logic_panel - LogicPanel: 开始插入代码: PL-Sitze02-1161297
2025-04-29 10:40:02,816 [DEBUG] gui.logic_panel - 验证BOM码: PL-Sitze02-1161297
2025-04-29 10:40:02,817 [INFO] gui.logic_panel - LogicPanel: 输入历史 - 类型: BOM_code, 内容: PL-Sitze02-1161297, 当前表达式: K-200-000300  → PL-Sitze02-1161297 
2025-04-29 10:40:02,817 [INFO] gui.bom_panel - BomPanel: 成功发送代码到逻辑面板: PL-Sitze02-1161297
2025-04-29 10:40:02,817 [INFO] gui.bom_panel - BomPanel: 成功插入BOM码: PL-Sitze02-1161297
2025-04-29 10:40:03,742 [INFO] core.logic_builder - 规则数据已保存到临时文件，共 3 条规则
2025-04-29 10:40:03,746 [INFO] core.logic_builder - 规则数据已保存到临时文件，共 3 条规则
2025-04-29 10:40:03,747 [INFO] core.logic_builder - 规则数据已保存到文件: C:\Users\mengy\Desktop\ZK_LogicBom_Builder\data\temp_rules_latest.json
2025-04-29 10:40:03,747 [INFO] gui.logic_panel - 已保存新的BOM逻辑关系规则: ID=BL01, 选择项=K-200-000300, 影响项=PL-Sitze02-1161297, 状态=enabled
2025-04-29 10:40:03,747 [INFO] gui.logic_panel - 收到规则变更事件: type=added, rule_id=BL01
2025-04-29 10:40:03,747 [INFO] gui.logic_panel - 已更新规则: BL01
2025-04-29 10:40:08,480 [INFO] gui.logic_library_window - 已加载 3 条 BOM 逻辑关系规则
2025-04-29 10:40:58,302 [INFO] gui.logic_library_window - 已加载 3 条 BOM 逻辑关系规则
2025-04-29 10:41:13,794 [INFO] core.logic_builder - 规则数据已保存到临时文件，共 2 条规则
2025-04-29 10:41:13,797 [INFO] core.logic_builder - 规则数据已保存到临时文件，共 2 条规则
2025-04-29 10:41:13,797 [INFO] core.logic_builder - 规则数据已保存到文件: C:\Users\mengy\Desktop\ZK_LogicBom_Builder\data\temp_rules_latest.json
2025-04-29 10:41:13,798 [INFO] gui.logic_panel - 收到规则变更事件: type=deleted, rule_id=BL01
2025-04-29 10:41:13,798 [INFO] gui.logic_library_window - 收到规则变更事件: type=deleted, rule_id=BL01
2025-04-29 10:41:13,798 [INFO] gui.logic_library_window - 已删除规则: BL01
2025-04-29 10:41:15,638 [INFO] gui.logic_library_window - 已加载 2 条 BOM 逻辑关系规则
