2025-04-28 10:00:39,832 [INFO] root - 程序启动，日志文件: C:\Users\mengy\Desktop\ZK_LogicBom_Builder\logs\log_20250428_100039.log
2025-04-28 10:00:40,076 [INFO] __main__ - 正在启动程序...
2025-04-28 10:00:40,076 [DEBUG] __main__ - Python版本: 3.13.2 (tags/v3.13.2:4f8bb39, Feb  4 2025, 15:23:48) [MSC v.1942 64 bit (AMD64)]
2025-04-28 10:00:40,076 [DEBUG] __main__ - 当前工作目录: C:\Users\mengy\Desktop\ZK_LogicBom_Builder
2025-04-28 10:00:40,076 [DEBUG] __main__ - src_dir路径: c:\Users\mengy\Desktop\ZK_LogicBom_Builder
2025-04-28 10:00:40,104 [INFO] __main__ - 正在创建语言选择对话框...
2025-04-28 10:00:41,704 [INFO] gui.language_dialog_tk - 已选择语言: zh
2025-04-28 10:00:41,729 [INFO] __main__ - 语言选择结果: zh
2025-04-28 10:00:41,729 [INFO] __main__ - 正在创建主题选择对话框...
2025-04-28 10:00:41,730 [DEBUG] gui.theme_dialog_tk - 创建主题选择对话框
2025-04-28 10:00:41,744 [DEBUG] gui.theme_dialog_tk - 主题选择对话框创建完成
2025-04-28 10:00:42,790 [DEBUG] gui.theme_dialog_tk - 用户选择了light主题
2025-04-28 10:00:42,813 [INFO] __main__ - 主题选择结果: light
2025-04-28 10:00:42,829 [INFO] __main__ - 正在配置主窗口...
2025-04-28 10:00:42,918 [INFO] __main__ - 开始创建MainWindow实例...
2025-04-28 10:00:42,918 [INFO] core.logic_builder - 已加载 6 条规则
2025-04-28 10:00:43,028 [INFO] __main__ - MainWindow实例创建完成
2025-04-28 10:00:43,297 [INFO] __main__ - 开始mainloop()...
2025-04-28 10:00:45,315 [INFO] core.config_processor - 找到工作表: ['TD', '0.模板&Vorlage', '1.Fahrgestell', '2.Fahrzeug allgemein', '3.Beschriftung&Kennzeichnung', '4. Anbauten&Fahrgestellarbeiten', '5. Fahrer_Mannschaftsraum', '6.Koffer', '7.Lichtmast', '8.Pumpenanlage', '9.Seilwinde&Generator', '10.Halterungen']
2025-04-28 10:00:45,316 [DEBUG] core.config_processor - 跳过工作表: TD
2025-04-28 10:00:45,316 [DEBUG] core.config_processor - 跳过工作表: 0.模板&Vorlage
2025-04-28 10:00:45,316 [INFO] core.config_processor - 处理工作表: 1.Fahrgestell -> 模块: 1.Fahrgestell
2025-04-28 10:00:45,334 [INFO] core.config_processor - 处理工作表: 2.Fahrzeug allgemein -> 模块: 2.Fahrzeug allgemein
2025-04-28 10:00:45,351 [INFO] core.config_processor - 处理工作表: 3.Beschriftung&Kennzeichnung -> 模块: 3.Beschriftung&Kennzeichnung
2025-04-28 10:00:45,367 [INFO] core.config_processor - 处理工作表: 4. Anbauten&Fahrgestellarbeiten -> 模块: 4.Anbauten&Fahrgestellarbeiten
2025-04-28 10:00:45,382 [INFO] core.config_processor - 处理工作表: 5. Fahrer_Mannschaftsraum -> 模块: 5.Fahrer_Mannschaftsraum
2025-04-28 10:00:45,402 [INFO] core.config_processor - 处理工作表: 6.Koffer -> 模块: 6.Koffer
2025-04-28 10:00:45,419 [INFO] core.config_processor - 处理工作表: 7.Lichtmast -> 模块: 7.Lichtmast
2025-04-28 10:00:45,434 [INFO] core.config_processor - 处理工作表: 8.Pumpenanlage -> 模块: 8.Pumpenanlage
2025-04-28 10:00:45,449 [INFO] core.config_processor - 处理工作表: 9.Seilwinde&Generator -> 模块: 9.Seilwinde&Generator
2025-04-28 10:00:45,464 [INFO] core.config_processor - 处理工作表: 10.Halterungen -> 模块: 10.Halterungen
2025-04-28 10:00:45,478 [INFO] gui.config_panel - 成功导入配置文件: C:/Users/mengy/Desktop/配置选项_Konfigurationsoptions.xlsm
2025-04-28 10:00:45,483 [INFO] gui.main_window_tk - 成功保存配置文件路径到app_config.json: C:/Users/mengy/Desktop/配置选项_Konfigurationsoptions.xlsm
2025-04-28 10:00:45,483 [INFO] gui.config_panel - 已保存配置文件路径到app_config.json: C:/Users/mengy/Desktop/配置选项_Konfigurationsoptions.xlsm
2025-04-28 10:00:46,850 [INFO] core.bom_processor - 开始导入BOM文件: C:/Users/mengy/Desktop/Bom.xlsx
2025-04-28 10:00:46,850 [INFO] core.bom_processor - 已清空现有数据
2025-04-28 10:00:46,850 [INFO] core.bom_processor - 正在读取Excel文件...
2025-04-28 10:00:46,854 [INFO] core.bom_processor - 成功打开Excel文件，包含以下工作表: ['Max-Gruppe']
2025-04-28 10:00:46,854 [INFO] core.bom_processor - 正在读取 Max-Gruppe 工作表...
2025-04-28 10:00:46,864 [INFO] core.bom_processor - 成功读取工作表，共 154 行数据
2025-04-28 10:00:46,864 [INFO] core.bom_processor - 所有必需列均存在，开始处理数据...
2025-04-28 10:00:46,865 [INFO] core.bom_processor - 过滤空层级后剩余 153 行数据
2025-04-28 10:00:46,866 [INFO] core.bom_processor - 
开始处理数据...
2025-04-28 10:00:46,869 [INFO] core.bom_processor - 
数据处理完成，成功处理 {processed_count} 行数据
2025-04-28 10:00:46,869 [INFO] core.bom_processor - 第 1 级节点数量: 1
2025-04-28 10:00:46,869 [INFO] core.bom_processor - 第 2 级节点数量: 133
2025-04-28 10:00:46,870 [INFO] core.bom_processor - 第 3 级节点数量: 19
2025-04-28 10:00:46,870 [INFO] core.bom_processor - BOM文件导入成功，共处理 153 个项目
2025-04-28 10:00:46,870 [INFO] gui.bom_panel - 成功导入BOM文件: C:/Users/mengy/Desktop/Bom.xlsx
2025-04-28 10:00:46,870 [INFO] gui.bom_panel - 开始刷新树状图
2025-04-28 10:00:46,872 [INFO] gui.bom_panel - 树状图刷新完成
2025-04-28 10:00:46,873 [INFO] gui.main_window_tk - 成功保存BOM文件路径到app_config.json: C:/Users/mengy/Desktop/Bom.xlsx
2025-04-28 10:00:46,873 [INFO] gui.bom_panel - 已保存BOM文件路径到app_config.json: C:/Users/mengy/Desktop/Bom.xlsx
2025-04-28 10:00:47,670 [ERROR] gui.main_window_tk - 加载上次配置时出错: name 'RULES_DATA_FILE' is not defined
2025-04-28 10:00:51,652 [INFO] gui.logic_library_window - 已加载 6 条 BOM 逻辑关系规则
