2025-05-15 11:00:12,011 [INFO] root - 程序启动，日志文件: C:\Users\mengy\Desktop\ZK_LogicBom_Builder\logs\log_20250515_110012.log
2025-05-15 11:00:12,242 [INFO] __main__ - 正在启动程序...
2025-05-15 11:00:12,242 [DEBUG] __main__ - Python版本: 3.13.2 (tags/v3.13.2:4f8bb39, Feb  4 2025, 15:23:48) [MSC v.1942 64 bit (AMD64)]
2025-05-15 11:00:12,242 [DEBUG] __main__ - 当前工作目录: C:\Users\mengy\Desktop\ZK_LogicBom_Builder
2025-05-15 11:00:12,242 [DEBUG] __main__ - src_dir路径: c:\Users\mengy\Desktop\ZK_LogicBom_Builder
2025-05-15 11:00:12,263 [INFO] __main__ - 正在创建语言选择对话框...
2025-05-15 11:00:13,349 [INFO] gui.language_dialog_tk - 已选择语言: zh
2025-05-15 11:00:13,366 [INFO] __main__ - 语言选择结果: zh
2025-05-15 11:00:13,367 [INFO] __main__ - 正在创建主题选择对话框...
2025-05-15 11:00:13,367 [DEBUG] gui.theme_dialog_tk - 创建主题选择对话框
2025-05-15 11:00:13,377 [DEBUG] gui.theme_dialog_tk - 主题选择对话框创建完成
2025-05-15 11:00:13,937 [DEBUG] gui.theme_dialog_tk - 用户选择了light主题
2025-05-15 11:00:13,965 [INFO] __main__ - 主题选择结果: light
2025-05-15 11:00:13,967 [INFO] __main__ - 正在配置主窗口...
2025-05-15 11:00:14,109 [INFO] __main__ - 开始创建MainWindow实例...
2025-05-15 11:00:14,110 [INFO] core.logic_builder - 从 C:\Users\mengy\Desktop\ZK_LogicBom_Builder\data\temp_rules_latest.json 加载时检测到新版大写键名规则文件格式 (BL_rules/TL_rules)。
2025-05-15 11:00:14,110 [DEBUG] core.logic_builder - Rule BL01 loaded from file. Original file description: 'Ziegler Standardsitze → PL-Rückwand-Rückwand Sandwich-Z-Cab NG Teilesatz'. Regenerating description.
2025-05-15 11:00:14,110 [DEBUG] core.logic_builder - Generated condition part for rule BL01: 'K-200-000300'
2025-05-15 11:00:14,110 [DEBUG] core.logic_builder - Generated action part for rule BL01: 'PL-Rückwand-1114027'
2025-05-15 11:00:14,110 [INFO] core.logic_builder - Newly generated description for BL01 (on _load_rules): 'K-200-000300 → PL-Rückwand-1114027'
2025-05-15 11:00:14,111 [INFO] core.logic_builder - 已加载 1 条规则从 C:\Users\mengy\Desktop\ZK_LogicBom_Builder\data\temp_rules_latest.json
2025-05-15 11:00:14,224 [INFO] gui.logic_panel - LogicPanel: 主窗口引用无效、rules_loaded属性不存在或规则未加载，跳过加载到树。
2025-05-15 11:00:14,236 [INFO] __main__ - MainWindow实例创建完成
2025-05-15 11:00:14,472 [INFO] __main__ - 开始mainloop()...
2025-05-15 11:00:15,925 [INFO] core.config_processor - 找到工作表: ['1.Kabine']
2025-05-15 11:00:15,925 [INFO] core.config_processor - 处理工作表: 1.Kabine -> 模块: 1.Kabine
2025-05-15 11:00:15,947 [INFO] gui.config_panel - 成功导入配置文件: C:/Users/mengy/OneDrive/Kabine_Test_Dokument/Kabine_Mekrmal(Test).xlsx
2025-05-15 11:00:15,949 [INFO] gui.main_window_tk - 成功保存配置文件路径到app_config.json: C:/Users/mengy/OneDrive/Kabine_Test_Dokument/Kabine_Mekrmal(Test).xlsx
2025-05-15 11:00:15,949 [INFO] gui.config_panel - 已保存配置文件路径到app_config.json: C:/Users/mengy/OneDrive/Kabine_Test_Dokument/Kabine_Mekrmal(Test).xlsx
2025-05-15 11:00:16,980 [INFO] core.bom_processor - 开始导入BOM文件: C:/Users/mengy/OneDrive/Kabine_Test_Dokument/Kabine_Bom-MaxGruppe.xlsx
2025-05-15 11:00:16,980 [INFO] core.bom_processor - 已清空现有数据
2025-05-15 11:00:16,981 [INFO] core.bom_processor - 正在读取Excel文件...
2025-05-15 11:00:16,986 [INFO] core.bom_processor - 成功打开Excel文件，包含以下工作表: ['Max-Gruppe']
2025-05-15 11:00:16,986 [INFO] core.bom_processor - 正在读取 Max-Gruppe 工作表...
2025-05-15 11:00:17,002 [INFO] core.bom_processor - 成功读取工作表，共 244 行数据
2025-05-15 11:00:17,002 [INFO] core.bom_processor - 所有必需列均存在，开始处理数据...
2025-05-15 11:00:17,003 [INFO] core.bom_processor - 过滤空层级后剩余 244 行数据
2025-05-15 11:00:17,003 [INFO] core.bom_processor - 
开始处理数据...
2025-05-15 11:00:17,009 [INFO] core.bom_processor - 
数据处理完成，成功处理 {processed_count} 行数据
2025-05-15 11:00:17,009 [INFO] core.bom_processor - 第 1 级节点数量: 244
2025-05-15 11:00:17,009 [INFO] core.bom_processor - BOM文件导入成功，共处理 244 个项目
2025-05-15 11:00:17,009 [INFO] gui.bom_panel - 成功导入BOM文件: C:/Users/mengy/OneDrive/Kabine_Test_Dokument/Kabine_Bom-MaxGruppe.xlsx
2025-05-15 11:00:17,009 [INFO] gui.bom_panel - 开始刷新树状图
2025-05-15 11:00:17,010 [INFO] gui.bom_panel - 树状图刷新完成
2025-05-15 11:00:17,011 [INFO] gui.main_window_tk - 成功保存BOM文件路径到app_config.json: C:/Users/mengy/OneDrive/Kabine_Test_Dokument/Kabine_Bom-MaxGruppe.xlsx
2025-05-15 11:00:17,011 [INFO] gui.bom_panel - 已保存BOM文件路径到app_config.json: C:/Users/mengy/OneDrive/Kabine_Test_Dokument/Kabine_Bom-MaxGruppe.xlsx
2025-05-15 11:00:17,693 [INFO] core.logic_builder - 准备从临时文件加载规则: C:\Users\mengy\Desktop\ZK_LogicBom_Builder\data\temp_rules_latest.json
2025-05-15 11:00:17,693 [DEBUG] core.logic_builder - Rule BL01 loaded from temp file. Original file description: 'Ziegler Standardsitze → PL-Rückwand-Rückwand Sandwich-Z-Cab NG Teilesatz'. Regenerating description.
2025-05-15 11:00:17,694 [DEBUG] core.logic_builder - Generated condition part for rule BL01: 'Ziegler Standardsitze'
2025-05-15 11:00:17,694 [DEBUG] core.logic_builder - Generated action part for rule BL01: 'PL-Rückwand-Rückwand Sandwich-Z-Cab NG Teilesatz'
2025-05-15 11:00:17,694 [INFO] core.logic_builder - Newly generated description for BL01 (from temp): 'Ziegler Standardsitze → PL-Rückwand-Rückwand Sandwich-Z-Cab NG Teilesatz'
2025-05-15 11:00:17,694 [INFO] gui.logic_panel - LogicPanel: 收到规则变更: imported, ID: None
2025-05-15 11:00:17,694 [DEBUG] gui.logic_panel - LogicPanel _on_rule_change: No rule object provided for ID: None
2025-05-15 11:00:17,694 [INFO] gui.logic_panel - LogicPanel: 主窗口引用无效、rules_loaded属性不存在或规则未加载，跳过加载到树。
2025-05-15 11:00:17,696 [INFO] gui.logic_panel - LogicPanel _on_rule_change: Called tree.update_idletasks() for type imported
2025-05-15 11:00:17,696 [INFO] core.logic_builder - 从临时文件 (C:\Users\mengy\Desktop\ZK_LogicBom_Builder\data\temp_rules_latest.json) 加载 1 条规则完成。导出状态: False
2025-05-15 11:00:17,697 [INFO] gui.main_window_tk - 检测到LogicBuilder中存在未导出的规则。
2025-05-15 11:00:18,293 [INFO] gui.main_window_tk - 用户拒绝加载未导出的规则。将清空规则。
2025-05-15 11:00:18,294 [INFO] core.logic_builder - 规则数据已成功清空，并写入空的临时文件: C:\Users\mengy\Desktop\ZK_LogicBom_Builder\data\temp_rules_latest.json
2025-05-15 11:00:18,294 [INFO] gui.logic_panel - LogicPanel: 收到规则变更: cleared, ID: None
2025-05-15 11:00:18,294 [DEBUG] gui.logic_panel - LogicPanel _on_rule_change: No rule object provided for ID: None
2025-05-15 11:00:18,294 [INFO] gui.logic_panel - LogicPanel: 主窗口引用无效、rules_loaded属性不存在或规则未加载，跳过加载到树。
2025-05-15 11:00:18,296 [INFO] gui.logic_panel - LogicPanel _on_rule_change: Called tree.update_idletasks() for type cleared
2025-05-15 11:00:18,296 [INFO] gui.logic_panel - LogicPanel: 主窗口引用无效、rules_loaded属性不存在或规则未加载，跳过加载到树。
2025-05-15 11:00:34,137 [DEBUG] gui.config_panel - ConfigPanel: 双击选中项 ID: I011
2025-05-15 11:00:34,138 [DEBUG] gui.config_panel - ConfigPanel: 选中项文本: K-200-000300 Ziegler Standardsitze
2025-05-15 11:00:34,138 [DEBUG] gui.config_panel - ConfigPanel: 提取的代码: K-200-000300
2025-05-15 11:00:34,138 [INFO] gui.config_panel - ConfigPanel: 准备插入特征值: K-200-000300
2025-05-15 11:00:34,138 [DEBUG] gui.config_panel - ConfigPanel: 获取根窗口成功
2025-05-15 11:00:34,138 [DEBUG] gui.config_panel - ConfigPanel: 获取MainWindow实例成功
2025-05-15 11:00:34,138 [DEBUG] gui.config_panel - ConfigPanel: 找到逻辑面板
2025-05-15 11:00:34,138 [DEBUG] gui.logic_panel - LogicPanel: 开始插入代码: K-200-000300
2025-05-15 11:00:34,138 [INFO] gui.logic_panel - LogicPanel: 输入历史 - 类型: K_code, 内容: K-200-000300, 当前表达式: K-200-000300 
2025-05-15 11:00:34,138 [INFO] gui.config_panel - ConfigPanel: 成功发送代码到逻辑面板: K-200-000300
2025-05-15 11:00:35,164 [INFO] gui.logic_panel - LogicPanel: 输入历史 - 类型: operator, 内容: →, 当前表达式: K-200-000300  → 
2025-05-15 11:00:35,893 [DEBUG] gui.bom_panel - BomPanel: 选中项文本: 10019298
PA-Sitz Std. mechanisch 1 FL
Sitzplatz 3
2025-05-15 11:00:35,893 [DEBUG] gui.bom_panel - BomPanel: 提取到Baugruppe: 10019298
2025-05-15 11:00:35,893 [DEBUG] gui.bom_panel - BomPanel: 提取到占位符: PL--Sitze03
2025-05-15 11:00:35,894 [DEBUG] gui.bom_panel - BomPanel: 构建的BOM码: PL--Sitze03-10019298
2025-05-15 11:00:35,894 [DEBUG] gui.bom_panel - BomPanel: 获取根窗口成功
2025-05-15 11:00:35,894 [DEBUG] gui.bom_panel - BomPanel: 获取MainWindow实例成功
2025-05-15 11:00:35,894 [DEBUG] gui.bom_panel - BomPanel: 找到逻辑面板
2025-05-15 11:00:35,894 [DEBUG] gui.logic_panel - LogicPanel: 开始插入代码: PL--Sitze03-10019298
2025-05-15 11:00:35,895 [DEBUG] gui.logic_panel - 验证BOM码: PL--Sitze03-10019298
2025-05-15 11:00:35,895 [INFO] gui.logic_panel - LogicPanel: 输入历史 - 类型: BOM_code, 内容: PL--Sitze03-10019298, 当前表达式: K-200-000300  → PL--Sitze03-10019298 
2025-05-15 11:00:35,895 [INFO] gui.bom_panel - BomPanel: 成功发送代码到逻辑面板: PL--Sitze03-10019298
2025-05-15 11:00:35,895 [INFO] gui.bom_panel - BomPanel: 成功插入BOM码: PL--Sitze03-10019298
2025-05-15 11:00:37,221 [INFO] gui.logic_panel - 创建新的BOM逻辑规则ID: BL01
2025-05-15 11:00:37,222 [DEBUG] core.logic_builder - Attempting to add rule: BL01. Current description (before generation): ''
2025-05-15 11:00:37,222 [DEBUG] core.logic_builder - Generated condition part for rule BL01: 'Ziegler Standardsitze'
2025-05-15 11:00:37,223 [DEBUG] core.logic_builder - Generated action part for rule BL01: 'PL--Sitze03-PA-Sitz Std. mechanisch 1 FL-Sitzplatz 3'
2025-05-15 11:00:37,223 [INFO] core.logic_builder - Generated description for new rule BL01: 'Ziegler Standardsitze → PL--Sitze03-PA-Sitz Std. mechanisch 1 FL-Sitzplatz 3'
2025-05-15 11:00:37,225 [INFO] core.logic_builder - 已保存 1 条规则到临时文件 (C:\Users\mengy\Desktop\ZK_LogicBom_Builder\data\temp_rules_latest.json)
2025-05-15 11:00:37,225 [INFO] gui.logic_panel - LogicPanel: 收到规则变更: added, ID: BL01
2025-05-15 11:00:37,225 [DEBUG] gui.logic_panel - LogicPanel _on_rule_change: Rule object provided. ID: BL01, Description: 'Ziegler Standardsitze → PL--Sitze03-PA-Sitz Std. mechanisch 1 FL-Sitzplatz 3'
2025-05-15 11:00:37,226 [DEBUG] gui.logic_panel - LogicPanel _on_rule_change (added): Inserted rule item BL01
2025-05-15 11:00:37,226 [DEBUG] gui.logic_panel - LogicPanel _on_rule_change (added): Inserted description item BL01_desc for rule BL01: COND='Ziegler Standardsitze', EFF='PL--Sitze03-PA-Sitz Std. mechanisch 1 FL-Sitzplatz 3'
2025-05-15 11:00:37,226 [DEBUG] gui.logic_panel - LogicPanel _on_rule_change (added): Re-set item values for parent BL01 to potentially force refresh.
2025-05-15 11:00:37,227 [INFO] gui.logic_panel - LogicPanel: 已更新树中的规则 BL01
2025-05-15 11:00:37,230 [INFO] gui.logic_panel - LogicPanel _on_rule_change: Called tree.update_idletasks() for type added
2025-05-15 11:00:37,231 [INFO] core.logic_builder - 已添加规则: BL01, Desc='Ziegler Standardsitze → PL--Sitze03-PA-Sitz Std. m...'
2025-05-15 11:00:37,231 [INFO] gui.logic_panel - 成功保存规则: BL01, 条件: K-200-000300, 影响: PL--Sitze03-10019298, 状态: RuleStatus.ENABLED
