2025-04-23 14:09:22,114 [INFO] root - 程序启动，日志文件: C:\Users\mengy\Desktop\ZK_LogicBom_Builder\logs\log_20250423_140922.log
2025-04-23 14:09:22,354 [INFO] __main__ - 正在启动程序...
2025-04-23 14:09:22,354 [DEBUG] __main__ - Python版本: 3.13.2 (tags/v3.13.2:4f8bb39, Feb  4 2025, 15:23:48) [MSC v.1942 64 bit (AMD64)]
2025-04-23 14:09:22,354 [DEBUG] __main__ - 当前工作目录: C:\Users\mengy\Desktop\ZK_LogicBom_Builder
2025-04-23 14:09:22,355 [DEBUG] __main__ - src_dir路径: c:\Users\mengy\Desktop\ZK_LogicBom_Builder
2025-04-23 14:09:22,376 [INFO] __main__ - 正在创建语言选择对话框...
2025-04-23 14:09:23,355 [INFO] gui.language_dialog_tk - 已选择语言: zh
2025-04-23 14:09:23,375 [INFO] __main__ - 语言选择结果: zh
2025-04-23 14:09:23,375 [INFO] __main__ - 正在创建主题选择对话框...
2025-04-23 14:09:23,375 [DEBUG] gui.theme_dialog_tk - 创建主题选择对话框
2025-04-23 14:09:23,380 [DEBUG] gui.theme_dialog_tk - 主题选择对话框创建完成
2025-04-23 14:09:24,065 [DEBUG] gui.theme_dialog_tk - 用户选择了light主题
2025-04-23 14:09:24,083 [INFO] __main__ - 主题选择结果: light
2025-04-23 14:09:24,086 [INFO] __main__ - 正在配置主窗口...
2025-04-23 14:09:24,167 [INFO] __main__ - 开始创建MainWindow实例...
2025-04-23 14:09:24,168 [INFO] core.logic_builder - 已加载 2 条规则
2025-04-23 14:09:24,207 [INFO] __main__ - MainWindow实例创建完成
2025-04-23 14:09:24,445 [INFO] __main__ - 开始mainloop()...
2025-04-23 14:09:25,945 [INFO] core.config_processor - 找到工作表: ['TD', '0.模板&Vorlage', '1.Fahrgestell', '2.Fahrzeug allgemein', '3.Beschriftung&Kennzeichnung', '4. Anbauten&Fahrgestellarbeiten', '5. Fahrer_Mannschaftsraum', '6.Koffer', '7.Lichtmast', '8.Pumpenanlage', '9.Seilwinde&Generator', '10.Halterungen']
2025-04-23 14:09:25,945 [DEBUG] core.config_processor - 跳过工作表: TD
2025-04-23 14:09:25,945 [DEBUG] core.config_processor - 跳过工作表: 0.模板&Vorlage
2025-04-23 14:09:25,945 [INFO] core.config_processor - 处理工作表: 1.Fahrgestell -> 模块: 1.Fahrgestell
2025-04-23 14:09:25,961 [INFO] core.config_processor - 处理工作表: 2.Fahrzeug allgemein -> 模块: 2.Fahrzeug allgemein
2025-04-23 14:09:25,977 [INFO] core.config_processor - 处理工作表: 3.Beschriftung&Kennzeichnung -> 模块: 3.Beschriftung&Kennzeichnung
2025-04-23 14:09:25,992 [INFO] core.config_processor - 处理工作表: 4. Anbauten&Fahrgestellarbeiten -> 模块: 4.Anbauten&Fahrgestellarbeiten
2025-04-23 14:09:26,006 [INFO] core.config_processor - 处理工作表: 5. Fahrer_Mannschaftsraum -> 模块: 5.Fahrer_Mannschaftsraum
2025-04-23 14:09:26,026 [INFO] core.config_processor - 处理工作表: 6.Koffer -> 模块: 6.Koffer
2025-04-23 14:09:26,041 [INFO] core.config_processor - 处理工作表: 7.Lichtmast -> 模块: 7.Lichtmast
2025-04-23 14:09:26,056 [INFO] core.config_processor - 处理工作表: 8.Pumpenanlage -> 模块: 8.Pumpenanlage
2025-04-23 14:09:26,071 [INFO] core.config_processor - 处理工作表: 9.Seilwinde&Generator -> 模块: 9.Seilwinde&Generator
2025-04-23 14:09:26,085 [INFO] core.config_processor - 处理工作表: 10.Halterungen -> 模块: 10.Halterungen
2025-04-23 14:09:26,101 [INFO] gui.config_panel - 成功导入配置文件: C:/Users/mengy/Desktop/配置选项_Konfigurationsoptions.xlsm
2025-04-23 14:09:26,104 [INFO] gui.main_window_tk - 成功保存配置文件路径到app_config.json: C:/Users/mengy/Desktop/配置选项_Konfigurationsoptions.xlsm
2025-04-23 14:09:26,104 [INFO] gui.config_panel - 已保存配置文件路径到app_config.json: C:/Users/mengy/Desktop/配置选项_Konfigurationsoptions.xlsm
2025-04-23 14:09:27,338 [INFO] core.bom_processor - 开始导入BOM文件: C:/Users/mengy/Desktop/BOM映射表.xlsx
2025-04-23 14:09:27,344 [INFO] core.bom_processor - 找到工作表: ['MAX-gruppe', 'K码表', '配置', 'Sheet1']
2025-04-23 14:09:27,356 [INFO] core.bom_processor - BOM文件导入成功
2025-04-23 14:09:27,356 [INFO] gui.bom_panel - 成功导入BOM文件: C:/Users/mengy/Desktop/BOM映射表.xlsx
2025-04-23 14:09:27,358 [INFO] gui.main_window_tk - 成功保存BOM文件路径到app_config.json: C:/Users/mengy/Desktop/BOM映射表.xlsx
2025-04-23 14:09:27,358 [INFO] gui.bom_panel - 已保存BOM文件路径到app_config.json: C:/Users/mengy/Desktop/BOM映射表.xlsx
2025-04-23 14:09:35,701 [DEBUG] gui.config_panel - ConfigPanel: 双击选中项 ID: I0BA
2025-04-23 14:09:35,702 [DEBUG] gui.config_panel - ConfigPanel: 选中项文本: K04_02_02 600 l
2025-04-23 14:09:35,702 [DEBUG] gui.config_panel - ConfigPanel: 提取的代码: K04_02_02
2025-04-23 14:09:35,703 [INFO] gui.config_panel - ConfigPanel: 准备插入K码: K04_02_02
2025-04-23 14:09:35,704 [DEBUG] gui.config_panel - ConfigPanel: 获取根窗口成功
2025-04-23 14:09:35,704 [DEBUG] gui.config_panel - ConfigPanel: 获取MainWindow实例成功
2025-04-23 14:09:35,705 [DEBUG] gui.config_panel - ConfigPanel: 找到逻辑面板
2025-04-23 14:09:35,706 [DEBUG] gui.logic_panel - LogicPanel: 开始插入代码: K04_02_02
2025-04-23 14:09:35,706 [INFO] gui.logic_panel - LogicPanel: 输入历史 - 类型: K_code, 内容: K04_02_02, 当前表达式: K04_02_02 
2025-04-23 14:09:35,707 [INFO] gui.config_panel - ConfigPanel: 成功发送代码到逻辑面板: K04_02_02
2025-04-23 14:09:36,730 [INFO] gui.logic_panel - LogicPanel: 输入历史 - 类型: operator, 内容: →, 当前表达式: K04_02_02  → 
2025-04-23 14:09:38,112 [DEBUG] gui.bom_panel - BomPanel: 双击选中项 ID: I006
2025-04-23 14:09:38,113 [DEBUG] gui.bom_panel - BomPanel: 选中项文本: [2] PL-GrundKabine 10019235 - Modulkabine Standard MAN Euro 6
Modul cabin standard MAN Euro 6
(Z-Cab NG Alpas 3 RAL 3000
Z-Cab NG Alpas 3 RAL 3000)
2025-04-23 14:09:38,114 [DEBUG] gui.bom_panel - BomPanel: 提取到占位符: PL-GrundKabine, Baugruppe: 10019235
2025-04-23 14:09:38,115 [INFO] gui.bom_panel - BomPanel: 准备插入BOM码: PL-GrundKabine-10019235
2025-04-23 14:09:38,116 [DEBUG] gui.bom_panel - BomPanel: 获取根窗口成功
2025-04-23 14:09:38,116 [DEBUG] gui.bom_panel - BomPanel: 获取MainWindow实例成功
2025-04-23 14:09:38,117 [DEBUG] gui.bom_panel - BomPanel: 找到逻辑面板
2025-04-23 14:09:38,117 [DEBUG] gui.logic_panel - LogicPanel: 开始插入代码: PL-GrundKabine-10019235
2025-04-23 14:09:38,118 [DEBUG] gui.logic_panel - 验证BOM码: PL-GrundKabine-10019235
2025-04-23 14:09:38,119 [INFO] gui.logic_panel - LogicPanel: 输入历史 - 类型: BOM_code, 内容: PL-GrundKabine-10019235, 当前表达式: K04_02_02  → PL-GrundKabine-10019235 
2025-04-23 14:09:38,120 [INFO] gui.bom_panel - BomPanel: 成功发送代码到逻辑面板: PL-GrundKabine-10019235
2025-04-23 14:09:40,980 [INFO] core.logic_builder - 规则数据已保存到文件: C:\Users\mengy\Desktop\ZK_LogicBom_Builder\data\temp_rules_latest.json
2025-04-23 14:09:40,984 [INFO] core.logic_builder - 规则数据已保存到文件: C:\Users\mengy\Desktop\ZK_LogicBom_Builder\data\temp_rules_latest.json
2025-04-23 14:09:40,985 [INFO] core.logic_builder - 规则数据已保存到文件: C:\Users\mengy\Desktop\ZK_LogicBom_Builder\data\temp_rules_latest.json
2025-04-23 14:09:40,985 [INFO] gui.logic_panel - 已保存新的BOM逻辑关系规则: ID=BL01, 选择项=K04_02_02, 影响项=PL-GrundKabine-10019235, 状态=enabled
2025-04-23 14:09:44,210 [INFO] gui.logic_library_window - 已加载 3 条 BOM 逻辑关系规则
