2025-04-25 13:44:41,595 [INFO] root - 程序启动，日志文件: C:\Users\mengy\Desktop\ZK_LogicBom_Builder\logs\log_20250425_134441.log
2025-04-25 13:44:41,830 [INFO] __main__ - 正在启动程序...
2025-04-25 13:44:41,830 [DEBUG] __main__ - Python版本: 3.13.2 (tags/v3.13.2:4f8bb39, Feb  4 2025, 15:23:48) [MSC v.1942 64 bit (AMD64)]
2025-04-25 13:44:41,830 [DEBUG] __main__ - 当前工作目录: C:\Users\mengy\Desktop\ZK_LogicBom_Builder
2025-04-25 13:44:41,831 [DEBUG] __main__ - src_dir路径: c:\Users\mengy\Desktop\ZK_LogicBom_Builder
2025-04-25 13:44:41,859 [INFO] __main__ - 正在创建语言选择对话框...
2025-04-25 13:44:43,390 [INFO] gui.language_dialog_tk - 已选择语言: zh
2025-04-25 13:44:43,409 [INFO] __main__ - 语言选择结果: zh
2025-04-25 13:44:43,410 [INFO] __main__ - 正在创建主题选择对话框...
2025-04-25 13:44:43,410 [DEBUG] gui.theme_dialog_tk - 创建主题选择对话框
2025-04-25 13:44:43,418 [DEBUG] gui.theme_dialog_tk - 主题选择对话框创建完成
2025-04-25 13:44:44,332 [DEBUG] gui.theme_dialog_tk - 用户选择了light主题
2025-04-25 13:44:44,358 [INFO] __main__ - 主题选择结果: light
2025-04-25 13:44:44,381 [INFO] __main__ - 正在配置主窗口...
2025-04-25 13:44:44,549 [INFO] __main__ - 开始创建MainWindow实例...
2025-04-25 13:44:44,549 [INFO] core.logic_builder - 已加载 7 条规则
2025-04-25 13:44:44,612 [INFO] __main__ - MainWindow实例创建完成
2025-04-25 13:44:44,898 [INFO] __main__ - 开始mainloop()...
2025-04-25 13:44:46,440 [INFO] core.config_processor - 找到工作表: ['TD', '0.模板&Vorlage', '1.Fahrgestell', '2.Fahrzeug allgemein', '3.Beschriftung&Kennzeichnung', '4. Anbauten&Fahrgestellarbeiten', '5. Fahrer_Mannschaftsraum', '6.Koffer', '7.Lichtmast', '8.Pumpenanlage', '9.Seilwinde&Generator', '10.Halterungen']
2025-04-25 13:44:46,441 [DEBUG] core.config_processor - 跳过工作表: TD
2025-04-25 13:44:46,442 [DEBUG] core.config_processor - 跳过工作表: 0.模板&Vorlage
2025-04-25 13:44:46,442 [INFO] core.config_processor - 处理工作表: 1.Fahrgestell -> 模块: 1.Fahrgestell
2025-04-25 13:44:46,460 [INFO] core.config_processor - 处理工作表: 2.Fahrzeug allgemein -> 模块: 2.Fahrzeug allgemein
2025-04-25 13:44:46,476 [INFO] core.config_processor - 处理工作表: 3.Beschriftung&Kennzeichnung -> 模块: 3.Beschriftung&Kennzeichnung
2025-04-25 13:44:46,491 [INFO] core.config_processor - 处理工作表: 4. Anbauten&Fahrgestellarbeiten -> 模块: 4.Anbauten&Fahrgestellarbeiten
2025-04-25 13:44:46,507 [INFO] core.config_processor - 处理工作表: 5. Fahrer_Mannschaftsraum -> 模块: 5.Fahrer_Mannschaftsraum
2025-04-25 13:44:46,526 [INFO] core.config_processor - 处理工作表: 6.Koffer -> 模块: 6.Koffer
2025-04-25 13:44:46,542 [INFO] core.config_processor - 处理工作表: 7.Lichtmast -> 模块: 7.Lichtmast
2025-04-25 13:44:46,557 [INFO] core.config_processor - 处理工作表: 8.Pumpenanlage -> 模块: 8.Pumpenanlage
2025-04-25 13:44:46,571 [INFO] core.config_processor - 处理工作表: 9.Seilwinde&Generator -> 模块: 9.Seilwinde&Generator
2025-04-25 13:44:46,586 [INFO] core.config_processor - 处理工作表: 10.Halterungen -> 模块: 10.Halterungen
2025-04-25 13:44:46,600 [INFO] gui.config_panel - 成功导入配置文件: C:/Users/mengy/Desktop/配置选项_Konfigurationsoptions.xlsm
2025-04-25 13:44:46,604 [INFO] gui.main_window_tk - 成功保存配置文件路径到app_config.json: C:/Users/mengy/Desktop/配置选项_Konfigurationsoptions.xlsm
2025-04-25 13:44:46,604 [INFO] gui.config_panel - 已保存配置文件路径到app_config.json: C:/Users/mengy/Desktop/配置选项_Konfigurationsoptions.xlsm
2025-04-25 13:44:47,774 [INFO] core.bom_processor - 开始导入BOM文件: C:/Users/mengy/Desktop/BOM映射表.xlsx
2025-04-25 13:44:47,775 [INFO] core.bom_processor - 已清空现有数据
2025-04-25 13:44:47,775 [INFO] core.bom_processor - 正在读取Excel文件...
2025-04-25 13:44:47,779 [INFO] core.bom_processor - 成功打开Excel文件，包含以下工作表: ['MAX-gruppe', 'K码表', '配置', 'Sheet1']
2025-04-25 13:44:47,780 [INFO] core.bom_processor - 正在读取 MAX-gruppe 工作表...
2025-04-25 13:44:47,789 [INFO] core.bom_processor - 成功读取工作表，共 154 行数据
2025-04-25 13:44:47,789 [INFO] core.bom_processor - 所有必需列均存在，开始处理数据...
2025-04-25 13:44:47,790 [INFO] core.bom_processor - 过滤空层级后剩余 153 行数据
2025-04-25 13:44:47,791 [INFO] core.bom_processor - 
开始处理数据...
2025-04-25 13:44:47,794 [INFO] core.bom_processor - 
数据处理完成，成功处理 {processed_count} 行数据
2025-04-25 13:44:47,795 [INFO] core.bom_processor - 第 1 级节点数量: 1
2025-04-25 13:44:47,795 [INFO] core.bom_processor - 第 2 级节点数量: 133
2025-04-25 13:44:47,795 [INFO] core.bom_processor - 第 3 级节点数量: 19
2025-04-25 13:44:47,795 [INFO] core.bom_processor - BOM文件导入成功，共处理 153 个项目
2025-04-25 13:44:47,796 [INFO] gui.bom_panel - 成功导入BOM文件: C:/Users/mengy/Desktop/BOM映射表.xlsx
2025-04-25 13:44:47,796 [INFO] gui.bom_panel - 开始刷新树状图
2025-04-25 13:44:47,796 [INFO] gui.bom_panel - 第 1 级节点数量: 1
2025-04-25 13:44:47,796 [INFO] gui.bom_panel - 第 2 级节点数量: 133
2025-04-25 13:44:47,797 [INFO] gui.bom_panel - 第 3 级节点数量: 19
2025-04-25 13:44:47,798 [INFO] gui.bom_panel - 树状图刷新完成
2025-04-25 13:44:47,800 [INFO] gui.main_window_tk - 成功保存BOM文件路径到app_config.json: C:/Users/mengy/Desktop/BOM映射表.xlsx
2025-04-25 13:44:47,800 [INFO] gui.bom_panel - 已保存BOM文件路径到app_config.json: C:/Users/mengy/Desktop/BOM映射表.xlsx
2025-04-25 13:44:52,140 [DEBUG] gui.bom_panel - BomPanel: 双击选中项 ID: I03C
2025-04-25 13:44:52,141 [DEBUG] gui.bom_panel - BomPanel: 选中项文本: [2] PL-Sitze02
2025-04-25 13:44:55,136 [DEBUG] gui.bom_panel - BomPanel: 双击选中项 ID: I04E
2025-04-25 13:44:55,137 [DEBUG] gui.bom_panel - BomPanel: 选中项文本: [2] PL-Sitze03
2025-04-25 13:44:55,906 [DEBUG] gui.bom_panel - BomPanel: 双击选中项 ID: I060
2025-04-25 13:44:55,907 [DEBUG] gui.bom_panel - BomPanel: 选中项文本: [2] PL-Sitze04
2025-04-25 13:44:56,656 [DEBUG] gui.bom_panel - BomPanel: 双击选中项 ID: I072
2025-04-25 13:44:56,657 [DEBUG] gui.bom_panel - BomPanel: 选中项文本: [2] PL-Sitze05
2025-04-25 13:45:00,296 [DEBUG] gui.bom_panel - BomPanel: 双击选中项 ID: I081
2025-04-25 13:45:00,297 [DEBUG] gui.bom_panel - BomPanel: 选中项文本: [2] PL-Sitze06
2025-04-25 13:45:02,392 [DEBUG] gui.bom_panel - BomPanel: 双击选中项 ID: I082
2025-04-25 13:45:02,392 [DEBUG] gui.bom_panel - BomPanel: 选中项文本: 1123244 - Einzelsitz Std Airbag Stra.li. / single seat std. airbag tensioner le.
Z-Cab NG / Z-Cab NG
2025-04-25 13:45:02,393 [DEBUG] gui.bom_panel - BomPanel: 提取到Baugruppe: 1123244
2025-04-25 13:45:02,393 [DEBUG] gui.bom_panel - BomPanel: 提取到占位符: PL-Sitze06
2025-04-25 13:45:02,393 [DEBUG] gui.bom_panel - BomPanel: 构建的BOM码: PL-Sitze06-1123244
2025-04-25 13:45:02,393 [DEBUG] gui.bom_panel - BomPanel: 获取根窗口成功
2025-04-25 13:45:02,393 [DEBUG] gui.bom_panel - BomPanel: 获取MainWindow实例成功
2025-04-25 13:45:02,394 [DEBUG] gui.bom_panel - BomPanel: 找到逻辑面板
2025-04-25 13:45:02,394 [DEBUG] gui.logic_panel - LogicPanel: 开始插入代码: PL-Sitze06-1123244
2025-04-25 13:45:03,592 [INFO] gui.bom_panel - BomPanel: 成功发送代码到逻辑面板: PL-Sitze06-1123244
2025-04-25 13:45:03,593 [INFO] gui.bom_panel - BomPanel: 成功插入BOM码: PL-Sitze06-1123244
2025-04-25 13:45:06,628 [DEBUG] gui.config_panel - ConfigPanel: 双击选中项 ID: I077
2025-04-25 13:45:06,629 [DEBUG] gui.config_panel - ConfigPanel: 选中项文本: K03_02_01 Unterbodenschutz
2025-04-25 13:45:06,629 [DEBUG] gui.config_panel - ConfigPanel: 提取的代码: K03_02_01
2025-04-25 13:45:06,630 [INFO] gui.config_panel - ConfigPanel: 准备插入K码: K03_02_01
2025-04-25 13:45:06,630 [DEBUG] gui.config_panel - ConfigPanel: 获取根窗口成功
2025-04-25 13:45:06,631 [DEBUG] gui.config_panel - ConfigPanel: 获取MainWindow实例成功
2025-04-25 13:45:06,631 [DEBUG] gui.config_panel - ConfigPanel: 找到逻辑面板
2025-04-25 13:45:06,631 [DEBUG] gui.logic_panel - LogicPanel: 开始插入代码: K03_02_01
2025-04-25 13:45:06,632 [INFO] gui.logic_panel - LogicPanel: 输入历史 - 类型: K_code, 内容: K03_02_01, 当前表达式: K03_02_01 
2025-04-25 13:45:06,633 [INFO] gui.config_panel - ConfigPanel: 成功发送代码到逻辑面板: K03_02_01
2025-04-25 13:45:11,280 [DEBUG] gui.config_panel - ConfigPanel: 双击选中项 ID: I078
2025-04-25 13:45:11,281 [DEBUG] gui.config_panel - ConfigPanel: 选中项文本: K03_02_02 Unterbodenschutz u. Hohlraumkonservierung
2025-04-25 13:45:11,282 [DEBUG] gui.config_panel - ConfigPanel: 提取的代码: K03_02_02
2025-04-25 13:45:11,282 [INFO] gui.config_panel - ConfigPanel: 准备插入K码: K03_02_02
2025-04-25 13:45:11,283 [DEBUG] gui.config_panel - ConfigPanel: 获取根窗口成功
2025-04-25 13:45:11,283 [DEBUG] gui.config_panel - ConfigPanel: 获取MainWindow实例成功
2025-04-25 13:45:11,284 [DEBUG] gui.config_panel - ConfigPanel: 找到逻辑面板
2025-04-25 13:45:11,284 [DEBUG] gui.logic_panel - LogicPanel: 开始插入代码: K03_02_02
2025-04-25 13:45:12,442 [INFO] gui.config_panel - ConfigPanel: 成功发送代码到逻辑面板: K03_02_02
2025-04-25 13:45:13,134 [INFO] gui.logic_panel - LogicPanel: 输入历史 - 类型: operator, 内容: AND, 当前表达式: K03_02_01  AND 
2025-04-25 13:45:14,118 [DEBUG] gui.config_panel - ConfigPanel: 双击选中项 ID: I078
2025-04-25 13:45:14,119 [DEBUG] gui.config_panel - ConfigPanel: 选中项文本: K03_02_02 Unterbodenschutz u. Hohlraumkonservierung
2025-04-25 13:45:14,120 [DEBUG] gui.config_panel - ConfigPanel: 提取的代码: K03_02_02
2025-04-25 13:45:14,121 [INFO] gui.config_panel - ConfigPanel: 准备插入K码: K03_02_02
2025-04-25 13:45:14,121 [DEBUG] gui.config_panel - ConfigPanel: 获取根窗口成功
2025-04-25 13:45:14,122 [DEBUG] gui.config_panel - ConfigPanel: 获取MainWindow实例成功
2025-04-25 13:45:14,122 [DEBUG] gui.config_panel - ConfigPanel: 找到逻辑面板
2025-04-25 13:45:14,123 [DEBUG] gui.logic_panel - LogicPanel: 开始插入代码: K03_02_02
2025-04-25 13:45:14,124 [INFO] gui.logic_panel - LogicPanel: 输入历史 - 类型: K_code, 内容: K03_02_02, 当前表达式: K03_02_01  AND K03_02_02 
2025-04-25 13:45:14,125 [INFO] gui.config_panel - ConfigPanel: 成功发送代码到逻辑面板: K03_02_02
2025-04-25 13:45:15,888 [INFO] gui.logic_panel - LogicPanel: 输入历史 - 类型: operator, 内容: →, 当前表达式: K03_02_01  AND K03_02_02  → 
2025-04-25 13:45:17,136 [DEBUG] gui.bom_panel - BomPanel: 双击选中项 ID: I083
2025-04-25 13:45:17,136 [DEBUG] gui.bom_panel - BomPanel: 选中项文本: 1161296 - PA-Sitz Std. mechanisch / BA-seat mechanically
Z-Cab NG Einflaschengerät / Z-Cab NG single-bottle device
2025-04-25 13:45:17,137 [DEBUG] gui.bom_panel - BomPanel: 提取到Baugruppe: 1161296
2025-04-25 13:45:17,137 [DEBUG] gui.bom_panel - BomPanel: 提取到占位符: PL-Sitze06
2025-04-25 13:45:17,137 [DEBUG] gui.bom_panel - BomPanel: 构建的BOM码: PL-Sitze06-1161296
2025-04-25 13:45:17,137 [DEBUG] gui.bom_panel - BomPanel: 获取根窗口成功
2025-04-25 13:45:17,138 [DEBUG] gui.bom_panel - BomPanel: 获取MainWindow实例成功
2025-04-25 13:45:17,138 [DEBUG] gui.bom_panel - BomPanel: 找到逻辑面板
2025-04-25 13:45:17,138 [DEBUG] gui.logic_panel - LogicPanel: 开始插入代码: PL-Sitze06-1161296
2025-04-25 13:45:17,138 [DEBUG] gui.logic_panel - 验证BOM码: PL-Sitze06-1161296
2025-04-25 13:45:17,139 [INFO] gui.logic_panel - LogicPanel: 输入历史 - 类型: BOM_code, 内容: PL-Sitze06-1161296, 当前表达式: K03_02_01  AND K03_02_02  → PL-Sitze06-1161296 
2025-04-25 13:45:17,139 [INFO] gui.bom_panel - BomPanel: 成功发送代码到逻辑面板: PL-Sitze06-1161296
2025-04-25 13:45:17,139 [INFO] gui.bom_panel - BomPanel: 成功插入BOM码: PL-Sitze06-1161296
2025-04-25 13:45:24,065 [INFO] core.logic_builder - 规则数据已保存到文件: C:\Users\mengy\Desktop\ZK_LogicBom_Builder\data\temp_rules_latest.json
2025-04-25 13:45:24,070 [INFO] core.logic_builder - 规则数据已保存到文件: C:\Users\mengy\Desktop\ZK_LogicBom_Builder\data\temp_rules_latest.json
2025-04-25 13:45:24,071 [INFO] core.logic_builder - 规则数据已保存到文件: C:\Users\mengy\Desktop\ZK_LogicBom_Builder\data\temp_rules_latest.json
2025-04-25 13:45:24,071 [INFO] gui.logic_panel - 已保存新的BOM逻辑关系规则: ID=BL01, 选择项=K03_02_01  AND K03_02_02, 影响项=PL-Sitze06-1161296, 状态=enabled
2025-04-25 13:45:31,430 [DEBUG] gui.config_panel - ConfigPanel: 双击选中项 ID: I083
2025-04-25 13:45:31,431 [DEBUG] gui.config_panel - ConfigPanel: 选中项文本: K03_05_02 Beigestellte Klebewappen anbringen
2025-04-25 13:45:31,432 [DEBUG] gui.config_panel - ConfigPanel: 提取的代码: K03_05_02
2025-04-25 13:45:31,432 [INFO] gui.config_panel - ConfigPanel: 准备插入K码: K03_05_02
2025-04-25 13:45:31,432 [DEBUG] gui.config_panel - ConfigPanel: 获取根窗口成功
2025-04-25 13:45:31,433 [DEBUG] gui.config_panel - ConfigPanel: 获取MainWindow实例成功
2025-04-25 13:45:31,433 [DEBUG] gui.config_panel - ConfigPanel: 找到逻辑面板
2025-04-25 13:45:31,434 [DEBUG] gui.logic_panel - LogicPanel: 开始插入代码: K03_05_02
2025-04-25 13:45:31,434 [INFO] gui.logic_panel - LogicPanel: 输入历史 - 类型: K_code, 内容: K03_05_02, 当前表达式: K03_05_02 
2025-04-25 13:45:31,434 [INFO] gui.config_panel - ConfigPanel: 成功发送代码到逻辑面板: K03_05_02
2025-04-25 13:45:35,602 [INFO] gui.logic_panel - LogicPanel: 输入历史 - 类型: operator, 内容: OR, 当前表达式: K03_05_02  OR 
2025-04-25 13:45:38,776 [DEBUG] gui.config_panel - ConfigPanel: 双击选中项 ID: I0A0
2025-04-25 13:45:38,777 [DEBUG] gui.config_panel - ConfigPanel: 选中项文本: K03_11_02 rot Oralite VC 104
2025-04-25 13:45:38,777 [DEBUG] gui.config_panel - ConfigPanel: 提取的代码: K03_11_02
2025-04-25 13:45:38,778 [INFO] gui.config_panel - ConfigPanel: 准备插入K码: K03_11_02
2025-04-25 13:45:38,778 [DEBUG] gui.config_panel - ConfigPanel: 获取根窗口成功
2025-04-25 13:45:38,778 [DEBUG] gui.config_panel - ConfigPanel: 获取MainWindow实例成功
2025-04-25 13:45:38,779 [DEBUG] gui.config_panel - ConfigPanel: 找到逻辑面板
2025-04-25 13:45:38,779 [DEBUG] gui.logic_panel - LogicPanel: 开始插入代码: K03_11_02
2025-04-25 13:45:38,780 [INFO] gui.logic_panel - LogicPanel: 输入历史 - 类型: K_code, 内容: K03_11_02, 当前表达式: K03_05_02  OR K03_11_02 
2025-04-25 13:45:38,780 [INFO] gui.config_panel - ConfigPanel: 成功发送代码到逻辑面板: K03_11_02
2025-04-25 13:45:47,312 [DEBUG] gui.bom_panel - BomPanel: 双击选中项 ID: I02B
2025-04-25 13:45:47,313 [DEBUG] gui.bom_panel - BomPanel: 选中项文本: 1123244 - Einzelsitz Std Airbag Stra.li. / single seat std. airbag tensioner le.
Z-Cab NG / Z-Cab NG
2025-04-25 13:45:47,313 [DEBUG] gui.bom_panel - BomPanel: 提取到Baugruppe: 1123244
2025-04-25 13:45:47,314 [DEBUG] gui.bom_panel - BomPanel: 提取到占位符: PL-Sitze01
2025-04-25 13:45:47,315 [DEBUG] gui.bom_panel - BomPanel: 构建的BOM码: PL-Sitze01-1123244
2025-04-25 13:45:47,315 [DEBUG] gui.bom_panel - BomPanel: 获取根窗口成功
2025-04-25 13:45:47,315 [DEBUG] gui.bom_panel - BomPanel: 获取MainWindow实例成功
2025-04-25 13:45:47,316 [DEBUG] gui.bom_panel - BomPanel: 找到逻辑面板
2025-04-25 13:45:47,316 [DEBUG] gui.logic_panel - LogicPanel: 开始插入代码: PL-Sitze01-1123244
2025-04-25 13:45:48,602 [INFO] gui.bom_panel - BomPanel: 成功发送代码到逻辑面板: PL-Sitze01-1123244
2025-04-25 13:45:48,602 [INFO] gui.bom_panel - BomPanel: 成功插入BOM码: PL-Sitze01-1123244
2025-04-25 13:45:49,264 [INFO] gui.logic_panel - LogicPanel: 输入历史 - 类型: operator, 内容: →, 当前表达式: K03_05_02  OR K03_11_02  → 
2025-04-25 13:45:50,438 [DEBUG] gui.bom_panel - BomPanel: 双击选中项 ID: I02B
2025-04-25 13:45:50,439 [DEBUG] gui.bom_panel - BomPanel: 选中项文本: 1123244 - Einzelsitz Std Airbag Stra.li. / single seat std. airbag tensioner le.
Z-Cab NG / Z-Cab NG
2025-04-25 13:45:50,440 [DEBUG] gui.bom_panel - BomPanel: 提取到Baugruppe: 1123244
2025-04-25 13:45:50,440 [DEBUG] gui.bom_panel - BomPanel: 提取到占位符: PL-Sitze01
2025-04-25 13:45:50,441 [DEBUG] gui.bom_panel - BomPanel: 构建的BOM码: PL-Sitze01-1123244
2025-04-25 13:45:50,441 [DEBUG] gui.bom_panel - BomPanel: 获取根窗口成功
2025-04-25 13:45:50,442 [DEBUG] gui.bom_panel - BomPanel: 获取MainWindow实例成功
2025-04-25 13:45:50,442 [DEBUG] gui.bom_panel - BomPanel: 找到逻辑面板
2025-04-25 13:45:50,443 [DEBUG] gui.logic_panel - LogicPanel: 开始插入代码: PL-Sitze01-1123244
2025-04-25 13:45:50,444 [DEBUG] gui.logic_panel - 验证BOM码: PL-Sitze01-1123244
2025-04-25 13:45:50,444 [INFO] gui.logic_panel - LogicPanel: 输入历史 - 类型: BOM_code, 内容: PL-Sitze01-1123244, 当前表达式: K03_05_02  OR K03_11_02  → PL-Sitze01-1123244 
2025-04-25 13:45:50,445 [INFO] gui.bom_panel - BomPanel: 成功发送代码到逻辑面板: PL-Sitze01-1123244
2025-04-25 13:45:50,445 [INFO] gui.bom_panel - BomPanel: 成功插入BOM码: PL-Sitze01-1123244
2025-04-25 13:45:50,752 [DEBUG] gui.bom_panel - BomPanel: 双击选中项 ID: I02B
2025-04-25 13:45:50,753 [DEBUG] gui.bom_panel - BomPanel: 选中项文本: 1123244 - Einzelsitz Std Airbag Stra.li. / single seat std. airbag tensioner le.
Z-Cab NG / Z-Cab NG
2025-04-25 13:45:50,753 [DEBUG] gui.bom_panel - BomPanel: 提取到Baugruppe: 1123244
2025-04-25 13:45:50,754 [DEBUG] gui.bom_panel - BomPanel: 提取到占位符: PL-Sitze01
2025-04-25 13:45:50,754 [DEBUG] gui.bom_panel - BomPanel: 构建的BOM码: PL-Sitze01-1123244
2025-04-25 13:45:50,754 [DEBUG] gui.bom_panel - BomPanel: 获取根窗口成功
2025-04-25 13:45:50,754 [DEBUG] gui.bom_panel - BomPanel: 获取MainWindow实例成功
2025-04-25 13:45:50,755 [DEBUG] gui.bom_panel - BomPanel: 找到逻辑面板
2025-04-25 13:45:50,755 [DEBUG] gui.logic_panel - LogicPanel: 开始插入代码: PL-Sitze01-1123244
2025-04-25 13:45:52,346 [INFO] gui.bom_panel - BomPanel: 成功发送代码到逻辑面板: PL-Sitze01-1123244
2025-04-25 13:45:52,347 [INFO] gui.bom_panel - BomPanel: 成功插入BOM码: PL-Sitze01-1123244
2025-04-25 13:45:53,401 [INFO] gui.logic_panel - LogicPanel: 输入历史 - 类型: operator, 内容: OR, 当前表达式: K03_05_02  OR K03_11_02  → PL-Sitze01-1123244  OR 
2025-04-25 13:45:54,222 [DEBUG] gui.bom_panel - BomPanel: 双击选中项 ID: I02C
2025-04-25 13:45:54,222 [DEBUG] gui.bom_panel - BomPanel: 选中项文本: 1161296 - PA-Sitz Std. mechanisch / BA-seat mechanically
Z-Cab NG Einflaschengerät / Z-Cab NG single-bottle device
2025-04-25 13:45:54,223 [DEBUG] gui.bom_panel - BomPanel: 提取到Baugruppe: 1161296
2025-04-25 13:45:54,223 [DEBUG] gui.bom_panel - BomPanel: 提取到占位符: PL-Sitze01
2025-04-25 13:45:54,223 [DEBUG] gui.bom_panel - BomPanel: 构建的BOM码: PL-Sitze01-1161296
2025-04-25 13:45:54,224 [DEBUG] gui.bom_panel - BomPanel: 获取根窗口成功
2025-04-25 13:45:54,224 [DEBUG] gui.bom_panel - BomPanel: 获取MainWindow实例成功
2025-04-25 13:45:54,224 [DEBUG] gui.bom_panel - BomPanel: 找到逻辑面板
2025-04-25 13:45:54,224 [DEBUG] gui.logic_panel - LogicPanel: 开始插入代码: PL-Sitze01-1161296
2025-04-25 13:45:54,225 [DEBUG] gui.logic_panel - 验证BOM码: PL-Sitze01-1161296
2025-04-25 13:45:54,225 [INFO] gui.logic_panel - LogicPanel: 输入历史 - 类型: BOM_code, 内容: PL-Sitze01-1161296, 当前表达式: K03_05_02  OR K03_11_02  → PL-Sitze01-1123244  OR PL-Sitze01-1161296 
2025-04-25 13:45:54,225 [INFO] gui.bom_panel - BomPanel: 成功发送代码到逻辑面板: PL-Sitze01-1161296
2025-04-25 13:45:54,225 [INFO] gui.bom_panel - BomPanel: 成功插入BOM码: PL-Sitze01-1161296
2025-04-25 13:46:00,011 [INFO] gui.logic_panel - LogicPanel: 输入历史 - 类型: operator, 内容: AND, 当前表达式: K03_05_02  OR K03_11_02  → PL-Sitze01-1123244  OR PL-Sitze01-1161296  AND 
2025-04-25 13:46:00,977 [INFO] gui.logic_panel - LogicPanel: 输入历史 - 类型: bracket, 内容: (, 当前表达式: K03_05_02  OR K03_11_02  → PL-Sitze01-1123244  OR PL-Sitze01-1161296  AND (
2025-04-25 13:46:06,334 [DEBUG] gui.config_panel - ConfigPanel: 双击选中项 ID: I08B
2025-04-25 13:46:06,335 [DEBUG] gui.config_panel - ConfigPanel: 选中项文本: K03_07_02 RAL 9010 weiß
2025-04-25 13:46:06,335 [DEBUG] gui.config_panel - ConfigPanel: 提取的代码: K03_07_02
2025-04-25 13:46:06,335 [INFO] gui.config_panel - ConfigPanel: 准备插入K码: K03_07_02
2025-04-25 13:46:06,336 [DEBUG] gui.config_panel - ConfigPanel: 获取根窗口成功
2025-04-25 13:46:06,336 [DEBUG] gui.config_panel - ConfigPanel: 获取MainWindow实例成功
2025-04-25 13:46:06,336 [DEBUG] gui.config_panel - ConfigPanel: 找到逻辑面板
2025-04-25 13:46:06,337 [DEBUG] gui.logic_panel - LogicPanel: 开始插入代码: K03_07_02
2025-04-25 13:46:07,689 [INFO] gui.config_panel - ConfigPanel: 成功发送代码到逻辑面板: K03_07_02
2025-04-25 13:46:08,776 [DEBUG] gui.bom_panel - BomPanel: 双击选中项 ID: I02F
2025-04-25 13:46:08,777 [DEBUG] gui.bom_panel - BomPanel: 选中项文本: 1161314 - PA-Sitz f.Straffer li.kpl.mech / BA-seat f. tensioner le. cpl. mech.
Z-Cab NG Zweiflaschengerät / Z-Cab NG twin-bottle device
2025-04-25 13:46:08,778 [DEBUG] gui.bom_panel - BomPanel: 提取到Baugruppe: 1161314
2025-04-25 13:46:08,778 [DEBUG] gui.bom_panel - BomPanel: 提取到占位符: PL-Sitze01
2025-04-25 13:46:08,779 [DEBUG] gui.bom_panel - BomPanel: 构建的BOM码: PL-Sitze01-1161314
2025-04-25 13:46:08,780 [DEBUG] gui.bom_panel - BomPanel: 获取根窗口成功
2025-04-25 13:46:08,780 [DEBUG] gui.bom_panel - BomPanel: 获取MainWindow实例成功
2025-04-25 13:46:08,781 [DEBUG] gui.bom_panel - BomPanel: 找到逻辑面板
2025-04-25 13:46:08,781 [DEBUG] gui.logic_panel - LogicPanel: 开始插入代码: PL-Sitze01-1161314
2025-04-25 13:46:08,782 [DEBUG] gui.logic_panel - 验证BOM码: PL-Sitze01-1161314
2025-04-25 13:46:08,782 [INFO] gui.logic_panel - LogicPanel: 输入历史 - 类型: BOM_code, 内容: PL-Sitze01-1161314, 当前表达式: K03_05_02  OR K03_11_02  → PL-Sitze01-1123244  OR PL-Sitze01-1161296  AND ( PL-Sitze01-1161314 
2025-04-25 13:46:08,783 [INFO] gui.bom_panel - BomPanel: 成功发送代码到逻辑面板: PL-Sitze01-1161314
2025-04-25 13:46:08,783 [INFO] gui.bom_panel - BomPanel: 成功插入BOM码: PL-Sitze01-1161314
2025-04-25 13:46:10,211 [INFO] gui.logic_panel - LogicPanel: 输入历史 - 类型: operator, 内容: AND, 当前表达式: K03_05_02  OR K03_11_02  → PL-Sitze01-1123244  OR PL-Sitze01-1161296  AND ( PL-Sitze01-1161314  AND 
2025-04-25 13:46:11,480 [DEBUG] gui.bom_panel - BomPanel: 双击选中项 ID: I02F
2025-04-25 13:46:11,481 [DEBUG] gui.bom_panel - BomPanel: 选中项文本: 1161314 - PA-Sitz f.Straffer li.kpl.mech / BA-seat f. tensioner le. cpl. mech.
Z-Cab NG Zweiflaschengerät / Z-Cab NG twin-bottle device
2025-04-25 13:46:11,481 [DEBUG] gui.bom_panel - BomPanel: 提取到Baugruppe: 1161314
2025-04-25 13:46:11,481 [DEBUG] gui.bom_panel - BomPanel: 提取到占位符: PL-Sitze01
2025-04-25 13:46:11,482 [DEBUG] gui.bom_panel - BomPanel: 构建的BOM码: PL-Sitze01-1161314
2025-04-25 13:46:11,482 [DEBUG] gui.bom_panel - BomPanel: 获取根窗口成功
2025-04-25 13:46:11,482 [DEBUG] gui.bom_panel - BomPanel: 获取MainWindow实例成功
2025-04-25 13:46:11,482 [DEBUG] gui.bom_panel - BomPanel: 找到逻辑面板
2025-04-25 13:46:11,483 [DEBUG] gui.logic_panel - LogicPanel: 开始插入代码: PL-Sitze01-1161314
2025-04-25 13:46:11,483 [DEBUG] gui.logic_panel - 验证BOM码: PL-Sitze01-1161314
2025-04-25 13:46:11,484 [INFO] gui.logic_panel - LogicPanel: 输入历史 - 类型: BOM_code, 内容: PL-Sitze01-1161314, 当前表达式: K03_05_02  OR K03_11_02  → PL-Sitze01-1123244  OR PL-Sitze01-1161296  AND ( PL-Sitze01-1161314  AND PL-Sitze01-1161314 
2025-04-25 13:46:11,484 [INFO] gui.bom_panel - BomPanel: 成功发送代码到逻辑面板: PL-Sitze01-1161314
2025-04-25 13:46:11,484 [INFO] gui.bom_panel - BomPanel: 成功插入BOM码: PL-Sitze01-1161314
2025-04-25 13:46:11,884 [DEBUG] gui.bom_panel - BomPanel: 双击选中项 ID: I02F
2025-04-25 13:46:11,885 [DEBUG] gui.bom_panel - BomPanel: 选中项文本: 1161314 - PA-Sitz f.Straffer li.kpl.mech / BA-seat f. tensioner le. cpl. mech.
Z-Cab NG Zweiflaschengerät / Z-Cab NG twin-bottle device
2025-04-25 13:46:11,885 [DEBUG] gui.bom_panel - BomPanel: 提取到Baugruppe: 1161314
2025-04-25 13:46:11,885 [DEBUG] gui.bom_panel - BomPanel: 提取到占位符: PL-Sitze01
2025-04-25 13:46:11,886 [DEBUG] gui.bom_panel - BomPanel: 构建的BOM码: PL-Sitze01-1161314
2025-04-25 13:46:11,886 [DEBUG] gui.bom_panel - BomPanel: 获取根窗口成功
2025-04-25 13:46:11,886 [DEBUG] gui.bom_panel - BomPanel: 获取MainWindow实例成功
2025-04-25 13:46:11,886 [DEBUG] gui.bom_panel - BomPanel: 找到逻辑面板
2025-04-25 13:46:11,886 [DEBUG] gui.logic_panel - LogicPanel: 开始插入代码: PL-Sitze01-1161314
2025-04-25 13:46:12,921 [INFO] gui.bom_panel - BomPanel: 成功发送代码到逻辑面板: PL-Sitze01-1161314
2025-04-25 13:46:12,922 [INFO] gui.bom_panel - BomPanel: 成功插入BOM码: PL-Sitze01-1161314
2025-04-25 13:46:14,079 [INFO] gui.logic_panel - LogicPanel: 输入历史 - 类型: bracket, 内容: ), 当前表达式: K03_05_02  OR K03_11_02  → PL-Sitze01-1123244  OR PL-Sitze01-1161296  AND ( PL-Sitze01-1161314  AND PL-Sitze01-1161314 )
2025-04-25 13:46:17,045 [INFO] core.logic_builder - 规则数据已保存到文件: C:\Users\mengy\Desktop\ZK_LogicBom_Builder\data\temp_rules_latest.json
2025-04-25 13:46:17,049 [INFO] core.logic_builder - 规则数据已保存到文件: C:\Users\mengy\Desktop\ZK_LogicBom_Builder\data\temp_rules_latest.json
2025-04-25 13:46:17,049 [INFO] core.logic_builder - 规则数据已保存到文件: C:\Users\mengy\Desktop\ZK_LogicBom_Builder\data\temp_rules_latest.json
2025-04-25 13:46:17,050 [INFO] gui.logic_panel - 已保存新的BOM逻辑关系规则: ID=BL02, 选择项=K03_05_02  OR K03_11_02, 影响项=PL-Sitze01-1123244  OR PL-Sitze01-1161296  AND ( PL-Sitze01-1161314  AND PL-Sitze01-1161314 ), 状态=enabled
2025-04-25 13:46:24,181 [INFO] core.logic_builder - 规则数据已保存到文件: C:\Users\mengy\Desktop\ZK_LogicBom_Builder\data\temp_rules_latest.json
2025-04-25 13:46:27,502 [INFO] core.logic_builder - 规则数据已保存到文件: C:\Users\mengy\Desktop\ZK_LogicBom_Builder\data\temp_rules_latest.json
2025-04-25 13:46:30,760 [INFO] gui.logic_library_window - 已加载 9 条 BOM 逻辑关系规则
2025-04-25 13:47:46,729 [DEBUG] gui.config_panel - ConfigPanel: 双击选中项 ID: I0B4
2025-04-25 13:47:46,729 [DEBUG] gui.config_panel - ConfigPanel: 选中项文本: K04_01_02 original Fahrgestell
2025-04-25 13:47:46,730 [DEBUG] gui.config_panel - ConfigPanel: 提取的代码: K04_01_02
2025-04-25 13:47:46,730 [INFO] gui.config_panel - ConfigPanel: 准备插入K码: K04_01_02
2025-04-25 13:47:46,731 [DEBUG] gui.config_panel - ConfigPanel: 获取根窗口成功
2025-04-25 13:47:46,731 [DEBUG] gui.config_panel - ConfigPanel: 获取MainWindow实例成功
2025-04-25 13:47:46,731 [DEBUG] gui.config_panel - ConfigPanel: 找到逻辑面板
2025-04-25 13:47:46,731 [DEBUG] gui.logic_panel - LogicPanel: 开始插入代码: K04_01_02
2025-04-25 13:47:46,732 [INFO] gui.logic_panel - LogicPanel: 输入历史 - 类型: K_code, 内容: K04_01_02, 当前表达式: K04_01_02 
2025-04-25 13:47:46,732 [INFO] gui.config_panel - ConfigPanel: 成功发送代码到逻辑面板: K04_01_02
2025-04-25 13:47:51,202 [DEBUG] gui.config_panel - ConfigPanel: 双击选中项 ID: I0B6
2025-04-25 13:47:51,202 [DEBUG] gui.config_panel - ConfigPanel: 选中项文本: K04_01_04 Kugelkopfkupplung
2025-04-25 13:47:51,203 [DEBUG] gui.config_panel - ConfigPanel: 提取的代码: K04_01_04
2025-04-25 13:47:51,203 [INFO] gui.config_panel - ConfigPanel: 准备插入K码: K04_01_04
2025-04-25 13:47:51,203 [DEBUG] gui.config_panel - ConfigPanel: 获取根窗口成功
2025-04-25 13:47:51,203 [DEBUG] gui.config_panel - ConfigPanel: 获取MainWindow实例成功
2025-04-25 13:47:51,203 [DEBUG] gui.config_panel - ConfigPanel: 找到逻辑面板
2025-04-25 13:47:51,203 [DEBUG] gui.logic_panel - LogicPanel: 开始插入代码: K04_01_04
2025-04-25 13:47:55,981 [INFO] gui.config_panel - ConfigPanel: 成功发送代码到逻辑面板: K04_01_04
2025-04-25 13:47:56,650 [INFO] gui.logic_panel - LogicPanel: 输入历史 - 类型: operator, 内容: AND, 当前表达式: K04_01_02  AND 
2025-04-25 13:48:02,287 [DEBUG] gui.config_panel - ConfigPanel: 双击选中项 ID: I0D3
2025-04-25 13:48:02,287 [DEBUG] gui.config_panel - ConfigPanel: 选中项文本: K04_06_02 6 kVA - FireCAN
2025-04-25 13:48:02,288 [DEBUG] gui.config_panel - ConfigPanel: 提取的代码: K04_06_02
2025-04-25 13:48:02,288 [INFO] gui.config_panel - ConfigPanel: 准备插入K码: K04_06_02
2025-04-25 13:48:02,289 [DEBUG] gui.config_panel - ConfigPanel: 获取根窗口成功
2025-04-25 13:48:02,289 [DEBUG] gui.config_panel - ConfigPanel: 获取MainWindow实例成功
2025-04-25 13:48:02,289 [DEBUG] gui.config_panel - ConfigPanel: 找到逻辑面板
2025-04-25 13:48:02,290 [DEBUG] gui.logic_panel - LogicPanel: 开始插入代码: K04_06_02
2025-04-25 13:48:02,291 [INFO] gui.logic_panel - LogicPanel: 输入历史 - 类型: K_code, 内容: K04_06_02, 当前表达式: K04_01_02  AND K04_06_02 
2025-04-25 13:48:02,291 [INFO] gui.config_panel - ConfigPanel: 成功发送代码到逻辑面板: K04_06_02
2025-04-25 13:48:05,945 [INFO] gui.logic_panel - LogicPanel: 输入历史 - 类型: operator, 内容: →, 当前表达式: K04_01_02  AND K04_06_02  → 
2025-04-25 13:48:15,494 [DEBUG] gui.bom_panel - BomPanel: 双击选中项 ID: I02B
2025-04-25 13:48:15,495 [DEBUG] gui.bom_panel - BomPanel: 选中项文本: 1123244 - Einzelsitz Std Airbag Stra.li. / single seat std. airbag tensioner le.
Z-Cab NG / Z-Cab NG
2025-04-25 13:48:15,496 [DEBUG] gui.bom_panel - BomPanel: 提取到Baugruppe: 1123244
2025-04-25 13:48:15,496 [DEBUG] gui.bom_panel - BomPanel: 提取到占位符: PL-Sitze01
2025-04-25 13:48:15,497 [DEBUG] gui.bom_panel - BomPanel: 构建的BOM码: PL-Sitze01-1123244
2025-04-25 13:48:15,497 [DEBUG] gui.bom_panel - BomPanel: 获取根窗口成功
2025-04-25 13:48:15,498 [DEBUG] gui.bom_panel - BomPanel: 获取MainWindow实例成功
2025-04-25 13:48:15,498 [DEBUG] gui.bom_panel - BomPanel: 找到逻辑面板
2025-04-25 13:48:15,499 [DEBUG] gui.logic_panel - LogicPanel: 开始插入代码: PL-Sitze01-1123244
2025-04-25 13:48:15,500 [DEBUG] gui.logic_panel - 验证BOM码: PL-Sitze01-1123244
2025-04-25 13:48:15,501 [INFO] gui.logic_panel - LogicPanel: 输入历史 - 类型: BOM_code, 内容: PL-Sitze01-1123244, 当前表达式: K04_01_02  AND K04_06_02  → PL-Sitze01-1123244 
2025-04-25 13:48:15,501 [INFO] gui.bom_panel - BomPanel: 成功发送代码到逻辑面板: PL-Sitze01-1123244
2025-04-25 13:48:15,502 [INFO] gui.bom_panel - BomPanel: 成功插入BOM码: PL-Sitze01-1123244
2025-04-25 13:48:25,035 [INFO] gui.logic_panel - LogicPanel: 输入历史 - 类型: operator, 内容: AND, 当前表达式: K04_01_02  AND K04_06_02  → PL-Sitze01-1123244  AND 
2025-04-25 13:48:27,838 [DEBUG] gui.bom_panel - BomPanel: 双击选中项 ID: I07B
2025-04-25 13:48:27,839 [DEBUG] gui.bom_panel - BomPanel: 选中项文本: 10019392 - Teilesatz PA-Sitz MAN mech. 2 FL / parts set BA-seat MAN mech. 2 btl.
Sitz MAN / seat MAN
2025-04-25 13:48:27,840 [DEBUG] gui.bom_panel - BomPanel: 提取到Baugruppe: 10019392
2025-04-25 13:48:27,840 [DEBUG] gui.bom_panel - BomPanel: 提取到占位符: PL-Sitze05
2025-04-25 13:48:27,841 [DEBUG] gui.bom_panel - BomPanel: 构建的BOM码: PL-Sitze05-10019392
2025-04-25 13:48:27,842 [DEBUG] gui.bom_panel - BomPanel: 获取根窗口成功
2025-04-25 13:48:27,842 [DEBUG] gui.bom_panel - BomPanel: 获取MainWindow实例成功
2025-04-25 13:48:27,843 [DEBUG] gui.bom_panel - BomPanel: 找到逻辑面板
2025-04-25 13:48:27,843 [DEBUG] gui.logic_panel - LogicPanel: 开始插入代码: PL-Sitze05-10019392
2025-04-25 13:48:27,844 [DEBUG] gui.logic_panel - 验证BOM码: PL-Sitze05-10019392
2025-04-25 13:48:27,845 [INFO] gui.logic_panel - LogicPanel: 输入历史 - 类型: BOM_code, 内容: PL-Sitze05-10019392, 当前表达式: K04_01_02  AND K04_06_02  → PL-Sitze01-1123244  AND PL-Sitze05-10019392 
2025-04-25 13:48:27,845 [INFO] gui.bom_panel - BomPanel: 成功发送代码到逻辑面板: PL-Sitze05-10019392
2025-04-25 13:48:27,846 [INFO] gui.bom_panel - BomPanel: 成功插入BOM码: PL-Sitze05-10019392
2025-04-25 13:48:30,637 [INFO] core.logic_builder - 规则数据已保存到文件: C:\Users\mengy\Desktop\ZK_LogicBom_Builder\data\temp_rules_latest.json
2025-04-25 13:48:30,641 [INFO] core.logic_builder - 规则数据已保存到文件: C:\Users\mengy\Desktop\ZK_LogicBom_Builder\data\temp_rules_latest.json
2025-04-25 13:48:30,642 [INFO] core.logic_builder - 规则数据已保存到文件: C:\Users\mengy\Desktop\ZK_LogicBom_Builder\data\temp_rules_latest.json
2025-04-25 13:48:30,642 [INFO] gui.logic_panel - 已保存新的BOM逻辑关系规则: ID=BL03, 选择项=K04_01_02  AND K04_06_02, 影响项=PL-Sitze01-1123244  AND PL-Sitze05-10019392, 状态=enabled
2025-04-25 13:48:34,692 [INFO] gui.logic_library_window - 已加载 10 条 BOM 逻辑关系规则
2025-04-25 13:48:46,327 [INFO] core.logic_builder - 规则数据已保存到文件: C:\Users\mengy\Desktop\ZK_LogicBom_Builder\data\temp_rules_latest.json
2025-04-25 13:48:46,327 [INFO] gui.logic_library_window - 已更改规则状态: BL03 -> testing
2025-04-25 13:48:50,574 [INFO] core.logic_builder - 规则数据已保存到文件: C:\Users\mengy\Desktop\ZK_LogicBom_Builder\data\temp_rules_latest.json
2025-04-25 13:48:50,574 [INFO] gui.logic_library_window - 已更改规则状态: BL03 -> enabled
2025-04-25 13:49:21,146 [INFO] gui.logic_library_window - 已加载 10 条 BOM 逻辑关系规则
2025-04-25 13:51:02,887 [INFO] gui.logic_library_window - 已加载 10 条 BOM 逻辑关系规则
2025-04-25 13:51:08,589 [INFO] core.logic_builder - 规则数据已保存到文件: C:\Users\mengy\Desktop\ZK_LogicBom_Builder\data\temp_rules_latest.json
2025-04-25 13:51:08,589 [INFO] gui.logic_library_window - 已删除规则: BL01
2025-04-25 13:51:12,241 [INFO] gui.logic_library_window - 已加载 9 条 BOM 逻辑关系规则
2025-04-25 13:51:16,249 [INFO] core.logic_builder - 规则数据已保存到文件: C:\Users\mengy\Desktop\ZK_LogicBom_Builder\data\temp_rules_latest.json
2025-04-25 13:51:16,250 [INFO] gui.logic_library_window - 已删除规则: BL02
2025-04-25 13:51:21,743 [INFO] gui.logic_library_window - 已加载 8 条 BOM 逻辑关系规则
2025-04-25 13:51:25,113 [INFO] core.logic_builder - 规则数据已保存到文件: C:\Users\mengy\Desktop\ZK_LogicBom_Builder\data\temp_rules_latest.json
2025-04-25 13:51:25,114 [INFO] gui.logic_library_window - 已删除规则: LS03
2025-04-25 13:51:27,919 [INFO] gui.logic_library_window - 已加载 7 条 BOM 逻辑关系规则
2025-04-25 13:51:31,160 [INFO] core.logic_builder - 规则数据已保存到文件: C:\Users\mengy\Desktop\ZK_LogicBom_Builder\data\temp_rules_latest.json
2025-04-25 13:51:31,160 [INFO] gui.logic_library_window - 已删除规则: LS05
2025-04-25 13:51:33,562 [INFO] gui.logic_library_window - 已加载 6 条 BOM 逻辑关系规则
2025-04-25 13:51:36,151 [INFO] core.logic_builder - 规则数据已保存到文件: C:\Users\mengy\Desktop\ZK_LogicBom_Builder\data\temp_rules_latest.json
2025-04-25 13:51:36,152 [INFO] gui.logic_library_window - 已删除规则: LS04
2025-04-25 13:51:37,762 [INFO] gui.logic_library_window - 已加载 5 条 BOM 逻辑关系规则
2025-04-25 13:51:40,933 [INFO] core.logic_builder - 规则数据已保存到文件: C:\Users\mengy\Desktop\ZK_LogicBom_Builder\data\temp_rules_latest.json
2025-04-25 13:51:40,934 [INFO] gui.logic_library_window - 已删除规则: LS06
2025-04-25 13:51:42,418 [INFO] gui.logic_library_window - 已加载 4 条 BOM 逻辑关系规则
