2025-04-23 11:22:54,414 [INFO] root - 程序启动，日志文件: C:\Users\mengy\Desktop\ZK_LogicBom_Builder\logs\log_20250423_112254.log
2025-04-23 11:22:54,662 [INFO] __main__ - 正在启动程序...
2025-04-23 11:22:54,662 [DEBUG] __main__ - Python版本: 3.13.2 (tags/v3.13.2:4f8bb39, Feb  4 2025, 15:23:48) [MSC v.1942 64 bit (AMD64)]
2025-04-23 11:22:54,662 [DEBUG] __main__ - 当前工作目录: C:\Users\mengy\Desktop\ZK_LogicBom_Builder
2025-04-23 11:22:54,662 [DEBUG] __main__ - src_dir路径: c:\Users\mengy\Desktop\ZK_LogicBom_Builder
2025-04-23 11:22:54,683 [INFO] __main__ - 正在创建语言选择对话框...
2025-04-23 11:22:55,784 [INFO] gui.language_dialog_tk - 已选择语言: zh
2025-04-23 11:22:55,800 [INFO] __main__ - 语言选择结果: zh
2025-04-23 11:22:55,800 [INFO] __main__ - 正在创建主题选择对话框...
2025-04-23 11:22:55,800 [DEBUG] gui.theme_dialog_tk - 创建主题选择对话框
2025-04-23 11:22:55,805 [DEBUG] gui.theme_dialog_tk - 主题选择对话框创建完成
2025-04-23 11:22:56,967 [DEBUG] gui.theme_dialog_tk - 用户选择了light主题
2025-04-23 11:22:56,992 [INFO] __main__ - 主题选择结果: light
2025-04-23 11:22:56,999 [INFO] __main__ - 正在配置主窗口...
2025-04-23 11:22:57,072 [INFO] __main__ - 开始创建MainWindow实例...
2025-04-23 11:22:57,073 [INFO] core.logic_builder - 已加载 6 条规则
2025-04-23 11:22:57,108 [INFO] __main__ - MainWindow实例创建完成
2025-04-23 11:22:57,375 [INFO] __main__ - 开始mainloop()...
2025-04-23 11:22:59,020 [INFO] core.config_processor - 找到工作表: ['TD', '0.模板&Vorlage', '1.Fahrgestell', '2.Fahrzeug allgemein', '3.Beschriftung&Kennzeichnung', '4. Anbauten&Fahrgestellarbeiten', '5. Fahrer_Mannschaftsraum', '6.Koffer', '7.Lichtmast', '8.Pumpenanlage', '9.Seilwinde&Generator', '10.Halterungen']
2025-04-23 11:22:59,021 [DEBUG] core.config_processor - 跳过工作表: TD
2025-04-23 11:22:59,021 [DEBUG] core.config_processor - 跳过工作表: 0.模板&Vorlage
2025-04-23 11:22:59,021 [INFO] core.config_processor - 处理工作表: 1.Fahrgestell -> 模块: 1.Fahrgestell
2025-04-23 11:22:59,039 [INFO] core.config_processor - 处理工作表: 2.Fahrzeug allgemein -> 模块: 2.Fahrzeug allgemein
2025-04-23 11:22:59,055 [INFO] core.config_processor - 处理工作表: 3.Beschriftung&Kennzeichnung -> 模块: 3.Beschriftung&Kennzeichnung
2025-04-23 11:22:59,071 [INFO] core.config_processor - 处理工作表: 4. Anbauten&Fahrgestellarbeiten -> 模块: 4.Anbauten&Fahrgestellarbeiten
2025-04-23 11:22:59,086 [INFO] core.config_processor - 处理工作表: 5. Fahrer_Mannschaftsraum -> 模块: 5.Fahrer_Mannschaftsraum
2025-04-23 11:22:59,107 [INFO] core.config_processor - 处理工作表: 6.Koffer -> 模块: 6.Koffer
2025-04-23 11:22:59,122 [INFO] core.config_processor - 处理工作表: 7.Lichtmast -> 模块: 7.Lichtmast
2025-04-23 11:22:59,138 [INFO] core.config_processor - 处理工作表: 8.Pumpenanlage -> 模块: 8.Pumpenanlage
2025-04-23 11:22:59,154 [INFO] core.config_processor - 处理工作表: 9.Seilwinde&Generator -> 模块: 9.Seilwinde&Generator
2025-04-23 11:22:59,169 [INFO] core.config_processor - 处理工作表: 10.Halterungen -> 模块: 10.Halterungen
2025-04-23 11:22:59,184 [INFO] gui.config_panel - 成功导入配置文件: C:/Users/mengy/Desktop/配置选项_Konfigurationsoptions.xlsm
2025-04-23 11:22:59,188 [INFO] gui.main_window_tk - 成功保存配置文件路径到app_config.json: C:/Users/mengy/Desktop/配置选项_Konfigurationsoptions.xlsm
2025-04-23 11:22:59,188 [INFO] gui.config_panel - 已保存配置文件路径到app_config.json: C:/Users/mengy/Desktop/配置选项_Konfigurationsoptions.xlsm
2025-04-23 11:23:00,358 [INFO] core.bom_processor - 开始导入BOM文件: C:/Users/mengy/Desktop/BOM映射表.xlsx
2025-04-23 11:23:00,363 [INFO] core.bom_processor - 找到工作表: ['MAX-gruppe', 'K码表', '配置', 'Sheet1']
2025-04-23 11:23:00,376 [INFO] core.bom_processor - BOM文件导入成功
2025-04-23 11:23:00,377 [INFO] gui.bom_panel - 成功导入BOM文件: C:/Users/mengy/Desktop/BOM映射表.xlsx
2025-04-23 11:23:00,378 [INFO] gui.main_window_tk - 成功保存BOM文件路径到app_config.json: C:/Users/mengy/Desktop/BOM映射表.xlsx
2025-04-23 11:23:00,378 [INFO] gui.bom_panel - 已保存BOM文件路径到app_config.json: C:/Users/mengy/Desktop/BOM映射表.xlsx
2025-04-23 11:23:02,464 [DEBUG] gui.bom_panel - BomPanel: 双击选中项 ID: I007
2025-04-23 11:23:02,465 [DEBUG] gui.bom_panel - BomPanel: 选中项文本: [2] PL-GrundKabine 10019236 - Modulkabine Standard MAN Euro 6
Modul cabin standard MAN Euro 6
(Z-Cab NG Alpas 3 RAL 3020
Z-Cab NG Alpas 3 RAL 3020)
2025-04-23 11:23:02,465 [INFO] gui.bom_panel - BomPanel: 提取到占位符: PL-GrundKabine, Baugruppe码: 10019236
2025-04-23 11:23:02,466 [INFO] gui.bom_panel - BomPanel: 生成的代码: PL-GrundKabine-10019236
2025-04-23 11:23:02,466 [DEBUG] gui.bom_panel - BomPanel: 获取根窗口成功
2025-04-23 11:23:02,467 [DEBUG] gui.bom_panel - BomPanel: 获取MainWindow实例成功
2025-04-23 11:23:02,467 [DEBUG] gui.bom_panel - BomPanel: 找到逻辑面板
2025-04-23 11:23:02,467 [DEBUG] gui.logic_panel - LogicPanel: 开始插入代码: PL-GrundKabine-10019236
2025-04-23 11:23:03,771 [INFO] gui.bom_panel - BomPanel: 成功发送代码到逻辑面板: PL-GrundKabine-10019236
2025-04-23 11:23:04,510 [DEBUG] gui.config_panel - ConfigPanel: 双击选中项 ID: I0B8
2025-04-23 11:23:04,510 [DEBUG] gui.config_panel - ConfigPanel: 选中项文本: F36 Löschwasserbehälter
2025-04-23 11:23:04,511 [DEBUG] gui.config_panel - ConfigPanel: 提取的代码: F36
2025-04-23 11:23:04,511 [DEBUG] gui.config_panel - ConfigPanel: 忽略非K码: F36
2025-04-23 11:23:05,857 [DEBUG] gui.config_panel - ConfigPanel: 双击选中项 ID: I0CA
2025-04-23 11:23:05,858 [DEBUG] gui.config_panel - ConfigPanel: 选中项文本: F38 Schleuderketten
2025-04-23 11:23:05,859 [DEBUG] gui.config_panel - ConfigPanel: 提取的代码: F38
2025-04-23 11:23:05,860 [DEBUG] gui.config_panel - ConfigPanel: 忽略非K码: F38
2025-04-23 11:23:08,182 [DEBUG] gui.config_panel - ConfigPanel: 双击选中项 ID: I0CC
2025-04-23 11:23:08,182 [DEBUG] gui.config_panel - ConfigPanel: 选中项文本: K04_04_02 original Fahrgestell
2025-04-23 11:23:08,183 [DEBUG] gui.config_panel - ConfigPanel: 提取的代码: K04_04_02
2025-04-23 11:23:08,183 [INFO] gui.config_panel - ConfigPanel: 准备插入K码: K04_04_02
2025-04-23 11:23:08,184 [DEBUG] gui.config_panel - ConfigPanel: 获取根窗口成功
2025-04-23 11:23:08,184 [DEBUG] gui.config_panel - ConfigPanel: 获取MainWindow实例成功
2025-04-23 11:23:08,184 [DEBUG] gui.config_panel - ConfigPanel: 找到逻辑面板
2025-04-23 11:23:08,185 [DEBUG] gui.logic_panel - LogicPanel: 开始插入代码: K04_04_02
2025-04-23 11:23:08,185 [INFO] gui.logic_panel - LogicPanel: 输入历史 - 类型: K_code, 内容: K04_04_02, 当前表达式: K04_04_02 
2025-04-23 11:23:08,185 [INFO] gui.config_panel - ConfigPanel: 成功发送代码到逻辑面板: K04_04_02
2025-04-23 11:23:09,262 [DEBUG] gui.config_panel - ConfigPanel: 双击选中项 ID: I0CD
2025-04-23 11:23:09,262 [DEBUG] gui.config_panel - ConfigPanel: 选中项文本: K04_04_03 Lieferung u. Montage Ziegler
2025-04-23 11:23:09,263 [DEBUG] gui.config_panel - ConfigPanel: 提取的代码: K04_04_03
2025-04-23 11:23:09,263 [INFO] gui.config_panel - ConfigPanel: 准备插入K码: K04_04_03
2025-04-23 11:23:09,263 [DEBUG] gui.config_panel - ConfigPanel: 获取根窗口成功
2025-04-23 11:23:09,263 [DEBUG] gui.config_panel - ConfigPanel: 获取MainWindow实例成功
2025-04-23 11:23:09,263 [DEBUG] gui.config_panel - ConfigPanel: 找到逻辑面板
2025-04-23 11:23:09,263 [DEBUG] gui.logic_panel - LogicPanel: 开始插入代码: K04_04_03
2025-04-23 11:23:10,220 [INFO] gui.config_panel - ConfigPanel: 成功发送代码到逻辑面板: K04_04_03
2025-04-23 11:23:10,824 [INFO] gui.logic_panel - LogicPanel: 输入历史 - 类型: operator, 内容: AND, 当前表达式: K04_04_02  AND 
2025-04-23 11:23:12,576 [DEBUG] gui.config_panel - ConfigPanel: 双击选中项 ID: I0D1
2025-04-23 11:23:12,577 [DEBUG] gui.config_panel - ConfigPanel: 选中项文本: F40 Generator (motorfest)
2025-04-23 11:23:12,578 [DEBUG] gui.config_panel - ConfigPanel: 提取的代码: F40
2025-04-23 11:23:12,578 [DEBUG] gui.config_panel - ConfigPanel: 忽略非K码: F40
2025-04-23 11:23:13,929 [DEBUG] gui.config_panel - ConfigPanel: 双击选中项 ID: I0D2
2025-04-23 11:23:13,930 [DEBUG] gui.config_panel - ConfigPanel: 选中项文本: K04_06_01 ohne
2025-04-23 11:23:13,931 [DEBUG] gui.config_panel - ConfigPanel: 提取的代码: K04_06_01
2025-04-23 11:23:13,931 [INFO] gui.config_panel - ConfigPanel: 准备插入K码: K04_06_01
2025-04-23 11:23:13,931 [DEBUG] gui.config_panel - ConfigPanel: 获取根窗口成功
2025-04-23 11:23:13,932 [DEBUG] gui.config_panel - ConfigPanel: 获取MainWindow实例成功
2025-04-23 11:23:13,932 [DEBUG] gui.config_panel - ConfigPanel: 找到逻辑面板
2025-04-23 11:23:13,933 [DEBUG] gui.logic_panel - LogicPanel: 开始插入代码: K04_06_01
2025-04-23 11:23:13,934 [INFO] gui.logic_panel - LogicPanel: 输入历史 - 类型: K_code, 内容: K04_06_01, 当前表达式: K04_04_02  AND K04_06_01 
2025-04-23 11:23:13,934 [INFO] gui.config_panel - ConfigPanel: 成功发送代码到逻辑面板: K04_06_01
2025-04-23 11:23:15,957 [INFO] gui.logic_panel - LogicPanel: 输入历史 - 类型: operator, 内容: →, 当前表达式: K04_04_02  AND K04_06_01  → 
2025-04-23 11:23:16,883 [DEBUG] gui.bom_panel - BomPanel: 双击选中项 ID: I008
2025-04-23 11:23:16,884 [DEBUG] gui.bom_panel - BomPanel: 选中项文本: [2] PL-GrundKabine 10019237 - Modulkabine Standard MAN Euro 6
Modul cabin standard MAN Euro 6
(Z-Cab NG Alpas 3 RAL 9010
Z-Cab NG Alpas 3 RAL 9010)
2025-04-23 11:23:16,885 [INFO] gui.bom_panel - BomPanel: 提取到占位符: PL-GrundKabine, Baugruppe码: 10019237
2025-04-23 11:23:16,885 [INFO] gui.bom_panel - BomPanel: 生成的代码: PL-GrundKabine-10019237
2025-04-23 11:23:16,886 [DEBUG] gui.bom_panel - BomPanel: 获取根窗口成功
2025-04-23 11:23:16,887 [DEBUG] gui.bom_panel - BomPanel: 获取MainWindow实例成功
2025-04-23 11:23:16,887 [DEBUG] gui.bom_panel - BomPanel: 找到逻辑面板
2025-04-23 11:23:16,888 [DEBUG] gui.logic_panel - LogicPanel: 开始插入代码: PL-GrundKabine-10019237
2025-04-23 11:23:16,888 [DEBUG] gui.logic_panel - 验证BOM码: PL-GrundKabine-10019237
2025-04-23 11:23:16,889 [INFO] gui.logic_panel - LogicPanel: 输入历史 - 类型: BOM_code, 内容: PL-GrundKabine-10019237, 当前表达式: K04_04_02  AND K04_06_01  → PL-GrundKabine-10019237 
2025-04-23 11:23:16,890 [INFO] gui.bom_panel - BomPanel: 成功发送代码到逻辑面板: PL-GrundKabine-10019237
2025-04-23 11:23:18,606 [DEBUG] gui.bom_panel - BomPanel: 双击选中项 ID: I008
2025-04-23 11:23:18,607 [DEBUG] gui.bom_panel - BomPanel: 选中项文本: [2] PL-GrundKabine 10019237 - Modulkabine Standard MAN Euro 6
Modul cabin standard MAN Euro 6
(Z-Cab NG Alpas 3 RAL 9010
Z-Cab NG Alpas 3 RAL 9010)
2025-04-23 11:23:18,607 [INFO] gui.bom_panel - BomPanel: 提取到占位符: PL-GrundKabine, Baugruppe码: 10019237
2025-04-23 11:23:18,608 [INFO] gui.bom_panel - BomPanel: 生成的代码: PL-GrundKabine-10019237
2025-04-23 11:23:18,609 [DEBUG] gui.bom_panel - BomPanel: 获取根窗口成功
2025-04-23 11:23:18,610 [DEBUG] gui.bom_panel - BomPanel: 获取MainWindow实例成功
2025-04-23 11:23:18,610 [DEBUG] gui.bom_panel - BomPanel: 找到逻辑面板
2025-04-23 11:23:18,611 [DEBUG] gui.logic_panel - LogicPanel: 开始插入代码: PL-GrundKabine-10019237
2025-04-23 11:23:18,611 [DEBUG] gui.logic_panel - 验证BOM码: PL-GrundKabine-10019237
2025-04-23 11:23:18,612 [DEBUG] gui.logic_panel - 错误：连续插入BOM码
2025-04-23 11:23:21,710 [INFO] gui.bom_panel - BomPanel: 成功发送代码到逻辑面板: PL-GrundKabine-10019237
2025-04-23 11:23:22,907 [INFO] gui.logic_panel - LogicPanel: 输入历史 - 类型: operator, 内容: AND, 当前表达式: K04_04_02  AND K04_06_01  → PL-GrundKabine-10019237  AND 
2025-04-23 11:23:24,887 [DEBUG] gui.bom_panel - BomPanel: 双击选中项 ID: I005
2025-04-23 11:23:24,889 [DEBUG] gui.bom_panel - BomPanel: 选中项文本: [2] PL-GrundKabine 10019234 - Modulkabine Standard MAN Euro 6 18T
Modul cabin standard MAN Euro 6 18T
(Z-Cab NG Alpas 3 RAL XXXX
Z-Cab NG Alpas 3 RAL XXXX)
2025-04-23 11:23:24,889 [INFO] gui.bom_panel - BomPanel: 提取到占位符: PL-GrundKabine, Baugruppe码: 10019234
2025-04-23 11:23:24,890 [INFO] gui.bom_panel - BomPanel: 生成的代码: PL-GrundKabine-10019234
2025-04-23 11:23:24,891 [DEBUG] gui.bom_panel - BomPanel: 获取根窗口成功
2025-04-23 11:23:24,892 [DEBUG] gui.bom_panel - BomPanel: 获取MainWindow实例成功
2025-04-23 11:23:24,893 [DEBUG] gui.bom_panel - BomPanel: 找到逻辑面板
2025-04-23 11:23:24,893 [DEBUG] gui.logic_panel - LogicPanel: 开始插入代码: PL-GrundKabine-10019234
2025-04-23 11:23:24,894 [DEBUG] gui.logic_panel - 验证BOM码: PL-GrundKabine-10019234
2025-04-23 11:23:24,895 [INFO] gui.logic_panel - LogicPanel: 输入历史 - 类型: BOM_code, 内容: PL-GrundKabine-10019234, 当前表达式: K04_04_02  AND K04_06_01  → PL-GrundKabine-10019237  AND PL-GrundKabine-10019234 
2025-04-23 11:23:24,896 [INFO] gui.bom_panel - BomPanel: 成功发送代码到逻辑面板: PL-GrundKabine-10019234
2025-04-23 11:23:26,045 [DEBUG] gui.bom_panel - BomPanel: 双击选中项 ID: I006
2025-04-23 11:23:26,046 [DEBUG] gui.bom_panel - BomPanel: 选中项文本: [2] PL-GrundKabine 10019235 - Modulkabine Standard MAN Euro 6
Modul cabin standard MAN Euro 6
(Z-Cab NG Alpas 3 RAL 3000
Z-Cab NG Alpas 3 RAL 3000)
2025-04-23 11:23:26,047 [INFO] gui.bom_panel - BomPanel: 提取到占位符: PL-GrundKabine, Baugruppe码: 10019235
2025-04-23 11:23:26,047 [INFO] gui.bom_panel - BomPanel: 生成的代码: PL-GrundKabine-10019235
2025-04-23 11:23:26,048 [DEBUG] gui.bom_panel - BomPanel: 获取根窗口成功
2025-04-23 11:23:26,049 [DEBUG] gui.bom_panel - BomPanel: 获取MainWindow实例成功
2025-04-23 11:23:26,049 [DEBUG] gui.bom_panel - BomPanel: 找到逻辑面板
2025-04-23 11:23:26,050 [DEBUG] gui.logic_panel - LogicPanel: 开始插入代码: PL-GrundKabine-10019235
2025-04-23 11:23:26,050 [DEBUG] gui.logic_panel - 验证BOM码: PL-GrundKabine-10019235
2025-04-23 11:23:26,051 [DEBUG] gui.logic_panel - 错误：连续插入BOM码
2025-04-23 11:24:28,598 [INFO] gui.bom_panel - BomPanel: 成功发送代码到逻辑面板: PL-GrundKabine-10019235
