2025-05-09 11:15:29,620 [INFO] root - 程序启动，日志文件: C:\Users\mengy\Desktop\ZK_LogicBom_Builder\logs\log_20250509_111529.log
2025-05-09 11:15:29,844 [INFO] __main__ - 正在启动程序...
2025-05-09 11:15:29,844 [DEBUG] __main__ - Python版本: 3.13.2 (tags/v3.13.2:4f8bb39, Feb  4 2025, 15:23:48) [MSC v.1942 64 bit (AMD64)]
2025-05-09 11:15:29,845 [DEBUG] __main__ - 当前工作目录: C:\Users\mengy\Desktop\ZK_LogicBom_Builder
2025-05-09 11:15:29,845 [DEBUG] __main__ - src_dir路径: c:\Users\mengy\Desktop\ZK_LogicBom_Builder
2025-05-09 11:15:29,867 [INFO] __main__ - 正在创建语言选择对话框...
2025-05-09 11:15:32,317 [INFO] gui.language_dialog_tk - 已选择语言: zh
2025-05-09 11:15:32,331 [INFO] __main__ - 语言选择结果: zh
2025-05-09 11:15:32,331 [INFO] __main__ - 正在创建主题选择对话框...
2025-05-09 11:15:32,331 [DEBUG] gui.theme_dialog_tk - 创建主题选择对话框
2025-05-09 11:15:32,342 [DEBUG] gui.theme_dialog_tk - 主题选择对话框创建完成
2025-05-09 11:15:32,966 [DEBUG] gui.theme_dialog_tk - 用户选择了light主题
2025-05-09 11:15:32,991 [INFO] __main__ - 主题选择结果: light
2025-05-09 11:15:32,994 [INFO] __main__ - 正在配置主窗口...
2025-05-09 11:15:33,088 [INFO] __main__ - 开始创建MainWindow实例...
2025-05-09 11:15:33,089 [INFO] core.logic_builder - 从 C:\Users\mengy\Desktop\ZK_LogicBom_Builder\data\temp_rules_latest.json 加载时检测到新版规则文件格式 (BL_rules/TL_rules)。
2025-05-09 11:15:33,089 [INFO] core.logic_builder - 已加载 3 条规则从 C:\Users\mengy\Desktop\ZK_LogicBom_Builder\data\temp_rules_latest.json
2025-05-09 11:15:33,124 [INFO] gui.logic_panel - 规则未加载状态，等待用户确认后再加载规则
2025-05-09 11:15:33,129 [INFO] __main__ - MainWindow实例创建完成
2025-05-09 11:15:33,297 [INFO] __main__ - 开始mainloop()...
2025-05-09 11:15:34,707 [INFO] core.config_processor - 找到工作表: ['1.Kabine']
2025-05-09 11:15:34,708 [INFO] core.config_processor - 处理工作表: 1.Kabine -> 模块: 1.Kabine
2025-05-09 11:15:34,729 [INFO] gui.config_panel - 成功导入配置文件: C:/Users/mengy/Desktop/Kabinemekrmal(Test).xlsx
2025-05-09 11:15:34,731 [INFO] gui.main_window_tk - 成功保存配置文件路径到app_config.json: C:/Users/mengy/Desktop/Kabinemekrmal(Test).xlsx
2025-05-09 11:15:34,732 [INFO] gui.config_panel - 已保存配置文件路径到app_config.json: C:/Users/mengy/Desktop/Kabinemekrmal(Test).xlsx
2025-05-09 11:15:35,741 [INFO] core.bom_processor - 开始导入BOM文件: C:/Users/mengy/Desktop/Bom.xlsx
2025-05-09 11:15:35,741 [INFO] core.bom_processor - 已清空现有数据
2025-05-09 11:15:35,742 [INFO] core.bom_processor - 正在读取Excel文件...
2025-05-09 11:15:35,748 [INFO] core.bom_processor - 成功打开Excel文件，包含以下工作表: ['Max-Gruppe']
2025-05-09 11:15:35,748 [INFO] core.bom_processor - 正在读取 Max-Gruppe 工作表...
2025-05-09 11:15:35,761 [INFO] core.bom_processor - 成功读取工作表，共 154 行数据
2025-05-09 11:15:35,762 [INFO] core.bom_processor - 所有必需列均存在，开始处理数据...
2025-05-09 11:15:35,763 [INFO] core.bom_processor - 过滤空层级后剩余 153 行数据
2025-05-09 11:15:35,763 [INFO] core.bom_processor - 
开始处理数据...
2025-05-09 11:15:35,767 [INFO] core.bom_processor - 
数据处理完成，成功处理 {processed_count} 行数据
2025-05-09 11:15:35,767 [INFO] core.bom_processor - 第 1 级节点数量: 1
2025-05-09 11:15:35,767 [INFO] core.bom_processor - 第 2 级节点数量: 133
2025-05-09 11:15:35,767 [INFO] core.bom_processor - 第 3 级节点数量: 19
2025-05-09 11:15:35,768 [INFO] core.bom_processor - BOM文件导入成功，共处理 153 个项目
2025-05-09 11:15:35,768 [INFO] gui.bom_panel - 成功导入BOM文件: C:/Users/mengy/Desktop/Bom.xlsx
2025-05-09 11:15:35,768 [INFO] gui.bom_panel - 开始刷新树状图
2025-05-09 11:15:35,769 [INFO] gui.bom_panel - 树状图刷新完成
2025-05-09 11:15:35,770 [INFO] gui.main_window_tk - 成功保存BOM文件路径到app_config.json: C:/Users/mengy/Desktop/Bom.xlsx
2025-05-09 11:15:35,770 [INFO] gui.bom_panel - 已保存BOM文件路径到app_config.json: C:/Users/mengy/Desktop/Bom.xlsx
2025-05-09 11:15:47,260 [INFO] core.logic_builder - 准备从临时文件加载规则: C:\Users\mengy\Desktop\ZK_LogicBom_Builder\data\temp_rules_latest.json
2025-05-09 11:15:47,260 [INFO] core.logic_builder - 加载时检测到新版大写键名规则文件格式 (BL_rules/TL_rules) 从 C:\Users\mengy\Desktop\ZK_LogicBom_Builder\data\temp_rules_latest.json。
2025-05-09 11:15:47,261 [INFO] gui.logic_panel - 收到规则变更事件: type=imported, rule_id=None
2025-05-09 11:15:47,261 [INFO] gui.logic_panel - 规则未加载状态，等待用户确认
2025-05-09 11:15:47,261 [INFO] core.logic_builder - 从临时文件 (C:\Users\mengy\Desktop\ZK_LogicBom_Builder\data\temp_rules_latest.json) 加载 3 条规则完成。导出状态: False
2025-05-09 11:15:47,261 [INFO] gui.logic_library_window - 已加载 3 条规则
2025-05-09 11:15:52,253 [INFO] gui.logic_library_window - 筛选和搜索完成：显示 3/3 条规则
2025-05-09 11:15:54,179 [INFO] gui.logic_library_window - 筛选和搜索完成：显示 3/3 条规则
2025-05-09 11:15:55,448 [INFO] gui.logic_library_window - 筛选和搜索完成：显示 3/3 条规则
2025-05-09 11:15:55,958 [INFO] gui.logic_library_window - 筛选和搜索完成：显示 3/3 条规则
2025-05-09 11:15:56,828 [INFO] gui.logic_library_window - 筛选和搜索完成：显示 3/3 条规则
2025-05-09 11:15:57,294 [INFO] gui.logic_library_window - 筛选和搜索完成：显示 3/3 条规则
2025-05-09 11:15:57,750 [INFO] gui.logic_library_window - 筛选和搜索完成：显示 2/3 条规则
2025-05-09 11:15:58,166 [INFO] gui.logic_library_window - 筛选和搜索完成：显示 2/3 条规则
2025-05-09 11:16:00,776 [INFO] gui.logic_library_window - 筛选和搜索完成：显示 2/3 条规则
2025-05-09 11:16:01,240 [INFO] gui.logic_library_window - 筛选和搜索完成：显示 3/3 条规则
2025-05-09 11:16:03,718 [INFO] gui.logic_library_window - 筛选和搜索完成：显示 1/3 条规则
2025-05-09 11:16:05,080 [INFO] gui.logic_library_window - 筛选和搜索完成：显示 0/3 条规则
2025-05-09 11:16:06,337 [INFO] gui.logic_library_window - 筛选和搜索完成：显示 1/3 条规则
2025-05-09 11:16:07,879 [INFO] gui.logic_library_window - 筛选和搜索完成：显示 3/3 条规则
2025-05-09 11:16:08,247 [INFO] gui.logic_library_window - 筛选和搜索完成：显示 3/3 条规则
2025-05-09 11:16:08,767 [INFO] gui.logic_library_window - 筛选和搜索完成：显示 3/3 条规则
2025-05-09 11:16:09,462 [INFO] gui.logic_library_window - 筛选和搜索完成：显示 3/3 条规则
2025-05-09 11:16:14,185 [INFO] gui.logic_library_window - 筛选和搜索完成：显示 1/3 条规则
2025-05-09 11:16:16,582 [INFO] gui.logic_library_window - 筛选和搜索完成：显示 3/3 条规则
2025-05-09 11:16:17,222 [INFO] gui.logic_library_window - 筛选和搜索完成：显示 3/3 条规则
2025-05-09 11:16:18,659 [INFO] gui.logic_library_window - 筛选和搜索完成：显示 2/3 条规则
2025-05-09 11:16:20,019 [INFO] gui.logic_library_window - 筛选和搜索完成：显示 2/3 条规则
2025-05-09 11:16:25,073 [INFO] gui.logic_library_window - 筛选和搜索完成：显示 0/3 条规则
2025-05-09 11:16:26,702 [INFO] gui.logic_library_window - 筛选和搜索完成：显示 2/3 条规则
2025-05-09 11:16:30,103 [INFO] gui.logic_library_window - 筛选和搜索完成：显示 3/3 条规则
2025-05-09 11:16:31,087 [INFO] gui.logic_library_window - 筛选和搜索完成：显示 1/3 条规则
2025-05-09 11:16:32,820 [INFO] gui.logic_library_window - 筛选和搜索完成：显示 1/3 条规则
2025-05-09 11:16:33,998 [INFO] gui.logic_library_window - 筛选和搜索完成：显示 3/3 条规则
2025-05-09 11:16:40,380 [INFO] gui.logic_library_window - 筛选和搜索完成：显示 3/3 条规则
2025-05-09 11:16:41,511 [INFO] gui.logic_library_window - 筛选和搜索完成：显示 3/3 条规则
2025-05-09 11:16:44,270 [INFO] gui.logic_library_window - 筛选和搜索完成：显示 3/3 条规则
2025-05-09 11:16:47,457 [INFO] gui.logic_library_window - 筛选和搜索完成：显示 2/3 条规则
2025-05-09 11:16:58,699 [INFO] gui.logic_library_window - 筛选和搜索完成：显示 3/3 条规则
2025-05-09 11:17:00,023 [INFO] gui.logic_library_window - 筛选和搜索完成：显示 1/3 条规则
2025-05-09 11:17:00,728 [INFO] gui.logic_library_window - 筛选和搜索完成：显示 3/3 条规则
2025-05-09 11:17:02,154 [INFO] gui.logic_library_window - 筛选和搜索完成：显示 2/3 条规则
2025-05-09 11:17:02,522 [INFO] gui.logic_library_window - 筛选和搜索完成：显示 0/3 条规则
2025-05-09 11:17:04,285 [INFO] gui.logic_library_window - 筛选和搜索完成：显示 2/3 条规则
2025-05-09 11:17:05,989 [INFO] gui.logic_library_window - 筛选和搜索完成：显示 2/3 条规则
2025-05-09 11:17:07,828 [INFO] gui.logic_library_window - 筛选和搜索完成：显示 2/3 条规则
2025-05-09 11:17:08,816 [INFO] gui.logic_library_window - 筛选和搜索完成：显示 2/3 条规则
2025-05-09 11:17:10,165 [INFO] gui.logic_library_window - 筛选和搜索完成：显示 0/3 条规则
2025-05-09 11:17:10,787 [INFO] gui.logic_library_window - 筛选和搜索完成：显示 1/3 条规则
2025-05-09 11:17:11,441 [INFO] gui.logic_library_window - 筛选和搜索完成：显示 3/3 条规则
2025-05-09 11:18:23,975 [INFO] gui.logic_library_window - 筛选和搜索完成：显示 3/3 条规则
2025-05-09 11:18:25,987 [INFO] gui.logic_library_window - 筛选和搜索完成：显示 3/3 条规则
2025-05-09 11:18:27,238 [INFO] gui.logic_library_window - 筛选和搜索完成：显示 2/3 条规则
