2025-04-16 11:26:12,535 [INFO] root - 程序启动，日志文件: C:\Users\mengy\Desktop\ZK_LogicBom_Builder\logs\log_20250416_112612.log
2025-04-16 11:26:12,795 [INFO] __main__ - 正在启动程序...
2025-04-16 11:26:12,795 [DEBUG] __main__ - Python版本: 3.13.2 (tags/v3.13.2:4f8bb39, Feb  4 2025, 15:23:48) [MSC v.1942 64 bit (AMD64)]
2025-04-16 11:26:12,795 [DEBUG] __main__ - 当前工作目录: C:\Users\mengy\Desktop\ZK_LogicBom_Builder
2025-04-16 11:26:12,796 [DEBUG] __main__ - src_dir路径: c:\Users\mengy\Desktop\ZK_LogicBom_Builder
2025-04-16 11:26:12,811 [INFO] __main__ - 正在创建语言选择对话框...
2025-04-16 11:26:15,811 [INFO] gui.language_dialog_tk - 已选择语言: zh
2025-04-16 11:26:15,843 [INFO] __main__ - 语言选择结果: zh
2025-04-16 11:26:15,862 [INFO] __main__ - 正在配置主窗口...
2025-04-16 11:26:15,905 [INFO] __main__ - 开始创建MainWindow实例...
2025-04-16 11:26:15,905 [INFO] core.logic_builder - 已加载 6 条规则
2025-04-16 11:26:15,932 [INFO] __main__ - MainWindow实例创建完成
2025-04-16 11:26:16,143 [INFO] __main__ - 开始mainloop()...
2025-04-16 11:26:24,188 [CRITICAL] __main__ - 未捕获的异常: unknown option "-background"
Traceback (most recent call last):
  File "D:\Python\Lib\tkinter\__init__.py", line 2068, in __call__
    return self.func(*args)
           ~~~~~~~~~^^^^^^^
  File "c:\Users\mengy\Desktop\ZK_LogicBom_Builder\gui\main_window_tk.py", line 379, in _show_theme_dialog
    dialog = ThemeDialog(self.root, callback=self._on_theme_changed)
  File "c:\Users\mengy\Desktop\ZK_LogicBom_Builder\gui\theme_dialog_tk.py", line 98, in __init__
    self._create_widgets()
    ~~~~~~~~~~~~~~~~~~~~^^
  File "c:\Users\mengy\Desktop\ZK_LogicBom_Builder\gui\theme_dialog_tk.py", line 153, in _create_widgets
    preview = ThemePreviewFrame(theme_row, theme_id)
  File "c:\Users\mengy\Desktop\ZK_LogicBom_Builder\gui\theme_dialog_tk.py", line 49, in __init__
    self.configure(background=theme_data["background"])
    ~~~~~~~~~~~~~~^^^^^^^^^^^^^^^^^^^^^^^^^^^^^^^^^^^^^
  File "D:\Python\Lib\site-packages\ttkbootstrap\style.py", line 5003, in configure
    func(self, cnf, **kwargs)
    ~~~~^^^^^^^^^^^^^^^^^^^^^
  File "D:\Python\Lib\tkinter\__init__.py", line 1822, in configure
    return self._configure('configure', cnf, kw)
           ~~~~~~~~~~~~~~~^^^^^^^^^^^^^^^^^^^^^^
  File "D:\Python\Lib\tkinter\__init__.py", line 1812, in _configure
    self.tk.call(_flatten((self._w, cmd)) + self._options(cnf))
    ~~~~~~~~~~~~^^^^^^^^^^^^^^^^^^^^^^^^^^^^^^^^^^^^^^^^^^^^^^^
_tkinter.TclError: unknown option "-background"
2025-04-16 11:26:24,191 [CRITICAL] __main__ - 详细错误栈:
['Traceback (most recent call last):\n', '  File "D:\\Python\\Lib\\tkinter\\__init__.py", line 2068, in __call__\n    return self.func(*args)\n           ~~~~~~~~~^^^^^^^\n', '  File "c:\\Users\\mengy\\Desktop\\ZK_LogicBom_Builder\\gui\\main_window_tk.py", line 379, in _show_theme_dialog\n    dialog = ThemeDialog(self.root, callback=self._on_theme_changed)\n', '  File "c:\\Users\\mengy\\Desktop\\ZK_LogicBom_Builder\\gui\\theme_dialog_tk.py", line 98, in __init__\n    self._create_widgets()\n    ~~~~~~~~~~~~~~~~~~~~^^\n', '  File "c:\\Users\\mengy\\Desktop\\ZK_LogicBom_Builder\\gui\\theme_dialog_tk.py", line 153, in _create_widgets\n    preview = ThemePreviewFrame(theme_row, theme_id)\n', '  File "c:\\Users\\mengy\\Desktop\\ZK_LogicBom_Builder\\gui\\theme_dialog_tk.py", line 49, in __init__\n    self.configure(background=theme_data["background"])\n    ~~~~~~~~~~~~~~^^^^^^^^^^^^^^^^^^^^^^^^^^^^^^^^^^^^^\n', '  File "D:\\Python\\Lib\\site-packages\\ttkbootstrap\\style.py", line 5003, in configure\n    func(self, cnf, **kwargs)\n    ~~~~^^^^^^^^^^^^^^^^^^^^^\n', '  File "D:\\Python\\Lib\\tkinter\\__init__.py", line 1822, in configure\n    return self._configure(\'configure\', cnf, kw)\n           ~~~~~~~~~~~~~~~^^^^^^^^^^^^^^^^^^^^^^\n', '  File "D:\\Python\\Lib\\tkinter\\__init__.py", line 1812, in _configure\n    self.tk.call(_flatten((self._w, cmd)) + self._options(cnf))\n    ~~~~~~~~~~~~^^^^^^^^^^^^^^^^^^^^^^^^^^^^^^^^^^^^^^^^^^^^^^^\n', '_tkinter.TclError: unknown option "-background"\n']
Traceback (most recent call last):
  File "D:\Python\Lib\tkinter\__init__.py", line 2068, in __call__
    return self.func(*args)
           ~~~~~~~~~^^^^^^^
  File "c:\Users\mengy\Desktop\ZK_LogicBom_Builder\gui\main_window_tk.py", line 379, in _show_theme_dialog
    dialog = ThemeDialog(self.root, callback=self._on_theme_changed)
  File "c:\Users\mengy\Desktop\ZK_LogicBom_Builder\gui\theme_dialog_tk.py", line 98, in __init__
    self._create_widgets()
    ~~~~~~~~~~~~~~~~~~~~^^
  File "c:\Users\mengy\Desktop\ZK_LogicBom_Builder\gui\theme_dialog_tk.py", line 153, in _create_widgets
    preview = ThemePreviewFrame(theme_row, theme_id)
  File "c:\Users\mengy\Desktop\ZK_LogicBom_Builder\gui\theme_dialog_tk.py", line 49, in __init__
    self.configure(background=theme_data["background"])
    ~~~~~~~~~~~~~~^^^^^^^^^^^^^^^^^^^^^^^^^^^^^^^^^^^^^
  File "D:\Python\Lib\site-packages\ttkbootstrap\style.py", line 5003, in configure
    func(self, cnf, **kwargs)
    ~~~~^^^^^^^^^^^^^^^^^^^^^
  File "D:\Python\Lib\tkinter\__init__.py", line 1822, in configure
    return self._configure('configure', cnf, kw)
           ~~~~~~~~~~~~~~~^^^^^^^^^^^^^^^^^^^^^^
  File "D:\Python\Lib\tkinter\__init__.py", line 1812, in _configure
    self.tk.call(_flatten((self._w, cmd)) + self._options(cnf))
    ~~~~~~~~~~~~^^^^^^^^^^^^^^^^^^^^^^^^^^^^^^^^^^^^^^^^^^^^^^^
_tkinter.TclError: unknown option "-background"
