2025-05-05 14:30:37,714 [INFO] root - 程序启动，日志文件: C:\Users\mengy\Desktop\ZK_LogicBom_Builder\logs\log_20250505_143037.log
2025-05-05 14:30:37,948 [INFO] __main__ - 正在启动程序...
2025-05-05 14:30:37,948 [DEBUG] __main__ - Python版本: 3.13.2 (tags/v3.13.2:4f8bb39, Feb  4 2025, 15:23:48) [MSC v.1942 64 bit (AMD64)]
2025-05-05 14:30:37,948 [DEBUG] __main__ - 当前工作目录: C:\Users\mengy\Desktop\ZK_LogicBom_Builder
2025-05-05 14:30:37,948 [DEBUG] __main__ - src_dir路径: c:\Users\mengy\Desktop\ZK_LogicBom_Builder
2025-05-05 14:30:37,969 [INFO] __main__ - 正在创建语言选择对话框...
2025-05-05 14:30:38,687 [INFO] gui.language_dialog_tk - 已选择语言: zh
2025-05-05 14:30:38,706 [INFO] __main__ - 语言选择结果: zh
2025-05-05 14:30:38,707 [INFO] __main__ - 正在创建主题选择对话框...
2025-05-05 14:30:38,707 [DEBUG] gui.theme_dialog_tk - 创建主题选择对话框
2025-05-05 14:30:38,715 [DEBUG] gui.theme_dialog_tk - 主题选择对话框创建完成
2025-05-05 14:30:39,303 [DEBUG] gui.theme_dialog_tk - 用户选择了light主题
2025-05-05 14:30:39,326 [INFO] __main__ - 主题选择结果: light
2025-05-05 14:30:39,340 [INFO] __main__ - 正在配置主窗口...
2025-05-05 14:30:39,437 [INFO] __main__ - 开始创建MainWindow实例...
2025-05-05 14:30:39,439 [INFO] core.logic_builder - 已加载 3 条规则
2025-05-05 14:30:39,503 [INFO] gui.logic_panel - 规则未加载状态，等待用户确认后再加载规则
2025-05-05 14:30:39,514 [INFO] __main__ - MainWindow实例创建完成
2025-05-05 14:30:39,711 [INFO] __main__ - 开始mainloop()...
2025-05-05 14:30:41,381 [INFO] core.config_processor - 找到工作表: ['1.Kabine']
2025-05-05 14:30:41,381 [INFO] core.config_processor - 处理工作表: 1.Kabine -> 模块: 1.Kabine
2025-05-05 14:30:41,402 [INFO] gui.config_panel - 成功导入配置文件: C:/Users/mengy/Desktop/Kabinemekrmal(Test).xlsx
2025-05-05 14:30:41,405 [INFO] gui.main_window_tk - 成功保存配置文件路径到app_config.json: C:/Users/mengy/Desktop/Kabinemekrmal(Test).xlsx
2025-05-05 14:30:41,405 [INFO] gui.config_panel - 已保存配置文件路径到app_config.json: C:/Users/mengy/Desktop/Kabinemekrmal(Test).xlsx
2025-05-05 14:30:43,154 [INFO] core.bom_processor - 开始导入BOM文件: C:/Users/mengy/Desktop/Bom.xlsx
2025-05-05 14:30:43,155 [INFO] core.bom_processor - 已清空现有数据
2025-05-05 14:30:43,155 [INFO] core.bom_processor - 正在读取Excel文件...
2025-05-05 14:30:43,160 [INFO] core.bom_processor - 成功打开Excel文件，包含以下工作表: ['Max-Gruppe']
2025-05-05 14:30:43,160 [INFO] core.bom_processor - 正在读取 Max-Gruppe 工作表...
2025-05-05 14:30:43,169 [INFO] core.bom_processor - 成功读取工作表，共 154 行数据
2025-05-05 14:30:43,170 [INFO] core.bom_processor - 所有必需列均存在，开始处理数据...
2025-05-05 14:30:43,171 [INFO] core.bom_processor - 过滤空层级后剩余 153 行数据
2025-05-05 14:30:43,171 [INFO] core.bom_processor - 
开始处理数据...
2025-05-05 14:30:43,174 [INFO] core.bom_processor - 
数据处理完成，成功处理 {processed_count} 行数据
2025-05-05 14:30:43,175 [INFO] core.bom_processor - 第 1 级节点数量: 1
2025-05-05 14:30:43,175 [INFO] core.bom_processor - 第 2 级节点数量: 133
2025-05-05 14:30:43,175 [INFO] core.bom_processor - 第 3 级节点数量: 19
2025-05-05 14:30:43,175 [INFO] core.bom_processor - BOM文件导入成功，共处理 153 个项目
2025-05-05 14:30:43,176 [INFO] gui.bom_panel - 成功导入BOM文件: C:/Users/mengy/Desktop/Bom.xlsx
2025-05-05 14:30:43,176 [INFO] gui.bom_panel - 开始刷新树状图
2025-05-05 14:30:43,177 [INFO] gui.bom_panel - 树状图刷新完成
2025-05-05 14:30:43,178 [INFO] gui.main_window_tk - 成功保存BOM文件路径到app_config.json: C:/Users/mengy/Desktop/Bom.xlsx
2025-05-05 14:30:43,179 [INFO] gui.bom_panel - 已保存BOM文件路径到app_config.json: C:/Users/mengy/Desktop/Bom.xlsx
2025-05-05 14:30:44,774 [INFO] gui.main_window_tk - 用户确认加载规则，设置规则已加载标志为True
2025-05-05 14:30:44,774 [INFO] core.logic_builder - 准备从临时文件加载规则: C:\Users\mengy\Desktop\ZK_LogicBom_Builder\data\temp_rules_latest.json
2025-05-05 14:30:44,775 [INFO] gui.logic_panel - 收到规则变更事件: type=imported, rule_id=None
2025-05-05 14:30:44,775 [INFO] gui.logic_panel - 规则已加载状态，开始更新已保存规则框架
2025-05-05 14:30:44,775 [INFO] gui.logic_panel - 开始加载规则到已保存规则框架
2025-05-05 14:30:44,775 [DEBUG] gui.logic_panel - 从LogicBuilder获取到 3 条规则
2025-05-05 14:30:44,776 [DEBUG] gui.logic_panel - 添加规则ID: 1 到已使用集合
2025-05-05 14:30:44,776 [DEBUG] gui.logic_panel - 添加规则ID: 2 到已使用集合
2025-05-05 14:30:44,776 [DEBUG] gui.logic_panel - 添加规则ID: 3 到已使用集合
2025-05-05 14:30:44,776 [INFO] gui.logic_panel - 成功加载 3 条规则到已保存规则框架
2025-05-05 14:30:44,776 [INFO] core.logic_builder - 从临时文件加载规则完成
2025-05-05 14:30:44,776 [INFO] gui.main_window_tk - 开始刷新逻辑面板显示
2025-05-05 14:30:44,776 [INFO] gui.logic_panel - 开始加载规则到已保存规则框架
2025-05-05 14:30:44,776 [DEBUG] gui.logic_panel - 从LogicBuilder获取到 3 条规则
2025-05-05 14:30:44,777 [DEBUG] gui.logic_panel - 添加规则ID: 1 到已使用集合
2025-05-05 14:30:44,777 [DEBUG] gui.logic_panel - 添加规则ID: 2 到已使用集合
2025-05-05 14:30:44,777 [DEBUG] gui.logic_panel - 添加规则ID: 3 到已使用集合
2025-05-05 14:30:44,777 [INFO] gui.logic_panel - 成功加载 3 条规则到已保存规则框架
2025-05-05 14:30:44,777 [INFO] gui.main_window_tk - 逻辑面板显示刷新完成
2025-05-05 14:30:48,841 [DEBUG] gui.config_panel - ConfigPanel: 双击选中项 ID: I010
2025-05-05 14:30:48,842 [DEBUG] gui.config_panel - ConfigPanel: 选中项文本: HBG_200_01010 Sitzplatzvariante
2025-05-05 14:30:48,842 [DEBUG] gui.config_panel - ConfigPanel: 提取的代码: HBG_200_01010
2025-05-05 14:30:48,843 [DEBUG] gui.config_panel - ConfigPanel: 忽略非特征值: HBG_200_01010
2025-05-05 14:30:49,720 [DEBUG] gui.config_panel - ConfigPanel: 双击选中项 ID: I011
2025-05-05 14:30:49,721 [DEBUG] gui.config_panel - ConfigPanel: 选中项文本: K-200-000300 Ziegler Standardsitze
2025-05-05 14:30:49,722 [DEBUG] gui.config_panel - ConfigPanel: 提取的代码: K-200-000300
2025-05-05 14:30:49,723 [INFO] gui.config_panel - ConfigPanel: 准备插入特征值: K-200-000300
2025-05-05 14:30:49,723 [DEBUG] gui.config_panel - ConfigPanel: 获取根窗口成功
2025-05-05 14:30:49,724 [DEBUG] gui.config_panel - ConfigPanel: 获取MainWindow实例成功
2025-05-05 14:30:49,725 [DEBUG] gui.config_panel - ConfigPanel: 找到逻辑面板
2025-05-05 14:30:49,725 [DEBUG] gui.logic_panel - LogicPanel: 开始插入代码: K-200-000300
2025-05-05 14:30:49,726 [INFO] gui.logic_panel - LogicPanel: 输入历史 - 类型: K_code, 内容: K-200-000300, 当前表达式: K-200-000300 
2025-05-05 14:30:49,727 [INFO] gui.config_panel - ConfigPanel: 成功发送代码到逻辑面板: K-200-000300
2025-05-05 14:30:52,068 [INFO] gui.logic_panel - LogicPanel: 输入历史 - 类型: operator, 内容: AND, 当前表达式: K-200-000300  AND 
2025-05-05 14:30:52,654 [DEBUG] gui.config_panel - ConfigPanel: 双击选中项 ID: I012
2025-05-05 14:30:52,655 [DEBUG] gui.config_panel - ConfigPanel: 选中项文本: K-200-000301 Bostrom Integra Sitze
2025-05-05 14:30:52,656 [DEBUG] gui.config_panel - ConfigPanel: 提取的代码: K-200-000301
2025-05-05 14:30:52,657 [INFO] gui.config_panel - ConfigPanel: 准备插入特征值: K-200-000301
2025-05-05 14:30:52,657 [DEBUG] gui.config_panel - ConfigPanel: 获取根窗口成功
2025-05-05 14:30:52,658 [DEBUG] gui.config_panel - ConfigPanel: 获取MainWindow实例成功
2025-05-05 14:30:52,659 [DEBUG] gui.config_panel - ConfigPanel: 找到逻辑面板
2025-05-05 14:30:52,660 [DEBUG] gui.logic_panel - LogicPanel: 开始插入代码: K-200-000301
2025-05-05 14:30:52,661 [INFO] gui.logic_panel - LogicPanel: 输入历史 - 类型: K_code, 内容: K-200-000301, 当前表达式: K-200-000300  AND K-200-000301 
2025-05-05 14:30:52,661 [INFO] gui.config_panel - ConfigPanel: 成功发送代码到逻辑面板: K-200-000301
2025-05-05 14:30:56,552 [INFO] gui.logic_panel - LogicPanel: 输入历史 - 类型: operator, 内容: →, 当前表达式: K-200-000300  AND K-200-000301  → 
2025-05-05 14:31:01,465 [ERROR] gui.logic_panel - 插入微调逻辑时出错: name 'entry1' is not defined
Traceback (most recent call last):
  File "c:\Users\mengy\Desktop\ZK_LogicBom_Builder\gui\logic_panel.py", line 1243, in _insert_adjust_logic
    value1 = entry1.get().strip()
             ^^^^^^
NameError: name 'entry1' is not defined
2025-05-05 14:31:07,886 [ERROR] gui.logic_panel - 插入微调逻辑时出错: name 'entry3' is not defined
Traceback (most recent call last):
  File "c:\Users\mengy\Desktop\ZK_LogicBom_Builder\gui\logic_panel.py", line 1248, in _insert_adjust_logic
    value1 = entry3.get().strip()
             ^^^^^^
NameError: name 'entry3' is not defined
2025-05-05 14:31:10,608 [ERROR] gui.logic_panel - 插入微调逻辑时出错: name 'entry4' is not defined
Traceback (most recent call last):
  File "c:\Users\mengy\Desktop\ZK_LogicBom_Builder\gui\logic_panel.py", line 1253, in _insert_adjust_logic
    value1 = entry4.get().strip()
             ^^^^^^
NameError: name 'entry4' is not defined
2025-05-05 14:31:18,585 [ERROR] gui.logic_panel - 插入微调逻辑时出错: name 'entry1' is not defined
Traceback (most recent call last):
  File "c:\Users\mengy\Desktop\ZK_LogicBom_Builder\gui\logic_panel.py", line 1278, in _insert_adjust_logic
    entry1.delete(0, "end")
    ^^^^^^
NameError: name 'entry1' is not defined
