2025-05-05 14:33:07,673 [INFO] root - 程序启动，日志文件: C:\Users\mengy\Desktop\ZK_LogicBom_Builder\logs\log_20250505_143307.log
2025-05-05 14:33:07,916 [INFO] __main__ - 正在启动程序...
2025-05-05 14:33:07,916 [DEBUG] __main__ - Python版本: 3.13.2 (tags/v3.13.2:4f8bb39, Feb  4 2025, 15:23:48) [MSC v.1942 64 bit (AMD64)]
2025-05-05 14:33:07,916 [DEBUG] __main__ - 当前工作目录: C:\Users\mengy\Desktop\ZK_LogicBom_Builder
2025-05-05 14:33:07,916 [DEBUG] __main__ - src_dir路径: c:\Users\mengy\Desktop\ZK_LogicBom_Builder
2025-05-05 14:33:07,936 [INFO] __main__ - 正在创建语言选择对话框...
2025-05-05 14:33:09,269 [INFO] gui.language_dialog_tk - 已选择语言: zh
2025-05-05 14:33:09,290 [INFO] __main__ - 语言选择结果: zh
2025-05-05 14:33:09,290 [INFO] __main__ - 正在创建主题选择对话框...
2025-05-05 14:33:09,291 [DEBUG] gui.theme_dialog_tk - 创建主题选择对话框
2025-05-05 14:33:09,298 [DEBUG] gui.theme_dialog_tk - 主题选择对话框创建完成
2025-05-05 14:33:09,923 [DEBUG] gui.theme_dialog_tk - 用户选择了light主题
2025-05-05 14:33:09,945 [INFO] __main__ - 主题选择结果: light
2025-05-05 14:33:09,947 [INFO] __main__ - 正在配置主窗口...
2025-05-05 14:33:10,069 [INFO] __main__ - 开始创建MainWindow实例...
2025-05-05 14:33:10,070 [INFO] core.logic_builder - 已加载 3 条规则
2025-05-05 14:33:10,131 [INFO] gui.logic_panel - 规则未加载状态，等待用户确认后再加载规则
2025-05-05 14:33:10,142 [INFO] __main__ - MainWindow实例创建完成
2025-05-05 14:33:10,349 [INFO] __main__ - 开始mainloop()...
2025-05-05 14:33:12,045 [INFO] core.config_processor - 找到工作表: ['1.Kabine']
2025-05-05 14:33:12,045 [INFO] core.config_processor - 处理工作表: 1.Kabine -> 模块: 1.Kabine
2025-05-05 14:33:12,068 [INFO] gui.config_panel - 成功导入配置文件: C:/Users/mengy/Desktop/Kabinemekrmal(Test).xlsx
2025-05-05 14:33:12,072 [INFO] gui.main_window_tk - 成功保存配置文件路径到app_config.json: C:/Users/mengy/Desktop/Kabinemekrmal(Test).xlsx
2025-05-05 14:33:12,072 [INFO] gui.config_panel - 已保存配置文件路径到app_config.json: C:/Users/mengy/Desktop/Kabinemekrmal(Test).xlsx
2025-05-05 14:33:13,841 [INFO] core.bom_processor - 开始导入BOM文件: C:/Users/mengy/Desktop/Bom.xlsx
2025-05-05 14:33:13,842 [INFO] core.bom_processor - 已清空现有数据
2025-05-05 14:33:13,842 [INFO] core.bom_processor - 正在读取Excel文件...
2025-05-05 14:33:13,847 [INFO] core.bom_processor - 成功打开Excel文件，包含以下工作表: ['Max-Gruppe']
2025-05-05 14:33:13,848 [INFO] core.bom_processor - 正在读取 Max-Gruppe 工作表...
2025-05-05 14:33:13,857 [INFO] core.bom_processor - 成功读取工作表，共 154 行数据
2025-05-05 14:33:13,858 [INFO] core.bom_processor - 所有必需列均存在，开始处理数据...
2025-05-05 14:33:13,859 [INFO] core.bom_processor - 过滤空层级后剩余 153 行数据
2025-05-05 14:33:13,859 [INFO] core.bom_processor - 
开始处理数据...
2025-05-05 14:33:13,863 [INFO] core.bom_processor - 
数据处理完成，成功处理 {processed_count} 行数据
2025-05-05 14:33:13,863 [INFO] core.bom_processor - 第 1 级节点数量: 1
2025-05-05 14:33:13,863 [INFO] core.bom_processor - 第 2 级节点数量: 133
2025-05-05 14:33:13,864 [INFO] core.bom_processor - 第 3 级节点数量: 19
2025-05-05 14:33:13,864 [INFO] core.bom_processor - BOM文件导入成功，共处理 153 个项目
2025-05-05 14:33:13,864 [INFO] gui.bom_panel - 成功导入BOM文件: C:/Users/mengy/Desktop/Bom.xlsx
2025-05-05 14:33:13,864 [INFO] gui.bom_panel - 开始刷新树状图
2025-05-05 14:33:13,865 [INFO] gui.bom_panel - 树状图刷新完成
2025-05-05 14:33:13,866 [INFO] gui.main_window_tk - 成功保存BOM文件路径到app_config.json: C:/Users/mengy/Desktop/Bom.xlsx
2025-05-05 14:33:13,867 [INFO] gui.bom_panel - 已保存BOM文件路径到app_config.json: C:/Users/mengy/Desktop/Bom.xlsx
2025-05-05 14:33:14,751 [INFO] gui.main_window_tk - 用户确认加载规则，设置规则已加载标志为True
2025-05-05 14:33:14,752 [INFO] core.logic_builder - 准备从临时文件加载规则: C:\Users\mengy\Desktop\ZK_LogicBom_Builder\data\temp_rules_latest.json
2025-05-05 14:33:14,753 [INFO] gui.logic_panel - 收到规则变更事件: type=imported, rule_id=None
2025-05-05 14:33:14,753 [INFO] gui.logic_panel - 规则已加载状态，开始更新已保存规则框架
2025-05-05 14:33:14,753 [INFO] gui.logic_panel - 开始加载规则到已保存规则框架
2025-05-05 14:33:14,754 [DEBUG] gui.logic_panel - 从LogicBuilder获取到 3 条规则
2025-05-05 14:33:14,754 [DEBUG] gui.logic_panel - 添加规则ID: 1 到已使用集合
2025-05-05 14:33:14,754 [DEBUG] gui.logic_panel - 添加规则ID: 2 到已使用集合
2025-05-05 14:33:14,755 [DEBUG] gui.logic_panel - 添加规则ID: 3 到已使用集合
2025-05-05 14:33:14,755 [INFO] gui.logic_panel - 成功加载 3 条规则到已保存规则框架
2025-05-05 14:33:14,755 [INFO] core.logic_builder - 从临时文件加载规则完成
2025-05-05 14:33:14,755 [INFO] gui.main_window_tk - 开始刷新逻辑面板显示
2025-05-05 14:33:14,755 [INFO] gui.logic_panel - 开始加载规则到已保存规则框架
2025-05-05 14:33:14,756 [DEBUG] gui.logic_panel - 从LogicBuilder获取到 3 条规则
2025-05-05 14:33:14,756 [DEBUG] gui.logic_panel - 添加规则ID: 1 到已使用集合
2025-05-05 14:33:14,756 [DEBUG] gui.logic_panel - 添加规则ID: 2 到已使用集合
2025-05-05 14:33:14,756 [DEBUG] gui.logic_panel - 添加规则ID: 3 到已使用集合
2025-05-05 14:33:14,757 [INFO] gui.logic_panel - 成功加载 3 条规则到已保存规则框架
2025-05-05 14:33:14,757 [INFO] gui.main_window_tk - 逻辑面板显示刷新完成
2025-05-05 14:33:17,501 [DEBUG] gui.config_panel - ConfigPanel: 双击选中项 ID: I014
2025-05-05 14:33:17,502 [DEBUG] gui.config_panel - ConfigPanel: 选中项文本: K-200-000344 ohne Wertfach
2025-05-05 14:33:17,503 [DEBUG] gui.config_panel - ConfigPanel: 提取的代码: K-200-000344
2025-05-05 14:33:17,503 [INFO] gui.config_panel - ConfigPanel: 准备插入特征值: K-200-000344
2025-05-05 14:33:17,504 [DEBUG] gui.config_panel - ConfigPanel: 获取根窗口成功
2025-05-05 14:33:17,505 [DEBUG] gui.config_panel - ConfigPanel: 获取MainWindow实例成功
2025-05-05 14:33:17,506 [DEBUG] gui.config_panel - ConfigPanel: 找到逻辑面板
2025-05-05 14:33:17,506 [DEBUG] gui.logic_panel - LogicPanel: 开始插入代码: K-200-000344
2025-05-05 14:33:17,507 [INFO] gui.logic_panel - LogicPanel: 输入历史 - 类型: K_code, 内容: K-200-000344, 当前表达式: K-200-000344 
2025-05-05 14:33:17,508 [INFO] gui.config_panel - ConfigPanel: 成功发送代码到逻辑面板: K-200-000344
2025-05-05 14:33:18,524 [INFO] gui.logic_panel - LogicPanel: 输入历史 - 类型: operator, 内容: AND, 当前表达式: K-200-000344  AND 
2025-05-05 14:33:19,271 [DEBUG] gui.config_panel - ConfigPanel: 双击选中项 ID: I015
2025-05-05 14:33:19,272 [DEBUG] gui.config_panel - ConfigPanel: 选中项文本: K-200-000007 Wertfach unterm Sitzpolster
2025-05-05 14:33:19,273 [DEBUG] gui.config_panel - ConfigPanel: 提取的代码: K-200-000007
2025-05-05 14:33:19,273 [INFO] gui.config_panel - ConfigPanel: 准备插入特征值: K-200-000007
2025-05-05 14:33:19,274 [DEBUG] gui.config_panel - ConfigPanel: 获取根窗口成功
2025-05-05 14:33:19,275 [DEBUG] gui.config_panel - ConfigPanel: 获取MainWindow实例成功
2025-05-05 14:33:19,276 [DEBUG] gui.config_panel - ConfigPanel: 找到逻辑面板
2025-05-05 14:33:19,276 [DEBUG] gui.logic_panel - LogicPanel: 开始插入代码: K-200-000007
2025-05-05 14:33:19,278 [INFO] gui.logic_panel - LogicPanel: 输入历史 - 类型: K_code, 内容: K-200-000007, 当前表达式: K-200-000344  AND K-200-000007 
2025-05-05 14:33:19,279 [INFO] gui.config_panel - ConfigPanel: 成功发送代码到逻辑面板: K-200-000007
2025-05-05 14:33:20,101 [INFO] gui.logic_panel - LogicPanel: 输入历史 - 类型: operator, 内容: →, 当前表达式: K-200-000344  AND K-200-000007  → 
