2025-04-28 13:20:51,946 [INFO] root - 程序启动，日志文件: C:\Users\mengy\Desktop\ZK_LogicBom_Builder\logs\log_20250428_132051.log
2025-04-28 13:20:52,208 [INFO] __main__ - 正在启动程序...
2025-04-28 13:20:52,209 [DEBUG] __main__ - Python版本: 3.13.2 (tags/v3.13.2:4f8bb39, Feb  4 2025, 15:23:48) [MSC v.1942 64 bit (AMD64)]
2025-04-28 13:20:52,209 [DEBUG] __main__ - 当前工作目录: C:\Users\mengy\Desktop\ZK_LogicBom_Builder
2025-04-28 13:20:52,209 [DEBUG] __main__ - src_dir路径: c:\Users\mengy\Desktop\ZK_LogicBom_Builder
2025-04-28 13:20:52,230 [INFO] __main__ - 正在创建语言选择对话框...
2025-04-28 13:20:53,407 [INFO] gui.language_dialog_tk - 已选择语言: zh
2025-04-28 13:20:53,423 [INFO] __main__ - 语言选择结果: zh
2025-04-28 13:20:53,423 [INFO] __main__ - 正在创建主题选择对话框...
2025-04-28 13:20:53,423 [DEBUG] gui.theme_dialog_tk - 创建主题选择对话框
2025-04-28 13:20:53,428 [DEBUG] gui.theme_dialog_tk - 主题选择对话框创建完成
2025-04-28 13:20:54,135 [DEBUG] gui.theme_dialog_tk - 用户选择了light主题
2025-04-28 13:20:54,160 [INFO] __main__ - 主题选择结果: light
2025-04-28 13:20:54,188 [INFO] __main__ - 正在配置主窗口...
2025-04-28 13:20:54,359 [INFO] __main__ - 开始创建MainWindow实例...
2025-04-28 13:20:54,360 [INFO] core.logic_builder - 已加载 4 条规则
2025-04-28 13:20:54,416 [INFO] gui.logic_panel - 规则未加载状态，等待用户确认后再加载规则
2025-04-28 13:20:54,429 [INFO] __main__ - MainWindow实例创建完成
2025-04-28 13:20:54,739 [INFO] __main__ - 开始mainloop()...
2025-04-28 13:20:56,165 [INFO] core.config_processor - 找到工作表: ['TD', '0.模板&Vorlage', '1.Fahrgestell', '2.Fahrzeug allgemein', '3.Beschriftung&Kennzeichnung', '4. Anbauten&Fahrgestellarbeiten', '5. Fahrer_Mannschaftsraum', '6.Koffer', '7.Lichtmast', '8.Pumpenanlage', '9.Seilwinde&Generator', '10.Halterungen']
2025-04-28 13:20:56,166 [DEBUG] core.config_processor - 跳过工作表: TD
2025-04-28 13:20:56,166 [DEBUG] core.config_processor - 跳过工作表: 0.模板&Vorlage
2025-04-28 13:20:56,166 [INFO] core.config_processor - 处理工作表: 1.Fahrgestell -> 模块: 1.Fahrgestell
2025-04-28 13:20:56,184 [INFO] core.config_processor - 处理工作表: 2.Fahrzeug allgemein -> 模块: 2.Fahrzeug allgemein
2025-04-28 13:20:56,201 [INFO] core.config_processor - 处理工作表: 3.Beschriftung&Kennzeichnung -> 模块: 3.Beschriftung&Kennzeichnung
2025-04-28 13:20:56,216 [INFO] core.config_processor - 处理工作表: 4. Anbauten&Fahrgestellarbeiten -> 模块: 4.Anbauten&Fahrgestellarbeiten
2025-04-28 13:20:56,232 [INFO] core.config_processor - 处理工作表: 5. Fahrer_Mannschaftsraum -> 模块: 5.Fahrer_Mannschaftsraum
2025-04-28 13:20:56,253 [INFO] core.config_processor - 处理工作表: 6.Koffer -> 模块: 6.Koffer
2025-04-28 13:20:56,270 [INFO] core.config_processor - 处理工作表: 7.Lichtmast -> 模块: 7.Lichtmast
2025-04-28 13:20:56,284 [INFO] core.config_processor - 处理工作表: 8.Pumpenanlage -> 模块: 8.Pumpenanlage
2025-04-28 13:20:56,299 [INFO] core.config_processor - 处理工作表: 9.Seilwinde&Generator -> 模块: 9.Seilwinde&Generator
2025-04-28 13:20:56,314 [INFO] core.config_processor - 处理工作表: 10.Halterungen -> 模块: 10.Halterungen
2025-04-28 13:20:56,330 [INFO] gui.config_panel - 成功导入配置文件: C:/Users/mengy/Desktop/配置选项_Konfigurationsoptions.xlsm
2025-04-28 13:20:56,333 [INFO] gui.main_window_tk - 成功保存配置文件路径到app_config.json: C:/Users/mengy/Desktop/配置选项_Konfigurationsoptions.xlsm
2025-04-28 13:20:56,333 [INFO] gui.config_panel - 已保存配置文件路径到app_config.json: C:/Users/mengy/Desktop/配置选项_Konfigurationsoptions.xlsm
2025-04-28 13:20:57,410 [INFO] core.bom_processor - 开始导入BOM文件: C:/Users/mengy/Desktop/Bom.xlsx
2025-04-28 13:20:57,410 [INFO] core.bom_processor - 已清空现有数据
2025-04-28 13:20:57,410 [INFO] core.bom_processor - 正在读取Excel文件...
2025-04-28 13:20:57,414 [INFO] core.bom_processor - 成功打开Excel文件，包含以下工作表: ['Max-Gruppe']
2025-04-28 13:20:57,415 [INFO] core.bom_processor - 正在读取 Max-Gruppe 工作表...
2025-04-28 13:20:57,423 [INFO] core.bom_processor - 成功读取工作表，共 154 行数据
2025-04-28 13:20:57,424 [INFO] core.bom_processor - 所有必需列均存在，开始处理数据...
2025-04-28 13:20:57,425 [INFO] core.bom_processor - 过滤空层级后剩余 153 行数据
2025-04-28 13:20:57,425 [INFO] core.bom_processor - 
开始处理数据...
2025-04-28 13:20:57,428 [INFO] core.bom_processor - 
数据处理完成，成功处理 {processed_count} 行数据
2025-04-28 13:20:57,429 [INFO] core.bom_processor - 第 1 级节点数量: 1
2025-04-28 13:20:57,429 [INFO] core.bom_processor - 第 2 级节点数量: 133
2025-04-28 13:20:57,429 [INFO] core.bom_processor - 第 3 级节点数量: 19
2025-04-28 13:20:57,429 [INFO] core.bom_processor - BOM文件导入成功，共处理 153 个项目
2025-04-28 13:20:57,429 [INFO] gui.bom_panel - 成功导入BOM文件: C:/Users/mengy/Desktop/Bom.xlsx
2025-04-28 13:20:57,429 [INFO] gui.bom_panel - 开始刷新树状图
2025-04-28 13:20:57,430 [INFO] gui.bom_panel - 树状图刷新完成
2025-04-28 13:20:57,440 [INFO] gui.main_window_tk - 成功保存BOM文件路径到app_config.json: C:/Users/mengy/Desktop/Bom.xlsx
2025-04-28 13:20:57,441 [INFO] gui.bom_panel - 已保存BOM文件路径到app_config.json: C:/Users/mengy/Desktop/Bom.xlsx
2025-04-28 13:20:58,768 [INFO] core.logic_builder - 规则数据已成功清空
2025-04-28 13:20:58,768 [INFO] gui.logic_panel - 收到规则变更事件: type=cleared, rule_id=None
2025-04-28 13:20:58,769 [INFO] gui.logic_panel - 已清空所有规则，重置规则已加载标志
2025-04-28 13:20:58,769 [INFO] gui.main_window_tk - 用户取消加载规则，设置规则已加载标志为False
2025-04-28 13:21:12,641 [DEBUG] gui.config_panel - ConfigPanel: 双击选中项 ID: I02C
2025-04-28 13:21:12,642 [DEBUG] gui.config_panel - ConfigPanel: 选中项文本: K02_02_01 Doppelkabine
2025-04-28 13:21:12,643 [DEBUG] gui.config_panel - ConfigPanel: 提取的代码: K02_02_01
2025-04-28 13:21:12,644 [INFO] gui.config_panel - ConfigPanel: 准备插入K码: K02_02_01
2025-04-28 13:21:12,644 [DEBUG] gui.config_panel - ConfigPanel: 获取根窗口成功
2025-04-28 13:21:12,645 [DEBUG] gui.config_panel - ConfigPanel: 获取MainWindow实例成功
2025-04-28 13:21:12,645 [DEBUG] gui.config_panel - ConfigPanel: 找到逻辑面板
2025-04-28 13:21:12,645 [DEBUG] gui.logic_panel - LogicPanel: 开始插入代码: K02_02_01
2025-04-28 13:21:12,646 [INFO] gui.logic_panel - LogicPanel: 输入历史 - 类型: K_code, 内容: K02_02_01, 当前表达式: K02_02_01 
2025-04-28 13:21:12,647 [INFO] gui.config_panel - ConfigPanel: 成功发送代码到逻辑面板: K02_02_01
2025-04-28 13:21:13,521 [INFO] gui.logic_panel - LogicPanel: 输入历史 - 类型: operator, 内容: →, 当前表达式: K02_02_01  → 
2025-04-28 13:21:15,575 [DEBUG] gui.bom_panel - BomPanel: 双击选中项 ID: I029
2025-04-28 13:21:15,576 [DEBUG] gui.bom_panel - BomPanel: 选中项文本: 1161313 - PA-Sitz f.Straffer li.kpl.mech / BA-seat f. tensioner le. cpl. mech.
Z-Cab NG Einflaschengerät / Z-Cab NG single-bottle device
2025-04-28 13:21:15,577 [DEBUG] gui.bom_panel - BomPanel: 提取到Baugruppe: 1161313
2025-04-28 13:21:15,578 [DEBUG] gui.bom_panel - BomPanel: 提取到占位符: PL-Sitze02
2025-04-28 13:21:15,578 [DEBUG] gui.bom_panel - BomPanel: 构建的BOM码: PL-Sitze02-1161313
2025-04-28 13:21:15,579 [DEBUG] gui.bom_panel - BomPanel: 获取根窗口成功
2025-04-28 13:21:15,580 [DEBUG] gui.bom_panel - BomPanel: 获取MainWindow实例成功
2025-04-28 13:21:15,580 [DEBUG] gui.bom_panel - BomPanel: 找到逻辑面板
2025-04-28 13:21:15,581 [DEBUG] gui.logic_panel - LogicPanel: 开始插入代码: PL-Sitze02-1161313
2025-04-28 13:21:15,582 [DEBUG] gui.logic_panel - 验证BOM码: PL-Sitze02-1161313
2025-04-28 13:21:15,583 [INFO] gui.logic_panel - LogicPanel: 输入历史 - 类型: BOM_code, 内容: PL-Sitze02-1161313, 当前表达式: K02_02_01  → PL-Sitze02-1161313 
2025-04-28 13:21:15,584 [INFO] gui.bom_panel - BomPanel: 成功发送代码到逻辑面板: PL-Sitze02-1161313
2025-04-28 13:21:15,584 [INFO] gui.bom_panel - BomPanel: 成功插入BOM码: PL-Sitze02-1161313
2025-04-28 13:21:16,289 [INFO] core.logic_builder - 规则数据已保存到临时文件，共 1 条规则
2025-04-28 13:21:16,294 [INFO] core.logic_builder - 规则数据已保存到临时文件，共 1 条规则
2025-04-28 13:21:16,295 [INFO] core.logic_builder - 规则数据已保存到文件: C:\Users\mengy\Desktop\ZK_LogicBom_Builder\data\temp_rules_latest.json
2025-04-28 13:21:16,295 [INFO] gui.logic_panel - 已保存新的BOM逻辑关系规则: ID=BL01, 选择项=K02_02_01, 影响项=PL-Sitze02-1161313, 状态=enabled
2025-04-28 13:21:26,749 [INFO] core.logic_builder - 开始导出规则数据
2025-04-28 13:21:26,750 [DEBUG] core.logic_builder - 已导出规则: ID=BL01
2025-04-28 13:21:26,763 [INFO] core.logic_builder - 规则数据已保存到临时文件，共 1 条规则
2025-04-28 13:21:26,763 [INFO] core.logic_builder - 规则导出完成，共导出 1 条规则
2025-04-28 13:21:26,764 [INFO] core.logic_builder - 规则数据已成功清空
2025-04-28 13:21:26,764 [INFO] gui.logic_panel - 收到规则变更事件: type=cleared, rule_id=None
2025-04-28 13:21:26,764 [INFO] gui.logic_panel - 已清空所有规则，重置规则已加载标志
2025-04-28 13:21:26,765 [INFO] core.logic_builder - 规则数据已成功清空
2025-04-28 13:21:26,766 [INFO] gui.logic_panel - 收到规则变更事件: type=cleared, rule_id=None
2025-04-28 13:21:26,766 [INFO] gui.logic_panel - 已清空所有规则，重置规则已加载标志
2025-04-28 13:21:33,177 [INFO] core.logic_builder - 开始导入规则文件: C:/Users/mengy/Desktop/1.json
2025-04-28 13:21:33,184 [INFO] core.logic_builder - 已清空现有规则
2025-04-28 13:21:33,184 [DEBUG] core.logic_builder - 成功导入规则: ID=BL01
2025-04-28 13:21:33,196 [INFO] core.logic_builder - 规则数据已保存到临时文件，共 1 条规则
2025-04-28 13:21:33,197 [INFO] gui.logic_panel - 收到规则变更事件: type=imported, rule_id=None
2025-04-28 13:21:33,197 [INFO] gui.logic_panel - 规则未加载状态，等待用户确认
2025-04-28 13:21:33,197 [INFO] core.logic_builder - 规则导入完成，成功导入 1 条规则
2025-04-28 13:21:33,197 [INFO] gui.logic_panel - 开始加载规则到已保存规则框架
2025-04-28 13:21:33,198 [DEBUG] gui.logic_panel - 从LogicBuilder获取到 1 条规则
2025-04-28 13:21:33,198 [DEBUG] gui.logic_panel - 添加规则ID: 1 到已使用集合
2025-04-28 13:21:33,198 [INFO] gui.logic_panel - 成功加载 1 条规则到已保存规则框架
