2025-05-08 23:06:53,781 [INFO] root - 程序启动，日志文件: C:\Users\mengy\Desktop\ZK_LogicBom_Builder\logs\log_20250508_230653.log
2025-05-08 23:06:57,123 [INFO] __main__ - 正在启动程序...
2025-05-08 23:06:57,123 [DEBUG] __main__ - Python版本: 3.13.2 (tags/v3.13.2:4f8bb39, Feb  4 2025, 15:23:48) [MSC v.1942 64 bit (AMD64)]
2025-05-08 23:06:57,123 [DEBUG] __main__ - 当前工作目录: C:\Users\mengy\Desktop\ZK_LogicBom_Builder
2025-05-08 23:06:57,123 [DEBUG] __main__ - src_dir路径: c:\Users\mengy\Desktop\ZK_LogicBom_Builder
2025-05-08 23:06:57,581 [INFO] __main__ - 正在创建语言选择对话框...
2025-05-08 23:07:04,183 [INFO] gui.language_dialog_tk - 已选择语言: zh
2025-05-08 23:07:04,203 [INFO] __main__ - 语言选择结果: zh
2025-05-08 23:07:04,204 [INFO] __main__ - 正在创建主题选择对话框...
2025-05-08 23:07:04,204 [DEBUG] gui.theme_dialog_tk - 创建主题选择对话框
2025-05-08 23:07:04,231 [DEBUG] gui.theme_dialog_tk - 主题选择对话框创建完成
2025-05-08 23:07:04,979 [DEBUG] gui.theme_dialog_tk - 用户选择了light主题
2025-05-08 23:07:04,997 [INFO] __main__ - 主题选择结果: light
2025-05-08 23:07:05,007 [INFO] __main__ - 正在配置主窗口...
2025-05-08 23:07:05,117 [INFO] __main__ - 开始创建MainWindow实例...
2025-05-08 23:07:05,118 [INFO] core.logic_builder - 已加载 3 条规则
2025-05-08 23:07:05,287 [INFO] gui.logic_panel - 规则未加载状态，等待用户确认后再加载规则
2025-05-08 23:07:05,307 [INFO] __main__ - MainWindow实例创建完成
2025-05-08 23:07:05,477 [INFO] __main__ - 开始mainloop()...
2025-05-08 23:07:07,581 [INFO] core.config_processor - 找到工作表: ['1.Kabine']
2025-05-08 23:07:07,581 [INFO] core.config_processor - 处理工作表: 1.Kabine -> 模块: 1.Kabine
2025-05-08 23:07:07,602 [INFO] gui.config_panel - 成功导入配置文件: C:/Users/mengy/Desktop/Kabinemekrmal(Test).xlsx
2025-05-08 23:07:07,604 [INFO] gui.main_window_tk - 成功保存配置文件路径到app_config.json: C:/Users/mengy/Desktop/Kabinemekrmal(Test).xlsx
2025-05-08 23:07:07,605 [INFO] gui.config_panel - 已保存配置文件路径到app_config.json: C:/Users/mengy/Desktop/Kabinemekrmal(Test).xlsx
2025-05-08 23:07:13,010 [INFO] core.bom_processor - 开始导入BOM文件: C:/Users/mengy/Desktop/Bom.xlsx
2025-05-08 23:07:13,010 [INFO] core.bom_processor - 已清空现有数据
2025-05-08 23:07:13,011 [INFO] core.bom_processor - 正在读取Excel文件...
2025-05-08 23:07:13,022 [INFO] core.bom_processor - 成功打开Excel文件，包含以下工作表: ['Max-Gruppe']
2025-05-08 23:07:13,022 [INFO] core.bom_processor - 正在读取 Max-Gruppe 工作表...
2025-05-08 23:07:13,031 [INFO] core.bom_processor - 成功读取工作表，共 154 行数据
2025-05-08 23:07:13,032 [INFO] core.bom_processor - 所有必需列均存在，开始处理数据...
2025-05-08 23:07:13,033 [INFO] core.bom_processor - 过滤空层级后剩余 153 行数据
2025-05-08 23:07:13,034 [INFO] core.bom_processor - 
开始处理数据...
2025-05-08 23:07:13,037 [INFO] core.bom_processor - 
数据处理完成，成功处理 {processed_count} 行数据
2025-05-08 23:07:13,037 [INFO] core.bom_processor - 第 1 级节点数量: 1
2025-05-08 23:07:13,038 [INFO] core.bom_processor - 第 2 级节点数量: 133
2025-05-08 23:07:13,038 [INFO] core.bom_processor - 第 3 级节点数量: 19
2025-05-08 23:07:13,038 [INFO] core.bom_processor - BOM文件导入成功，共处理 153 个项目
2025-05-08 23:07:13,038 [INFO] gui.bom_panel - 成功导入BOM文件: C:/Users/mengy/Desktop/Bom.xlsx
2025-05-08 23:07:13,038 [INFO] gui.bom_panel - 开始刷新树状图
2025-05-08 23:07:13,039 [INFO] gui.bom_panel - 树状图刷新完成
2025-05-08 23:07:13,040 [INFO] gui.main_window_tk - 成功保存BOM文件路径到app_config.json: C:/Users/mengy/Desktop/Bom.xlsx
2025-05-08 23:07:13,040 [INFO] gui.bom_panel - 已保存BOM文件路径到app_config.json: C:/Users/mengy/Desktop/Bom.xlsx
2025-05-08 23:07:15,345 [INFO] gui.main_window_tk - 用户确认加载规则，设置规则已加载标志为True
2025-05-08 23:07:15,346 [INFO] core.logic_builder - 准备从临时文件加载规则: C:\Users\mengy\Desktop\ZK_LogicBom_Builder\data\temp_rules_latest.json
2025-05-08 23:07:15,346 [INFO] gui.logic_panel - 收到规则变更事件: type=imported, rule_id=None
2025-05-08 23:07:15,347 [INFO] gui.logic_panel - 规则已加载状态，开始更新已保存规则框架
2025-05-08 23:07:15,347 [INFO] gui.logic_panel - 开始加载规则到已保存规则框架
2025-05-08 23:07:15,347 [DEBUG] gui.logic_panel - 从LogicBuilder获取到 3 条规则
2025-05-08 23:07:15,348 [DEBUG] gui.logic_panel - 添加规则ID: 1 到已使用集合
2025-05-08 23:07:15,348 [DEBUG] gui.logic_panel - 添加规则ID: 1 到已使用集合
2025-05-08 23:07:15,348 [DEBUG] gui.logic_panel - 添加规则ID: 2 到已使用集合
2025-05-08 23:07:15,349 [INFO] gui.logic_panel - 成功加载 3 条规则到已保存规则框架
2025-05-08 23:07:15,349 [INFO] core.logic_builder - 从临时文件加载规则完成
2025-05-08 23:07:15,349 [INFO] gui.main_window_tk - 开始刷新逻辑面板显示
2025-05-08 23:07:15,350 [INFO] gui.logic_panel - 开始加载规则到已保存规则框架
2025-05-08 23:07:15,350 [DEBUG] gui.logic_panel - 从LogicBuilder获取到 3 条规则
2025-05-08 23:07:15,350 [DEBUG] gui.logic_panel - 添加规则ID: 1 到已使用集合
2025-05-08 23:07:15,350 [DEBUG] gui.logic_panel - 添加规则ID: 1 到已使用集合
2025-05-08 23:07:15,351 [DEBUG] gui.logic_panel - 添加规则ID: 2 到已使用集合
2025-05-08 23:07:15,351 [INFO] gui.logic_panel - 成功加载 3 条规则到已保存规则框架
2025-05-08 23:07:15,351 [INFO] gui.main_window_tk - 逻辑面板显示刷新完成
2025-05-08 23:07:36,818 [DEBUG] gui.config_panel - ConfigPanel: 双击选中项 ID: I003
2025-05-08 23:07:36,819 [DEBUG] gui.config_panel - ConfigPanel: 选中项文本: K-200-000000 Fzg: 9 Plätze
2025-05-08 23:07:36,820 [DEBUG] gui.config_panel - ConfigPanel: 提取的代码: K-200-000000
2025-05-08 23:07:36,821 [INFO] gui.config_panel - ConfigPanel: 准备插入特征值: K-200-000000
2025-05-08 23:07:36,822 [DEBUG] gui.config_panel - ConfigPanel: 获取根窗口成功
2025-05-08 23:07:36,822 [DEBUG] gui.config_panel - ConfigPanel: 获取MainWindow实例成功
2025-05-08 23:07:36,823 [DEBUG] gui.config_panel - ConfigPanel: 找到逻辑面板
2025-05-08 23:07:36,823 [DEBUG] gui.logic_panel - LogicPanel: 开始插入代码: K-200-000000
2025-05-08 23:07:36,823 [INFO] gui.logic_panel - LogicPanel: 输入历史 - 类型: K_code, 内容: K-200-000000, 当前表达式: K-200-000000 
2025-05-08 23:07:36,824 [INFO] gui.config_panel - ConfigPanel: 成功发送代码到逻辑面板: K-200-000000
2025-05-08 23:07:44,252 [INFO] gui.logic_panel - LogicPanel: 输入历史 - 类型: operator, 内容: AND, 当前表达式: K-200-000000  AND 
2025-05-08 23:07:45,563 [DEBUG] gui.config_panel - ConfigPanel: 双击选中项 ID: I011
2025-05-08 23:07:45,564 [DEBUG] gui.config_panel - ConfigPanel: 选中项文本: K-200-000300 Ziegler Standardsitze
2025-05-08 23:07:45,564 [DEBUG] gui.config_panel - ConfigPanel: 提取的代码: K-200-000300
2025-05-08 23:07:45,565 [INFO] gui.config_panel - ConfigPanel: 准备插入特征值: K-200-000300
2025-05-08 23:07:45,565 [DEBUG] gui.config_panel - ConfigPanel: 获取根窗口成功
2025-05-08 23:07:45,565 [DEBUG] gui.config_panel - ConfigPanel: 获取MainWindow实例成功
2025-05-08 23:07:45,565 [DEBUG] gui.config_panel - ConfigPanel: 找到逻辑面板
2025-05-08 23:07:45,565 [DEBUG] gui.logic_panel - LogicPanel: 开始插入代码: K-200-000300
2025-05-08 23:07:45,565 [INFO] gui.logic_panel - LogicPanel: 输入历史 - 类型: K_code, 内容: K-200-000300, 当前表达式: K-200-000000  AND K-200-000300 
2025-05-08 23:07:45,566 [INFO] gui.config_panel - ConfigPanel: 成功发送代码到逻辑面板: K-200-000300
2025-05-08 23:07:48,081 [INFO] gui.logic_panel - LogicPanel: 输入历史 - 类型: operator, 内容: →, 当前表达式: K-200-000000  AND K-200-000300  → 
2025-05-08 23:07:53,013 [DEBUG] gui.bom_panel - BomPanel: 选中项文本: 10019231
Modulkabine Standard MAN Euro 6 18T
Modul cabin standard MAN Euro 6 18T
Z-Cab NG Alpas 3 RAL 3000
Z-Cab NG Alpas 3 RAL 3000
2025-05-08 23:07:53,014 [DEBUG] gui.bom_panel - BomPanel: 提取到Baugruppe: 10019231
2025-05-08 23:07:53,014 [DEBUG] gui.bom_panel - BomPanel: 提取到占位符: PL-GrundKabine
2025-05-08 23:07:53,015 [DEBUG] gui.bom_panel - BomPanel: 构建的BOM码: PL-GrundKabine-10019231
2025-05-08 23:07:53,015 [DEBUG] gui.bom_panel - BomPanel: 获取根窗口成功
2025-05-08 23:07:53,015 [DEBUG] gui.bom_panel - BomPanel: 获取MainWindow实例成功
2025-05-08 23:07:53,015 [DEBUG] gui.bom_panel - BomPanel: 找到逻辑面板
2025-05-08 23:07:53,015 [DEBUG] gui.logic_panel - LogicPanel: 开始插入代码: PL-GrundKabine-10019231
2025-05-08 23:07:53,016 [DEBUG] gui.logic_panel - 验证BOM码: PL-GrundKabine-10019231
2025-05-08 23:07:53,016 [INFO] gui.logic_panel - LogicPanel: 输入历史 - 类型: BOM_code, 内容: PL-GrundKabine-10019231, 当前表达式: K-200-000000  AND K-200-000300  → PL-GrundKabine-10019231 
2025-05-08 23:07:53,016 [INFO] gui.bom_panel - BomPanel: 成功发送代码到逻辑面板: PL-GrundKabine-10019231
2025-05-08 23:07:53,016 [INFO] gui.bom_panel - BomPanel: 成功插入BOM码: PL-GrundKabine-10019231
2025-05-08 23:07:54,966 [INFO] gui.logic_panel - 创建新的BOM逻辑规则ID: BL02
2025-05-08 23:07:54,968 [INFO] core.logic_builder - 已保存 4 条规则到临时文件
2025-05-08 23:07:54,969 [INFO] gui.logic_panel - 收到规则变更事件: type=added, rule_id=BL02
2025-05-08 23:07:54,969 [INFO] gui.logic_panel - 已添加新规则: BL02
2025-05-08 23:07:54,970 [INFO] gui.logic_panel - 成功保存规则: BL02, 条件: K-200-000000  AND K-200-000300, 影响: PL-GrundKabine-10019231, 状态: RuleStatus.ENABLED
2025-05-08 23:08:55,122 [WARNING] gui.logic_panel - 尝试插入微调逻辑时未找到→符号
2025-05-08 23:09:04,502 [WARNING] gui.logic_panel - 尝试插入微调逻辑时未找到→符号
2025-05-08 23:09:09,773 [DEBUG] gui.config_panel - ConfigPanel: 双击选中项 ID: I003
2025-05-08 23:09:09,773 [DEBUG] gui.config_panel - ConfigPanel: 选中项文本: K-200-000000 Fzg: 9 Plätze
2025-05-08 23:09:09,773 [DEBUG] gui.config_panel - ConfigPanel: 提取的代码: K-200-000000
2025-05-08 23:09:09,773 [INFO] gui.config_panel - ConfigPanel: 准备插入特征值: K-200-000000
2025-05-08 23:09:09,774 [DEBUG] gui.config_panel - ConfigPanel: 获取根窗口成功
2025-05-08 23:09:09,774 [DEBUG] gui.config_panel - ConfigPanel: 获取MainWindow实例成功
2025-05-08 23:09:09,774 [DEBUG] gui.config_panel - ConfigPanel: 找到逻辑面板
2025-05-08 23:09:09,774 [DEBUG] gui.logic_panel - LogicPanel: 开始插入代码: K-200-000000
2025-05-08 23:09:09,774 [INFO] gui.logic_panel - LogicPanel: 输入历史 - 类型: K_code, 内容: K-200-000000, 当前表达式: K-200-000000 
2025-05-08 23:09:09,774 [INFO] gui.config_panel - ConfigPanel: 成功发送代码到逻辑面板: K-200-000000
2025-05-08 23:09:10,976 [INFO] gui.logic_panel - LogicPanel: 输入历史 - 类型: operator, 内容: AND, 当前表达式: K-200-000000  AND 
2025-05-08 23:09:12,449 [DEBUG] gui.config_panel - ConfigPanel: 双击选中项 ID: I011
2025-05-08 23:09:12,450 [DEBUG] gui.config_panel - ConfigPanel: 选中项文本: K-200-000300 Ziegler Standardsitze
2025-05-08 23:09:12,451 [DEBUG] gui.config_panel - ConfigPanel: 提取的代码: K-200-000300
2025-05-08 23:09:12,451 [INFO] gui.config_panel - ConfigPanel: 准备插入特征值: K-200-000300
2025-05-08 23:09:12,452 [DEBUG] gui.config_panel - ConfigPanel: 获取根窗口成功
2025-05-08 23:09:12,452 [DEBUG] gui.config_panel - ConfigPanel: 获取MainWindow实例成功
2025-05-08 23:09:12,453 [DEBUG] gui.config_panel - ConfigPanel: 找到逻辑面板
2025-05-08 23:09:12,453 [DEBUG] gui.logic_panel - LogicPanel: 开始插入代码: K-200-000300
2025-05-08 23:09:12,454 [INFO] gui.logic_panel - LogicPanel: 输入历史 - 类型: K_code, 内容: K-200-000300, 当前表达式: K-200-000000  AND K-200-000300 
2025-05-08 23:09:12,454 [INFO] gui.config_panel - ConfigPanel: 成功发送代码到逻辑面板: K-200-000300
2025-05-08 23:09:14,531 [INFO] gui.logic_panel - LogicPanel: 输入历史 - 类型: operator, 内容: →, 当前表达式: K-200-000000  AND K-200-000300  → 
2025-05-08 23:09:17,538 [INFO] gui.logic_panel - 创建ON ADD微调逻辑: ON 10019231 ADD 357921
2025-05-08 23:09:17,539 [INFO] gui.logic_panel - 成功插入微调逻辑到表达式: K-200-000000  AND K-200-000300 →  ON 10019231 ADD 357921
2025-05-08 23:09:19,225 [INFO] gui.logic_panel - 创建新的微调逻辑规则ID: TL03
2025-05-08 23:09:19,226 [INFO] core.logic_builder - 已保存 5 条规则到临时文件
2025-05-08 23:09:19,227 [INFO] gui.logic_panel - 收到规则变更事件: type=added, rule_id=TL03
2025-05-08 23:09:19,228 [INFO] gui.logic_panel - 已添加新规则: TL03
2025-05-08 23:09:19,228 [INFO] gui.logic_panel - 成功保存规则: TL03, 条件: K-200-000000  AND K-200-000300, 影响: ON 10019231 ADD 357921, 状态: RuleStatus.ENABLED
2025-05-08 23:09:26,482 [INFO] core.logic_builder - 准备从临时文件加载规则: C:\Users\mengy\Desktop\ZK_LogicBom_Builder\data\temp_rules_latest.json
2025-05-08 23:09:26,491 [INFO] gui.logic_panel - 收到规则变更事件: type=imported, rule_id=None
2025-05-08 23:09:26,491 [INFO] gui.logic_panel - 规则已加载状态，开始更新已保存规则框架
2025-05-08 23:09:26,492 [INFO] gui.logic_panel - 开始加载规则到已保存规则框架
2025-05-08 23:09:26,492 [DEBUG] gui.logic_panel - 从LogicBuilder获取到 5 条规则
2025-05-08 23:09:26,492 [DEBUG] gui.logic_panel - 添加规则ID: 1 到已使用集合
2025-05-08 23:09:26,493 [DEBUG] gui.logic_panel - 添加规则ID: 1 到已使用集合
2025-05-08 23:09:26,493 [DEBUG] gui.logic_panel - 添加规则ID: 2 到已使用集合
2025-05-08 23:09:26,493 [DEBUG] gui.logic_panel - 添加规则ID: 2 到已使用集合
2025-05-08 23:09:26,493 [DEBUG] gui.logic_panel - 添加规则ID: 3 到已使用集合
2025-05-08 23:09:26,494 [INFO] gui.logic_panel - 成功加载 5 条规则到已保存规则框架
2025-05-08 23:09:26,494 [INFO] core.logic_builder - 从临时文件加载规则完成
2025-05-08 23:09:26,494 [INFO] gui.logic_library_window - 已加载 5 条规则
2025-05-08 23:09:30,774 [INFO] gui.logic_library_window - 搜索 'K' 完成：显示 5/5 条规则
2025-05-08 23:09:31,437 [INFO] gui.logic_library_window - 搜索 'K-' 完成：显示 5/5 条规则
2025-05-08 23:09:31,765 [INFO] gui.logic_library_window - 搜索 'K-2' 完成：显示 5/5 条规则
2025-05-08 23:09:32,050 [INFO] gui.logic_library_window - 搜索 'K-20' 完成：显示 5/5 条规则
2025-05-08 23:09:32,206 [INFO] gui.logic_library_window - 搜索 'K-200' 完成：显示 5/5 条规则
2025-05-08 23:10:33,364 [DEBUG] gui.config_panel - ConfigPanel: 双击选中项 ID: I012
2025-05-08 23:10:33,365 [DEBUG] gui.config_panel - ConfigPanel: 选中项文本: K-200-000301 Bostrom Integra Sitze
2025-05-08 23:10:33,365 [DEBUG] gui.config_panel - ConfigPanel: 提取的代码: K-200-000301
2025-05-08 23:10:33,366 [INFO] gui.config_panel - ConfigPanel: 准备插入特征值: K-200-000301
2025-05-08 23:10:33,366 [DEBUG] gui.config_panel - ConfigPanel: 获取根窗口成功
2025-05-08 23:10:33,366 [DEBUG] gui.config_panel - ConfigPanel: 获取MainWindow实例成功
2025-05-08 23:10:33,367 [DEBUG] gui.config_panel - ConfigPanel: 找到逻辑面板
2025-05-08 23:10:33,367 [DEBUG] gui.logic_panel - LogicPanel: 开始插入代码: K-200-000301
2025-05-08 23:10:33,367 [INFO] gui.logic_panel - LogicPanel: 输入历史 - 类型: K_code, 内容: K-200-000301, 当前表达式: K-200-000301 
2025-05-08 23:10:33,368 [INFO] gui.config_panel - ConfigPanel: 成功发送代码到逻辑面板: K-200-000301
2025-05-08 23:10:35,867 [INFO] gui.logic_panel - LogicPanel: 输入历史 - 类型: operator, 内容: →, 当前表达式: K-200-000301  → 
2025-05-08 23:10:37,010 [INFO] gui.logic_panel - 创建CHANGE PRICE微调逻辑: CHANGE PRICE +5000
2025-05-08 23:10:37,011 [INFO] gui.logic_panel - 成功插入微调逻辑到表达式: K-200-000301 →  CHANGE PRICE +5000
