2025-05-15 13:04:11,220 [INFO] root - 程序启动，日志文件: C:\Users\mengy\Desktop\ZK_LogicBom_Builder\logs\log_20250515_130411.log
2025-05-15 13:04:11,449 [INFO] __main__ - 正在启动程序...
2025-05-15 13:04:11,449 [DEBUG] __main__ - Python版本: 3.13.2 (tags/v3.13.2:4f8bb39, Feb  4 2025, 15:23:48) [MSC v.1942 64 bit (AMD64)]
2025-05-15 13:04:11,449 [DEBUG] __main__ - 当前工作目录: C:\Users\mengy\Desktop\ZK_LogicBom_Builder
2025-05-15 13:04:11,449 [DEBUG] __main__ - src_dir路径: c:\Users\mengy\Desktop\ZK_LogicBom_Builder
2025-05-15 13:04:11,470 [INFO] __main__ - 正在创建语言选择对话框...
2025-05-15 13:04:12,699 [INFO] gui.language_dialog_tk - 已选择语言: zh
2025-05-15 13:04:12,716 [INFO] __main__ - 语言选择结果: zh
2025-05-15 13:04:12,716 [INFO] __main__ - 正在创建主题选择对话框...
2025-05-15 13:04:12,716 [DEBUG] gui.theme_dialog_tk - 创建主题选择对话框
2025-05-15 13:04:12,720 [DEBUG] gui.theme_dialog_tk - 主题选择对话框创建完成
2025-05-15 13:04:13,399 [DEBUG] gui.theme_dialog_tk - 用户选择了light主题
2025-05-15 13:04:13,431 [INFO] __main__ - 主题选择结果: light
2025-05-15 13:04:13,446 [INFO] __main__ - 正在配置主窗口...
2025-05-15 13:04:13,537 [INFO] __main__ - 开始创建MainWindow实例...
2025-05-15 13:04:13,538 [INFO] core.logic_builder - 从 C:\Users\mengy\Desktop\ZK_LogicBom_Builder\data\temp_rules_latest.json 加载时检测到新版大写键名规则文件格式 (BL_rules/TL_rules)。
2025-05-15 13:04:13,538 [INFO] core.logic_builder - 已加载 0 条规则从 C:\Users\mengy\Desktop\ZK_LogicBom_Builder\data\temp_rules_latest.json
2025-05-15 13:04:13,578 [INFO] gui.logic_panel - LogicPanel: 主窗口引用无效、rules_loaded属性不存在或规则未加载，跳过加载到树。
2025-05-15 13:04:13,585 [INFO] __main__ - MainWindow实例创建完成
2025-05-15 13:04:13,797 [INFO] __main__ - 开始mainloop()...
2025-05-15 13:04:15,285 [INFO] core.config_processor - 找到工作表: ['1.Kabine']
2025-05-15 13:04:15,285 [INFO] core.config_processor - 处理工作表: 1.Kabine -> 模块: 1.Kabine
2025-05-15 13:04:15,306 [INFO] gui.config_panel - 成功导入配置文件: C:/Users/mengy/OneDrive/Kabine_Test_Dokument/Kabine_Mekrmal(Test).xlsx
2025-05-15 13:04:15,309 [INFO] gui.main_window_tk - 成功保存配置文件路径到app_config.json: C:/Users/mengy/OneDrive/Kabine_Test_Dokument/Kabine_Mekrmal(Test).xlsx
2025-05-15 13:04:15,309 [INFO] gui.config_panel - 已保存配置文件路径到app_config.json: C:/Users/mengy/OneDrive/Kabine_Test_Dokument/Kabine_Mekrmal(Test).xlsx
2025-05-15 13:04:16,405 [INFO] core.bom_processor - 开始导入BOM文件: C:/Users/mengy/OneDrive/Kabine_Test_Dokument/Kabine_Bom-MaxGruppe.xlsx
2025-05-15 13:04:16,406 [INFO] core.bom_processor - 已清空现有数据
2025-05-15 13:04:16,406 [INFO] core.bom_processor - 正在读取Excel文件...
2025-05-15 13:04:16,411 [INFO] core.bom_processor - 成功打开Excel文件，包含以下工作表: ['Max-Gruppe']
2025-05-15 13:04:16,412 [INFO] core.bom_processor - 正在读取 Max-Gruppe 工作表...
2025-05-15 13:04:16,427 [INFO] core.bom_processor - 成功读取工作表，共 244 行数据
2025-05-15 13:04:16,427 [INFO] core.bom_processor - 所有必需列均存在，开始处理数据...
2025-05-15 13:04:16,428 [INFO] core.bom_processor - 过滤空层级后剩余 244 行数据
2025-05-15 13:04:16,429 [INFO] core.bom_processor - 
开始处理数据...
2025-05-15 13:04:16,434 [INFO] core.bom_processor - 
数据处理完成，成功处理 {processed_count} 行数据
2025-05-15 13:04:16,434 [INFO] core.bom_processor - 第 1 级节点数量: 244
2025-05-15 13:04:16,434 [INFO] core.bom_processor - BOM文件导入成功，共处理 244 个项目
2025-05-15 13:04:16,435 [INFO] gui.bom_panel - 成功导入BOM文件: C:/Users/mengy/OneDrive/Kabine_Test_Dokument/Kabine_Bom-MaxGruppe.xlsx
2025-05-15 13:04:16,435 [INFO] gui.bom_panel - 开始刷新树状图
2025-05-15 13:04:16,436 [INFO] gui.bom_panel - 树状图刷新完成
2025-05-15 13:04:16,437 [INFO] gui.main_window_tk - 成功保存BOM文件路径到app_config.json: C:/Users/mengy/OneDrive/Kabine_Test_Dokument/Kabine_Bom-MaxGruppe.xlsx
2025-05-15 13:04:16,437 [INFO] gui.bom_panel - 已保存BOM文件路径到app_config.json: C:/Users/mengy/OneDrive/Kabine_Test_Dokument/Kabine_Bom-MaxGruppe.xlsx
2025-05-15 13:04:16,964 [INFO] core.logic_builder - 准备从临时文件加载规则: C:\Users\mengy\Desktop\ZK_LogicBom_Builder\data\temp_rules_latest.json
2025-05-15 13:04:16,965 [INFO] gui.logic_panel - LogicPanel _on_rule_change: 收到通知: 类型='imported', RuleID='None'
2025-05-15 13:04:16,965 [INFO] gui.logic_panel - LogicPanel _on_rule_change (imported): 收到 'imported' 通知，将重新加载所有规则到Treeview。
2025-05-15 13:04:16,965 [INFO] gui.logic_panel - LogicPanel: 主窗口引用无效、rules_loaded属性不存在或规则未加载，跳过加载到树。
2025-05-15 13:04:16,967 [DEBUG] gui.logic_panel - LogicPanel _on_rule_change: Treeview update_idletasks() 已调用，处理类型 'imported' 完成。
2025-05-15 13:04:16,968 [INFO] core.logic_builder - 从临时文件 (C:\Users\mengy\Desktop\ZK_LogicBom_Builder\data\temp_rules_latest.json) 加载 0 条规则完成。导出状态: True
2025-05-15 13:04:16,968 [INFO] gui.main_window_tk - 未检测到需要提示加载的未导出规则。MainWindow.rules_loaded 设置为 False。
2025-05-15 13:04:16,968 [INFO] gui.logic_panel - LogicPanel: 主窗口引用无效、rules_loaded属性不存在或规则未加载，跳过加载到树。
2025-05-15 13:04:18,934 [DEBUG] gui.config_panel - ConfigPanel: 双击选中项 ID: I014
2025-05-15 13:04:18,935 [DEBUG] gui.config_panel - ConfigPanel: 选中项文本: K-200-000344 ohne Wertfach
2025-05-15 13:04:18,936 [DEBUG] gui.config_panel - ConfigPanel: 提取的代码: K-200-000344
2025-05-15 13:04:18,937 [INFO] gui.config_panel - ConfigPanel: 准备插入特征值: K-200-000344
2025-05-15 13:04:18,938 [DEBUG] gui.config_panel - ConfigPanel: 获取根窗口成功
2025-05-15 13:04:18,939 [DEBUG] gui.config_panel - ConfigPanel: 获取MainWindow实例成功
2025-05-15 13:04:18,939 [DEBUG] gui.config_panel - ConfigPanel: 找到逻辑面板
2025-05-15 13:04:18,940 [DEBUG] gui.logic_panel - LogicPanel: 开始插入代码: K-200-000344
2025-05-15 13:04:18,941 [INFO] gui.logic_panel - LogicPanel: 输入历史 - 类型: K_code, 内容: K-200-000344, 当前表达式: K-200-000344 
2025-05-15 13:04:18,942 [INFO] gui.config_panel - ConfigPanel: 成功发送代码到逻辑面板: K-200-000344
2025-05-15 13:04:21,288 [DEBUG] gui.bom_panel - BomPanel: 选中项文本: 10019220
Modulkabine Standard MAN Euro 5
Z-Cab NG Alpas 3 RAL 3000
2025-05-15 13:04:21,289 [DEBUG] gui.bom_panel - BomPanel: 提取到Baugruppe: 10019220
2025-05-15 13:04:21,289 [DEBUG] gui.bom_panel - BomPanel: 提取到占位符: PL-GrundKabine
2025-05-15 13:04:21,290 [DEBUG] gui.bom_panel - BomPanel: 构建的BOM码 (仅 Baugruppe): 10019220
2025-05-15 13:04:21,291 [DEBUG] gui.bom_panel - BomPanel: 获取根窗口成功
2025-05-15 13:04:21,291 [DEBUG] gui.bom_panel - BomPanel: 获取MainWindow实例成功
2025-05-15 13:04:21,292 [DEBUG] gui.bom_panel - BomPanel: 找到逻辑面板
2025-05-15 13:04:21,292 [DEBUG] gui.logic_panel - LogicPanel: 开始插入代码: 10019220
2025-05-15 13:04:22,331 [INFO] gui.bom_panel - BomPanel: 成功发送代码到逻辑面板: 10019220
2025-05-15 13:04:22,331 [INFO] gui.bom_panel - BomPanel: 成功插入BOM码: 10019220
2025-05-15 13:04:23,101 [INFO] gui.logic_panel - LogicPanel: 输入历史 - 类型: operator, 内容: →, 当前表达式: K-200-000344  → 
2025-05-15 13:04:23,741 [DEBUG] gui.bom_panel - BomPanel: 选中项文本: 10019220
Modulkabine Standard MAN Euro 5
Z-Cab NG Alpas 3 RAL 3000
2025-05-15 13:04:23,742 [DEBUG] gui.bom_panel - BomPanel: 提取到Baugruppe: 10019220
2025-05-15 13:04:23,743 [DEBUG] gui.bom_panel - BomPanel: 提取到占位符: PL-GrundKabine
2025-05-15 13:04:23,743 [DEBUG] gui.bom_panel - BomPanel: 构建的BOM码 (仅 Baugruppe): 10019220
2025-05-15 13:04:23,744 [DEBUG] gui.bom_panel - BomPanel: 获取根窗口成功
2025-05-15 13:04:23,744 [DEBUG] gui.bom_panel - BomPanel: 获取MainWindow实例成功
2025-05-15 13:04:23,744 [DEBUG] gui.bom_panel - BomPanel: 找到逻辑面板
2025-05-15 13:04:23,745 [DEBUG] gui.logic_panel - LogicPanel: 开始插入代码: 10019220
2025-05-15 13:04:23,746 [INFO] gui.logic_panel - LogicPanel: 输入历史 - 类型: BOM_code, 内容: 10019220, 当前表达式: K-200-000344  → 10019220 
2025-05-15 13:04:23,746 [INFO] gui.bom_panel - BomPanel: 成功发送代码到逻辑面板: 10019220
2025-05-15 13:04:23,747 [INFO] gui.bom_panel - BomPanel: 成功插入BOM码: 10019220
2025-05-15 13:04:24,494 [INFO] gui.logic_panel - 创建新的BOM逻辑规则ID: BL01
2025-05-15 13:04:24,495 [DEBUG] core.logic_builder - Generated condition part for rule BL01: 'ohne Wertfach'
2025-05-15 13:04:24,495 [DEBUG] core.logic_builder - Generated action part for rule BL01: '10019220'
2025-05-15 13:04:24,496 [INFO] core.logic_builder - 已保存 1 条规则到临时文件 (C:\Users\mengy\Desktop\ZK_LogicBom_Builder\data\temp_rules_latest.json)
2025-05-15 13:04:24,496 [INFO] gui.logic_panel - LogicPanel _on_rule_change: 收到通知: 类型='added', RuleID='BL01'
2025-05-15 13:04:24,496 [DEBUG] gui.logic_panel - LogicPanel _on_rule_change: 附带的Rule对象: ID='BL01', Status='enabled', Desc='ohne Wertfach → 10019220...'
2025-05-15 13:04:24,497 [DEBUG] gui.logic_panel - LogicPanel _on_rule_change (added): 开始添加规则 'BL01'. 状态: enabled, 描述: 'ohne Wertfach → 10019220...'
2025-05-15 13:04:24,497 [INFO] gui.logic_panel - LogicPanel _on_rule_change (added): 已插入规则行 'BL01'.
2025-05-15 13:04:24,497 [INFO] gui.logic_panel - LogicPanel _on_rule_change (added): 已为规则 'BL01' 插入描述行 'BL01_desc_sep'.
2025-05-15 13:04:24,504 [DEBUG] gui.logic_panel - LogicPanel _on_rule_change: Treeview update_idletasks() 已调用，处理类型 'added' 完成。
2025-05-15 13:04:24,505 [INFO] core.logic_builder - 已添加规则: BL01, Desc='ohne Wertfach → 10019220...'
2025-05-15 13:04:24,505 [INFO] gui.logic_panel - 成功保存规则: BL01, 条件: K-200-000344, 影响: 10019220, 状态: RuleStatus.ENABLED
2025-05-15 13:04:35,402 [DEBUG] gui.logic_panel - LogicPanel _get_rule_id_from_selection: Item 'BL01_desc_sep' 是描述行，提取到父规则ID: BL01
