2025-04-25 10:27:03,258 [INFO] root - 程序启动，日志文件: C:\Users\mengy\Desktop\ZK_LogicBom_Builder\logs\log_20250425_102703.log
2025-04-25 10:27:03,486 [INFO] __main__ - 正在启动程序...
2025-04-25 10:27:03,486 [DEBUG] __main__ - Python版本: 3.13.2 (tags/v3.13.2:4f8bb39, Feb  4 2025, 15:23:48) [MSC v.1942 64 bit (AMD64)]
2025-04-25 10:27:03,486 [DEBUG] __main__ - 当前工作目录: C:\Users\mengy\Desktop\ZK_LogicBom_Builder
2025-04-25 10:27:03,486 [DEBUG] __main__ - src_dir路径: c:\Users\mengy\Desktop\ZK_LogicBom_Builder
2025-04-25 10:27:03,513 [INFO] __main__ - 正在创建语言选择对话框...
2025-04-25 10:27:04,604 [INFO] gui.language_dialog_tk - 已选择语言: zh
2025-04-25 10:27:04,621 [INFO] __main__ - 语言选择结果: zh
2025-04-25 10:27:04,621 [INFO] __main__ - 正在创建主题选择对话框...
2025-04-25 10:27:04,622 [DEBUG] gui.theme_dialog_tk - 创建主题选择对话框
2025-04-25 10:27:04,641 [DEBUG] gui.theme_dialog_tk - 主题选择对话框创建完成
2025-04-25 10:27:05,338 [DEBUG] gui.theme_dialog_tk - 用户选择了light主题
2025-04-25 10:27:05,358 [INFO] __main__ - 主题选择结果: light
2025-04-25 10:27:05,370 [INFO] __main__ - 正在配置主窗口...
2025-04-25 10:27:05,494 [INFO] __main__ - 开始创建MainWindow实例...
2025-04-25 10:27:05,495 [INFO] core.logic_builder - 已加载 7 条规则
2025-04-25 10:27:05,571 [INFO] __main__ - MainWindow实例创建完成
2025-04-25 10:27:05,895 [INFO] __main__ - 开始mainloop()...
2025-04-25 10:27:07,525 [INFO] core.config_processor - 找到工作表: ['TD', '0.模板&Vorlage', '1.Fahrgestell', '2.Fahrzeug allgemein', '3.Beschriftung&Kennzeichnung', '4. Anbauten&Fahrgestellarbeiten', '5. Fahrer_Mannschaftsraum', '6.Koffer', '7.Lichtmast', '8.Pumpenanlage', '9.Seilwinde&Generator', '10.Halterungen']
2025-04-25 10:27:07,526 [DEBUG] core.config_processor - 跳过工作表: TD
2025-04-25 10:27:07,526 [DEBUG] core.config_processor - 跳过工作表: 0.模板&Vorlage
2025-04-25 10:27:07,526 [INFO] core.config_processor - 处理工作表: 1.Fahrgestell -> 模块: 1.Fahrgestell
2025-04-25 10:27:07,543 [INFO] core.config_processor - 处理工作表: 2.Fahrzeug allgemein -> 模块: 2.Fahrzeug allgemein
2025-04-25 10:27:07,560 [INFO] core.config_processor - 处理工作表: 3.Beschriftung&Kennzeichnung -> 模块: 3.Beschriftung&Kennzeichnung
2025-04-25 10:27:07,576 [INFO] core.config_processor - 处理工作表: 4. Anbauten&Fahrgestellarbeiten -> 模块: 4.Anbauten&Fahrgestellarbeiten
2025-04-25 10:27:07,591 [INFO] core.config_processor - 处理工作表: 5. Fahrer_Mannschaftsraum -> 模块: 5.Fahrer_Mannschaftsraum
2025-04-25 10:27:07,611 [INFO] core.config_processor - 处理工作表: 6.Koffer -> 模块: 6.Koffer
2025-04-25 10:27:07,627 [INFO] core.config_processor - 处理工作表: 7.Lichtmast -> 模块: 7.Lichtmast
2025-04-25 10:27:07,641 [INFO] core.config_processor - 处理工作表: 8.Pumpenanlage -> 模块: 8.Pumpenanlage
2025-04-25 10:27:07,656 [INFO] core.config_processor - 处理工作表: 9.Seilwinde&Generator -> 模块: 9.Seilwinde&Generator
2025-04-25 10:27:07,671 [INFO] core.config_processor - 处理工作表: 10.Halterungen -> 模块: 10.Halterungen
2025-04-25 10:27:07,686 [INFO] gui.config_panel - 成功导入配置文件: C:/Users/mengy/Desktop/配置选项_Konfigurationsoptions.xlsm
2025-04-25 10:27:07,689 [INFO] gui.main_window_tk - 成功保存配置文件路径到app_config.json: C:/Users/mengy/Desktop/配置选项_Konfigurationsoptions.xlsm
2025-04-25 10:27:07,689 [INFO] gui.config_panel - 已保存配置文件路径到app_config.json: C:/Users/mengy/Desktop/配置选项_Konfigurationsoptions.xlsm
2025-04-25 10:27:08,812 [INFO] core.bom_processor - 开始导入BOM文件: C:/Users/mengy/Desktop/BOM映射表.xlsx
2025-04-25 10:27:08,813 [INFO] core.bom_processor - 已清空现有数据
2025-04-25 10:27:08,813 [INFO] core.bom_processor - 正在读取Excel文件...
2025-04-25 10:27:08,818 [INFO] core.bom_processor - 成功打开Excel文件，包含以下工作表: ['MAX-gruppe', 'K码表', '配置', 'Sheet1']
2025-04-25 10:27:08,818 [INFO] core.bom_processor - 正在读取 MAX-gruppe 工作表...
2025-04-25 10:27:08,826 [INFO] core.bom_processor - 成功读取工作表，共 154 行数据
2025-04-25 10:27:08,827 [INFO] core.bom_processor - 所有必需列均存在，开始处理数据...
2025-04-25 10:27:08,828 [INFO] core.bom_processor - 过滤空层级后剩余 153 行数据
2025-04-25 10:27:08,829 [INFO] core.bom_processor - 
开始处理数据...
2025-04-25 10:27:08,832 [INFO] core.bom_processor - 
数据处理完成，成功处理 153 行数据
2025-04-25 10:27:08,832 [INFO] core.bom_processor - 最终数据包含 1 个一级节点
2025-04-25 10:27:08,833 [INFO] core.bom_processor - BOM文件导入成功，共处理 153 个项目
2025-04-25 10:27:08,833 [INFO] gui.bom_panel - 成功导入BOM文件: C:/Users/mengy/Desktop/BOM映射表.xlsx
2025-04-25 10:27:08,833 [INFO] gui.bom_panel - 开始刷新树状图，共有 1 个一级节点
2025-04-25 10:27:08,835 [INFO] gui.bom_panel - 树状图刷新完成
2025-04-25 10:27:08,837 [INFO] gui.main_window_tk - 成功保存BOM文件路径到app_config.json: C:/Users/mengy/Desktop/BOM映射表.xlsx
2025-04-25 10:27:08,837 [INFO] gui.bom_panel - 已保存BOM文件路径到app_config.json: C:/Users/mengy/Desktop/BOM映射表.xlsx
2025-04-25 10:31:32,975 [DEBUG] gui.bom_panel - BomPanel: 双击选中项 ID: I001
2025-04-25 10:31:32,976 [DEBUG] gui.bom_panel - BomPanel: 选中项文本: [1] PL-Kabine 0000000010017913NK
Modulkabine S301000 / S302000
Modulkabine S301000 / S302000
2025-04-25 10:31:45,072 [DEBUG] gui.bom_panel - BomPanel: 双击选中项 ID: I10A
2025-04-25 10:31:45,073 [DEBUG] gui.bom_panel - BomPanel: 选中项文本: [2] PL-Beleuchtung
2025-04-25 10:32:00,899 [DEBUG] gui.config_panel - ConfigPanel: 双击选中项 ID: I0B9
2025-04-25 10:32:00,899 [DEBUG] gui.config_panel - ConfigPanel: 选中项文本: K04_02_01 ohne
2025-04-25 10:32:00,900 [DEBUG] gui.config_panel - ConfigPanel: 提取的代码: K04_02_01
2025-04-25 10:32:00,900 [INFO] gui.config_panel - ConfigPanel: 准备插入K码: K04_02_01
2025-04-25 10:32:00,900 [DEBUG] gui.config_panel - ConfigPanel: 获取根窗口成功
2025-04-25 10:32:00,901 [DEBUG] gui.config_panel - ConfigPanel: 获取MainWindow实例成功
2025-04-25 10:32:00,901 [DEBUG] gui.config_panel - ConfigPanel: 找到逻辑面板
2025-04-25 10:32:00,901 [DEBUG] gui.logic_panel - LogicPanel: 开始插入代码: K04_02_01
2025-04-25 10:32:00,901 [INFO] gui.logic_panel - LogicPanel: 输入历史 - 类型: K_code, 内容: K04_02_01, 当前表达式: K04_02_01 
2025-04-25 10:32:00,902 [INFO] gui.config_panel - ConfigPanel: 成功发送代码到逻辑面板: K04_02_01
2025-04-25 10:32:04,353 [ERROR] gui.logic_panel - 验证token序列时出错: 'list' object has no attribute 'values'
Traceback (most recent call last):
  File "c:\Users\mengy\Desktop\ZK_LogicBom_Builder\gui\logic_panel.py", line 787, in _validate_token_sequence
    if self.validator.is_bom_code(next_token):
       ~~~~~~~~~~~~~~~~~~~~~~~~~~^^^^^^^^^^^^
  File "c:\Users\mengy\Desktop\ZK_LogicBom_Builder\utils\validator.py", line 39, in is_bom_code
    return self.bom_processor.is_valid_bom_code(token)
           ~~~~~~~~~~~~~~~~~~~~~~~~~~~~~~~~~~~~^^^^^^^
  File "c:\Users\mengy\Desktop\ZK_LogicBom_Builder\core\bom_processor.py", line 360, in is_valid_bom_code
    return code in self.get_all_bom_codes()
                   ~~~~~~~~~~~~~~~~~~~~~~^^
  File "c:\Users\mengy\Desktop\ZK_LogicBom_Builder\core\bom_processor.py", line 348, in get_all_bom_codes
    collect_bom_codes(self.bom_data["hierarchy"])
    ~~~~~~~~~~~~~~~~~^^^^^^^^^^^^^^^^^^^^^^^^^^^^
  File "c:\Users\mengy\Desktop\ZK_LogicBom_Builder\core\bom_processor.py", line 345, in collect_bom_codes
    collect_bom_codes(item_data["children"])
    ~~~~~~~~~~~~~~~~~^^^^^^^^^^^^^^^^^^^^^^^
  File "c:\Users\mengy\Desktop\ZK_LogicBom_Builder\core\bom_processor.py", line 338, in collect_bom_codes
    for item_data in items.values():
                     ^^^^^^^^^^^^
AttributeError: 'list' object has no attribute 'values'
2025-04-25 10:32:06,766 [ERROR] gui.logic_panel - 验证token序列时出错: 'list' object has no attribute 'values'
Traceback (most recent call last):
  File "c:\Users\mengy\Desktop\ZK_LogicBom_Builder\gui\logic_panel.py", line 787, in _validate_token_sequence
    if self.validator.is_bom_code(next_token):
       ~~~~~~~~~~~~~~~~~~~~~~~~~~^^^^^^^^^^^^
  File "c:\Users\mengy\Desktop\ZK_LogicBom_Builder\utils\validator.py", line 39, in is_bom_code
    return self.bom_processor.is_valid_bom_code(token)
           ~~~~~~~~~~~~~~~~~~~~~~~~~~~~~~~~~~~~^^^^^^^
  File "c:\Users\mengy\Desktop\ZK_LogicBom_Builder\core\bom_processor.py", line 360, in is_valid_bom_code
    return code in self.get_all_bom_codes()
                   ~~~~~~~~~~~~~~~~~~~~~~^^
  File "c:\Users\mengy\Desktop\ZK_LogicBom_Builder\core\bom_processor.py", line 348, in get_all_bom_codes
    collect_bom_codes(self.bom_data["hierarchy"])
    ~~~~~~~~~~~~~~~~~^^^^^^^^^^^^^^^^^^^^^^^^^^^^
  File "c:\Users\mengy\Desktop\ZK_LogicBom_Builder\core\bom_processor.py", line 345, in collect_bom_codes
    collect_bom_codes(item_data["children"])
    ~~~~~~~~~~~~~~~~~^^^^^^^^^^^^^^^^^^^^^^^
  File "c:\Users\mengy\Desktop\ZK_LogicBom_Builder\core\bom_processor.py", line 338, in collect_bom_codes
    for item_data in items.values():
                     ^^^^^^^^^^^^
AttributeError: 'list' object has no attribute 'values'
2025-04-25 10:32:09,331 [INFO] gui.logic_panel - LogicPanel: 输入历史 - 类型: delete, 内容: K04_02_01, 当前表达式: 
2025-04-25 10:32:10,526 [DEBUG] gui.config_panel - ConfigPanel: 双击选中项 ID: I0BA
2025-04-25 10:32:10,527 [DEBUG] gui.config_panel - ConfigPanel: 选中项文本: K04_02_02 600 l
2025-04-25 10:32:10,528 [DEBUG] gui.config_panel - ConfigPanel: 提取的代码: K04_02_02
2025-04-25 10:32:10,529 [INFO] gui.config_panel - ConfigPanel: 准备插入K码: K04_02_02
2025-04-25 10:32:10,529 [DEBUG] gui.config_panel - ConfigPanel: 获取根窗口成功
2025-04-25 10:32:10,530 [DEBUG] gui.config_panel - ConfigPanel: 获取MainWindow实例成功
2025-04-25 10:32:10,531 [DEBUG] gui.config_panel - ConfigPanel: 找到逻辑面板
2025-04-25 10:32:10,531 [DEBUG] gui.logic_panel - LogicPanel: 开始插入代码: K04_02_02
2025-04-25 10:32:10,532 [INFO] gui.logic_panel - LogicPanel: 输入历史 - 类型: K_code, 内容: K04_02_02, 当前表达式: K04_02_02 
2025-04-25 10:32:10,533 [INFO] gui.config_panel - ConfigPanel: 成功发送代码到逻辑面板: K04_02_02
2025-04-25 10:32:11,526 [ERROR] gui.logic_panel - 验证token序列时出错: 'list' object has no attribute 'values'
Traceback (most recent call last):
  File "c:\Users\mengy\Desktop\ZK_LogicBom_Builder\gui\logic_panel.py", line 787, in _validate_token_sequence
    if self.validator.is_bom_code(next_token):
       ~~~~~~~~~~~~~~~~~~~~~~~~~~^^^^^^^^^^^^
  File "c:\Users\mengy\Desktop\ZK_LogicBom_Builder\utils\validator.py", line 39, in is_bom_code
    return self.bom_processor.is_valid_bom_code(token)
           ~~~~~~~~~~~~~~~~~~~~~~~~~~~~~~~~~~~~^^^^^^^
  File "c:\Users\mengy\Desktop\ZK_LogicBom_Builder\core\bom_processor.py", line 360, in is_valid_bom_code
    return code in self.get_all_bom_codes()
                   ~~~~~~~~~~~~~~~~~~~~~~^^
  File "c:\Users\mengy\Desktop\ZK_LogicBom_Builder\core\bom_processor.py", line 348, in get_all_bom_codes
    collect_bom_codes(self.bom_data["hierarchy"])
    ~~~~~~~~~~~~~~~~~^^^^^^^^^^^^^^^^^^^^^^^^^^^^
  File "c:\Users\mengy\Desktop\ZK_LogicBom_Builder\core\bom_processor.py", line 345, in collect_bom_codes
    collect_bom_codes(item_data["children"])
    ~~~~~~~~~~~~~~~~~^^^^^^^^^^^^^^^^^^^^^^^
  File "c:\Users\mengy\Desktop\ZK_LogicBom_Builder\core\bom_processor.py", line 338, in collect_bom_codes
    for item_data in items.values():
                     ^^^^^^^^^^^^
AttributeError: 'list' object has no attribute 'values'
2025-04-25 10:32:13,038 [ERROR] gui.logic_panel - 验证token序列时出错: 'list' object has no attribute 'values'
Traceback (most recent call last):
  File "c:\Users\mengy\Desktop\ZK_LogicBom_Builder\gui\logic_panel.py", line 763, in _validate_token_sequence
    if any(self.validator.is_bom_code(token) for token in current_tokens):
       ~~~^^^^^^^^^^^^^^^^^^^^^^^^^^^^^^^^^^^^^^^^^^^^^^^^^^^^^^^^^^^^^^^
  File "c:\Users\mengy\Desktop\ZK_LogicBom_Builder\gui\logic_panel.py", line 763, in <genexpr>
    if any(self.validator.is_bom_code(token) for token in current_tokens):
           ~~~~~~~~~~~~~~~~~~~~~~~~~~^^^^^^^
  File "c:\Users\mengy\Desktop\ZK_LogicBom_Builder\utils\validator.py", line 39, in is_bom_code
    return self.bom_processor.is_valid_bom_code(token)
           ~~~~~~~~~~~~~~~~~~~~~~~~~~~~~~~~~~~~^^^^^^^
  File "c:\Users\mengy\Desktop\ZK_LogicBom_Builder\core\bom_processor.py", line 360, in is_valid_bom_code
    return code in self.get_all_bom_codes()
                   ~~~~~~~~~~~~~~~~~~~~~~^^
  File "c:\Users\mengy\Desktop\ZK_LogicBom_Builder\core\bom_processor.py", line 348, in get_all_bom_codes
    collect_bom_codes(self.bom_data["hierarchy"])
    ~~~~~~~~~~~~~~~~~^^^^^^^^^^^^^^^^^^^^^^^^^^^^
  File "c:\Users\mengy\Desktop\ZK_LogicBom_Builder\core\bom_processor.py", line 345, in collect_bom_codes
    collect_bom_codes(item_data["children"])
    ~~~~~~~~~~~~~~~~~^^^^^^^^^^^^^^^^^^^^^^^
  File "c:\Users\mengy\Desktop\ZK_LogicBom_Builder\core\bom_processor.py", line 338, in collect_bom_codes
    for item_data in items.values():
                     ^^^^^^^^^^^^
AttributeError: 'list' object has no attribute 'values'
2025-04-25 10:32:15,592 [ERROR] gui.logic_panel - 验证token序列时出错: 'list' object has no attribute 'values'
Traceback (most recent call last):
  File "c:\Users\mengy\Desktop\ZK_LogicBom_Builder\gui\logic_panel.py", line 787, in _validate_token_sequence
    if self.validator.is_bom_code(next_token):
       ~~~~~~~~~~~~~~~~~~~~~~~~~~^^^^^^^^^^^^
  File "c:\Users\mengy\Desktop\ZK_LogicBom_Builder\utils\validator.py", line 39, in is_bom_code
    return self.bom_processor.is_valid_bom_code(token)
           ~~~~~~~~~~~~~~~~~~~~~~~~~~~~~~~~~~~~^^^^^^^
  File "c:\Users\mengy\Desktop\ZK_LogicBom_Builder\core\bom_processor.py", line 360, in is_valid_bom_code
    return code in self.get_all_bom_codes()
                   ~~~~~~~~~~~~~~~~~~~~~~^^
  File "c:\Users\mengy\Desktop\ZK_LogicBom_Builder\core\bom_processor.py", line 348, in get_all_bom_codes
    collect_bom_codes(self.bom_data["hierarchy"])
    ~~~~~~~~~~~~~~~~~^^^^^^^^^^^^^^^^^^^^^^^^^^^^
  File "c:\Users\mengy\Desktop\ZK_LogicBom_Builder\core\bom_processor.py", line 345, in collect_bom_codes
    collect_bom_codes(item_data["children"])
    ~~~~~~~~~~~~~~~~~^^^^^^^^^^^^^^^^^^^^^^^
  File "c:\Users\mengy\Desktop\ZK_LogicBom_Builder\core\bom_processor.py", line 338, in collect_bom_codes
    for item_data in items.values():
                     ^^^^^^^^^^^^
AttributeError: 'list' object has no attribute 'values'
