2025-05-12 10:12:02,038 [INFO] root - 程序启动，日志文件: C:\Users\mengy\Desktop\ZK_LogicBom_Builder\logs\log_20250512_101202.log
2025-05-12 10:12:02,276 [INFO] __main__ - 正在启动程序...
2025-05-12 10:12:02,277 [DEBUG] __main__ - Python版本: 3.13.2 (tags/v3.13.2:4f8bb39, Feb  4 2025, 15:23:48) [MSC v.1942 64 bit (AMD64)]
2025-05-12 10:12:02,277 [DEBUG] __main__ - 当前工作目录: C:\Users\mengy\Desktop\ZK_LogicBom_Builder
2025-05-12 10:12:02,277 [DEBUG] __main__ - src_dir路径: c:\Users\mengy\Desktop\ZK_LogicBom_Builder
2025-05-12 10:12:02,307 [INFO] __main__ - 正在创建语言选择对话框...
2025-05-12 10:12:03,504 [INFO] gui.language_dialog_tk - 已选择语言: zh
2025-05-12 10:12:03,527 [INFO] __main__ - 语言选择结果: zh
2025-05-12 10:12:03,528 [INFO] __main__ - 正在创建主题选择对话框...
2025-05-12 10:12:03,528 [DEBUG] gui.theme_dialog_tk - 创建主题选择对话框
2025-05-12 10:12:03,540 [DEBUG] gui.theme_dialog_tk - 主题选择对话框创建完成
2025-05-12 10:12:04,214 [DEBUG] gui.theme_dialog_tk - 用户选择了light主题
2025-05-12 10:12:04,232 [INFO] __main__ - 主题选择结果: light
2025-05-12 10:12:04,246 [INFO] __main__ - 正在配置主窗口...
2025-05-12 10:12:04,372 [INFO] __main__ - 开始创建MainWindow实例...
2025-05-12 10:12:04,374 [INFO] core.logic_builder - 从 C:\Users\mengy\Desktop\ZK_LogicBom_Builder\data\temp_rules_latest.json 加载时检测到新版规则文件格式 (BL_rules/TL_rules)。
2025-05-12 10:12:04,374 [INFO] core.logic_builder - 已加载 0 条规则从 C:\Users\mengy\Desktop\ZK_LogicBom_Builder\data\temp_rules_latest.json
2025-05-12 10:12:04,562 [INFO] gui.logic_panel - 规则未加载状态，等待用户确认后再加载规则
2025-05-12 10:12:04,576 [INFO] __main__ - MainWindow实例创建完成
2025-05-12 10:12:04,765 [INFO] __main__ - 开始mainloop()...
2025-05-12 10:12:06,619 [INFO] core.config_processor - 找到工作表: ['1.Kabine']
2025-05-12 10:12:06,619 [INFO] core.config_processor - 处理工作表: 1.Kabine -> 模块: 1.Kabine
2025-05-12 10:12:06,641 [INFO] gui.config_panel - 成功导入配置文件: C:/Users/mengy/Desktop/Kabinemekrmal(Test).xlsx
2025-05-12 10:12:06,644 [INFO] gui.main_window_tk - 成功保存配置文件路径到app_config.json: C:/Users/mengy/Desktop/Kabinemekrmal(Test).xlsx
2025-05-12 10:12:06,644 [INFO] gui.config_panel - 已保存配置文件路径到app_config.json: C:/Users/mengy/Desktop/Kabinemekrmal(Test).xlsx
2025-05-12 10:12:07,539 [INFO] core.bom_processor - 开始导入BOM文件: C:/Users/mengy/Desktop/Bom.xlsx
2025-05-12 10:12:07,539 [INFO] core.bom_processor - 已清空现有数据
2025-05-12 10:12:07,539 [INFO] core.bom_processor - 正在读取Excel文件...
2025-05-12 10:12:07,543 [INFO] core.bom_processor - 成功打开Excel文件，包含以下工作表: ['Max-Gruppe']
2025-05-12 10:12:07,543 [INFO] core.bom_processor - 正在读取 Max-Gruppe 工作表...
2025-05-12 10:12:07,551 [INFO] core.bom_processor - 成功读取工作表，共 154 行数据
2025-05-12 10:12:07,552 [INFO] core.bom_processor - 所有必需列均存在，开始处理数据...
2025-05-12 10:12:07,553 [INFO] core.bom_processor - 过滤空层级后剩余 153 行数据
2025-05-12 10:12:07,553 [INFO] core.bom_processor - 
开始处理数据...
2025-05-12 10:12:07,557 [INFO] core.bom_processor - 
数据处理完成，成功处理 {processed_count} 行数据
2025-05-12 10:12:07,558 [INFO] core.bom_processor - 第 1 级节点数量: 1
2025-05-12 10:12:07,558 [INFO] core.bom_processor - 第 2 级节点数量: 133
2025-05-12 10:12:07,558 [INFO] core.bom_processor - 第 3 级节点数量: 19
2025-05-12 10:12:07,558 [INFO] core.bom_processor - BOM文件导入成功，共处理 153 个项目
2025-05-12 10:12:07,559 [INFO] gui.bom_panel - 成功导入BOM文件: C:/Users/mengy/Desktop/Bom.xlsx
2025-05-12 10:12:07,559 [INFO] gui.bom_panel - 开始刷新树状图
2025-05-12 10:12:07,560 [INFO] gui.bom_panel - 树状图刷新完成
2025-05-12 10:12:07,561 [INFO] gui.main_window_tk - 成功保存BOM文件路径到app_config.json: C:/Users/mengy/Desktop/Bom.xlsx
2025-05-12 10:12:07,561 [INFO] gui.bom_panel - 已保存BOM文件路径到app_config.json: C:/Users/mengy/Desktop/Bom.xlsx
2025-05-12 10:12:08,040 [INFO] core.logic_builder - 准备从临时文件加载规则: C:\Users\mengy\Desktop\ZK_LogicBom_Builder\data\temp_rules_latest.json
2025-05-12 10:12:08,041 [INFO] core.logic_builder - 加载时检测到新版大写键名规则文件格式 (BL_rules/TL_rules) 从 C:\Users\mengy\Desktop\ZK_LogicBom_Builder\data\temp_rules_latest.json。
2025-05-12 10:12:08,041 [INFO] gui.logic_panel - 收到规则变更事件: type=imported, rule_id=None
2025-05-12 10:12:08,041 [INFO] core.logic_builder - 从临时文件 (C:\Users\mengy\Desktop\ZK_LogicBom_Builder\data\temp_rules_latest.json) 加载 0 条规则完成。导出状态: False
2025-05-12 10:12:08,042 [INFO] gui.main_window_tk - 未检测到需要提示加载的未导出规则 (可能文件不存在, 或已导出, 或无规则)。MainWindow.rules_loaded 设置为 False。
2025-05-12 10:12:59,495 [DEBUG] gui.config_panel - ConfigPanel: 双击选中项 ID: I210
2025-05-12 10:12:59,496 [DEBUG] gui.config_panel - ConfigPanel: 选中项文本: K-200-000430 zus. Steckdose 1x 12V im FHS
2025-05-12 10:12:59,497 [DEBUG] gui.config_panel - ConfigPanel: 提取的代码: K-200-000430
2025-05-12 10:12:59,498 [INFO] gui.config_panel - ConfigPanel: 准备插入特征值: K-200-000430
2025-05-12 10:12:59,498 [DEBUG] gui.config_panel - ConfigPanel: 获取根窗口成功
2025-05-12 10:12:59,499 [DEBUG] gui.config_panel - ConfigPanel: 获取MainWindow实例成功
2025-05-12 10:12:59,499 [DEBUG] gui.config_panel - ConfigPanel: 找到逻辑面板
2025-05-12 10:12:59,500 [DEBUG] gui.logic_panel - LogicPanel: 开始插入代码: K-200-000430
2025-05-12 10:12:59,501 [INFO] gui.logic_panel - LogicPanel: 输入历史 - 类型: K_code, 内容: K-200-000430, 当前表达式: K-200-000430 
2025-05-12 10:12:59,501 [INFO] gui.config_panel - ConfigPanel: 成功发送代码到逻辑面板: K-200-000430
2025-05-12 10:13:00,415 [INFO] gui.logic_panel - LogicPanel: 输入历史 - 类型: operator, 内容: →, 当前表达式: K-200-000430  → 
2025-05-12 10:13:00,889 [DEBUG] gui.bom_panel - BomPanel: 选中项文本: [2] PL-GrundKabine
2025-05-12 10:13:02,199 [DEBUG] gui.bom_panel - BomPanel: 选中项文本: 0000000010017913NK
Modulkabine S301000 / S302000
Modulkabine S301000 / S302000
2025-05-12 10:13:02,200 [DEBUG] gui.bom_panel - BomPanel: 提取到Baugruppe: 0000000010017913NK
2025-05-12 10:13:02,200 [DEBUG] gui.bom_panel - BomPanel: 提取到占位符: PL-Kabine
2025-05-12 10:13:02,201 [DEBUG] gui.bom_panel - BomPanel: 构建的BOM码: PL-Kabine-0000000010017913NK
2025-05-12 10:13:02,201 [DEBUG] gui.bom_panel - BomPanel: 获取根窗口成功
2025-05-12 10:13:02,201 [DEBUG] gui.bom_panel - BomPanel: 获取MainWindow实例成功
2025-05-12 10:13:02,201 [DEBUG] gui.bom_panel - BomPanel: 找到逻辑面板
2025-05-12 10:13:02,201 [DEBUG] gui.logic_panel - LogicPanel: 开始插入代码: PL-Kabine-0000000010017913NK
2025-05-12 10:13:02,202 [DEBUG] gui.logic_panel - 验证BOM码: PL-Kabine-0000000010017913NK
2025-05-12 10:13:02,202 [INFO] gui.logic_panel - LogicPanel: 输入历史 - 类型: BOM_code, 内容: PL-Kabine-0000000010017913NK, 当前表达式: K-200-000430  → PL-Kabine-0000000010017913NK 
2025-05-12 10:13:02,202 [INFO] gui.bom_panel - BomPanel: 成功发送代码到逻辑面板: PL-Kabine-0000000010017913NK
2025-05-12 10:13:02,202 [INFO] gui.bom_panel - BomPanel: 成功插入BOM码: PL-Kabine-0000000010017913NK
2025-05-12 10:13:03,915 [INFO] gui.logic_panel - LogicPanel: 输入历史 - 类型: delete, 内容: PL-Kabine-0000000010017913NK, 当前表达式: K-200-000430 →  
2025-05-12 10:13:05,088 [DEBUG] gui.bom_panel - BomPanel: 选中项文本: 10019232
Modulkabine Standard MAN Euro 6 18T
Modul cabin standard MAN Euro 6 18T
Z-Cab NG Alpas 3 RAL 3020
Z-Cab NG Alpas 3 RAL 3020
2025-05-12 10:13:05,089 [DEBUG] gui.bom_panel - BomPanel: 提取到Baugruppe: 10019232
2025-05-12 10:13:05,090 [DEBUG] gui.bom_panel - BomPanel: 提取到占位符: PL-GrundKabine
2025-05-12 10:13:05,091 [DEBUG] gui.bom_panel - BomPanel: 构建的BOM码: PL-GrundKabine-10019232
2025-05-12 10:13:05,091 [DEBUG] gui.bom_panel - BomPanel: 获取根窗口成功
2025-05-12 10:13:05,092 [DEBUG] gui.bom_panel - BomPanel: 获取MainWindow实例成功
2025-05-12 10:13:05,093 [DEBUG] gui.bom_panel - BomPanel: 找到逻辑面板
2025-05-12 10:13:05,093 [DEBUG] gui.logic_panel - LogicPanel: 开始插入代码: PL-GrundKabine-10019232
2025-05-12 10:13:05,095 [DEBUG] gui.logic_panel - 验证BOM码: PL-GrundKabine-10019232
2025-05-12 10:13:05,096 [INFO] gui.logic_panel - LogicPanel: 输入历史 - 类型: BOM_code, 内容: PL-GrundKabine-10019232, 当前表达式: K-200-000430 →  PL-GrundKabine-10019232 
2025-05-12 10:13:05,097 [INFO] gui.bom_panel - BomPanel: 成功发送代码到逻辑面板: PL-GrundKabine-10019232
2025-05-12 10:13:05,098 [INFO] gui.bom_panel - BomPanel: 成功插入BOM码: PL-GrundKabine-10019232
2025-05-12 10:16:48,737 [DEBUG] gui.bom_panel - BomPanel: 选中项文本: [2] PL-GrundKabine
