2025-04-16 11:22:10,312 [INFO] root - 程序启动，日志文件: C:\Users\mengy\Desktop\ZK_LogicBom_Builder\logs\log_20250416_112210.log
2025-04-16 11:22:10,570 [INFO] __main__ - 正在启动程序...
2025-04-16 11:22:10,571 [DEBUG] __main__ - Python版本: 3.13.2 (tags/v3.13.2:4f8bb39, Feb  4 2025, 15:23:48) [MSC v.1942 64 bit (AMD64)]
2025-04-16 11:22:10,571 [DEBUG] __main__ - 当前工作目录: C:\Users\mengy\Desktop\ZK_LogicBom_Builder
2025-04-16 11:22:10,571 [DEBUG] __main__ - src_dir路径: c:\Users\mengy\Desktop\ZK_LogicBom_Builder
2025-04-16 11:22:10,587 [INFO] __main__ - 正在创建语言选择对话框...
2025-04-16 11:22:12,102 [INFO] gui.language_dialog_tk - 已选择语言: zh
2025-04-16 11:22:12,128 [INFO] __main__ - 语言选择结果: zh
2025-04-16 11:22:12,145 [INFO] __main__ - 正在配置主窗口...
2025-04-16 11:22:12,194 [INFO] __main__ - 开始创建MainWindow实例...
2025-04-16 11:22:12,195 [INFO] core.logic_builder - 已加载 6 条规则
2025-04-16 11:22:12,226 [INFO] __main__ - MainWindow实例创建完成
2025-04-16 11:22:12,443 [INFO] __main__ - 开始mainloop()...
2025-04-16 11:22:17,197 [CRITICAL] __main__ - 未捕获的异常: 'ThemeManager' object has no attribute 'theme_data'
Traceback (most recent call last):
  File "D:\Python\Lib\tkinter\__init__.py", line 2068, in __call__
    return self.func(*args)
           ~~~~~~~~~^^^^^^^
  File "c:\Users\mengy\Desktop\ZK_LogicBom_Builder\gui\main_window_tk.py", line 379, in _show_theme_dialog
    dialog = ThemeDialog(self.root, callback=self._on_theme_changed)
  File "c:\Users\mengy\Desktop\ZK_LogicBom_Builder\gui\theme_dialog_tk.py", line 99, in __init__
    self._create_widgets()
    ~~~~~~~~~~~~~~~~~~~~^^
  File "c:\Users\mengy\Desktop\ZK_LogicBom_Builder\gui\theme_dialog_tk.py", line 134, in _create_widgets
    for theme_id in theme_manager.theme_data:
                    ^^^^^^^^^^^^^^^^^^^^^^^^
AttributeError: 'ThemeManager' object has no attribute 'theme_data'
2025-04-16 11:22:17,202 [CRITICAL] __main__ - 详细错误栈:
['Traceback (most recent call last):\n', '  File "D:\\Python\\Lib\\tkinter\\__init__.py", line 2068, in __call__\n    return self.func(*args)\n           ~~~~~~~~~^^^^^^^\n', '  File "c:\\Users\\mengy\\Desktop\\ZK_LogicBom_Builder\\gui\\main_window_tk.py", line 379, in _show_theme_dialog\n    dialog = ThemeDialog(self.root, callback=self._on_theme_changed)\n', '  File "c:\\Users\\mengy\\Desktop\\ZK_LogicBom_Builder\\gui\\theme_dialog_tk.py", line 99, in __init__\n    self._create_widgets()\n    ~~~~~~~~~~~~~~~~~~~~^^\n', '  File "c:\\Users\\mengy\\Desktop\\ZK_LogicBom_Builder\\gui\\theme_dialog_tk.py", line 134, in _create_widgets\n    for theme_id in theme_manager.theme_data:\n                    ^^^^^^^^^^^^^^^^^^^^^^^^\n', "AttributeError: 'ThemeManager' object has no attribute 'theme_data'\n"]
Traceback (most recent call last):
  File "D:\Python\Lib\tkinter\__init__.py", line 2068, in __call__
    return self.func(*args)
           ~~~~~~~~~^^^^^^^
  File "c:\Users\mengy\Desktop\ZK_LogicBom_Builder\gui\main_window_tk.py", line 379, in _show_theme_dialog
    dialog = ThemeDialog(self.root, callback=self._on_theme_changed)
  File "c:\Users\mengy\Desktop\ZK_LogicBom_Builder\gui\theme_dialog_tk.py", line 99, in __init__
    self._create_widgets()
    ~~~~~~~~~~~~~~~~~~~~^^
  File "c:\Users\mengy\Desktop\ZK_LogicBom_Builder\gui\theme_dialog_tk.py", line 134, in _create_widgets
    for theme_id in theme_manager.theme_data:
                    ^^^^^^^^^^^^^^^^^^^^^^^^
AttributeError: 'ThemeManager' object has no attribute 'theme_data'
