2025-04-23 11:01:10,098 [INFO] root - 程序启动，日志文件: C:\Users\mengy\Desktop\ZK_LogicBom_Builder\logs\log_20250423_110110.log
2025-04-23 11:01:10,394 [INFO] __main__ - 正在启动程序...
2025-04-23 11:01:10,394 [DEBUG] __main__ - Python版本: 3.13.2 (tags/v3.13.2:4f8bb39, Feb  4 2025, 15:23:48) [MSC v.1942 64 bit (AMD64)]
2025-04-23 11:01:10,394 [DEBUG] __main__ - 当前工作目录: C:\Users\mengy\Desktop\ZK_LogicBom_Builder
2025-04-23 11:01:10,395 [DEBUG] __main__ - src_dir路径: c:\Users\mengy\Desktop\ZK_LogicBom_Builder
2025-04-23 11:01:10,419 [INFO] __main__ - 正在创建语言选择对话框...
2025-04-23 11:01:11,991 [INFO] gui.language_dialog_tk - 已选择语言: zh
2025-04-23 11:01:12,024 [INFO] __main__ - 语言选择结果: zh
2025-04-23 11:01:12,024 [INFO] __main__ - 正在创建主题选择对话框...
2025-04-23 11:01:12,024 [DEBUG] gui.theme_dialog_tk - 创建主题选择对话框
2025-04-23 11:01:12,027 [DEBUG] gui.theme_dialog_tk - 主题选择对话框创建完成
2025-04-23 11:01:12,707 [DEBUG] gui.theme_dialog_tk - 用户选择了light主题
2025-04-23 11:01:12,732 [INFO] __main__ - 主题选择结果: light
2025-04-23 11:01:12,742 [INFO] __main__ - 正在配置主窗口...
2025-04-23 11:01:12,848 [INFO] __main__ - 开始创建MainWindow实例...
2025-04-23 11:01:12,849 [INFO] core.logic_builder - 已加载 6 条规则
2025-04-23 11:01:12,914 [INFO] __main__ - MainWindow实例创建完成
2025-04-23 11:01:13,232 [INFO] __main__ - 开始mainloop()...
2025-04-23 11:01:15,334 [INFO] core.config_processor - 找到工作表: ['TD', '0.模板&Vorlage', '1.Fahrgestell', '2.Fahrzeug allgemein', '3.Beschriftung&Kennzeichnung', '4. Anbauten&Fahrgestellarbeiten', '5. Fahrer_Mannschaftsraum', '6.Koffer', '7.Lichtmast', '8.Pumpenanlage', '9.Seilwinde&Generator', '10.Halterungen']
2025-04-23 11:01:15,335 [DEBUG] core.config_processor - 跳过工作表: TD
2025-04-23 11:01:15,335 [DEBUG] core.config_processor - 跳过工作表: 0.模板&Vorlage
2025-04-23 11:01:15,335 [INFO] core.config_processor - 处理工作表: 1.Fahrgestell -> 模块: 1.Fahrgestell
2025-04-23 11:01:15,351 [INFO] core.config_processor - 处理工作表: 2.Fahrzeug allgemein -> 模块: 2.Fahrzeug allgemein
2025-04-23 11:01:15,368 [INFO] core.config_processor - 处理工作表: 3.Beschriftung&Kennzeichnung -> 模块: 3.Beschriftung&Kennzeichnung
2025-04-23 11:01:15,385 [INFO] core.config_processor - 处理工作表: 4. Anbauten&Fahrgestellarbeiten -> 模块: 4.Anbauten&Fahrgestellarbeiten
2025-04-23 11:01:15,400 [INFO] core.config_processor - 处理工作表: 5. Fahrer_Mannschaftsraum -> 模块: 5.Fahrer_Mannschaftsraum
2025-04-23 11:01:15,421 [INFO] core.config_processor - 处理工作表: 6.Koffer -> 模块: 6.Koffer
2025-04-23 11:01:15,436 [INFO] core.config_processor - 处理工作表: 7.Lichtmast -> 模块: 7.Lichtmast
2025-04-23 11:01:15,451 [INFO] core.config_processor - 处理工作表: 8.Pumpenanlage -> 模块: 8.Pumpenanlage
2025-04-23 11:01:15,467 [INFO] core.config_processor - 处理工作表: 9.Seilwinde&Generator -> 模块: 9.Seilwinde&Generator
2025-04-23 11:01:15,482 [INFO] core.config_processor - 处理工作表: 10.Halterungen -> 模块: 10.Halterungen
2025-04-23 11:01:15,496 [INFO] gui.config_panel - 成功导入配置文件: C:/Users/mengy/Desktop/配置选项_Konfigurationsoptions.xlsm
2025-04-23 11:01:15,499 [INFO] gui.main_window_tk - 成功保存配置文件路径到app_config.json: C:/Users/mengy/Desktop/配置选项_Konfigurationsoptions.xlsm
2025-04-23 11:01:15,499 [INFO] gui.config_panel - 已保存配置文件路径到app_config.json: C:/Users/mengy/Desktop/配置选项_Konfigurationsoptions.xlsm
2025-04-23 11:01:17,276 [INFO] core.bom_processor - 开始导入BOM文件: C:/Users/mengy/Desktop/BOM映射表.xlsx
2025-04-23 11:01:17,283 [INFO] core.bom_processor - 找到工作表: ['MAX-gruppe', 'K码表', '配置', 'Sheet1']
2025-04-23 11:01:17,296 [INFO] core.bom_processor - BOM文件导入成功
2025-04-23 11:01:17,296 [INFO] gui.bom_panel - 成功导入BOM文件: C:/Users/mengy/Desktop/BOM映射表.xlsx
2025-04-23 11:01:17,298 [INFO] gui.main_window_tk - 成功保存BOM文件路径到app_config.json: C:/Users/mengy/Desktop/BOM映射表.xlsx
2025-04-23 11:01:17,298 [INFO] gui.bom_panel - 已保存BOM文件路径到app_config.json: C:/Users/mengy/Desktop/BOM映射表.xlsx
2025-04-23 11:01:23,085 [DEBUG] gui.bom_panel - BomPanel: 双击选中项 ID: I006
2025-04-23 11:01:23,086 [DEBUG] gui.bom_panel - BomPanel: 选中项文本: [2] PL-GrundKabine 10019235 - Modulkabine Standard MAN Euro 6
Modul cabin standard MAN Euro 6
(Z-Cab NG Alpas 3 RAL 3000
Z-Cab NG Alpas 3 RAL 3000)
2025-04-23 11:01:23,086 [INFO] gui.bom_panel - BomPanel: 提取到占位符: PL-GrundKabine, Baugruppe码: 10019235
2025-04-23 11:01:23,086 [INFO] gui.bom_panel - BomPanel: 生成的代码: PL-GrundKabine-10019235
2025-04-23 11:01:23,087 [DEBUG] gui.bom_panel - BomPanel: 获取根窗口成功
2025-04-23 11:01:23,087 [DEBUG] gui.bom_panel - BomPanel: 获取MainWindow实例成功
2025-04-23 11:01:23,087 [DEBUG] gui.bom_panel - BomPanel: 找到逻辑面板
2025-04-23 11:01:23,088 [DEBUG] gui.logic_panel - LogicPanel: 开始插入代码: PL-GrundKabine-10019235
2025-04-23 11:01:24,079 [INFO] gui.bom_panel - BomPanel: 成功发送代码到逻辑面板: PL-GrundKabine-10019235
2025-04-23 11:01:25,449 [DEBUG] gui.config_panel - ConfigPanel: 双击选中项 ID: I0B9
2025-04-23 11:01:25,449 [DEBUG] gui.config_panel - ConfigPanel: 选中项文本: K04_02_01 ohne
2025-04-23 11:01:25,450 [DEBUG] gui.config_panel - ConfigPanel: 提取的代码: K04_02_01
2025-04-23 11:01:25,450 [INFO] gui.config_panel - ConfigPanel: 准备插入K码: K04_02_01
2025-04-23 11:01:25,450 [DEBUG] gui.config_panel - ConfigPanel: 获取根窗口成功
2025-04-23 11:01:25,450 [DEBUG] gui.config_panel - ConfigPanel: 获取MainWindow实例成功
2025-04-23 11:01:25,450 [DEBUG] gui.config_panel - ConfigPanel: 找到逻辑面板
2025-04-23 11:01:25,450 [DEBUG] gui.logic_panel - LogicPanel: 开始插入代码: K04_02_01
2025-04-23 11:01:25,450 [INFO] gui.logic_panel - LogicPanel: 输入历史 - 类型: K_code, 内容: K04_02_01, 当前表达式: K04_02_01 
2025-04-23 11:01:25,450 [INFO] gui.config_panel - ConfigPanel: 成功发送代码到逻辑面板: K04_02_01
2025-04-23 11:01:26,767 [DEBUG] gui.bom_panel - BomPanel: 双击选中项 ID: I005
2025-04-23 11:01:26,768 [DEBUG] gui.bom_panel - BomPanel: 选中项文本: [2] PL-GrundKabine 10019234 - Modulkabine Standard MAN Euro 6 18T
Modul cabin standard MAN Euro 6 18T
(Z-Cab NG Alpas 3 RAL XXXX
Z-Cab NG Alpas 3 RAL XXXX)
2025-04-23 11:01:26,769 [INFO] gui.bom_panel - BomPanel: 提取到占位符: PL-GrundKabine, Baugruppe码: 10019234
2025-04-23 11:01:26,769 [INFO] gui.bom_panel - BomPanel: 生成的代码: PL-GrundKabine-10019234
2025-04-23 11:01:26,770 [DEBUG] gui.bom_panel - BomPanel: 获取根窗口成功
2025-04-23 11:01:26,770 [DEBUG] gui.bom_panel - BomPanel: 获取MainWindow实例成功
2025-04-23 11:01:26,771 [DEBUG] gui.bom_panel - BomPanel: 找到逻辑面板
2025-04-23 11:01:26,771 [DEBUG] gui.logic_panel - LogicPanel: 开始插入代码: PL-GrundKabine-10019234
2025-04-23 11:01:26,772 [INFO] gui.logic_panel - LogicPanel: 输入历史 - 类型: BOM_code, 内容: PL-GrundKabine-10019234, 当前表达式: K04_02_01 PL-GrundKabine-10019234 
2025-04-23 11:01:26,772 [INFO] gui.bom_panel - BomPanel: 成功发送代码到逻辑面板: PL-GrundKabine-10019234
2025-04-23 11:01:27,961 [DEBUG] gui.bom_panel - BomPanel: 双击选中项 ID: I006
2025-04-23 11:01:27,961 [DEBUG] gui.bom_panel - BomPanel: 选中项文本: [2] PL-GrundKabine 10019235 - Modulkabine Standard MAN Euro 6
Modul cabin standard MAN Euro 6
(Z-Cab NG Alpas 3 RAL 3000
Z-Cab NG Alpas 3 RAL 3000)
2025-04-23 11:01:27,961 [INFO] gui.bom_panel - BomPanel: 提取到占位符: PL-GrundKabine, Baugruppe码: 10019235
2025-04-23 11:01:27,962 [INFO] gui.bom_panel - BomPanel: 生成的代码: PL-GrundKabine-10019235
2025-04-23 11:01:27,962 [DEBUG] gui.bom_panel - BomPanel: 获取根窗口成功
2025-04-23 11:01:27,962 [DEBUG] gui.bom_panel - BomPanel: 获取MainWindow实例成功
2025-04-23 11:01:27,962 [DEBUG] gui.bom_panel - BomPanel: 找到逻辑面板
2025-04-23 11:01:27,963 [DEBUG] gui.logic_panel - LogicPanel: 开始插入代码: PL-GrundKabine-10019235
2025-04-23 11:01:27,963 [INFO] gui.logic_panel - LogicPanel: 输入历史 - 类型: BOM_code, 内容: PL-GrundKabine-10019235, 当前表达式: K04_02_01 PL-GrundKabine-10019234 PL-GrundKabine-10019235 
2025-04-23 11:01:27,963 [INFO] gui.bom_panel - BomPanel: 成功发送代码到逻辑面板: PL-GrundKabine-10019235
2025-04-23 11:01:28,725 [DEBUG] gui.bom_panel - BomPanel: 双击选中项 ID: I006
2025-04-23 11:01:28,725 [DEBUG] gui.bom_panel - BomPanel: 选中项文本: [2] PL-GrundKabine 10019235 - Modulkabine Standard MAN Euro 6
Modul cabin standard MAN Euro 6
(Z-Cab NG Alpas 3 RAL 3000
Z-Cab NG Alpas 3 RAL 3000)
2025-04-23 11:01:28,725 [INFO] gui.bom_panel - BomPanel: 提取到占位符: PL-GrundKabine, Baugruppe码: 10019235
2025-04-23 11:01:28,725 [INFO] gui.bom_panel - BomPanel: 生成的代码: PL-GrundKabine-10019235
2025-04-23 11:01:28,725 [DEBUG] gui.bom_panel - BomPanel: 获取根窗口成功
2025-04-23 11:01:28,726 [DEBUG] gui.bom_panel - BomPanel: 获取MainWindow实例成功
2025-04-23 11:01:28,726 [DEBUG] gui.bom_panel - BomPanel: 找到逻辑面板
2025-04-23 11:01:28,726 [DEBUG] gui.logic_panel - LogicPanel: 开始插入代码: PL-GrundKabine-10019235
2025-04-23 11:01:28,726 [INFO] gui.logic_panel - LogicPanel: 输入历史 - 类型: BOM_code, 内容: PL-GrundKabine-10019235, 当前表达式: K04_02_01 PL-GrundKabine-10019234 PL-GrundKabine-10019235 PL-GrundKabine-10019235 
2025-04-23 11:01:28,726 [INFO] gui.bom_panel - BomPanel: 成功发送代码到逻辑面板: PL-GrundKabine-10019235
2025-04-23 11:01:31,432 [DEBUG] gui.config_panel - ConfigPanel: 双击选中项 ID: I0B9
2025-04-23 11:01:31,433 [DEBUG] gui.config_panel - ConfigPanel: 选中项文本: K04_02_01 ohne
2025-04-23 11:01:31,434 [DEBUG] gui.config_panel - ConfigPanel: 提取的代码: K04_02_01
2025-04-23 11:01:31,435 [INFO] gui.config_panel - ConfigPanel: 准备插入K码: K04_02_01
2025-04-23 11:01:31,435 [DEBUG] gui.config_panel - ConfigPanel: 获取根窗口成功
2025-04-23 11:01:31,436 [DEBUG] gui.config_panel - ConfigPanel: 获取MainWindow实例成功
2025-04-23 11:01:31,436 [DEBUG] gui.config_panel - ConfigPanel: 找到逻辑面板
2025-04-23 11:01:31,437 [DEBUG] gui.logic_panel - LogicPanel: 开始插入代码: K04_02_01
2025-04-23 11:01:31,437 [INFO] gui.logic_panel - LogicPanel: 输入历史 - 类型: K_code, 内容: K04_02_01, 当前表达式: K04_02_01 
2025-04-23 11:01:31,438 [INFO] gui.config_panel - ConfigPanel: 成功发送代码到逻辑面板: K04_02_01
2025-04-23 11:01:33,351 [INFO] gui.logic_panel - LogicPanel: 输入历史 - 类型: operator, 内容: AND, 当前表达式: K04_02_01  AND 
2025-04-23 11:01:34,267 [DEBUG] gui.bom_panel - BomPanel: 双击选中项 ID: I005
2025-04-23 11:01:34,268 [DEBUG] gui.bom_panel - BomPanel: 选中项文本: [2] PL-GrundKabine 10019234 - Modulkabine Standard MAN Euro 6 18T
Modul cabin standard MAN Euro 6 18T
(Z-Cab NG Alpas 3 RAL XXXX
Z-Cab NG Alpas 3 RAL XXXX)
2025-04-23 11:01:34,268 [INFO] gui.bom_panel - BomPanel: 提取到占位符: PL-GrundKabine, Baugruppe码: 10019234
2025-04-23 11:01:34,269 [INFO] gui.bom_panel - BomPanel: 生成的代码: PL-GrundKabine-10019234
2025-04-23 11:01:34,269 [DEBUG] gui.bom_panel - BomPanel: 获取根窗口成功
2025-04-23 11:01:34,269 [DEBUG] gui.bom_panel - BomPanel: 获取MainWindow实例成功
2025-04-23 11:01:34,270 [DEBUG] gui.bom_panel - BomPanel: 找到逻辑面板
2025-04-23 11:01:34,270 [DEBUG] gui.logic_panel - LogicPanel: 开始插入代码: PL-GrundKabine-10019234
2025-04-23 11:01:34,270 [INFO] gui.logic_panel - LogicPanel: 输入历史 - 类型: BOM_code, 内容: PL-GrundKabine-10019234, 当前表达式: K04_02_01  AND PL-GrundKabine-10019234 
2025-04-23 11:01:34,271 [INFO] gui.bom_panel - BomPanel: 成功发送代码到逻辑面板: PL-GrundKabine-10019234
2025-04-23 11:01:35,302 [DEBUG] gui.bom_panel - BomPanel: 双击选中项 ID: I007
2025-04-23 11:01:35,303 [DEBUG] gui.bom_panel - BomPanel: 选中项文本: [2] PL-GrundKabine 10019236 - Modulkabine Standard MAN Euro 6
Modul cabin standard MAN Euro 6
(Z-Cab NG Alpas 3 RAL 3020
Z-Cab NG Alpas 3 RAL 3020)
2025-04-23 11:01:35,304 [INFO] gui.bom_panel - BomPanel: 提取到占位符: PL-GrundKabine, Baugruppe码: 10019236
2025-04-23 11:01:35,305 [INFO] gui.bom_panel - BomPanel: 生成的代码: PL-GrundKabine-10019236
2025-04-23 11:01:35,306 [DEBUG] gui.bom_panel - BomPanel: 获取根窗口成功
2025-04-23 11:01:35,307 [DEBUG] gui.bom_panel - BomPanel: 获取MainWindow实例成功
2025-04-23 11:01:35,308 [DEBUG] gui.bom_panel - BomPanel: 找到逻辑面板
2025-04-23 11:01:35,308 [DEBUG] gui.logic_panel - LogicPanel: 开始插入代码: PL-GrundKabine-10019236
2025-04-23 11:01:35,309 [INFO] gui.logic_panel - LogicPanel: 输入历史 - 类型: BOM_code, 内容: PL-GrundKabine-10019236, 当前表达式: K04_02_01  AND PL-GrundKabine-10019234 PL-GrundKabine-10019236 
2025-04-23 11:01:35,310 [INFO] gui.bom_panel - BomPanel: 成功发送代码到逻辑面板: PL-GrundKabine-10019236
2025-04-23 11:01:35,466 [DEBUG] gui.bom_panel - BomPanel: 双击选中项 ID: I007
2025-04-23 11:01:35,467 [DEBUG] gui.bom_panel - BomPanel: 选中项文本: [2] PL-GrundKabine 10019236 - Modulkabine Standard MAN Euro 6
Modul cabin standard MAN Euro 6
(Z-Cab NG Alpas 3 RAL 3020
Z-Cab NG Alpas 3 RAL 3020)
2025-04-23 11:01:35,467 [INFO] gui.bom_panel - BomPanel: 提取到占位符: PL-GrundKabine, Baugruppe码: 10019236
2025-04-23 11:01:35,468 [INFO] gui.bom_panel - BomPanel: 生成的代码: PL-GrundKabine-10019236
2025-04-23 11:01:35,468 [DEBUG] gui.bom_panel - BomPanel: 获取根窗口成功
2025-04-23 11:01:35,469 [DEBUG] gui.bom_panel - BomPanel: 获取MainWindow实例成功
2025-04-23 11:01:35,470 [DEBUG] gui.bom_panel - BomPanel: 找到逻辑面板
2025-04-23 11:01:35,470 [DEBUG] gui.logic_panel - LogicPanel: 开始插入代码: PL-GrundKabine-10019236
2025-04-23 11:01:35,471 [INFO] gui.logic_panel - LogicPanel: 输入历史 - 类型: BOM_code, 内容: PL-GrundKabine-10019236, 当前表达式: K04_02_01  AND PL-GrundKabine-10019234 PL-GrundKabine-10019236 PL-GrundKabine-10019236 
2025-04-23 11:01:35,471 [INFO] gui.bom_panel - BomPanel: 成功发送代码到逻辑面板: PL-GrundKabine-10019236
2025-04-23 11:01:35,659 [DEBUG] gui.bom_panel - BomPanel: 双击选中项 ID: I007
2025-04-23 11:01:35,659 [DEBUG] gui.bom_panel - BomPanel: 选中项文本: [2] PL-GrundKabine 10019236 - Modulkabine Standard MAN Euro 6
Modul cabin standard MAN Euro 6
(Z-Cab NG Alpas 3 RAL 3020
Z-Cab NG Alpas 3 RAL 3020)
2025-04-23 11:01:35,660 [INFO] gui.bom_panel - BomPanel: 提取到占位符: PL-GrundKabine, Baugruppe码: 10019236
2025-04-23 11:01:35,660 [INFO] gui.bom_panel - BomPanel: 生成的代码: PL-GrundKabine-10019236
2025-04-23 11:01:35,661 [DEBUG] gui.bom_panel - BomPanel: 获取根窗口成功
2025-04-23 11:01:35,661 [DEBUG] gui.bom_panel - BomPanel: 获取MainWindow实例成功
2025-04-23 11:01:35,661 [DEBUG] gui.bom_panel - BomPanel: 找到逻辑面板
2025-04-23 11:01:35,661 [DEBUG] gui.logic_panel - LogicPanel: 开始插入代码: PL-GrundKabine-10019236
2025-04-23 11:01:35,661 [INFO] gui.logic_panel - LogicPanel: 输入历史 - 类型: BOM_code, 内容: PL-GrundKabine-10019236, 当前表达式: K04_02_01  AND PL-GrundKabine-10019234 PL-GrundKabine-10019236 PL-GrundKabine-10019236 PL-GrundKabine-10019236 
2025-04-23 11:01:35,661 [INFO] gui.bom_panel - BomPanel: 成功发送代码到逻辑面板: PL-GrundKabine-10019236
2025-04-23 11:01:35,839 [DEBUG] gui.bom_panel - BomPanel: 双击选中项 ID: I007
2025-04-23 11:01:35,840 [DEBUG] gui.bom_panel - BomPanel: 选中项文本: [2] PL-GrundKabine 10019236 - Modulkabine Standard MAN Euro 6
Modul cabin standard MAN Euro 6
(Z-Cab NG Alpas 3 RAL 3020
Z-Cab NG Alpas 3 RAL 3020)
2025-04-23 11:01:35,840 [INFO] gui.bom_panel - BomPanel: 提取到占位符: PL-GrundKabine, Baugruppe码: 10019236
2025-04-23 11:01:35,840 [INFO] gui.bom_panel - BomPanel: 生成的代码: PL-GrundKabine-10019236
2025-04-23 11:01:35,841 [DEBUG] gui.bom_panel - BomPanel: 获取根窗口成功
2025-04-23 11:01:35,841 [DEBUG] gui.bom_panel - BomPanel: 获取MainWindow实例成功
2025-04-23 11:01:35,841 [DEBUG] gui.bom_panel - BomPanel: 找到逻辑面板
2025-04-23 11:01:35,842 [DEBUG] gui.logic_panel - LogicPanel: 开始插入代码: PL-GrundKabine-10019236
2025-04-23 11:01:35,842 [INFO] gui.logic_panel - LogicPanel: 输入历史 - 类型: BOM_code, 内容: PL-GrundKabine-10019236, 当前表达式: K04_02_01  AND PL-GrundKabine-10019234 PL-GrundKabine-10019236 PL-GrundKabine-10019236 PL-GrundKabine-10019236 PL-GrundKabine-10019236 
2025-04-23 11:01:35,842 [INFO] gui.bom_panel - BomPanel: 成功发送代码到逻辑面板: PL-GrundKabine-10019236
2025-04-23 11:01:47,298 [INFO] gui.logic_panel - LogicPanel: 输入历史 - 类型: operator, 内容: →, 当前表达式: K04_02_01  AND PL-GrundKabine-10019234 PL-GrundKabine-10019236 PL-GrundKabine-10019236 PL-GrundKabine-10019236 PL-GrundKabine-10019236  → 
2025-04-23 11:01:48,817 [DEBUG] gui.config_panel - ConfigPanel: 双击选中项 ID: I0B9
2025-04-23 11:01:48,817 [DEBUG] gui.config_panel - ConfigPanel: 选中项文本: K04_02_01 ohne
2025-04-23 11:01:48,817 [DEBUG] gui.config_panel - ConfigPanel: 提取的代码: K04_02_01
2025-04-23 11:01:48,817 [INFO] gui.config_panel - ConfigPanel: 准备插入K码: K04_02_01
2025-04-23 11:01:48,817 [DEBUG] gui.config_panel - ConfigPanel: 获取根窗口成功
2025-04-23 11:01:48,818 [DEBUG] gui.config_panel - ConfigPanel: 获取MainWindow实例成功
2025-04-23 11:01:48,818 [DEBUG] gui.config_panel - ConfigPanel: 找到逻辑面板
2025-04-23 11:01:48,818 [DEBUG] gui.logic_panel - LogicPanel: 开始插入代码: K04_02_01
2025-04-23 11:01:49,841 [INFO] gui.config_panel - ConfigPanel: 成功发送代码到逻辑面板: K04_02_01
2025-04-23 11:01:51,223 [INFO] gui.logic_panel - LogicPanel: 输入历史 - 类型: delete, 内容: →, 当前表达式: K04_02_01 AND PL-GrundKabine-10019234 PL-GrundKabine-10019236 PL-GrundKabine-10019236 PL-GrundKabine-10019236 PL-GrundKabine-10019236  
2025-04-23 11:02:11,779 [DEBUG] gui.bom_panel - BomPanel: 双击选中项 ID: I006
2025-04-23 11:02:11,779 [DEBUG] gui.bom_panel - BomPanel: 选中项文本: [2] PL-GrundKabine 10019235 - Modulkabine Standard MAN Euro 6
Modul cabin standard MAN Euro 6
(Z-Cab NG Alpas 3 RAL 3000
Z-Cab NG Alpas 3 RAL 3000)
2025-04-23 11:02:11,780 [INFO] gui.bom_panel - BomPanel: 提取到占位符: PL-GrundKabine, Baugruppe码: 10019235
2025-04-23 11:02:11,780 [INFO] gui.bom_panel - BomPanel: 生成的代码: PL-GrundKabine-10019235
2025-04-23 11:02:11,780 [DEBUG] gui.bom_panel - BomPanel: 获取根窗口成功
2025-04-23 11:02:11,781 [DEBUG] gui.bom_panel - BomPanel: 获取MainWindow实例成功
2025-04-23 11:02:11,781 [DEBUG] gui.bom_panel - BomPanel: 找到逻辑面板
2025-04-23 11:02:11,781 [DEBUG] gui.logic_panel - LogicPanel: 开始插入代码: PL-GrundKabine-10019235
2025-04-23 11:02:11,781 [INFO] gui.logic_panel - LogicPanel: 输入历史 - 类型: BOM_code, 内容: PL-GrundKabine-10019235, 当前表达式: K04_02_01 AND PL-GrundKabine-10019234 PL-GrundKabine-10019236 PL-GrundKabine-10019236 PL-GrundKabine-10019236 PL-GrundKabine-10019236  PL-GrundKabine-10019235 
2025-04-23 11:02:11,782 [INFO] gui.bom_panel - BomPanel: 成功发送代码到逻辑面板: PL-GrundKabine-10019235
2025-04-23 11:02:11,963 [DEBUG] gui.bom_panel - BomPanel: 双击选中项 ID: I006
2025-04-23 11:02:11,963 [DEBUG] gui.bom_panel - BomPanel: 选中项文本: [2] PL-GrundKabine 10019235 - Modulkabine Standard MAN Euro 6
Modul cabin standard MAN Euro 6
(Z-Cab NG Alpas 3 RAL 3000
Z-Cab NG Alpas 3 RAL 3000)
2025-04-23 11:02:11,964 [INFO] gui.bom_panel - BomPanel: 提取到占位符: PL-GrundKabine, Baugruppe码: 10019235
2025-04-23 11:02:11,964 [INFO] gui.bom_panel - BomPanel: 生成的代码: PL-GrundKabine-10019235
2025-04-23 11:02:11,964 [DEBUG] gui.bom_panel - BomPanel: 获取根窗口成功
2025-04-23 11:02:11,964 [DEBUG] gui.bom_panel - BomPanel: 获取MainWindow实例成功
2025-04-23 11:02:11,964 [DEBUG] gui.bom_panel - BomPanel: 找到逻辑面板
2025-04-23 11:02:11,965 [DEBUG] gui.logic_panel - LogicPanel: 开始插入代码: PL-GrundKabine-10019235
2025-04-23 11:02:11,965 [INFO] gui.logic_panel - LogicPanel: 输入历史 - 类型: BOM_code, 内容: PL-GrundKabine-10019235, 当前表达式: K04_02_01 AND PL-GrundKabine-10019234 PL-GrundKabine-10019236 PL-GrundKabine-10019236 PL-GrundKabine-10019236 PL-GrundKabine-10019236  PL-GrundKabine-10019235 PL-GrundKabine-10019235 
2025-04-23 11:02:11,965 [INFO] gui.bom_panel - BomPanel: 成功发送代码到逻辑面板: PL-GrundKabine-10019235
2025-04-23 11:02:12,140 [DEBUG] gui.bom_panel - BomPanel: 双击选中项 ID: I006
2025-04-23 11:02:12,141 [DEBUG] gui.bom_panel - BomPanel: 选中项文本: [2] PL-GrundKabine 10019235 - Modulkabine Standard MAN Euro 6
Modul cabin standard MAN Euro 6
(Z-Cab NG Alpas 3 RAL 3000
Z-Cab NG Alpas 3 RAL 3000)
2025-04-23 11:02:12,141 [INFO] gui.bom_panel - BomPanel: 提取到占位符: PL-GrundKabine, Baugruppe码: 10019235
2025-04-23 11:02:12,141 [INFO] gui.bom_panel - BomPanel: 生成的代码: PL-GrundKabine-10019235
2025-04-23 11:02:12,142 [DEBUG] gui.bom_panel - BomPanel: 获取根窗口成功
2025-04-23 11:02:12,142 [DEBUG] gui.bom_panel - BomPanel: 获取MainWindow实例成功
2025-04-23 11:02:12,143 [DEBUG] gui.bom_panel - BomPanel: 找到逻辑面板
2025-04-23 11:02:12,143 [DEBUG] gui.logic_panel - LogicPanel: 开始插入代码: PL-GrundKabine-10019235
2025-04-23 11:02:12,144 [INFO] gui.logic_panel - LogicPanel: 输入历史 - 类型: BOM_code, 内容: PL-GrundKabine-10019235, 当前表达式: K04_02_01 AND PL-GrundKabine-10019234 PL-GrundKabine-10019236 PL-GrundKabine-10019236 PL-GrundKabine-10019236 PL-GrundKabine-10019236  PL-GrundKabine-10019235 PL-GrundKabine-10019235 PL-GrundKabine-10019235 
2025-04-23 11:02:12,144 [INFO] gui.bom_panel - BomPanel: 成功发送代码到逻辑面板: PL-GrundKabine-10019235
2025-04-23 11:02:22,977 [DEBUG] gui.config_panel - ConfigPanel: 双击选中项 ID: I0B9
2025-04-23 11:02:22,978 [DEBUG] gui.config_panel - ConfigPanel: 选中项文本: K04_02_01 ohne
2025-04-23 11:02:22,978 [DEBUG] gui.config_panel - ConfigPanel: 提取的代码: K04_02_01
2025-04-23 11:02:22,978 [INFO] gui.config_panel - ConfigPanel: 准备插入K码: K04_02_01
2025-04-23 11:02:22,979 [DEBUG] gui.config_panel - ConfigPanel: 获取根窗口成功
2025-04-23 11:02:22,979 [DEBUG] gui.config_panel - ConfigPanel: 获取MainWindow实例成功
2025-04-23 11:02:22,979 [DEBUG] gui.config_panel - ConfigPanel: 找到逻辑面板
2025-04-23 11:02:22,979 [DEBUG] gui.logic_panel - LogicPanel: 开始插入代码: K04_02_01
2025-04-23 11:02:22,980 [INFO] gui.logic_panel - LogicPanel: 输入历史 - 类型: K_code, 内容: K04_02_01, 当前表达式: K04_02_01 
2025-04-23 11:02:22,980 [INFO] gui.config_panel - ConfigPanel: 成功发送代码到逻辑面板: K04_02_01
2025-04-23 11:02:25,208 [DEBUG] gui.bom_panel - BomPanel: 双击选中项 ID: I006
2025-04-23 11:02:25,209 [DEBUG] gui.bom_panel - BomPanel: 选中项文本: [2] PL-GrundKabine 10019235 - Modulkabine Standard MAN Euro 6
Modul cabin standard MAN Euro 6
(Z-Cab NG Alpas 3 RAL 3000
Z-Cab NG Alpas 3 RAL 3000)
2025-04-23 11:02:25,210 [INFO] gui.bom_panel - BomPanel: 提取到占位符: PL-GrundKabine, Baugruppe码: 10019235
2025-04-23 11:02:25,211 [INFO] gui.bom_panel - BomPanel: 生成的代码: PL-GrundKabine-10019235
2025-04-23 11:02:25,212 [DEBUG] gui.bom_panel - BomPanel: 获取根窗口成功
2025-04-23 11:02:25,213 [DEBUG] gui.bom_panel - BomPanel: 获取MainWindow实例成功
2025-04-23 11:02:25,213 [DEBUG] gui.bom_panel - BomPanel: 找到逻辑面板
2025-04-23 11:02:25,214 [DEBUG] gui.logic_panel - LogicPanel: 开始插入代码: PL-GrundKabine-10019235
2025-04-23 11:02:25,215 [INFO] gui.logic_panel - LogicPanel: 输入历史 - 类型: BOM_code, 内容: PL-GrundKabine-10019235, 当前表达式: K04_02_01 PL-GrundKabine-10019235 
2025-04-23 11:02:25,216 [INFO] gui.bom_panel - BomPanel: 成功发送代码到逻辑面板: PL-GrundKabine-10019235
