2025-04-28 12:56:41,382 [INFO] root - 程序启动，日志文件: C:\Users\mengy\Desktop\ZK_LogicBom_Builder\logs\log_20250428_125641.log
2025-04-28 12:56:41,619 [INFO] __main__ - 正在启动程序...
2025-04-28 12:56:41,620 [DEBUG] __main__ - Python版本: 3.13.2 (tags/v3.13.2:4f8bb39, Feb  4 2025, 15:23:48) [MSC v.1942 64 bit (AMD64)]
2025-04-28 12:56:41,620 [DEBUG] __main__ - 当前工作目录: C:\Users\mengy\Desktop\ZK_LogicBom_Builder
2025-04-28 12:56:41,620 [DEBUG] __main__ - src_dir路径: c:\Users\mengy\Desktop\ZK_LogicBom_Builder
2025-04-28 12:56:41,649 [INFO] __main__ - 正在创建语言选择对话框...
2025-04-28 12:56:42,875 [INFO] gui.language_dialog_tk - 已选择语言: zh
2025-04-28 12:56:42,915 [INFO] __main__ - 语言选择结果: zh
2025-04-28 12:56:42,915 [INFO] __main__ - 正在创建主题选择对话框...
2025-04-28 12:56:42,915 [DEBUG] gui.theme_dialog_tk - 创建主题选择对话框
2025-04-28 12:56:42,928 [DEBUG] gui.theme_dialog_tk - 主题选择对话框创建完成
2025-04-28 12:56:43,596 [DEBUG] gui.theme_dialog_tk - 用户选择了light主题
2025-04-28 12:56:43,620 [INFO] __main__ - 主题选择结果: light
2025-04-28 12:56:43,623 [INFO] __main__ - 正在配置主窗口...
2025-04-28 12:56:43,800 [INFO] __main__ - 开始创建MainWindow实例...
2025-04-28 12:56:43,801 [INFO] core.logic_builder - 已加载 3 条规则
2025-04-28 12:56:43,968 [DEBUG] gui.logic_panel - 从LogicBuilder获取到 3 条规则
2025-04-28 12:56:43,968 [DEBUG] gui.logic_panel - 添加规则ID: 1 到已使用集合
2025-04-28 12:56:43,969 [DEBUG] gui.logic_panel - 添加规则ID: 2 到已使用集合
2025-04-28 12:56:43,969 [DEBUG] gui.logic_panel - 添加规则ID: 3 到已使用集合
2025-04-28 12:56:43,970 [INFO] gui.logic_panel - 成功加载 3 条规则到逻辑编辑面板
2025-04-28 12:56:43,983 [INFO] __main__ - MainWindow实例创建完成
2025-04-28 12:56:44,269 [INFO] __main__ - 开始mainloop()...
2025-04-28 12:56:46,041 [INFO] core.config_processor - 找到工作表: ['TD', '0.模板&Vorlage', '1.Fahrgestell', '2.Fahrzeug allgemein', '3.Beschriftung&Kennzeichnung', '4. Anbauten&Fahrgestellarbeiten', '5. Fahrer_Mannschaftsraum', '6.Koffer', '7.Lichtmast', '8.Pumpenanlage', '9.Seilwinde&Generator', '10.Halterungen']
2025-04-28 12:56:46,041 [DEBUG] core.config_processor - 跳过工作表: TD
2025-04-28 12:56:46,042 [DEBUG] core.config_processor - 跳过工作表: 0.模板&Vorlage
2025-04-28 12:56:46,042 [INFO] core.config_processor - 处理工作表: 1.Fahrgestell -> 模块: 1.Fahrgestell
2025-04-28 12:56:46,060 [INFO] core.config_processor - 处理工作表: 2.Fahrzeug allgemein -> 模块: 2.Fahrzeug allgemein
2025-04-28 12:56:46,076 [INFO] core.config_processor - 处理工作表: 3.Beschriftung&Kennzeichnung -> 模块: 3.Beschriftung&Kennzeichnung
2025-04-28 12:56:46,093 [INFO] core.config_processor - 处理工作表: 4. Anbauten&Fahrgestellarbeiten -> 模块: 4.Anbauten&Fahrgestellarbeiten
2025-04-28 12:56:46,110 [INFO] core.config_processor - 处理工作表: 5. Fahrer_Mannschaftsraum -> 模块: 5.Fahrer_Mannschaftsraum
2025-04-28 12:56:46,131 [INFO] core.config_processor - 处理工作表: 6.Koffer -> 模块: 6.Koffer
2025-04-28 12:56:46,148 [INFO] core.config_processor - 处理工作表: 7.Lichtmast -> 模块: 7.Lichtmast
2025-04-28 12:56:46,163 [INFO] core.config_processor - 处理工作表: 8.Pumpenanlage -> 模块: 8.Pumpenanlage
2025-04-28 12:56:46,178 [INFO] core.config_processor - 处理工作表: 9.Seilwinde&Generator -> 模块: 9.Seilwinde&Generator
2025-04-28 12:56:46,193 [INFO] core.config_processor - 处理工作表: 10.Halterungen -> 模块: 10.Halterungen
2025-04-28 12:56:46,207 [INFO] gui.config_panel - 成功导入配置文件: C:/Users/mengy/Desktop/配置选项_Konfigurationsoptions.xlsm
2025-04-28 12:56:46,212 [INFO] gui.main_window_tk - 成功保存配置文件路径到app_config.json: C:/Users/mengy/Desktop/配置选项_Konfigurationsoptions.xlsm
2025-04-28 12:56:46,212 [INFO] gui.config_panel - 已保存配置文件路径到app_config.json: C:/Users/mengy/Desktop/配置选项_Konfigurationsoptions.xlsm
2025-04-28 12:56:48,303 [INFO] core.bom_processor - 开始导入BOM文件: C:/Users/mengy/Desktop/Bom.xlsx
2025-04-28 12:56:48,304 [INFO] core.bom_processor - 已清空现有数据
2025-04-28 12:56:48,305 [INFO] core.bom_processor - 正在读取Excel文件...
2025-04-28 12:56:48,313 [INFO] core.bom_processor - 成功打开Excel文件，包含以下工作表: ['Max-Gruppe']
2025-04-28 12:56:48,313 [INFO] core.bom_processor - 正在读取 Max-Gruppe 工作表...
2025-04-28 12:56:48,326 [INFO] core.bom_processor - 成功读取工作表，共 154 行数据
2025-04-28 12:56:48,327 [INFO] core.bom_processor - 所有必需列均存在，开始处理数据...
2025-04-28 12:56:48,328 [INFO] core.bom_processor - 过滤空层级后剩余 153 行数据
2025-04-28 12:56:48,328 [INFO] core.bom_processor - 
开始处理数据...
2025-04-28 12:56:48,332 [INFO] core.bom_processor - 
数据处理完成，成功处理 {processed_count} 行数据
2025-04-28 12:56:48,332 [INFO] core.bom_processor - 第 1 级节点数量: 1
2025-04-28 12:56:48,332 [INFO] core.bom_processor - 第 2 级节点数量: 133
2025-04-28 12:56:48,332 [INFO] core.bom_processor - 第 3 级节点数量: 19
2025-04-28 12:56:48,332 [INFO] core.bom_processor - BOM文件导入成功，共处理 153 个项目
2025-04-28 12:56:48,332 [INFO] gui.bom_panel - 成功导入BOM文件: C:/Users/mengy/Desktop/Bom.xlsx
2025-04-28 12:56:48,332 [INFO] gui.bom_panel - 开始刷新树状图
2025-04-28 12:56:48,335 [INFO] gui.bom_panel - 树状图刷新完成
2025-04-28 12:56:48,336 [INFO] gui.main_window_tk - 成功保存BOM文件路径到app_config.json: C:/Users/mengy/Desktop/Bom.xlsx
2025-04-28 12:56:48,337 [INFO] gui.bom_panel - 已保存BOM文件路径到app_config.json: C:/Users/mengy/Desktop/Bom.xlsx
2025-04-28 12:56:51,739 [INFO] core.logic_builder - 准备从临时文件加载规则: C:\Users\mengy\Desktop\ZK_LogicBom_Builder\data\temp_rules_latest.json
2025-04-28 12:56:51,740 [INFO] core.logic_builder - 开始导入规则文件: C:\Users\mengy\Desktop\ZK_LogicBom_Builder\data\temp_rules_latest.json
2025-04-28 12:56:51,740 [INFO] core.logic_builder - 已清空现有规则
2025-04-28 12:56:51,741 [DEBUG] core.logic_builder - 成功导入规则: ID=BL01
2025-04-28 12:56:51,741 [DEBUG] core.logic_builder - 成功导入规则: ID=BL02
2025-04-28 12:56:51,741 [DEBUG] core.logic_builder - 成功导入规则: ID=BL03
2025-04-28 12:56:51,753 [INFO] core.logic_builder - 规则数据已保存到临时文件，共 3 条规则
2025-04-28 12:56:51,754 [INFO] gui.logic_panel - 收到规则变更事件: type=imported, rule_id=None
2025-04-28 12:56:51,755 [DEBUG] gui.logic_panel - 从LogicBuilder获取到 3 条规则
2025-04-28 12:56:51,755 [DEBUG] gui.logic_panel - 添加规则ID: 1 到已使用集合
2025-04-28 12:56:51,756 [DEBUG] gui.logic_panel - 添加规则ID: 2 到已使用集合
2025-04-28 12:56:51,756 [DEBUG] gui.logic_panel - 添加规则ID: 3 到已使用集合
2025-04-28 12:56:51,757 [INFO] gui.logic_panel - 成功加载 3 条规则到逻辑编辑面板
2025-04-28 12:56:51,757 [INFO] core.logic_builder - 规则导入完成，成功导入 3 条规则
2025-04-28 12:56:51,757 [INFO] core.logic_builder - 从临时文件加载规则完成
2025-04-28 12:56:51,758 [DEBUG] gui.logic_panel - 从LogicBuilder获取到 3 条规则
2025-04-28 12:56:51,758 [DEBUG] gui.logic_panel - 添加规则ID: 1 到已使用集合
2025-04-28 12:56:51,759 [DEBUG] gui.logic_panel - 添加规则ID: 2 到已使用集合
2025-04-28 12:56:51,759 [DEBUG] gui.logic_panel - 添加规则ID: 3 到已使用集合
2025-04-28 12:56:51,760 [INFO] gui.logic_panel - 成功加载 3 条规则到逻辑编辑面板
