2025-04-29 11:12:32,757 [INFO] root - 程序启动，日志文件: C:\Users\mengy\Desktop\ZK_LogicBom_Builder\logs\log_20250429_111232.log
2025-04-29 11:12:32,990 [INFO] __main__ - 正在启动程序...
2025-04-29 11:12:32,991 [DEBUG] __main__ - Python版本: 3.13.2 (tags/v3.13.2:4f8bb39, Feb  4 2025, 15:23:48) [MSC v.1942 64 bit (AMD64)]
2025-04-29 11:12:32,991 [DEBUG] __main__ - 当前工作目录: C:\Users\mengy\Desktop\ZK_LogicBom_Builder
2025-04-29 11:12:32,991 [DEBUG] __main__ - src_dir路径: c:\Users\mengy\Desktop\ZK_LogicBom_Builder
2025-04-29 11:12:33,019 [INFO] __main__ - 正在创建语言选择对话框...
2025-04-29 11:12:35,551 [INFO] gui.language_dialog_tk - 已选择语言: zh
2025-04-29 11:12:35,561 [INFO] __main__ - 语言选择结果: zh
2025-04-29 11:12:35,561 [INFO] __main__ - 正在创建主题选择对话框...
2025-04-29 11:12:35,561 [DEBUG] gui.theme_dialog_tk - 创建主题选择对话框
2025-04-29 11:12:35,570 [DEBUG] gui.theme_dialog_tk - 主题选择对话框创建完成
2025-04-29 11:12:36,397 [DEBUG] gui.theme_dialog_tk - 用户选择了light主题
2025-04-29 11:12:36,412 [INFO] __main__ - 主题选择结果: light
2025-04-29 11:12:36,421 [INFO] __main__ - 正在配置主窗口...
2025-04-29 11:12:36,576 [INFO] __main__ - 开始创建MainWindow实例...
2025-04-29 11:12:36,577 [INFO] core.logic_builder - 已加载 2 条规则
2025-04-29 11:12:36,631 [INFO] gui.logic_panel - 规则未加载状态，等待用户确认后再加载规则
2025-04-29 11:12:36,653 [INFO] __main__ - MainWindow实例创建完成
2025-04-29 11:12:36,958 [INFO] __main__ - 开始mainloop()...
2025-04-29 11:12:38,815 [INFO] core.config_processor - 找到工作表: ['1.Kabine']
2025-04-29 11:12:38,815 [INFO] core.config_processor - 处理工作表: 1.Kabine -> 模块: 1.Kabine
2025-04-29 11:12:38,837 [INFO] gui.config_panel - 成功导入配置文件: C:/Users/mengy/Desktop/Kabinemekrmal(Test).xlsx
2025-04-29 11:12:38,840 [INFO] gui.main_window_tk - 成功保存配置文件路径到app_config.json: C:/Users/mengy/Desktop/Kabinemekrmal(Test).xlsx
2025-04-29 11:12:38,840 [INFO] gui.config_panel - 已保存配置文件路径到app_config.json: C:/Users/mengy/Desktop/Kabinemekrmal(Test).xlsx
2025-04-29 11:12:39,990 [INFO] core.bom_processor - 开始导入BOM文件: C:/Users/mengy/Desktop/Bom.xlsx
2025-04-29 11:12:39,990 [INFO] core.bom_processor - 已清空现有数据
2025-04-29 11:12:39,991 [INFO] core.bom_processor - 正在读取Excel文件...
2025-04-29 11:12:39,996 [INFO] core.bom_processor - 成功打开Excel文件，包含以下工作表: ['Max-Gruppe']
2025-04-29 11:12:39,997 [INFO] core.bom_processor - 正在读取 Max-Gruppe 工作表...
2025-04-29 11:12:40,010 [INFO] core.bom_processor - 成功读取工作表，共 154 行数据
2025-04-29 11:12:40,010 [INFO] core.bom_processor - 所有必需列均存在，开始处理数据...
2025-04-29 11:12:40,011 [INFO] core.bom_processor - 过滤空层级后剩余 153 行数据
2025-04-29 11:12:40,012 [INFO] core.bom_processor - 
开始处理数据...
2025-04-29 11:12:40,018 [INFO] core.bom_processor - 
数据处理完成，成功处理 {processed_count} 行数据
2025-04-29 11:12:40,019 [INFO] core.bom_processor - 第 1 级节点数量: 1
2025-04-29 11:12:40,019 [INFO] core.bom_processor - 第 2 级节点数量: 133
2025-04-29 11:12:40,019 [INFO] core.bom_processor - 第 3 级节点数量: 19
2025-04-29 11:12:40,019 [INFO] core.bom_processor - BOM文件导入成功，共处理 153 个项目
2025-04-29 11:12:40,020 [INFO] gui.bom_panel - 成功导入BOM文件: C:/Users/mengy/Desktop/Bom.xlsx
2025-04-29 11:12:40,020 [INFO] gui.bom_panel - 开始刷新树状图
2025-04-29 11:12:40,021 [INFO] gui.bom_panel - 树状图刷新完成
2025-04-29 11:12:40,023 [INFO] gui.main_window_tk - 成功保存BOM文件路径到app_config.json: C:/Users/mengy/Desktop/Bom.xlsx
2025-04-29 11:12:40,023 [INFO] gui.bom_panel - 已保存BOM文件路径到app_config.json: C:/Users/mengy/Desktop/Bom.xlsx
2025-04-29 11:12:43,459 [INFO] gui.logic_library_window - 已加载 2 条 BOM 逻辑关系规则
