2025-04-23 12:59:37,908 [INFO] root - 程序启动，日志文件: C:\Users\mengy\Desktop\ZK_LogicBom_Builder\logs\log_20250423_125937.log
2025-04-23 12:59:38,153 [INFO] __main__ - 正在启动程序...
2025-04-23 12:59:38,153 [DEBUG] __main__ - Python版本: 3.13.2 (tags/v3.13.2:4f8bb39, Feb  4 2025, 15:23:48) [MSC v.1942 64 bit (AMD64)]
2025-04-23 12:59:38,154 [DEBUG] __main__ - 当前工作目录: C:\Users\mengy\Desktop\ZK_LogicBom_Builder
2025-04-23 12:59:38,154 [DEBUG] __main__ - src_dir路径: c:\Users\mengy\Desktop\ZK_LogicBom_Builder
2025-04-23 12:59:38,174 [INFO] __main__ - 正在创建语言选择对话框...
2025-04-23 12:59:40,513 [INFO] gui.language_dialog_tk - 已选择语言: zh
2025-04-23 12:59:40,539 [INFO] __main__ - 语言选择结果: zh
2025-04-23 12:59:40,539 [INFO] __main__ - 正在创建主题选择对话框...
2025-04-23 12:59:40,540 [DEBUG] gui.theme_dialog_tk - 创建主题选择对话框
2025-04-23 12:59:40,544 [DEBUG] gui.theme_dialog_tk - 主题选择对话框创建完成
2025-04-23 12:59:42,057 [DEBUG] gui.theme_dialog_tk - 用户选择了light主题
2025-04-23 12:59:42,079 [INFO] __main__ - 主题选择结果: light
2025-04-23 12:59:42,096 [INFO] __main__ - 正在配置主窗口...
2025-04-23 12:59:42,260 [INFO] __main__ - 开始创建MainWindow实例...
2025-04-23 12:59:42,261 [INFO] core.logic_builder - 已加载 6 条规则
2025-04-23 12:59:42,368 [INFO] __main__ - MainWindow实例创建完成
2025-04-23 12:59:42,701 [INFO] __main__ - 开始mainloop()...
2025-04-23 12:59:44,343 [INFO] core.config_processor - 找到工作表: ['TD', '0.模板&Vorlage', '1.Fahrgestell', '2.Fahrzeug allgemein', '3.Beschriftung&Kennzeichnung', '4. Anbauten&Fahrgestellarbeiten', '5. Fahrer_Mannschaftsraum', '6.Koffer', '7.Lichtmast', '8.Pumpenanlage', '9.Seilwinde&Generator', '10.Halterungen']
2025-04-23 12:59:44,343 [DEBUG] core.config_processor - 跳过工作表: TD
2025-04-23 12:59:44,343 [DEBUG] core.config_processor - 跳过工作表: 0.模板&Vorlage
2025-04-23 12:59:44,344 [INFO] core.config_processor - 处理工作表: 1.Fahrgestell -> 模块: 1.Fahrgestell
2025-04-23 12:59:44,361 [INFO] core.config_processor - 处理工作表: 2.Fahrzeug allgemein -> 模块: 2.Fahrzeug allgemein
2025-04-23 12:59:44,377 [INFO] core.config_processor - 处理工作表: 3.Beschriftung&Kennzeichnung -> 模块: 3.Beschriftung&Kennzeichnung
2025-04-23 12:59:44,394 [INFO] core.config_processor - 处理工作表: 4. Anbauten&Fahrgestellarbeiten -> 模块: 4.Anbauten&Fahrgestellarbeiten
2025-04-23 12:59:44,409 [INFO] core.config_processor - 处理工作表: 5. Fahrer_Mannschaftsraum -> 模块: 5.Fahrer_Mannschaftsraum
2025-04-23 12:59:44,430 [INFO] core.config_processor - 处理工作表: 6.Koffer -> 模块: 6.Koffer
2025-04-23 12:59:44,446 [INFO] core.config_processor - 处理工作表: 7.Lichtmast -> 模块: 7.Lichtmast
2025-04-23 12:59:44,461 [INFO] core.config_processor - 处理工作表: 8.Pumpenanlage -> 模块: 8.Pumpenanlage
2025-04-23 12:59:44,478 [INFO] core.config_processor - 处理工作表: 9.Seilwinde&Generator -> 模块: 9.Seilwinde&Generator
2025-04-23 12:59:44,493 [INFO] core.config_processor - 处理工作表: 10.Halterungen -> 模块: 10.Halterungen
2025-04-23 12:59:44,509 [INFO] gui.config_panel - 成功导入配置文件: C:/Users/mengy/Desktop/配置选项_Konfigurationsoptions.xlsm
2025-04-23 12:59:44,512 [INFO] gui.main_window_tk - 成功保存配置文件路径到app_config.json: C:/Users/mengy/Desktop/配置选项_Konfigurationsoptions.xlsm
2025-04-23 12:59:44,512 [INFO] gui.config_panel - 已保存配置文件路径到app_config.json: C:/Users/mengy/Desktop/配置选项_Konfigurationsoptions.xlsm
2025-04-23 12:59:46,417 [INFO] core.bom_processor - 开始导入BOM文件: C:/Users/mengy/Desktop/BOM映射表.xlsx
2025-04-23 12:59:46,423 [INFO] core.bom_processor - 找到工作表: ['MAX-gruppe', 'K码表', '配置', 'Sheet1']
2025-04-23 12:59:46,440 [INFO] core.bom_processor - BOM文件导入成功
2025-04-23 12:59:46,441 [INFO] gui.bom_panel - 成功导入BOM文件: C:/Users/mengy/Desktop/BOM映射表.xlsx
2025-04-23 12:59:46,443 [INFO] gui.main_window_tk - 成功保存BOM文件路径到app_config.json: C:/Users/mengy/Desktop/BOM映射表.xlsx
2025-04-23 12:59:46,443 [INFO] gui.bom_panel - 已保存BOM文件路径到app_config.json: C:/Users/mengy/Desktop/BOM映射表.xlsx
2025-04-23 12:59:54,199 [DEBUG] gui.config_panel - ConfigPanel: 双击选中项 ID: I032
2025-04-23 12:59:54,200 [DEBUG] gui.config_panel - ConfigPanel: 选中项文本: K02_03_02 ALPAS 3.3-tlg.
2025-04-23 12:59:54,200 [DEBUG] gui.config_panel - ConfigPanel: 提取的代码: K02_03_02
2025-04-23 12:59:54,201 [INFO] gui.config_panel - ConfigPanel: 准备插入K码: K02_03_02
2025-04-23 12:59:54,201 [DEBUG] gui.config_panel - ConfigPanel: 获取根窗口成功
2025-04-23 12:59:54,201 [DEBUG] gui.config_panel - ConfigPanel: 获取MainWindow实例成功
2025-04-23 12:59:54,202 [DEBUG] gui.config_panel - ConfigPanel: 找到逻辑面板
2025-04-23 12:59:54,203 [DEBUG] gui.logic_panel - LogicPanel: 开始插入代码: K02_03_02
2025-04-23 12:59:54,204 [INFO] gui.logic_panel - LogicPanel: 输入历史 - 类型: K_code, 内容: K02_03_02, 当前表达式: K02_03_02 
2025-04-23 12:59:54,204 [INFO] gui.config_panel - ConfigPanel: 成功发送代码到逻辑面板: K02_03_02
2025-04-23 12:59:55,629 [DEBUG] gui.bom_panel - BomPanel: 双击选中项 ID: I001
2025-04-23 12:59:55,630 [DEBUG] gui.bom_panel - BomPanel: 选中项文本: [1] PL-Kabine 0000000010017913NK - Modulkabine S301000 / S302000
(Modulkabine S301000 / S302000)
2025-04-23 12:59:55,631 [DEBUG] gui.bom_panel - BomPanel: 提取到占位符: PL-Kabine, Baugruppe: 0000000010017913NK
2025-04-23 12:59:55,632 [INFO] gui.bom_panel - BomPanel: 准备插入BOM码: PL-Kabine-0000000010017913NK
2025-04-23 12:59:55,633 [DEBUG] gui.bom_panel - BomPanel: 获取根窗口成功
2025-04-23 12:59:55,634 [DEBUG] gui.bom_panel - BomPanel: 获取MainWindow实例成功
2025-04-23 12:59:55,635 [DEBUG] gui.bom_panel - BomPanel: 找到逻辑面板
2025-04-23 12:59:55,635 [DEBUG] gui.logic_panel - LogicPanel: 开始插入代码: PL-Kabine-0000000010017913NK
2025-04-23 12:59:56,833 [INFO] gui.bom_panel - BomPanel: 成功发送代码到逻辑面板: PL-Kabine-0000000010017913NK
2025-04-23 12:59:57,543 [INFO] gui.logic_panel - LogicPanel: 输入历史 - 类型: operator, 内容: →, 当前表达式: K02_03_02  → 
2025-04-23 12:59:58,876 [DEBUG] gui.bom_panel - BomPanel: 双击选中项 ID: I006
2025-04-23 12:59:58,877 [DEBUG] gui.bom_panel - BomPanel: 选中项文本: [2] PL-GrundKabine 10019235 - Modulkabine Standard MAN Euro 6
Modul cabin standard MAN Euro 6
(Z-Cab NG Alpas 3 RAL 3000
Z-Cab NG Alpas 3 RAL 3000)
2025-04-23 12:59:58,877 [DEBUG] gui.bom_panel - BomPanel: 提取到占位符: PL-GrundKabine, Baugruppe: 10019235
2025-04-23 12:59:58,877 [INFO] gui.bom_panel - BomPanel: 准备插入BOM码: PL-GrundKabine-10019235
2025-04-23 12:59:58,877 [DEBUG] gui.bom_panel - BomPanel: 获取根窗口成功
2025-04-23 12:59:58,878 [DEBUG] gui.bom_panel - BomPanel: 获取MainWindow实例成功
2025-04-23 12:59:58,878 [DEBUG] gui.bom_panel - BomPanel: 找到逻辑面板
2025-04-23 12:59:58,878 [DEBUG] gui.logic_panel - LogicPanel: 开始插入代码: PL-GrundKabine-10019235
2025-04-23 12:59:58,879 [DEBUG] gui.logic_panel - 验证BOM码: PL-GrundKabine-10019235
2025-04-23 12:59:58,880 [INFO] gui.logic_panel - LogicPanel: 输入历史 - 类型: BOM_code, 内容: PL-GrundKabine-10019235, 当前表达式: K02_03_02  → PL-GrundKabine-10019235 
2025-04-23 12:59:58,880 [INFO] gui.bom_panel - BomPanel: 成功发送代码到逻辑面板: PL-GrundKabine-10019235
2025-04-23 13:00:00,321 [ERROR] gui.logic_panel - 保存规则时出错: 'LogicPanel' object has no attribute 'rule_counter'
Traceback (most recent call last):
  File "c:\Users\mengy\Desktop\ZK_LogicBom_Builder\gui\logic_panel.py", line 584, in _save_rule
    rule_id = f"BL{self.rule_counter:02d}"
                   ^^^^^^^^^^^^^^^^^
AttributeError: 'LogicPanel' object has no attribute 'rule_counter'
