2025-04-23 11:18:06,414 [INFO] root - 程序启动，日志文件: C:\Users\mengy\Desktop\ZK_LogicBom_Builder\logs\log_20250423_111806.log
2025-04-23 11:18:06,662 [INFO] __main__ - 正在启动程序...
2025-04-23 11:18:06,662 [DEBUG] __main__ - Python版本: 3.13.2 (tags/v3.13.2:4f8bb39, Feb  4 2025, 15:23:48) [MSC v.1942 64 bit (AMD64)]
2025-04-23 11:18:06,662 [DEBUG] __main__ - 当前工作目录: C:\Users\mengy\Desktop\ZK_LogicBom_Builder
2025-04-23 11:18:06,662 [DEBUG] __main__ - src_dir路径: c:\Users\mengy\Desktop\ZK_LogicBom_Builder
2025-04-23 11:18:06,702 [INFO] __main__ - 正在创建语言选择对话框...
2025-04-23 11:18:09,645 [INFO] gui.language_dialog_tk - 已选择语言: zh
2025-04-23 11:18:09,661 [INFO] __main__ - 语言选择结果: zh
2025-04-23 11:18:09,662 [INFO] __main__ - 正在创建主题选择对话框...
2025-04-23 11:18:09,662 [DEBUG] gui.theme_dialog_tk - 创建主题选择对话框
2025-04-23 11:18:09,678 [DEBUG] gui.theme_dialog_tk - 主题选择对话框创建完成
2025-04-23 11:18:10,438 [DEBUG] gui.theme_dialog_tk - 用户选择了light主题
2025-04-23 11:18:10,459 [INFO] __main__ - 主题选择结果: light
2025-04-23 11:18:10,460 [INFO] __main__ - 正在配置主窗口...
2025-04-23 11:18:10,562 [INFO] __main__ - 开始创建MainWindow实例...
2025-04-23 11:18:10,563 [INFO] core.logic_builder - 已加载 6 条规则
2025-04-23 11:18:10,773 [INFO] __main__ - MainWindow实例创建完成
2025-04-23 11:18:11,031 [INFO] __main__ - 开始mainloop()...
2025-04-23 11:18:12,670 [INFO] core.config_processor - 找到工作表: ['TD', '0.模板&Vorlage', '1.Fahrgestell', '2.Fahrzeug allgemein', '3.Beschriftung&Kennzeichnung', '4. Anbauten&Fahrgestellarbeiten', '5. Fahrer_Mannschaftsraum', '6.Koffer', '7.Lichtmast', '8.Pumpenanlage', '9.Seilwinde&Generator', '10.Halterungen']
2025-04-23 11:18:12,670 [DEBUG] core.config_processor - 跳过工作表: TD
2025-04-23 11:18:12,671 [DEBUG] core.config_processor - 跳过工作表: 0.模板&Vorlage
2025-04-23 11:18:12,671 [INFO] core.config_processor - 处理工作表: 1.Fahrgestell -> 模块: 1.Fahrgestell
2025-04-23 11:18:12,687 [INFO] core.config_processor - 处理工作表: 2.Fahrzeug allgemein -> 模块: 2.Fahrzeug allgemein
2025-04-23 11:18:12,703 [INFO] core.config_processor - 处理工作表: 3.Beschriftung&Kennzeichnung -> 模块: 3.Beschriftung&Kennzeichnung
2025-04-23 11:18:12,719 [INFO] core.config_processor - 处理工作表: 4. Anbauten&Fahrgestellarbeiten -> 模块: 4.Anbauten&Fahrgestellarbeiten
2025-04-23 11:18:12,734 [INFO] core.config_processor - 处理工作表: 5. Fahrer_Mannschaftsraum -> 模块: 5.Fahrer_Mannschaftsraum
2025-04-23 11:18:12,754 [INFO] core.config_processor - 处理工作表: 6.Koffer -> 模块: 6.Koffer
2025-04-23 11:18:12,770 [INFO] core.config_processor - 处理工作表: 7.Lichtmast -> 模块: 7.Lichtmast
2025-04-23 11:18:12,785 [INFO] core.config_processor - 处理工作表: 8.Pumpenanlage -> 模块: 8.Pumpenanlage
2025-04-23 11:18:12,801 [INFO] core.config_processor - 处理工作表: 9.Seilwinde&Generator -> 模块: 9.Seilwinde&Generator
2025-04-23 11:18:12,816 [INFO] core.config_processor - 处理工作表: 10.Halterungen -> 模块: 10.Halterungen
2025-04-23 11:18:12,831 [INFO] gui.config_panel - 成功导入配置文件: C:/Users/mengy/Desktop/配置选项_Konfigurationsoptions.xlsm
2025-04-23 11:18:12,835 [INFO] gui.main_window_tk - 成功保存配置文件路径到app_config.json: C:/Users/mengy/Desktop/配置选项_Konfigurationsoptions.xlsm
2025-04-23 11:18:12,836 [INFO] gui.config_panel - 已保存配置文件路径到app_config.json: C:/Users/mengy/Desktop/配置选项_Konfigurationsoptions.xlsm
2025-04-23 11:18:16,225 [INFO] core.bom_processor - 开始导入BOM文件: C:/Users/mengy/Desktop/BOM映射表.xlsx
2025-04-23 11:18:16,231 [INFO] core.bom_processor - 找到工作表: ['MAX-gruppe', 'K码表', '配置', 'Sheet1']
2025-04-23 11:18:16,242 [INFO] core.bom_processor - BOM文件导入成功
2025-04-23 11:18:16,242 [INFO] gui.bom_panel - 成功导入BOM文件: C:/Users/mengy/Desktop/BOM映射表.xlsx
2025-04-23 11:18:16,243 [INFO] gui.main_window_tk - 成功保存BOM文件路径到app_config.json: C:/Users/mengy/Desktop/BOM映射表.xlsx
2025-04-23 11:18:16,244 [INFO] gui.bom_panel - 已保存BOM文件路径到app_config.json: C:/Users/mengy/Desktop/BOM映射表.xlsx
2025-04-23 11:18:20,029 [DEBUG] gui.config_panel - ConfigPanel: 双击选中项 ID: I074
2025-04-23 11:18:20,030 [DEBUG] gui.config_panel - ConfigPanel: 选中项文本: K03_01_02 RAL 3020 verkehrsrot
2025-04-23 11:18:20,030 [DEBUG] gui.config_panel - ConfigPanel: 提取的代码: K03_01_02
2025-04-23 11:18:20,031 [INFO] gui.config_panel - ConfigPanel: 准备插入K码: K03_01_02
2025-04-23 11:18:20,032 [DEBUG] gui.config_panel - ConfigPanel: 获取根窗口成功
2025-04-23 11:18:20,032 [DEBUG] gui.config_panel - ConfigPanel: 获取MainWindow实例成功
2025-04-23 11:18:20,033 [DEBUG] gui.config_panel - ConfigPanel: 找到逻辑面板
2025-04-23 11:18:20,033 [DEBUG] gui.logic_panel - LogicPanel: 开始插入代码: K03_01_02
2025-04-23 11:18:20,034 [INFO] gui.logic_panel - LogicPanel: 输入历史 - 类型: K_code, 内容: K03_01_02, 当前表达式: K03_01_02 
2025-04-23 11:18:20,035 [INFO] gui.config_panel - ConfigPanel: 成功发送代码到逻辑面板: K03_01_02
2025-04-23 11:18:24,743 [DEBUG] gui.bom_panel - BomPanel: 双击选中项 ID: I006
2025-04-23 11:18:24,744 [DEBUG] gui.bom_panel - BomPanel: 选中项文本: [2] PL-GrundKabine 10019235 - Modulkabine Standard MAN Euro 6
Modul cabin standard MAN Euro 6
(Z-Cab NG Alpas 3 RAL 3000
Z-Cab NG Alpas 3 RAL 3000)
2025-04-23 11:18:24,745 [INFO] gui.bom_panel - BomPanel: 提取到占位符: PL-GrundKabine, Baugruppe码: 10019235
2025-04-23 11:18:24,746 [INFO] gui.bom_panel - BomPanel: 生成的代码: PL-GrundKabine-10019235
2025-04-23 11:18:24,747 [DEBUG] gui.bom_panel - BomPanel: 获取根窗口成功
2025-04-23 11:18:24,748 [DEBUG] gui.bom_panel - BomPanel: 获取MainWindow实例成功
2025-04-23 11:18:24,749 [DEBUG] gui.bom_panel - BomPanel: 找到逻辑面板
2025-04-23 11:18:24,749 [DEBUG] gui.logic_panel - LogicPanel: 开始插入代码: PL-GrundKabine-10019235
2025-04-23 11:18:24,751 [DEBUG] gui.logic_panel - 验证BOM码: PL-GrundKabine-10019235
2025-04-23 11:18:24,751 [DEBUG] gui.logic_panel - 错误：在→之前插入BOM码
2025-04-23 11:18:25,978 [INFO] gui.bom_panel - BomPanel: 成功发送代码到逻辑面板: PL-GrundKabine-10019235
