2025-05-15 11:30:14,112 [INFO] root - 程序启动，日志文件: C:\Users\mengy\Desktop\ZK_LogicBom_Builder\logs\log_20250515_113014.log
2025-05-15 11:30:14,342 [INFO] __main__ - 正在启动程序...
2025-05-15 11:30:14,342 [DEBUG] __main__ - Python版本: 3.13.2 (tags/v3.13.2:4f8bb39, Feb  4 2025, 15:23:48) [MSC v.1942 64 bit (AMD64)]
2025-05-15 11:30:14,342 [DEBUG] __main__ - 当前工作目录: C:\Users\mengy\Desktop\ZK_LogicBom_Builder
2025-05-15 11:30:14,342 [DEBUG] __main__ - src_dir路径: c:\Users\mengy\Desktop\ZK_LogicBom_Builder
2025-05-15 11:30:14,364 [INFO] __main__ - 正在创建语言选择对话框...
2025-05-15 11:30:15,510 [INFO] gui.language_dialog_tk - 已选择语言: zh
2025-05-15 11:30:15,532 [INFO] __main__ - 语言选择结果: zh
2025-05-15 11:30:15,532 [INFO] __main__ - 正在创建主题选择对话框...
2025-05-15 11:30:15,533 [DEBUG] gui.theme_dialog_tk - 创建主题选择对话框
2025-05-15 11:30:15,542 [DEBUG] gui.theme_dialog_tk - 主题选择对话框创建完成
2025-05-15 11:30:16,147 [DEBUG] gui.theme_dialog_tk - 用户选择了light主题
2025-05-15 11:30:16,163 [INFO] __main__ - 主题选择结果: light
2025-05-15 11:30:16,177 [INFO] __main__ - 正在配置主窗口...
2025-05-15 11:30:16,342 [INFO] __main__ - 开始创建MainWindow实例...
2025-05-15 11:30:16,343 [INFO] core.logic_builder - 从 C:\Users\mengy\Desktop\ZK_LogicBom_Builder\data\temp_rules_latest.json 加载时检测到新版大写键名规则文件格式 (BL_rules/TL_rules)。
2025-05-15 11:30:16,343 [DEBUG] core.logic_builder - Rule BL01 loaded from file. Original file description: 'ohne Wertfach → PL--Sitze02-PA-Sitz f.Straffer li.kpl.mech 1 FL-Sitzplatz 2'. Regenerating description.
2025-05-15 11:30:16,344 [DEBUG] core.logic_builder - Generated condition part for rule BL01: 'K-200-000344'
2025-05-15 11:30:16,344 [DEBUG] core.logic_builder - Generated action part for rule BL01: 'PL--Sitze02-10019325'
2025-05-15 11:30:16,344 [INFO] core.logic_builder - Newly generated description for BL01 (on _load_rules): 'K-200-000344 → PL--Sitze02-10019325'
2025-05-15 11:30:16,344 [INFO] core.logic_builder - 已加载 1 条规则从 C:\Users\mengy\Desktop\ZK_LogicBom_Builder\data\temp_rules_latest.json
2025-05-15 11:30:16,416 [INFO] gui.logic_panel - LogicPanel: 主窗口引用无效、rules_loaded属性不存在或规则未加载，跳过加载到树。
2025-05-15 11:30:16,424 [INFO] __main__ - MainWindow实例创建完成
2025-05-15 11:30:16,647 [INFO] __main__ - 开始mainloop()...
2025-05-15 11:30:18,089 [INFO] core.config_processor - 找到工作表: ['1.Kabine']
2025-05-15 11:30:18,090 [INFO] core.config_processor - 处理工作表: 1.Kabine -> 模块: 1.Kabine
2025-05-15 11:30:18,111 [INFO] gui.config_panel - 成功导入配置文件: C:/Users/mengy/OneDrive/Kabine_Test_Dokument/Kabine_Mekrmal(Test).xlsx
2025-05-15 11:30:18,114 [INFO] gui.main_window_tk - 成功保存配置文件路径到app_config.json: C:/Users/mengy/OneDrive/Kabine_Test_Dokument/Kabine_Mekrmal(Test).xlsx
2025-05-15 11:30:18,114 [INFO] gui.config_panel - 已保存配置文件路径到app_config.json: C:/Users/mengy/OneDrive/Kabine_Test_Dokument/Kabine_Mekrmal(Test).xlsx
2025-05-15 11:30:19,271 [INFO] core.bom_processor - 开始导入BOM文件: C:/Users/mengy/OneDrive/Kabine_Test_Dokument/Kabine_Bom-MaxGruppe.xlsx
2025-05-15 11:30:19,272 [INFO] core.bom_processor - 已清空现有数据
2025-05-15 11:30:19,272 [INFO] core.bom_processor - 正在读取Excel文件...
2025-05-15 11:30:19,277 [INFO] core.bom_processor - 成功打开Excel文件，包含以下工作表: ['Max-Gruppe']
2025-05-15 11:30:19,278 [INFO] core.bom_processor - 正在读取 Max-Gruppe 工作表...
2025-05-15 11:30:19,294 [INFO] core.bom_processor - 成功读取工作表，共 244 行数据
2025-05-15 11:30:19,294 [INFO] core.bom_processor - 所有必需列均存在，开始处理数据...
2025-05-15 11:30:19,296 [INFO] core.bom_processor - 过滤空层级后剩余 244 行数据
2025-05-15 11:30:19,296 [INFO] core.bom_processor - 
开始处理数据...
2025-05-15 11:30:19,301 [INFO] core.bom_processor - 
数据处理完成，成功处理 {processed_count} 行数据
2025-05-15 11:30:19,301 [INFO] core.bom_processor - 第 1 级节点数量: 244
2025-05-15 11:30:19,302 [INFO] core.bom_processor - BOM文件导入成功，共处理 244 个项目
2025-05-15 11:30:19,302 [INFO] gui.bom_panel - 成功导入BOM文件: C:/Users/mengy/OneDrive/Kabine_Test_Dokument/Kabine_Bom-MaxGruppe.xlsx
2025-05-15 11:30:19,302 [INFO] gui.bom_panel - 开始刷新树状图
2025-05-15 11:30:19,303 [INFO] gui.bom_panel - 树状图刷新完成
2025-05-15 11:30:19,304 [INFO] gui.main_window_tk - 成功保存BOM文件路径到app_config.json: C:/Users/mengy/OneDrive/Kabine_Test_Dokument/Kabine_Bom-MaxGruppe.xlsx
2025-05-15 11:30:19,304 [INFO] gui.bom_panel - 已保存BOM文件路径到app_config.json: C:/Users/mengy/OneDrive/Kabine_Test_Dokument/Kabine_Bom-MaxGruppe.xlsx
2025-05-15 11:30:19,752 [INFO] core.logic_builder - 准备从临时文件加载规则: C:\Users\mengy\Desktop\ZK_LogicBom_Builder\data\temp_rules_latest.json
2025-05-15 11:30:19,752 [DEBUG] core.logic_builder - Rule BL01 loaded from temp file. Original file description: 'ohne Wertfach → PL--Sitze02-PA-Sitz f.Straffer li.kpl.mech 1 FL-Sitzplatz 2'. Regenerating description.
2025-05-15 11:30:19,753 [DEBUG] core.logic_builder - Generated condition part for rule BL01: 'ohne Wertfach'
2025-05-15 11:30:19,753 [DEBUG] core.logic_builder - Generated action part for rule BL01: 'PL--Sitze02-PA-Sitz f.Straffer li.kpl.mech 1 FL-Sitzplatz 2'
2025-05-15 11:30:19,754 [INFO] core.logic_builder - Newly generated description for BL01 (from temp): 'ohne Wertfach → PL--Sitze02-PA-Sitz f.Straffer li.kpl.mech 1 FL-Sitzplatz 2'
2025-05-15 11:30:19,754 [INFO] gui.logic_panel - LogicPanel _on_rule_change: 收到通知: 类型='imported', RuleID='None'
2025-05-15 11:30:19,754 [INFO] gui.logic_panel - LogicPanel _on_rule_change (imported): 收到 'imported' 通知，将重新加载所有规则到Treeview。
2025-05-15 11:30:19,754 [INFO] gui.logic_panel - LogicPanel: 主窗口引用无效、rules_loaded属性不存在或规则未加载，跳过加载到树。
2025-05-15 11:30:19,754 [DEBUG] gui.logic_panel - LogicPanel _on_rule_change: Treeview update_idletasks() 已调用，处理类型 'imported' 完成。
2025-05-15 11:30:19,754 [INFO] core.logic_builder - 从临时文件 (C:\Users\mengy\Desktop\ZK_LogicBom_Builder\data\temp_rules_latest.json) 加载 1 条规则完成。导出状态: False
2025-05-15 11:30:19,755 [INFO] gui.main_window_tk - 检测到LogicBuilder中存在未导出的规则。
2025-05-15 11:30:20,306 [INFO] gui.main_window_tk - 用户确认加载，将再次调用 load_from_temp_file 以使用最新的Config/BOM数据生成描述。
2025-05-15 11:30:20,306 [INFO] core.logic_builder - 准备从临时文件加载规则: C:\Users\mengy\Desktop\ZK_LogicBom_Builder\data\temp_rules_latest.json
2025-05-15 11:30:20,306 [DEBUG] core.logic_builder - Rule BL01 loaded from temp file. Original file description: 'ohne Wertfach → PL--Sitze02-PA-Sitz f.Straffer li.kpl.mech 1 FL-Sitzplatz 2'. Regenerating description.
2025-05-15 11:30:20,307 [DEBUG] core.logic_builder - Generated condition part for rule BL01: 'ohne Wertfach'
2025-05-15 11:30:20,307 [DEBUG] core.logic_builder - Generated action part for rule BL01: 'PL--Sitze02-PA-Sitz f.Straffer li.kpl.mech 1 FL-Sitzplatz 2'
2025-05-15 11:30:20,307 [INFO] core.logic_builder - Newly generated description for BL01 (from temp): 'ohne Wertfach → PL--Sitze02-PA-Sitz f.Straffer li.kpl.mech 1 FL-Sitzplatz 2'
2025-05-15 11:30:20,307 [INFO] gui.logic_panel - LogicPanel _on_rule_change: 收到通知: 类型='imported', RuleID='None'
2025-05-15 11:30:20,307 [INFO] gui.logic_panel - LogicPanel _on_rule_change (imported): 收到 'imported' 通知，将重新加载所有规则到Treeview。
2025-05-15 11:30:20,307 [INFO] gui.logic_panel - LogicPanel: 主窗口引用无效、rules_loaded属性不存在或规则未加载，跳过加载到树。
2025-05-15 11:30:20,307 [DEBUG] gui.logic_panel - LogicPanel _on_rule_change: Treeview update_idletasks() 已调用，处理类型 'imported' 完成。
2025-05-15 11:30:20,308 [INFO] core.logic_builder - 从临时文件 (C:\Users\mengy\Desktop\ZK_LogicBom_Builder\data\temp_rules_latest.json) 加载 1 条规则完成。导出状态: False
2025-05-15 11:30:20,308 [INFO] gui.main_window_tk - 用户确认加载未导出的规则。MainWindow.rules_loaded 设置为 True。
2025-05-15 11:30:20,308 [INFO] gui.main_window_tk - 开始刷新逻辑面板显示已加载的临时规则
2025-05-15 11:30:20,308 [INFO] gui.logic_panel - LogicPanel: 开始加载规则到已保存规则框架 (非层级)
2025-05-15 11:30:20,308 [DEBUG] gui.logic_panel - LogicPanel: 从LogicBuilder获取到 1 条规则
2025-05-15 11:30:20,311 [INFO] gui.logic_panel - LogicPanel: 成功加载 1 条规则 (非层级) 到已保存规则框架
2025-05-15 11:30:20,312 [INFO] gui.main_window_tk - 逻辑面板显示刷新完成
2025-05-15 11:30:22,061 [DEBUG] gui.logic_panel - LogicPanel _get_rule_id_from_selection: Item 'BL01' 是规则行，返回ID: BL01
2025-05-15 11:30:25,734 [DEBUG] core.logic_builder - LogicBuilder update_rule_description for 'BL01': 方法入口时规则状态 = 'disabled', 描述 = 'ohne Wertfach → PL--Sitze02-PA-Sitz f.Straffer li....'
2025-05-15 11:30:25,734 [DEBUG] core.logic_builder - Generated condition part for rule BL01: 'ohne Wertfach'
2025-05-15 11:30:25,735 [DEBUG] core.logic_builder - Generated action part for rule BL01: 'PL--Sitze02-PA-Sitz f.Straffer li.kpl.mech 1 FL-Sitzplatz 2'
2025-05-15 11:30:25,735 [DEBUG] core.logic_builder - LogicBuilder update_rule_description for 'BL01': 调用 _save_rules() 前，规则状态 = 'disabled', 描述是否更改 = False, 新描述 = 'ohne Wertfach → PL--Sitze02-PA-Sitz f.Straffer li....'
2025-05-15 11:30:25,736 [INFO] core.logic_builder - 已保存 1 条规则到临时文件 (C:\Users\mengy\Desktop\ZK_LogicBom_Builder\data\temp_rules_latest.json)
2025-05-15 11:30:25,736 [INFO] core.logic_builder - LogicBuilder update_rule_description for 'BL01': 规则已保存。通知UI变更 (modified)。
2025-05-15 11:30:25,736 [INFO] gui.logic_panel - LogicPanel _on_rule_change: 收到通知: 类型='modified', RuleID='BL01'
2025-05-15 11:30:25,736 [DEBUG] gui.logic_panel - LogicPanel _on_rule_change: 附带的Rule对象: ID='BL01', Status='disabled', Desc='ohne Wertfach → PL--Sitze02-PA...'
2025-05-15 11:30:25,737 [DEBUG] gui.logic_panel - LogicPanel _on_rule_change (modified): 开始更新规则 'BL01'. 当前传入状态: disabled
2025-05-15 11:30:25,737 [INFO] gui.logic_panel - LogicPanel _on_rule_change (modified): 已更新Treeview中的规则行 'BL01' 的值为: Status='禁用'
2025-05-15 11:30:25,737 [INFO] gui.logic_panel - LogicPanel _on_rule_change (modified): 已更新/确认Treeview中的描述行 'BL01_desc_sep'.
2025-05-15 11:30:25,737 [INFO] gui.logic_panel - LogicPanel _on_rule_change (modified): 规则 'BL01' 的描述为空，已删除描述行 'BL01_desc_sep'.
2025-05-15 11:30:25,740 [DEBUG] gui.logic_panel - LogicPanel _on_rule_change: Treeview update_idletasks() 已调用，处理类型 'modified' 完成。
2025-05-15 11:31:33,745 [DEBUG] gui.logic_panel - LogicPanel _get_rule_id_from_selection: Item 'BL01' 是规则行，返回ID: BL01
2025-05-15 11:31:36,029 [DEBUG] core.logic_builder - LogicBuilder update_rule_description for 'BL01': 方法入口时规则状态 = 'enabled', 描述 = 'ohne Wertfach → PL--Sitze02-PA-Sitz f.Straffer li....'
2025-05-15 11:31:36,030 [DEBUG] core.logic_builder - Generated condition part for rule BL01: 'ohne Wertfach'
2025-05-15 11:31:36,030 [DEBUG] core.logic_builder - Generated action part for rule BL01: 'PL--Sitze02-PA-Sitz f.Straffer li.kpl.mech 1 FL-Sitzplatz 2'
2025-05-15 11:31:36,030 [DEBUG] core.logic_builder - LogicBuilder update_rule_description for 'BL01': 调用 _save_rules() 前，规则状态 = 'enabled', 描述是否更改 = False, 新描述 = 'ohne Wertfach → PL--Sitze02-PA-Sitz f.Straffer li....'
2025-05-15 11:31:36,030 [INFO] core.logic_builder - 已保存 1 条规则到临时文件 (C:\Users\mengy\Desktop\ZK_LogicBom_Builder\data\temp_rules_latest.json)
2025-05-15 11:31:36,031 [INFO] core.logic_builder - LogicBuilder update_rule_description for 'BL01': 规则已保存。通知UI变更 (modified)。
2025-05-15 11:31:36,031 [INFO] gui.logic_panel - LogicPanel _on_rule_change: 收到通知: 类型='modified', RuleID='BL01'
2025-05-15 11:31:36,031 [DEBUG] gui.logic_panel - LogicPanel _on_rule_change: 附带的Rule对象: ID='BL01', Status='enabled', Desc='ohne Wertfach → PL--Sitze02-PA...'
2025-05-15 11:31:36,031 [DEBUG] gui.logic_panel - LogicPanel _on_rule_change (modified): 开始更新规则 'BL01'. 当前传入状态: enabled
2025-05-15 11:31:36,031 [INFO] gui.logic_panel - LogicPanel _on_rule_change (modified): 已更新Treeview中的规则行 'BL01' 的值为: Status='启用'
2025-05-15 11:31:36,031 [INFO] gui.logic_panel - LogicPanel _on_rule_change (modified): 为规则 'BL01' 新增了描述行 'BL01_desc_sep'.
2025-05-15 11:31:36,033 [DEBUG] gui.logic_panel - LogicPanel _on_rule_change: Treeview update_idletasks() 已调用，处理类型 'modified' 完成。
2025-05-15 11:31:38,221 [INFO] gui.logic_library_window - LogicLibrary: 已加载 1 条规则 (非层级)。
2025-05-15 11:31:38,221 [DEBUG] gui.logic_library_window - LogicLibrary _apply_filters_and_search: 开始应用筛选和搜索。清空现有Treeview项。
2025-05-15 11:31:38,222 [DEBUG] gui.logic_library_window - LogicLibrary _apply_filters_and_search: 从self.cached_rules (共 1 条) 开始迭代。
2025-05-15 11:31:38,222 [DEBUG] gui.logic_library_window - LogicLibrary _apply_filters_and_search: 准备插入规则ID 'BL01'，状态 'enabled' (显示为 '启用').
2025-05-15 11:31:38,222 [INFO] gui.logic_library_window - LogicLibrary _apply_filters_and_search: 筛选和搜索完成：显示 1/1 条规则。
2025-05-15 11:31:42,109 [DEBUG] core.logic_builder - LogicBuilder update_rule_description for 'BL01': 方法入口时规则状态 = 'testing', 描述 = 'ohne Wertfach → PL--Sitze02-PA-Sitz f.Straffer li....'
2025-05-15 11:31:42,109 [DEBUG] core.logic_builder - Generated condition part for rule BL01: 'ohne Wertfach'
2025-05-15 11:31:42,109 [DEBUG] core.logic_builder - Generated action part for rule BL01: 'PL--Sitze02-PA-Sitz f.Straffer li.kpl.mech 1 FL-Sitzplatz 2'
2025-05-15 11:31:42,109 [DEBUG] core.logic_builder - LogicBuilder update_rule_description for 'BL01': 调用 _save_rules() 前，规则状态 = 'testing', 描述是否更改 = False, 新描述 = 'ohne Wertfach → PL--Sitze02-PA-Sitz f.Straffer li....'
2025-05-15 11:31:42,110 [INFO] core.logic_builder - 已保存 1 条规则到临时文件 (C:\Users\mengy\Desktop\ZK_LogicBom_Builder\data\temp_rules_latest.json)
2025-05-15 11:31:42,110 [INFO] core.logic_builder - LogicBuilder update_rule_description for 'BL01': 规则已保存。通知UI变更 (modified)。
2025-05-15 11:31:42,110 [INFO] gui.logic_panel - LogicPanel _on_rule_change: 收到通知: 类型='modified', RuleID='BL01'
2025-05-15 11:31:42,110 [DEBUG] gui.logic_panel - LogicPanel _on_rule_change: 附带的Rule对象: ID='BL01', Status='testing', Desc='ohne Wertfach → PL--Sitze02-PA...'
2025-05-15 11:31:42,110 [DEBUG] gui.logic_panel - LogicPanel _on_rule_change (modified): 开始更新规则 'BL01'. 当前传入状态: testing
2025-05-15 11:31:42,110 [INFO] gui.logic_panel - LogicPanel _on_rule_change (modified): 已更新Treeview中的规则行 'BL01' 的值为: Status='测试'
2025-05-15 11:31:42,110 [INFO] gui.logic_panel - LogicPanel _on_rule_change (modified): 为规则 'BL01' 新增了描述行 'BL01_desc_sep'.
2025-05-15 11:31:42,112 [DEBUG] gui.logic_panel - LogicPanel _on_rule_change: Treeview update_idletasks() 已调用，处理类型 'modified' 完成。
2025-05-15 11:31:42,112 [INFO] gui.logic_library_window - LogicLibrary _on_rule_change: 收到通知: 类型='modified', RuleID='BL01'
2025-05-15 11:31:42,112 [DEBUG] gui.logic_library_window - LogicLibrary _on_rule_change: 附带的Rule对象: ID='BL01', Status='testing', Desc='ohne Wertfach → PL--Sitze02-PA...'
2025-05-15 11:31:42,112 [DEBUG] gui.logic_library_window - LogicLibrary _on_rule_change: 更新self.cached_rules前，包含 1 条规则。
2025-05-15 11:31:42,112 [DEBUG] gui.logic_library_window - LogicLibrary _on_rule_change: 更新self.cached_rules后，包含 1 条规则。调用 _apply_filters_and_search。
2025-05-15 11:31:42,112 [DEBUG] gui.logic_library_window - LogicLibrary _apply_filters_and_search: 开始应用筛选和搜索。清空现有Treeview项。
2025-05-15 11:31:42,113 [DEBUG] gui.logic_library_window - LogicLibrary _apply_filters_and_search: 从self.cached_rules (共 1 条) 开始迭代。
2025-05-15 11:31:42,113 [DEBUG] gui.logic_library_window - LogicLibrary _apply_filters_and_search: 准备插入规则ID 'BL01'，状态 'testing' (显示为 '测试').
2025-05-15 11:31:42,113 [INFO] gui.logic_library_window - LogicLibrary _apply_filters_and_search: 筛选和搜索完成：显示 1/1 条规则。
2025-05-15 11:31:42,113 [INFO] gui.logic_library_window - LogicLibrary _on_rule_change: 因 'modified' (非层级)，规则列表已通过重新筛选和加载进行刷新。
2025-05-15 11:31:42,115 [DEBUG] gui.logic_library_window - LogicLibrary _on_rule_change: Treeview update_idletasks() 已调用。
2025-05-15 11:31:42,115 [INFO] gui.logic_library_window - LogicLibrary: 规则 BL01 编辑完成并通过LogicBuilder更新。
2025-05-15 11:31:56,900 [DEBUG] gui.logic_panel - LogicPanel _get_rule_id_from_selection: Item 'BL01' 是规则行，返回ID: BL01
2025-05-15 11:31:58,514 [DEBUG] gui.logic_panel - LogicPanel _get_rule_id_from_selection: Item 'BL01' 是规则行，返回ID: BL01
2025-05-15 11:31:58,515 [INFO] core.logic_builder - 已保存 1 条规则到临时文件 (C:\Users\mengy\Desktop\ZK_LogicBom_Builder\data\temp_rules_latest.json)
2025-05-15 11:31:58,516 [INFO] gui.logic_panel - LogicPanel _on_rule_change: 收到通知: 类型='modified', RuleID='BL01'
2025-05-15 11:31:58,516 [DEBUG] gui.logic_panel - LogicPanel _on_rule_change: 附带的Rule对象: ID='BL01', Status='enabled', Desc='ohne Wertfach → PL--Sitze02-PA...'
2025-05-15 11:31:58,516 [DEBUG] gui.logic_panel - LogicPanel _on_rule_change (modified): 开始更新规则 'BL01'. 当前传入状态: enabled
2025-05-15 11:31:58,517 [INFO] gui.logic_panel - LogicPanel _on_rule_change (modified): 已更新Treeview中的规则行 'BL01' 的值为: Status='启用'
2025-05-15 11:31:58,517 [INFO] gui.logic_panel - LogicPanel _on_rule_change (modified): 为规则 'BL01' 新增了描述行 'BL01_desc_sep'.
2025-05-15 11:31:58,527 [DEBUG] gui.logic_panel - LogicPanel _on_rule_change: Treeview update_idletasks() 已调用，处理类型 'modified' 完成。
2025-05-15 11:31:58,528 [INFO] gui.logic_panel - LogicPanel _change_rule_status: 规则 BL01 状态已更改为 enabled 并已通知。
2025-05-15 11:31:59,510 [DEBUG] gui.logic_panel - LogicPanel _get_rule_id_from_selection: Item 'BL01' 是规则行，返回ID: BL01
2025-05-15 11:32:00,423 [DEBUG] gui.logic_panel - LogicPanel _get_rule_id_from_selection: Item 'BL01' 是规则行，返回ID: BL01
2025-05-15 11:32:03,558 [DEBUG] gui.logic_panel - LogicPanel _get_rule_id_from_selection: Item 'BL01' 是规则行，返回ID: BL01
2025-05-15 11:32:06,296 [DEBUG] core.logic_builder - LogicBuilder update_rule_description for 'BL01': 方法入口时规则状态 = 'enabled', 描述 = 'ohne Wertfach → PL--Sitze02-PA-Sitz f.Straffer li....'
2025-05-15 11:32:06,297 [DEBUG] core.logic_builder - Generated condition part for rule BL01: 'ohne Wertfach'
2025-05-15 11:32:06,297 [DEBUG] core.logic_builder - Generated action part for rule BL01: 'PL--Sitze02-PA-Sitz f.Straffer li.kpl.mech 1 FL-Sitzplatz 2'
2025-05-15 11:32:06,297 [DEBUG] core.logic_builder - LogicBuilder update_rule_description for 'BL01': 调用 _save_rules() 前，规则状态 = 'enabled', 描述是否更改 = False, 新描述 = 'ohne Wertfach → PL--Sitze02-PA-Sitz f.Straffer li....'
2025-05-15 11:32:06,298 [INFO] core.logic_builder - 已保存 1 条规则到临时文件 (C:\Users\mengy\Desktop\ZK_LogicBom_Builder\data\temp_rules_latest.json)
2025-05-15 11:32:06,298 [INFO] core.logic_builder - LogicBuilder update_rule_description for 'BL01': 规则已保存。通知UI变更 (modified)。
2025-05-15 11:32:06,298 [INFO] gui.logic_panel - LogicPanel _on_rule_change: 收到通知: 类型='modified', RuleID='BL01'
2025-05-15 11:32:06,299 [DEBUG] gui.logic_panel - LogicPanel _on_rule_change: 附带的Rule对象: ID='BL01', Status='enabled', Desc='ohne Wertfach → PL--Sitze02-PA...'
2025-05-15 11:32:06,299 [DEBUG] gui.logic_panel - LogicPanel _on_rule_change (modified): 开始更新规则 'BL01'. 当前传入状态: enabled
2025-05-15 11:32:06,299 [INFO] gui.logic_panel - LogicPanel _on_rule_change (modified): 已更新Treeview中的规则行 'BL01' 的值为: Status='启用'
2025-05-15 11:32:06,299 [INFO] gui.logic_panel - LogicPanel _on_rule_change (modified): 为规则 'BL01' 新增了描述行 'BL01_desc_sep'.
2025-05-15 11:32:06,301 [DEBUG] gui.logic_panel - LogicPanel _on_rule_change: Treeview update_idletasks() 已调用，处理类型 'modified' 完成。
2025-05-15 11:32:09,471 [DEBUG] gui.config_panel - ConfigPanel: 双击选中项 ID: I015
2025-05-15 11:32:09,472 [DEBUG] gui.config_panel - ConfigPanel: 选中项文本: K-200-000007 Wertfach unterm Sitzpolster
2025-05-15 11:32:09,473 [DEBUG] gui.config_panel - ConfigPanel: 提取的代码: K-200-000007
2025-05-15 11:32:09,473 [INFO] gui.config_panel - ConfigPanel: 准备插入特征值: K-200-000007
2025-05-15 11:32:09,474 [DEBUG] gui.config_panel - ConfigPanel: 获取根窗口成功
2025-05-15 11:32:09,475 [DEBUG] gui.config_panel - ConfigPanel: 获取MainWindow实例成功
2025-05-15 11:32:09,476 [DEBUG] gui.config_panel - ConfigPanel: 找到逻辑面板
2025-05-15 11:32:09,477 [DEBUG] gui.logic_panel - LogicPanel: 开始插入代码: K-200-000007
2025-05-15 11:32:09,478 [INFO] gui.logic_panel - LogicPanel: 输入历史 - 类型: K_code, 内容: K-200-000007, 当前表达式: K-200-000007 
2025-05-15 11:32:09,479 [INFO] gui.config_panel - ConfigPanel: 成功发送代码到逻辑面板: K-200-000007
2025-05-15 11:32:10,338 [INFO] gui.logic_panel - LogicPanel: 输入历史 - 类型: operator, 内容: →, 当前表达式: K-200-000007  → 
2025-05-15 11:32:11,346 [DEBUG] gui.bom_panel - BomPanel: 选中项文本: 10019324
PA-Sitz f.Straffer li.kpl.mech 1 FL
Sitzplatz 1
2025-05-15 11:32:11,347 [DEBUG] gui.bom_panel - BomPanel: 提取到Baugruppe: 10019324
2025-05-15 11:32:11,347 [DEBUG] gui.bom_panel - BomPanel: 提取到占位符: PL--Sitze01
2025-05-15 11:32:11,348 [DEBUG] gui.bom_panel - BomPanel: 构建的BOM码: PL--Sitze01-10019324
2025-05-15 11:32:11,348 [DEBUG] gui.bom_panel - BomPanel: 获取根窗口成功
2025-05-15 11:32:11,349 [DEBUG] gui.bom_panel - BomPanel: 获取MainWindow实例成功
2025-05-15 11:32:11,349 [DEBUG] gui.bom_panel - BomPanel: 找到逻辑面板
2025-05-15 11:32:11,349 [DEBUG] gui.logic_panel - LogicPanel: 开始插入代码: PL--Sitze01-10019324
2025-05-15 11:32:11,350 [DEBUG] gui.logic_panel - 验证BOM码: PL--Sitze01-10019324
2025-05-15 11:32:11,351 [INFO] gui.logic_panel - LogicPanel: 输入历史 - 类型: BOM_code, 内容: PL--Sitze01-10019324, 当前表达式: K-200-000007  → PL--Sitze01-10019324 
2025-05-15 11:32:11,351 [INFO] gui.bom_panel - BomPanel: 成功发送代码到逻辑面板: PL--Sitze01-10019324
2025-05-15 11:32:11,352 [INFO] gui.bom_panel - BomPanel: 成功插入BOM码: PL--Sitze01-10019324
2025-05-15 11:32:13,079 [INFO] gui.logic_panel - 创建新的BOM逻辑规则ID: BL02
2025-05-15 11:32:13,080 [DEBUG] core.logic_builder - Generated condition part for rule BL02: 'Wertfach unterm Sitzpolster'
2025-05-15 11:32:13,081 [DEBUG] core.logic_builder - Generated action part for rule BL02: 'PL--Sitze01-PA-Sitz f.Straffer li.kpl.mech 1 FL-Sitzplatz 1'
2025-05-15 11:32:13,082 [INFO] core.logic_builder - 已保存 2 条规则到临时文件 (C:\Users\mengy\Desktop\ZK_LogicBom_Builder\data\temp_rules_latest.json)
2025-05-15 11:32:13,083 [INFO] gui.logic_panel - LogicPanel _on_rule_change: 收到通知: 类型='added', RuleID='BL02'
2025-05-15 11:32:13,083 [DEBUG] gui.logic_panel - LogicPanel _on_rule_change: 附带的Rule对象: ID='BL02', Status='enabled', Desc='Wertfach unterm Sitzpolster → ...'
2025-05-15 11:32:13,083 [WARNING] gui.logic_panel - LogicPanel _on_rule_change (added): 插入规则 'BL02' 或其描述行后，在Treeview中检查失败。
2025-05-15 11:32:13,085 [DEBUG] gui.logic_panel - LogicPanel _on_rule_change: Treeview update_idletasks() 已调用，处理类型 'added' 完成。
2025-05-15 11:32:13,085 [INFO] core.logic_builder - 已添加规则: BL02, Desc='Wertfach unterm Sitzpolster → ...'
2025-05-15 11:32:13,085 [INFO] gui.logic_panel - 成功保存规则: BL02, 条件: K-200-000007, 影响: PL--Sitze01-10019324, 状态: RuleStatus.ENABLED
2025-05-15 11:35:09,107 [INFO] gui.logic_library_window - LogicLibrary: 已加载 2 条规则 (非层级)。
2025-05-15 11:35:09,107 [DEBUG] gui.logic_library_window - LogicLibrary _apply_filters_and_search: 开始应用筛选和搜索。清空现有Treeview项。
2025-05-15 11:35:09,108 [DEBUG] gui.logic_library_window - LogicLibrary _apply_filters_and_search: 从self.cached_rules (共 2 条) 开始迭代。
2025-05-15 11:35:09,108 [DEBUG] gui.logic_library_window - LogicLibrary _apply_filters_and_search: 准备插入规则ID 'BL01'，状态 'enabled' (显示为 '启用').
2025-05-15 11:35:09,108 [DEBUG] gui.logic_library_window - LogicLibrary _apply_filters_and_search: 准备插入规则ID 'BL02'，状态 'enabled' (显示为 '启用').
2025-05-15 11:35:09,108 [INFO] gui.logic_library_window - LogicLibrary _apply_filters_and_search: 筛选和搜索完成：显示 2/2 条规则。
