2025-04-23 10:42:25,748 [INFO] root - 程序启动，日志文件: C:\Users\mengy\Desktop\ZK_LogicBom_Builder\logs\log_20250423_104225.log
2025-04-23 10:42:25,986 [INFO] __main__ - 正在启动程序...
2025-04-23 10:42:25,986 [DEBUG] __main__ - Python版本: 3.13.2 (tags/v3.13.2:4f8bb39, Feb  4 2025, 15:23:48) [MSC v.1942 64 bit (AMD64)]
2025-04-23 10:42:25,986 [DEBUG] __main__ - 当前工作目录: C:\Users\mengy\Desktop\ZK_LogicBom_Builder
2025-04-23 10:42:25,986 [DEBUG] __main__ - src_dir路径: c:\Users\mengy\Desktop\ZK_LogicBom_Builder
2025-04-23 10:42:26,013 [INFO] __main__ - 正在创建语言选择对话框...
2025-04-23 10:42:26,991 [INFO] gui.language_dialog_tk - 已选择语言: zh
2025-04-23 10:42:27,001 [INFO] __main__ - 语言选择结果: zh
2025-04-23 10:42:27,002 [INFO] __main__ - 正在创建主题选择对话框...
2025-04-23 10:42:27,002 [DEBUG] gui.theme_dialog_tk - 创建主题选择对话框
2025-04-23 10:42:27,005 [DEBUG] gui.theme_dialog_tk - 主题选择对话框创建完成
2025-04-23 10:42:28,439 [DEBUG] gui.theme_dialog_tk - 用户选择了light主题
2025-04-23 10:42:28,460 [INFO] __main__ - 主题选择结果: light
2025-04-23 10:42:28,472 [INFO] __main__ - 正在配置主窗口...
2025-04-23 10:42:28,627 [INFO] __main__ - 开始创建MainWindow实例...
2025-04-23 10:42:28,628 [INFO] core.logic_builder - 已加载 6 条规则
2025-04-23 10:42:28,689 [INFO] __main__ - MainWindow实例创建完成
2025-04-23 10:42:29,000 [INFO] __main__ - 开始mainloop()...
2025-04-23 10:42:30,983 [INFO] core.config_processor - 找到工作表: ['TD', '0.模板&Vorlage', '1.Fahrgestell', '2.Fahrzeug allgemein', '3.Beschriftung&Kennzeichnung', '4. Anbauten&Fahrgestellarbeiten', '5. Fahrer_Mannschaftsraum', '6.Koffer', '7.Lichtmast', '8.Pumpenanlage', '9.Seilwinde&Generator', '10.Halterungen']
2025-04-23 10:42:30,984 [DEBUG] core.config_processor - 跳过工作表: TD
2025-04-23 10:42:30,984 [DEBUG] core.config_processor - 跳过工作表: 0.模板&Vorlage
2025-04-23 10:42:30,984 [INFO] core.config_processor - 处理工作表: 1.Fahrgestell -> 模块: 1.Fahrgestell
2025-04-23 10:42:31,001 [INFO] core.config_processor - 处理工作表: 2.Fahrzeug allgemein -> 模块: 2.Fahrzeug allgemein
2025-04-23 10:42:31,017 [INFO] core.config_processor - 处理工作表: 3.Beschriftung&Kennzeichnung -> 模块: 3.Beschriftung&Kennzeichnung
2025-04-23 10:42:31,033 [INFO] core.config_processor - 处理工作表: 4. Anbauten&Fahrgestellarbeiten -> 模块: 4.Anbauten&Fahrgestellarbeiten
2025-04-23 10:42:31,048 [INFO] core.config_processor - 处理工作表: 5. Fahrer_Mannschaftsraum -> 模块: 5.Fahrer_Mannschaftsraum
2025-04-23 10:42:31,069 [INFO] core.config_processor - 处理工作表: 6.Koffer -> 模块: 6.Koffer
2025-04-23 10:42:31,084 [INFO] core.config_processor - 处理工作表: 7.Lichtmast -> 模块: 7.Lichtmast
2025-04-23 10:42:31,099 [INFO] core.config_processor - 处理工作表: 8.Pumpenanlage -> 模块: 8.Pumpenanlage
2025-04-23 10:42:31,115 [INFO] core.config_processor - 处理工作表: 9.Seilwinde&Generator -> 模块: 9.Seilwinde&Generator
2025-04-23 10:42:31,130 [INFO] core.config_processor - 处理工作表: 10.Halterungen -> 模块: 10.Halterungen
2025-04-23 10:42:31,145 [INFO] gui.config_panel - 成功导入配置文件: C:/Users/mengy/Desktop/配置选项_Konfigurationsoptions.xlsm
2025-04-23 10:42:31,149 [INFO] gui.main_window_tk - 成功保存配置文件路径到app_config.json: C:/Users/mengy/Desktop/配置选项_Konfigurationsoptions.xlsm
2025-04-23 10:42:31,149 [INFO] gui.config_panel - 已保存配置文件路径到app_config.json: C:/Users/mengy/Desktop/配置选项_Konfigurationsoptions.xlsm
2025-04-23 10:42:32,683 [INFO] core.bom_processor - 开始导入BOM文件: C:/Users/mengy/Desktop/BOM映射表.xlsx
2025-04-23 10:42:32,692 [INFO] core.bom_processor - 找到工作表: ['MAX-gruppe', 'K码表', '配置', 'Sheet1']
2025-04-23 10:42:32,705 [INFO] core.bom_processor - BOM文件导入成功
2025-04-23 10:42:32,705 [INFO] gui.bom_panel - 成功导入BOM文件: C:/Users/mengy/Desktop/BOM映射表.xlsx
2025-04-23 10:42:32,706 [INFO] gui.main_window_tk - 成功保存BOM文件路径到app_config.json: C:/Users/mengy/Desktop/BOM映射表.xlsx
2025-04-23 10:42:32,706 [INFO] gui.bom_panel - 已保存BOM文件路径到app_config.json: C:/Users/mengy/Desktop/BOM映射表.xlsx
2025-04-23 10:42:40,818 [DEBUG] gui.config_panel - ConfigPanel: 双击选中项 ID: I078
2025-04-23 10:42:40,819 [DEBUG] gui.config_panel - ConfigPanel: 选中项文本: K03_02_02 Unterbodenschutz u. Hohlraumkonservierung
2025-04-23 10:42:40,820 [DEBUG] gui.config_panel - ConfigPanel: 提取的代码: K03_02_02
2025-04-23 10:42:40,821 [INFO] gui.config_panel - ConfigPanel: 准备插入K码: K03_02_02
2025-04-23 10:42:40,822 [DEBUG] gui.config_panel - ConfigPanel: 获取根窗口成功
2025-04-23 10:42:40,823 [DEBUG] gui.config_panel - ConfigPanel: 获取MainWindow实例成功
2025-04-23 10:42:40,823 [DEBUG] gui.config_panel - ConfigPanel: 找到逻辑面板
2025-04-23 10:42:40,824 [DEBUG] gui.logic_panel - LogicPanel: 开始插入代码: K03_02_02
2025-04-23 10:42:40,825 [INFO] gui.logic_panel - LogicPanel: 输入历史 - 类型: K_code, 内容: K03_02_02, 当前表达式: K03_02_02 
2025-04-23 10:42:40,826 [INFO] gui.config_panel - ConfigPanel: 成功发送代码到逻辑面板: K03_02_02
2025-04-23 10:42:43,266 [DEBUG] gui.bom_panel - BomPanel: 双击选中项 ID: I004
2025-04-23 10:42:43,267 [DEBUG] gui.bom_panel - BomPanel: 选中项文本: [2] PL-GrundKabine 10019233 - Modulkabine Standard MAN Euro 6 18T
Modul cabin standard MAN Euro 6 18T
(Z-Cab NG Alpas 3 RAL 9010
Z-Cab NG Alpas 3 RAL 9010)
2025-04-23 10:42:43,267 [INFO] gui.bom_panel - BomPanel: 提取到占位符: PL-GrundKabine, Baugruppe码: 10019233
2025-04-23 10:42:43,267 [INFO] gui.bom_panel - BomPanel: 生成的代码: PL-GrundKabine-10019233
2025-04-23 10:42:43,267 [DEBUG] gui.bom_panel - BomPanel: 获取根窗口成功
2025-04-23 10:42:43,268 [DEBUG] gui.bom_panel - BomPanel: 获取MainWindow实例成功
2025-04-23 10:42:43,268 [DEBUG] gui.bom_panel - BomPanel: 找到逻辑面板
2025-04-23 10:42:43,268 [DEBUG] gui.logic_panel - LogicPanel: 开始插入代码: PL-GrundKabine-10019233
2025-04-23 10:42:46,645 [INFO] gui.bom_panel - BomPanel: 成功发送代码到逻辑面板: PL-GrundKabine-10019233
2025-04-23 10:43:00,802 [INFO] gui.logic_panel - LogicPanel: 输入历史 - 类型: operator, 内容: AND, 当前表达式: K03_02_02  AND 
2025-04-23 10:43:09,512 [INFO] gui.logic_panel - LogicPanel: 输入历史 - 类型: operator, 内容: NOT, 当前表达式: K03_02_02  AND  NOT 
2025-04-23 10:43:15,752 [DEBUG] gui.config_panel - ConfigPanel: 双击选中项 ID: I078
2025-04-23 10:43:15,753 [DEBUG] gui.config_panel - ConfigPanel: 选中项文本: K03_02_02 Unterbodenschutz u. Hohlraumkonservierung
2025-04-23 10:43:15,754 [DEBUG] gui.config_panel - ConfigPanel: 提取的代码: K03_02_02
2025-04-23 10:43:15,754 [INFO] gui.config_panel - ConfigPanel: 准备插入K码: K03_02_02
2025-04-23 10:43:15,755 [DEBUG] gui.config_panel - ConfigPanel: 获取根窗口成功
2025-04-23 10:43:15,755 [DEBUG] gui.config_panel - ConfigPanel: 获取MainWindow实例成功
2025-04-23 10:43:15,755 [DEBUG] gui.config_panel - ConfigPanel: 找到逻辑面板
2025-04-23 10:43:15,756 [DEBUG] gui.logic_panel - LogicPanel: 开始插入代码: K03_02_02
2025-04-23 10:43:15,757 [INFO] gui.logic_panel - LogicPanel: 输入历史 - 类型: K_code, 内容: K03_02_02, 当前表达式: K03_02_02  AND  NOT K03_02_02 
2025-04-23 10:43:15,758 [INFO] gui.config_panel - ConfigPanel: 成功发送代码到逻辑面板: K03_02_02
2025-04-23 10:43:17,470 [INFO] gui.logic_panel - LogicPanel: 输入历史 - 类型: operator, 内容: →, 当前表达式: K03_02_02  AND  NOT K03_02_02  → 
2025-04-23 10:43:19,421 [DEBUG] gui.config_panel - ConfigPanel: 双击选中项 ID: I077
2025-04-23 10:43:19,422 [DEBUG] gui.config_panel - ConfigPanel: 选中项文本: K03_02_01 Unterbodenschutz
2025-04-23 10:43:19,423 [DEBUG] gui.config_panel - ConfigPanel: 提取的代码: K03_02_01
2025-04-23 10:43:19,424 [INFO] gui.config_panel - ConfigPanel: 准备插入K码: K03_02_01
2025-04-23 10:43:19,424 [DEBUG] gui.config_panel - ConfigPanel: 获取根窗口成功
2025-04-23 10:43:19,425 [DEBUG] gui.config_panel - ConfigPanel: 获取MainWindow实例成功
2025-04-23 10:43:19,426 [DEBUG] gui.config_panel - ConfigPanel: 找到逻辑面板
2025-04-23 10:43:19,427 [DEBUG] gui.logic_panel - LogicPanel: 开始插入代码: K03_02_01
2025-04-23 10:43:20,548 [INFO] gui.config_panel - ConfigPanel: 成功发送代码到逻辑面板: K03_02_01
2025-04-23 10:43:21,016 [DEBUG] gui.bom_panel - BomPanel: 双击选中项 ID: I005
2025-04-23 10:43:21,017 [DEBUG] gui.bom_panel - BomPanel: 选中项文本: [2] PL-GrundKabine 10019234 - Modulkabine Standard MAN Euro 6 18T
Modul cabin standard MAN Euro 6 18T
(Z-Cab NG Alpas 3 RAL XXXX
Z-Cab NG Alpas 3 RAL XXXX)
2025-04-23 10:43:21,018 [INFO] gui.bom_panel - BomPanel: 提取到占位符: PL-GrundKabine, Baugruppe码: 10019234
2025-04-23 10:43:21,019 [INFO] gui.bom_panel - BomPanel: 生成的代码: PL-GrundKabine-10019234
2025-04-23 10:43:21,020 [DEBUG] gui.bom_panel - BomPanel: 获取根窗口成功
2025-04-23 10:43:21,021 [DEBUG] gui.bom_panel - BomPanel: 获取MainWindow实例成功
2025-04-23 10:43:21,021 [DEBUG] gui.bom_panel - BomPanel: 找到逻辑面板
2025-04-23 10:43:21,022 [DEBUG] gui.logic_panel - LogicPanel: 开始插入代码: PL-GrundKabine-10019234
2025-04-23 10:43:21,023 [INFO] gui.logic_panel - LogicPanel: 输入历史 - 类型: BOM_code, 内容: PL-GrundKabine-10019234, 当前表达式: K03_02_02  AND  NOT K03_02_02  → PL-GrundKabine-10019234 
2025-04-23 10:43:21,023 [INFO] gui.bom_panel - BomPanel: 成功发送代码到逻辑面板: PL-GrundKabine-10019234
2025-04-23 10:43:23,272 [DEBUG] gui.bom_panel - BomPanel: 双击选中项 ID: I006
2025-04-23 10:43:23,273 [DEBUG] gui.bom_panel - BomPanel: 选中项文本: [2] PL-GrundKabine 10019235 - Modulkabine Standard MAN Euro 6
Modul cabin standard MAN Euro 6
(Z-Cab NG Alpas 3 RAL 3000
Z-Cab NG Alpas 3 RAL 3000)
2025-04-23 10:43:23,273 [INFO] gui.bom_panel - BomPanel: 提取到占位符: PL-GrundKabine, Baugruppe码: 10019235
2025-04-23 10:43:23,274 [INFO] gui.bom_panel - BomPanel: 生成的代码: PL-GrundKabine-10019235
2025-04-23 10:43:23,275 [DEBUG] gui.bom_panel - BomPanel: 获取根窗口成功
2025-04-23 10:43:23,275 [DEBUG] gui.bom_panel - BomPanel: 获取MainWindow实例成功
2025-04-23 10:43:23,276 [DEBUG] gui.bom_panel - BomPanel: 找到逻辑面板
2025-04-23 10:43:23,277 [DEBUG] gui.logic_panel - LogicPanel: 开始插入代码: PL-GrundKabine-10019235
2025-04-23 10:43:29,749 [INFO] gui.bom_panel - BomPanel: 成功发送代码到逻辑面板: PL-GrundKabine-10019235
2025-04-23 10:43:30,527 [INFO] gui.logic_panel - LogicPanel: 输入历史 - 类型: operator, 内容: AND, 当前表达式: K03_02_02  AND  NOT K03_02_02  → PL-GrundKabine-10019234  AND 
2025-04-23 10:43:31,381 [DEBUG] gui.bom_panel - BomPanel: 双击选中项 ID: I00A
2025-04-23 10:43:31,382 [DEBUG] gui.bom_panel - BomPanel: 选中项文本: [2] PL-GrundKabine 10019239 - Modulkabine Standard MB
Modul cabin standard MB
(Z-Cab NG Alpas 3 RAL 3000
Z-Cab NG Alpas 3 RAL 3000)
2025-04-23 10:43:31,382 [INFO] gui.bom_panel - BomPanel: 提取到占位符: PL-GrundKabine, Baugruppe码: 10019239
2025-04-23 10:43:31,383 [INFO] gui.bom_panel - BomPanel: 生成的代码: PL-GrundKabine-10019239
2025-04-23 10:43:31,384 [DEBUG] gui.bom_panel - BomPanel: 获取根窗口成功
2025-04-23 10:43:31,384 [DEBUG] gui.bom_panel - BomPanel: 获取MainWindow实例成功
2025-04-23 10:43:31,385 [DEBUG] gui.bom_panel - BomPanel: 找到逻辑面板
2025-04-23 10:43:31,385 [DEBUG] gui.logic_panel - LogicPanel: 开始插入代码: PL-GrundKabine-10019239
2025-04-23 10:43:31,386 [INFO] gui.logic_panel - LogicPanel: 输入历史 - 类型: BOM_code, 内容: PL-GrundKabine-10019239, 当前表达式: K03_02_02  AND  NOT K03_02_02  → PL-GrundKabine-10019234  AND PL-GrundKabine-10019239 
2025-04-23 10:43:31,387 [INFO] gui.bom_panel - BomPanel: 成功发送代码到逻辑面板: PL-GrundKabine-10019239
2025-04-23 10:43:33,186 [INFO] gui.logic_panel - LogicPanel: 输入历史 - 类型: operator, 内容: NOT, 当前表达式: K03_02_02  AND  NOT K03_02_02  → PL-GrundKabine-10019234  AND PL-GrundKabine-10019239  NOT 
2025-04-23 10:43:33,806 [INFO] gui.logic_panel - LogicPanel: 输入历史 - 类型: operator, 内容: NOT, 当前表达式: K03_02_02  AND  NOT K03_02_02  → PL-GrundKabine-10019234  AND PL-GrundKabine-10019239  NOT  NOT 
2025-04-23 10:43:34,254 [INFO] gui.logic_panel - LogicPanel: 输入历史 - 类型: operator, 内容: NOT, 当前表达式: K03_02_02  AND  NOT K03_02_02  → PL-GrundKabine-10019234  AND PL-GrundKabine-10019239  NOT  NOT  NOT 
2025-04-23 10:43:34,612 [INFO] gui.logic_panel - LogicPanel: 输入历史 - 类型: operator, 内容: NOT, 当前表达式: K03_02_02  AND  NOT K03_02_02  → PL-GrundKabine-10019234  AND PL-GrundKabine-10019239  NOT  NOT  NOT  NOT 
2025-04-23 10:43:39,548 [DEBUG] gui.config_panel - ConfigPanel: 双击选中项 ID: I077
2025-04-23 10:43:39,549 [DEBUG] gui.config_panel - ConfigPanel: 选中项文本: K03_02_01 Unterbodenschutz
2025-04-23 10:43:39,550 [DEBUG] gui.config_panel - ConfigPanel: 提取的代码: K03_02_01
2025-04-23 10:43:39,551 [INFO] gui.config_panel - ConfigPanel: 准备插入K码: K03_02_01
2025-04-23 10:43:39,552 [DEBUG] gui.config_panel - ConfigPanel: 获取根窗口成功
2025-04-23 10:43:39,553 [DEBUG] gui.config_panel - ConfigPanel: 获取MainWindow实例成功
2025-04-23 10:43:39,553 [DEBUG] gui.config_panel - ConfigPanel: 找到逻辑面板
2025-04-23 10:43:39,554 [DEBUG] gui.logic_panel - LogicPanel: 开始插入代码: K03_02_01
2025-04-23 10:43:39,555 [INFO] gui.logic_panel - LogicPanel: 输入历史 - 类型: K_code, 内容: K03_02_01, 当前表达式: K03_02_01 
2025-04-23 10:43:39,556 [INFO] gui.config_panel - ConfigPanel: 成功发送代码到逻辑面板: K03_02_01
2025-04-23 10:43:40,626 [INFO] gui.logic_panel - LogicPanel: 输入历史 - 类型: operator, 内容: NOT, 当前表达式: K03_02_01  NOT 
2025-04-23 10:43:40,847 [INFO] gui.logic_panel - LogicPanel: 输入历史 - 类型: operator, 内容: NOT, 当前表达式: K03_02_01  NOT  NOT 
2025-04-23 10:43:41,028 [INFO] gui.logic_panel - LogicPanel: 输入历史 - 类型: operator, 内容: NOT, 当前表达式: K03_02_01  NOT  NOT  NOT 
2025-04-23 10:43:41,203 [INFO] gui.logic_panel - LogicPanel: 输入历史 - 类型: operator, 内容: NOT, 当前表达式: K03_02_01  NOT  NOT  NOT  NOT 
2025-04-23 10:43:41,370 [INFO] gui.logic_panel - LogicPanel: 输入历史 - 类型: operator, 内容: NOT, 当前表达式: K03_02_01  NOT  NOT  NOT  NOT  NOT 
2025-04-23 10:44:13,810 [DEBUG] gui.config_panel - ConfigPanel: 双击选中项 ID: I07A
2025-04-23 10:44:13,811 [DEBUG] gui.config_panel - ConfigPanel: 选中项文本: K03_03_01 RAL 3000 feuerrot
2025-04-23 10:44:13,812 [DEBUG] gui.config_panel - ConfigPanel: 提取的代码: K03_03_01
2025-04-23 10:44:13,812 [INFO] gui.config_panel - ConfigPanel: 准备插入K码: K03_03_01
2025-04-23 10:44:13,813 [DEBUG] gui.config_panel - ConfigPanel: 获取根窗口成功
2025-04-23 10:44:13,813 [DEBUG] gui.config_panel - ConfigPanel: 获取MainWindow实例成功
2025-04-23 10:44:13,814 [DEBUG] gui.config_panel - ConfigPanel: 找到逻辑面板
2025-04-23 10:44:13,814 [DEBUG] gui.logic_panel - LogicPanel: 开始插入代码: K03_03_01
2025-04-23 10:44:13,814 [INFO] gui.logic_panel - LogicPanel: 输入历史 - 类型: K_code, 内容: K03_03_01, 当前表达式: K03_03_01 
2025-04-23 10:44:13,816 [INFO] gui.config_panel - ConfigPanel: 成功发送代码到逻辑面板: K03_03_01
2025-04-23 10:44:14,746 [INFO] gui.logic_panel - LogicPanel: 输入历史 - 类型: operator, 内容: AND, 当前表达式: K03_03_01  AND 
2025-04-23 10:44:17,686 [INFO] gui.logic_panel - LogicPanel: 输入历史 - 类型: operator, 内容: NOT, 当前表达式: K03_03_01  AND  NOT 
2025-04-23 10:44:18,182 [INFO] gui.logic_panel - LogicPanel: 输入历史 - 类型: operator, 内容: NOT, 当前表达式: K03_03_01  AND  NOT  NOT 
2025-04-23 10:44:18,595 [INFO] gui.logic_panel - LogicPanel: 输入历史 - 类型: operator, 内容: NOT, 当前表达式: K03_03_01  AND  NOT  NOT  NOT 
2025-04-23 10:44:18,766 [INFO] gui.logic_panel - LogicPanel: 输入历史 - 类型: operator, 内容: NOT, 当前表达式: K03_03_01  AND  NOT  NOT  NOT  NOT 
2025-04-23 10:44:18,930 [INFO] gui.logic_panel - LogicPanel: 输入历史 - 类型: operator, 内容: NOT, 当前表达式: K03_03_01  AND  NOT  NOT  NOT  NOT  NOT 
2025-04-23 10:45:28,525 [INFO] gui.logic_panel - LogicPanel: 输入历史 - 类型: bracket, 内容: (, 当前表达式: K03_03_01  AND  NOT  NOT  NOT  NOT  NOT (
2025-04-23 10:45:29,280 [INFO] gui.logic_panel - LogicPanel: 输入历史 - 类型: bracket, 内容: (, 当前表达式: K03_03_01  AND  NOT  NOT  NOT  NOT  NOT ((
2025-04-23 10:45:30,217 [INFO] gui.logic_panel - LogicPanel: 输入历史 - 类型: bracket, 内容: ), 当前表达式: K03_03_01  AND  NOT  NOT  NOT  NOT  NOT (()
2025-04-23 10:45:30,671 [INFO] gui.logic_panel - LogicPanel: 输入历史 - 类型: bracket, 内容: ), 当前表达式: K03_03_01  AND  NOT  NOT  NOT  NOT  NOT (())
2025-04-23 10:46:20,039 [DEBUG] gui.config_panel - ConfigPanel: 双击选中项 ID: I079
2025-04-23 10:46:20,040 [DEBUG] gui.config_panel - ConfigPanel: 选中项文本: F23 Lackierung Kotflügel HA
2025-04-23 10:46:20,041 [DEBUG] gui.config_panel - ConfigPanel: 提取的代码: F23
2025-04-23 10:46:20,041 [DEBUG] gui.config_panel - ConfigPanel: 忽略非K码: F23
2025-04-23 10:46:21,268 [DEBUG] gui.config_panel - ConfigPanel: 双击选中项 ID: I07A
2025-04-23 10:46:21,269 [DEBUG] gui.config_panel - ConfigPanel: 选中项文本: K03_03_01 RAL 3000 feuerrot
2025-04-23 10:46:21,269 [DEBUG] gui.config_panel - ConfigPanel: 提取的代码: K03_03_01
2025-04-23 10:46:21,269 [INFO] gui.config_panel - ConfigPanel: 准备插入K码: K03_03_01
2025-04-23 10:46:21,269 [DEBUG] gui.config_panel - ConfigPanel: 获取根窗口成功
2025-04-23 10:46:21,269 [DEBUG] gui.config_panel - ConfigPanel: 获取MainWindow实例成功
2025-04-23 10:46:21,270 [DEBUG] gui.config_panel - ConfigPanel: 找到逻辑面板
2025-04-23 10:46:21,270 [DEBUG] gui.logic_panel - LogicPanel: 开始插入代码: K03_03_01
2025-04-23 10:46:21,270 [INFO] gui.logic_panel - LogicPanel: 输入历史 - 类型: K_code, 内容: K03_03_01, 当前表达式: K03_03_01 
2025-04-23 10:46:21,270 [INFO] gui.config_panel - ConfigPanel: 成功发送代码到逻辑面板: K03_03_01
2025-04-23 10:46:24,226 [INFO] gui.logic_panel - LogicPanel: 输入历史 - 类型: operator, 内容: AND, 当前表达式: K03_03_01  AND 
2025-04-23 10:46:25,361 [DEBUG] gui.config_panel - ConfigPanel: 双击选中项 ID: I07B
2025-04-23 10:46:25,362 [DEBUG] gui.config_panel - ConfigPanel: 选中项文本: K03_03_02 RAL 3020 verkehrsrot
2025-04-23 10:46:25,363 [DEBUG] gui.config_panel - ConfigPanel: 提取的代码: K03_03_02
2025-04-23 10:46:25,363 [INFO] gui.config_panel - ConfigPanel: 准备插入K码: K03_03_02
2025-04-23 10:46:25,363 [DEBUG] gui.config_panel - ConfigPanel: 获取根窗口成功
2025-04-23 10:46:25,364 [DEBUG] gui.config_panel - ConfigPanel: 获取MainWindow实例成功
2025-04-23 10:46:25,364 [DEBUG] gui.config_panel - ConfigPanel: 找到逻辑面板
2025-04-23 10:46:25,365 [DEBUG] gui.logic_panel - LogicPanel: 开始插入代码: K03_03_02
2025-04-23 10:46:25,365 [INFO] gui.logic_panel - LogicPanel: 输入历史 - 类型: K_code, 内容: K03_03_02, 当前表达式: K03_03_01  AND K03_03_02 
2025-04-23 10:46:25,366 [INFO] gui.config_panel - ConfigPanel: 成功发送代码到逻辑面板: K03_03_02
2025-04-23 10:46:30,129 [INFO] gui.logic_panel - LogicPanel: 输入历史 - 类型: bracket, 内容: (, 当前表达式: (
2025-04-23 10:46:31,039 [DEBUG] gui.config_panel - ConfigPanel: 双击选中项 ID: I07A
2025-04-23 10:46:31,040 [DEBUG] gui.config_panel - ConfigPanel: 选中项文本: K03_03_01 RAL 3000 feuerrot
2025-04-23 10:46:31,040 [DEBUG] gui.config_panel - ConfigPanel: 提取的代码: K03_03_01
2025-04-23 10:46:31,040 [INFO] gui.config_panel - ConfigPanel: 准备插入K码: K03_03_01
2025-04-23 10:46:31,041 [DEBUG] gui.config_panel - ConfigPanel: 获取根窗口成功
2025-04-23 10:46:31,041 [DEBUG] gui.config_panel - ConfigPanel: 获取MainWindow实例成功
2025-04-23 10:46:31,042 [DEBUG] gui.config_panel - ConfigPanel: 找到逻辑面板
2025-04-23 10:46:31,042 [DEBUG] gui.logic_panel - LogicPanel: 开始插入代码: K03_03_01
2025-04-23 10:46:31,043 [INFO] gui.logic_panel - LogicPanel: 输入历史 - 类型: K_code, 内容: K03_03_01, 当前表达式: ( K03_03_01 
2025-04-23 10:46:31,043 [INFO] gui.config_panel - ConfigPanel: 成功发送代码到逻辑面板: K03_03_01
2025-04-23 10:46:32,299 [INFO] gui.logic_panel - LogicPanel: 输入历史 - 类型: operator, 内容: AND, 当前表达式: ( K03_03_01  AND 
2025-04-23 10:46:33,595 [DEBUG] gui.config_panel - ConfigPanel: 双击选中项 ID: I07A
2025-04-23 10:46:33,600 [DEBUG] gui.config_panel - ConfigPanel: 选中项文本: K03_03_01 RAL 3000 feuerrot
2025-04-23 10:46:33,601 [DEBUG] gui.config_panel - ConfigPanel: 提取的代码: K03_03_01
2025-04-23 10:46:33,602 [INFO] gui.config_panel - ConfigPanel: 准备插入K码: K03_03_01
2025-04-23 10:46:33,602 [DEBUG] gui.config_panel - ConfigPanel: 获取根窗口成功
2025-04-23 10:46:33,603 [DEBUG] gui.config_panel - ConfigPanel: 获取MainWindow实例成功
2025-04-23 10:46:33,604 [DEBUG] gui.config_panel - ConfigPanel: 找到逻辑面板
2025-04-23 10:46:33,604 [DEBUG] gui.logic_panel - LogicPanel: 开始插入代码: K03_03_01
2025-04-23 10:46:33,605 [INFO] gui.logic_panel - LogicPanel: 输入历史 - 类型: K_code, 内容: K03_03_01, 当前表达式: ( K03_03_01  AND K03_03_01 
2025-04-23 10:46:33,606 [INFO] gui.config_panel - ConfigPanel: 成功发送代码到逻辑面板: K03_03_01
2025-04-23 10:46:37,528 [INFO] gui.logic_panel - LogicPanel: 输入历史 - 类型: operator, 内容: AND, 当前表达式: ( K03_03_01  AND K03_03_01  AND 
2025-04-23 10:46:38,030 [INFO] gui.logic_panel - LogicPanel: 输入历史 - 类型: bracket, 内容: (, 当前表达式: ( K03_03_01  AND K03_03_01  AND (
2025-04-23 10:46:38,280 [INFO] gui.logic_panel - LogicPanel: 输入历史 - 类型: bracket, 内容: (, 当前表达式: ( K03_03_01  AND K03_03_01  AND ((
2025-04-23 10:46:45,044 [INFO] gui.logic_panel - LogicPanel: 输入历史 - 类型: bracket, 内容: (, 当前表达式: ( K03_03_01  AND K03_03_01  AND(
2025-04-23 10:46:52,461 [INFO] gui.logic_panel - LogicPanel: 输入历史 - 类型: operator, 内容: AND, 当前表达式: ( K03_03_01  AND K03_03_01  AND 
2025-04-23 10:46:52,875 [INFO] gui.logic_panel - LogicPanel: 输入历史 - 类型: bracket, 内容: (, 当前表达式: ( K03_03_01  AND K03_03_01  AND (
2025-04-23 10:46:54,970 [INFO] gui.logic_panel - LogicPanel: 输入历史 - 类型: bracket, 内容: (, 当前表达式: ( K03_03_01  AND K03_03_01  AND ((
2025-04-23 10:47:34,977 [INFO] gui.logic_panel - LogicPanel: 输入历史 - 类型: bracket, 内容: ), 当前表达式: ( K03_03_01  AND K03_03_01  AND (()
2025-04-23 10:47:35,170 [INFO] gui.logic_panel - LogicPanel: 输入历史 - 类型: bracket, 内容: ), 当前表达式: ( K03_03_01  AND K03_03_01  AND (())
2025-04-23 10:47:35,631 [INFO] gui.logic_panel - LogicPanel: 输入历史 - 类型: bracket, 内容: ), 当前表达式: ( K03_03_01  AND K03_03_01  AND (()))
2025-04-23 10:47:39,452 [DEBUG] gui.config_panel - ConfigPanel: 双击选中项 ID: I076
2025-04-23 10:47:39,453 [DEBUG] gui.config_panel - ConfigPanel: 选中项文本: F22 Korrosionsschutz
2025-04-23 10:47:39,454 [DEBUG] gui.config_panel - ConfigPanel: 提取的代码: F22
2025-04-23 10:47:39,455 [DEBUG] gui.config_panel - ConfigPanel: 忽略非K码: F22
2025-04-23 10:47:41,216 [DEBUG] gui.config_panel - ConfigPanel: 双击选中项 ID: I077
2025-04-23 10:47:41,217 [DEBUG] gui.config_panel - ConfigPanel: 选中项文本: K03_02_01 Unterbodenschutz
2025-04-23 10:47:41,217 [DEBUG] gui.config_panel - ConfigPanel: 提取的代码: K03_02_01
2025-04-23 10:47:41,218 [INFO] gui.config_panel - ConfigPanel: 准备插入K码: K03_02_01
2025-04-23 10:47:41,219 [DEBUG] gui.config_panel - ConfigPanel: 获取根窗口成功
2025-04-23 10:47:41,219 [DEBUG] gui.config_panel - ConfigPanel: 获取MainWindow实例成功
2025-04-23 10:47:41,220 [DEBUG] gui.config_panel - ConfigPanel: 找到逻辑面板
2025-04-23 10:47:41,220 [DEBUG] gui.logic_panel - LogicPanel: 开始插入代码: K03_02_01
2025-04-23 10:47:41,221 [INFO] gui.logic_panel - LogicPanel: 输入历史 - 类型: K_code, 内容: K03_02_01, 当前表达式: K03_02_01 
2025-04-23 10:47:41,221 [INFO] gui.config_panel - ConfigPanel: 成功发送代码到逻辑面板: K03_02_01
2025-04-23 10:47:42,090 [INFO] gui.logic_panel - LogicPanel: 输入历史 - 类型: operator, 内容: AND, 当前表达式: K03_02_01  AND 
