2025-05-05 14:52:59,763 [INFO] root - 程序启动，日志文件: C:\Users\mengy\Desktop\ZK_LogicBom_Builder\logs\log_20250505_145259.log
2025-05-05 14:53:00,022 [INFO] __main__ - 正在启动程序...
2025-05-05 14:53:00,022 [DEBUG] __main__ - Python版本: 3.13.2 (tags/v3.13.2:4f8bb39, Feb  4 2025, 15:23:48) [MSC v.1942 64 bit (AMD64)]
2025-05-05 14:53:00,022 [DEBUG] __main__ - 当前工作目录: C:\Users\mengy\Desktop\ZK_LogicBom_Builder
2025-05-05 14:53:00,022 [DEBUG] __main__ - src_dir路径: c:\Users\mengy\Desktop\ZK_LogicBom_Builder
2025-05-05 14:53:00,046 [INFO] __main__ - 正在创建语言选择对话框...
2025-05-05 14:53:01,220 [INFO] gui.language_dialog_tk - 已选择语言: zh
2025-05-05 14:53:01,243 [INFO] __main__ - 语言选择结果: zh
2025-05-05 14:53:01,244 [INFO] __main__ - 正在创建主题选择对话框...
2025-05-05 14:53:01,244 [DEBUG] gui.theme_dialog_tk - 创建主题选择对话框
2025-05-05 14:53:01,254 [DEBUG] gui.theme_dialog_tk - 主题选择对话框创建完成
2025-05-05 14:53:01,918 [DEBUG] gui.theme_dialog_tk - 用户选择了light主题
2025-05-05 14:53:01,938 [INFO] __main__ - 主题选择结果: light
2025-05-05 14:53:01,940 [INFO] __main__ - 正在配置主窗口...
2025-05-05 14:53:02,056 [INFO] __main__ - 开始创建MainWindow实例...
2025-05-05 14:53:02,057 [INFO] core.logic_builder - 已加载 0 条规则
2025-05-05 14:53:02,118 [INFO] gui.logic_panel - 规则未加载状态，等待用户确认后再加载规则
2025-05-05 14:53:02,126 [INFO] __main__ - MainWindow实例创建完成
2025-05-05 14:53:02,321 [INFO] __main__ - 开始mainloop()...
2025-05-05 14:53:03,796 [INFO] core.config_processor - 找到工作表: ['1.Kabine']
2025-05-05 14:53:03,796 [INFO] core.config_processor - 处理工作表: 1.Kabine -> 模块: 1.Kabine
2025-05-05 14:53:03,818 [INFO] gui.config_panel - 成功导入配置文件: C:/Users/mengy/Desktop/Kabinemekrmal(Test).xlsx
2025-05-05 14:53:03,821 [INFO] gui.main_window_tk - 成功保存配置文件路径到app_config.json: C:/Users/mengy/Desktop/Kabinemekrmal(Test).xlsx
2025-05-05 14:53:03,821 [INFO] gui.config_panel - 已保存配置文件路径到app_config.json: C:/Users/mengy/Desktop/Kabinemekrmal(Test).xlsx
2025-05-05 14:53:05,043 [INFO] core.bom_processor - 开始导入BOM文件: C:/Users/mengy/Desktop/Bom.xlsx
2025-05-05 14:53:05,044 [INFO] core.bom_processor - 已清空现有数据
2025-05-05 14:53:05,044 [INFO] core.bom_processor - 正在读取Excel文件...
2025-05-05 14:53:05,048 [INFO] core.bom_processor - 成功打开Excel文件，包含以下工作表: ['Max-Gruppe']
2025-05-05 14:53:05,048 [INFO] core.bom_processor - 正在读取 Max-Gruppe 工作表...
2025-05-05 14:53:05,057 [INFO] core.bom_processor - 成功读取工作表，共 154 行数据
2025-05-05 14:53:05,057 [INFO] core.bom_processor - 所有必需列均存在，开始处理数据...
2025-05-05 14:53:05,058 [INFO] core.bom_processor - 过滤空层级后剩余 153 行数据
2025-05-05 14:53:05,059 [INFO] core.bom_processor - 
开始处理数据...
2025-05-05 14:53:05,062 [INFO] core.bom_processor - 
数据处理完成，成功处理 {processed_count} 行数据
2025-05-05 14:53:05,062 [INFO] core.bom_processor - 第 1 级节点数量: 1
2025-05-05 14:53:05,063 [INFO] core.bom_processor - 第 2 级节点数量: 133
2025-05-05 14:53:05,063 [INFO] core.bom_processor - 第 3 级节点数量: 19
2025-05-05 14:53:05,063 [INFO] core.bom_processor - BOM文件导入成功，共处理 153 个项目
2025-05-05 14:53:05,063 [INFO] gui.bom_panel - 成功导入BOM文件: C:/Users/mengy/Desktop/Bom.xlsx
2025-05-05 14:53:05,064 [INFO] gui.bom_panel - 开始刷新树状图
2025-05-05 14:53:05,065 [INFO] gui.bom_panel - 树状图刷新完成
2025-05-05 14:53:05,066 [INFO] gui.main_window_tk - 成功保存BOM文件路径到app_config.json: C:/Users/mengy/Desktop/Bom.xlsx
2025-05-05 14:53:05,066 [INFO] gui.bom_panel - 已保存BOM文件路径到app_config.json: C:/Users/mengy/Desktop/Bom.xlsx
2025-05-05 14:53:10,289 [DEBUG] gui.bom_panel - BomPanel: 选中项文本: [1] PL-Kabine
2025-05-05 14:53:11,231 [DEBUG] gui.bom_panel - BomPanel: 选中项文本: [1] PL-Kabine
2025-05-05 14:53:14,135 [DEBUG] gui.bom_panel - BomPanel: 选中项文本: [2] PL-GrundKabine
2025-05-05 14:53:23,995 [DEBUG] gui.config_panel - ConfigPanel: 双击选中项 ID: I003
2025-05-05 14:53:23,996 [DEBUG] gui.config_panel - ConfigPanel: 选中项文本: K-200-000000 Fzg: 9 Plätze
2025-05-05 14:53:23,997 [DEBUG] gui.config_panel - ConfigPanel: 提取的代码: K-200-000000
2025-05-05 14:53:23,998 [INFO] gui.config_panel - ConfigPanel: 准备插入特征值: K-200-000000
2025-05-05 14:53:23,999 [DEBUG] gui.config_panel - ConfigPanel: 获取根窗口成功
2025-05-05 14:53:24,000 [DEBUG] gui.config_panel - ConfigPanel: 获取MainWindow实例成功
2025-05-05 14:53:24,001 [DEBUG] gui.config_panel - ConfigPanel: 找到逻辑面板
2025-05-05 14:53:24,001 [DEBUG] gui.logic_panel - LogicPanel: 开始插入代码: K-200-000000
2025-05-05 14:53:24,003 [INFO] gui.logic_panel - LogicPanel: 输入历史 - 类型: K_code, 内容: K-200-000000, 当前表达式: K-200-000000 
2025-05-05 14:53:24,003 [INFO] gui.config_panel - ConfigPanel: 成功发送代码到逻辑面板: K-200-000000
2025-05-05 14:53:27,646 [INFO] gui.logic_panel - LogicPanel: 输入历史 - 类型: operator, 内容: →, 当前表达式: K-200-000000  → 
2025-05-05 14:53:28,487 [DEBUG] gui.bom_panel - BomPanel: 选中项文本: 1123244
Einzelsitz Std Airbag Stra.li. / single seat std. airbag tensioner le.
Z-Cab NG / Z-Cab NG
2025-05-05 14:53:28,488 [DEBUG] gui.bom_panel - BomPanel: 提取到Baugruppe: 1123244
2025-05-05 14:53:28,489 [DEBUG] gui.bom_panel - BomPanel: 提取到占位符: PL-Sitze01
2025-05-05 14:53:28,490 [DEBUG] gui.bom_panel - BomPanel: 构建的BOM码: PL-Sitze01-1123244
2025-05-05 14:53:28,491 [DEBUG] gui.bom_panel - BomPanel: 获取根窗口成功
2025-05-05 14:53:28,491 [DEBUG] gui.bom_panel - BomPanel: 获取MainWindow实例成功
2025-05-05 14:53:28,492 [DEBUG] gui.bom_panel - BomPanel: 找到逻辑面板
2025-05-05 14:53:28,493 [DEBUG] gui.logic_panel - LogicPanel: 开始插入代码: PL-Sitze01-1123244
2025-05-05 14:53:28,494 [DEBUG] gui.logic_panel - 验证BOM码: PL-Sitze01-1123244
2025-05-05 14:53:28,495 [INFO] gui.logic_panel - LogicPanel: 输入历史 - 类型: BOM_code, 内容: PL-Sitze01-1123244, 当前表达式: K-200-000000  → PL-Sitze01-1123244 
2025-05-05 14:53:28,496 [INFO] gui.bom_panel - BomPanel: 成功发送代码到逻辑面板: PL-Sitze01-1123244
2025-05-05 14:53:28,496 [INFO] gui.bom_panel - BomPanel: 成功插入BOM码: PL-Sitze01-1123244
2025-05-05 14:53:29,381 [INFO] gui.logic_panel - 创建新的BOM逻辑规则ID: BL01
2025-05-05 14:53:29,383 [DEBUG] core.logic_builder - 规则数据已保存到临时文件
2025-05-05 14:53:29,383 [INFO] gui.logic_panel - 收到规则变更事件: type=added, rule_id=BL01
2025-05-05 14:53:29,384 [INFO] gui.logic_panel - 已添加新规则: BL01
2025-05-05 14:53:29,384 [INFO] gui.logic_panel - 成功保存规则: BL01, 条件: K-200-000000, 影响: PL-Sitze01-1123244
2025-05-05 14:53:31,123 [DEBUG] gui.config_panel - ConfigPanel: 双击选中项 ID: I22A
2025-05-05 14:53:31,124 [DEBUG] gui.config_panel - ConfigPanel: 选中项文本: HBG_200_01010 Sitzplatzvariante
2025-05-05 14:53:31,125 [DEBUG] gui.config_panel - ConfigPanel: 提取的代码: HBG_200_01010
2025-05-05 14:53:31,126 [DEBUG] gui.config_panel - ConfigPanel: 忽略非特征值: HBG_200_01010
2025-05-05 14:53:32,677 [DEBUG] gui.config_panel - ConfigPanel: 双击选中项 ID: I22C
2025-05-05 14:53:32,679 [DEBUG] gui.config_panel - ConfigPanel: 选中项文本: K-200-000301 Bostrom Integra Sitze
2025-05-05 14:53:32,680 [DEBUG] gui.config_panel - ConfigPanel: 提取的代码: K-200-000301
2025-05-05 14:53:32,681 [INFO] gui.config_panel - ConfigPanel: 准备插入特征值: K-200-000301
2025-05-05 14:53:32,682 [DEBUG] gui.config_panel - ConfigPanel: 获取根窗口成功
2025-05-05 14:53:32,683 [DEBUG] gui.config_panel - ConfigPanel: 获取MainWindow实例成功
2025-05-05 14:53:32,684 [DEBUG] gui.config_panel - ConfigPanel: 找到逻辑面板
2025-05-05 14:53:32,685 [DEBUG] gui.logic_panel - LogicPanel: 开始插入代码: K-200-000301
2025-05-05 14:53:32,686 [INFO] gui.logic_panel - LogicPanel: 输入历史 - 类型: K_code, 内容: K-200-000301, 当前表达式: K-200-000301 
2025-05-05 14:53:32,687 [INFO] gui.config_panel - ConfigPanel: 成功发送代码到逻辑面板: K-200-000301
2025-05-05 14:53:33,781 [INFO] gui.logic_panel - LogicPanel: 输入历史 - 类型: operator, 内容: →, 当前表达式: K-200-000301  → 
2025-05-05 14:53:38,870 [INFO] gui.logic_panel - 创建CHANGE PRICE微调逻辑: CHANGE PRICE +5000
2025-05-05 14:53:38,871 [INFO] gui.logic_panel - 成功插入微调逻辑到表达式: K-200-000301 →  CHANGE PRICE +5000
2025-05-05 14:53:39,895 [INFO] gui.logic_panel - 创建新的微调逻辑规则ID: TL01
2025-05-05 14:53:39,897 [DEBUG] core.logic_builder - 规则数据已保存到临时文件
2025-05-05 14:53:39,897 [INFO] gui.logic_panel - 收到规则变更事件: type=added, rule_id=TL01
2025-05-05 14:53:39,898 [INFO] gui.logic_panel - 已添加新规则: TL01
2025-05-05 14:53:39,899 [INFO] gui.logic_panel - 成功保存规则: TL01, 条件: K-200-000301, 影响: CHANGE PRICE +5000
2025-05-05 14:53:45,644 [INFO] core.logic_builder - 准备从临时文件加载规则: C:\Users\mengy\Desktop\ZK_LogicBom_Builder\data\temp_rules_latest.json
2025-05-05 14:53:45,645 [INFO] gui.logic_panel - 收到规则变更事件: type=imported, rule_id=None
2025-05-05 14:53:45,646 [INFO] gui.logic_panel - 规则未加载状态，等待用户确认
2025-05-05 14:53:45,646 [INFO] core.logic_builder - 从临时文件加载规则完成
2025-05-05 14:53:45,647 [INFO] gui.logic_library_window - 已加载 2 条规则
2025-05-05 14:53:49,601 [INFO] gui.logic_library_window - 搜索 'K' 完成：显示 2/2 条规则
2025-05-05 14:53:50,741 [INFO] gui.logic_library_window - 搜索 'K2' 完成：显示 0/2 条规则
2025-05-05 14:53:52,679 [INFO] gui.logic_library_window - 搜索 'K' 完成：显示 2/2 条规则
2025-05-05 14:53:54,060 [INFO] gui.logic_library_window - 搜索 'K-' 完成：显示 2/2 条规则
2025-05-05 14:53:55,158 [INFO] gui.logic_library_window - 搜索 'K-2' 完成：显示 2/2 条规则
2025-05-05 14:53:55,679 [INFO] gui.logic_library_window - 搜索 'K-20' 完成：显示 2/2 条规则
2025-05-05 14:53:55,876 [INFO] gui.logic_library_window - 搜索 'K-200' 完成：显示 2/2 条规则
2025-05-05 14:53:56,536 [INFO] gui.logic_library_window - 搜索 'K-2000' 完成：显示 0/2 条规则
2025-05-05 14:53:58,230 [INFO] gui.logic_library_window - 搜索 'K-200' 完成：显示 2/2 条规则
2025-05-05 14:53:58,914 [INFO] gui.logic_library_window - 搜索 'K-200-' 完成：显示 2/2 条规则
2025-05-05 14:53:59,248 [INFO] gui.logic_library_window - 搜索 'K-200-0' 完成：显示 2/2 条规则
2025-05-05 14:53:59,435 [INFO] gui.logic_library_window - 搜索 'K-200-00' 完成：显示 2/2 条规则
2025-05-05 14:53:59,972 [INFO] gui.logic_library_window - 搜索 'K-200-003' 完成：显示 0/2 条规则
2025-05-05 14:54:01,176 [INFO] gui.logic_library_window - 搜索 'K-200-00' 完成：显示 2/2 条规则
2025-05-05 14:54:01,840 [INFO] gui.logic_library_window - 搜索 'K-200-000' 完成：显示 2/2 条规则
2025-05-05 14:54:02,135 [INFO] gui.logic_library_window - 搜索 'K-200-0003' 完成：显示 1/2 条规则
2025-05-05 14:54:04,647 [INFO] gui.logic_library_window - 搜索 'K-200-000' 完成：显示 2/2 条规则
2025-05-05 14:54:04,857 [INFO] gui.logic_library_window - 搜索 'K-200-00' 完成：显示 2/2 条规则
2025-05-05 14:54:05,088 [INFO] gui.logic_library_window - 搜索 'K-200-0' 完成：显示 2/2 条规则
2025-05-05 14:54:05,543 [INFO] gui.logic_library_window - 搜索 'K-200-' 完成：显示 2/2 条规则
2025-05-05 14:54:05,831 [INFO] gui.logic_library_window - 搜索 'K-200' 完成：显示 2/2 条规则
2025-05-05 14:54:06,145 [INFO] gui.logic_library_window - 搜索 'K-20' 完成：显示 2/2 条规则
2025-05-05 14:54:08,695 [INFO] gui.logic_library_window - 搜索 'K-2' 完成：显示 2/2 条规则
2025-05-05 14:54:08,889 [INFO] gui.logic_library_window - 搜索 'K-' 完成：显示 2/2 条规则
2025-05-05 14:54:09,090 [INFO] gui.logic_library_window - 搜索 'K' 完成：显示 2/2 条规则
2025-05-05 14:54:09,314 [INFO] gui.logic_library_window - 已显示所有规则（共 2 条）
2025-05-05 14:54:43,961 [DEBUG] gui.config_panel - ConfigPanel: 双击选中项 ID: I22B
2025-05-05 14:54:43,963 [DEBUG] gui.config_panel - ConfigPanel: 选中项文本: K-200-000300 Ziegler Standardsitze
2025-05-05 14:54:43,964 [DEBUG] gui.config_panel - ConfigPanel: 提取的代码: K-200-000300
2025-05-05 14:54:43,965 [INFO] gui.config_panel - ConfigPanel: 准备插入特征值: K-200-000300
2025-05-05 14:54:43,966 [DEBUG] gui.config_panel - ConfigPanel: 获取根窗口成功
2025-05-05 14:54:43,967 [DEBUG] gui.config_panel - ConfigPanel: 获取MainWindow实例成功
2025-05-05 14:54:43,968 [DEBUG] gui.config_panel - ConfigPanel: 找到逻辑面板
2025-05-05 14:54:43,969 [DEBUG] gui.logic_panel - LogicPanel: 开始插入代码: K-200-000300
2025-05-05 14:54:43,970 [INFO] gui.logic_panel - LogicPanel: 输入历史 - 类型: K_code, 内容: K-200-000300, 当前表达式: K-200-000300 
2025-05-05 14:54:43,971 [INFO] gui.config_panel - ConfigPanel: 成功发送代码到逻辑面板: K-200-000300
2025-05-05 14:54:44,801 [INFO] gui.logic_panel - LogicPanel: 输入历史 - 类型: operator, 内容: →, 当前表达式: K-200-000300  → 
2025-05-05 14:54:47,771 [INFO] gui.logic_panel - 创建ON ADD微调逻辑: ON 12312 ADD 12312312
2025-05-05 14:54:47,772 [INFO] gui.logic_panel - 成功插入微调逻辑到表达式: K-200-000300 →  ON 12312 ADD 12312312
2025-05-05 14:54:55,759 [WARNING] gui.logic_panel - CHANGE PRICE格式错误: 213123
2025-05-05 14:55:06,555 [WARNING] gui.logic_panel - CHANGE PRICE格式错误: 123，23123
2025-05-05 14:55:19,249 [INFO] gui.logic_panel - 创建ON ADD微调逻辑: ON 你好 ADD 123
2025-05-05 14:55:19,250 [INFO] gui.logic_panel - 成功插入微调逻辑到表达式: K-200-000300 → ON 12312 ADD 12312312 ON 你好 ADD 123
2025-05-05 14:55:30,381 [INFO] gui.logic_panel - LogicPanel: 输入历史 - 类型: delete, 内容: 123, 当前表达式: K-200-000300 → ON 12312 ADD 12312312 ON 你好 ADD  
2025-05-05 14:55:34,731 [DEBUG] gui.bom_panel - BomPanel: 选中项文本: [2] PL-GrundKabine
2025-05-05 14:55:36,941 [DEBUG] gui.bom_panel - BomPanel: 选中项文本: [2] PL-Sitze03
