2025-04-29 14:25:52,386 [INFO] root - 程序启动，日志文件: C:\Users\mengy\Desktop\ZK_LogicBom_Builder\logs\log_20250429_142552.log
2025-04-29 14:25:52,650 [INFO] __main__ - 正在启动程序...
2025-04-29 14:25:52,650 [DEBUG] __main__ - Python版本: 3.13.2 (tags/v3.13.2:4f8bb39, Feb  4 2025, 15:23:48) [MSC v.1942 64 bit (AMD64)]
2025-04-29 14:25:52,650 [DEBUG] __main__ - 当前工作目录: C:\Users\mengy\Desktop\ZK_LogicBom_Builder
2025-04-29 14:25:52,650 [DEBUG] __main__ - src_dir路径: c:\Users\mengy\Desktop\ZK_LogicBom_Builder
2025-04-29 14:25:52,673 [INFO] __main__ - 正在创建语言选择对话框...
2025-04-29 14:25:53,732 [INFO] gui.language_dialog_tk - 已选择语言: zh
2025-04-29 14:25:53,751 [INFO] __main__ - 语言选择结果: zh
2025-04-29 14:25:53,751 [INFO] __main__ - 正在创建主题选择对话框...
2025-04-29 14:25:53,751 [DEBUG] gui.theme_dialog_tk - 创建主题选择对话框
2025-04-29 14:25:53,759 [DEBUG] gui.theme_dialog_tk - 主题选择对话框创建完成
2025-04-29 14:25:54,850 [DEBUG] gui.theme_dialog_tk - 用户选择了light主题
2025-04-29 14:25:54,861 [INFO] __main__ - 主题选择结果: light
2025-04-29 14:25:54,863 [INFO] __main__ - 正在配置主窗口...
2025-04-29 14:25:54,986 [INFO] __main__ - 开始创建MainWindow实例...
2025-04-29 14:25:54,987 [INFO] core.logic_builder - 已加载 3 条规则
2025-04-29 14:25:55,019 [INFO] gui.logic_panel - 规则未加载状态，等待用户确认后再加载规则
2025-04-29 14:25:55,026 [INFO] __main__ - MainWindow实例创建完成
2025-04-29 14:25:55,284 [INFO] __main__ - 开始mainloop()...
2025-04-29 14:25:57,284 [INFO] core.config_processor - 找到工作表: ['1.Kabine']
2025-04-29 14:25:57,285 [INFO] core.config_processor - 处理工作表: 1.Kabine -> 模块: 1.Kabine
2025-04-29 14:25:57,306 [INFO] gui.config_panel - 成功导入配置文件: C:/Users/mengy/Desktop/Kabinemekrmal(Test).xlsx
2025-04-29 14:25:57,309 [INFO] gui.main_window_tk - 成功保存配置文件路径到app_config.json: C:/Users/mengy/Desktop/Kabinemekrmal(Test).xlsx
2025-04-29 14:25:57,309 [INFO] gui.config_panel - 已保存配置文件路径到app_config.json: C:/Users/mengy/Desktop/Kabinemekrmal(Test).xlsx
2025-04-29 14:25:58,569 [INFO] core.bom_processor - 开始导入BOM文件: C:/Users/mengy/Desktop/Bom.xlsx
2025-04-29 14:25:58,569 [INFO] core.bom_processor - 已清空现有数据
2025-04-29 14:25:58,569 [INFO] core.bom_processor - 正在读取Excel文件...
2025-04-29 14:25:58,573 [INFO] core.bom_processor - 成功打开Excel文件，包含以下工作表: ['Max-Gruppe']
2025-04-29 14:25:58,573 [INFO] core.bom_processor - 正在读取 Max-Gruppe 工作表...
2025-04-29 14:25:58,582 [INFO] core.bom_processor - 成功读取工作表，共 154 行数据
2025-04-29 14:25:58,583 [INFO] core.bom_processor - 所有必需列均存在，开始处理数据...
2025-04-29 14:25:58,583 [INFO] core.bom_processor - 过滤空层级后剩余 153 行数据
2025-04-29 14:25:58,584 [INFO] core.bom_processor - 
开始处理数据...
2025-04-29 14:25:58,587 [INFO] core.bom_processor - 
数据处理完成，成功处理 {processed_count} 行数据
2025-04-29 14:25:58,588 [INFO] core.bom_processor - 第 1 级节点数量: 1
2025-04-29 14:25:58,588 [INFO] core.bom_processor - 第 2 级节点数量: 133
2025-04-29 14:25:58,588 [INFO] core.bom_processor - 第 3 级节点数量: 19
2025-04-29 14:25:58,588 [INFO] core.bom_processor - BOM文件导入成功，共处理 153 个项目
2025-04-29 14:25:58,588 [INFO] gui.bom_panel - 成功导入BOM文件: C:/Users/mengy/Desktop/Bom.xlsx
2025-04-29 14:25:58,589 [INFO] gui.bom_panel - 开始刷新树状图
2025-04-29 14:25:58,589 [INFO] gui.bom_panel - 树状图刷新完成
2025-04-29 14:25:58,590 [INFO] gui.main_window_tk - 成功保存BOM文件路径到app_config.json: C:/Users/mengy/Desktop/Bom.xlsx
2025-04-29 14:25:58,590 [INFO] gui.bom_panel - 已保存BOM文件路径到app_config.json: C:/Users/mengy/Desktop/Bom.xlsx
2025-04-29 14:25:59,904 [INFO] gui.main_window_tk - 用户确认加载规则，设置规则已加载标志为True
2025-04-29 14:25:59,905 [INFO] core.logic_builder - 准备从临时文件加载规则: C:\Users\mengy\Desktop\ZK_LogicBom_Builder\data\temp_rules_latest.json
2025-04-29 14:25:59,905 [INFO] gui.logic_panel - 收到规则变更事件: type=imported, rule_id=None
2025-04-29 14:25:59,905 [INFO] gui.logic_panel - 规则已加载状态，开始更新已保存规则框架
2025-04-29 14:25:59,906 [INFO] gui.logic_panel - 开始加载规则到已保存规则框架
2025-04-29 14:25:59,906 [DEBUG] gui.logic_panel - 从LogicBuilder获取到 3 条规则
2025-04-29 14:25:59,906 [DEBUG] gui.logic_panel - 添加规则ID: 1 到已使用集合
2025-04-29 14:25:59,907 [DEBUG] gui.logic_panel - 添加规则ID: 2 到已使用集合
2025-04-29 14:25:59,907 [DEBUG] gui.logic_panel - 添加规则ID: 3 到已使用集合
2025-04-29 14:25:59,907 [INFO] gui.logic_panel - 成功加载 3 条规则到已保存规则框架
2025-04-29 14:25:59,907 [INFO] core.logic_builder - 从临时文件加载规则完成
2025-04-29 14:25:59,907 [INFO] gui.main_window_tk - 开始刷新逻辑面板显示
2025-04-29 14:25:59,907 [INFO] gui.logic_panel - 开始加载规则到已保存规则框架
2025-04-29 14:25:59,907 [DEBUG] gui.logic_panel - 从LogicBuilder获取到 3 条规则
2025-04-29 14:25:59,908 [DEBUG] gui.logic_panel - 添加规则ID: 1 到已使用集合
2025-04-29 14:25:59,908 [DEBUG] gui.logic_panel - 添加规则ID: 2 到已使用集合
2025-04-29 14:25:59,908 [DEBUG] gui.logic_panel - 添加规则ID: 3 到已使用集合
2025-04-29 14:25:59,908 [INFO] gui.logic_panel - 成功加载 3 条规则到已保存规则框架
2025-04-29 14:25:59,908 [INFO] gui.main_window_tk - 逻辑面板显示刷新完成
2025-04-29 14:26:02,948 [INFO] core.logic_builder - 准备从临时文件加载规则: C:\Users\mengy\Desktop\ZK_LogicBom_Builder\data\temp_rules_latest.json
2025-04-29 14:26:02,949 [INFO] gui.logic_panel - 收到规则变更事件: type=imported, rule_id=None
2025-04-29 14:26:02,949 [INFO] gui.logic_panel - 规则已加载状态，开始更新已保存规则框架
2025-04-29 14:26:02,950 [INFO] gui.logic_panel - 开始加载规则到已保存规则框架
2025-04-29 14:26:02,950 [DEBUG] gui.logic_panel - 从LogicBuilder获取到 3 条规则
2025-04-29 14:26:02,950 [DEBUG] gui.logic_panel - 添加规则ID: 1 到已使用集合
2025-04-29 14:26:02,951 [DEBUG] gui.logic_panel - 添加规则ID: 2 到已使用集合
2025-04-29 14:26:02,951 [DEBUG] gui.logic_panel - 添加规则ID: 3 到已使用集合
2025-04-29 14:26:02,951 [INFO] gui.logic_panel - 成功加载 3 条规则到已保存规则框架
2025-04-29 14:26:02,951 [INFO] core.logic_builder - 从临时文件加载规则完成
2025-04-29 14:26:02,951 [INFO] gui.logic_library_window - 已加载 3 条规则
2025-04-29 14:26:05,041 [INFO] gui.logic_library_window - 搜索 '1' 完成：显示 2/3 条规则
2025-04-29 14:26:05,861 [INFO] gui.logic_library_window - 搜索 '11' 完成：显示 0/3 条规则
2025-04-29 14:26:07,661 [INFO] gui.logic_library_window - 搜索 '1' 完成：显示 2/3 条规则
2025-04-29 14:26:09,155 [INFO] gui.logic_library_window - 已显示所有规则（共 3 条）
2025-04-29 14:26:10,106 [INFO] gui.logic_library_window - 搜索 'K' 完成：显示 3/3 条规则
2025-04-29 14:26:12,051 [INFO] gui.logic_library_window - 搜索 'K-' 完成：显示 3/3 条规则
2025-04-29 14:26:13,599 [INFO] gui.logic_library_window - 搜索 'K-2' 完成：显示 3/3 条规则
2025-04-29 14:26:14,572 [INFO] gui.logic_library_window - 搜索 'K-21' 完成：显示 0/3 条规则
2025-04-29 14:26:15,571 [INFO] gui.logic_library_window - 搜索 'K-2' 完成：显示 3/3 条规则
2025-04-29 14:26:15,836 [INFO] gui.logic_library_window - 搜索 'K-20' 完成：显示 3/3 条规则
2025-04-29 14:26:16,013 [INFO] gui.logic_library_window - 搜索 'K-200' 完成：显示 3/3 条规则
2025-04-29 14:26:16,426 [INFO] gui.logic_library_window - 搜索 'K-200-' 完成：显示 3/3 条规则
2025-04-29 14:26:16,971 [INFO] gui.logic_library_window - 搜索 'K-200-0' 完成：显示 3/3 条规则
2025-04-29 14:26:17,287 [INFO] gui.logic_library_window - 搜索 'K-200-00' 完成：显示 3/3 条规则
2025-04-29 14:26:17,974 [INFO] gui.logic_library_window - 搜索 'K-200-000' 完成：显示 3/3 条规则
2025-04-29 14:26:18,990 [INFO] gui.logic_library_window - 搜索 'K-200-0000' 完成：显示 1/3 条规则
2025-04-29 14:26:19,734 [INFO] gui.logic_library_window - 搜索 'K-200-000' 完成：显示 3/3 条规则
2025-04-29 14:26:21,485 [INFO] gui.logic_library_window - 搜索 'K-200-0001' 完成：显示 1/3 条规则
2025-04-29 14:26:22,169 [INFO] gui.logic_library_window - 搜索 'K-200-000' 完成：显示 3/3 条规则
2025-04-29 14:26:23,564 [INFO] gui.logic_library_window - 搜索 'K-200-0003' 完成：显示 1/3 条规则
2025-04-29 14:26:24,170 [INFO] gui.logic_library_window - 搜索 'K-200-000' 完成：显示 3/3 条规则
2025-04-29 14:26:24,589 [INFO] gui.logic_library_window - 搜索 'K-200-00' 完成：显示 3/3 条规则
2025-04-29 14:26:25,092 [INFO] gui.logic_library_window - 搜索 'K-200-0' 完成：显示 3/3 条规则
2025-04-29 14:26:25,125 [INFO] gui.logic_library_window - 搜索 'K-200-' 完成：显示 3/3 条规则
2025-04-29 14:26:25,152 [INFO] gui.logic_library_window - 搜索 'K-200' 完成：显示 3/3 条规则
2025-04-29 14:26:25,194 [INFO] gui.logic_library_window - 搜索 'K-20' 完成：显示 3/3 条规则
2025-04-29 14:26:25,218 [INFO] gui.logic_library_window - 搜索 'K-2' 完成：显示 3/3 条规则
2025-04-29 14:26:25,264 [INFO] gui.logic_library_window - 搜索 'K-' 完成：显示 3/3 条规则
2025-04-29 14:26:25,293 [INFO] gui.logic_library_window - 搜索 'K' 完成：显示 3/3 条规则
2025-04-29 14:26:25,320 [INFO] gui.logic_library_window - 已显示所有规则（共 3 条）
2025-04-29 14:26:29,574 [INFO] gui.logic_library_window - 搜索 '1' 完成：显示 2/3 条规则
2025-04-29 14:26:30,080 [INFO] gui.logic_library_window - 搜索 '11' 完成：显示 0/3 条规则
2025-04-29 14:26:31,275 [INFO] gui.logic_library_window - 搜索 '1' 完成：显示 2/3 条规则
2025-04-29 14:26:34,550 [INFO] gui.logic_library_window - 已显示所有规则（共 3 条）
2025-04-29 14:26:34,655 [INFO] gui.logic_library_window - 搜索 '2' 完成：显示 0/3 条规则
2025-04-29 14:26:35,227 [INFO] gui.logic_library_window - 已显示所有规则（共 3 条）
2025-04-29 14:26:35,660 [INFO] gui.logic_library_window - 搜索 '1' 完成：显示 2/3 条规则
2025-04-29 14:26:36,520 [INFO] gui.logic_library_window - 已显示所有规则（共 3 条）
2025-04-29 14:26:37,322 [INFO] gui.logic_library_window - 搜索 '3' 完成：显示 0/3 条规则
2025-04-29 14:26:37,807 [INFO] gui.logic_library_window - 已显示所有规则（共 3 条）
2025-04-29 14:26:38,310 [INFO] gui.logic_library_window - 搜索 '2' 完成：显示 0/3 条规则
2025-04-29 14:26:38,740 [INFO] gui.logic_library_window - 已显示所有规则（共 3 条）
2025-04-29 14:26:39,324 [INFO] gui.logic_library_window - 搜索 '1' 完成：显示 2/3 条规则
2025-04-29 14:26:39,817 [INFO] gui.logic_library_window - 搜索 '12' 完成：显示 1/3 条规则
2025-04-29 14:26:40,640 [INFO] gui.logic_library_window - 搜索 '1' 完成：显示 2/3 条规则
2025-04-29 14:26:40,885 [INFO] gui.logic_library_window - 已显示所有规则（共 3 条）
2025-04-29 14:26:41,164 [INFO] gui.logic_library_window - 搜索 '1' 完成：显示 2/3 条规则
2025-04-29 14:27:26,425 [INFO] gui.logic_library_window - 已显示所有规则（共 3 条）
2025-04-29 14:27:26,925 [INFO] gui.logic_library_window - 搜索 '0' 完成：显示 3/3 条规则
2025-04-29 14:27:27,161 [INFO] gui.logic_library_window - 搜索 '03' 完成：显示 3/3 条规则
2025-04-29 14:27:27,861 [INFO] gui.logic_library_window - 搜索 '03-' 完成：显示 0/3 条规则
2025-04-29 14:27:29,167 [INFO] gui.logic_library_window - 搜索 '03' 完成：显示 3/3 条规则
2025-04-29 14:27:32,114 [INFO] gui.logic_library_window - 搜索 '031' 完成：显示 3/3 条规则
2025-04-29 14:27:33,675 [INFO] gui.logic_library_window - 搜索 '0312' 完成：显示 0/3 条规则
2025-04-29 14:27:34,188 [INFO] gui.logic_library_window - 搜索 '031' 完成：显示 3/3 条规则
2025-04-29 14:27:34,421 [INFO] gui.logic_library_window - 搜索 '0311' 完成：显示 3/3 条规则
2025-04-29 14:27:34,958 [INFO] gui.logic_library_window - 搜索 '03112' 完成：显示 1/3 条规则
2025-04-29 14:27:40,138 [INFO] gui.logic_library_window - 搜索 '031122' 完成：显示 0/3 条规则
2025-04-29 14:27:40,446 [INFO] gui.logic_library_window - 搜索 '03112' 完成：显示 1/3 条规则
2025-04-29 14:27:40,666 [INFO] gui.logic_library_window - 搜索 '031123' 完成：显示 1/3 条规则
2025-04-29 14:27:41,154 [INFO] gui.logic_library_window - 搜索 '0311232' 完成：显示 1/3 条规则
2025-04-29 14:27:41,505 [INFO] gui.logic_library_window - 搜索 '03112324' 完成：显示 1/3 条规则
2025-04-29 14:27:41,685 [INFO] gui.logic_library_window - 搜索 '031123244' 完成：显示 1/3 条规则
2025-04-29 14:27:41,921 [INFO] gui.logic_library_window - 搜索 '03112324' 完成：显示 1/3 条规则
2025-04-29 14:27:42,162 [INFO] gui.logic_library_window - 搜索 '0311232' 完成：显示 1/3 条规则
2025-04-29 14:27:42,352 [INFO] gui.logic_library_window - 搜索 '031123' 完成：显示 1/3 条规则
2025-04-29 14:27:42,558 [INFO] gui.logic_library_window - 搜索 '03112' 完成：显示 1/3 条规则
2025-04-29 14:27:42,791 [INFO] gui.logic_library_window - 搜索 '0311' 完成：显示 3/3 条规则
2025-04-29 14:27:43,103 [INFO] gui.logic_library_window - 搜索 '031' 完成：显示 3/3 条规则
2025-04-29 14:27:43,769 [INFO] gui.logic_library_window - 搜索 '03' 完成：显示 3/3 条规则
2025-04-29 14:27:48,295 [INFO] gui.logic_library_window - 搜索 '031' 完成：显示 3/3 条规则
2025-04-29 14:27:48,714 [INFO] gui.logic_library_window - 搜索 '0311' 完成：显示 3/3 条规则
2025-04-29 14:27:50,540 [INFO] gui.logic_library_window - 搜索 '03115' 完成：显示 0/3 条规则
2025-04-29 14:27:51,011 [INFO] gui.logic_library_window - 搜索 '0311' 完成：显示 3/3 条规则
2025-04-29 14:27:51,257 [INFO] gui.logic_library_window - 搜索 '03116' 完成：显示 2/3 条规则
2025-04-29 14:27:52,951 [INFO] gui.logic_library_window - 搜索 '031161' 完成：显示 2/3 条规则
2025-04-29 14:27:54,301 [INFO] gui.logic_library_window - 搜索 '0311613' 完成：显示 1/3 条规则
2025-04-29 14:27:55,012 [INFO] gui.logic_library_window - 搜索 '031161' 完成：显示 2/3 条规则
2025-04-29 14:27:56,237 [INFO] gui.logic_library_window - 搜索 '0311612' 完成：显示 1/3 条规则
2025-04-29 14:27:57,243 [INFO] gui.logic_library_window - 搜索 '031161' 完成：显示 2/3 条规则
2025-04-29 14:27:57,516 [INFO] gui.logic_library_window - 搜索 '03116' 完成：显示 2/3 条规则
2025-04-29 14:27:57,775 [INFO] gui.logic_library_window - 搜索 '0311' 完成：显示 3/3 条规则
2025-04-29 14:27:57,976 [INFO] gui.logic_library_window - 搜索 '031' 完成：显示 3/3 条规则
2025-04-29 14:27:58,178 [INFO] gui.logic_library_window - 搜索 '03' 完成：显示 3/3 条规则
2025-04-29 14:27:58,390 [INFO] gui.logic_library_window - 搜索 '0' 完成：显示 3/3 条规则
2025-04-29 14:27:58,809 [INFO] gui.logic_library_window - 已显示所有规则（共 3 条）
2025-04-29 14:30:52,846 [DEBUG] core.logic_builder - 规则数据已保存到临时文件
2025-04-29 14:30:52,847 [INFO] gui.logic_panel - 收到规则变更事件: type=modified, rule_id=BL01
2025-04-29 14:30:52,847 [INFO] gui.logic_panel - 已更新规则: BL01
2025-04-29 14:30:52,847 [INFO] gui.logic_library_window - 收到规则变更事件: type=modified, rule_id=BL01
2025-04-29 14:30:52,847 [INFO] gui.logic_library_window - 已更新规则: BL01
2025-04-29 14:30:52,847 [INFO] gui.logic_library_window - 已编辑规则: BL01
