2025-04-28 09:38:25,607 [INFO] root - 程序启动，日志文件: C:\Users\mengy\Desktop\ZK_LogicBom_Builder\logs\log_20250428_093825.log
2025-04-28 09:38:25,853 [INFO] __main__ - 正在启动程序...
2025-04-28 09:38:25,854 [DEBUG] __main__ - Python版本: 3.13.2 (tags/v3.13.2:4f8bb39, Feb  4 2025, 15:23:48) [MSC v.1942 64 bit (AMD64)]
2025-04-28 09:38:25,854 [DEBUG] __main__ - 当前工作目录: C:\Users\mengy\Desktop\ZK_LogicBom_Builder
2025-04-28 09:38:25,854 [DEBUG] __main__ - src_dir路径: c:\Users\mengy\Desktop\ZK_LogicBom_Builder
2025-04-28 09:38:25,880 [INFO] __main__ - 正在创建语言选择对话框...
2025-04-28 09:38:27,199 [INFO] gui.language_dialog_tk - 已选择语言: zh
2025-04-28 09:38:27,216 [INFO] __main__ - 语言选择结果: zh
2025-04-28 09:38:27,217 [INFO] __main__ - 正在创建主题选择对话框...
2025-04-28 09:38:27,217 [DEBUG] gui.theme_dialog_tk - 创建主题选择对话框
2025-04-28 09:38:27,220 [DEBUG] gui.theme_dialog_tk - 主题选择对话框创建完成
2025-04-28 09:38:27,827 [DEBUG] gui.theme_dialog_tk - 用户选择了light主题
2025-04-28 09:38:27,854 [INFO] __main__ - 主题选择结果: light
2025-04-28 09:38:27,873 [INFO] __main__ - 正在配置主窗口...
2025-04-28 09:38:27,972 [INFO] __main__ - 开始创建MainWindow实例...
2025-04-28 09:38:27,973 [INFO] core.logic_builder - 已加载 4 条规则
2025-04-28 09:38:28,127 [INFO] __main__ - MainWindow实例创建完成
2025-04-28 09:38:28,395 [INFO] __main__ - 开始mainloop()...
2025-04-28 09:38:30,043 [INFO] core.config_processor - 找到工作表: ['TD', '0.模板&Vorlage', '1.Fahrgestell', '2.Fahrzeug allgemein', '3.Beschriftung&Kennzeichnung', '4. Anbauten&Fahrgestellarbeiten', '5. Fahrer_Mannschaftsraum', '6.Koffer', '7.Lichtmast', '8.Pumpenanlage', '9.Seilwinde&Generator', '10.Halterungen']
2025-04-28 09:38:30,043 [DEBUG] core.config_processor - 跳过工作表: TD
2025-04-28 09:38:30,043 [DEBUG] core.config_processor - 跳过工作表: 0.模板&Vorlage
2025-04-28 09:38:30,043 [INFO] core.config_processor - 处理工作表: 1.Fahrgestell -> 模块: 1.Fahrgestell
2025-04-28 09:38:30,060 [INFO] core.config_processor - 处理工作表: 2.Fahrzeug allgemein -> 模块: 2.Fahrzeug allgemein
2025-04-28 09:38:30,076 [INFO] core.config_processor - 处理工作表: 3.Beschriftung&Kennzeichnung -> 模块: 3.Beschriftung&Kennzeichnung
2025-04-28 09:38:30,092 [INFO] core.config_processor - 处理工作表: 4. Anbauten&Fahrgestellarbeiten -> 模块: 4.Anbauten&Fahrgestellarbeiten
2025-04-28 09:38:30,109 [INFO] core.config_processor - 处理工作表: 5. Fahrer_Mannschaftsraum -> 模块: 5.Fahrer_Mannschaftsraum
2025-04-28 09:38:30,130 [INFO] core.config_processor - 处理工作表: 6.Koffer -> 模块: 6.Koffer
2025-04-28 09:38:30,147 [INFO] core.config_processor - 处理工作表: 7.Lichtmast -> 模块: 7.Lichtmast
2025-04-28 09:38:30,162 [INFO] core.config_processor - 处理工作表: 8.Pumpenanlage -> 模块: 8.Pumpenanlage
2025-04-28 09:38:30,177 [INFO] core.config_processor - 处理工作表: 9.Seilwinde&Generator -> 模块: 9.Seilwinde&Generator
2025-04-28 09:38:30,192 [INFO] core.config_processor - 处理工作表: 10.Halterungen -> 模块: 10.Halterungen
2025-04-28 09:38:30,206 [INFO] gui.config_panel - 成功导入配置文件: C:/Users/mengy/Desktop/配置选项_Konfigurationsoptions.xlsm
2025-04-28 09:38:30,211 [INFO] gui.main_window_tk - 成功保存配置文件路径到app_config.json: C:/Users/mengy/Desktop/配置选项_Konfigurationsoptions.xlsm
2025-04-28 09:38:30,211 [INFO] gui.config_panel - 已保存配置文件路径到app_config.json: C:/Users/mengy/Desktop/配置选项_Konfigurationsoptions.xlsm
2025-04-28 09:38:31,461 [INFO] core.bom_processor - 开始导入BOM文件: C:/Users/mengy/Desktop/Bom.xlsx
2025-04-28 09:38:31,461 [INFO] core.bom_processor - 已清空现有数据
2025-04-28 09:38:31,462 [INFO] core.bom_processor - 正在读取Excel文件...
2025-04-28 09:38:31,465 [INFO] core.bom_processor - 成功打开Excel文件，包含以下工作表: ['Max-Gruppe']
2025-04-28 09:38:31,466 [INFO] core.bom_processor - 正在读取 Max-Gruppe 工作表...
2025-04-28 09:38:31,474 [INFO] core.bom_processor - 成功读取工作表，共 154 行数据
2025-04-28 09:38:31,475 [INFO] core.bom_processor - 所有必需列均存在，开始处理数据...
2025-04-28 09:38:31,476 [INFO] core.bom_processor - 过滤空层级后剩余 153 行数据
2025-04-28 09:38:31,477 [INFO] core.bom_processor - 
开始处理数据...
2025-04-28 09:38:31,482 [INFO] core.bom_processor - 
数据处理完成，成功处理 {processed_count} 行数据
2025-04-28 09:38:31,482 [INFO] core.bom_processor - 第 1 级节点数量: 1
2025-04-28 09:38:31,482 [INFO] core.bom_processor - 第 2 级节点数量: 133
2025-04-28 09:38:31,483 [INFO] core.bom_processor - 第 3 级节点数量: 19
2025-04-28 09:38:31,483 [INFO] core.bom_processor - BOM文件导入成功，共处理 153 个项目
2025-04-28 09:38:31,483 [INFO] gui.bom_panel - 成功导入BOM文件: C:/Users/mengy/Desktop/Bom.xlsx
2025-04-28 09:38:31,483 [INFO] gui.bom_panel - 开始刷新树状图
2025-04-28 09:38:31,485 [INFO] gui.bom_panel - 树状图刷新完成
2025-04-28 09:38:31,486 [INFO] gui.main_window_tk - 成功保存BOM文件路径到app_config.json: C:/Users/mengy/Desktop/Bom.xlsx
2025-04-28 09:38:31,487 [INFO] gui.bom_panel - 已保存BOM文件路径到app_config.json: C:/Users/mengy/Desktop/Bom.xlsx
2025-04-28 09:38:34,169 [DEBUG] gui.bom_panel - BomPanel: 双击选中项 ID: I001
2025-04-28 09:38:34,170 [DEBUG] gui.bom_panel - BomPanel: 选中项文本: [1] PL-Kabine 0000000010017913NK
Modulkabine S301000 / S302000
Modulkabine S301000 / S302000
2025-04-28 09:40:28,121 [DEBUG] gui.bom_panel - BomPanel: 双击选中项 ID: I001
2025-04-28 09:40:28,122 [DEBUG] gui.bom_panel - BomPanel: 选中项文本: [1] PL-Kabine 0000000010017913NK
Modulkabine S301000 / S302000
Modulkabine S301000 / S302000
2025-04-28 09:40:32,813 [DEBUG] gui.bom_panel - BomPanel: 双击选中项 ID: I001
2025-04-28 09:40:32,814 [DEBUG] gui.bom_panel - BomPanel: 选中项文本: [1] PL-Kabine 0000000010017913NK
Modulkabine S301000 / S302000
Modulkabine S301000 / S302000
2025-04-28 09:42:21,693 [DEBUG] gui.bom_panel - BomPanel: 双击选中项 ID: I002
2025-04-28 09:42:21,694 [DEBUG] gui.bom_panel - BomPanel: 选中项文本: 10019231 - Modulkabine Standard MAN Euro 6 18T
Modul cabin standard MAN Euro 6 18T
Z-Cab NG Alpas 3 RAL 3000
Z-Cab NG Alpas 3 RAL 3000
2025-04-28 09:42:21,695 [DEBUG] gui.bom_panel - BomPanel: 提取到Baugruppe: 10019231
2025-04-28 09:42:21,696 [DEBUG] gui.bom_panel - BomPanel: 提取到占位符: PL-Kabine
2025-04-28 09:42:21,697 [DEBUG] gui.bom_panel - BomPanel: 构建的BOM码: PL-Kabine-10019231
2025-04-28 09:42:21,697 [DEBUG] gui.bom_panel - BomPanel: 获取根窗口成功
2025-04-28 09:42:21,698 [DEBUG] gui.bom_panel - BomPanel: 获取MainWindow实例成功
2025-04-28 09:42:21,698 [DEBUG] gui.bom_panel - BomPanel: 找到逻辑面板
2025-04-28 09:42:21,699 [DEBUG] gui.logic_panel - LogicPanel: 开始插入代码: PL-Kabine-10019231
2025-04-28 09:42:22,855 [INFO] gui.bom_panel - BomPanel: 成功发送代码到逻辑面板: PL-Kabine-10019231
2025-04-28 09:42:22,855 [INFO] gui.bom_panel - BomPanel: 成功插入BOM码: PL-Kabine-10019231
