2025-04-16 11:08:45,499 [INFO] root - 程序启动，日志文件: C:\Users\mengy\Desktop\ZK_LogicBom_Builder\logs\log_20250416_110845.log
2025-04-16 11:08:45,738 [INFO] __main__ - 正在启动程序...
2025-04-16 11:08:45,738 [DEBUG] __main__ - Python版本: 3.13.2 (tags/v3.13.2:4f8bb39, Feb  4 2025, 15:23:48) [MSC v.1942 64 bit (AMD64)]
2025-04-16 11:08:45,738 [DEBUG] __main__ - 当前工作目录: C:\Users\mengy\Desktop\ZK_LogicBom_Builder
2025-04-16 11:08:45,738 [DEBUG] __main__ - src_dir路径: c:\Users\mengy\Desktop\ZK_LogicBom_Builder
2025-04-16 11:08:45,760 [INFO] __main__ - 正在创建语言选择对话框...
2025-04-16 11:08:47,355 [INFO] gui.language_dialog_tk - 已选择语言: zh
2025-04-16 11:08:47,378 [INFO] __main__ - 语言选择结果: zh
2025-04-16 11:08:47,394 [INFO] __main__ - 正在配置主窗口...
2025-04-16 11:08:47,511 [INFO] __main__ - 开始创建MainWindow实例...
2025-04-16 11:08:47,512 [INFO] core.logic_builder - 已加载 6 条规则
2025-04-16 11:08:47,552 [INFO] __main__ - MainWindow实例创建完成
2025-04-16 11:08:47,813 [INFO] __main__ - 开始mainloop()...
2025-04-16 11:08:51,458 [INFO] gui.theme_dialog_tk - 已切换到主题: light
2025-04-16 11:08:51,474 [ERROR] utils.theme_manager_tk - 应用主题失败: Duplicate element TRadiobutton.indicator
Traceback (most recent call last):
  File "c:\Users\mengy\Desktop\ZK_LogicBom_Builder\utils\theme_manager_tk.py", line 198, in apply_theme
    style.theme_use(theme_name)
    ~~~~~~~~~~~~~~~^^^^^^^^^^^^
  File "D:\Python\Lib\site-packages\ttkbootstrap\style.py", line 586, in theme_use
    self._create_ttk_styles_on_theme_change()
    ~~~~~~~~~~~~~~~~~~~~~~~~~~~~~~~~~~~~~~~^^
  File "D:\Python\Lib\site-packages\ttkbootstrap\style.py", line 692, in _create_ttk_styles_on_theme_change
    method(builder, color)
    ~~~~~~^^^^^^^^^^^^^^^^
  File "D:\Python\Lib\site-packages\ttkbootstrap\style.py", line 3584, in create_radiobutton_style
    self.style.element_create(
    ~~~~~~~~~~~~~~~~~~~~~~~~~^
        f"{ttkstyle}.indicator",
        ^^^^^^^^^^^^^^^^^^^^^^^^
    ...<7 lines>...
        sticky=tk.W,
        ^^^^^^^^^^^^
    )
    ^
  File "D:\Python\Lib\tkinter\ttk.py", line 445, in element_create
    self.tk.call(self._name, "element", "create", elementname, etype,
    ~~~~~~~~~~~~^^^^^^^^^^^^^^^^^^^^^^^^^^^^^^^^^^^^^^^^^^^^^^^^^^^^^
        *specs, *opts)
        ^^^^^^^^^^^^^^
_tkinter.TclError: Duplicate element TRadiobutton.indicator
2025-04-16 11:08:51,476 [CRITICAL] __main__ - 未捕获的异常: Duplicate element TRadiobutton.indicator
Traceback (most recent call last):
  File "D:\Python\Lib\tkinter\__init__.py", line 2068, in __call__
    return self.func(*args)
           ~~~~~~~~~^^^^^^^
  File "c:\Users\mengy\Desktop\ZK_LogicBom_Builder\gui\theme_dialog_tk.py", line 247, in _on_ok
    self.callback(selected_theme)
    ~~~~~~~~~~~~~^^^^^^^^^^^^^^^^
  File "c:\Users\mengy\Desktop\ZK_LogicBom_Builder\gui\main_window_tk.py", line 385, in _on_theme_changed
    theme_manager.apply_theme(self.root)
    ~~~~~~~~~~~~~~~~~~~~~~~~~^^^^^^^^^^^
  File "c:\Users\mengy\Desktop\ZK_LogicBom_Builder\utils\theme_manager_tk.py", line 198, in apply_theme
    style.theme_use(theme_name)
    ~~~~~~~~~~~~~~~^^^^^^^^^^^^
  File "D:\Python\Lib\site-packages\ttkbootstrap\style.py", line 586, in theme_use
    self._create_ttk_styles_on_theme_change()
    ~~~~~~~~~~~~~~~~~~~~~~~~~~~~~~~~~~~~~~~^^
  File "D:\Python\Lib\site-packages\ttkbootstrap\style.py", line 692, in _create_ttk_styles_on_theme_change
    method(builder, color)
    ~~~~~~^^^^^^^^^^^^^^^^
  File "D:\Python\Lib\site-packages\ttkbootstrap\style.py", line 3584, in create_radiobutton_style
    self.style.element_create(
    ~~~~~~~~~~~~~~~~~~~~~~~~~^
        f"{ttkstyle}.indicator",
        ^^^^^^^^^^^^^^^^^^^^^^^^
    ...<7 lines>...
        sticky=tk.W,
        ^^^^^^^^^^^^
    )
    ^
  File "D:\Python\Lib\tkinter\ttk.py", line 445, in element_create
    self.tk.call(self._name, "element", "create", elementname, etype,
    ~~~~~~~~~~~~^^^^^^^^^^^^^^^^^^^^^^^^^^^^^^^^^^^^^^^^^^^^^^^^^^^^^
        *specs, *opts)
        ^^^^^^^^^^^^^^
_tkinter.TclError: Duplicate element TRadiobutton.indicator
2025-04-16 11:08:51,478 [CRITICAL] __main__ - 详细错误栈:
['Traceback (most recent call last):\n', '  File "D:\\Python\\Lib\\tkinter\\__init__.py", line 2068, in __call__\n    return self.func(*args)\n           ~~~~~~~~~^^^^^^^\n', '  File "c:\\Users\\mengy\\Desktop\\ZK_LogicBom_Builder\\gui\\theme_dialog_tk.py", line 247, in _on_ok\n    self.callback(selected_theme)\n    ~~~~~~~~~~~~~^^^^^^^^^^^^^^^^\n', '  File "c:\\Users\\mengy\\Desktop\\ZK_LogicBom_Builder\\gui\\main_window_tk.py", line 385, in _on_theme_changed\n    theme_manager.apply_theme(self.root)\n    ~~~~~~~~~~~~~~~~~~~~~~~~~^^^^^^^^^^^\n', '  File "c:\\Users\\mengy\\Desktop\\ZK_LogicBom_Builder\\utils\\theme_manager_tk.py", line 198, in apply_theme\n    style.theme_use(theme_name)\n    ~~~~~~~~~~~~~~~^^^^^^^^^^^^\n', '  File "D:\\Python\\Lib\\site-packages\\ttkbootstrap\\style.py", line 586, in theme_use\n    self._create_ttk_styles_on_theme_change()\n    ~~~~~~~~~~~~~~~~~~~~~~~~~~~~~~~~~~~~~~~^^\n', '  File "D:\\Python\\Lib\\site-packages\\ttkbootstrap\\style.py", line 692, in _create_ttk_styles_on_theme_change\n    method(builder, color)\n    ~~~~~~^^^^^^^^^^^^^^^^\n', '  File "D:\\Python\\Lib\\site-packages\\ttkbootstrap\\style.py", line 3584, in create_radiobutton_style\n    self.style.element_create(\n    ~~~~~~~~~~~~~~~~~~~~~~~~~^\n        f"{ttkstyle}.indicator",\n        ^^^^^^^^^^^^^^^^^^^^^^^^\n    ...<7 lines>...\n        sticky=tk.W,\n        ^^^^^^^^^^^^\n    )\n    ^\n', '  File "D:\\Python\\Lib\\tkinter\\ttk.py", line 445, in element_create\n    self.tk.call(self._name, "element", "create", elementname, etype,\n    ~~~~~~~~~~~~^^^^^^^^^^^^^^^^^^^^^^^^^^^^^^^^^^^^^^^^^^^^^^^^^^^^^\n        *specs, *opts)\n        ^^^^^^^^^^^^^^\n', '_tkinter.TclError: Duplicate element TRadiobutton.indicator\n']
Traceback (most recent call last):
  File "D:\Python\Lib\tkinter\__init__.py", line 2068, in __call__
    return self.func(*args)
           ~~~~~~~~~^^^^^^^
  File "c:\Users\mengy\Desktop\ZK_LogicBom_Builder\gui\theme_dialog_tk.py", line 247, in _on_ok
    self.callback(selected_theme)
    ~~~~~~~~~~~~~^^^^^^^^^^^^^^^^
  File "c:\Users\mengy\Desktop\ZK_LogicBom_Builder\gui\main_window_tk.py", line 385, in _on_theme_changed
    theme_manager.apply_theme(self.root)
    ~~~~~~~~~~~~~~~~~~~~~~~~~^^^^^^^^^^^
  File "c:\Users\mengy\Desktop\ZK_LogicBom_Builder\utils\theme_manager_tk.py", line 198, in apply_theme
    style.theme_use(theme_name)
    ~~~~~~~~~~~~~~~^^^^^^^^^^^^
  File "D:\Python\Lib\site-packages\ttkbootstrap\style.py", line 586, in theme_use
    self._create_ttk_styles_on_theme_change()
    ~~~~~~~~~~~~~~~~~~~~~~~~~~~~~~~~~~~~~~~^^
  File "D:\Python\Lib\site-packages\ttkbootstrap\style.py", line 692, in _create_ttk_styles_on_theme_change
    method(builder, color)
    ~~~~~~^^^^^^^^^^^^^^^^
  File "D:\Python\Lib\site-packages\ttkbootstrap\style.py", line 3584, in create_radiobutton_style
    self.style.element_create(
    ~~~~~~~~~~~~~~~~~~~~~~~~~^
        f"{ttkstyle}.indicator",
        ^^^^^^^^^^^^^^^^^^^^^^^^
    ...<7 lines>...
        sticky=tk.W,
        ^^^^^^^^^^^^
    )
    ^
  File "D:\Python\Lib\tkinter\ttk.py", line 445, in element_create
    self.tk.call(self._name, "element", "create", elementname, etype,
    ~~~~~~~~~~~~^^^^^^^^^^^^^^^^^^^^^^^^^^^^^^^^^^^^^^^^^^^^^^^^^^^^^
        *specs, *opts)
        ^^^^^^^^^^^^^^
_tkinter.TclError: Duplicate element TRadiobutton.indicator
2025-04-16 11:08:55,654 [INFO] gui.theme_dialog_tk - 已切换到主题: dark
2025-04-16 11:08:55,680 [ERROR] utils.theme_manager_tk - 应用主题失败: Duplicate element TRadiobutton.indicator
Traceback (most recent call last):
  File "c:\Users\mengy\Desktop\ZK_LogicBom_Builder\utils\theme_manager_tk.py", line 198, in apply_theme
    style.theme_use(theme_name)
    ~~~~~~~~~~~~~~~^^^^^^^^^^^^
  File "D:\Python\Lib\site-packages\ttkbootstrap\style.py", line 592, in theme_use
    self._create_ttk_styles_on_theme_change()
    ~~~~~~~~~~~~~~~~~~~~~~~~~~~~~~~~~~~~~~~^^
  File "D:\Python\Lib\site-packages\ttkbootstrap\style.py", line 692, in _create_ttk_styles_on_theme_change
    method(builder, color)
    ~~~~~~^^^^^^^^^^^^^^^^
  File "D:\Python\Lib\site-packages\ttkbootstrap\style.py", line 3584, in create_radiobutton_style
    self.style.element_create(
    ~~~~~~~~~~~~~~~~~~~~~~~~~^
        f"{ttkstyle}.indicator",
        ^^^^^^^^^^^^^^^^^^^^^^^^
    ...<7 lines>...
        sticky=tk.W,
        ^^^^^^^^^^^^
    )
    ^
  File "D:\Python\Lib\tkinter\ttk.py", line 445, in element_create
    self.tk.call(self._name, "element", "create", elementname, etype,
    ~~~~~~~~~~~~^^^^^^^^^^^^^^^^^^^^^^^^^^^^^^^^^^^^^^^^^^^^^^^^^^^^^
        *specs, *opts)
        ^^^^^^^^^^^^^^
_tkinter.TclError: Duplicate element TRadiobutton.indicator
2025-04-16 11:08:55,681 [CRITICAL] __main__ - 未捕获的异常: Duplicate element TRadiobutton.indicator
Traceback (most recent call last):
  File "D:\Python\Lib\tkinter\__init__.py", line 2068, in __call__
    return self.func(*args)
           ~~~~~~~~~^^^^^^^
  File "c:\Users\mengy\Desktop\ZK_LogicBom_Builder\gui\theme_dialog_tk.py", line 247, in _on_ok
    self.callback(selected_theme)
    ~~~~~~~~~~~~~^^^^^^^^^^^^^^^^
  File "c:\Users\mengy\Desktop\ZK_LogicBom_Builder\gui\main_window_tk.py", line 385, in _on_theme_changed
    theme_manager.apply_theme(self.root)
    ~~~~~~~~~~~~~~~~~~~~~~~~~^^^^^^^^^^^
  File "c:\Users\mengy\Desktop\ZK_LogicBom_Builder\utils\theme_manager_tk.py", line 198, in apply_theme
    style.theme_use(theme_name)
    ~~~~~~~~~~~~~~~^^^^^^^^^^^^
  File "D:\Python\Lib\site-packages\ttkbootstrap\style.py", line 592, in theme_use
    self._create_ttk_styles_on_theme_change()
    ~~~~~~~~~~~~~~~~~~~~~~~~~~~~~~~~~~~~~~~^^
  File "D:\Python\Lib\site-packages\ttkbootstrap\style.py", line 692, in _create_ttk_styles_on_theme_change
    method(builder, color)
    ~~~~~~^^^^^^^^^^^^^^^^
  File "D:\Python\Lib\site-packages\ttkbootstrap\style.py", line 3584, in create_radiobutton_style
    self.style.element_create(
    ~~~~~~~~~~~~~~~~~~~~~~~~~^
        f"{ttkstyle}.indicator",
        ^^^^^^^^^^^^^^^^^^^^^^^^
    ...<7 lines>...
        sticky=tk.W,
        ^^^^^^^^^^^^
    )
    ^
  File "D:\Python\Lib\tkinter\ttk.py", line 445, in element_create
    self.tk.call(self._name, "element", "create", elementname, etype,
    ~~~~~~~~~~~~^^^^^^^^^^^^^^^^^^^^^^^^^^^^^^^^^^^^^^^^^^^^^^^^^^^^^
        *specs, *opts)
        ^^^^^^^^^^^^^^
_tkinter.TclError: Duplicate element TRadiobutton.indicator
2025-04-16 11:08:55,683 [CRITICAL] __main__ - 详细错误栈:
['Traceback (most recent call last):\n', '  File "D:\\Python\\Lib\\tkinter\\__init__.py", line 2068, in __call__\n    return self.func(*args)\n           ~~~~~~~~~^^^^^^^\n', '  File "c:\\Users\\mengy\\Desktop\\ZK_LogicBom_Builder\\gui\\theme_dialog_tk.py", line 247, in _on_ok\n    self.callback(selected_theme)\n    ~~~~~~~~~~~~~^^^^^^^^^^^^^^^^\n', '  File "c:\\Users\\mengy\\Desktop\\ZK_LogicBom_Builder\\gui\\main_window_tk.py", line 385, in _on_theme_changed\n    theme_manager.apply_theme(self.root)\n    ~~~~~~~~~~~~~~~~~~~~~~~~~^^^^^^^^^^^\n', '  File "c:\\Users\\mengy\\Desktop\\ZK_LogicBom_Builder\\utils\\theme_manager_tk.py", line 198, in apply_theme\n    style.theme_use(theme_name)\n    ~~~~~~~~~~~~~~~^^^^^^^^^^^^\n', '  File "D:\\Python\\Lib\\site-packages\\ttkbootstrap\\style.py", line 592, in theme_use\n    self._create_ttk_styles_on_theme_change()\n    ~~~~~~~~~~~~~~~~~~~~~~~~~~~~~~~~~~~~~~~^^\n', '  File "D:\\Python\\Lib\\site-packages\\ttkbootstrap\\style.py", line 692, in _create_ttk_styles_on_theme_change\n    method(builder, color)\n    ~~~~~~^^^^^^^^^^^^^^^^\n', '  File "D:\\Python\\Lib\\site-packages\\ttkbootstrap\\style.py", line 3584, in create_radiobutton_style\n    self.style.element_create(\n    ~~~~~~~~~~~~~~~~~~~~~~~~~^\n        f"{ttkstyle}.indicator",\n        ^^^^^^^^^^^^^^^^^^^^^^^^\n    ...<7 lines>...\n        sticky=tk.W,\n        ^^^^^^^^^^^^\n    )\n    ^\n', '  File "D:\\Python\\Lib\\tkinter\\ttk.py", line 445, in element_create\n    self.tk.call(self._name, "element", "create", elementname, etype,\n    ~~~~~~~~~~~~^^^^^^^^^^^^^^^^^^^^^^^^^^^^^^^^^^^^^^^^^^^^^^^^^^^^^\n        *specs, *opts)\n        ^^^^^^^^^^^^^^\n', '_tkinter.TclError: Duplicate element TRadiobutton.indicator\n']
Traceback (most recent call last):
  File "D:\Python\Lib\tkinter\__init__.py", line 2068, in __call__
    return self.func(*args)
           ~~~~~~~~~^^^^^^^
  File "c:\Users\mengy\Desktop\ZK_LogicBom_Builder\gui\theme_dialog_tk.py", line 247, in _on_ok
    self.callback(selected_theme)
    ~~~~~~~~~~~~~^^^^^^^^^^^^^^^^
  File "c:\Users\mengy\Desktop\ZK_LogicBom_Builder\gui\main_window_tk.py", line 385, in _on_theme_changed
    theme_manager.apply_theme(self.root)
    ~~~~~~~~~~~~~~~~~~~~~~~~~^^^^^^^^^^^
  File "c:\Users\mengy\Desktop\ZK_LogicBom_Builder\utils\theme_manager_tk.py", line 198, in apply_theme
    style.theme_use(theme_name)
    ~~~~~~~~~~~~~~~^^^^^^^^^^^^
  File "D:\Python\Lib\site-packages\ttkbootstrap\style.py", line 592, in theme_use
    self._create_ttk_styles_on_theme_change()
    ~~~~~~~~~~~~~~~~~~~~~~~~~~~~~~~~~~~~~~~^^
  File "D:\Python\Lib\site-packages\ttkbootstrap\style.py", line 692, in _create_ttk_styles_on_theme_change
    method(builder, color)
    ~~~~~~^^^^^^^^^^^^^^^^
  File "D:\Python\Lib\site-packages\ttkbootstrap\style.py", line 3584, in create_radiobutton_style
    self.style.element_create(
    ~~~~~~~~~~~~~~~~~~~~~~~~~^
        f"{ttkstyle}.indicator",
        ^^^^^^^^^^^^^^^^^^^^^^^^
    ...<7 lines>...
        sticky=tk.W,
        ^^^^^^^^^^^^
    )
    ^
  File "D:\Python\Lib\tkinter\ttk.py", line 445, in element_create
    self.tk.call(self._name, "element", "create", elementname, etype,
    ~~~~~~~~~~~~^^^^^^^^^^^^^^^^^^^^^^^^^^^^^^^^^^^^^^^^^^^^^^^^^^^^^
        *specs, *opts)
        ^^^^^^^^^^^^^^
_tkinter.TclError: Duplicate element TRadiobutton.indicator
2025-04-16 11:08:57,468 [INFO] gui.theme_dialog_tk - 已切换到主题: light
2025-04-16 11:08:57,473 [ERROR] utils.theme_manager_tk - 应用主题失败: Duplicate element TRadiobutton.indicator
Traceback (most recent call last):
  File "c:\Users\mengy\Desktop\ZK_LogicBom_Builder\utils\theme_manager_tk.py", line 198, in apply_theme
    style.theme_use(theme_name)
    ~~~~~~~~~~~~~~~^^^^^^^^^^^^
  File "D:\Python\Lib\site-packages\ttkbootstrap\style.py", line 586, in theme_use
    self._create_ttk_styles_on_theme_change()
    ~~~~~~~~~~~~~~~~~~~~~~~~~~~~~~~~~~~~~~~^^
  File "D:\Python\Lib\site-packages\ttkbootstrap\style.py", line 692, in _create_ttk_styles_on_theme_change
    method(builder, color)
    ~~~~~~^^^^^^^^^^^^^^^^
  File "D:\Python\Lib\site-packages\ttkbootstrap\style.py", line 3584, in create_radiobutton_style
    self.style.element_create(
    ~~~~~~~~~~~~~~~~~~~~~~~~~^
        f"{ttkstyle}.indicator",
        ^^^^^^^^^^^^^^^^^^^^^^^^
    ...<7 lines>...
        sticky=tk.W,
        ^^^^^^^^^^^^
    )
    ^
  File "D:\Python\Lib\tkinter\ttk.py", line 445, in element_create
    self.tk.call(self._name, "element", "create", elementname, etype,
    ~~~~~~~~~~~~^^^^^^^^^^^^^^^^^^^^^^^^^^^^^^^^^^^^^^^^^^^^^^^^^^^^^
        *specs, *opts)
        ^^^^^^^^^^^^^^
_tkinter.TclError: Duplicate element TRadiobutton.indicator
2025-04-16 11:08:57,475 [CRITICAL] __main__ - 未捕获的异常: Duplicate element TRadiobutton.indicator
Traceback (most recent call last):
  File "D:\Python\Lib\tkinter\__init__.py", line 2068, in __call__
    return self.func(*args)
           ~~~~~~~~~^^^^^^^
  File "c:\Users\mengy\Desktop\ZK_LogicBom_Builder\gui\theme_dialog_tk.py", line 247, in _on_ok
    self.callback(selected_theme)
    ~~~~~~~~~~~~~^^^^^^^^^^^^^^^^
  File "c:\Users\mengy\Desktop\ZK_LogicBom_Builder\gui\main_window_tk.py", line 385, in _on_theme_changed
    theme_manager.apply_theme(self.root)
    ~~~~~~~~~~~~~~~~~~~~~~~~~^^^^^^^^^^^
  File "c:\Users\mengy\Desktop\ZK_LogicBom_Builder\utils\theme_manager_tk.py", line 198, in apply_theme
    style.theme_use(theme_name)
    ~~~~~~~~~~~~~~~^^^^^^^^^^^^
  File "D:\Python\Lib\site-packages\ttkbootstrap\style.py", line 586, in theme_use
    self._create_ttk_styles_on_theme_change()
    ~~~~~~~~~~~~~~~~~~~~~~~~~~~~~~~~~~~~~~~^^
  File "D:\Python\Lib\site-packages\ttkbootstrap\style.py", line 692, in _create_ttk_styles_on_theme_change
    method(builder, color)
    ~~~~~~^^^^^^^^^^^^^^^^
  File "D:\Python\Lib\site-packages\ttkbootstrap\style.py", line 3584, in create_radiobutton_style
    self.style.element_create(
    ~~~~~~~~~~~~~~~~~~~~~~~~~^
        f"{ttkstyle}.indicator",
        ^^^^^^^^^^^^^^^^^^^^^^^^
    ...<7 lines>...
        sticky=tk.W,
        ^^^^^^^^^^^^
    )
    ^
  File "D:\Python\Lib\tkinter\ttk.py", line 445, in element_create
    self.tk.call(self._name, "element", "create", elementname, etype,
    ~~~~~~~~~~~~^^^^^^^^^^^^^^^^^^^^^^^^^^^^^^^^^^^^^^^^^^^^^^^^^^^^^
        *specs, *opts)
        ^^^^^^^^^^^^^^
_tkinter.TclError: Duplicate element TRadiobutton.indicator
2025-04-16 11:08:57,478 [CRITICAL] __main__ - 详细错误栈:
['Traceback (most recent call last):\n', '  File "D:\\Python\\Lib\\tkinter\\__init__.py", line 2068, in __call__\n    return self.func(*args)\n           ~~~~~~~~~^^^^^^^\n', '  File "c:\\Users\\mengy\\Desktop\\ZK_LogicBom_Builder\\gui\\theme_dialog_tk.py", line 247, in _on_ok\n    self.callback(selected_theme)\n    ~~~~~~~~~~~~~^^^^^^^^^^^^^^^^\n', '  File "c:\\Users\\mengy\\Desktop\\ZK_LogicBom_Builder\\gui\\main_window_tk.py", line 385, in _on_theme_changed\n    theme_manager.apply_theme(self.root)\n    ~~~~~~~~~~~~~~~~~~~~~~~~~^^^^^^^^^^^\n', '  File "c:\\Users\\mengy\\Desktop\\ZK_LogicBom_Builder\\utils\\theme_manager_tk.py", line 198, in apply_theme\n    style.theme_use(theme_name)\n    ~~~~~~~~~~~~~~~^^^^^^^^^^^^\n', '  File "D:\\Python\\Lib\\site-packages\\ttkbootstrap\\style.py", line 586, in theme_use\n    self._create_ttk_styles_on_theme_change()\n    ~~~~~~~~~~~~~~~~~~~~~~~~~~~~~~~~~~~~~~~^^\n', '  File "D:\\Python\\Lib\\site-packages\\ttkbootstrap\\style.py", line 692, in _create_ttk_styles_on_theme_change\n    method(builder, color)\n    ~~~~~~^^^^^^^^^^^^^^^^\n', '  File "D:\\Python\\Lib\\site-packages\\ttkbootstrap\\style.py", line 3584, in create_radiobutton_style\n    self.style.element_create(\n    ~~~~~~~~~~~~~~~~~~~~~~~~~^\n        f"{ttkstyle}.indicator",\n        ^^^^^^^^^^^^^^^^^^^^^^^^\n    ...<7 lines>...\n        sticky=tk.W,\n        ^^^^^^^^^^^^\n    )\n    ^\n', '  File "D:\\Python\\Lib\\tkinter\\ttk.py", line 445, in element_create\n    self.tk.call(self._name, "element", "create", elementname, etype,\n    ~~~~~~~~~~~~^^^^^^^^^^^^^^^^^^^^^^^^^^^^^^^^^^^^^^^^^^^^^^^^^^^^^\n        *specs, *opts)\n        ^^^^^^^^^^^^^^\n', '_tkinter.TclError: Duplicate element TRadiobutton.indicator\n']
Traceback (most recent call last):
  File "D:\Python\Lib\tkinter\__init__.py", line 2068, in __call__
    return self.func(*args)
           ~~~~~~~~~^^^^^^^
  File "c:\Users\mengy\Desktop\ZK_LogicBom_Builder\gui\theme_dialog_tk.py", line 247, in _on_ok
    self.callback(selected_theme)
    ~~~~~~~~~~~~~^^^^^^^^^^^^^^^^
  File "c:\Users\mengy\Desktop\ZK_LogicBom_Builder\gui\main_window_tk.py", line 385, in _on_theme_changed
    theme_manager.apply_theme(self.root)
    ~~~~~~~~~~~~~~~~~~~~~~~~~^^^^^^^^^^^
  File "c:\Users\mengy\Desktop\ZK_LogicBom_Builder\utils\theme_manager_tk.py", line 198, in apply_theme
    style.theme_use(theme_name)
    ~~~~~~~~~~~~~~~^^^^^^^^^^^^
  File "D:\Python\Lib\site-packages\ttkbootstrap\style.py", line 586, in theme_use
    self._create_ttk_styles_on_theme_change()
    ~~~~~~~~~~~~~~~~~~~~~~~~~~~~~~~~~~~~~~~^^
  File "D:\Python\Lib\site-packages\ttkbootstrap\style.py", line 692, in _create_ttk_styles_on_theme_change
    method(builder, color)
    ~~~~~~^^^^^^^^^^^^^^^^
  File "D:\Python\Lib\site-packages\ttkbootstrap\style.py", line 3584, in create_radiobutton_style
    self.style.element_create(
    ~~~~~~~~~~~~~~~~~~~~~~~~~^
        f"{ttkstyle}.indicator",
        ^^^^^^^^^^^^^^^^^^^^^^^^
    ...<7 lines>...
        sticky=tk.W,
        ^^^^^^^^^^^^
    )
    ^
  File "D:\Python\Lib\tkinter\ttk.py", line 445, in element_create
    self.tk.call(self._name, "element", "create", elementname, etype,
    ~~~~~~~~~~~~^^^^^^^^^^^^^^^^^^^^^^^^^^^^^^^^^^^^^^^^^^^^^^^^^^^^^
        *specs, *opts)
        ^^^^^^^^^^^^^^
_tkinter.TclError: Duplicate element TRadiobutton.indicator
2025-04-16 11:08:59,429 [INFO] gui.theme_dialog_tk - 已切换到主题: dark
2025-04-16 11:08:59,433 [ERROR] utils.theme_manager_tk - 应用主题失败: Duplicate element TRadiobutton.indicator
Traceback (most recent call last):
  File "c:\Users\mengy\Desktop\ZK_LogicBom_Builder\utils\theme_manager_tk.py", line 198, in apply_theme
    style.theme_use(theme_name)
    ~~~~~~~~~~~~~~~^^^^^^^^^^^^
  File "D:\Python\Lib\site-packages\ttkbootstrap\style.py", line 586, in theme_use
    self._create_ttk_styles_on_theme_change()
    ~~~~~~~~~~~~~~~~~~~~~~~~~~~~~~~~~~~~~~~^^
  File "D:\Python\Lib\site-packages\ttkbootstrap\style.py", line 692, in _create_ttk_styles_on_theme_change
    method(builder, color)
    ~~~~~~^^^^^^^^^^^^^^^^
  File "D:\Python\Lib\site-packages\ttkbootstrap\style.py", line 3584, in create_radiobutton_style
    self.style.element_create(
    ~~~~~~~~~~~~~~~~~~~~~~~~~^
        f"{ttkstyle}.indicator",
        ^^^^^^^^^^^^^^^^^^^^^^^^
    ...<7 lines>...
        sticky=tk.W,
        ^^^^^^^^^^^^
    )
    ^
  File "D:\Python\Lib\tkinter\ttk.py", line 445, in element_create
    self.tk.call(self._name, "element", "create", elementname, etype,
    ~~~~~~~~~~~~^^^^^^^^^^^^^^^^^^^^^^^^^^^^^^^^^^^^^^^^^^^^^^^^^^^^^
        *specs, *opts)
        ^^^^^^^^^^^^^^
_tkinter.TclError: Duplicate element TRadiobutton.indicator
2025-04-16 11:08:59,435 [CRITICAL] __main__ - 未捕获的异常: Duplicate element TRadiobutton.indicator
Traceback (most recent call last):
  File "D:\Python\Lib\tkinter\__init__.py", line 2068, in __call__
    return self.func(*args)
           ~~~~~~~~~^^^^^^^
  File "c:\Users\mengy\Desktop\ZK_LogicBom_Builder\gui\theme_dialog_tk.py", line 247, in _on_ok
    self.callback(selected_theme)
    ~~~~~~~~~~~~~^^^^^^^^^^^^^^^^
  File "c:\Users\mengy\Desktop\ZK_LogicBom_Builder\gui\main_window_tk.py", line 385, in _on_theme_changed
    theme_manager.apply_theme(self.root)
    ~~~~~~~~~~~~~~~~~~~~~~~~~^^^^^^^^^^^
  File "c:\Users\mengy\Desktop\ZK_LogicBom_Builder\utils\theme_manager_tk.py", line 198, in apply_theme
    style.theme_use(theme_name)
    ~~~~~~~~~~~~~~~^^^^^^^^^^^^
  File "D:\Python\Lib\site-packages\ttkbootstrap\style.py", line 586, in theme_use
    self._create_ttk_styles_on_theme_change()
    ~~~~~~~~~~~~~~~~~~~~~~~~~~~~~~~~~~~~~~~^^
  File "D:\Python\Lib\site-packages\ttkbootstrap\style.py", line 692, in _create_ttk_styles_on_theme_change
    method(builder, color)
    ~~~~~~^^^^^^^^^^^^^^^^
  File "D:\Python\Lib\site-packages\ttkbootstrap\style.py", line 3584, in create_radiobutton_style
    self.style.element_create(
    ~~~~~~~~~~~~~~~~~~~~~~~~~^
        f"{ttkstyle}.indicator",
        ^^^^^^^^^^^^^^^^^^^^^^^^
    ...<7 lines>...
        sticky=tk.W,
        ^^^^^^^^^^^^
    )
    ^
  File "D:\Python\Lib\tkinter\ttk.py", line 445, in element_create
    self.tk.call(self._name, "element", "create", elementname, etype,
    ~~~~~~~~~~~~^^^^^^^^^^^^^^^^^^^^^^^^^^^^^^^^^^^^^^^^^^^^^^^^^^^^^
        *specs, *opts)
        ^^^^^^^^^^^^^^
_tkinter.TclError: Duplicate element TRadiobutton.indicator
2025-04-16 11:08:59,437 [CRITICAL] __main__ - 详细错误栈:
['Traceback (most recent call last):\n', '  File "D:\\Python\\Lib\\tkinter\\__init__.py", line 2068, in __call__\n    return self.func(*args)\n           ~~~~~~~~~^^^^^^^\n', '  File "c:\\Users\\mengy\\Desktop\\ZK_LogicBom_Builder\\gui\\theme_dialog_tk.py", line 247, in _on_ok\n    self.callback(selected_theme)\n    ~~~~~~~~~~~~~^^^^^^^^^^^^^^^^\n', '  File "c:\\Users\\mengy\\Desktop\\ZK_LogicBom_Builder\\gui\\main_window_tk.py", line 385, in _on_theme_changed\n    theme_manager.apply_theme(self.root)\n    ~~~~~~~~~~~~~~~~~~~~~~~~~^^^^^^^^^^^\n', '  File "c:\\Users\\mengy\\Desktop\\ZK_LogicBom_Builder\\utils\\theme_manager_tk.py", line 198, in apply_theme\n    style.theme_use(theme_name)\n    ~~~~~~~~~~~~~~~^^^^^^^^^^^^\n', '  File "D:\\Python\\Lib\\site-packages\\ttkbootstrap\\style.py", line 586, in theme_use\n    self._create_ttk_styles_on_theme_change()\n    ~~~~~~~~~~~~~~~~~~~~~~~~~~~~~~~~~~~~~~~^^\n', '  File "D:\\Python\\Lib\\site-packages\\ttkbootstrap\\style.py", line 692, in _create_ttk_styles_on_theme_change\n    method(builder, color)\n    ~~~~~~^^^^^^^^^^^^^^^^\n', '  File "D:\\Python\\Lib\\site-packages\\ttkbootstrap\\style.py", line 3584, in create_radiobutton_style\n    self.style.element_create(\n    ~~~~~~~~~~~~~~~~~~~~~~~~~^\n        f"{ttkstyle}.indicator",\n        ^^^^^^^^^^^^^^^^^^^^^^^^\n    ...<7 lines>...\n        sticky=tk.W,\n        ^^^^^^^^^^^^\n    )\n    ^\n', '  File "D:\\Python\\Lib\\tkinter\\ttk.py", line 445, in element_create\n    self.tk.call(self._name, "element", "create", elementname, etype,\n    ~~~~~~~~~~~~^^^^^^^^^^^^^^^^^^^^^^^^^^^^^^^^^^^^^^^^^^^^^^^^^^^^^\n        *specs, *opts)\n        ^^^^^^^^^^^^^^\n', '_tkinter.TclError: Duplicate element TRadiobutton.indicator\n']
Traceback (most recent call last):
  File "D:\Python\Lib\tkinter\__init__.py", line 2068, in __call__
    return self.func(*args)
           ~~~~~~~~~^^^^^^^
  File "c:\Users\mengy\Desktop\ZK_LogicBom_Builder\gui\theme_dialog_tk.py", line 247, in _on_ok
    self.callback(selected_theme)
    ~~~~~~~~~~~~~^^^^^^^^^^^^^^^^
  File "c:\Users\mengy\Desktop\ZK_LogicBom_Builder\gui\main_window_tk.py", line 385, in _on_theme_changed
    theme_manager.apply_theme(self.root)
    ~~~~~~~~~~~~~~~~~~~~~~~~~^^^^^^^^^^^
  File "c:\Users\mengy\Desktop\ZK_LogicBom_Builder\utils\theme_manager_tk.py", line 198, in apply_theme
    style.theme_use(theme_name)
    ~~~~~~~~~~~~~~~^^^^^^^^^^^^
  File "D:\Python\Lib\site-packages\ttkbootstrap\style.py", line 586, in theme_use
    self._create_ttk_styles_on_theme_change()
    ~~~~~~~~~~~~~~~~~~~~~~~~~~~~~~~~~~~~~~~^^
  File "D:\Python\Lib\site-packages\ttkbootstrap\style.py", line 692, in _create_ttk_styles_on_theme_change
    method(builder, color)
    ~~~~~~^^^^^^^^^^^^^^^^
  File "D:\Python\Lib\site-packages\ttkbootstrap\style.py", line 3584, in create_radiobutton_style
    self.style.element_create(
    ~~~~~~~~~~~~~~~~~~~~~~~~~^
        f"{ttkstyle}.indicator",
        ^^^^^^^^^^^^^^^^^^^^^^^^
    ...<7 lines>...
        sticky=tk.W,
        ^^^^^^^^^^^^
    )
    ^
  File "D:\Python\Lib\tkinter\ttk.py", line 445, in element_create
    self.tk.call(self._name, "element", "create", elementname, etype,
    ~~~~~~~~~~~~^^^^^^^^^^^^^^^^^^^^^^^^^^^^^^^^^^^^^^^^^^^^^^^^^^^^^
        *specs, *opts)
        ^^^^^^^^^^^^^^
_tkinter.TclError: Duplicate element TRadiobutton.indicator
2025-04-16 11:09:03,196 [INFO] gui.theme_dialog_tk - 已切换到主题: light
2025-04-16 11:09:03,200 [ERROR] utils.theme_manager_tk - 应用主题失败: Duplicate element TRadiobutton.indicator
Traceback (most recent call last):
  File "c:\Users\mengy\Desktop\ZK_LogicBom_Builder\utils\theme_manager_tk.py", line 198, in apply_theme
    style.theme_use(theme_name)
    ~~~~~~~~~~~~~~~^^^^^^^^^^^^
  File "D:\Python\Lib\site-packages\ttkbootstrap\style.py", line 586, in theme_use
    self._create_ttk_styles_on_theme_change()
    ~~~~~~~~~~~~~~~~~~~~~~~~~~~~~~~~~~~~~~~^^
  File "D:\Python\Lib\site-packages\ttkbootstrap\style.py", line 692, in _create_ttk_styles_on_theme_change
    method(builder, color)
    ~~~~~~^^^^^^^^^^^^^^^^
  File "D:\Python\Lib\site-packages\ttkbootstrap\style.py", line 3584, in create_radiobutton_style
    self.style.element_create(
    ~~~~~~~~~~~~~~~~~~~~~~~~~^
        f"{ttkstyle}.indicator",
        ^^^^^^^^^^^^^^^^^^^^^^^^
    ...<7 lines>...
        sticky=tk.W,
        ^^^^^^^^^^^^
    )
    ^
  File "D:\Python\Lib\tkinter\ttk.py", line 445, in element_create
    self.tk.call(self._name, "element", "create", elementname, etype,
    ~~~~~~~~~~~~^^^^^^^^^^^^^^^^^^^^^^^^^^^^^^^^^^^^^^^^^^^^^^^^^^^^^
        *specs, *opts)
        ^^^^^^^^^^^^^^
_tkinter.TclError: Duplicate element TRadiobutton.indicator
2025-04-16 11:09:03,202 [CRITICAL] __main__ - 未捕获的异常: Duplicate element TRadiobutton.indicator
Traceback (most recent call last):
  File "D:\Python\Lib\tkinter\__init__.py", line 2068, in __call__
    return self.func(*args)
           ~~~~~~~~~^^^^^^^
  File "c:\Users\mengy\Desktop\ZK_LogicBom_Builder\gui\theme_dialog_tk.py", line 247, in _on_ok
    self.callback(selected_theme)
    ~~~~~~~~~~~~~^^^^^^^^^^^^^^^^
  File "c:\Users\mengy\Desktop\ZK_LogicBom_Builder\gui\main_window_tk.py", line 385, in _on_theme_changed
    theme_manager.apply_theme(self.root)
    ~~~~~~~~~~~~~~~~~~~~~~~~~^^^^^^^^^^^
  File "c:\Users\mengy\Desktop\ZK_LogicBom_Builder\utils\theme_manager_tk.py", line 198, in apply_theme
    style.theme_use(theme_name)
    ~~~~~~~~~~~~~~~^^^^^^^^^^^^
  File "D:\Python\Lib\site-packages\ttkbootstrap\style.py", line 586, in theme_use
    self._create_ttk_styles_on_theme_change()
    ~~~~~~~~~~~~~~~~~~~~~~~~~~~~~~~~~~~~~~~^^
  File "D:\Python\Lib\site-packages\ttkbootstrap\style.py", line 692, in _create_ttk_styles_on_theme_change
    method(builder, color)
    ~~~~~~^^^^^^^^^^^^^^^^
  File "D:\Python\Lib\site-packages\ttkbootstrap\style.py", line 3584, in create_radiobutton_style
    self.style.element_create(
    ~~~~~~~~~~~~~~~~~~~~~~~~~^
        f"{ttkstyle}.indicator",
        ^^^^^^^^^^^^^^^^^^^^^^^^
    ...<7 lines>...
        sticky=tk.W,
        ^^^^^^^^^^^^
    )
    ^
  File "D:\Python\Lib\tkinter\ttk.py", line 445, in element_create
    self.tk.call(self._name, "element", "create", elementname, etype,
    ~~~~~~~~~~~~^^^^^^^^^^^^^^^^^^^^^^^^^^^^^^^^^^^^^^^^^^^^^^^^^^^^^
        *specs, *opts)
        ^^^^^^^^^^^^^^
_tkinter.TclError: Duplicate element TRadiobutton.indicator
2025-04-16 11:09:03,205 [CRITICAL] __main__ - 详细错误栈:
['Traceback (most recent call last):\n', '  File "D:\\Python\\Lib\\tkinter\\__init__.py", line 2068, in __call__\n    return self.func(*args)\n           ~~~~~~~~~^^^^^^^\n', '  File "c:\\Users\\mengy\\Desktop\\ZK_LogicBom_Builder\\gui\\theme_dialog_tk.py", line 247, in _on_ok\n    self.callback(selected_theme)\n    ~~~~~~~~~~~~~^^^^^^^^^^^^^^^^\n', '  File "c:\\Users\\mengy\\Desktop\\ZK_LogicBom_Builder\\gui\\main_window_tk.py", line 385, in _on_theme_changed\n    theme_manager.apply_theme(self.root)\n    ~~~~~~~~~~~~~~~~~~~~~~~~~^^^^^^^^^^^\n', '  File "c:\\Users\\mengy\\Desktop\\ZK_LogicBom_Builder\\utils\\theme_manager_tk.py", line 198, in apply_theme\n    style.theme_use(theme_name)\n    ~~~~~~~~~~~~~~~^^^^^^^^^^^^\n', '  File "D:\\Python\\Lib\\site-packages\\ttkbootstrap\\style.py", line 586, in theme_use\n    self._create_ttk_styles_on_theme_change()\n    ~~~~~~~~~~~~~~~~~~~~~~~~~~~~~~~~~~~~~~~^^\n', '  File "D:\\Python\\Lib\\site-packages\\ttkbootstrap\\style.py", line 692, in _create_ttk_styles_on_theme_change\n    method(builder, color)\n    ~~~~~~^^^^^^^^^^^^^^^^\n', '  File "D:\\Python\\Lib\\site-packages\\ttkbootstrap\\style.py", line 3584, in create_radiobutton_style\n    self.style.element_create(\n    ~~~~~~~~~~~~~~~~~~~~~~~~~^\n        f"{ttkstyle}.indicator",\n        ^^^^^^^^^^^^^^^^^^^^^^^^\n    ...<7 lines>...\n        sticky=tk.W,\n        ^^^^^^^^^^^^\n    )\n    ^\n', '  File "D:\\Python\\Lib\\tkinter\\ttk.py", line 445, in element_create\n    self.tk.call(self._name, "element", "create", elementname, etype,\n    ~~~~~~~~~~~~^^^^^^^^^^^^^^^^^^^^^^^^^^^^^^^^^^^^^^^^^^^^^^^^^^^^^\n        *specs, *opts)\n        ^^^^^^^^^^^^^^\n', '_tkinter.TclError: Duplicate element TRadiobutton.indicator\n']
Traceback (most recent call last):
  File "D:\Python\Lib\tkinter\__init__.py", line 2068, in __call__
    return self.func(*args)
           ~~~~~~~~~^^^^^^^
  File "c:\Users\mengy\Desktop\ZK_LogicBom_Builder\gui\theme_dialog_tk.py", line 247, in _on_ok
    self.callback(selected_theme)
    ~~~~~~~~~~~~~^^^^^^^^^^^^^^^^
  File "c:\Users\mengy\Desktop\ZK_LogicBom_Builder\gui\main_window_tk.py", line 385, in _on_theme_changed
    theme_manager.apply_theme(self.root)
    ~~~~~~~~~~~~~~~~~~~~~~~~~^^^^^^^^^^^
  File "c:\Users\mengy\Desktop\ZK_LogicBom_Builder\utils\theme_manager_tk.py", line 198, in apply_theme
    style.theme_use(theme_name)
    ~~~~~~~~~~~~~~~^^^^^^^^^^^^
  File "D:\Python\Lib\site-packages\ttkbootstrap\style.py", line 586, in theme_use
    self._create_ttk_styles_on_theme_change()
    ~~~~~~~~~~~~~~~~~~~~~~~~~~~~~~~~~~~~~~~^^
  File "D:\Python\Lib\site-packages\ttkbootstrap\style.py", line 692, in _create_ttk_styles_on_theme_change
    method(builder, color)
    ~~~~~~^^^^^^^^^^^^^^^^
  File "D:\Python\Lib\site-packages\ttkbootstrap\style.py", line 3584, in create_radiobutton_style
    self.style.element_create(
    ~~~~~~~~~~~~~~~~~~~~~~~~~^
        f"{ttkstyle}.indicator",
        ^^^^^^^^^^^^^^^^^^^^^^^^
    ...<7 lines>...
        sticky=tk.W,
        ^^^^^^^^^^^^
    )
    ^
  File "D:\Python\Lib\tkinter\ttk.py", line 445, in element_create
    self.tk.call(self._name, "element", "create", elementname, etype,
    ~~~~~~~~~~~~^^^^^^^^^^^^^^^^^^^^^^^^^^^^^^^^^^^^^^^^^^^^^^^^^^^^^
        *specs, *opts)
        ^^^^^^^^^^^^^^
_tkinter.TclError: Duplicate element TRadiobutton.indicator
2025-04-16 11:09:04,853 [INFO] gui.theme_dialog_tk - 已切换到主题: dark
2025-04-16 11:09:04,858 [ERROR] utils.theme_manager_tk - 应用主题失败: Duplicate element TRadiobutton.indicator
Traceback (most recent call last):
  File "c:\Users\mengy\Desktop\ZK_LogicBom_Builder\utils\theme_manager_tk.py", line 198, in apply_theme
    style.theme_use(theme_name)
    ~~~~~~~~~~~~~~~^^^^^^^^^^^^
  File "D:\Python\Lib\site-packages\ttkbootstrap\style.py", line 586, in theme_use
    self._create_ttk_styles_on_theme_change()
    ~~~~~~~~~~~~~~~~~~~~~~~~~~~~~~~~~~~~~~~^^
  File "D:\Python\Lib\site-packages\ttkbootstrap\style.py", line 692, in _create_ttk_styles_on_theme_change
    method(builder, color)
    ~~~~~~^^^^^^^^^^^^^^^^
  File "D:\Python\Lib\site-packages\ttkbootstrap\style.py", line 3584, in create_radiobutton_style
    self.style.element_create(
    ~~~~~~~~~~~~~~~~~~~~~~~~~^
        f"{ttkstyle}.indicator",
        ^^^^^^^^^^^^^^^^^^^^^^^^
    ...<7 lines>...
        sticky=tk.W,
        ^^^^^^^^^^^^
    )
    ^
  File "D:\Python\Lib\tkinter\ttk.py", line 445, in element_create
    self.tk.call(self._name, "element", "create", elementname, etype,
    ~~~~~~~~~~~~^^^^^^^^^^^^^^^^^^^^^^^^^^^^^^^^^^^^^^^^^^^^^^^^^^^^^
        *specs, *opts)
        ^^^^^^^^^^^^^^
_tkinter.TclError: Duplicate element TRadiobutton.indicator
2025-04-16 11:09:04,860 [CRITICAL] __main__ - 未捕获的异常: Duplicate element TRadiobutton.indicator
Traceback (most recent call last):
  File "D:\Python\Lib\tkinter\__init__.py", line 2068, in __call__
    return self.func(*args)
           ~~~~~~~~~^^^^^^^
  File "c:\Users\mengy\Desktop\ZK_LogicBom_Builder\gui\theme_dialog_tk.py", line 247, in _on_ok
    self.callback(selected_theme)
    ~~~~~~~~~~~~~^^^^^^^^^^^^^^^^
  File "c:\Users\mengy\Desktop\ZK_LogicBom_Builder\gui\main_window_tk.py", line 385, in _on_theme_changed
    theme_manager.apply_theme(self.root)
    ~~~~~~~~~~~~~~~~~~~~~~~~~^^^^^^^^^^^
  File "c:\Users\mengy\Desktop\ZK_LogicBom_Builder\utils\theme_manager_tk.py", line 198, in apply_theme
    style.theme_use(theme_name)
    ~~~~~~~~~~~~~~~^^^^^^^^^^^^
  File "D:\Python\Lib\site-packages\ttkbootstrap\style.py", line 586, in theme_use
    self._create_ttk_styles_on_theme_change()
    ~~~~~~~~~~~~~~~~~~~~~~~~~~~~~~~~~~~~~~~^^
  File "D:\Python\Lib\site-packages\ttkbootstrap\style.py", line 692, in _create_ttk_styles_on_theme_change
    method(builder, color)
    ~~~~~~^^^^^^^^^^^^^^^^
  File "D:\Python\Lib\site-packages\ttkbootstrap\style.py", line 3584, in create_radiobutton_style
    self.style.element_create(
    ~~~~~~~~~~~~~~~~~~~~~~~~~^
        f"{ttkstyle}.indicator",
        ^^^^^^^^^^^^^^^^^^^^^^^^
    ...<7 lines>...
        sticky=tk.W,
        ^^^^^^^^^^^^
    )
    ^
  File "D:\Python\Lib\tkinter\ttk.py", line 445, in element_create
    self.tk.call(self._name, "element", "create", elementname, etype,
    ~~~~~~~~~~~~^^^^^^^^^^^^^^^^^^^^^^^^^^^^^^^^^^^^^^^^^^^^^^^^^^^^^
        *specs, *opts)
        ^^^^^^^^^^^^^^
_tkinter.TclError: Duplicate element TRadiobutton.indicator
2025-04-16 11:09:04,863 [CRITICAL] __main__ - 详细错误栈:
['Traceback (most recent call last):\n', '  File "D:\\Python\\Lib\\tkinter\\__init__.py", line 2068, in __call__\n    return self.func(*args)\n           ~~~~~~~~~^^^^^^^\n', '  File "c:\\Users\\mengy\\Desktop\\ZK_LogicBom_Builder\\gui\\theme_dialog_tk.py", line 247, in _on_ok\n    self.callback(selected_theme)\n    ~~~~~~~~~~~~~^^^^^^^^^^^^^^^^\n', '  File "c:\\Users\\mengy\\Desktop\\ZK_LogicBom_Builder\\gui\\main_window_tk.py", line 385, in _on_theme_changed\n    theme_manager.apply_theme(self.root)\n    ~~~~~~~~~~~~~~~~~~~~~~~~~^^^^^^^^^^^\n', '  File "c:\\Users\\mengy\\Desktop\\ZK_LogicBom_Builder\\utils\\theme_manager_tk.py", line 198, in apply_theme\n    style.theme_use(theme_name)\n    ~~~~~~~~~~~~~~~^^^^^^^^^^^^\n', '  File "D:\\Python\\Lib\\site-packages\\ttkbootstrap\\style.py", line 586, in theme_use\n    self._create_ttk_styles_on_theme_change()\n    ~~~~~~~~~~~~~~~~~~~~~~~~~~~~~~~~~~~~~~~^^\n', '  File "D:\\Python\\Lib\\site-packages\\ttkbootstrap\\style.py", line 692, in _create_ttk_styles_on_theme_change\n    method(builder, color)\n    ~~~~~~^^^^^^^^^^^^^^^^\n', '  File "D:\\Python\\Lib\\site-packages\\ttkbootstrap\\style.py", line 3584, in create_radiobutton_style\n    self.style.element_create(\n    ~~~~~~~~~~~~~~~~~~~~~~~~~^\n        f"{ttkstyle}.indicator",\n        ^^^^^^^^^^^^^^^^^^^^^^^^\n    ...<7 lines>...\n        sticky=tk.W,\n        ^^^^^^^^^^^^\n    )\n    ^\n', '  File "D:\\Python\\Lib\\tkinter\\ttk.py", line 445, in element_create\n    self.tk.call(self._name, "element", "create", elementname, etype,\n    ~~~~~~~~~~~~^^^^^^^^^^^^^^^^^^^^^^^^^^^^^^^^^^^^^^^^^^^^^^^^^^^^^\n        *specs, *opts)\n        ^^^^^^^^^^^^^^\n', '_tkinter.TclError: Duplicate element TRadiobutton.indicator\n']
Traceback (most recent call last):
  File "D:\Python\Lib\tkinter\__init__.py", line 2068, in __call__
    return self.func(*args)
           ~~~~~~~~~^^^^^^^
  File "c:\Users\mengy\Desktop\ZK_LogicBom_Builder\gui\theme_dialog_tk.py", line 247, in _on_ok
    self.callback(selected_theme)
    ~~~~~~~~~~~~~^^^^^^^^^^^^^^^^
  File "c:\Users\mengy\Desktop\ZK_LogicBom_Builder\gui\main_window_tk.py", line 385, in _on_theme_changed
    theme_manager.apply_theme(self.root)
    ~~~~~~~~~~~~~~~~~~~~~~~~~^^^^^^^^^^^
  File "c:\Users\mengy\Desktop\ZK_LogicBom_Builder\utils\theme_manager_tk.py", line 198, in apply_theme
    style.theme_use(theme_name)
    ~~~~~~~~~~~~~~~^^^^^^^^^^^^
  File "D:\Python\Lib\site-packages\ttkbootstrap\style.py", line 586, in theme_use
    self._create_ttk_styles_on_theme_change()
    ~~~~~~~~~~~~~~~~~~~~~~~~~~~~~~~~~~~~~~~^^
  File "D:\Python\Lib\site-packages\ttkbootstrap\style.py", line 692, in _create_ttk_styles_on_theme_change
    method(builder, color)
    ~~~~~~^^^^^^^^^^^^^^^^
  File "D:\Python\Lib\site-packages\ttkbootstrap\style.py", line 3584, in create_radiobutton_style
    self.style.element_create(
    ~~~~~~~~~~~~~~~~~~~~~~~~~^
        f"{ttkstyle}.indicator",
        ^^^^^^^^^^^^^^^^^^^^^^^^
    ...<7 lines>...
        sticky=tk.W,
        ^^^^^^^^^^^^
    )
    ^
  File "D:\Python\Lib\tkinter\ttk.py", line 445, in element_create
    self.tk.call(self._name, "element", "create", elementname, etype,
    ~~~~~~~~~~~~^^^^^^^^^^^^^^^^^^^^^^^^^^^^^^^^^^^^^^^^^^^^^^^^^^^^^
        *specs, *opts)
        ^^^^^^^^^^^^^^
_tkinter.TclError: Duplicate element TRadiobutton.indicator
2025-04-16 11:09:07,094 [INFO] gui.theme_dialog_tk - 已切换到主题: dark
2025-04-16 11:09:07,099 [ERROR] utils.theme_manager_tk - 应用主题失败: Duplicate element TRadiobutton.indicator
Traceback (most recent call last):
  File "c:\Users\mengy\Desktop\ZK_LogicBom_Builder\utils\theme_manager_tk.py", line 198, in apply_theme
    style.theme_use(theme_name)
    ~~~~~~~~~~~~~~~^^^^^^^^^^^^
  File "D:\Python\Lib\site-packages\ttkbootstrap\style.py", line 586, in theme_use
    self._create_ttk_styles_on_theme_change()
    ~~~~~~~~~~~~~~~~~~~~~~~~~~~~~~~~~~~~~~~^^
  File "D:\Python\Lib\site-packages\ttkbootstrap\style.py", line 692, in _create_ttk_styles_on_theme_change
    method(builder, color)
    ~~~~~~^^^^^^^^^^^^^^^^
  File "D:\Python\Lib\site-packages\ttkbootstrap\style.py", line 3584, in create_radiobutton_style
    self.style.element_create(
    ~~~~~~~~~~~~~~~~~~~~~~~~~^
        f"{ttkstyle}.indicator",
        ^^^^^^^^^^^^^^^^^^^^^^^^
    ...<7 lines>...
        sticky=tk.W,
        ^^^^^^^^^^^^
    )
    ^
  File "D:\Python\Lib\tkinter\ttk.py", line 445, in element_create
    self.tk.call(self._name, "element", "create", elementname, etype,
    ~~~~~~~~~~~~^^^^^^^^^^^^^^^^^^^^^^^^^^^^^^^^^^^^^^^^^^^^^^^^^^^^^
        *specs, *opts)
        ^^^^^^^^^^^^^^
_tkinter.TclError: Duplicate element TRadiobutton.indicator
2025-04-16 11:09:07,101 [CRITICAL] __main__ - 未捕获的异常: Duplicate element TRadiobutton.indicator
Traceback (most recent call last):
  File "D:\Python\Lib\tkinter\__init__.py", line 2068, in __call__
    return self.func(*args)
           ~~~~~~~~~^^^^^^^
  File "c:\Users\mengy\Desktop\ZK_LogicBom_Builder\gui\theme_dialog_tk.py", line 247, in _on_ok
    self.callback(selected_theme)
    ~~~~~~~~~~~~~^^^^^^^^^^^^^^^^
  File "c:\Users\mengy\Desktop\ZK_LogicBom_Builder\gui\main_window_tk.py", line 385, in _on_theme_changed
    theme_manager.apply_theme(self.root)
    ~~~~~~~~~~~~~~~~~~~~~~~~~^^^^^^^^^^^
  File "c:\Users\mengy\Desktop\ZK_LogicBom_Builder\utils\theme_manager_tk.py", line 198, in apply_theme
    style.theme_use(theme_name)
    ~~~~~~~~~~~~~~~^^^^^^^^^^^^
  File "D:\Python\Lib\site-packages\ttkbootstrap\style.py", line 586, in theme_use
    self._create_ttk_styles_on_theme_change()
    ~~~~~~~~~~~~~~~~~~~~~~~~~~~~~~~~~~~~~~~^^
  File "D:\Python\Lib\site-packages\ttkbootstrap\style.py", line 692, in _create_ttk_styles_on_theme_change
    method(builder, color)
    ~~~~~~^^^^^^^^^^^^^^^^
  File "D:\Python\Lib\site-packages\ttkbootstrap\style.py", line 3584, in create_radiobutton_style
    self.style.element_create(
    ~~~~~~~~~~~~~~~~~~~~~~~~~^
        f"{ttkstyle}.indicator",
        ^^^^^^^^^^^^^^^^^^^^^^^^
    ...<7 lines>...
        sticky=tk.W,
        ^^^^^^^^^^^^
    )
    ^
  File "D:\Python\Lib\tkinter\ttk.py", line 445, in element_create
    self.tk.call(self._name, "element", "create", elementname, etype,
    ~~~~~~~~~~~~^^^^^^^^^^^^^^^^^^^^^^^^^^^^^^^^^^^^^^^^^^^^^^^^^^^^^
        *specs, *opts)
        ^^^^^^^^^^^^^^
_tkinter.TclError: Duplicate element TRadiobutton.indicator
2025-04-16 11:09:07,105 [CRITICAL] __main__ - 详细错误栈:
['Traceback (most recent call last):\n', '  File "D:\\Python\\Lib\\tkinter\\__init__.py", line 2068, in __call__\n    return self.func(*args)\n           ~~~~~~~~~^^^^^^^\n', '  File "c:\\Users\\mengy\\Desktop\\ZK_LogicBom_Builder\\gui\\theme_dialog_tk.py", line 247, in _on_ok\n    self.callback(selected_theme)\n    ~~~~~~~~~~~~~^^^^^^^^^^^^^^^^\n', '  File "c:\\Users\\mengy\\Desktop\\ZK_LogicBom_Builder\\gui\\main_window_tk.py", line 385, in _on_theme_changed\n    theme_manager.apply_theme(self.root)\n    ~~~~~~~~~~~~~~~~~~~~~~~~~^^^^^^^^^^^\n', '  File "c:\\Users\\mengy\\Desktop\\ZK_LogicBom_Builder\\utils\\theme_manager_tk.py", line 198, in apply_theme\n    style.theme_use(theme_name)\n    ~~~~~~~~~~~~~~~^^^^^^^^^^^^\n', '  File "D:\\Python\\Lib\\site-packages\\ttkbootstrap\\style.py", line 586, in theme_use\n    self._create_ttk_styles_on_theme_change()\n    ~~~~~~~~~~~~~~~~~~~~~~~~~~~~~~~~~~~~~~~^^\n', '  File "D:\\Python\\Lib\\site-packages\\ttkbootstrap\\style.py", line 692, in _create_ttk_styles_on_theme_change\n    method(builder, color)\n    ~~~~~~^^^^^^^^^^^^^^^^\n', '  File "D:\\Python\\Lib\\site-packages\\ttkbootstrap\\style.py", line 3584, in create_radiobutton_style\n    self.style.element_create(\n    ~~~~~~~~~~~~~~~~~~~~~~~~~^\n        f"{ttkstyle}.indicator",\n        ^^^^^^^^^^^^^^^^^^^^^^^^\n    ...<7 lines>...\n        sticky=tk.W,\n        ^^^^^^^^^^^^\n    )\n    ^\n', '  File "D:\\Python\\Lib\\tkinter\\ttk.py", line 445, in element_create\n    self.tk.call(self._name, "element", "create", elementname, etype,\n    ~~~~~~~~~~~~^^^^^^^^^^^^^^^^^^^^^^^^^^^^^^^^^^^^^^^^^^^^^^^^^^^^^\n        *specs, *opts)\n        ^^^^^^^^^^^^^^\n', '_tkinter.TclError: Duplicate element TRadiobutton.indicator\n']
Traceback (most recent call last):
  File "D:\Python\Lib\tkinter\__init__.py", line 2068, in __call__
    return self.func(*args)
           ~~~~~~~~~^^^^^^^
  File "c:\Users\mengy\Desktop\ZK_LogicBom_Builder\gui\theme_dialog_tk.py", line 247, in _on_ok
    self.callback(selected_theme)
    ~~~~~~~~~~~~~^^^^^^^^^^^^^^^^
  File "c:\Users\mengy\Desktop\ZK_LogicBom_Builder\gui\main_window_tk.py", line 385, in _on_theme_changed
    theme_manager.apply_theme(self.root)
    ~~~~~~~~~~~~~~~~~~~~~~~~~^^^^^^^^^^^
  File "c:\Users\mengy\Desktop\ZK_LogicBom_Builder\utils\theme_manager_tk.py", line 198, in apply_theme
    style.theme_use(theme_name)
    ~~~~~~~~~~~~~~~^^^^^^^^^^^^
  File "D:\Python\Lib\site-packages\ttkbootstrap\style.py", line 586, in theme_use
    self._create_ttk_styles_on_theme_change()
    ~~~~~~~~~~~~~~~~~~~~~~~~~~~~~~~~~~~~~~~^^
  File "D:\Python\Lib\site-packages\ttkbootstrap\style.py", line 692, in _create_ttk_styles_on_theme_change
    method(builder, color)
    ~~~~~~^^^^^^^^^^^^^^^^
  File "D:\Python\Lib\site-packages\ttkbootstrap\style.py", line 3584, in create_radiobutton_style
    self.style.element_create(
    ~~~~~~~~~~~~~~~~~~~~~~~~~^
        f"{ttkstyle}.indicator",
        ^^^^^^^^^^^^^^^^^^^^^^^^
    ...<7 lines>...
        sticky=tk.W,
        ^^^^^^^^^^^^
    )
    ^
  File "D:\Python\Lib\tkinter\ttk.py", line 445, in element_create
    self.tk.call(self._name, "element", "create", elementname, etype,
    ~~~~~~~~~~~~^^^^^^^^^^^^^^^^^^^^^^^^^^^^^^^^^^^^^^^^^^^^^^^^^^^^^
        *specs, *opts)
        ^^^^^^^^^^^^^^
_tkinter.TclError: Duplicate element TRadiobutton.indicator
