2025-05-09 10:26:15,137 [INFO] root - 程序启动，日志文件: C:\Users\mengy\Desktop\ZK_LogicBom_Builder\logs\log_20250509_102615.log
2025-05-09 10:26:15,371 [INFO] __main__ - 正在启动程序...
2025-05-09 10:26:15,371 [DEBUG] __main__ - Python版本: 3.13.2 (tags/v3.13.2:4f8bb39, Feb  4 2025, 15:23:48) [MSC v.1942 64 bit (AMD64)]
2025-05-09 10:26:15,372 [DEBUG] __main__ - 当前工作目录: C:\Users\mengy\Desktop\ZK_LogicBom_Builder
2025-05-09 10:26:15,372 [DEBUG] __main__ - src_dir路径: c:\Users\mengy\Desktop\ZK_LogicBom_Builder
2025-05-09 10:26:15,393 [INFO] __main__ - 正在创建语言选择对话框...
2025-05-09 10:26:16,726 [INFO] gui.language_dialog_tk - 已选择语言: zh
2025-05-09 10:26:16,759 [INFO] __main__ - 语言选择结果: zh
2025-05-09 10:26:16,760 [INFO] __main__ - 正在创建主题选择对话框...
2025-05-09 10:26:16,761 [DEBUG] gui.theme_dialog_tk - 创建主题选择对话框
2025-05-09 10:26:16,771 [DEBUG] gui.theme_dialog_tk - 主题选择对话框创建完成
2025-05-09 10:26:17,204 [DEBUG] gui.theme_dialog_tk - 用户选择了light主题
2025-05-09 10:26:17,238 [INFO] __main__ - 主题选择结果: light
2025-05-09 10:26:17,257 [INFO] __main__ - 正在配置主窗口...
2025-05-09 10:26:17,389 [INFO] __main__ - 开始创建MainWindow实例...
2025-05-09 10:26:17,390 [INFO] core.logic_builder - 已加载 7 条规则
2025-05-09 10:26:17,433 [INFO] gui.logic_panel - 规则未加载状态，等待用户确认后再加载规则
2025-05-09 10:26:17,438 [INFO] __main__ - MainWindow实例创建完成
2025-05-09 10:26:17,664 [INFO] __main__ - 开始mainloop()...
2025-05-09 10:26:19,685 [INFO] core.config_processor - 找到工作表: ['1.Kabine']
2025-05-09 10:26:19,686 [INFO] core.config_processor - 处理工作表: 1.Kabine -> 模块: 1.Kabine
2025-05-09 10:26:19,708 [INFO] gui.config_panel - 成功导入配置文件: C:/Users/mengy/Desktop/Kabinemekrmal(Test).xlsx
2025-05-09 10:26:19,710 [INFO] gui.main_window_tk - 成功保存配置文件路径到app_config.json: C:/Users/mengy/Desktop/Kabinemekrmal(Test).xlsx
2025-05-09 10:26:19,711 [INFO] gui.config_panel - 已保存配置文件路径到app_config.json: C:/Users/mengy/Desktop/Kabinemekrmal(Test).xlsx
2025-05-09 10:26:21,070 [INFO] core.bom_processor - 开始导入BOM文件: C:/Users/mengy/Desktop/Bom.xlsx
2025-05-09 10:26:21,071 [INFO] core.bom_processor - 已清空现有数据
2025-05-09 10:26:21,071 [INFO] core.bom_processor - 正在读取Excel文件...
2025-05-09 10:26:21,076 [INFO] core.bom_processor - 成功打开Excel文件，包含以下工作表: ['Max-Gruppe']
2025-05-09 10:26:21,076 [INFO] core.bom_processor - 正在读取 Max-Gruppe 工作表...
2025-05-09 10:26:21,085 [INFO] core.bom_processor - 成功读取工作表，共 154 行数据
2025-05-09 10:26:21,086 [INFO] core.bom_processor - 所有必需列均存在，开始处理数据...
2025-05-09 10:26:21,087 [INFO] core.bom_processor - 过滤空层级后剩余 153 行数据
2025-05-09 10:26:21,088 [INFO] core.bom_processor - 
开始处理数据...
2025-05-09 10:26:21,092 [INFO] core.bom_processor - 
数据处理完成，成功处理 {processed_count} 行数据
2025-05-09 10:26:21,092 [INFO] core.bom_processor - 第 1 级节点数量: 1
2025-05-09 10:26:21,093 [INFO] core.bom_processor - 第 2 级节点数量: 133
2025-05-09 10:26:21,093 [INFO] core.bom_processor - 第 3 级节点数量: 19
2025-05-09 10:26:21,093 [INFO] core.bom_processor - BOM文件导入成功，共处理 153 个项目
2025-05-09 10:26:21,093 [INFO] gui.bom_panel - 成功导入BOM文件: C:/Users/mengy/Desktop/Bom.xlsx
2025-05-09 10:26:21,094 [INFO] gui.bom_panel - 开始刷新树状图
2025-05-09 10:26:21,095 [INFO] gui.bom_panel - 树状图刷新完成
2025-05-09 10:26:21,096 [INFO] gui.main_window_tk - 成功保存BOM文件路径到app_config.json: C:/Users/mengy/Desktop/Bom.xlsx
2025-05-09 10:26:21,096 [INFO] gui.bom_panel - 已保存BOM文件路径到app_config.json: C:/Users/mengy/Desktop/Bom.xlsx
2025-05-09 10:26:22,559 [INFO] core.logic_builder - 规则数据已成功清空，并写入空的临时文件: C:\Users\mengy\Desktop\ZK_LogicBom_Builder\data\temp_rules_latest.json
2025-05-09 10:26:22,559 [INFO] gui.logic_panel - 收到规则变更事件: type=cleared, rule_id=None
2025-05-09 10:26:22,559 [INFO] gui.logic_panel - 已清空所有规则，重置规则已加载标志
2025-05-09 10:26:22,560 [INFO] gui.main_window_tk - 用户取消加载规则，设置规则已加载标志为False
2025-05-09 10:26:34,158 [DEBUG] gui.config_panel - ConfigPanel: 双击选中项 ID: I003
2025-05-09 10:26:34,159 [DEBUG] gui.config_panel - ConfigPanel: 选中项文本: K-200-000000 Fzg: 9 Plätze
2025-05-09 10:26:34,159 [DEBUG] gui.config_panel - ConfigPanel: 提取的代码: K-200-000000
2025-05-09 10:26:34,160 [INFO] gui.config_panel - ConfigPanel: 准备插入特征值: K-200-000000
2025-05-09 10:26:34,160 [DEBUG] gui.config_panel - ConfigPanel: 获取根窗口成功
2025-05-09 10:26:34,161 [DEBUG] gui.config_panel - ConfigPanel: 获取MainWindow实例成功
2025-05-09 10:26:34,161 [DEBUG] gui.config_panel - ConfigPanel: 找到逻辑面板
2025-05-09 10:26:34,162 [DEBUG] gui.logic_panel - LogicPanel: 开始插入代码: K-200-000000
2025-05-09 10:26:34,162 [INFO] gui.logic_panel - LogicPanel: 输入历史 - 类型: K_code, 内容: K-200-000000, 当前表达式: K-200-000000 
2025-05-09 10:26:34,163 [INFO] gui.config_panel - ConfigPanel: 成功发送代码到逻辑面板: K-200-000000
2025-05-09 10:26:35,887 [INFO] gui.logic_panel - LogicPanel: 输入历史 - 类型: operator, 内容: →, 当前表达式: K-200-000000  → 
2025-05-09 10:26:40,824 [DEBUG] gui.bom_panel - BomPanel: 选中项文本: 10019232
Modulkabine Standard MAN Euro 6 18T
Modul cabin standard MAN Euro 6 18T
Z-Cab NG Alpas 3 RAL 3020
Z-Cab NG Alpas 3 RAL 3020
2025-05-09 10:26:40,825 [DEBUG] gui.bom_panel - BomPanel: 提取到Baugruppe: 10019232
2025-05-09 10:26:40,825 [DEBUG] gui.bom_panel - BomPanel: 提取到占位符: PL-GrundKabine
2025-05-09 10:26:40,826 [DEBUG] gui.bom_panel - BomPanel: 构建的BOM码: PL-GrundKabine-10019232
2025-05-09 10:26:40,827 [DEBUG] gui.bom_panel - BomPanel: 获取根窗口成功
2025-05-09 10:26:40,827 [DEBUG] gui.bom_panel - BomPanel: 获取MainWindow实例成功
2025-05-09 10:26:40,828 [DEBUG] gui.bom_panel - BomPanel: 找到逻辑面板
2025-05-09 10:26:40,828 [DEBUG] gui.logic_panel - LogicPanel: 开始插入代码: PL-GrundKabine-10019232
2025-05-09 10:26:40,829 [DEBUG] gui.logic_panel - 验证BOM码: PL-GrundKabine-10019232
2025-05-09 10:26:40,830 [INFO] gui.logic_panel - LogicPanel: 输入历史 - 类型: BOM_code, 内容: PL-GrundKabine-10019232, 当前表达式: K-200-000000  → PL-GrundKabine-10019232 
2025-05-09 10:26:40,831 [INFO] gui.bom_panel - BomPanel: 成功发送代码到逻辑面板: PL-GrundKabine-10019232
2025-05-09 10:26:40,831 [INFO] gui.bom_panel - BomPanel: 成功插入BOM码: PL-GrundKabine-10019232
2025-05-09 10:26:42,156 [INFO] gui.logic_panel - 创建新的BOM逻辑规则ID: BL01
2025-05-09 10:26:42,158 [INFO] core.logic_builder - 已保存 1 条规则到临时文件 (C:\Users\mengy\Desktop\ZK_LogicBom_Builder\data\temp_rules_latest.json)
2025-05-09 10:26:42,158 [INFO] gui.logic_panel - 收到规则变更事件: type=added, rule_id=BL01
2025-05-09 10:26:42,159 [INFO] gui.logic_panel - 已添加新规则: BL01
2025-05-09 10:26:42,160 [INFO] gui.logic_panel - 成功保存规则: BL01, 条件: K-200-000000, 影响: PL-GrundKabine-10019232, 状态: RuleStatus.ENABLED
2025-05-09 10:26:46,988 [DEBUG] gui.config_panel - ConfigPanel: 双击选中项 ID: I004
2025-05-09 10:26:46,989 [DEBUG] gui.config_panel - ConfigPanel: 选中项文本: K-200-000001 Fzg: 8 Plätze / Actiontower S2
2025-05-09 10:26:46,989 [DEBUG] gui.config_panel - ConfigPanel: 提取的代码: K-200-000001
2025-05-09 10:26:46,990 [INFO] gui.config_panel - ConfigPanel: 准备插入特征值: K-200-000001
2025-05-09 10:26:46,990 [DEBUG] gui.config_panel - ConfigPanel: 获取根窗口成功
2025-05-09 10:26:46,991 [DEBUG] gui.config_panel - ConfigPanel: 获取MainWindow实例成功
2025-05-09 10:26:46,991 [DEBUG] gui.config_panel - ConfigPanel: 找到逻辑面板
2025-05-09 10:26:46,992 [DEBUG] gui.logic_panel - LogicPanel: 开始插入代码: K-200-000001
2025-05-09 10:26:46,992 [INFO] gui.logic_panel - LogicPanel: 输入历史 - 类型: K_code, 内容: K-200-000001, 当前表达式: K-200-000001 
2025-05-09 10:26:46,993 [INFO] gui.config_panel - ConfigPanel: 成功发送代码到逻辑面板: K-200-000001
2025-05-09 10:26:48,040 [INFO] gui.logic_panel - LogicPanel: 输入历史 - 类型: operator, 内容: →, 当前表达式: K-200-000001  → 
2025-05-09 10:26:51,446 [INFO] gui.logic_panel - 创建ON ADD微调逻辑: ON 123123 ADD 21321
2025-05-09 10:26:51,448 [INFO] gui.logic_panel - 成功插入微调逻辑到表达式: K-200-000001 →  ON 123123 ADD 21321
2025-05-09 10:26:52,161 [INFO] gui.logic_panel - 创建新的微调逻辑规则ID: TL01
2025-05-09 10:26:52,163 [INFO] core.logic_builder - 已保存 2 条规则到临时文件 (C:\Users\mengy\Desktop\ZK_LogicBom_Builder\data\temp_rules_latest.json)
2025-05-09 10:26:52,164 [INFO] gui.logic_panel - 收到规则变更事件: type=added, rule_id=TL01
2025-05-09 10:26:52,164 [INFO] gui.logic_panel - 已添加新规则: TL01
2025-05-09 10:26:52,165 [INFO] gui.logic_panel - 成功保存规则: TL01, 条件: K-200-000001, 影响: ON 123123 ADD 21321, 状态: RuleStatus.ENABLED
2025-05-09 10:27:05,516 [INFO] core.logic_builder - 开始导出规则数据
2025-05-09 10:27:05,517 [DEBUG] core.logic_builder - 已准备导出规则: ID=BL01
2025-05-09 10:27:05,517 [DEBUG] core.logic_builder - 已准备导出规则: ID=TL01
2025-05-09 10:27:05,517 [INFO] core.logic_builder - 规则数据已成功清空，并写入空的临时文件: C:\Users\mengy\Desktop\ZK_LogicBom_Builder\data\temp_rules_latest.json
2025-05-09 10:27:05,518 [INFO] gui.logic_panel - 收到规则变更事件: type=cleared, rule_id=None
2025-05-09 10:27:05,518 [INFO] gui.logic_panel - 已清空所有规则，重置规则已加载标志
2025-05-09 10:27:05,518 [INFO] core.logic_builder - 规则导出完成，共导出 2 条规则
2025-05-09 10:27:05,519 [INFO] gui.main_window_tk - 成功导出 2 条规则到 C:/Users/mengy/Desktop/bom.json。
