2025-05-15 11:10:07,357 [INFO] root - 程序启动，日志文件: C:\Users\mengy\Desktop\ZK_LogicBom_Builder\logs\log_20250515_111007.log
2025-05-15 11:10:07,593 [INFO] __main__ - 正在启动程序...
2025-05-15 11:10:07,593 [DEBUG] __main__ - Python版本: 3.13.2 (tags/v3.13.2:4f8bb39, Feb  4 2025, 15:23:48) [MSC v.1942 64 bit (AMD64)]
2025-05-15 11:10:07,593 [DEBUG] __main__ - 当前工作目录: C:\Users\mengy\Desktop\ZK_LogicBom_Builder
2025-05-15 11:10:07,593 [DEBUG] __main__ - src_dir路径: c:\Users\mengy\Desktop\ZK_LogicBom_Builder
2025-05-15 11:10:07,614 [INFO] __main__ - 正在创建语言选择对话框...
2025-05-15 11:10:08,567 [INFO] gui.language_dialog_tk - 已选择语言: zh
2025-05-15 11:10:08,592 [INFO] __main__ - 语言选择结果: zh
2025-05-15 11:10:08,592 [INFO] __main__ - 正在创建主题选择对话框...
2025-05-15 11:10:08,593 [DEBUG] gui.theme_dialog_tk - 创建主题选择对话框
2025-05-15 11:10:08,599 [DEBUG] gui.theme_dialog_tk - 主题选择对话框创建完成
2025-05-15 11:10:09,179 [DEBUG] gui.theme_dialog_tk - 用户选择了light主题
2025-05-15 11:10:09,205 [INFO] __main__ - 主题选择结果: light
2025-05-15 11:10:09,206 [INFO] __main__ - 正在配置主窗口...
2025-05-15 11:10:09,302 [INFO] __main__ - 开始创建MainWindow实例...
2025-05-15 11:10:09,303 [INFO] core.logic_builder - 从 C:\Users\mengy\Desktop\ZK_LogicBom_Builder\data\temp_rules_latest.json 加载时检测到新版大写键名规则文件格式 (BL_rules/TL_rules)。
2025-05-15 11:10:09,303 [DEBUG] core.logic_builder - Rule BL01 loaded from file. Original file description: 'Ziegler Standardsitze → PL--Sitze03-PA-Sitz Std. mechanisch 1 FL-Sitzplatz 3'. Regenerating description.
2025-05-15 11:10:09,304 [DEBUG] core.logic_builder - Generated condition part for rule BL01: 'K-200-000300'
2025-05-15 11:10:09,304 [DEBUG] core.logic_builder - Generated action part for rule BL01: 'PL--Sitze03-10019298'
2025-05-15 11:10:09,304 [INFO] core.logic_builder - Newly generated description for BL01 (on _load_rules): 'K-200-000300 → PL--Sitze03-10019298'
2025-05-15 11:10:09,304 [INFO] core.logic_builder - 已加载 1 条规则从 C:\Users\mengy\Desktop\ZK_LogicBom_Builder\data\temp_rules_latest.json
2025-05-15 11:10:09,350 [INFO] gui.logic_panel - LogicPanel: 主窗口引用无效、rules_loaded属性不存在或规则未加载，跳过加载到树。
2025-05-15 11:10:09,367 [INFO] __main__ - MainWindow实例创建完成
2025-05-15 11:10:09,576 [INFO] __main__ - 开始mainloop()...
2025-05-15 11:10:11,075 [INFO] core.config_processor - 找到工作表: ['1.Kabine']
2025-05-15 11:10:11,075 [INFO] core.config_processor - 处理工作表: 1.Kabine -> 模块: 1.Kabine
2025-05-15 11:10:11,097 [INFO] gui.config_panel - 成功导入配置文件: C:/Users/mengy/OneDrive/Kabine_Test_Dokument/Kabine_Mekrmal(Test).xlsx
2025-05-15 11:10:11,099 [INFO] gui.main_window_tk - 成功保存配置文件路径到app_config.json: C:/Users/mengy/OneDrive/Kabine_Test_Dokument/Kabine_Mekrmal(Test).xlsx
2025-05-15 11:10:11,100 [INFO] gui.config_panel - 已保存配置文件路径到app_config.json: C:/Users/mengy/OneDrive/Kabine_Test_Dokument/Kabine_Mekrmal(Test).xlsx
2025-05-15 11:10:12,503 [INFO] core.bom_processor - 开始导入BOM文件: C:/Users/mengy/OneDrive/Kabine_Test_Dokument/Kabine_Bom-MaxGruppe.xlsx
2025-05-15 11:10:12,503 [INFO] core.bom_processor - 已清空现有数据
2025-05-15 11:10:12,504 [INFO] core.bom_processor - 正在读取Excel文件...
2025-05-15 11:10:12,513 [INFO] core.bom_processor - 成功打开Excel文件，包含以下工作表: ['Max-Gruppe']
2025-05-15 11:10:12,513 [INFO] core.bom_processor - 正在读取 Max-Gruppe 工作表...
2025-05-15 11:10:12,530 [INFO] core.bom_processor - 成功读取工作表，共 244 行数据
2025-05-15 11:10:12,530 [INFO] core.bom_processor - 所有必需列均存在，开始处理数据...
2025-05-15 11:10:12,531 [INFO] core.bom_processor - 过滤空层级后剩余 244 行数据
2025-05-15 11:10:12,531 [INFO] core.bom_processor - 
开始处理数据...
2025-05-15 11:10:12,536 [INFO] core.bom_processor - 
数据处理完成，成功处理 {processed_count} 行数据
2025-05-15 11:10:12,536 [INFO] core.bom_processor - 第 1 级节点数量: 244
2025-05-15 11:10:12,536 [INFO] core.bom_processor - BOM文件导入成功，共处理 244 个项目
2025-05-15 11:10:12,536 [INFO] gui.bom_panel - 成功导入BOM文件: C:/Users/mengy/OneDrive/Kabine_Test_Dokument/Kabine_Bom-MaxGruppe.xlsx
2025-05-15 11:10:12,537 [INFO] gui.bom_panel - 开始刷新树状图
2025-05-15 11:10:12,538 [INFO] gui.bom_panel - 树状图刷新完成
2025-05-15 11:10:12,538 [INFO] gui.main_window_tk - 成功保存BOM文件路径到app_config.json: C:/Users/mengy/OneDrive/Kabine_Test_Dokument/Kabine_Bom-MaxGruppe.xlsx
2025-05-15 11:10:12,538 [INFO] gui.bom_panel - 已保存BOM文件路径到app_config.json: C:/Users/mengy/OneDrive/Kabine_Test_Dokument/Kabine_Bom-MaxGruppe.xlsx
2025-05-15 11:10:13,047 [INFO] core.logic_builder - 准备从临时文件加载规则: C:\Users\mengy\Desktop\ZK_LogicBom_Builder\data\temp_rules_latest.json
2025-05-15 11:10:13,047 [DEBUG] core.logic_builder - Rule BL01 loaded from temp file. Original file description: 'Ziegler Standardsitze → PL--Sitze03-PA-Sitz Std. mechanisch 1 FL-Sitzplatz 3'. Regenerating description.
2025-05-15 11:10:13,048 [DEBUG] core.logic_builder - Generated condition part for rule BL01: 'Ziegler Standardsitze'
2025-05-15 11:10:13,048 [DEBUG] core.logic_builder - Generated action part for rule BL01: 'PL--Sitze03-PA-Sitz Std. mechanisch 1 FL-Sitzplatz 3'
2025-05-15 11:10:13,048 [INFO] core.logic_builder - Newly generated description for BL01 (from temp): 'Ziegler Standardsitze → PL--Sitze03-PA-Sitz Std. mechanisch 1 FL-Sitzplatz 3'
2025-05-15 11:10:13,048 [INFO] gui.logic_panel - LogicPanel: 收到规则变更 (非层级): imported, ID: None
2025-05-15 11:10:13,048 [DEBUG] gui.logic_panel - LogicPanel _on_rule_change: No rule object provided for ID: None
2025-05-15 11:10:13,048 [INFO] gui.logic_panel - LogicPanel: 主窗口引用无效、rules_loaded属性不存在或规则未加载，跳过加载到树。
2025-05-15 11:10:13,049 [INFO] core.logic_builder - 从临时文件 (C:\Users\mengy\Desktop\ZK_LogicBom_Builder\data\temp_rules_latest.json) 加载 1 条规则完成。导出状态: False
2025-05-15 11:10:13,050 [INFO] gui.main_window_tk - 检测到LogicBuilder中存在未导出的规则。
2025-05-15 11:10:13,640 [INFO] gui.main_window_tk - 用户拒绝加载未导出的规则。将清空规则。
2025-05-15 11:10:13,641 [INFO] core.logic_builder - 规则数据已成功清空，并写入空的临时文件: C:\Users\mengy\Desktop\ZK_LogicBom_Builder\data\temp_rules_latest.json
2025-05-15 11:10:13,641 [INFO] gui.logic_panel - LogicPanel: 收到规则变更 (非层级): cleared, ID: None
2025-05-15 11:10:13,641 [DEBUG] gui.logic_panel - LogicPanel _on_rule_change: No rule object provided for ID: None
2025-05-15 11:10:13,641 [INFO] gui.logic_panel - LogicPanel: 主窗口引用无效、rules_loaded属性不存在或规则未加载，跳过加载到树。
2025-05-15 11:10:13,643 [INFO] gui.logic_panel - LogicPanel: 主窗口引用无效、rules_loaded属性不存在或规则未加载，跳过加载到树。
2025-05-15 11:10:21,233 [DEBUG] gui.config_panel - ConfigPanel: 双击选中项 ID: I005
2025-05-15 11:10:21,234 [DEBUG] gui.config_panel - ConfigPanel: 选中项文本: K-200-000329 Fzg: 8 Plätze / 1+3+4+5+6+7
2025-05-15 11:10:21,235 [DEBUG] gui.config_panel - ConfigPanel: 提取的代码: K-200-000329
2025-05-15 11:10:21,236 [INFO] gui.config_panel - ConfigPanel: 准备插入特征值: K-200-000329
2025-05-15 11:10:21,237 [DEBUG] gui.config_panel - ConfigPanel: 获取根窗口成功
2025-05-15 11:10:21,237 [DEBUG] gui.config_panel - ConfigPanel: 获取MainWindow实例成功
2025-05-15 11:10:21,238 [DEBUG] gui.config_panel - ConfigPanel: 找到逻辑面板
2025-05-15 11:10:21,238 [DEBUG] gui.logic_panel - LogicPanel: 开始插入代码: K-200-000329
2025-05-15 11:10:21,239 [INFO] gui.logic_panel - LogicPanel: 输入历史 - 类型: K_code, 内容: K-200-000329, 当前表达式: K-200-000329 
2025-05-15 11:10:21,240 [INFO] gui.config_panel - ConfigPanel: 成功发送代码到逻辑面板: K-200-000329
2025-05-15 11:10:23,348 [INFO] gui.logic_panel - LogicPanel: 输入历史 - 类型: operator, 内容: →, 当前表达式: K-200-000329  → 
2025-05-15 11:10:24,205 [DEBUG] gui.bom_panel - BomPanel: 选中项文本: 10019360
Einzelsitz Std Airbag Stra.re.
Sitzplatz 4
2025-05-15 11:10:24,206 [DEBUG] gui.bom_panel - BomPanel: 提取到Baugruppe: 10019360
2025-05-15 11:10:24,207 [DEBUG] gui.bom_panel - BomPanel: 提取到占位符: PL--Sitze04
2025-05-15 11:10:24,207 [DEBUG] gui.bom_panel - BomPanel: 构建的BOM码: PL--Sitze04-10019360
2025-05-15 11:10:24,208 [DEBUG] gui.bom_panel - BomPanel: 获取根窗口成功
2025-05-15 11:10:24,208 [DEBUG] gui.bom_panel - BomPanel: 获取MainWindow实例成功
2025-05-15 11:10:24,209 [DEBUG] gui.bom_panel - BomPanel: 找到逻辑面板
2025-05-15 11:10:24,209 [DEBUG] gui.logic_panel - LogicPanel: 开始插入代码: PL--Sitze04-10019360
2025-05-15 11:10:24,210 [DEBUG] gui.logic_panel - 验证BOM码: PL--Sitze04-10019360
2025-05-15 11:10:24,211 [INFO] gui.logic_panel - LogicPanel: 输入历史 - 类型: BOM_code, 内容: PL--Sitze04-10019360, 当前表达式: K-200-000329  → PL--Sitze04-10019360 
2025-05-15 11:10:24,212 [INFO] gui.bom_panel - BomPanel: 成功发送代码到逻辑面板: PL--Sitze04-10019360
2025-05-15 11:10:24,212 [INFO] gui.bom_panel - BomPanel: 成功插入BOM码: PL--Sitze04-10019360
2025-05-15 11:10:25,108 [INFO] gui.logic_panel - 创建新的BOM逻辑规则ID: BL01
2025-05-15 11:10:25,109 [DEBUG] core.logic_builder - Generated condition part for rule BL01: 'Fzg: 8 Plätze / 1+3+4+5+6+7'
2025-05-15 11:10:25,110 [DEBUG] core.logic_builder - Generated action part for rule BL01: 'PL--Sitze04-Einzelsitz Std Airbag Stra.re.-Sitzplatz 4'
2025-05-15 11:10:25,111 [INFO] core.logic_builder - 已保存 1 条规则到临时文件 (C:\Users\mengy\Desktop\ZK_LogicBom_Builder\data\temp_rules_latest.json)
2025-05-15 11:10:25,111 [INFO] gui.logic_panel - LogicPanel: 收到规则变更 (非层级): added, ID: BL01
2025-05-15 11:10:25,112 [DEBUG] gui.logic_panel - LogicPanel _on_rule_change: Rule object provided. ID: BL01, Description: 'Fzg: 8 Plätze / 1+3+4+5+6+7 → PL--Sitze04-Einzelsitz Std Airbag Stra.re.-Sitzplatz 4'
2025-05-15 11:10:25,112 [INFO] gui.logic_panel - LogicPanel: 已更新树中的规则 BL01 (非层级)
2025-05-15 11:10:25,116 [INFO] core.logic_builder - 已添加规则: BL01, Desc='Fzg: 8 Plätze / 1+3+4+5+6+7 → ...'
2025-05-15 11:10:25,116 [INFO] gui.logic_panel - 成功保存规则: BL01, 条件: K-200-000329, 影响: PL--Sitze04-10019360, 状态: RuleStatus.ENABLED
2025-05-15 11:10:30,309 [DEBUG] core.logic_builder - Updating description for rule BL01. Old description: 'Fzg: 8 Plätze / 1+3+4+5+6+7 → PL--Sitze04-Einzelsitz Std Airbag Stra.re.-Sitzplatz 4'
2025-05-15 11:10:30,310 [DEBUG] core.logic_builder - Generated condition part for rule BL01: 'Fzg: 8 Plätze / 1+3+4+5+6+7'
2025-05-15 11:10:30,310 [DEBUG] core.logic_builder - Generated action part for rule BL01: 'PL--Sitze04-Einzelsitz Std Airbag Stra.re.-Sitzplatz 4'
2025-05-15 11:10:30,310 [INFO] core.logic_builder - Description for rule BL01 is already up-to-date. No change made.
2025-05-15 11:10:40,668 [DEBUG] gui.config_panel - ConfigPanel: 双击选中项 ID: I007
2025-05-15 11:10:40,669 [DEBUG] gui.config_panel - ConfigPanel: 选中项文本: K-200-000002 Fzg: 7 Plätze / Actiont. S5+6
2025-05-15 11:10:40,669 [DEBUG] gui.config_panel - ConfigPanel: 提取的代码: K-200-000002
2025-05-15 11:10:40,669 [INFO] gui.config_panel - ConfigPanel: 准备插入特征值: K-200-000002
2025-05-15 11:10:40,669 [DEBUG] gui.config_panel - ConfigPanel: 获取根窗口成功
2025-05-15 11:10:40,669 [DEBUG] gui.config_panel - ConfigPanel: 获取MainWindow实例成功
2025-05-15 11:10:40,669 [DEBUG] gui.config_panel - ConfigPanel: 找到逻辑面板
2025-05-15 11:10:40,669 [DEBUG] gui.logic_panel - LogicPanel: 开始插入代码: K-200-000002
2025-05-15 11:10:40,670 [INFO] gui.logic_panel - LogicPanel: 输入历史 - 类型: K_code, 内容: K-200-000002, 当前表达式: K-200-000002 
2025-05-15 11:10:40,670 [INFO] gui.config_panel - ConfigPanel: 成功发送代码到逻辑面板: K-200-000002
2025-05-15 11:10:41,762 [INFO] gui.logic_panel - LogicPanel: 输入历史 - 类型: operator, 内容: →, 当前表达式: K-200-000002  → 
2025-05-15 11:10:42,450 [DEBUG] gui.bom_panel - BomPanel: 选中项文本: 10019362
PA-Sitz Std. elektrisch 1 FL
Sitzplatz 4
2025-05-15 11:10:42,451 [DEBUG] gui.bom_panel - BomPanel: 提取到Baugruppe: 10019362
2025-05-15 11:10:42,451 [DEBUG] gui.bom_panel - BomPanel: 提取到占位符: PL--Sitze04
2025-05-15 11:10:42,452 [DEBUG] gui.bom_panel - BomPanel: 构建的BOM码: PL--Sitze04-10019362
2025-05-15 11:10:42,452 [DEBUG] gui.bom_panel - BomPanel: 获取根窗口成功
2025-05-15 11:10:42,452 [DEBUG] gui.bom_panel - BomPanel: 获取MainWindow实例成功
2025-05-15 11:10:42,452 [DEBUG] gui.bom_panel - BomPanel: 找到逻辑面板
2025-05-15 11:10:42,453 [DEBUG] gui.logic_panel - LogicPanel: 开始插入代码: PL--Sitze04-10019362
2025-05-15 11:10:42,453 [DEBUG] gui.logic_panel - 验证BOM码: PL--Sitze04-10019362
2025-05-15 11:10:42,453 [INFO] gui.logic_panel - LogicPanel: 输入历史 - 类型: BOM_code, 内容: PL--Sitze04-10019362, 当前表达式: K-200-000002  → PL--Sitze04-10019362 
2025-05-15 11:10:42,453 [INFO] gui.bom_panel - BomPanel: 成功发送代码到逻辑面板: PL--Sitze04-10019362
2025-05-15 11:10:42,454 [INFO] gui.bom_panel - BomPanel: 成功插入BOM码: PL--Sitze04-10019362
2025-05-15 11:10:43,843 [INFO] gui.logic_panel - 创建新的BOM逻辑规则ID: BL02
2025-05-15 11:10:43,843 [DEBUG] core.logic_builder - Generated condition part for rule BL02: 'Fzg: 7 Plätze / Actiont. S5+6'
2025-05-15 11:10:43,844 [DEBUG] core.logic_builder - Generated action part for rule BL02: 'PL--Sitze04-PA-Sitz Std. elektrisch 1 FL-Sitzplatz 4'
2025-05-15 11:10:43,845 [INFO] core.logic_builder - 已保存 2 条规则到临时文件 (C:\Users\mengy\Desktop\ZK_LogicBom_Builder\data\temp_rules_latest.json)
2025-05-15 11:10:43,846 [INFO] gui.logic_panel - LogicPanel: 收到规则变更 (非层级): added, ID: BL02
2025-05-15 11:10:43,846 [DEBUG] gui.logic_panel - LogicPanel _on_rule_change: Rule object provided. ID: BL02, Description: 'Fzg: 7 Plätze / Actiont. S5+6 → PL--Sitze04-PA-Sitz Std. elektrisch 1 FL-Sitzplatz 4'
2025-05-15 11:10:43,847 [INFO] gui.logic_panel - LogicPanel: 已更新树中的规则 BL02 (非层级)
2025-05-15 11:10:43,857 [INFO] core.logic_builder - 已添加规则: BL02, Desc='Fzg: 7 Plätze / Actiont. S5+6 ...'
2025-05-15 11:10:43,858 [INFO] gui.logic_panel - 成功保存规则: BL02, 条件: K-200-000002, 影响: PL--Sitze04-10019362, 状态: RuleStatus.ENABLED
2025-05-15 11:10:46,691 [INFO] gui.logic_library_window - LogicLibrary: 已加载 2 条规则 (非层级)。
2025-05-15 11:10:46,691 [INFO] gui.logic_library_window - 筛选和搜索完成：显示 2/2 条规则 (非层级)
2025-05-15 11:10:50,260 [INFO] core.logic_builder - 已保存 2 条规则到临时文件 (C:\Users\mengy\Desktop\ZK_LogicBom_Builder\data\temp_rules_latest.json)
2025-05-15 11:10:50,261 [INFO] gui.logic_panel - LogicPanel: 收到规则变更 (非层级): modified, ID: BL01
2025-05-15 11:10:50,261 [DEBUG] gui.logic_panel - LogicPanel _on_rule_change: Rule object provided. ID: BL01, Description: 'Fzg: 8 Plätze / 1+3+4+5+6+7 → PL--Sitze04-Einzelsitz Std Airbag Stra.re.-Sitzplatz 4'
2025-05-15 11:10:50,262 [INFO] gui.logic_panel - LogicPanel: 已更新树中的规则 BL01 (非层级)
2025-05-15 11:10:50,278 [INFO] gui.logic_library_window - LogicLibrary: 收到规则变更 (非层级): modified, ID: BL01
2025-05-15 11:10:50,278 [INFO] gui.logic_library_window - 筛选和搜索完成：显示 2/2 条规则 (非层级)
2025-05-15 11:10:50,279 [INFO] gui.logic_library_window - LogicLibrary: 因 'modified' (非层级)，规则已重新筛选显示。
2025-05-15 11:10:50,279 [INFO] gui.logic_library_window - LogicLibrary: 已更改规则状态: BL01 -> disabled
2025-05-15 11:10:53,161 [INFO] core.logic_builder - 已保存 2 条规则到临时文件 (C:\Users\mengy\Desktop\ZK_LogicBom_Builder\data\temp_rules_latest.json)
2025-05-15 11:10:53,161 [INFO] gui.logic_panel - LogicPanel: 收到规则变更 (非层级): modified, ID: BL01
2025-05-15 11:10:53,162 [DEBUG] gui.logic_panel - LogicPanel _on_rule_change: Rule object provided. ID: BL01, Description: 'Fzg: 8 Plätze / 1+3+4+5+6+7 → PL--Sitze04-Einzelsitz Std Airbag Stra.re.-Sitzplatz 4'
2025-05-15 11:10:53,162 [INFO] gui.logic_panel - LogicPanel: 已更新树中的规则 BL01 (非层级)
2025-05-15 11:10:53,177 [INFO] gui.logic_library_window - LogicLibrary: 收到规则变更 (非层级): modified, ID: BL01
2025-05-15 11:10:53,177 [INFO] gui.logic_library_window - 筛选和搜索完成：显示 2/2 条规则 (非层级)
2025-05-15 11:10:53,177 [INFO] gui.logic_library_window - LogicLibrary: 因 'modified' (非层级)，规则已重新筛选显示。
2025-05-15 11:10:53,177 [INFO] gui.logic_library_window - LogicLibrary: 已更改规则状态: BL01 -> enabled
2025-05-15 11:10:56,721 [INFO] core.logic_builder - 已保存 2 条规则到临时文件 (C:\Users\mengy\Desktop\ZK_LogicBom_Builder\data\temp_rules_latest.json)
2025-05-15 11:10:56,721 [INFO] gui.logic_panel - LogicPanel: 收到规则变更 (非层级): modified, ID: BL02
2025-05-15 11:10:56,721 [DEBUG] gui.logic_panel - LogicPanel _on_rule_change: Rule object provided. ID: BL02, Description: 'Fzg: 7 Plätze / Actiont. S5+6 → PL--Sitze04-PA-Sitz Std. elektrisch 1 FL-Sitzplatz 4'
2025-05-15 11:10:56,721 [INFO] gui.logic_panel - LogicPanel: 已更新树中的规则 BL02 (非层级)
2025-05-15 11:10:56,728 [INFO] gui.logic_library_window - LogicLibrary: 收到规则变更 (非层级): modified, ID: BL02
2025-05-15 11:10:56,729 [INFO] gui.logic_library_window - 筛选和搜索完成：显示 2/2 条规则 (非层级)
2025-05-15 11:10:56,729 [INFO] gui.logic_library_window - LogicLibrary: 因 'modified' (非层级)，规则已重新筛选显示。
2025-05-15 11:10:56,729 [INFO] gui.logic_library_window - LogicLibrary: 已更改规则状态: BL02 -> testing
2025-05-15 11:10:59,964 [INFO] core.logic_builder - 已保存 2 条规则到临时文件 (C:\Users\mengy\Desktop\ZK_LogicBom_Builder\data\temp_rules_latest.json)
2025-05-15 11:10:59,964 [INFO] gui.logic_panel - LogicPanel: 收到规则变更 (非层级): modified, ID: BL02
2025-05-15 11:10:59,965 [DEBUG] gui.logic_panel - LogicPanel _on_rule_change: Rule object provided. ID: BL02, Description: 'Fzg: 7 Plätze / Actiont. S5+6 → PL--Sitze04-PA-Sitz Std. elektrisch 1 FL-Sitzplatz 4'
2025-05-15 11:10:59,965 [INFO] gui.logic_panel - LogicPanel: 已更新树中的规则 BL02 (非层级)
2025-05-15 11:10:59,979 [INFO] gui.logic_library_window - LogicLibrary: 收到规则变更 (非层级): modified, ID: BL02
2025-05-15 11:10:59,980 [INFO] gui.logic_library_window - 筛选和搜索完成：显示 2/2 条规则 (非层级)
2025-05-15 11:10:59,980 [INFO] gui.logic_library_window - LogicLibrary: 因 'modified' (非层级)，规则已重新筛选显示。
2025-05-15 11:10:59,980 [INFO] gui.logic_library_window - LogicLibrary: 已更改规则状态: BL02 -> disabled
2025-05-15 11:13:08,480 [INFO] core.logic_builder - 已保存 1 条规则到临时文件 (C:\Users\mengy\Desktop\ZK_LogicBom_Builder\data\temp_rules_latest.json)
2025-05-15 11:13:08,480 [INFO] gui.logic_library_window - LogicLibrary: 请求删除规则 BL02
2025-05-15 11:13:13,613 [ERROR] gui.logic_library_window - LogicLibrary: LogicBuilder 未能删除规则 BL02
