2025-05-05 14:58:37,856 [INFO] root - 程序启动，日志文件: C:\Users\mengy\Desktop\ZK_LogicBom_Builder\logs\log_20250505_145837.log
2025-05-05 14:58:38,103 [INFO] __main__ - 正在启动程序...
2025-05-05 14:58:38,104 [DEBUG] __main__ - Python版本: 3.13.2 (tags/v3.13.2:4f8bb39, Feb  4 2025, 15:23:48) [MSC v.1942 64 bit (AMD64)]
2025-05-05 14:58:38,104 [DEBUG] __main__ - 当前工作目录: C:\Users\mengy\Desktop\ZK_LogicBom_Builder
2025-05-05 14:58:38,104 [DEBUG] __main__ - src_dir路径: c:\Users\mengy\Desktop\ZK_LogicBom_Builder
2025-05-05 14:58:38,124 [INFO] __main__ - 正在创建语言选择对话框...
2025-05-05 14:58:39,188 [INFO] gui.language_dialog_tk - 已选择语言: zh
2025-05-05 14:58:39,204 [INFO] __main__ - 语言选择结果: zh
2025-05-05 14:58:39,204 [INFO] __main__ - 正在创建主题选择对话框...
2025-05-05 14:58:39,204 [DEBUG] gui.theme_dialog_tk - 创建主题选择对话框
2025-05-05 14:58:39,210 [DEBUG] gui.theme_dialog_tk - 主题选择对话框创建完成
2025-05-05 14:58:39,784 [DEBUG] gui.theme_dialog_tk - 用户选择了light主题
2025-05-05 14:58:39,801 [INFO] __main__ - 主题选择结果: light
2025-05-05 14:58:39,804 [INFO] __main__ - 正在配置主窗口...
2025-05-05 14:58:39,894 [INFO] __main__ - 开始创建MainWindow实例...
2025-05-05 14:58:39,895 [INFO] core.logic_builder - 已加载 2 条规则
2025-05-05 14:58:39,944 [INFO] gui.logic_panel - 规则未加载状态，等待用户确认后再加载规则
2025-05-05 14:58:39,950 [INFO] __main__ - MainWindow实例创建完成
2025-05-05 14:58:40,100 [INFO] __main__ - 开始mainloop()...
2025-05-05 14:58:41,713 [INFO] core.config_processor - 找到工作表: ['1.Kabine']
2025-05-05 14:58:41,713 [INFO] core.config_processor - 处理工作表: 1.Kabine -> 模块: 1.Kabine
2025-05-05 14:58:41,734 [INFO] gui.config_panel - 成功导入配置文件: C:/Users/mengy/Desktop/Kabinemekrmal(Test).xlsx
2025-05-05 14:58:41,737 [INFO] gui.main_window_tk - 成功保存配置文件路径到app_config.json: C:/Users/mengy/Desktop/Kabinemekrmal(Test).xlsx
2025-05-05 14:58:41,737 [INFO] gui.config_panel - 已保存配置文件路径到app_config.json: C:/Users/mengy/Desktop/Kabinemekrmal(Test).xlsx
2025-05-05 14:58:42,664 [INFO] core.bom_processor - 开始导入BOM文件: C:/Users/mengy/Desktop/Bom.xlsx
2025-05-05 14:58:42,665 [INFO] core.bom_processor - 已清空现有数据
2025-05-05 14:58:42,665 [INFO] core.bom_processor - 正在读取Excel文件...
2025-05-05 14:58:42,672 [INFO] core.bom_processor - 成功打开Excel文件，包含以下工作表: ['Max-Gruppe']
2025-05-05 14:58:42,673 [INFO] core.bom_processor - 正在读取 Max-Gruppe 工作表...
2025-05-05 14:58:42,692 [INFO] core.bom_processor - 成功读取工作表，共 154 行数据
2025-05-05 14:58:42,692 [INFO] core.bom_processor - 所有必需列均存在，开始处理数据...
2025-05-05 14:58:42,693 [INFO] core.bom_processor - 过滤空层级后剩余 153 行数据
2025-05-05 14:58:42,694 [INFO] core.bom_processor - 
开始处理数据...
2025-05-05 14:58:42,699 [INFO] core.bom_processor - 
数据处理完成，成功处理 {processed_count} 行数据
2025-05-05 14:58:42,699 [INFO] core.bom_processor - 第 1 级节点数量: 1
2025-05-05 14:58:42,699 [INFO] core.bom_processor - 第 2 级节点数量: 133
2025-05-05 14:58:42,699 [INFO] core.bom_processor - 第 3 级节点数量: 19
2025-05-05 14:58:42,700 [INFO] core.bom_processor - BOM文件导入成功，共处理 153 个项目
2025-05-05 14:58:42,700 [INFO] gui.bom_panel - 成功导入BOM文件: C:/Users/mengy/Desktop/Bom.xlsx
2025-05-05 14:58:42,700 [INFO] gui.bom_panel - 开始刷新树状图
2025-05-05 14:58:42,701 [INFO] gui.bom_panel - 树状图刷新完成
2025-05-05 14:58:42,703 [INFO] gui.main_window_tk - 成功保存BOM文件路径到app_config.json: C:/Users/mengy/Desktop/Bom.xlsx
2025-05-05 14:58:42,703 [INFO] gui.bom_panel - 已保存BOM文件路径到app_config.json: C:/Users/mengy/Desktop/Bom.xlsx
2025-05-05 14:58:44,044 [INFO] gui.main_window_tk - 用户确认加载规则，设置规则已加载标志为True
2025-05-05 14:58:44,045 [INFO] core.logic_builder - 准备从临时文件加载规则: C:\Users\mengy\Desktop\ZK_LogicBom_Builder\data\temp_rules_latest.json
2025-05-05 14:58:44,046 [INFO] gui.logic_panel - 收到规则变更事件: type=imported, rule_id=None
2025-05-05 14:58:44,046 [INFO] gui.logic_panel - 规则已加载状态，开始更新已保存规则框架
2025-05-05 14:58:44,046 [INFO] gui.logic_panel - 开始加载规则到已保存规则框架
2025-05-05 14:58:44,047 [DEBUG] gui.logic_panel - 从LogicBuilder获取到 2 条规则
2025-05-05 14:58:44,047 [DEBUG] gui.logic_panel - 添加规则ID: 1 到已使用集合
2025-05-05 14:58:44,048 [DEBUG] gui.logic_panel - 添加规则ID: 1 到已使用集合
2025-05-05 14:58:44,048 [INFO] gui.logic_panel - 成功加载 2 条规则到已保存规则框架
2025-05-05 14:58:44,049 [INFO] core.logic_builder - 从临时文件加载规则完成
2025-05-05 14:58:44,049 [INFO] gui.main_window_tk - 开始刷新逻辑面板显示
2025-05-05 14:58:44,049 [INFO] gui.logic_panel - 开始加载规则到已保存规则框架
2025-05-05 14:58:44,050 [DEBUG] gui.logic_panel - 从LogicBuilder获取到 2 条规则
2025-05-05 14:58:44,050 [DEBUG] gui.logic_panel - 添加规则ID: 1 到已使用集合
2025-05-05 14:58:44,051 [DEBUG] gui.logic_panel - 添加规则ID: 1 到已使用集合
2025-05-05 14:58:44,051 [INFO] gui.logic_panel - 成功加载 2 条规则到已保存规则框架
2025-05-05 14:58:44,052 [INFO] gui.main_window_tk - 逻辑面板显示刷新完成
2025-05-05 14:58:48,231 [DEBUG] gui.config_panel - ConfigPanel: 双击选中项 ID: I011
2025-05-05 14:58:48,232 [DEBUG] gui.config_panel - ConfigPanel: 选中项文本: K-200-000300 Ziegler Standardsitze
2025-05-05 14:58:48,233 [DEBUG] gui.config_panel - ConfigPanel: 提取的代码: K-200-000300
2025-05-05 14:58:48,233 [INFO] gui.config_panel - ConfigPanel: 准备插入特征值: K-200-000300
2025-05-05 14:58:48,234 [DEBUG] gui.config_panel - ConfigPanel: 获取根窗口成功
2025-05-05 14:58:48,235 [DEBUG] gui.config_panel - ConfigPanel: 获取MainWindow实例成功
2025-05-05 14:58:48,236 [DEBUG] gui.config_panel - ConfigPanel: 找到逻辑面板
2025-05-05 14:58:48,236 [DEBUG] gui.logic_panel - LogicPanel: 开始插入代码: K-200-000300
2025-05-05 14:58:48,237 [INFO] gui.logic_panel - LogicPanel: 输入历史 - 类型: K_code, 内容: K-200-000300, 当前表达式: K-200-000300 
2025-05-05 14:58:48,238 [INFO] gui.config_panel - ConfigPanel: 成功发送代码到逻辑面板: K-200-000300
2025-05-05 14:58:49,007 [INFO] gui.logic_panel - LogicPanel: 输入历史 - 类型: operator, 内容: →, 当前表达式: K-200-000300  → 
2025-05-05 14:58:49,605 [DEBUG] gui.config_panel - ConfigPanel: 双击选中项 ID: I012
2025-05-05 14:58:49,607 [DEBUG] gui.config_panel - ConfigPanel: 选中项文本: K-200-000301 Bostrom Integra Sitze
2025-05-05 14:58:49,607 [DEBUG] gui.config_panel - ConfigPanel: 提取的代码: K-200-000301
2025-05-05 14:58:49,608 [INFO] gui.config_panel - ConfigPanel: 准备插入特征值: K-200-000301
2025-05-05 14:58:49,609 [DEBUG] gui.config_panel - ConfigPanel: 获取根窗口成功
2025-05-05 14:58:49,610 [DEBUG] gui.config_panel - ConfigPanel: 获取MainWindow实例成功
2025-05-05 14:58:49,610 [DEBUG] gui.config_panel - ConfigPanel: 找到逻辑面板
2025-05-05 14:58:49,610 [DEBUG] gui.logic_panel - LogicPanel: 开始插入代码: K-200-000301
2025-05-05 14:58:50,507 [INFO] gui.config_panel - ConfigPanel: 成功发送代码到逻辑面板: K-200-000301
2025-05-05 14:58:58,150 [INFO] gui.logic_panel - 创建ON ADD微调逻辑: ON 2131 ADD 21312
2025-05-05 14:58:58,151 [INFO] gui.logic_panel - 成功插入微调逻辑到表达式: K-200-000300 →  ON 2131 ADD 21312
2025-05-05 14:59:01,464 [WARNING] gui.logic_panel - 表达式已包含微调逻辑
2025-05-05 14:59:08,925 [INFO] core.logic_builder - 准备从临时文件加载规则: C:\Users\mengy\Desktop\ZK_LogicBom_Builder\data\temp_rules_latest.json
2025-05-05 14:59:08,926 [INFO] gui.logic_panel - 收到规则变更事件: type=imported, rule_id=None
2025-05-05 14:59:08,926 [INFO] gui.logic_panel - 规则已加载状态，开始更新已保存规则框架
2025-05-05 14:59:08,927 [INFO] gui.logic_panel - 开始加载规则到已保存规则框架
2025-05-05 14:59:08,927 [DEBUG] gui.logic_panel - 从LogicBuilder获取到 2 条规则
2025-05-05 14:59:08,927 [DEBUG] gui.logic_panel - 添加规则ID: 1 到已使用集合
2025-05-05 14:59:08,928 [DEBUG] gui.logic_panel - 添加规则ID: 1 到已使用集合
2025-05-05 14:59:08,928 [INFO] gui.logic_panel - 成功加载 2 条规则到已保存规则框架
2025-05-05 14:59:08,928 [INFO] core.logic_builder - 从临时文件加载规则完成
2025-05-05 14:59:08,929 [INFO] gui.logic_library_window - 已加载 2 条规则
2025-05-05 14:59:12,868 [INFO] gui.language_dialog_tk - 已选择语言: de
2025-05-05 14:59:12,894 [DEBUG] gui.config_panel - 父类刷新文本失败（可以忽略）: 'super' object has no attribute 'refresh_texts'
2025-05-05 14:59:12,911 [DEBUG] gui.config_panel - 父类刷新文本失败（可以忽略）: 'super' object has no attribute 'refresh_texts'
2025-05-05 14:59:13,756 [WARNING] gui.logic_panel - 表达式已包含微调逻辑
2025-05-05 14:59:21,235 [INFO] core.logic_builder - 准备从临时文件加载规则: C:\Users\mengy\Desktop\ZK_LogicBom_Builder\data\temp_rules_latest.json
2025-05-05 14:59:21,236 [INFO] gui.logic_panel - 收到规则变更事件: type=imported, rule_id=None
2025-05-05 14:59:21,236 [INFO] gui.logic_panel - 规则已加载状态，开始更新已保存规则框架
2025-05-05 14:59:21,236 [INFO] gui.logic_panel - 开始加载规则到已保存规则框架
2025-05-05 14:59:21,236 [DEBUG] gui.logic_panel - 从LogicBuilder获取到 2 条规则
2025-05-05 14:59:21,237 [DEBUG] gui.logic_panel - 添加规则ID: 1 到已使用集合
2025-05-05 14:59:21,237 [DEBUG] gui.logic_panel - 添加规则ID: 1 到已使用集合
2025-05-05 14:59:21,237 [INFO] gui.logic_panel - 成功加载 2 条规则到已保存规则框架
2025-05-05 14:59:21,238 [INFO] core.logic_builder - 从临时文件加载规则完成
2025-05-05 14:59:21,238 [INFO] gui.logic_library_window - 已加载 2 条规则
2025-05-05 14:59:25,129 [INFO] gui.language_dialog_tk - 已选择语言: zh
2025-05-05 14:59:25,149 [DEBUG] gui.config_panel - 父类刷新文本失败（可以忽略）: 'super' object has no attribute 'refresh_texts'
2025-05-05 14:59:25,166 [DEBUG] gui.config_panel - 父类刷新文本失败（可以忽略）: 'super' object has no attribute 'refresh_texts'
2025-05-05 14:59:25,909 [WARNING] gui.logic_panel - 表达式已包含微调逻辑
2025-05-05 14:59:58,442 [INFO] gui.logic_panel - 创建新的微调逻辑规则ID: TL02
2025-05-05 14:59:58,443 [DEBUG] core.logic_builder - 规则数据已保存到临时文件
2025-05-05 14:59:58,444 [INFO] gui.logic_panel - 收到规则变更事件: type=added, rule_id=TL02
2025-05-05 14:59:58,444 [INFO] gui.logic_panel - 已添加新规则: TL02
2025-05-05 14:59:58,444 [INFO] gui.logic_panel - 成功保存规则: TL02, 条件: K-200-000300, 影响: ON 2131 ADD 21312
2025-05-05 15:00:02,498 [INFO] core.logic_builder - 准备从临时文件加载规则: C:\Users\mengy\Desktop\ZK_LogicBom_Builder\data\temp_rules_latest.json
2025-05-05 15:00:02,503 [INFO] gui.logic_panel - 收到规则变更事件: type=imported, rule_id=None
2025-05-05 15:00:02,503 [INFO] gui.logic_panel - 规则已加载状态，开始更新已保存规则框架
2025-05-05 15:00:02,503 [INFO] gui.logic_panel - 开始加载规则到已保存规则框架
2025-05-05 15:00:02,504 [DEBUG] gui.logic_panel - 从LogicBuilder获取到 3 条规则
2025-05-05 15:00:02,504 [DEBUG] gui.logic_panel - 添加规则ID: 1 到已使用集合
2025-05-05 15:00:02,504 [DEBUG] gui.logic_panel - 添加规则ID: 1 到已使用集合
2025-05-05 15:00:02,504 [DEBUG] gui.logic_panel - 添加规则ID: 2 到已使用集合
2025-05-05 15:00:02,504 [INFO] gui.logic_panel - 成功加载 3 条规则到已保存规则框架
2025-05-05 15:00:02,504 [INFO] core.logic_builder - 从临时文件加载规则完成
2025-05-05 15:00:02,505 [INFO] gui.logic_library_window - 已加载 3 条规则
2025-05-05 15:00:06,292 [INFO] gui.language_dialog_tk - 已选择语言: en
2025-05-05 15:00:06,306 [DEBUG] gui.config_panel - 父类刷新文本失败（可以忽略）: 'super' object has no attribute 'refresh_texts'
2025-05-05 15:00:06,325 [DEBUG] gui.config_panel - 父类刷新文本失败（可以忽略）: 'super' object has no attribute 'refresh_texts'
2025-05-05 15:00:08,403 [INFO] core.logic_builder - 准备从临时文件加载规则: C:\Users\mengy\Desktop\ZK_LogicBom_Builder\data\temp_rules_latest.json
2025-05-05 15:00:08,404 [INFO] gui.logic_panel - 收到规则变更事件: type=imported, rule_id=None
2025-05-05 15:00:08,405 [INFO] gui.logic_panel - 规则已加载状态，开始更新已保存规则框架
2025-05-05 15:00:08,405 [INFO] gui.logic_panel - 开始加载规则到已保存规则框架
2025-05-05 15:00:08,405 [DEBUG] gui.logic_panel - 从LogicBuilder获取到 3 条规则
2025-05-05 15:00:08,405 [DEBUG] gui.logic_panel - 添加规则ID: 1 到已使用集合
2025-05-05 15:00:08,406 [DEBUG] gui.logic_panel - 添加规则ID: 1 到已使用集合
2025-05-05 15:00:08,406 [DEBUG] gui.logic_panel - 添加规则ID: 2 到已使用集合
2025-05-05 15:00:08,406 [INFO] gui.logic_panel - 成功加载 3 条规则到已保存规则框架
2025-05-05 15:00:08,407 [INFO] core.logic_builder - 从临时文件加载规则完成
2025-05-05 15:00:08,407 [INFO] gui.logic_library_window - 已加载 3 条规则
2025-05-05 15:00:11,686 [INFO] core.logic_builder - 准备从临时文件加载规则: C:\Users\mengy\Desktop\ZK_LogicBom_Builder\data\temp_rules_latest.json
2025-05-05 15:00:11,687 [INFO] gui.logic_panel - 收到规则变更事件: type=imported, rule_id=None
2025-05-05 15:00:11,687 [INFO] gui.logic_panel - 规则已加载状态，开始更新已保存规则框架
2025-05-05 15:00:11,687 [INFO] gui.logic_panel - 开始加载规则到已保存规则框架
2025-05-05 15:00:11,687 [DEBUG] gui.logic_panel - 从LogicBuilder获取到 3 条规则
2025-05-05 15:00:11,688 [DEBUG] gui.logic_panel - 添加规则ID: 1 到已使用集合
2025-05-05 15:00:11,688 [DEBUG] gui.logic_panel - 添加规则ID: 1 到已使用集合
2025-05-05 15:00:11,688 [DEBUG] gui.logic_panel - 添加规则ID: 2 到已使用集合
2025-05-05 15:00:11,688 [INFO] gui.logic_panel - 成功加载 3 条规则到已保存规则框架
2025-05-05 15:00:11,689 [INFO] core.logic_builder - 从临时文件加载规则完成
2025-05-05 15:00:11,689 [INFO] gui.logic_library_window - 已加载 3 条规则
2025-05-05 15:00:16,465 [INFO] gui.language_dialog_tk - 已选择语言: de
2025-05-05 15:00:16,487 [DEBUG] gui.config_panel - 父类刷新文本失败（可以忽略）: 'super' object has no attribute 'refresh_texts'
2025-05-05 15:00:16,510 [DEBUG] gui.config_panel - 父类刷新文本失败（可以忽略）: 'super' object has no attribute 'refresh_texts'
2025-05-05 15:00:18,445 [INFO] core.logic_builder - 准备从临时文件加载规则: C:\Users\mengy\Desktop\ZK_LogicBom_Builder\data\temp_rules_latest.json
2025-05-05 15:00:18,445 [INFO] gui.logic_panel - 收到规则变更事件: type=imported, rule_id=None
2025-05-05 15:00:18,446 [INFO] gui.logic_panel - 规则已加载状态，开始更新已保存规则框架
2025-05-05 15:00:18,446 [INFO] gui.logic_panel - 开始加载规则到已保存规则框架
2025-05-05 15:00:18,446 [DEBUG] gui.logic_panel - 从LogicBuilder获取到 3 条规则
2025-05-05 15:00:18,446 [DEBUG] gui.logic_panel - 添加规则ID: 1 到已使用集合
2025-05-05 15:00:18,447 [DEBUG] gui.logic_panel - 添加规则ID: 1 到已使用集合
2025-05-05 15:00:18,447 [DEBUG] gui.logic_panel - 添加规则ID: 2 到已使用集合
2025-05-05 15:00:18,447 [INFO] gui.logic_panel - 成功加载 3 条规则到已保存规则框架
2025-05-05 15:00:18,447 [INFO] core.logic_builder - 从临时文件加载规则完成
2025-05-05 15:00:18,448 [INFO] gui.logic_library_window - 已加载 3 条规则
2025-05-05 15:00:22,319 [INFO] core.logic_builder - 准备从临时文件加载规则: C:\Users\mengy\Desktop\ZK_LogicBom_Builder\data\temp_rules_latest.json
2025-05-05 15:00:22,320 [INFO] gui.logic_panel - 收到规则变更事件: type=imported, rule_id=None
2025-05-05 15:00:22,320 [INFO] gui.logic_panel - 规则已加载状态，开始更新已保存规则框架
2025-05-05 15:00:22,320 [INFO] gui.logic_panel - 开始加载规则到已保存规则框架
2025-05-05 15:00:22,321 [DEBUG] gui.logic_panel - 从LogicBuilder获取到 3 条规则
2025-05-05 15:00:22,321 [DEBUG] gui.logic_panel - 添加规则ID: 1 到已使用集合
2025-05-05 15:00:22,321 [DEBUG] gui.logic_panel - 添加规则ID: 1 到已使用集合
2025-05-05 15:00:22,321 [DEBUG] gui.logic_panel - 添加规则ID: 2 到已使用集合
2025-05-05 15:00:22,321 [INFO] gui.logic_panel - 成功加载 3 条规则到已保存规则框架
2025-05-05 15:00:22,322 [INFO] core.logic_builder - 从临时文件加载规则完成
2025-05-05 15:00:22,322 [INFO] gui.logic_library_window - 已加载 3 条规则
2025-05-05 15:00:26,400 [INFO] gui.language_dialog_tk - 已选择语言: zh
2025-05-05 15:00:26,421 [DEBUG] gui.config_panel - 父类刷新文本失败（可以忽略）: 'super' object has no attribute 'refresh_texts'
2025-05-05 15:00:26,442 [DEBUG] gui.config_panel - 父类刷新文本失败（可以忽略）: 'super' object has no attribute 'refresh_texts'
