2025-04-23 11:06:56,145 [INFO] root - 程序启动，日志文件: C:\Users\mengy\Desktop\ZK_LogicBom_Builder\logs\log_20250423_110656.log
2025-04-23 11:06:56,384 [INFO] __main__ - 正在启动程序...
2025-04-23 11:06:56,384 [DEBUG] __main__ - Python版本: 3.13.2 (tags/v3.13.2:4f8bb39, Feb  4 2025, 15:23:48) [MSC v.1942 64 bit (AMD64)]
2025-04-23 11:06:56,384 [DEBUG] __main__ - 当前工作目录: C:\Users\mengy\Desktop\ZK_LogicBom_Builder
2025-04-23 11:06:56,384 [DEBUG] __main__ - src_dir路径: c:\Users\mengy\Desktop\ZK_LogicBom_Builder
2025-04-23 11:06:56,410 [INFO] __main__ - 正在创建语言选择对话框...
2025-04-23 11:06:57,312 [INFO] gui.language_dialog_tk - 已选择语言: zh
2025-04-23 11:06:57,335 [INFO] __main__ - 语言选择结果: zh
2025-04-23 11:06:57,335 [INFO] __main__ - 正在创建主题选择对话框...
2025-04-23 11:06:57,335 [DEBUG] gui.theme_dialog_tk - 创建主题选择对话框
2025-04-23 11:06:57,343 [DEBUG] gui.theme_dialog_tk - 主题选择对话框创建完成
2025-04-23 11:06:58,054 [DEBUG] gui.theme_dialog_tk - 用户选择了light主题
2025-04-23 11:06:58,067 [INFO] __main__ - 主题选择结果: light
2025-04-23 11:06:58,077 [INFO] __main__ - 正在配置主窗口...
2025-04-23 11:06:58,193 [INFO] __main__ - 开始创建MainWindow实例...
2025-04-23 11:06:58,194 [INFO] core.logic_builder - 已加载 6 条规则
2025-04-23 11:06:58,256 [INFO] __main__ - MainWindow实例创建完成
2025-04-23 11:06:58,565 [INFO] __main__ - 开始mainloop()...
2025-04-23 11:07:00,104 [INFO] core.config_processor - 找到工作表: ['TD', '0.模板&Vorlage', '1.Fahrgestell', '2.Fahrzeug allgemein', '3.Beschriftung&Kennzeichnung', '4. Anbauten&Fahrgestellarbeiten', '5. Fahrer_Mannschaftsraum', '6.Koffer', '7.Lichtmast', '8.Pumpenanlage', '9.Seilwinde&Generator', '10.Halterungen']
2025-04-23 11:07:00,105 [DEBUG] core.config_processor - 跳过工作表: TD
2025-04-23 11:07:00,105 [DEBUG] core.config_processor - 跳过工作表: 0.模板&Vorlage
2025-04-23 11:07:00,105 [INFO] core.config_processor - 处理工作表: 1.Fahrgestell -> 模块: 1.Fahrgestell
2025-04-23 11:07:00,122 [INFO] core.config_processor - 处理工作表: 2.Fahrzeug allgemein -> 模块: 2.Fahrzeug allgemein
2025-04-23 11:07:00,138 [INFO] core.config_processor - 处理工作表: 3.Beschriftung&Kennzeichnung -> 模块: 3.Beschriftung&Kennzeichnung
2025-04-23 11:07:00,154 [INFO] core.config_processor - 处理工作表: 4. Anbauten&Fahrgestellarbeiten -> 模块: 4.Anbauten&Fahrgestellarbeiten
2025-04-23 11:07:00,170 [INFO] core.config_processor - 处理工作表: 5. Fahrer_Mannschaftsraum -> 模块: 5.Fahrer_Mannschaftsraum
2025-04-23 11:07:00,190 [INFO] core.config_processor - 处理工作表: 6.Koffer -> 模块: 6.Koffer
2025-04-23 11:07:00,205 [INFO] core.config_processor - 处理工作表: 7.Lichtmast -> 模块: 7.Lichtmast
2025-04-23 11:07:00,219 [INFO] core.config_processor - 处理工作表: 8.Pumpenanlage -> 模块: 8.Pumpenanlage
2025-04-23 11:07:00,235 [INFO] core.config_processor - 处理工作表: 9.Seilwinde&Generator -> 模块: 9.Seilwinde&Generator
2025-04-23 11:07:00,249 [INFO] core.config_processor - 处理工作表: 10.Halterungen -> 模块: 10.Halterungen
2025-04-23 11:07:00,264 [INFO] gui.config_panel - 成功导入配置文件: C:/Users/mengy/Desktop/配置选项_Konfigurationsoptions.xlsm
2025-04-23 11:07:00,267 [INFO] gui.main_window_tk - 成功保存配置文件路径到app_config.json: C:/Users/mengy/Desktop/配置选项_Konfigurationsoptions.xlsm
2025-04-23 11:07:00,267 [INFO] gui.config_panel - 已保存配置文件路径到app_config.json: C:/Users/mengy/Desktop/配置选项_Konfigurationsoptions.xlsm
2025-04-23 11:07:02,427 [INFO] core.bom_processor - 开始导入BOM文件: C:/Users/mengy/Desktop/BOM映射表.xlsx
2025-04-23 11:07:02,431 [INFO] core.bom_processor - 找到工作表: ['MAX-gruppe', 'K码表', '配置', 'Sheet1']
2025-04-23 11:07:02,443 [INFO] core.bom_processor - BOM文件导入成功
2025-04-23 11:07:02,443 [INFO] gui.bom_panel - 成功导入BOM文件: C:/Users/mengy/Desktop/BOM映射表.xlsx
2025-04-23 11:07:02,445 [INFO] gui.main_window_tk - 成功保存BOM文件路径到app_config.json: C:/Users/mengy/Desktop/BOM映射表.xlsx
2025-04-23 11:07:02,445 [INFO] gui.bom_panel - 已保存BOM文件路径到app_config.json: C:/Users/mengy/Desktop/BOM映射表.xlsx
2025-04-23 11:07:05,670 [DEBUG] gui.config_panel - ConfigPanel: 双击选中项 ID: I0BB
2025-04-23 11:07:05,670 [DEBUG] gui.config_panel - ConfigPanel: 选中项文本: K04_02_03 800 l
2025-04-23 11:07:05,671 [DEBUG] gui.config_panel - ConfigPanel: 提取的代码: K04_02_03
2025-04-23 11:07:05,671 [INFO] gui.config_panel - ConfigPanel: 准备插入K码: K04_02_03
2025-04-23 11:07:05,671 [DEBUG] gui.config_panel - ConfigPanel: 获取根窗口成功
2025-04-23 11:07:05,672 [DEBUG] gui.config_panel - ConfigPanel: 获取MainWindow实例成功
2025-04-23 11:07:05,672 [DEBUG] gui.config_panel - ConfigPanel: 找到逻辑面板
2025-04-23 11:07:05,672 [DEBUG] gui.logic_panel - LogicPanel: 开始插入代码: K04_02_03
2025-04-23 11:07:05,673 [INFO] gui.logic_panel - LogicPanel: 输入历史 - 类型: K_code, 内容: K04_02_03, 当前表达式: K04_02_03 
2025-04-23 11:07:05,673 [INFO] gui.config_panel - ConfigPanel: 成功发送代码到逻辑面板: K04_02_03
2025-04-23 11:07:07,010 [INFO] gui.logic_panel - LogicPanel: 输入历史 - 类型: operator, 内容: AND, 当前表达式: K04_02_03  AND 
2025-04-23 11:07:08,707 [DEBUG] gui.bom_panel - BomPanel: 双击选中项 ID: I005
2025-04-23 11:07:08,708 [DEBUG] gui.bom_panel - BomPanel: 选中项文本: [2] PL-GrundKabine 10019234 - Modulkabine Standard MAN Euro 6 18T
Modul cabin standard MAN Euro 6 18T
(Z-Cab NG Alpas 3 RAL XXXX
Z-Cab NG Alpas 3 RAL XXXX)
2025-04-23 11:07:08,709 [INFO] gui.bom_panel - BomPanel: 提取到占位符: PL-GrundKabine, Baugruppe码: 10019234
2025-04-23 11:07:08,710 [INFO] gui.bom_panel - BomPanel: 生成的代码: PL-GrundKabine-10019234
2025-04-23 11:07:08,711 [DEBUG] gui.bom_panel - BomPanel: 获取根窗口成功
2025-04-23 11:07:08,711 [DEBUG] gui.bom_panel - BomPanel: 获取MainWindow实例成功
2025-04-23 11:07:08,712 [DEBUG] gui.bom_panel - BomPanel: 找到逻辑面板
2025-04-23 11:07:08,712 [DEBUG] gui.logic_panel - LogicPanel: 开始插入代码: PL-GrundKabine-10019234
2025-04-23 11:07:08,713 [DEBUG] gui.logic_panel - 验证BOM码: PL-GrundKabine-10019234
2025-04-23 11:07:08,713 [DEBUG] gui.logic_panel - 错误：在→之前插入BOM码
2025-04-23 11:07:10,241 [INFO] gui.bom_panel - BomPanel: 成功发送代码到逻辑面板: PL-GrundKabine-10019234
2025-04-23 11:07:12,047 [DEBUG] gui.config_panel - ConfigPanel: 双击选中项 ID: I0B9
2025-04-23 11:07:12,048 [DEBUG] gui.config_panel - ConfigPanel: 选中项文本: K04_02_01 ohne
2025-04-23 11:07:12,049 [DEBUG] gui.config_panel - ConfigPanel: 提取的代码: K04_02_01
2025-04-23 11:07:12,049 [INFO] gui.config_panel - ConfigPanel: 准备插入K码: K04_02_01
2025-04-23 11:07:12,049 [DEBUG] gui.config_panel - ConfigPanel: 获取根窗口成功
2025-04-23 11:07:12,050 [DEBUG] gui.config_panel - ConfigPanel: 获取MainWindow实例成功
2025-04-23 11:07:12,050 [DEBUG] gui.config_panel - ConfigPanel: 找到逻辑面板
2025-04-23 11:07:12,050 [DEBUG] gui.logic_panel - LogicPanel: 开始插入代码: K04_02_01
2025-04-23 11:07:12,050 [INFO] gui.logic_panel - LogicPanel: 输入历史 - 类型: K_code, 内容: K04_02_01, 当前表达式: K04_02_03  AND K04_02_01 
2025-04-23 11:07:12,050 [INFO] gui.config_panel - ConfigPanel: 成功发送代码到逻辑面板: K04_02_01
2025-04-23 11:07:13,030 [INFO] gui.logic_panel - LogicPanel: 输入历史 - 类型: operator, 内容: →, 当前表达式: K04_02_03  AND K04_02_01  → 
2025-04-23 11:07:13,517 [DEBUG] gui.bom_panel - BomPanel: 双击选中项 ID: I005
2025-04-23 11:07:13,518 [DEBUG] gui.bom_panel - BomPanel: 选中项文本: [2] PL-GrundKabine 10019234 - Modulkabine Standard MAN Euro 6 18T
Modul cabin standard MAN Euro 6 18T
(Z-Cab NG Alpas 3 RAL XXXX
Z-Cab NG Alpas 3 RAL XXXX)
2025-04-23 11:07:13,519 [INFO] gui.bom_panel - BomPanel: 提取到占位符: PL-GrundKabine, Baugruppe码: 10019234
2025-04-23 11:07:13,520 [INFO] gui.bom_panel - BomPanel: 生成的代码: PL-GrundKabine-10019234
2025-04-23 11:07:13,521 [DEBUG] gui.bom_panel - BomPanel: 获取根窗口成功
2025-04-23 11:07:13,521 [DEBUG] gui.bom_panel - BomPanel: 获取MainWindow实例成功
2025-04-23 11:07:13,522 [DEBUG] gui.bom_panel - BomPanel: 找到逻辑面板
2025-04-23 11:07:13,523 [DEBUG] gui.logic_panel - LogicPanel: 开始插入代码: PL-GrundKabine-10019234
2025-04-23 11:07:13,524 [DEBUG] gui.logic_panel - 验证BOM码: PL-GrundKabine-10019234
2025-04-23 11:07:13,524 [INFO] gui.logic_panel - LogicPanel: 输入历史 - 类型: BOM_code, 内容: PL-GrundKabine-10019234, 当前表达式: K04_02_03  AND K04_02_01  → PL-GrundKabine-10019234 
2025-04-23 11:07:13,525 [INFO] gui.bom_panel - BomPanel: 成功发送代码到逻辑面板: PL-GrundKabine-10019234
2025-04-23 11:07:13,833 [DEBUG] gui.bom_panel - BomPanel: 双击选中项 ID: I005
2025-04-23 11:07:13,834 [DEBUG] gui.bom_panel - BomPanel: 选中项文本: [2] PL-GrundKabine 10019234 - Modulkabine Standard MAN Euro 6 18T
Modul cabin standard MAN Euro 6 18T
(Z-Cab NG Alpas 3 RAL XXXX
Z-Cab NG Alpas 3 RAL XXXX)
2025-04-23 11:07:13,835 [INFO] gui.bom_panel - BomPanel: 提取到占位符: PL-GrundKabine, Baugruppe码: 10019234
2025-04-23 11:07:13,836 [INFO] gui.bom_panel - BomPanel: 生成的代码: PL-GrundKabine-10019234
2025-04-23 11:07:13,836 [DEBUG] gui.bom_panel - BomPanel: 获取根窗口成功
2025-04-23 11:07:13,836 [DEBUG] gui.bom_panel - BomPanel: 获取MainWindow实例成功
2025-04-23 11:07:13,837 [DEBUG] gui.bom_panel - BomPanel: 找到逻辑面板
2025-04-23 11:07:13,837 [DEBUG] gui.logic_panel - LogicPanel: 开始插入代码: PL-GrundKabine-10019234
2025-04-23 11:07:13,838 [DEBUG] gui.logic_panel - 验证BOM码: PL-GrundKabine-10019234
2025-04-23 11:07:13,838 [DEBUG] gui.logic_panel - 错误：连续插入BOM码
2025-04-23 11:07:15,237 [INFO] gui.bom_panel - BomPanel: 成功发送代码到逻辑面板: PL-GrundKabine-10019234
