2025-05-08 12:21:59,755 [INFO] root - 程序启动，日志文件: C:\Users\mengy\Desktop\ZK_LogicBom_Builder\logs\log_20250508_122159.log
2025-05-08 12:22:03,413 [INFO] __main__ - 正在启动程序...
2025-05-08 12:22:03,413 [DEBUG] __main__ - Python版本: 3.13.2 (tags/v3.13.2:4f8bb39, Feb  4 2025, 15:23:48) [MSC v.1942 64 bit (AMD64)]
2025-05-08 12:22:03,414 [DEBUG] __main__ - 当前工作目录: C:\Users\mengy\Desktop\ZK_LogicBom_Builder
2025-05-08 12:22:03,414 [DEBUG] __main__ - src_dir路径: c:\Users\mengy\Desktop\ZK_LogicBom_Builder
2025-05-08 12:22:03,904 [INFO] __main__ - 正在创建语言选择对话框...
2025-05-08 12:22:05,015 [INFO] gui.language_dialog_tk - 已选择语言: zh
2025-05-08 12:22:05,034 [INFO] __main__ - 语言选择结果: zh
2025-05-08 12:22:05,034 [INFO] __main__ - 正在创建主题选择对话框...
2025-05-08 12:22:05,035 [DEBUG] gui.theme_dialog_tk - 创建主题选择对话框
2025-05-08 12:22:05,056 [DEBUG] gui.theme_dialog_tk - 主题选择对话框创建完成
2025-05-08 12:22:05,810 [DEBUG] gui.theme_dialog_tk - 用户选择了light主题
2025-05-08 12:22:05,835 [INFO] __main__ - 主题选择结果: light
2025-05-08 12:22:05,849 [INFO] __main__ - 正在配置主窗口...
2025-05-08 12:22:05,993 [INFO] __main__ - 开始创建MainWindow实例...
2025-05-08 12:22:05,994 [INFO] core.logic_builder - 已加载 3 条规则
2025-05-08 12:22:06,168 [INFO] gui.logic_panel - 规则未加载状态，等待用户确认后再加载规则
2025-05-08 12:22:06,189 [INFO] __main__ - MainWindow实例创建完成
2025-05-08 12:22:06,380 [INFO] __main__ - 开始mainloop()...
2025-05-08 12:22:08,253 [INFO] core.config_processor - 找到工作表: ['1.Kabine']
2025-05-08 12:22:08,253 [INFO] core.config_processor - 处理工作表: 1.Kabine -> 模块: 1.Kabine
2025-05-08 12:22:08,278 [INFO] gui.config_panel - 成功导入配置文件: C:/Users/mengy/Desktop/Kabinemekrmal(Test).xlsx
2025-05-08 12:22:08,280 [INFO] gui.main_window_tk - 成功保存配置文件路径到app_config.json: C:/Users/mengy/Desktop/Kabinemekrmal(Test).xlsx
2025-05-08 12:22:08,281 [INFO] gui.config_panel - 已保存配置文件路径到app_config.json: C:/Users/mengy/Desktop/Kabinemekrmal(Test).xlsx
2025-05-08 12:22:11,794 [INFO] gui.main_window_tk - 用户确认加载规则，设置规则已加载标志为True
2025-05-08 12:22:11,794 [INFO] core.logic_builder - 准备从临时文件加载规则: C:\Users\mengy\Desktop\ZK_LogicBom_Builder\data\temp_rules_latest.json
2025-05-08 12:22:11,795 [INFO] gui.logic_panel - 收到规则变更事件: type=imported, rule_id=None
2025-05-08 12:22:11,795 [INFO] gui.logic_panel - 规则已加载状态，开始更新已保存规则框架
2025-05-08 12:22:11,796 [INFO] gui.logic_panel - 开始加载规则到已保存规则框架
2025-05-08 12:22:11,796 [DEBUG] gui.logic_panel - 从LogicBuilder获取到 3 条规则
2025-05-08 12:22:11,796 [DEBUG] gui.logic_panel - 添加规则ID: 1 到已使用集合
2025-05-08 12:22:11,796 [DEBUG] gui.logic_panel - 添加规则ID: 1 到已使用集合
2025-05-08 12:22:11,797 [DEBUG] gui.logic_panel - 添加规则ID: 2 到已使用集合
2025-05-08 12:22:11,797 [INFO] gui.logic_panel - 成功加载 3 条规则到已保存规则框架
2025-05-08 12:22:11,797 [INFO] core.logic_builder - 从临时文件加载规则完成
2025-05-08 12:22:11,798 [INFO] gui.main_window_tk - 开始刷新逻辑面板显示
2025-05-08 12:22:11,798 [INFO] gui.logic_panel - 开始加载规则到已保存规则框架
2025-05-08 12:22:11,798 [DEBUG] gui.logic_panel - 从LogicBuilder获取到 3 条规则
2025-05-08 12:22:11,799 [DEBUG] gui.logic_panel - 添加规则ID: 1 到已使用集合
2025-05-08 12:22:11,799 [DEBUG] gui.logic_panel - 添加规则ID: 1 到已使用集合
2025-05-08 12:22:11,799 [DEBUG] gui.logic_panel - 添加规则ID: 2 到已使用集合
2025-05-08 12:22:11,800 [INFO] gui.logic_panel - 成功加载 3 条规则到已保存规则框架
2025-05-08 12:22:11,800 [INFO] gui.main_window_tk - 逻辑面板显示刷新完成
2025-05-08 12:22:17,764 [INFO] gui.bom_panel - 用户选择了新的BOM文件: C:/Users/mengy/Desktop/Bom.xlsx
2025-05-08 12:22:17,764 [INFO] core.bom_processor - 开始导入BOM文件: C:/Users/mengy/Desktop/Bom.xlsx
2025-05-08 12:22:17,765 [INFO] core.bom_processor - 已清空现有数据
2025-05-08 12:22:17,765 [INFO] core.bom_processor - 正在读取Excel文件...
2025-05-08 12:22:17,768 [INFO] core.bom_processor - 成功打开Excel文件，包含以下工作表: ['Max-Gruppe']
2025-05-08 12:22:17,768 [INFO] core.bom_processor - 正在读取 Max-Gruppe 工作表...
2025-05-08 12:22:17,778 [INFO] core.bom_processor - 成功读取工作表，共 154 行数据
2025-05-08 12:22:17,778 [INFO] core.bom_processor - 所有必需列均存在，开始处理数据...
2025-05-08 12:22:17,779 [INFO] core.bom_processor - 过滤空层级后剩余 153 行数据
2025-05-08 12:22:17,780 [INFO] core.bom_processor - 
开始处理数据...
2025-05-08 12:22:17,783 [INFO] core.bom_processor - 
数据处理完成，成功处理 {processed_count} 行数据
2025-05-08 12:22:17,783 [INFO] core.bom_processor - 第 1 级节点数量: 1
2025-05-08 12:22:17,783 [INFO] core.bom_processor - 第 2 级节点数量: 133
2025-05-08 12:22:17,783 [INFO] core.bom_processor - 第 3 级节点数量: 19
2025-05-08 12:22:17,784 [INFO] core.bom_processor - BOM文件导入成功，共处理 153 个项目
2025-05-08 12:22:17,784 [INFO] gui.bom_panel - 成功导入BOM文件: C:/Users/mengy/Desktop/Bom.xlsx
2025-05-08 12:22:17,784 [INFO] gui.bom_panel - 开始刷新树状图
2025-05-08 12:22:17,784 [INFO] gui.bom_panel - 树状图刷新完成
2025-05-08 12:22:17,791 [INFO] gui.main_window_tk - 成功保存BOM文件路径到app_config.json: C:/Users/mengy/Desktop/Bom.xlsx
2025-05-08 12:22:17,792 [INFO] gui.bom_panel - 已保存BOM文件路径到app_config.json: C:/Users/mengy/Desktop/Bom.xlsx
2025-05-08 12:22:20,181 [DEBUG] gui.bom_panel - BomPanel: 选中项文本: [2] PL-GrundKabine
2025-05-08 12:22:20,664 [DEBUG] gui.bom_panel - BomPanel: 选中项文本: [2] PL-GrundKabine
2025-05-08 12:22:21,105 [DEBUG] gui.bom_panel - BomPanel: 选中项文本: [2] PL-GrundKabine
2025-05-08 12:22:21,962 [DEBUG] gui.bom_panel - BomPanel: 选中项文本: [2] PL-Sitze01
2025-05-08 12:22:22,921 [DEBUG] gui.bom_panel - BomPanel: 选中项文本: [2] PL-Sitze02
