2025-04-25 13:52:00,789 [INFO] root - 程序启动，日志文件: C:\Users\mengy\Desktop\ZK_LogicBom_Builder\logs\log_20250425_135200.log
2025-04-25 13:52:01,029 [INFO] __main__ - 正在启动程序...
2025-04-25 13:52:01,030 [DEBUG] __main__ - Python版本: 3.13.2 (tags/v3.13.2:4f8bb39, Feb  4 2025, 15:23:48) [MSC v.1942 64 bit (AMD64)]
2025-04-25 13:52:01,030 [DEBUG] __main__ - 当前工作目录: C:\Users\mengy\Desktop\ZK_LogicBom_Builder
2025-04-25 13:52:01,030 [DEBUG] __main__ - src_dir路径: c:\Users\mengy\Desktop\ZK_LogicBom_Builder
2025-04-25 13:52:01,054 [INFO] __main__ - 正在创建语言选择对话框...
2025-04-25 13:52:02,351 [INFO] gui.language_dialog_tk - 已选择语言: zh
2025-04-25 13:52:02,383 [INFO] __main__ - 语言选择结果: zh
2025-04-25 13:52:02,384 [INFO] __main__ - 正在创建主题选择对话框...
2025-04-25 13:52:02,384 [DEBUG] gui.theme_dialog_tk - 创建主题选择对话框
2025-04-25 13:52:02,391 [DEBUG] gui.theme_dialog_tk - 主题选择对话框创建完成
2025-04-25 13:52:03,175 [DEBUG] gui.theme_dialog_tk - 用户选择了light主题
2025-04-25 13:52:03,201 [INFO] __main__ - 主题选择结果: light
2025-04-25 13:52:03,204 [INFO] __main__ - 正在配置主窗口...
2025-04-25 13:52:03,394 [INFO] __main__ - 开始创建MainWindow实例...
2025-04-25 13:52:03,395 [INFO] core.logic_builder - 已加载 4 条规则
2025-04-25 13:52:03,476 [INFO] __main__ - MainWindow实例创建完成
2025-04-25 13:52:03,823 [INFO] __main__ - 开始mainloop()...
2025-04-25 13:52:06,133 [INFO] core.config_processor - 找到工作表: ['TD', '0.模板&Vorlage', '1.Fahrgestell', '2.Fahrzeug allgemein', '3.Beschriftung&Kennzeichnung', '4. Anbauten&Fahrgestellarbeiten', '5. Fahrer_Mannschaftsraum', '6.Koffer', '7.Lichtmast', '8.Pumpenanlage', '9.Seilwinde&Generator', '10.Halterungen']
2025-04-25 13:52:06,134 [DEBUG] core.config_processor - 跳过工作表: TD
2025-04-25 13:52:06,134 [DEBUG] core.config_processor - 跳过工作表: 0.模板&Vorlage
2025-04-25 13:52:06,134 [INFO] core.config_processor - 处理工作表: 1.Fahrgestell -> 模块: 1.Fahrgestell
2025-04-25 13:52:06,153 [INFO] core.config_processor - 处理工作表: 2.Fahrzeug allgemein -> 模块: 2.Fahrzeug allgemein
2025-04-25 13:52:06,169 [INFO] core.config_processor - 处理工作表: 3.Beschriftung&Kennzeichnung -> 模块: 3.Beschriftung&Kennzeichnung
2025-04-25 13:52:06,185 [INFO] core.config_processor - 处理工作表: 4. Anbauten&Fahrgestellarbeiten -> 模块: 4.Anbauten&Fahrgestellarbeiten
2025-04-25 13:52:06,200 [INFO] core.config_processor - 处理工作表: 5. Fahrer_Mannschaftsraum -> 模块: 5.Fahrer_Mannschaftsraum
2025-04-25 13:52:06,220 [INFO] core.config_processor - 处理工作表: 6.Koffer -> 模块: 6.Koffer
2025-04-25 13:52:06,236 [INFO] core.config_processor - 处理工作表: 7.Lichtmast -> 模块: 7.Lichtmast
2025-04-25 13:52:06,250 [INFO] core.config_processor - 处理工作表: 8.Pumpenanlage -> 模块: 8.Pumpenanlage
2025-04-25 13:52:06,265 [INFO] core.config_processor - 处理工作表: 9.Seilwinde&Generator -> 模块: 9.Seilwinde&Generator
2025-04-25 13:52:06,280 [INFO] core.config_processor - 处理工作表: 10.Halterungen -> 模块: 10.Halterungen
2025-04-25 13:52:06,294 [INFO] gui.config_panel - 成功导入配置文件: C:/Users/mengy/Desktop/配置选项_Konfigurationsoptions.xlsm
2025-04-25 13:52:06,298 [INFO] gui.main_window_tk - 成功保存配置文件路径到app_config.json: C:/Users/mengy/Desktop/配置选项_Konfigurationsoptions.xlsm
2025-04-25 13:52:06,298 [INFO] gui.config_panel - 已保存配置文件路径到app_config.json: C:/Users/mengy/Desktop/配置选项_Konfigurationsoptions.xlsm
2025-04-25 13:52:07,234 [INFO] core.bom_processor - 开始导入BOM文件: C:/Users/mengy/Desktop/BOM映射表.xlsx
2025-04-25 13:52:07,235 [INFO] core.bom_processor - 已清空现有数据
2025-04-25 13:52:07,235 [INFO] core.bom_processor - 正在读取Excel文件...
2025-04-25 13:52:07,240 [INFO] core.bom_processor - 成功打开Excel文件，包含以下工作表: ['MAX-gruppe', 'K码表', '配置', 'Sheet1']
2025-04-25 13:52:07,240 [INFO] core.bom_processor - 正在读取 MAX-gruppe 工作表...
2025-04-25 13:52:07,250 [INFO] core.bom_processor - 成功读取工作表，共 154 行数据
2025-04-25 13:52:07,250 [INFO] core.bom_processor - 所有必需列均存在，开始处理数据...
2025-04-25 13:52:07,251 [INFO] core.bom_processor - 过滤空层级后剩余 153 行数据
2025-04-25 13:52:07,252 [INFO] core.bom_processor - 
开始处理数据...
2025-04-25 13:52:07,255 [INFO] core.bom_processor - 
数据处理完成，成功处理 {processed_count} 行数据
2025-04-25 13:52:07,256 [INFO] core.bom_processor - 第 1 级节点数量: 1
2025-04-25 13:52:07,256 [INFO] core.bom_processor - 第 2 级节点数量: 133
2025-04-25 13:52:07,256 [INFO] core.bom_processor - 第 3 级节点数量: 19
2025-04-25 13:52:07,256 [INFO] core.bom_processor - BOM文件导入成功，共处理 153 个项目
2025-04-25 13:52:07,257 [INFO] gui.bom_panel - 成功导入BOM文件: C:/Users/mengy/Desktop/BOM映射表.xlsx
2025-04-25 13:52:07,257 [INFO] gui.bom_panel - 开始刷新树状图
2025-04-25 13:52:07,257 [INFO] gui.bom_panel - 第 1 级节点数量: 1
2025-04-25 13:52:07,257 [INFO] gui.bom_panel - 第 2 级节点数量: 133
2025-04-25 13:52:07,257 [INFO] gui.bom_panel - 第 3 级节点数量: 19
2025-04-25 13:52:07,259 [INFO] gui.bom_panel - 树状图刷新完成
2025-04-25 13:52:07,261 [INFO] gui.main_window_tk - 成功保存BOM文件路径到app_config.json: C:/Users/mengy/Desktop/BOM映射表.xlsx
2025-04-25 13:52:07,261 [INFO] gui.bom_panel - 已保存BOM文件路径到app_config.json: C:/Users/mengy/Desktop/BOM映射表.xlsx
2025-04-25 13:52:11,423 [DEBUG] gui.bom_panel - BomPanel: 双击选中项 ID: I002
2025-04-25 13:52:11,423 [DEBUG] gui.bom_panel - BomPanel: 选中项文本: [2] PL-Beleuchtung
2025-04-25 13:52:14,561 [DEBUG] gui.bom_panel - BomPanel: 双击选中项 ID: I04E
2025-04-25 13:52:14,562 [DEBUG] gui.bom_panel - BomPanel: 选中项文本: [2] PL-Sitze03
2025-04-25 13:52:15,456 [DEBUG] gui.bom_panel - BomPanel: 双击选中项 ID: I060
2025-04-25 13:52:15,457 [DEBUG] gui.bom_panel - BomPanel: 选中项文本: [2] PL-Sitze04
2025-04-25 13:52:16,304 [DEBUG] gui.bom_panel - BomPanel: 双击选中项 ID: I060
2025-04-25 13:52:16,305 [DEBUG] gui.bom_panel - BomPanel: 选中项文本: [2] PL-Sitze04
2025-04-25 13:52:17,791 [DEBUG] gui.bom_panel - BomPanel: 双击选中项 ID: I072
2025-04-25 13:52:17,791 [DEBUG] gui.bom_panel - BomPanel: 选中项文本: [2] PL-Sitze05
2025-04-25 13:52:18,080 [DEBUG] gui.bom_panel - BomPanel: 双击选中项 ID: I072
2025-04-25 13:52:18,081 [DEBUG] gui.bom_panel - BomPanel: 选中项文本: [2] PL-Sitze05
2025-04-25 13:52:18,413 [DEBUG] gui.bom_panel - BomPanel: 双击选中项 ID: I072
2025-04-25 13:52:18,413 [DEBUG] gui.bom_panel - BomPanel: 选中项文本: [2] PL-Sitze05
2025-04-25 13:52:19,818 [DEBUG] gui.bom_panel - BomPanel: 双击选中项 ID: I093
2025-04-25 13:52:19,819 [DEBUG] gui.bom_panel - BomPanel: 选中项文本: [2] PL-Sitze07
