2025-05-05 15:54:14,147 [INFO] root - 程序启动，日志文件: C:\Users\mengy\Desktop\ZK_LogicBom_Builder\logs\log_20250505_155414.log
2025-05-05 15:54:14,388 [INFO] __main__ - 正在启动程序...
2025-05-05 15:54:14,388 [DEBUG] __main__ - Python版本: 3.13.2 (tags/v3.13.2:4f8bb39, Feb  4 2025, 15:23:48) [MSC v.1942 64 bit (AMD64)]
2025-05-05 15:54:14,388 [DEBUG] __main__ - 当前工作目录: C:\Users\mengy\Desktop\ZK_LogicBom_Builder
2025-05-05 15:54:14,388 [DEBUG] __main__ - src_dir路径: c:\Users\mengy\Desktop\ZK_LogicBom_Builder
2025-05-05 15:54:14,409 [INFO] __main__ - 正在创建语言选择对话框...
2025-05-05 15:54:15,409 [INFO] gui.language_dialog_tk - 已选择语言: zh
2025-05-05 15:54:15,425 [INFO] __main__ - 语言选择结果: zh
2025-05-05 15:54:15,425 [INFO] __main__ - 正在创建主题选择对话框...
2025-05-05 15:54:15,426 [DEBUG] gui.theme_dialog_tk - 创建主题选择对话框
2025-05-05 15:54:15,430 [DEBUG] gui.theme_dialog_tk - 主题选择对话框创建完成
2025-05-05 15:54:16,474 [DEBUG] gui.theme_dialog_tk - 用户选择了light主题
2025-05-05 15:54:16,494 [INFO] __main__ - 主题选择结果: light
2025-05-05 15:54:16,497 [INFO] __main__ - 正在配置主窗口...
2025-05-05 15:54:16,633 [INFO] __main__ - 开始创建MainWindow实例...
2025-05-05 15:54:16,634 [INFO] core.logic_builder - 已加载 2 条规则
2025-05-05 15:54:16,704 [INFO] gui.logic_panel - 规则未加载状态，等待用户确认后再加载规则
2025-05-05 15:54:16,724 [INFO] __main__ - MainWindow实例创建完成
2025-05-05 15:54:16,920 [INFO] __main__ - 开始mainloop()...
2025-05-05 15:54:18,410 [INFO] core.config_processor - 找到工作表: ['1.Kabine']
2025-05-05 15:54:18,411 [INFO] core.config_processor - 处理工作表: 1.Kabine -> 模块: 1.Kabine
2025-05-05 15:54:18,432 [INFO] gui.config_panel - 成功导入配置文件: C:/Users/mengy/Desktop/Kabinemekrmal(Test).xlsx
2025-05-05 15:54:18,434 [INFO] gui.main_window_tk - 成功保存配置文件路径到app_config.json: C:/Users/mengy/Desktop/Kabinemekrmal(Test).xlsx
2025-05-05 15:54:18,435 [INFO] gui.config_panel - 已保存配置文件路径到app_config.json: C:/Users/mengy/Desktop/Kabinemekrmal(Test).xlsx
2025-05-05 15:54:19,305 [INFO] core.bom_processor - 开始导入BOM文件: C:/Users/mengy/Desktop/Bom.xlsx
2025-05-05 15:54:19,306 [INFO] core.bom_processor - 已清空现有数据
2025-05-05 15:54:19,306 [INFO] core.bom_processor - 正在读取Excel文件...
2025-05-05 15:54:19,311 [INFO] core.bom_processor - 成功打开Excel文件，包含以下工作表: ['Max-Gruppe']
2025-05-05 15:54:19,311 [INFO] core.bom_processor - 正在读取 Max-Gruppe 工作表...
2025-05-05 15:54:19,320 [INFO] core.bom_processor - 成功读取工作表，共 154 行数据
2025-05-05 15:54:19,320 [INFO] core.bom_processor - 所有必需列均存在，开始处理数据...
2025-05-05 15:54:19,321 [INFO] core.bom_processor - 过滤空层级后剩余 153 行数据
2025-05-05 15:54:19,322 [INFO] core.bom_processor - 
开始处理数据...
2025-05-05 15:54:19,326 [INFO] core.bom_processor - 
数据处理完成，成功处理 {processed_count} 行数据
2025-05-05 15:54:19,326 [INFO] core.bom_processor - 第 1 级节点数量: 1
2025-05-05 15:54:19,326 [INFO] core.bom_processor - 第 2 级节点数量: 133
2025-05-05 15:54:19,327 [INFO] core.bom_processor - 第 3 级节点数量: 19
2025-05-05 15:54:19,327 [INFO] core.bom_processor - BOM文件导入成功，共处理 153 个项目
2025-05-05 15:54:19,328 [INFO] gui.bom_panel - 成功导入BOM文件: C:/Users/mengy/Desktop/Bom.xlsx
2025-05-05 15:54:19,328 [INFO] gui.bom_panel - 开始刷新树状图
2025-05-05 15:54:19,329 [INFO] gui.bom_panel - 树状图刷新完成
2025-05-05 15:54:19,330 [INFO] gui.main_window_tk - 成功保存BOM文件路径到app_config.json: C:/Users/mengy/Desktop/Bom.xlsx
2025-05-05 15:54:19,330 [INFO] gui.bom_panel - 已保存BOM文件路径到app_config.json: C:/Users/mengy/Desktop/Bom.xlsx
2025-05-05 15:54:20,231 [INFO] gui.main_window_tk - 用户确认加载规则，设置规则已加载标志为True
2025-05-05 15:54:20,231 [INFO] core.logic_builder - 准备从临时文件加载规则: C:\Users\mengy\Desktop\ZK_LogicBom_Builder\data\temp_rules_latest.json
2025-05-05 15:54:20,232 [INFO] gui.logic_panel - 收到规则变更事件: type=imported, rule_id=None
2025-05-05 15:54:20,233 [INFO] gui.logic_panel - 规则已加载状态，开始更新已保存规则框架
2025-05-05 15:54:20,233 [INFO] gui.logic_panel - 开始加载规则到已保存规则框架
2025-05-05 15:54:20,233 [DEBUG] gui.logic_panel - 从LogicBuilder获取到 2 条规则
2025-05-05 15:54:20,234 [DEBUG] gui.logic_panel - 添加规则ID: 1 到已使用集合
2025-05-05 15:54:20,234 [DEBUG] gui.logic_panel - 添加规则ID: 1 到已使用集合
2025-05-05 15:54:20,234 [INFO] gui.logic_panel - 成功加载 2 条规则到已保存规则框架
2025-05-05 15:54:20,235 [INFO] core.logic_builder - 从临时文件加载规则完成
2025-05-05 15:54:20,235 [INFO] gui.main_window_tk - 开始刷新逻辑面板显示
2025-05-05 15:54:20,235 [INFO] gui.logic_panel - 开始加载规则到已保存规则框架
2025-05-05 15:54:20,235 [DEBUG] gui.logic_panel - 从LogicBuilder获取到 2 条规则
2025-05-05 15:54:20,236 [DEBUG] gui.logic_panel - 添加规则ID: 1 到已使用集合
2025-05-05 15:54:20,236 [DEBUG] gui.logic_panel - 添加规则ID: 1 到已使用集合
2025-05-05 15:54:20,236 [INFO] gui.logic_panel - 成功加载 2 条规则到已保存规则框架
2025-05-05 15:54:20,236 [INFO] gui.main_window_tk - 逻辑面板显示刷新完成
2025-05-05 15:54:26,651 [INFO] gui.main_window_tk - 成功导出 2 条规则（BOM逻辑: 1，微调逻辑: 1）
规则状态统计：启用 2，测试 0，禁用 0
2025-05-05 15:54:26,652 [INFO] core.logic_builder - 规则数据已成功清空
2025-05-05 15:54:26,652 [INFO] gui.logic_panel - 收到规则变更事件: type=cleared, rule_id=None
2025-05-05 15:54:26,653 [INFO] gui.logic_panel - 已清空所有规则，重置规则已加载标志
2025-05-05 15:54:39,172 [INFO] core.logic_builder - 开始导入规则文件: C:/Users/mengy/Desktop/1.json
2025-05-05 15:54:39,172 [INFO] core.logic_builder - 已清空现有规则
2025-05-05 15:54:39,172 [DEBUG] core.logic_builder - 成功导入规则: ID=BL01
2025-05-05 15:54:39,172 [DEBUG] core.logic_builder - 成功导入规则: ID=BL02
2025-05-05 15:54:39,173 [INFO] core.logic_builder - 已保存 2 条规则到临时文件
2025-05-05 15:54:39,173 [INFO] gui.logic_panel - 收到规则变更事件: type=imported, rule_id=None
2025-05-05 15:54:39,173 [INFO] gui.logic_panel - 规则未加载状态，等待用户确认
2025-05-05 15:54:39,173 [INFO] core.logic_builder - 规则导入完成，成功导入 2 条规则
2025-05-05 15:54:39,173 [INFO] gui.main_window_tk - 成功导入 2 条规则（BOM逻辑: 1，微调逻辑: 1）
规则状态统计：启用 2，测试 0，禁用 0
2025-05-05 15:54:39,173 [INFO] gui.logic_panel - 开始加载规则到已保存规则框架
2025-05-05 15:54:39,173 [DEBUG] gui.logic_panel - 从LogicBuilder获取到 2 条规则
2025-05-05 15:54:39,173 [DEBUG] gui.logic_panel - 添加规则ID: 1 到已使用集合
2025-05-05 15:54:39,174 [DEBUG] gui.logic_panel - 添加规则ID: 2 到已使用集合
2025-05-05 15:54:39,174 [INFO] gui.logic_panel - 成功加载 2 条规则到已保存规则框架
2025-05-05 15:55:49,917 [INFO] core.logic_builder - 已保存 2 条规则到临时文件
2025-05-05 15:55:49,917 [INFO] gui.logic_panel - 收到规则变更事件: type=modified, rule_id=BL02
2025-05-05 15:55:49,917 [INFO] gui.logic_panel - 已更新规则: BL02
