2025-04-23 13:28:40,121 [INFO] root - 程序启动，日志文件: C:\Users\mengy\Desktop\ZK_LogicBom_Builder\logs\log_20250423_132840.log
2025-04-23 13:28:40,381 [INFO] __main__ - 正在启动程序...
2025-04-23 13:28:40,382 [DEBUG] __main__ - Python版本: 3.13.2 (tags/v3.13.2:4f8bb39, Feb  4 2025, 15:23:48) [MSC v.1942 64 bit (AMD64)]
2025-04-23 13:28:40,382 [DEBUG] __main__ - 当前工作目录: C:\Users\mengy\Desktop\ZK_LogicBom_Builder
2025-04-23 13:28:40,382 [DEBUG] __main__ - src_dir路径: c:\Users\mengy\Desktop\ZK_LogicBom_Builder
2025-04-23 13:28:40,409 [INFO] __main__ - 正在创建语言选择对话框...
2025-04-23 13:28:42,253 [INFO] gui.language_dialog_tk - 已选择语言: zh
2025-04-23 13:28:42,280 [INFO] __main__ - 语言选择结果: zh
2025-04-23 13:28:42,280 [INFO] __main__ - 正在创建主题选择对话框...
2025-04-23 13:28:42,280 [DEBUG] gui.theme_dialog_tk - 创建主题选择对话框
2025-04-23 13:28:42,284 [DEBUG] gui.theme_dialog_tk - 主题选择对话框创建完成
2025-04-23 13:28:43,256 [DEBUG] gui.theme_dialog_tk - 用户选择了light主题
2025-04-23 13:28:43,283 [INFO] __main__ - 主题选择结果: light
2025-04-23 13:28:43,301 [INFO] __main__ - 正在配置主窗口...
2025-04-23 13:28:43,441 [INFO] __main__ - 开始创建MainWindow实例...
2025-04-23 13:28:43,443 [INFO] core.logic_builder - 已加载 6 条规则
2025-04-23 13:28:43,508 [INFO] __main__ - MainWindow实例创建完成
2025-04-23 13:28:43,799 [INFO] __main__ - 开始mainloop()...
2025-04-23 13:28:45,449 [INFO] core.config_processor - 找到工作表: ['TD', '0.模板&Vorlage', '1.Fahrgestell', '2.Fahrzeug allgemein', '3.Beschriftung&Kennzeichnung', '4. Anbauten&Fahrgestellarbeiten', '5. Fahrer_Mannschaftsraum', '6.Koffer', '7.Lichtmast', '8.Pumpenanlage', '9.Seilwinde&Generator', '10.Halterungen']
2025-04-23 13:28:45,449 [DEBUG] core.config_processor - 跳过工作表: TD
2025-04-23 13:28:45,450 [DEBUG] core.config_processor - 跳过工作表: 0.模板&Vorlage
2025-04-23 13:28:45,450 [INFO] core.config_processor - 处理工作表: 1.Fahrgestell -> 模块: 1.Fahrgestell
2025-04-23 13:28:45,467 [INFO] core.config_processor - 处理工作表: 2.Fahrzeug allgemein -> 模块: 2.Fahrzeug allgemein
2025-04-23 13:28:45,483 [INFO] core.config_processor - 处理工作表: 3.Beschriftung&Kennzeichnung -> 模块: 3.Beschriftung&Kennzeichnung
2025-04-23 13:28:45,499 [INFO] core.config_processor - 处理工作表: 4. Anbauten&Fahrgestellarbeiten -> 模块: 4.Anbauten&Fahrgestellarbeiten
2025-04-23 13:28:45,515 [INFO] core.config_processor - 处理工作表: 5. Fahrer_Mannschaftsraum -> 模块: 5.Fahrer_Mannschaftsraum
2025-04-23 13:28:45,535 [INFO] core.config_processor - 处理工作表: 6.Koffer -> 模块: 6.Koffer
2025-04-23 13:28:45,551 [INFO] core.config_processor - 处理工作表: 7.Lichtmast -> 模块: 7.Lichtmast
2025-04-23 13:28:45,566 [INFO] core.config_processor - 处理工作表: 8.Pumpenanlage -> 模块: 8.Pumpenanlage
2025-04-23 13:28:45,583 [INFO] core.config_processor - 处理工作表: 9.Seilwinde&Generator -> 模块: 9.Seilwinde&Generator
2025-04-23 13:28:45,600 [INFO] core.config_processor - 处理工作表: 10.Halterungen -> 模块: 10.Halterungen
2025-04-23 13:28:45,615 [INFO] gui.config_panel - 成功导入配置文件: C:/Users/mengy/Desktop/配置选项_Konfigurationsoptions.xlsm
2025-04-23 13:28:45,619 [INFO] gui.main_window_tk - 成功保存配置文件路径到app_config.json: C:/Users/mengy/Desktop/配置选项_Konfigurationsoptions.xlsm
2025-04-23 13:28:45,619 [INFO] gui.config_panel - 已保存配置文件路径到app_config.json: C:/Users/mengy/Desktop/配置选项_Konfigurationsoptions.xlsm
2025-04-23 13:28:46,900 [INFO] core.bom_processor - 开始导入BOM文件: C:/Users/mengy/Desktop/BOM映射表.xlsx
2025-04-23 13:28:46,905 [INFO] core.bom_processor - 找到工作表: ['MAX-gruppe', 'K码表', '配置', 'Sheet1']
2025-04-23 13:28:46,916 [INFO] core.bom_processor - BOM文件导入成功
2025-04-23 13:28:46,917 [INFO] gui.bom_panel - 成功导入BOM文件: C:/Users/mengy/Desktop/BOM映射表.xlsx
2025-04-23 13:28:46,918 [INFO] gui.main_window_tk - 成功保存BOM文件路径到app_config.json: C:/Users/mengy/Desktop/BOM映射表.xlsx
2025-04-23 13:28:46,918 [INFO] gui.bom_panel - 已保存BOM文件路径到app_config.json: C:/Users/mengy/Desktop/BOM映射表.xlsx
2025-04-23 13:28:51,988 [DEBUG] gui.config_panel - ConfigPanel: 双击选中项 ID: I02C
2025-04-23 13:28:51,989 [DEBUG] gui.config_panel - ConfigPanel: 选中项文本: K02_02_01 Doppelkabine
2025-04-23 13:28:51,990 [DEBUG] gui.config_panel - ConfigPanel: 提取的代码: K02_02_01
2025-04-23 13:28:51,991 [INFO] gui.config_panel - ConfigPanel: 准备插入K码: K02_02_01
2025-04-23 13:28:51,992 [DEBUG] gui.config_panel - ConfigPanel: 获取根窗口成功
2025-04-23 13:28:51,992 [DEBUG] gui.config_panel - ConfigPanel: 获取MainWindow实例成功
2025-04-23 13:28:51,993 [DEBUG] gui.config_panel - ConfigPanel: 找到逻辑面板
2025-04-23 13:28:51,994 [DEBUG] gui.logic_panel - LogicPanel: 开始插入代码: K02_02_01
2025-04-23 13:28:51,995 [INFO] gui.logic_panel - LogicPanel: 输入历史 - 类型: K_code, 内容: K02_02_01, 当前表达式: K02_02_01 
2025-04-23 13:28:51,995 [INFO] gui.config_panel - ConfigPanel: 成功发送代码到逻辑面板: K02_02_01
2025-04-23 13:28:52,933 [INFO] gui.logic_panel - LogicPanel: 输入历史 - 类型: operator, 内容: →, 当前表达式: K02_02_01  → 
2025-04-23 13:28:54,360 [DEBUG] gui.bom_panel - BomPanel: 双击选中项 ID: I004
2025-04-23 13:28:54,361 [DEBUG] gui.bom_panel - BomPanel: 选中项文本: [2] PL-GrundKabine 10019233 - Modulkabine Standard MAN Euro 6 18T
Modul cabin standard MAN Euro 6 18T
(Z-Cab NG Alpas 3 RAL 9010
Z-Cab NG Alpas 3 RAL 9010)
2025-04-23 13:28:54,363 [DEBUG] gui.bom_panel - BomPanel: 提取到占位符: PL-GrundKabine, Baugruppe: 10019233
2025-04-23 13:28:54,364 [INFO] gui.bom_panel - BomPanel: 准备插入BOM码: PL-GrundKabine-10019233
2025-04-23 13:28:54,364 [DEBUG] gui.bom_panel - BomPanel: 获取根窗口成功
2025-04-23 13:28:54,365 [DEBUG] gui.bom_panel - BomPanel: 获取MainWindow实例成功
2025-04-23 13:28:54,366 [DEBUG] gui.bom_panel - BomPanel: 找到逻辑面板
2025-04-23 13:28:54,367 [DEBUG] gui.logic_panel - LogicPanel: 开始插入代码: PL-GrundKabine-10019233
2025-04-23 13:28:54,368 [DEBUG] gui.logic_panel - 验证BOM码: PL-GrundKabine-10019233
2025-04-23 13:28:54,369 [INFO] gui.logic_panel - LogicPanel: 输入历史 - 类型: BOM_code, 内容: PL-GrundKabine-10019233, 当前表达式: K02_02_01  → PL-GrundKabine-10019233 
2025-04-23 13:28:54,370 [INFO] gui.bom_panel - BomPanel: 成功发送代码到逻辑面板: PL-GrundKabine-10019233
2025-04-23 13:29:01,553 [ERROR] gui.logic_rule_editor - 保存规则时出错: type object 'ExpressionValidator' has no attribute 'validate_static_expression'
Traceback (most recent call last):
  File "c:\Users\mengy\Desktop\ZK_LogicBom_Builder\gui\logic_rule_editor.py", line 231, in _on_confirm
    valid, message = self.logic_builder._validate_static_expression(condition)
                     ~~~~~~~~~~~~~~~~~~~~~~~~~~~~~~~~~~~~~~~~~~~~~~^^^^^^^^^^^
  File "c:\Users\mengy\Desktop\ZK_LogicBom_Builder\core\logic_builder.py", line 352, in _validate_static_expression
    return ExpressionValidator.validate_static_expression(expr, self.config_processor, is_relation_right_side)
           ^^^^^^^^^^^^^^^^^^^^^^^^^^^^^^^^^^^^^^^^^^^^^^
AttributeError: type object 'ExpressionValidator' has no attribute 'validate_static_expression'. Did you mean: 'validate_bool_expression'?
2025-04-23 13:29:16,375 [ERROR] gui.logic_rule_editor - 保存规则时出错: type object 'ExpressionValidator' has no attribute 'validate_static_expression'
Traceback (most recent call last):
  File "c:\Users\mengy\Desktop\ZK_LogicBom_Builder\gui\logic_rule_editor.py", line 231, in _on_confirm
    valid, message = self.logic_builder._validate_static_expression(condition)
                     ~~~~~~~~~~~~~~~~~~~~~~~~~~~~~~~~~~~~~~~~~~~~~~^^^^^^^^^^^
  File "c:\Users\mengy\Desktop\ZK_LogicBom_Builder\core\logic_builder.py", line 352, in _validate_static_expression
    return ExpressionValidator.validate_static_expression(expr, self.config_processor, is_relation_right_side)
           ^^^^^^^^^^^^^^^^^^^^^^^^^^^^^^^^^^^^^^^^^^^^^^
AttributeError: type object 'ExpressionValidator' has no attribute 'validate_static_expression'. Did you mean: 'validate_bool_expression'?
2025-04-23 13:30:04,959 [ERROR] gui.logic_rule_editor - 保存规则时出错: type object 'ExpressionValidator' has no attribute 'validate_static_expression'
Traceback (most recent call last):
  File "c:\Users\mengy\Desktop\ZK_LogicBom_Builder\gui\logic_rule_editor.py", line 231, in _on_confirm
    valid, message = self.logic_builder._validate_static_expression(condition)
                     ~~~~~~~~~~~~~~~~~~~~~~~~~~~~~~~~~~~~~~~~~~~~~~^^^^^^^^^^^
  File "c:\Users\mengy\Desktop\ZK_LogicBom_Builder\core\logic_builder.py", line 352, in _validate_static_expression
    return ExpressionValidator.validate_static_expression(expr, self.config_processor, is_relation_right_side)
           ^^^^^^^^^^^^^^^^^^^^^^^^^^^^^^^^^^^^^^^^^^^^^^
AttributeError: type object 'ExpressionValidator' has no attribute 'validate_static_expression'. Did you mean: 'validate_bool_expression'?
2025-04-23 13:32:52,552 [INFO] gui.language_dialog_tk - 已选择语言: de
2025-04-23 13:32:52,600 [CRITICAL] __main__ - 未捕获的异常: 'super' object has no attribute 'refresh_texts'
Traceback (most recent call last):
  File "D:\Python\Lib\tkinter\__init__.py", line 2068, in __call__
    return self.func(*args)
           ~~~~~~~~~^^^^^^^
  File "c:\Users\mengy\Desktop\ZK_LogicBom_Builder\gui\main_window_tk.py", line 342, in _show_language_dialog
    self.refresh_all_texts()
    ~~~~~~~~~~~~~~~~~~~~~~^^
  File "c:\Users\mengy\Desktop\ZK_LogicBom_Builder\gui\main_window_tk.py", line 432, in refresh_all_texts
    self.logic_panel.refresh_texts()
    ~~~~~~~~~~~~~~~~~~~~~~~~~~~~~~^^
  File "c:\Users\mengy\Desktop\ZK_LogicBom_Builder\gui\logic_panel.py", line 921, in refresh_texts
    super().refresh_texts()
    ^^^^^^^^^^^^^^^^^^^^^
AttributeError: 'super' object has no attribute 'refresh_texts'
2025-04-23 13:32:52,617 [CRITICAL] __main__ - 详细错误栈:
['Traceback (most recent call last):\n', '  File "D:\\Python\\Lib\\tkinter\\__init__.py", line 2068, in __call__\n    return self.func(*args)\n           ~~~~~~~~~^^^^^^^\n', '  File "c:\\Users\\mengy\\Desktop\\ZK_LogicBom_Builder\\gui\\main_window_tk.py", line 342, in _show_language_dialog\n    self.refresh_all_texts()\n    ~~~~~~~~~~~~~~~~~~~~~~^^\n', '  File "c:\\Users\\mengy\\Desktop\\ZK_LogicBom_Builder\\gui\\main_window_tk.py", line 432, in refresh_all_texts\n    self.logic_panel.refresh_texts()\n    ~~~~~~~~~~~~~~~~~~~~~~~~~~~~~~^^\n', '  File "c:\\Users\\mengy\\Desktop\\ZK_LogicBom_Builder\\gui\\logic_panel.py", line 921, in refresh_texts\n    super().refresh_texts()\n    ^^^^^^^^^^^^^^^^^^^^^\n', "AttributeError: 'super' object has no attribute 'refresh_texts'\n"]
Traceback (most recent call last):
  File "D:\Python\Lib\tkinter\__init__.py", line 2068, in __call__
    return self.func(*args)
           ~~~~~~~~~^^^^^^^
  File "c:\Users\mengy\Desktop\ZK_LogicBom_Builder\gui\main_window_tk.py", line 342, in _show_language_dialog
    self.refresh_all_texts()
    ~~~~~~~~~~~~~~~~~~~~~~^^
  File "c:\Users\mengy\Desktop\ZK_LogicBom_Builder\gui\main_window_tk.py", line 432, in refresh_all_texts
    self.logic_panel.refresh_texts()
    ~~~~~~~~~~~~~~~~~~~~~~~~~~~~~~^^
  File "c:\Users\mengy\Desktop\ZK_LogicBom_Builder\gui\logic_panel.py", line 921, in refresh_texts
    super().refresh_texts()
    ^^^^^^^^^^^^^^^^^^^^^
AttributeError: 'super' object has no attribute 'refresh_texts'
2025-04-23 13:33:28,589 [INFO] gui.language_dialog_tk - 已选择语言: zh
2025-04-23 13:33:28,638 [CRITICAL] __main__ - 未捕获的异常: 'super' object has no attribute 'refresh_texts'
Traceback (most recent call last):
  File "D:\Python\Lib\tkinter\__init__.py", line 2068, in __call__
    return self.func(*args)
           ~~~~~~~~~^^^^^^^
  File "c:\Users\mengy\Desktop\ZK_LogicBom_Builder\gui\main_window_tk.py", line 342, in _show_language_dialog
    self.refresh_all_texts()
    ~~~~~~~~~~~~~~~~~~~~~~^^
  File "c:\Users\mengy\Desktop\ZK_LogicBom_Builder\gui\main_window_tk.py", line 432, in refresh_all_texts
    self.logic_panel.refresh_texts()
    ~~~~~~~~~~~~~~~~~~~~~~~~~~~~~~^^
  File "c:\Users\mengy\Desktop\ZK_LogicBom_Builder\gui\logic_panel.py", line 921, in refresh_texts
    super().refresh_texts()
    ^^^^^^^^^^^^^^^^^^^^^
AttributeError: 'super' object has no attribute 'refresh_texts'
2025-04-23 13:33:28,640 [CRITICAL] __main__ - 详细错误栈:
['Traceback (most recent call last):\n', '  File "D:\\Python\\Lib\\tkinter\\__init__.py", line 2068, in __call__\n    return self.func(*args)\n           ~~~~~~~~~^^^^^^^\n', '  File "c:\\Users\\mengy\\Desktop\\ZK_LogicBom_Builder\\gui\\main_window_tk.py", line 342, in _show_language_dialog\n    self.refresh_all_texts()\n    ~~~~~~~~~~~~~~~~~~~~~~^^\n', '  File "c:\\Users\\mengy\\Desktop\\ZK_LogicBom_Builder\\gui\\main_window_tk.py", line 432, in refresh_all_texts\n    self.logic_panel.refresh_texts()\n    ~~~~~~~~~~~~~~~~~~~~~~~~~~~~~~^^\n', '  File "c:\\Users\\mengy\\Desktop\\ZK_LogicBom_Builder\\gui\\logic_panel.py", line 921, in refresh_texts\n    super().refresh_texts()\n    ^^^^^^^^^^^^^^^^^^^^^\n', "AttributeError: 'super' object has no attribute 'refresh_texts'\n"]
Traceback (most recent call last):
  File "D:\Python\Lib\tkinter\__init__.py", line 2068, in __call__
    return self.func(*args)
           ~~~~~~~~~^^^^^^^
  File "c:\Users\mengy\Desktop\ZK_LogicBom_Builder\gui\main_window_tk.py", line 342, in _show_language_dialog
    self.refresh_all_texts()
    ~~~~~~~~~~~~~~~~~~~~~~^^
  File "c:\Users\mengy\Desktop\ZK_LogicBom_Builder\gui\main_window_tk.py", line 432, in refresh_all_texts
    self.logic_panel.refresh_texts()
    ~~~~~~~~~~~~~~~~~~~~~~~~~~~~~~^^
  File "c:\Users\mengy\Desktop\ZK_LogicBom_Builder\gui\logic_panel.py", line 921, in refresh_texts
    super().refresh_texts()
    ^^^^^^^^^^^^^^^^^^^^^
AttributeError: 'super' object has no attribute 'refresh_texts'
2025-04-23 13:35:59,233 [ERROR] gui.logic_rule_editor - 保存规则时出错: type object 'ExpressionValidator' has no attribute 'validate_static_expression'
Traceback (most recent call last):
  File "c:\Users\mengy\Desktop\ZK_LogicBom_Builder\gui\logic_rule_editor.py", line 231, in _on_confirm
    if not valid:
    
  File "c:\Users\mengy\Desktop\ZK_LogicBom_Builder\core\logic_builder.py", line 352, in _validate_static_expression
    return ExpressionValidator.validate_static_expression(expr, self.config_processor, is_relation_right_side)
           ^^^^^^^^^^^^^^^^^^^^^^^^^^^^^^^^^^^^^^^^^^^^^^
AttributeError: type object 'ExpressionValidator' has no attribute 'validate_static_expression'. Did you mean: 'validate_bool_expression'?
